2022-04-01 05:53:29,816 - PID 21294 started loading and processing
2022-04-01 05:53:29,822 - Pika version 1.2.0 connecting to ('::1', 5672, 0, 0)
2022-04-01 05:53:29,822 - Socket failed to connect: <socket.socket fd=22, family=AddressFamily.AF_INET6, type=SocketKind.SOCK_STREAM, proto=6, laddr=('::1', 61548, 0, 0)>; error=61 (Connection refused)
2022-04-01 05:53:29,823 - TCP Connection attempt failed: ConnectionRefusedError(61, 'Connection refused'); dest=(<AddressFamily.AF_INET6: 30>, <SocketKind.SOCK_STREAM: 1>, 6, '', ('::1', 5672, 0, 0))
2022-04-01 05:53:29,823 - AMQPConnector - reporting failure: AMQPConnectorSocketConnectError: ConnectionRefusedError(61, 'Connection refused')
2022-04-01 05:53:29,823 - Pika version 1.2.0 connecting to ('127.0.0.1', 5672)
2022-04-01 05:53:29,823 - Socket connected: <socket.socket fd=22, family=AddressFamily.AF_INET, type=SocketKind.SOCK_STREAM, proto=6, laddr=('127.0.0.1', 61549), raddr=('127.0.0.1', 5672)>
2022-04-01 05:53:29,824 - Streaming transport linked up: (<pika.adapters.utils.io_services_utils._AsyncPlaintextTransport object at 0x11e096280>, _StreamingProtocolShim: <SelectConnection PROTOCOL transport=<pika.adapters.utils.io_services_utils._AsyncPlaintextTransport object at 0x11e096280> params=<ConnectionParameters host=localhost port=5672 virtual_host=/ ssl=False>>).
2022-04-01 05:53:29,828 - AMQPConnector - reporting success: <SelectConnection OPEN transport=<pika.adapters.utils.io_services_utils._AsyncPlaintextTransport object at 0x11e096280> params=<ConnectionParameters host=localhost port=5672 virtual_host=/ ssl=False>>
2022-04-01 05:53:29,828 - AMQPConnectionWorkflow - reporting success: <SelectConnection OPEN transport=<pika.adapters.utils.io_services_utils._AsyncPlaintextTransport object at 0x11e096280> params=<ConnectionParameters host=localhost port=5672 virtual_host=/ ssl=False>>
2022-04-01 05:53:29,829 - Connection workflow succeeded: <SelectConnection OPEN transport=<pika.adapters.utils.io_services_utils._AsyncPlaintextTransport object at 0x11e096280> params=<ConnectionParameters host=localhost port=5672 virtual_host=/ ssl=False>>
2022-04-01 05:53:29,829 - Created channel=1
2022-04-01 05:53:29,831 - Logging before start consuming
2022-04-01 05:53:32,469 - processing started: 1_000 
2022-04-01 05:53:32,656 - processing completed: 1_000
2022-04-01 05:53:32,677 - processing started: 3_001 
2022-04-01 05:53:32,888 - processing completed: 3_001
2022-04-01 05:53:32,894 - processing started: 5_002 
2022-04-01 05:53:33,142 - processing completed: 5_002
2022-04-01 05:53:33,148 - processing started: 7_003 
2022-04-01 05:53:33,331 - processing completed: 7_003
2022-04-01 05:53:33,338 - processing started: 9_003 
2022-04-01 05:53:33,586 - processing completed: 9_003
2022-04-01 05:53:33,593 - processing started: 11_004 
2022-04-01 05:53:33,648 - processing completed: 11_004
2022-04-01 05:53:33,651 - processing started: 13_005 
2022-04-01 05:53:33,904 - processing completed: 13_005
2022-04-01 05:53:33,911 - processing started: 15_005 
2022-04-01 05:53:34,095 - processing completed: 15_005
2022-04-01 05:53:34,102 - processing started: 17_006 
2022-04-01 05:53:34,263 - processing completed: 17_006
2022-04-01 05:53:34,267 - processing started: 19_007 
2022-04-01 05:53:34,450 - processing completed: 19_007
2022-04-01 05:53:34,457 - processing started: 21_008 
2022-04-01 05:53:34,719 - processing completed: 21_008
2022-04-01 05:53:34,727 - processing started: 23_009 
2022-04-01 05:53:34,920 - processing completed: 23_009
2022-04-01 05:53:34,927 - processing started: 25_010 
2022-04-01 05:53:35,222 - processing completed: 25_010
2022-04-01 05:53:35,229 - processing started: 27_011 
2022-04-01 05:53:35,432 - processing completed: 27_011
2022-04-01 05:53:35,439 - processing started: 29_012 
2022-04-01 05:53:35,606 - processing completed: 29_012
2022-04-01 05:53:35,610 - processing started: 31_013 
2022-04-01 05:53:35,765 - processing completed: 31_013
2022-04-01 05:53:35,770 - processing started: 33_014 
2022-04-01 05:53:35,975 - processing completed: 33_014
2022-04-01 05:53:35,980 - processing started: 35_014 
2022-04-01 05:53:36,189 - processing completed: 35_014
2022-04-01 05:53:36,194 - processing started: 37_014 
2022-04-01 05:53:36,299 - processing completed: 37_014
2022-04-01 05:53:36,303 - processing started: 39_015 
2022-04-01 05:53:36,505 - processing completed: 39_015
2022-04-01 05:53:36,510 - processing started: 41_015 
2022-04-01 05:53:36,624 - processing completed: 41_015
2022-04-01 05:53:36,628 - processing started: 43_016 
2022-04-01 05:53:36,821 - processing completed: 43_016
2022-04-01 05:53:36,825 - processing started: 45_017 
2022-04-01 05:53:36,965 - processing completed: 45_017
2022-04-01 05:53:36,970 - processing started: 47_017 
2022-04-01 05:53:37,183 - processing completed: 47_017
2022-04-01 05:53:37,188 - processing started: 49_018 
2022-04-01 05:53:37,324 - processing completed: 49_018
2022-04-01 05:53:37,329 - processing started: 51_019 
2022-04-01 05:53:37,560 - processing completed: 51_019
2022-04-01 05:53:37,565 - processing started: 53_020 
2022-04-01 05:53:37,719 - processing completed: 53_020
2022-04-01 05:53:37,725 - processing started: 55_021 
2022-04-01 05:53:37,980 - processing completed: 55_021
2022-04-01 05:53:37,985 - processing started: 57_022 
2022-04-01 05:53:38,132 - processing completed: 57_022
2022-04-01 05:53:38,137 - processing started: 59_023 
2022-04-01 05:53:38,363 - processing completed: 59_023
2022-04-01 05:53:38,367 - processing started: 61_023 
2022-04-01 05:53:38,489 - processing completed: 61_023
2022-04-01 05:53:38,493 - processing started: 63_024 
2022-04-01 05:53:38,695 - processing completed: 63_024
2022-04-01 05:53:38,700 - processing started: 65_024 
2022-04-01 05:53:38,901 - processing completed: 65_024
2022-04-01 05:53:38,904 - processing started: 67_025 
2022-04-01 05:53:39,032 - processing completed: 67_025
2022-04-01 05:53:39,036 - processing started: 69_026 
2022-04-01 05:53:39,241 - processing completed: 69_026
2022-04-01 05:53:39,246 - processing started: 71_027 
2022-04-01 05:53:39,367 - processing completed: 71_027
2022-04-01 05:53:39,371 - processing started: 73_028 
2022-04-01 05:53:39,555 - processing completed: 73_028
2022-04-01 05:53:39,559 - processing started: 75_029 
2022-04-01 05:53:39,691 - processing completed: 75_029
2022-04-01 05:53:39,697 - processing started: 77_030 
2022-04-01 05:53:39,926 - processing completed: 77_030
2022-04-01 05:53:39,930 - processing started: 79_030 
2022-04-01 05:53:40,054 - processing completed: 79_030
2022-04-01 05:53:40,059 - processing started: 81_031 
2022-04-01 05:53:40,261 - processing completed: 81_031
2022-04-01 05:53:40,265 - processing started: 83_032 
2022-04-01 05:53:40,443 - processing completed: 83_032
2022-04-01 05:53:40,450 - processing started: 85_032 
2022-04-01 05:53:40,709 - processing completed: 85_032
2022-04-01 05:53:40,716 - processing started: 87_032 
2022-04-01 05:53:40,924 - processing completed: 87_032
2022-04-01 05:53:40,932 - processing started: 89_033 
2022-04-01 05:53:41,122 - processing completed: 89_033
2022-04-01 05:53:41,126 - processing started: 91_033 
2022-04-01 05:53:41,249 - processing completed: 91_033
2022-04-01 05:53:41,253 - processing started: 93_034 
2022-04-01 05:53:41,448 - processing completed: 93_034
2022-04-01 05:53:41,454 - processing started: 95_035 
2022-04-01 05:53:41,663 - processing completed: 95_035
2022-04-01 05:53:41,668 - processing started: 97_035 
2022-04-01 05:53:41,794 - processing completed: 97_035
2022-04-01 05:53:41,798 - processing started: 99_036 
2022-04-01 05:53:42,007 - processing completed: 99_036
2022-04-01 05:53:42,013 - processing started: 101_037 
2022-04-01 05:53:42,135 - processing completed: 101_037
2022-04-01 05:53:42,141 - processing started: 103_037 
2022-04-01 05:53:42,332 - processing completed: 103_037
2022-04-01 05:53:42,336 - processing started: 105_038 
2022-04-01 05:53:42,456 - processing completed: 105_038
2022-04-01 05:53:42,461 - processing started: 107_039 
2022-04-01 05:53:42,653 - processing completed: 107_039
2022-04-01 05:53:42,657 - processing started: 109_040 
2022-04-01 05:53:42,777 - processing completed: 109_040
2022-04-01 05:53:42,781 - processing started: 111_040 
2022-04-01 05:53:42,963 - processing completed: 111_040
2022-04-01 05:53:42,967 - processing started: 113_040 
2022-04-01 05:53:43,099 - processing completed: 113_040
2022-04-01 05:53:43,104 - processing started: 115_040 
2022-04-01 05:53:43,288 - processing completed: 115_040
2022-04-01 05:53:43,293 - processing started: 117_041 
2022-04-01 05:53:43,413 - processing completed: 117_041
2022-04-01 05:53:43,418 - processing started: 119_042 
2022-04-01 05:53:43,619 - processing completed: 119_042
2022-04-01 05:53:43,623 - processing started: 121_042 
2022-04-01 05:53:43,743 - processing completed: 121_042
2022-04-01 05:53:43,748 - processing started: 123_043 
2022-04-01 05:53:43,942 - processing completed: 123_043
2022-04-01 05:53:43,948 - processing started: 125_044 
2022-04-01 05:53:44,146 - processing completed: 125_044
2022-04-01 05:53:44,151 - processing started: 127_045 
2022-04-01 05:53:44,269 - processing completed: 127_045
2022-04-01 05:53:44,273 - processing started: 129_045 
2022-04-01 05:53:44,453 - processing completed: 129_045
2022-04-01 05:53:44,457 - processing started: 131_046 
2022-04-01 05:53:44,566 - processing completed: 131_046
2022-04-01 05:53:44,571 - processing started: 133_047 
2022-04-01 05:53:44,752 - processing completed: 133_047
2022-04-01 05:53:44,757 - processing started: 135_048 
2022-04-01 05:53:44,874 - processing completed: 135_048
2022-04-01 05:53:44,879 - processing started: 137_049 
2022-04-01 05:53:45,068 - processing completed: 137_049
2022-04-01 05:53:45,073 - processing started: 139_049 
2022-04-01 05:53:45,210 - processing completed: 139_049
2022-04-01 05:53:45,215 - processing started: 141_050 
2022-04-01 05:53:45,409 - processing completed: 141_050
2022-04-01 05:53:45,414 - processing started: 143_051 
2022-04-01 05:53:45,563 - processing completed: 143_051
2022-04-01 05:53:45,567 - processing started: 145_051 
2022-04-01 05:53:45,770 - processing completed: 145_051
2022-04-01 05:53:45,776 - processing started: 147_051 
2022-04-01 05:53:45,897 - processing completed: 147_051
2022-04-01 05:53:45,902 - processing started: 149_052 
2022-04-01 05:53:46,086 - processing completed: 149_052
2022-04-01 05:53:46,091 - processing started: 151_053 
2022-04-01 05:53:46,226 - processing completed: 151_053
2022-04-01 05:53:46,230 - processing started: 153_054 
2022-04-01 05:53:46,411 - processing completed: 153_054
2022-04-01 05:53:46,415 - processing started: 155_055 
2022-04-01 05:53:46,605 - processing completed: 155_055
2022-04-01 05:53:46,609 - processing started: 157_056 
2022-04-01 05:53:46,734 - processing completed: 157_056
2022-04-01 05:53:46,739 - processing started: 159_057 
2022-04-01 05:53:46,922 - processing completed: 159_057
2022-04-01 05:53:46,926 - processing started: 161_058 
2022-04-01 05:53:47,108 - processing completed: 161_058
2022-04-01 05:53:47,113 - processing started: 163_059 
2022-04-01 05:53:47,305 - processing completed: 163_059
2022-04-01 05:53:47,309 - processing started: 165_060 
2022-04-01 05:53:47,468 - processing completed: 165_060
2022-04-01 05:53:47,473 - processing started: 167_060 
2022-04-01 05:53:47,665 - processing completed: 167_060
2022-04-01 05:53:47,669 - processing started: 169_061 
2022-04-01 05:53:47,787 - processing completed: 169_061
2022-04-01 05:53:47,791 - processing started: 171_062 
2022-04-01 05:53:47,984 - processing completed: 171_062
2022-04-01 05:53:47,990 - processing started: 173_063 
2022-04-01 05:53:48,220 - processing completed: 173_063
2022-04-01 05:53:48,228 - processing started: 175_064 
2022-04-01 05:53:48,517 - processing completed: 175_064
2022-04-01 05:53:48,525 - processing started: 177_064 
2022-04-01 05:53:48,794 - processing completed: 177_064
2022-04-01 05:53:48,804 - processing started: 179_065 
2022-04-01 05:53:49,098 - processing completed: 179_065
2022-04-01 05:53:49,105 - processing started: 181_066 
2022-04-01 05:53:49,391 - processing completed: 181_066
2022-04-01 05:53:49,399 - processing started: 183_066 
2022-04-01 05:53:49,628 - processing completed: 183_066
2022-04-01 05:53:49,634 - processing started: 185_066 
2022-04-01 05:53:49,904 - processing completed: 185_066
2022-04-01 05:53:49,911 - processing started: 187_066 
2022-04-01 05:53:50,062 - processing completed: 187_066
2022-04-01 05:53:50,068 - processing started: 189_067 
2022-04-01 05:53:50,317 - processing completed: 189_067
2022-04-01 05:53:50,323 - processing started: 191_067 
2022-04-01 05:53:50,513 - processing completed: 191_067
2022-04-01 05:53:50,518 - processing started: 193_068 
2022-04-01 05:53:50,724 - processing completed: 193_068
2022-04-01 05:53:50,729 - processing started: 195_069 
2022-04-01 05:53:50,859 - processing completed: 195_069
2022-04-01 05:53:50,865 - processing started: 197_069 
2022-04-01 05:53:51,055 - processing completed: 197_069
2022-04-01 05:53:51,060 - processing started: 199_070 
2022-04-01 05:53:51,245 - processing completed: 199_070
2022-04-01 05:53:51,251 - processing started: 201_071 
2022-04-01 05:53:51,510 - processing completed: 201_071
2022-04-01 05:53:51,517 - processing started: 203_072 
2022-04-01 05:53:51,717 - processing completed: 203_072
2022-04-01 05:53:51,724 - processing started: 205_072 
2022-04-01 05:53:51,988 - processing completed: 205_072
2022-04-01 05:53:51,994 - processing started: 207_073 
2022-04-01 05:53:52,198 - processing completed: 207_073
2022-04-01 05:53:52,205 - processing started: 209_074 
2022-04-01 05:53:52,465 - processing completed: 209_074
2022-04-01 05:53:52,472 - processing started: 211_075 
2022-04-01 05:53:52,757 - processing completed: 211_075
2022-04-01 05:53:52,763 - processing started: 213_076 
2022-04-01 05:53:52,954 - processing completed: 213_076
2022-04-01 05:53:52,960 - processing started: 215_077 
2022-04-01 05:53:53,158 - processing completed: 215_077
2022-04-01 05:53:53,164 - processing started: 217_077 
2022-04-01 05:53:53,351 - processing completed: 217_077
2022-04-01 05:53:53,358 - processing started: 219_078 
2022-04-01 05:53:53,599 - processing completed: 219_078
2022-04-01 05:53:53,606 - processing started: 221_079 
2022-04-01 05:53:53,801 - processing completed: 221_079
2022-04-01 05:53:53,807 - processing started: 223_080 
2022-04-01 05:53:53,964 - processing completed: 223_080
2022-04-01 05:53:53,968 - processing started: 225_081 
2022-04-01 05:53:54,089 - processing completed: 225_081
2022-04-01 05:53:54,094 - processing started: 227_081 
2022-04-01 05:53:54,281 - processing completed: 227_081
2022-04-01 05:53:54,287 - processing started: 229_081 
2022-04-01 05:53:54,413 - processing completed: 229_081
2022-04-01 05:53:54,419 - processing started: 231_081 
2022-04-01 05:53:54,634 - processing completed: 231_081
2022-04-01 05:53:54,640 - processing started: 233_082 
2022-04-01 05:53:54,788 - processing completed: 233_082
2022-04-01 05:53:54,794 - processing started: 235_082 
2022-04-01 05:53:54,983 - processing completed: 235_082
2022-04-01 05:53:54,987 - processing started: 237_083 
2022-04-01 05:53:55,116 - processing completed: 237_083
2022-04-01 05:53:55,120 - processing started: 239_084 
2022-04-01 05:53:55,305 - processing completed: 239_084
2022-04-01 05:53:55,312 - processing started: 241_085 
2022-04-01 05:53:55,506 - processing completed: 241_085
2022-04-01 05:53:55,512 - processing started: 243_086 
2022-04-01 05:53:55,667 - processing completed: 243_086
2022-04-01 05:53:55,672 - processing started: 245_087 
2022-04-01 05:53:55,880 - processing completed: 245_087
2022-04-01 05:53:55,885 - processing started: 247_088 
2022-04-01 05:53:56,009 - processing completed: 247_088
2022-04-01 05:53:56,015 - processing started: 249_089 
2022-04-01 05:53:56,162 - processing completed: 249_089
2022-04-01 05:53:56,167 - processing started: 251_089 
2022-04-01 05:53:56,246 - processing completed: 251_089
2022-04-01 05:53:56,251 - processing started: 253_090 
2022-04-01 05:53:56,397 - processing completed: 253_090
2022-04-01 05:53:56,401 - processing started: 255_091 
2022-04-01 05:53:56,486 - processing completed: 255_091
2022-04-01 05:53:56,492 - processing started: 257_092 
2022-04-01 05:53:56,650 - processing completed: 257_092
2022-04-01 05:53:56,655 - processing started: 259_093 
2022-04-01 05:53:56,761 - processing completed: 259_093
2022-04-01 05:53:56,766 - processing started: 261_094 
2022-04-01 05:53:56,965 - processing completed: 261_094
2022-04-01 05:53:56,971 - processing started: 263_095 
2022-04-01 05:53:57,082 - processing completed: 263_095
2022-04-01 05:53:57,088 - processing started: 265_096 
2022-04-01 05:53:57,287 - processing completed: 265_096
2022-04-01 05:53:57,294 - processing started: 267_097 
2022-04-01 05:53:57,408 - processing completed: 267_097
2022-04-01 05:53:57,413 - processing started: 269_098 
2022-04-01 05:53:57,602 - processing completed: 269_098
2022-04-01 05:53:57,607 - processing started: 271_098 
2022-04-01 05:53:57,791 - processing completed: 271_098
2022-04-01 05:53:57,796 - processing started: 273_099 
2022-04-01 05:53:57,902 - processing completed: 273_099
2022-04-01 05:53:57,908 - processing started: 275_100 
2022-04-01 05:53:58,120 - processing completed: 275_100
2022-04-01 05:53:58,125 - processing started: 277_101 
2022-04-01 05:53:58,222 - processing completed: 277_101
2022-04-01 05:53:58,226 - processing started: 279_102 
2022-04-01 05:53:58,397 - processing completed: 279_102
2022-04-01 05:53:58,401 - processing started: 281_103 
2022-04-01 05:53:58,495 - processing completed: 281_103
2022-04-01 05:53:58,498 - processing started: 283_104 
2022-04-01 05:53:58,665 - processing completed: 283_104
2022-04-01 05:53:58,669 - processing started: 285_105 
2022-04-01 05:53:58,766 - processing completed: 285_105
2022-04-01 05:53:58,771 - processing started: 287_106 
2022-04-01 05:53:58,979 - processing completed: 287_106
2022-04-01 05:53:58,985 - processing started: 289_107 
2022-04-01 05:53:59,097 - processing completed: 289_107
2022-04-01 05:53:59,104 - processing started: 291_107 
2022-04-01 05:53:59,287 - processing completed: 291_107
2022-04-01 05:53:59,291 - processing started: 293_108 
2022-04-01 05:53:59,388 - processing completed: 293_108
2022-04-01 05:53:59,392 - processing started: 295_109 
2022-04-01 05:53:59,545 - processing completed: 295_109
2022-04-01 05:53:59,551 - processing started: 297_110 
2022-04-01 05:53:59,648 - processing completed: 297_110
2022-04-01 05:53:59,654 - processing started: 299_110 
2022-04-01 05:53:59,819 - processing completed: 299_110
2022-04-01 05:53:59,823 - processing started: 301_111 
2022-04-01 05:53:59,994 - processing completed: 301_111
2022-04-01 05:54:00,001 - processing started: 303_112 
2022-04-01 05:54:00,100 - processing completed: 303_112
2022-04-01 05:54:00,105 - processing started: 305_113 
2022-04-01 05:54:00,273 - processing completed: 305_113
2022-04-01 05:54:00,278 - processing started: 307_114 
2022-04-01 05:54:00,422 - processing completed: 307_114
2022-04-01 05:54:00,428 - processing started: 309_115 
2022-04-01 05:54:00,638 - processing completed: 309_115
2022-04-01 05:54:00,644 - processing started: 311_116 
2022-04-01 05:54:00,808 - processing completed: 311_116
2022-04-01 05:54:00,817 - processing started: 313_117 
2022-04-01 05:54:01,089 - processing completed: 313_117
2022-04-01 05:54:01,097 - processing started: 315_117 
2022-04-01 05:54:01,242 - processing completed: 315_117
2022-04-01 05:54:01,248 - processing started: 317_118 
2022-04-01 05:54:01,452 - processing completed: 317_118
2022-04-01 05:54:01,459 - processing started: 319_119 
2022-04-01 05:54:01,595 - processing completed: 319_119
2022-04-01 05:54:01,601 - processing started: 321_120 
2022-04-01 05:54:01,777 - processing completed: 321_120
2022-04-01 05:54:01,782 - processing started: 323_120 
2022-04-01 05:54:01,888 - processing completed: 323_120
2022-04-01 05:54:01,893 - processing started: 325_121 
2022-04-01 05:54:02,108 - processing completed: 325_121
2022-04-01 05:54:02,113 - processing started: 327_122 
2022-04-01 05:54:02,274 - processing completed: 327_122
2022-04-01 05:54:02,279 - processing started: 329_123 
2022-04-01 05:54:02,479 - processing completed: 329_123
2022-04-01 05:54:02,485 - processing started: 331_124 
2022-04-01 05:54:02,723 - processing completed: 331_124
2022-04-01 05:54:02,730 - processing started: 333_124 
2022-04-01 05:54:02,871 - processing completed: 333_124
2022-04-01 05:54:02,877 - processing started: 335_124 
2022-04-01 05:54:03,078 - processing completed: 335_124
2022-04-01 05:54:03,085 - processing started: 337_124 
2022-04-01 05:54:03,229 - processing completed: 337_124
2022-04-01 05:54:03,234 - processing started: 339_124 
2022-04-01 05:54:03,451 - processing completed: 339_124
2022-04-01 05:54:03,456 - processing started: 341_125 
2022-04-01 05:54:03,585 - processing completed: 341_125
2022-04-01 05:54:03,591 - processing started: 343_126 
2022-04-01 05:54:03,786 - processing completed: 343_126
2022-04-01 05:54:03,792 - processing started: 345_127 
2022-04-01 05:54:03,923 - processing completed: 345_127
2022-04-01 05:54:03,930 - processing started: 347_128 
2022-04-01 05:54:04,136 - processing completed: 347_128
2022-04-01 05:54:04,141 - processing started: 349_129 
2022-04-01 05:54:04,274 - processing completed: 349_129
2022-04-01 05:54:04,278 - processing started: 351_129 
2022-04-01 05:54:04,482 - processing completed: 351_129
2022-04-01 05:54:04,487 - processing started: 353_130 
2022-04-01 05:54:04,625 - processing completed: 353_130
2022-04-01 05:54:04,631 - processing started: 355_131 
2022-04-01 05:54:04,851 - processing completed: 355_131
2022-04-01 05:54:04,857 - processing started: 357_132 
2022-04-01 05:54:05,005 - processing completed: 357_132
2022-04-01 05:54:05,011 - processing started: 359_133 
2022-04-01 05:54:05,215 - processing completed: 359_133
2022-04-01 05:54:05,221 - processing started: 361_134 
2022-04-01 05:54:05,446 - processing completed: 361_134
2022-04-01 05:54:05,452 - processing started: 363_134 
2022-04-01 05:54:05,586 - processing completed: 363_134
2022-04-01 05:54:05,591 - processing started: 365_135 
2022-04-01 05:54:05,792 - processing completed: 365_135
2022-04-01 05:54:05,799 - processing started: 367_135 
2022-04-01 05:54:05,936 - processing completed: 367_135
2022-04-01 05:54:05,942 - processing started: 369_136 
2022-04-01 05:54:06,141 - processing completed: 369_136
2022-04-01 05:54:06,146 - processing started: 371_137 
2022-04-01 05:54:06,277 - processing completed: 371_137
2022-04-01 05:54:06,281 - processing started: 373_138 
2022-04-01 05:54:06,478 - processing completed: 373_138
2022-04-01 05:54:06,483 - processing started: 375_139 
2022-04-01 05:54:06,616 - processing completed: 375_139
2022-04-01 05:54:06,621 - processing started: 377_140 
2022-04-01 05:54:06,823 - processing completed: 377_140
2022-04-01 05:54:06,827 - processing started: 379_141 
2022-04-01 05:54:06,980 - processing completed: 379_141
2022-04-01 05:54:06,985 - processing started: 381_142 
2022-04-01 05:54:07,190 - processing completed: 381_142
2022-04-01 05:54:07,194 - processing started: 383_143 
2022-04-01 05:54:07,324 - processing completed: 383_143
2022-04-01 05:54:07,330 - processing started: 385_144 
2022-04-01 05:54:07,536 - processing completed: 385_144
2022-04-01 05:54:07,542 - processing started: 387_144 
2022-04-01 05:54:07,678 - processing completed: 387_144
2022-04-01 05:54:07,683 - processing started: 389_145 
2022-04-01 05:54:07,875 - processing completed: 389_145
2022-04-01 05:54:07,881 - processing started: 391_145 
2022-04-01 05:54:08,075 - processing completed: 391_145
2022-04-01 05:54:08,080 - processing started: 393_146 
2022-04-01 05:54:08,206 - processing completed: 393_146
2022-04-01 05:54:08,212 - processing started: 395_147 
2022-04-01 05:54:08,404 - processing completed: 395_147
2022-04-01 05:54:08,409 - processing started: 397_147 
2022-04-01 05:54:08,555 - processing completed: 397_147
2022-04-01 05:54:08,563 - processing started: 399_148 
2022-04-01 05:54:08,771 - processing completed: 399_148
2022-04-01 05:54:08,777 - processing started: 401_149 
2022-04-01 05:54:08,913 - processing completed: 401_149
2022-04-01 05:54:08,919 - processing started: 403_149 
2022-04-01 05:54:09,134 - processing completed: 403_149
2022-04-01 05:54:09,140 - processing started: 405_150 
2022-04-01 05:54:09,277 - processing completed: 405_150
2022-04-01 05:54:09,282 - processing started: 407_151 
2022-04-01 05:54:09,477 - processing completed: 407_151
2022-04-01 05:54:09,482 - processing started: 409_152 
2022-04-01 05:54:09,633 - processing completed: 409_152
2022-04-01 05:54:09,637 - processing started: 411_153 
2022-04-01 05:54:09,863 - processing completed: 411_153
2022-04-01 05:54:09,868 - processing started: 413_154 
2022-04-01 05:54:09,994 - processing completed: 413_154
2022-04-01 05:54:09,999 - processing started: 415_155 
2022-04-01 05:54:10,188 - processing completed: 415_155
2022-04-01 05:54:10,192 - processing started: 417_156 
2022-04-01 05:54:10,319 - processing completed: 417_156
2022-04-01 05:54:10,324 - processing started: 419_156 
2022-04-01 05:54:10,517 - processing completed: 419_156
2022-04-01 05:54:10,523 - processing started: 421_157 
2022-04-01 05:54:10,724 - processing completed: 421_157
2022-04-01 05:54:10,729 - processing started: 423_158 
2022-04-01 05:54:10,856 - processing completed: 423_158
2022-04-01 05:54:10,862 - processing started: 425_159 
2022-04-01 05:54:11,070 - processing completed: 425_159
2022-04-01 05:54:11,077 - processing started: 427_159 
2022-04-01 05:54:11,226 - processing completed: 427_159
2022-04-01 05:54:11,232 - processing started: 429_160 
2022-04-01 05:54:11,439 - processing completed: 429_160
2022-04-01 05:54:11,444 - processing started: 431_161 
2022-04-01 05:54:11,575 - processing completed: 431_161
2022-04-01 05:54:11,580 - processing started: 433_162 
2022-04-01 05:54:11,797 - processing completed: 433_162
2022-04-01 05:54:11,802 - processing started: 435_163 
2022-04-01 05:54:11,935 - processing completed: 435_163
2022-04-01 05:54:11,941 - processing started: 437_164 
2022-04-01 05:54:12,130 - processing completed: 437_164
2022-04-01 05:54:12,136 - processing started: 439_164 
2022-04-01 05:54:12,261 - processing completed: 439_164
2022-04-01 05:54:12,266 - processing started: 441_165 
2022-04-01 05:54:12,459 - processing completed: 441_165
2022-04-01 05:54:12,465 - processing started: 443_166 
2022-04-01 05:54:12,597 - processing completed: 443_166
2022-04-01 05:54:12,602 - processing started: 445_167 
2022-04-01 05:54:12,809 - processing completed: 445_167
2022-04-01 05:54:12,816 - processing started: 447_167 
2022-04-01 05:54:13,027 - processing completed: 447_167
2022-04-01 05:54:13,032 - processing started: 449_168 
2022-04-01 05:54:13,167 - processing completed: 449_168
2022-04-01 05:54:13,173 - processing started: 451_168 
2022-04-01 05:54:13,392 - processing completed: 451_168
2022-04-01 05:54:13,396 - processing started: 453_169 
2022-04-01 05:54:13,538 - processing completed: 453_169
2022-04-01 05:54:13,543 - processing started: 455_170 
2022-04-01 05:54:13,745 - processing completed: 455_170
2022-04-01 05:54:13,750 - processing started: 457_171 
2022-04-01 05:54:13,894 - processing completed: 457_171
2022-04-01 05:54:13,899 - processing started: 459_172 
2022-04-01 05:54:14,118 - processing completed: 459_172
2022-04-01 05:54:14,124 - processing started: 461_173 
2022-04-01 05:54:14,253 - processing completed: 461_173
2022-04-01 05:54:14,258 - processing started: 463_173 
2022-04-01 05:54:14,445 - processing completed: 463_173
2022-04-01 05:54:14,450 - processing started: 465_174 
2022-04-01 05:54:14,580 - processing completed: 465_174
2022-04-01 05:54:14,584 - processing started: 467_174 
2022-04-01 05:54:14,785 - processing completed: 467_174
2022-04-01 05:54:14,790 - processing started: 469_175 
2022-04-01 05:54:14,917 - processing completed: 469_175
2022-04-01 05:54:14,922 - processing started: 471_176 
2022-04-01 05:54:15,128 - processing completed: 471_176
2022-04-01 05:54:15,133 - processing started: 473_177 
2022-04-01 05:54:15,267 - processing completed: 473_177
2022-04-01 05:54:15,272 - processing started: 475_178 
2022-04-01 05:54:15,485 - processing completed: 475_178
2022-04-01 05:54:15,490 - processing started: 477_179 
2022-04-01 05:54:15,711 - processing completed: 477_179
2022-04-01 05:54:15,717 - processing started: 479_180 
2022-04-01 05:54:15,848 - processing completed: 479_180
2022-04-01 05:54:15,854 - processing started: 481_180 
2022-04-01 05:54:16,075 - processing completed: 481_180
2022-04-01 05:54:16,080 - processing started: 483_181 
2022-04-01 05:54:16,223 - processing completed: 483_181
2022-04-01 05:54:16,228 - processing started: 485_182 
2022-04-01 05:54:16,419 - processing completed: 485_182
2022-04-01 05:54:16,424 - processing started: 487_182 
2022-04-01 05:54:16,549 - processing completed: 487_182
2022-04-01 05:54:16,553 - processing started: 489_183 
2022-04-01 05:54:16,752 - processing completed: 489_183
2022-04-01 05:54:16,757 - processing started: 491_183 
2022-04-01 05:54:16,883 - processing completed: 491_183
2022-04-01 05:54:16,889 - processing started: 493_184 
2022-04-01 05:54:17,088 - processing completed: 493_184
2022-04-01 05:54:17,094 - processing started: 495_185 
2022-04-01 05:54:17,230 - processing completed: 495_185
2022-04-01 05:54:17,235 - processing started: 497_186 
2022-04-01 05:54:17,431 - processing completed: 497_186
2022-04-01 05:54:17,437 - processing started: 499_187 
2022-04-01 05:54:17,575 - processing completed: 499_187
2022-04-01 05:54:17,581 - processing started: 501_188 
2022-04-01 05:54:17,788 - processing completed: 501_188
2022-04-01 05:54:17,793 - processing started: 503_188 
2022-04-01 05:54:17,926 - processing completed: 503_188
2022-04-01 05:54:17,930 - processing started: 505_189 
2022-04-01 05:54:18,126 - processing completed: 505_189
2022-04-01 05:54:18,131 - processing started: 507_190 
2022-04-01 05:54:18,347 - processing completed: 507_190
2022-04-01 05:54:18,353 - processing started: 509_191 
2022-04-01 05:54:18,484 - processing completed: 509_191
2022-04-01 05:54:18,489 - processing started: 511_192 
2022-04-01 05:54:18,689 - processing completed: 511_192
2022-04-01 05:54:18,694 - processing started: 513_192 
2022-04-01 05:54:18,840 - processing completed: 513_192
2022-04-01 05:54:18,845 - processing started: 515_193 
2022-04-01 05:54:19,048 - processing completed: 515_193
2022-04-01 05:54:19,053 - processing started: 517_194 
2022-04-01 05:54:19,189 - processing completed: 517_194
2022-04-01 05:54:19,195 - processing started: 519_195 
2022-04-01 05:54:19,399 - processing completed: 519_195
2022-04-01 05:54:19,404 - processing started: 521_196 
2022-04-01 05:54:19,534 - processing completed: 521_196
2022-04-01 05:54:19,539 - processing started: 523_196 
2022-04-01 05:54:19,758 - processing completed: 523_196
2022-04-01 05:54:19,764 - processing started: 525_196 
2022-04-01 05:54:19,901 - processing completed: 525_196
2022-04-01 05:54:19,906 - processing started: 527_197 
2022-04-01 05:54:20,107 - processing completed: 527_197
2022-04-01 05:54:20,111 - processing started: 529_197 
2022-04-01 05:54:20,256 - processing completed: 529_197
2022-04-01 05:54:20,263 - processing started: 531_197 
2022-04-01 05:54:20,468 - processing completed: 531_197
2022-04-01 05:54:20,474 - processing started: 533_198 
2022-04-01 05:54:20,601 - processing completed: 533_198
2022-04-01 05:54:20,605 - processing started: 535_199 
2022-04-01 05:54:20,797 - processing completed: 535_199
2022-04-01 05:54:20,802 - processing started: 537_200 
2022-04-01 05:54:21,002 - processing completed: 537_200
2022-04-01 05:54:21,009 - processing started: 539_201 
2022-04-01 05:54:21,138 - processing completed: 539_201
2022-04-01 05:54:21,144 - processing started: 541_202 
2022-04-01 05:54:21,362 - processing completed: 541_202
2022-04-01 05:54:21,368 - processing started: 543_203 
2022-04-01 05:54:21,500 - processing completed: 543_203
2022-04-01 05:54:21,505 - processing started: 545_204 
2022-04-01 05:54:21,705 - processing completed: 545_204
2022-04-01 05:54:21,710 - processing started: 547_205 
2022-04-01 05:54:21,863 - processing completed: 547_205
2022-04-01 05:54:21,867 - processing started: 549_206 
2022-04-01 05:54:22,085 - processing completed: 549_206
2022-04-01 05:54:22,090 - processing started: 551_207 
2022-04-01 05:54:22,226 - processing completed: 551_207
2022-04-01 05:54:22,232 - processing started: 553_207 
2022-04-01 05:54:22,451 - processing completed: 553_207
2022-04-01 05:54:22,457 - processing started: 555_208 
2022-04-01 05:54:22,586 - processing completed: 555_208
2022-04-01 05:54:22,593 - processing started: 557_209 
2022-04-01 05:54:22,790 - processing completed: 557_209
2022-04-01 05:54:22,795 - processing started: 559_210 
2022-04-01 05:54:22,920 - processing completed: 559_210
2022-04-01 05:54:22,925 - processing started: 561_211 
2022-04-01 05:54:23,141 - processing completed: 561_211
2022-04-01 05:54:23,147 - processing started: 563_212 
2022-04-01 05:54:23,272 - processing completed: 563_212
2022-04-01 05:54:23,277 - processing started: 565_213 
2022-04-01 05:54:23,472 - processing completed: 565_213
2022-04-01 05:54:23,479 - processing started: 567_214 
2022-04-01 05:54:23,698 - processing completed: 567_214
2022-04-01 05:54:23,704 - processing started: 569_214 
2022-04-01 05:54:23,834 - processing completed: 569_214
2022-04-01 05:54:23,840 - processing started: 571_215 
2022-04-01 05:54:24,060 - processing completed: 571_215
2022-04-01 05:54:24,065 - processing started: 573_216 
2022-04-01 05:54:24,201 - processing completed: 573_216
2022-04-01 05:54:24,206 - processing started: 575_217 
2022-04-01 05:54:24,406 - processing completed: 575_217
2022-04-01 05:54:24,410 - processing started: 577_218 
2022-04-01 05:54:24,548 - processing completed: 577_218
2022-04-01 05:54:24,554 - processing started: 579_219 
2022-04-01 05:54:24,775 - processing completed: 579_219
2022-04-01 05:54:24,781 - processing started: 581_220 
2022-04-01 05:54:24,917 - processing completed: 581_220
2022-04-01 05:54:24,922 - processing started: 583_220 
2022-04-01 05:54:25,111 - processing completed: 583_220
2022-04-01 05:54:25,116 - processing started: 585_221 
2022-04-01 05:54:25,250 - processing completed: 585_221
2022-04-01 05:54:25,254 - processing started: 587_222 
2022-04-01 05:54:25,448 - processing completed: 587_222
2022-04-01 05:54:25,453 - processing started: 589_222 
2022-04-01 05:54:25,585 - processing completed: 589_222
2022-04-01 05:54:25,590 - processing started: 591_223 
2022-04-01 05:54:25,772 - processing completed: 591_223
2022-04-01 05:54:25,776 - processing started: 593_223 
2022-04-01 05:54:25,881 - processing completed: 593_223
2022-04-01 05:54:25,886 - processing started: 595_224 
2022-04-01 05:54:26,131 - processing completed: 595_224
2022-04-01 05:54:26,136 - processing started: 597_225 
2022-04-01 05:54:26,337 - processing completed: 597_225
2022-04-01 05:54:26,342 - processing started: 599_225 
2022-04-01 05:54:26,524 - processing completed: 599_225
2022-04-01 05:54:26,529 - processing started: 601_225 
2022-04-01 05:54:26,727 - processing completed: 601_225
2022-04-01 05:54:26,730 - processing started: 603_226 
2022-04-01 05:54:26,848 - processing completed: 603_226
2022-04-01 05:54:26,853 - processing started: 605_227 
2022-04-01 05:54:27,055 - processing completed: 605_227
2022-04-01 05:54:27,060 - processing started: 607_227 
2022-04-01 05:54:27,191 - processing completed: 607_227
2022-04-01 05:54:27,195 - processing started: 609_227 
2022-04-01 05:54:27,370 - processing completed: 609_227
2022-04-01 05:54:27,375 - processing started: 611_227 
2022-04-01 05:54:27,545 - processing completed: 611_227
2022-04-01 05:54:27,551 - processing started: 613_227 
2022-04-01 05:54:27,726 - processing completed: 613_227
2022-04-01 05:54:27,731 - processing started: 615_228 
2022-04-01 05:54:27,851 - processing completed: 615_228
2022-04-01 05:54:27,855 - processing started: 617_229 
2022-04-01 05:54:28,029 - processing completed: 617_229
2022-04-01 05:54:28,033 - processing started: 619_230 
2022-04-01 05:54:28,141 - processing completed: 619_230
2022-04-01 05:54:28,145 - processing started: 621_230 
2022-04-01 05:54:28,345 - processing completed: 621_230
2022-04-01 05:54:28,350 - processing started: 623_231 
2022-04-01 05:54:28,457 - processing completed: 623_231
2022-04-01 05:54:28,461 - processing started: 625_232 
2022-04-01 05:54:28,659 - processing completed: 625_232
2022-04-01 05:54:28,663 - processing started: 627_232 
2022-04-01 05:54:28,858 - processing completed: 627_232
2022-04-01 05:54:28,864 - processing started: 629_232 
2022-04-01 05:54:28,967 - processing completed: 629_232
2022-04-01 05:54:28,972 - processing started: 631_233 
2022-04-01 05:54:29,147 - processing completed: 631_233
2022-04-01 05:54:29,151 - processing started: 633_234 
2022-04-01 05:54:29,257 - processing completed: 633_234
2022-04-01 05:54:29,262 - processing started: 635_234 
2022-04-01 05:54:29,443 - processing completed: 635_234
2022-04-01 05:54:29,448 - processing started: 637_234 
2022-04-01 05:54:29,554 - processing completed: 637_234
2022-04-01 05:54:29,559 - processing started: 639_235 
2022-04-01 05:54:29,771 - processing completed: 639_235
2022-04-01 05:54:29,777 - processing started: 641_236 
2022-04-01 05:54:29,922 - processing completed: 641_236
2022-04-01 05:54:29,926 - processing started: 643_237 
2022-04-01 05:54:30,136 - processing completed: 643_237
2022-04-01 05:54:30,141 - processing started: 645_238 
2022-04-01 05:54:30,303 - processing completed: 645_238
2022-04-01 05:54:30,308 - processing started: 647_239 
2022-04-01 05:54:30,528 - processing completed: 647_239
2022-04-01 05:54:30,532 - processing started: 649_240 
2022-04-01 05:54:30,686 - processing completed: 649_240
2022-04-01 05:54:30,692 - processing started: 651_240 
2022-04-01 05:54:30,923 - processing completed: 651_240
2022-04-01 05:54:30,929 - processing started: 653_241 
2022-04-01 05:54:31,067 - processing completed: 653_241
2022-04-01 05:54:31,072 - processing started: 655_242 
2022-04-01 05:54:31,276 - processing completed: 655_242
2022-04-01 05:54:31,281 - processing started: 657_242 
2022-04-01 05:54:31,506 - processing completed: 657_242
2022-04-01 05:54:31,513 - processing started: 659_243 
2022-04-01 05:54:31,654 - processing completed: 659_243
2022-04-01 05:54:31,659 - processing started: 661_244 
2022-04-01 05:54:31,827 - processing completed: 661_244
2022-04-01 05:54:31,832 - processing started: 663_244 
2022-04-01 05:54:31,933 - processing completed: 663_244
2022-04-01 05:54:31,938 - processing started: 665_245 
2022-04-01 05:54:32,100 - processing completed: 665_245
2022-04-01 05:54:32,106 - processing started: 667_246 
2022-04-01 05:54:32,198 - processing completed: 667_246
2022-04-01 05:54:32,204 - processing started: 669_247 
2022-04-01 05:54:32,380 - processing completed: 669_247
2022-04-01 05:54:32,389 - processing started: 671_248 
2022-04-01 05:54:32,480 - processing completed: 671_248
2022-04-01 05:54:32,484 - processing started: 673_249 
2022-04-01 05:54:32,645 - processing completed: 673_249
2022-04-01 05:54:32,649 - processing started: 675_250 
2022-04-01 05:54:32,753 - processing completed: 675_250
2022-04-01 05:54:32,758 - processing started: 677_251 
2022-04-01 05:54:32,932 - processing completed: 677_251
2022-04-01 05:54:32,937 - processing started: 679_251 
2022-04-01 05:54:33,049 - processing completed: 679_251
2022-04-01 05:54:33,055 - processing started: 681_252 
2022-04-01 05:54:33,222 - processing completed: 681_252
2022-04-01 05:54:33,228 - processing started: 683_252 
2022-04-01 05:54:33,318 - processing completed: 683_252
2022-04-01 05:54:33,323 - processing started: 685_253 
2022-04-01 05:54:33,514 - processing completed: 685_253
2022-04-01 05:54:33,518 - processing started: 687_254 
2022-04-01 05:54:33,728 - processing completed: 687_254
2022-04-01 05:54:33,734 - processing started: 689_255 
2022-04-01 05:54:33,872 - processing completed: 689_255
2022-04-01 05:54:33,877 - processing started: 691_256 
2022-04-01 05:54:34,129 - processing completed: 691_256
2022-04-01 05:54:34,136 - processing started: 693_257 
2022-04-01 05:54:34,309 - processing completed: 693_257
2022-04-01 05:54:34,315 - processing started: 695_257 
2022-04-01 05:54:34,551 - processing completed: 695_257
2022-04-01 05:54:34,557 - processing started: 697_258 
2022-04-01 05:54:34,755 - processing completed: 697_258
2022-04-01 05:54:34,762 - processing started: 699_259 
2022-04-01 05:54:35,023 - processing completed: 699_259
2022-04-01 05:54:35,029 - processing started: 701_260 
2022-04-01 05:54:35,207 - processing completed: 701_260
2022-04-01 05:54:35,214 - processing started: 703_260 
2022-04-01 05:54:35,491 - processing completed: 703_260
2022-04-01 05:54:35,497 - processing started: 705_261 
2022-04-01 05:54:35,686 - processing completed: 705_261
2022-04-01 05:54:35,692 - processing started: 707_262 
2022-04-01 05:54:35,938 - processing completed: 707_262
2022-04-01 05:54:35,944 - processing started: 709_262 
2022-04-01 05:54:36,131 - processing completed: 709_262
2022-04-01 05:54:36,138 - processing started: 711_263 
2022-04-01 05:54:36,432 - processing completed: 711_263
2022-04-01 05:54:36,440 - processing started: 713_264 
2022-04-01 05:54:36,741 - processing completed: 713_264
2022-04-01 05:54:36,749 - processing started: 715_265 
2022-04-01 05:54:36,943 - processing completed: 715_265
2022-04-01 05:54:36,950 - processing started: 717_265 
2022-04-01 05:54:37,239 - processing completed: 717_265
2022-04-01 05:54:37,246 - processing started: 719_266 
2022-04-01 05:54:37,447 - processing completed: 719_266
2022-04-01 05:54:37,455 - processing started: 721_267 
2022-04-01 05:54:37,858 - processing completed: 721_267
2022-04-01 05:54:37,866 - processing started: 723_267 
2022-04-01 05:54:38,083 - processing completed: 723_267
2022-04-01 05:54:38,090 - processing started: 725_267 
2022-04-01 05:54:38,428 - processing completed: 725_267
2022-04-01 05:54:38,437 - processing started: 727_268 
2022-04-01 05:54:38,711 - processing completed: 727_268
2022-04-01 05:54:38,721 - processing started: 729_268 
2022-04-01 05:54:39,075 - processing completed: 729_268
2022-04-01 05:54:39,087 - processing started: 731_268 
2022-04-01 05:54:39,358 - processing completed: 731_268
2022-04-01 05:54:39,369 - processing started: 733_268 
2022-04-01 05:54:39,784 - processing completed: 733_268
2022-04-01 05:54:39,794 - processing started: 735_269 
2022-04-01 05:54:40,093 - processing completed: 735_269
2022-04-01 05:54:40,103 - processing started: 737_269 
2022-04-01 05:54:40,495 - processing completed: 737_269
2022-04-01 05:54:40,508 - processing started: 739_270 
2022-04-01 05:54:40,864 - processing completed: 739_270
2022-04-01 05:54:40,876 - processing started: 741_271 
2022-04-01 05:54:41,314 - processing completed: 741_271
2022-04-01 05:54:41,326 - processing started: 743_272 
2022-04-01 05:54:41,764 - processing completed: 743_272
2022-04-01 05:54:41,782 - processing started: 745_273 
2022-04-01 05:54:42,294 - processing completed: 745_273
2022-04-01 05:54:42,309 - processing started: 747_274 
2022-04-01 05:54:42,805 - processing completed: 747_274
2022-04-01 05:54:42,814 - processing started: 749_274 
2022-04-01 05:54:43,149 - processing completed: 749_274
2022-04-01 05:54:43,166 - processing started: 751_275 
2022-04-01 05:54:43,659 - processing completed: 751_275
2022-04-01 05:54:43,675 - processing started: 753_275 
2022-04-01 05:54:44,003 - processing completed: 753_275
2022-04-01 05:54:44,017 - processing started: 755_276 
2022-04-01 05:54:44,590 - processing completed: 755_276
2022-04-01 05:54:44,609 - processing started: 757_276 
2022-04-01 05:54:44,977 - processing completed: 757_276
2022-04-01 05:54:44,995 - processing started: 759_277 
2022-04-01 05:54:45,672 - processing completed: 759_277
2022-04-01 05:54:45,694 - processing started: 761_278 
2022-04-01 05:54:46,140 - processing completed: 761_278
2022-04-01 05:54:46,150 - processing started: 763_279 
2022-04-01 05:54:46,705 - processing completed: 763_279
2022-04-01 05:54:46,715 - processing started: 765_280 
2022-04-01 05:54:47,043 - processing completed: 765_280
2022-04-01 05:54:47,053 - processing started: 767_280 
2022-04-01 05:54:47,642 - processing completed: 767_280
2022-04-01 05:54:47,656 - processing started: 769_281 
2022-04-01 05:54:47,947 - processing completed: 769_281
2022-04-01 05:54:47,957 - processing started: 771_282 
2022-04-01 05:54:48,408 - processing completed: 771_282
2022-04-01 05:54:48,418 - processing started: 773_283 
2022-04-01 05:54:48,911 - processing completed: 773_283
2022-04-01 05:54:48,926 - processing started: 775_284 
2022-04-01 05:54:49,204 - processing completed: 775_284
2022-04-01 05:54:49,216 - processing started: 777_285 
2022-04-01 05:54:49,630 - processing completed: 777_285
2022-04-01 05:54:49,639 - processing started: 779_286 
2022-04-01 05:54:50,089 - processing completed: 779_286
2022-04-01 05:54:50,103 - processing started: 781_287 
2022-04-01 05:54:50,436 - processing completed: 781_287
2022-04-01 05:54:50,444 - processing started: 783_288 
2022-04-01 05:54:50,652 - processing completed: 783_288
2022-04-01 05:54:50,663 - processing started: 785_289 
2022-04-01 05:54:50,965 - processing completed: 785_289
2022-04-01 05:54:50,974 - processing started: 787_290 
2022-04-01 05:54:51,186 - processing completed: 787_290
2022-04-01 05:54:51,197 - processing started: 789_290 
2022-04-01 05:54:51,539 - processing completed: 789_290
2022-04-01 05:54:51,548 - processing started: 791_291 
2022-04-01 05:54:51,735 - processing completed: 791_291
2022-04-01 05:54:51,742 - processing started: 793_292 
2022-04-01 05:54:52,007 - processing completed: 793_292
2022-04-01 05:54:52,014 - processing started: 795_292 
2022-04-01 05:54:52,197 - processing completed: 795_292
2022-04-01 05:54:52,208 - processing started: 797_293 
2022-04-01 05:54:52,408 - processing completed: 797_293
2022-04-01 05:54:52,415 - processing started: 799_294 
2022-04-01 05:54:52,512 - processing completed: 799_294
2022-04-01 05:54:52,518 - processing started: 801_295 
2022-04-01 05:54:52,816 - processing completed: 801_295
2022-04-01 05:54:52,823 - processing started: 803_296 
2022-04-01 05:54:53,079 - processing completed: 803_296
2022-04-01 05:54:53,086 - processing started: 805_297 
2022-04-01 05:54:53,380 - processing completed: 805_297
2022-04-01 05:54:53,390 - processing started: 807_298 
2022-04-01 05:54:53,626 - processing completed: 807_298
2022-04-01 05:54:53,632 - processing started: 809_298 
2022-04-01 05:54:53,783 - processing completed: 809_298
2022-04-01 05:54:53,789 - processing started: 811_299 
2022-04-01 05:54:54,014 - processing completed: 811_299
2022-04-01 05:54:54,020 - processing started: 0_0 
2022-04-01 05:54:54,021 - Closing connection (200): Normal shutdown
2022-04-01 05:54:54,021 - Closing channel (200): 'Normal shutdown' on <Channel number=1 OPEN conn=<SelectConnection OPEN transport=<pika.adapters.utils.io_services_utils._AsyncPlaintextTransport object at 0x11e096280> params=<ConnectionParameters host=localhost port=5672 virtual_host=/ ssl=False>>>
2022-04-01 05:54:54,023 - Received <Channel.CloseOk> on <Channel number=1 CLOSING conn=<SelectConnection OPEN transport=<pika.adapters.utils.io_services_utils._AsyncPlaintextTransport object at 0x11e096280> params=<ConnectionParameters host=localhost port=5672 virtual_host=/ ssl=False>>>
2022-04-01 05:54:54,023 - Closing connection (200): 'Normal shutdown'
2022-04-01 05:54:54,024 - Aborting transport connection: state=1; <socket.socket fd=22, family=AddressFamily.AF_INET, type=SocketKind.SOCK_STREAM, proto=6, laddr=('127.0.0.1', 61549), raddr=('127.0.0.1', 5672)>
2022-04-01 05:54:54,025 - _AsyncTransportBase._initate_abort(): Initiating abrupt asynchronous transport shutdown: state=1; error=None; <socket.socket fd=22, family=AddressFamily.AF_INET, type=SocketKind.SOCK_STREAM, proto=6, laddr=('127.0.0.1', 61549), raddr=('127.0.0.1', 5672)>
2022-04-01 05:54:54,025 - Deactivating transport: state=1; <socket.socket fd=22, family=AddressFamily.AF_INET, type=SocketKind.SOCK_STREAM, proto=6, laddr=('127.0.0.1', 61549), raddr=('127.0.0.1', 5672)>
2022-04-01 05:54:54,025 - AMQP stack terminated, failed to connect, or aborted: opened=True, error-arg=None; pending-error=ConnectionClosedByClient: (200) 'Normal shutdown'
2022-04-01 05:54:54,025 - Stack terminated due to ConnectionClosedByClient: (200) 'Normal shutdown'
2022-04-01 05:54:54,026 - Closing transport socket and unlinking: state=3; <socket.socket fd=22, family=AddressFamily.AF_INET, type=SocketKind.SOCK_STREAM, proto=6, laddr=('127.0.0.1', 61549), raddr=('127.0.0.1', 5672)>
2022-04-01 05:54:54,026 - User-initiated close: result=BlockingConnection__OnClosedArgs(connection=<SelectConnection CLOSED transport=None params=<ConnectionParameters host=localhost port=5672 virtual_host=/ ssl=False>>, error=ConnectionClosedByClient: (200) 'Normal shutdown')
2022-04-01 05:54:54,027 - PID 21294 completed loading and processing
