2022-04-01 05:53:29,816 - PID 21293 started loading and processing
2022-04-01 05:53:29,823 - Pika version 1.2.0 connecting to ('::1', 5672, 0, 0)
2022-04-01 05:53:29,823 - Socket failed to connect: <socket.socket fd=22, family=AddressFamily.AF_INET6, type=SocketKind.SOCK_STREAM, proto=6, laddr=('::1', 61550, 0, 0)>; error=61 (Connection refused)
2022-04-01 05:53:29,824 - TCP Connection attempt failed: ConnectionRefusedError(61, 'Connection refused'); dest=(<AddressFamily.AF_INET6: 30>, <SocketKind.SOCK_STREAM: 1>, 6, '', ('::1', 5672, 0, 0))
2022-04-01 05:53:29,824 - AMQPConnector - reporting failure: AMQPConnectorSocketConnectError: ConnectionRefusedError(61, 'Connection refused')
2022-04-01 05:53:29,824 - Pika version 1.2.0 connecting to ('127.0.0.1', 5672)
2022-04-01 05:53:29,824 - Socket connected: <socket.socket fd=22, family=AddressFamily.AF_INET, type=SocketKind.SOCK_STREAM, proto=6, laddr=('127.0.0.1', 61551), raddr=('127.0.0.1', 5672)>
2022-04-01 05:53:29,825 - Streaming transport linked up: (<pika.adapters.utils.io_services_utils._AsyncPlaintextTransport object at 0x11b349280>, _StreamingProtocolShim: <SelectConnection PROTOCOL transport=<pika.adapters.utils.io_services_utils._AsyncPlaintextTransport object at 0x11b349280> params=<ConnectionParameters host=localhost port=5672 virtual_host=/ ssl=False>>).
2022-04-01 05:53:29,828 - AMQPConnector - reporting success: <SelectConnection OPEN transport=<pika.adapters.utils.io_services_utils._AsyncPlaintextTransport object at 0x11b349280> params=<ConnectionParameters host=localhost port=5672 virtual_host=/ ssl=False>>
2022-04-01 05:53:29,828 - AMQPConnectionWorkflow - reporting success: <SelectConnection OPEN transport=<pika.adapters.utils.io_services_utils._AsyncPlaintextTransport object at 0x11b349280> params=<ConnectionParameters host=localhost port=5672 virtual_host=/ ssl=False>>
2022-04-01 05:53:29,828 - Connection workflow succeeded: <SelectConnection OPEN transport=<pika.adapters.utils.io_services_utils._AsyncPlaintextTransport object at 0x11b349280> params=<ConnectionParameters host=localhost port=5672 virtual_host=/ ssl=False>>
2022-04-01 05:53:29,829 - Created channel=1
2022-04-01 05:53:29,831 - Logging before start consuming
2022-04-01 05:53:32,469 - processing started: 0_000 
2022-04-01 05:53:32,654 - processing completed: 0_000
2022-04-01 05:53:32,674 - processing started: 2_000 
2022-04-01 05:53:32,887 - processing completed: 2_000
2022-04-01 05:53:32,893 - processing started: 4_001 
2022-04-01 05:53:33,145 - processing completed: 4_001
2022-04-01 05:53:33,150 - processing started: 6_002 
2022-04-01 05:53:33,324 - processing completed: 6_002
2022-04-01 05:53:33,330 - processing started: 8_003 
2022-04-01 05:53:33,586 - processing completed: 8_003
2022-04-01 05:53:33,593 - processing started: 10_004 
2022-04-01 05:53:33,783 - processing completed: 10_004
2022-04-01 05:53:33,789 - processing started: 12_005 
2022-04-01 05:53:34,036 - processing completed: 12_005
2022-04-01 05:53:34,042 - processing started: 14_005 
2022-04-01 05:53:34,232 - processing completed: 14_005
2022-04-01 05:53:34,238 - processing started: 16_006 
2022-04-01 05:53:34,495 - processing completed: 16_006
2022-04-01 05:53:34,504 - processing started: 18_007 
2022-04-01 05:53:34,698 - processing completed: 18_007
2022-04-01 05:53:34,704 - processing started: 20_008 
2022-04-01 05:53:34,920 - processing completed: 20_008
2022-04-01 05:53:34,926 - processing started: 22_009 
2022-04-01 05:53:35,134 - processing completed: 22_009
2022-04-01 05:53:35,142 - processing started: 24_009 
2022-04-01 05:53:35,416 - processing completed: 24_009
2022-04-01 05:53:35,423 - processing started: 26_010 
2022-04-01 05:53:35,665 - processing completed: 26_010
2022-04-01 05:53:35,673 - processing started: 28_011 
2022-04-01 05:53:35,983 - processing completed: 28_011
2022-04-01 05:53:35,991 - processing started: 30_012 
2022-04-01 05:53:36,093 - processing completed: 30_012
2022-04-01 05:53:36,097 - processing started: 32_013 
2022-04-01 05:53:36,329 - processing completed: 32_013
2022-04-01 05:53:36,335 - processing started: 34_014 
2022-04-01 05:53:36,555 - processing completed: 34_014
2022-04-01 05:53:36,560 - processing started: 36_014 
2022-04-01 05:53:36,674 - processing completed: 36_014
2022-04-01 05:53:36,680 - processing started: 38_015 
2022-04-01 05:53:36,875 - processing completed: 38_015
2022-04-01 05:53:36,879 - processing started: 40_015 
2022-04-01 05:53:37,008 - processing completed: 40_015
2022-04-01 05:53:37,013 - processing started: 42_015 
2022-04-01 05:53:37,219 - processing completed: 42_015
2022-04-01 05:53:37,224 - processing started: 44_016 
2022-04-01 05:53:37,362 - processing completed: 44_016
2022-04-01 05:53:37,367 - processing started: 46_017 
2022-04-01 05:53:37,596 - processing completed: 46_017
2022-04-01 05:53:37,602 - processing started: 48_018 
2022-04-01 05:53:37,749 - processing completed: 48_018
2022-04-01 05:53:37,755 - processing started: 50_019 
2022-04-01 05:53:38,021 - processing completed: 50_019
2022-04-01 05:53:38,026 - processing started: 52_020 
2022-04-01 05:53:38,178 - processing completed: 52_020
2022-04-01 05:53:38,185 - processing started: 54_021 
2022-04-01 05:53:38,398 - processing completed: 54_021
2022-04-01 05:53:38,404 - processing started: 56_022 
2022-04-01 05:53:38,584 - processing completed: 56_022
2022-04-01 05:53:38,590 - processing started: 58_022 
2022-04-01 05:53:38,861 - processing completed: 58_022
2022-04-01 05:53:38,867 - processing started: 60_023 
2022-04-01 05:53:38,995 - processing completed: 60_023
2022-04-01 05:53:39,000 - processing started: 62_023 
2022-04-01 05:53:39,198 - processing completed: 62_023
2022-04-01 05:53:39,202 - processing started: 64_024 
2022-04-01 05:53:39,398 - processing completed: 64_024
2022-04-01 05:53:39,402 - processing started: 66_025 
2022-04-01 05:53:39,529 - processing completed: 66_025
2022-04-01 05:53:39,534 - processing started: 68_026 
2022-04-01 05:53:39,770 - processing completed: 68_026
2022-04-01 05:53:39,776 - processing started: 70_027 
2022-04-01 05:53:39,911 - processing completed: 70_027
2022-04-01 05:53:39,916 - processing started: 72_028 
2022-04-01 05:53:40,112 - processing completed: 72_028
2022-04-01 05:53:40,117 - processing started: 74_028 
2022-04-01 05:53:40,238 - processing completed: 74_028
2022-04-01 05:53:40,242 - processing started: 76_029 
2022-04-01 05:53:40,430 - processing completed: 76_029
2022-04-01 05:53:40,434 - processing started: 78_030 
2022-04-01 05:53:40,577 - processing completed: 78_030
2022-04-01 05:53:40,583 - processing started: 80_031 
2022-04-01 05:53:40,779 - processing completed: 80_031
2022-04-01 05:53:40,785 - processing started: 82_031 
2022-04-01 05:53:40,943 - processing completed: 82_031
2022-04-01 05:53:40,948 - processing started: 84_032 
2022-04-01 05:53:41,193 - processing completed: 84_032
2022-04-01 05:53:41,199 - processing started: 86_032 
2022-04-01 05:53:41,370 - processing completed: 86_032
2022-04-01 05:53:41,376 - processing started: 88_033 
2022-04-01 05:53:41,584 - processing completed: 88_033
2022-04-01 05:53:41,588 - processing started: 90_033 
2022-04-01 05:53:41,722 - processing completed: 90_033
2022-04-01 05:53:41,727 - processing started: 92_033 
2022-04-01 05:53:41,926 - processing completed: 92_033
2022-04-01 05:53:41,930 - processing started: 94_034 
2022-04-01 05:53:42,132 - processing completed: 94_034
2022-04-01 05:53:42,137 - processing started: 96_035 
2022-04-01 05:53:42,255 - processing completed: 96_035
2022-04-01 05:53:42,260 - processing started: 98_035 
2022-04-01 05:53:42,443 - processing completed: 98_035
2022-04-01 05:53:42,447 - processing started: 100_036 
2022-04-01 05:53:42,567 - processing completed: 100_036
2022-04-01 05:53:42,573 - processing started: 102_037 
2022-04-01 05:53:42,759 - processing completed: 102_037
2022-04-01 05:53:42,764 - processing started: 104_038 
2022-04-01 05:53:42,883 - processing completed: 104_038
2022-04-01 05:53:42,888 - processing started: 106_039 
2022-04-01 05:53:43,083 - processing completed: 106_039
2022-04-01 05:53:43,088 - processing started: 108_039 
2022-04-01 05:53:43,214 - processing completed: 108_039
2022-04-01 05:53:43,218 - processing started: 110_040 
2022-04-01 05:53:43,399 - processing completed: 110_040
2022-04-01 05:53:43,403 - processing started: 112_040 
2022-04-01 05:53:43,553 - processing completed: 112_040
2022-04-01 05:53:43,559 - processing started: 114_040 
2022-04-01 05:53:43,754 - processing completed: 114_040
2022-04-01 05:53:43,759 - processing started: 116_041 
2022-04-01 05:53:43,883 - processing completed: 116_041
2022-04-01 05:53:43,888 - processing started: 118_042 
2022-04-01 05:53:44,083 - processing completed: 118_042
2022-04-01 05:53:44,088 - processing started: 120_042 
2022-04-01 05:53:44,210 - processing completed: 120_042
2022-04-01 05:53:44,215 - processing started: 122_043 
2022-04-01 05:53:44,389 - processing completed: 122_043
2022-04-01 05:53:44,394 - processing started: 124_044 
2022-04-01 05:53:44,570 - processing completed: 124_044
2022-04-01 05:53:44,574 - processing started: 126_044 
2022-04-01 05:53:44,686 - processing completed: 126_044
2022-04-01 05:53:44,691 - processing started: 128_045 
2022-04-01 05:53:44,874 - processing completed: 128_045
2022-04-01 05:53:44,878 - processing started: 130_046 
2022-04-01 05:53:44,997 - processing completed: 130_046
2022-04-01 05:53:45,002 - processing started: 132_047 
2022-04-01 05:53:45,205 - processing completed: 132_047
2022-04-01 05:53:45,210 - processing started: 134_048 
2022-04-01 05:53:45,327 - processing completed: 134_048
2022-04-01 05:53:45,331 - processing started: 136_048 
2022-04-01 05:53:45,534 - processing completed: 136_048
2022-04-01 05:53:45,538 - processing started: 138_049 
2022-04-01 05:53:45,683 - processing completed: 138_049
2022-04-01 05:53:45,689 - processing started: 140_050 
2022-04-01 05:53:45,892 - processing completed: 140_050
2022-04-01 05:53:45,896 - processing started: 142_050 
2022-04-01 05:53:46,017 - processing completed: 142_050
2022-04-01 05:53:46,022 - processing started: 144_051 
2022-04-01 05:53:46,219 - processing completed: 144_051
2022-04-01 05:53:46,224 - processing started: 146_051 
2022-04-01 05:53:46,343 - processing completed: 146_051
2022-04-01 05:53:46,348 - processing started: 148_052 
2022-04-01 05:53:46,529 - processing completed: 148_052
2022-04-01 05:53:46,535 - processing started: 150_053 
2022-04-01 05:53:46,656 - processing completed: 150_053
2022-04-01 05:53:46,662 - processing started: 152_054 
2022-04-01 05:53:46,842 - processing completed: 152_054
2022-04-01 05:53:46,847 - processing started: 154_055 
2022-04-01 05:53:47,040 - processing completed: 154_055
2022-04-01 05:53:47,045 - processing started: 156_056 
2022-04-01 05:53:47,171 - processing completed: 156_056
2022-04-01 05:53:47,176 - processing started: 158_057 
2022-04-01 05:53:47,381 - processing completed: 158_057
2022-04-01 05:53:47,391 - processing started: 160_058 
2022-04-01 05:53:47,613 - processing completed: 160_058
2022-04-01 05:53:47,620 - processing started: 162_058 
2022-04-01 05:53:47,891 - processing completed: 162_058
2022-04-01 05:53:47,899 - processing started: 164_059 
2022-04-01 05:53:48,015 - processing completed: 164_059
2022-04-01 05:53:48,021 - processing started: 166_060 
2022-04-01 05:53:48,202 - processing completed: 166_060
2022-04-01 05:53:48,207 - processing started: 168_061 
2022-04-01 05:53:48,335 - processing completed: 168_061
2022-04-01 05:53:48,339 - processing started: 170_062 
2022-04-01 05:53:48,520 - processing completed: 170_062
2022-04-01 05:53:48,524 - processing started: 172_062 
2022-04-01 05:53:48,673 - processing completed: 172_062
2022-04-01 05:53:48,678 - processing started: 174_063 
2022-04-01 05:53:48,989 - processing completed: 174_063
2022-04-01 05:53:48,996 - processing started: 176_064 
2022-04-01 05:53:49,210 - processing completed: 176_064
2022-04-01 05:53:49,217 - processing started: 178_064 
2022-04-01 05:53:49,506 - processing completed: 178_064
2022-04-01 05:53:49,513 - processing started: 180_065 
2022-04-01 05:53:49,786 - processing completed: 180_065
2022-04-01 05:53:49,793 - processing started: 182_066 
2022-04-01 05:53:49,995 - processing completed: 182_066
2022-04-01 05:53:50,001 - processing started: 184_066 
2022-04-01 05:53:50,253 - processing completed: 184_066
2022-04-01 05:53:50,260 - processing started: 186_066 
2022-04-01 05:53:50,440 - processing completed: 186_066
2022-04-01 05:53:50,448 - processing started: 188_067 
2022-04-01 05:53:50,556 - processing completed: 188_067
2022-04-01 05:53:50,560 - processing started: 190_067 
2022-04-01 05:53:50,705 - processing completed: 190_067
2022-04-01 05:53:50,710 - processing started: 192_067 
2022-04-01 05:53:50,960 - processing completed: 192_067
2022-04-01 05:53:50,967 - processing started: 194_068 
2022-04-01 05:53:51,092 - processing completed: 194_068
2022-04-01 05:53:51,096 - processing started: 196_069 
2022-04-01 05:53:51,286 - processing completed: 196_069
2022-04-01 05:53:51,292 - processing started: 198_069 
2022-04-01 05:53:51,425 - processing completed: 198_069
2022-04-01 05:53:51,430 - processing started: 200_070 
2022-04-01 05:53:51,547 - processing completed: 200_070
2022-04-01 05:53:51,550 - processing started: 202_071 
2022-04-01 05:53:51,752 - processing completed: 202_071
2022-04-01 05:53:51,758 - processing started: 204_072 
2022-04-01 05:53:52,022 - processing completed: 204_072
2022-04-01 05:53:52,028 - processing started: 206_072 
2022-04-01 05:53:52,249 - processing completed: 206_072
2022-04-01 05:53:52,255 - processing started: 208_073 
2022-04-01 05:53:52,503 - processing completed: 208_073
2022-04-01 05:53:52,510 - processing started: 210_074 
2022-04-01 05:53:52,782 - processing completed: 210_074
2022-04-01 05:53:52,788 - processing started: 212_075 
2022-04-01 05:53:52,981 - processing completed: 212_075
2022-04-01 05:53:52,988 - processing started: 214_076 
2022-04-01 05:53:53,248 - processing completed: 214_076
2022-04-01 05:53:53,254 - processing started: 216_077 
2022-04-01 05:53:53,440 - processing completed: 216_077
2022-04-01 05:53:53,446 - processing started: 218_078 
2022-04-01 05:53:53,694 - processing completed: 218_078
2022-04-01 05:53:53,700 - processing started: 220_079 
2022-04-01 05:53:53,893 - processing completed: 220_079
2022-04-01 05:53:53,900 - processing started: 222_079 
2022-04-01 05:53:54,162 - processing completed: 222_079
2022-04-01 05:53:54,168 - processing started: 224_080 
2022-04-01 05:53:54,261 - processing completed: 224_080
2022-04-01 05:53:54,265 - processing started: 226_081 
2022-04-01 05:53:54,455 - processing completed: 226_081
2022-04-01 05:53:54,462 - processing started: 228_081 
2022-04-01 05:53:54,601 - processing completed: 228_081
2022-04-01 05:53:54,606 - processing started: 230_081 
2022-04-01 05:53:54,826 - processing completed: 230_081
2022-04-01 05:53:54,832 - processing started: 232_082 
2022-04-01 05:53:54,962 - processing completed: 232_082
2022-04-01 05:53:54,968 - processing started: 234_082 
2022-04-01 05:53:55,153 - processing completed: 234_082
2022-04-01 05:53:55,158 - processing started: 236_083 
2022-04-01 05:53:55,281 - processing completed: 236_083
2022-04-01 05:53:55,287 - processing started: 238_084 
2022-04-01 05:53:55,489 - processing completed: 238_084
2022-04-01 05:53:55,494 - processing started: 240_085 
2022-04-01 05:53:55,701 - processing completed: 240_085
2022-04-01 05:53:55,707 - processing started: 242_086 
2022-04-01 05:53:55,859 - processing completed: 242_086
2022-04-01 05:53:55,864 - processing started: 244_087 
2022-04-01 05:53:56,049 - processing completed: 244_087
2022-04-01 05:53:56,054 - processing started: 246_088 
2022-04-01 05:53:56,182 - processing completed: 246_088
2022-04-01 05:53:56,187 - processing started: 248_088 
2022-04-01 05:53:56,383 - processing completed: 248_088
2022-04-01 05:53:56,387 - processing started: 250_089 
2022-04-01 05:53:56,470 - processing completed: 250_089
2022-04-01 05:53:56,474 - processing started: 252_090 
2022-04-01 05:53:56,629 - processing completed: 252_090
2022-04-01 05:53:56,633 - processing started: 254_091 
2022-04-01 05:53:56,720 - processing completed: 254_091
2022-04-01 05:53:56,724 - processing started: 256_092 
2022-04-01 05:53:56,911 - processing completed: 256_092
2022-04-01 05:53:56,915 - processing started: 258_093 
2022-04-01 05:53:57,032 - processing completed: 258_093
2022-04-01 05:53:57,037 - processing started: 260_094 
2022-04-01 05:53:57,239 - processing completed: 260_094
2022-04-01 05:53:57,244 - processing started: 262_094 
2022-04-01 05:53:57,365 - processing completed: 262_094
2022-04-01 05:53:57,370 - processing started: 264_095 
2022-04-01 05:53:57,553 - processing completed: 264_095
2022-04-01 05:53:57,559 - processing started: 266_096 
2022-04-01 05:53:57,682 - processing completed: 266_096
2022-04-01 05:53:57,688 - processing started: 268_097 
2022-04-01 05:53:57,870 - processing completed: 268_097
2022-04-01 05:53:57,874 - processing started: 270_098 
2022-04-01 05:53:58,058 - processing completed: 270_098
2022-04-01 05:53:58,063 - processing started: 272_099 
2022-04-01 05:53:58,154 - processing completed: 272_099
2022-04-01 05:53:58,158 - processing started: 274_100 
2022-04-01 05:53:58,370 - processing completed: 274_100
2022-04-01 05:53:58,376 - processing started: 276_101 
2022-04-01 05:53:58,476 - processing completed: 276_101
2022-04-01 05:53:58,481 - processing started: 278_102 
2022-04-01 05:53:58,651 - processing completed: 278_102
2022-04-01 05:53:58,655 - processing started: 280_103 
2022-04-01 05:53:58,750 - processing completed: 280_103
2022-04-01 05:53:58,756 - processing started: 282_103 
2022-04-01 05:53:58,961 - processing completed: 282_103
2022-04-01 05:53:58,966 - processing started: 284_104 
2022-04-01 05:53:59,077 - processing completed: 284_104
2022-04-01 05:53:59,082 - processing started: 286_105 
2022-04-01 05:53:59,270 - processing completed: 286_105
2022-04-01 05:53:59,274 - processing started: 288_106 
2022-04-01 05:53:59,369 - processing completed: 288_106
2022-04-01 05:53:59,375 - processing started: 290_107 
2022-04-01 05:53:59,543 - processing completed: 290_107
2022-04-01 05:53:59,549 - processing started: 292_108 
2022-04-01 05:53:59,640 - processing completed: 292_108
2022-04-01 05:53:59,644 - processing started: 294_108 
2022-04-01 05:53:59,806 - processing completed: 294_108
2022-04-01 05:53:59,811 - processing started: 296_109 
2022-04-01 05:53:59,907 - processing completed: 296_109
2022-04-01 05:53:59,911 - processing started: 298_110 
2022-04-01 05:54:00,089 - processing completed: 298_110
2022-04-01 05:54:00,095 - processing started: 300_111 
2022-04-01 05:54:00,263 - processing completed: 300_111
2022-04-01 05:54:00,269 - processing started: 302_112 
2022-04-01 05:54:00,370 - processing completed: 302_112
2022-04-01 05:54:00,374 - processing started: 304_113 
2022-04-01 05:54:00,532 - processing completed: 304_113
2022-04-01 05:54:00,536 - processing started: 306_114 
2022-04-01 05:54:00,680 - processing completed: 306_114
2022-04-01 05:54:00,685 - processing started: 308_115 
2022-04-01 05:54:00,958 - processing completed: 308_115
2022-04-01 05:54:00,965 - processing started: 310_116 
2022-04-01 05:54:01,126 - processing completed: 310_116
2022-04-01 05:54:01,132 - processing started: 312_117 
2022-04-01 05:54:01,342 - processing completed: 312_117
2022-04-01 05:54:01,348 - processing started: 314_117 
2022-04-01 05:54:01,488 - processing completed: 314_117
2022-04-01 05:54:01,495 - processing started: 316_118 
2022-04-01 05:54:01,705 - processing completed: 316_118
2022-04-01 05:54:01,711 - processing started: 318_119 
2022-04-01 05:54:01,850 - processing completed: 318_119
2022-04-01 05:54:01,856 - processing started: 320_120 
2022-04-01 05:54:02,024 - processing completed: 320_120
2022-04-01 05:54:02,028 - processing started: 322_120 
2022-04-01 05:54:02,156 - processing completed: 322_120
2022-04-01 05:54:02,161 - processing started: 324_121 
2022-04-01 05:54:02,377 - processing completed: 324_121
2022-04-01 05:54:02,382 - processing started: 326_122 
2022-04-01 05:54:02,521 - processing completed: 326_122
2022-04-01 05:54:02,526 - processing started: 328_123 
2022-04-01 05:54:02,764 - processing completed: 328_123
2022-04-01 05:54:02,770 - processing started: 330_123 
2022-04-01 05:54:02,975 - processing completed: 330_123
2022-04-01 05:54:02,981 - processing started: 332_124 
2022-04-01 05:54:03,121 - processing completed: 332_124
2022-04-01 05:54:03,129 - processing started: 334_124 
2022-04-01 05:54:03,352 - processing completed: 334_124
2022-04-01 05:54:03,357 - processing started: 336_124 
2022-04-01 05:54:03,489 - processing completed: 336_124
2022-04-01 05:54:03,494 - processing started: 338_124 
2022-04-01 05:54:03,687 - processing completed: 338_124
2022-04-01 05:54:03,692 - processing started: 340_125 
2022-04-01 05:54:03,825 - processing completed: 340_125
2022-04-01 05:54:03,831 - processing started: 342_126 
2022-04-01 05:54:04,026 - processing completed: 342_126
2022-04-01 05:54:04,032 - processing started: 344_126 
2022-04-01 05:54:04,169 - processing completed: 344_126
2022-04-01 05:54:04,176 - processing started: 346_127 
2022-04-01 05:54:04,383 - processing completed: 346_127
2022-04-01 05:54:04,389 - processing started: 348_128 
2022-04-01 05:54:04,522 - processing completed: 348_128
2022-04-01 05:54:04,527 - processing started: 350_129 
2022-04-01 05:54:04,738 - processing completed: 350_129
2022-04-01 05:54:04,746 - processing started: 352_130 
2022-04-01 05:54:04,896 - processing completed: 352_130
2022-04-01 05:54:04,902 - processing started: 354_131 
2022-04-01 05:54:05,108 - processing completed: 354_131
2022-04-01 05:54:05,114 - processing started: 356_132 
2022-04-01 05:54:05,255 - processing completed: 356_132
2022-04-01 05:54:05,263 - processing started: 358_133 
2022-04-01 05:54:05,477 - processing completed: 358_133
2022-04-01 05:54:05,483 - processing started: 360_134 
2022-04-01 05:54:05,686 - processing completed: 360_134
2022-04-01 05:54:05,692 - processing started: 362_134 
2022-04-01 05:54:05,827 - processing completed: 362_134
2022-04-01 05:54:05,833 - processing started: 364_134 
2022-04-01 05:54:06,041 - processing completed: 364_134
2022-04-01 05:54:06,047 - processing started: 366_135 
2022-04-01 05:54:06,181 - processing completed: 366_135
2022-04-01 05:54:06,187 - processing started: 368_136 
2022-04-01 05:54:06,381 - processing completed: 368_136
2022-04-01 05:54:06,386 - processing started: 370_137 
2022-04-01 05:54:06,521 - processing completed: 370_137
2022-04-01 05:54:06,527 - processing started: 372_138 
2022-04-01 05:54:06,720 - processing completed: 372_138
2022-04-01 05:54:06,725 - processing started: 374_139 
2022-04-01 05:54:06,862 - processing completed: 374_139
2022-04-01 05:54:06,868 - processing started: 376_140 
2022-04-01 05:54:07,087 - processing completed: 376_140
2022-04-01 05:54:07,093 - processing started: 378_140 
2022-04-01 05:54:07,230 - processing completed: 378_140
2022-04-01 05:54:07,235 - processing started: 380_141 
2022-04-01 05:54:07,443 - processing completed: 380_141
2022-04-01 05:54:07,449 - processing started: 382_142 
2022-04-01 05:54:07,586 - processing completed: 382_142
2022-04-01 05:54:07,591 - processing started: 384_143 
2022-04-01 05:54:07,790 - processing completed: 384_143
2022-04-01 05:54:07,795 - processing started: 386_144 
2022-04-01 05:54:07,920 - processing completed: 386_144
2022-04-01 05:54:07,924 - processing started: 388_145 
2022-04-01 05:54:08,113 - processing completed: 388_145
2022-04-01 05:54:08,118 - processing started: 390_145 
2022-04-01 05:54:08,309 - processing completed: 390_145
2022-04-01 05:54:08,314 - processing started: 392_145 
2022-04-01 05:54:08,445 - processing completed: 392_145
2022-04-01 05:54:08,450 - processing started: 394_146 
2022-04-01 05:54:08,669 - processing completed: 394_146
2022-04-01 05:54:08,675 - processing started: 396_147 
2022-04-01 05:54:08,811 - processing completed: 396_147
2022-04-01 05:54:08,816 - processing started: 398_147 
2022-04-01 05:54:09,030 - processing completed: 398_147
2022-04-01 05:54:09,036 - processing started: 400_148 
2022-04-01 05:54:09,178 - processing completed: 400_148
2022-04-01 05:54:09,183 - processing started: 402_149 
2022-04-01 05:54:09,380 - processing completed: 402_149
2022-04-01 05:54:09,385 - processing started: 404_149 
2022-04-01 05:54:09,526 - processing completed: 404_149
2022-04-01 05:54:09,531 - processing started: 406_150 
2022-04-01 05:54:09,750 - processing completed: 406_150
2022-04-01 05:54:09,757 - processing started: 408_151 
2022-04-01 05:54:09,890 - processing completed: 408_151
2022-04-01 05:54:09,895 - processing started: 410_152 
2022-04-01 05:54:10,086 - processing completed: 410_152
2022-04-01 05:54:10,091 - processing started: 412_153 
2022-04-01 05:54:10,217 - processing completed: 412_153
2022-04-01 05:54:10,222 - processing started: 414_154 
2022-04-01 05:54:10,412 - processing completed: 414_154
2022-04-01 05:54:10,417 - processing started: 416_155 
2022-04-01 05:54:10,547 - processing completed: 416_155
2022-04-01 05:54:10,552 - processing started: 418_156 
2022-04-01 05:54:10,751 - processing completed: 418_156
2022-04-01 05:54:10,757 - processing started: 420_157 
2022-04-01 05:54:10,947 - processing completed: 420_157
2022-04-01 05:54:10,952 - processing started: 422_157 
2022-04-01 05:54:11,109 - processing completed: 422_157
2022-04-01 05:54:11,114 - processing started: 424_158 
2022-04-01 05:54:11,341 - processing completed: 424_158
2022-04-01 05:54:11,346 - processing started: 426_159 
2022-04-01 05:54:11,477 - processing completed: 426_159
2022-04-01 05:54:11,482 - processing started: 428_160 
2022-04-01 05:54:11,706 - processing completed: 428_160
2022-04-01 05:54:11,714 - processing started: 430_160 
2022-04-01 05:54:11,850 - processing completed: 430_160
2022-04-01 05:54:11,856 - processing started: 432_161 
2022-04-01 05:54:12,051 - processing completed: 432_161
2022-04-01 05:54:12,057 - processing started: 434_162 
2022-04-01 05:54:12,186 - processing completed: 434_162
2022-04-01 05:54:12,191 - processing started: 436_163 
2022-04-01 05:54:12,383 - processing completed: 436_163
2022-04-01 05:54:12,388 - processing started: 438_164 
2022-04-01 05:54:12,519 - processing completed: 438_164
2022-04-01 05:54:12,523 - processing started: 440_165 
2022-04-01 05:54:12,722 - processing completed: 440_165
2022-04-01 05:54:12,729 - processing started: 442_166 
2022-04-01 05:54:12,886 - processing completed: 442_166
2022-04-01 05:54:12,892 - processing started: 444_167 
2022-04-01 05:54:13,090 - processing completed: 444_167
2022-04-01 05:54:13,095 - processing started: 446_167 
2022-04-01 05:54:13,322 - processing completed: 446_167
2022-04-01 05:54:13,327 - processing started: 448_168 
2022-04-01 05:54:13,467 - processing completed: 448_168
2022-04-01 05:54:13,473 - processing started: 450_168 
2022-04-01 05:54:13,690 - processing completed: 450_168
2022-04-01 05:54:13,696 - processing started: 452_169 
2022-04-01 05:54:13,836 - processing completed: 452_169
2022-04-01 05:54:13,841 - processing started: 454_170 
2022-04-01 05:54:14,065 - processing completed: 454_170
2022-04-01 05:54:14,073 - processing started: 456_171 
2022-04-01 05:54:14,205 - processing completed: 456_171
2022-04-01 05:54:14,210 - processing started: 458_171 
2022-04-01 05:54:14,403 - processing completed: 458_171
2022-04-01 05:54:14,409 - processing started: 460_172 
2022-04-01 05:54:14,535 - processing completed: 460_172
2022-04-01 05:54:14,541 - processing started: 462_173 
2022-04-01 05:54:14,749 - processing completed: 462_173
2022-04-01 05:54:14,755 - processing started: 464_174 
2022-04-01 05:54:14,885 - processing completed: 464_174
2022-04-01 05:54:14,890 - processing started: 466_174 
2022-04-01 05:54:15,102 - processing completed: 466_174
2022-04-01 05:54:15,107 - processing started: 468_175 
2022-04-01 05:54:15,241 - processing completed: 468_175
2022-04-01 05:54:15,246 - processing started: 470_176 
2022-04-01 05:54:15,466 - processing completed: 470_176
2022-04-01 05:54:15,472 - processing started: 472_177 
2022-04-01 05:54:15,620 - processing completed: 472_177
2022-04-01 05:54:15,626 - processing started: 474_178 
2022-04-01 05:54:15,829 - processing completed: 474_178
2022-04-01 05:54:15,833 - processing started: 476_178 
2022-04-01 05:54:16,051 - processing completed: 476_178
2022-04-01 05:54:16,058 - processing started: 478_179 
2022-04-01 05:54:16,207 - processing completed: 478_179
2022-04-01 05:54:16,212 - processing started: 480_180 
2022-04-01 05:54:16,407 - processing completed: 480_180
2022-04-01 05:54:16,411 - processing started: 482_180 
2022-04-01 05:54:16,537 - processing completed: 482_180
2022-04-01 05:54:16,541 - processing started: 484_181 
2022-04-01 05:54:16,741 - processing completed: 484_181
2022-04-01 05:54:16,746 - processing started: 486_182 
2022-04-01 05:54:16,873 - processing completed: 486_182
2022-04-01 05:54:16,879 - processing started: 488_183 
2022-04-01 05:54:17,075 - processing completed: 488_183
2022-04-01 05:54:17,080 - processing started: 490_183 
2022-04-01 05:54:17,221 - processing completed: 490_183
2022-04-01 05:54:17,227 - processing started: 492_184 
2022-04-01 05:54:17,422 - processing completed: 492_184
2022-04-01 05:54:17,427 - processing started: 494_184 
2022-04-01 05:54:17,562 - processing completed: 494_184
2022-04-01 05:54:17,568 - processing started: 496_185 
2022-04-01 05:54:17,798 - processing completed: 496_185
2022-04-01 05:54:17,804 - processing started: 498_186 
2022-04-01 05:54:17,941 - processing completed: 498_186
2022-04-01 05:54:17,946 - processing started: 500_187 
2022-04-01 05:54:18,177 - processing completed: 500_187
2022-04-01 05:54:18,184 - processing started: 502_188 
2022-04-01 05:54:18,322 - processing completed: 502_188
2022-04-01 05:54:18,328 - processing started: 504_188 
2022-04-01 05:54:18,523 - processing completed: 504_188
2022-04-01 05:54:18,529 - processing started: 506_189 
2022-04-01 05:54:18,700 - processing completed: 506_189
2022-04-01 05:54:18,703 - processing started: 508_190 
2022-04-01 05:54:18,852 - processing completed: 508_190
2022-04-01 05:54:18,857 - processing started: 510_191 
2022-04-01 05:54:19,055 - processing completed: 510_191
2022-04-01 05:54:19,059 - processing started: 512_192 
2022-04-01 05:54:19,190 - processing completed: 512_192
2022-04-01 05:54:19,197 - processing started: 514_192 
2022-04-01 05:54:19,402 - processing completed: 514_192
2022-04-01 05:54:19,407 - processing started: 516_193 
2022-04-01 05:54:19,540 - processing completed: 516_193
2022-04-01 05:54:19,545 - processing started: 518_194 
2022-04-01 05:54:19,764 - processing completed: 518_194
2022-04-01 05:54:19,771 - processing started: 520_195 
2022-04-01 05:54:19,905 - processing completed: 520_195
2022-04-01 05:54:19,910 - processing started: 522_196 
2022-04-01 05:54:20,113 - processing completed: 522_196
2022-04-01 05:54:20,118 - processing started: 524_196 
2022-04-01 05:54:20,269 - processing completed: 524_196
2022-04-01 05:54:20,274 - processing started: 526_196 
2022-04-01 05:54:20,479 - processing completed: 526_196
2022-04-01 05:54:20,484 - processing started: 528_197 
2022-04-01 05:54:20,611 - processing completed: 528_197
2022-04-01 05:54:20,615 - processing started: 530_197 
2022-04-01 05:54:20,807 - processing completed: 530_197
2022-04-01 05:54:20,811 - processing started: 532_198 
2022-04-01 05:54:20,942 - processing completed: 532_198
2022-04-01 05:54:20,947 - processing started: 534_199 
2022-04-01 05:54:21,136 - processing completed: 534_199
2022-04-01 05:54:21,141 - processing started: 536_200 
2022-04-01 05:54:21,367 - processing completed: 536_200
2022-04-01 05:54:21,372 - processing started: 538_201 
2022-04-01 05:54:21,503 - processing completed: 538_201
2022-04-01 05:54:21,509 - processing started: 540_202 
2022-04-01 05:54:21,709 - processing completed: 540_202
2022-04-01 05:54:21,714 - processing started: 542_203 
2022-04-01 05:54:21,863 - processing completed: 542_203
2022-04-01 05:54:21,870 - processing started: 544_204 
2022-04-01 05:54:22,075 - processing completed: 544_204
2022-04-01 05:54:22,081 - processing started: 546_205 
2022-04-01 05:54:22,219 - processing completed: 546_205
2022-04-01 05:54:22,224 - processing started: 548_206 
2022-04-01 05:54:22,451 - processing completed: 548_206
2022-04-01 05:54:22,456 - processing started: 550_207 
2022-04-01 05:54:22,589 - processing completed: 550_207
2022-04-01 05:54:22,595 - processing started: 552_207 
2022-04-01 05:54:22,790 - processing completed: 552_207
2022-04-01 05:54:22,794 - processing started: 554_208 
2022-04-01 05:54:22,921 - processing completed: 554_208
2022-04-01 05:54:22,927 - processing started: 556_209 
2022-04-01 05:54:23,143 - processing completed: 556_209
2022-04-01 05:54:23,149 - processing started: 558_210 
2022-04-01 05:54:23,279 - processing completed: 558_210
2022-04-01 05:54:23,284 - processing started: 560_211 
2022-04-01 05:54:23,482 - processing completed: 560_211
2022-04-01 05:54:23,486 - processing started: 562_212 
2022-04-01 05:54:23,637 - processing completed: 562_212
2022-04-01 05:54:23,643 - processing started: 564_213 
2022-04-01 05:54:23,841 - processing completed: 564_213
2022-04-01 05:54:23,845 - processing started: 566_214 
2022-04-01 05:54:24,064 - processing completed: 566_214
2022-04-01 05:54:24,070 - processing started: 568_214 
2022-04-01 05:54:24,208 - processing completed: 568_214
2022-04-01 05:54:24,214 - processing started: 570_214 
2022-04-01 05:54:24,410 - processing completed: 570_214
2022-04-01 05:54:24,415 - processing started: 572_215 
2022-04-01 05:54:24,552 - processing completed: 572_215
2022-04-01 05:54:24,561 - processing started: 574_216 
2022-04-01 05:54:24,781 - processing completed: 574_216
2022-04-01 05:54:24,787 - processing started: 576_217 
2022-04-01 05:54:24,919 - processing completed: 576_217
2022-04-01 05:54:24,924 - processing started: 578_218 
2022-04-01 05:54:25,113 - processing completed: 578_218
2022-04-01 05:54:25,119 - processing started: 580_219 
2022-04-01 05:54:25,248 - processing completed: 580_219
2022-04-01 05:54:25,253 - processing started: 582_220 
2022-04-01 05:54:25,448 - processing completed: 582_220
2022-04-01 05:54:25,453 - processing started: 584_221 
2022-04-01 05:54:25,585 - processing completed: 584_221
2022-04-01 05:54:25,592 - processing started: 586_221 
2022-04-01 05:54:25,797 - processing completed: 586_221
2022-04-01 05:54:25,803 - processing started: 588_222 
2022-04-01 05:54:25,936 - processing completed: 588_222
2022-04-01 05:54:25,942 - processing started: 590_222 
2022-04-01 05:54:26,157 - processing completed: 590_222
2022-04-01 05:54:26,163 - processing started: 592_223 
2022-04-01 05:54:26,288 - processing completed: 592_223
2022-04-01 05:54:26,294 - processing started: 594_224 
2022-04-01 05:54:26,533 - processing completed: 594_224
2022-04-01 05:54:26,539 - processing started: 596_224 
2022-04-01 05:54:26,783 - processing completed: 596_224
2022-04-01 05:54:26,788 - processing started: 598_225 
2022-04-01 05:54:26,898 - processing completed: 598_225
2022-04-01 05:54:26,902 - processing started: 600_225 
2022-04-01 05:54:27,076 - processing completed: 600_225
2022-04-01 05:54:27,080 - processing started: 602_226 
2022-04-01 05:54:27,188 - processing completed: 602_226
2022-04-01 05:54:27,193 - processing started: 604_226 
2022-04-01 05:54:27,367 - processing completed: 604_226
2022-04-01 05:54:27,371 - processing started: 606_227 
2022-04-01 05:54:27,498 - processing completed: 606_227
2022-04-01 05:54:27,502 - processing started: 608_227 
2022-04-01 05:54:27,700 - processing completed: 608_227
2022-04-01 05:54:27,704 - processing started: 610_227 
2022-04-01 05:54:27,819 - processing completed: 610_227
2022-04-01 05:54:27,823 - processing started: 612_227 
2022-04-01 05:54:28,063 - processing completed: 612_227
2022-04-01 05:54:28,068 - processing started: 614_227 
2022-04-01 05:54:28,181 - processing completed: 614_227
2022-04-01 05:54:28,186 - processing started: 616_228 
2022-04-01 05:54:28,392 - processing completed: 616_228
2022-04-01 05:54:28,396 - processing started: 618_229 
2022-04-01 05:54:28,510 - processing completed: 618_229
2022-04-01 05:54:28,516 - processing started: 620_230 
2022-04-01 05:54:28,717 - processing completed: 620_230
2022-04-01 05:54:28,724 - processing started: 622_230 
2022-04-01 05:54:28,848 - processing completed: 622_230
2022-04-01 05:54:28,852 - processing started: 624_231 
2022-04-01 05:54:29,020 - processing completed: 624_231
2022-04-01 05:54:29,024 - processing started: 626_232 
2022-04-01 05:54:29,196 - processing completed: 626_232
2022-04-01 05:54:29,200 - processing started: 628_232 
2022-04-01 05:54:29,305 - processing completed: 628_232
2022-04-01 05:54:29,311 - processing started: 630_232 
2022-04-01 05:54:29,488 - processing completed: 630_232
2022-04-01 05:54:29,492 - processing started: 632_233 
2022-04-01 05:54:29,599 - processing completed: 632_233
2022-04-01 05:54:29,605 - processing started: 634_234 
2022-04-01 05:54:29,783 - processing completed: 634_234
2022-04-01 05:54:29,787 - processing started: 636_234 
2022-04-01 05:54:29,900 - processing completed: 636_234
2022-04-01 05:54:29,904 - processing started: 638_235 
2022-04-01 05:54:30,115 - processing completed: 638_235
2022-04-01 05:54:30,120 - processing started: 640_236 
2022-04-01 05:54:30,280 - processing completed: 640_236
2022-04-01 05:54:30,287 - processing started: 642_236 
2022-04-01 05:54:30,517 - processing completed: 642_236
2022-04-01 05:54:30,522 - processing started: 644_237 
2022-04-01 05:54:30,672 - processing completed: 644_237
2022-04-01 05:54:30,681 - processing started: 646_238 
2022-04-01 05:54:30,912 - processing completed: 646_238
2022-04-01 05:54:30,921 - processing started: 648_239 
2022-04-01 05:54:31,062 - processing completed: 648_239
2022-04-01 05:54:31,066 - processing started: 650_240 
2022-04-01 05:54:31,273 - processing completed: 650_240
2022-04-01 05:54:31,277 - processing started: 652_240 
2022-04-01 05:54:31,426 - processing completed: 652_240
2022-04-01 05:54:31,431 - processing started: 654_241 
2022-04-01 05:54:31,634 - processing completed: 654_241
2022-04-01 05:54:31,639 - processing started: 656_242 
2022-04-01 05:54:31,853 - processing completed: 656_242
2022-04-01 05:54:31,859 - processing started: 658_243 
2022-04-01 05:54:32,006 - processing completed: 658_243
2022-04-01 05:54:32,012 - processing started: 660_243 
2022-04-01 05:54:32,233 - processing completed: 660_243
2022-04-01 05:54:32,238 - processing started: 662_244 
2022-04-01 05:54:32,354 - processing completed: 662_244
2022-04-01 05:54:32,358 - processing started: 664_245 
2022-04-01 05:54:32,524 - processing completed: 664_245
2022-04-01 05:54:32,528 - processing started: 666_246 
2022-04-01 05:54:32,622 - processing completed: 666_246
2022-04-01 05:54:32,626 - processing started: 668_247 
2022-04-01 05:54:32,811 - processing completed: 668_247
2022-04-01 05:54:32,816 - processing started: 670_248 
2022-04-01 05:54:32,909 - processing completed: 670_248
2022-04-01 05:54:32,914 - processing started: 672_248 
2022-04-01 05:54:33,091 - processing completed: 672_248
2022-04-01 05:54:33,097 - processing started: 674_249 
2022-04-01 05:54:33,195 - processing completed: 674_249
2022-04-01 05:54:33,200 - processing started: 676_250 
2022-04-01 05:54:33,361 - processing completed: 676_250
2022-04-01 05:54:33,366 - processing started: 678_251 
2022-04-01 05:54:33,468 - processing completed: 678_251
2022-04-01 05:54:33,473 - processing started: 680_252 
2022-04-01 05:54:33,648 - processing completed: 680_252
2022-04-01 05:54:33,654 - processing started: 682_252 
2022-04-01 05:54:33,759 - processing completed: 682_252
2022-04-01 05:54:33,764 - processing started: 684_253 
2022-04-01 05:54:33,963 - processing completed: 684_253
2022-04-01 05:54:33,968 - processing started: 686_254 
2022-04-01 05:54:34,228 - processing completed: 686_254
2022-04-01 05:54:34,235 - processing started: 688_255 
2022-04-01 05:54:34,398 - processing completed: 688_255
2022-04-01 05:54:34,404 - processing started: 690_256 
2022-04-01 05:54:34,663 - processing completed: 690_256
2022-04-01 05:54:34,670 - processing started: 692_257 
2022-04-01 05:54:34,869 - processing completed: 692_257
2022-04-01 05:54:34,875 - processing started: 694_257 
2022-04-01 05:54:35,144 - processing completed: 694_257
2022-04-01 05:54:35,150 - processing started: 696_258 
2022-04-01 05:54:35,340 - processing completed: 696_258
2022-04-01 05:54:35,347 - processing started: 698_258 
2022-04-01 05:54:35,600 - processing completed: 698_258
2022-04-01 05:54:35,608 - processing started: 700_259 
2022-04-01 05:54:35,763 - processing completed: 700_259
2022-04-01 05:54:35,769 - processing started: 702_260 
2022-04-01 05:54:36,047 - processing completed: 702_260
2022-04-01 05:54:36,055 - processing started: 704_261 
2022-04-01 05:54:36,254 - processing completed: 704_261
2022-04-01 05:54:36,262 - processing started: 706_261 
2022-04-01 05:54:36,606 - processing completed: 706_261
2022-04-01 05:54:36,614 - processing started: 708_262 
2022-04-01 05:54:36,829 - processing completed: 708_262
2022-04-01 05:54:36,836 - processing started: 710_263 
2022-04-01 05:54:37,131 - processing completed: 710_263
2022-04-01 05:54:37,140 - processing started: 712_264 
2022-04-01 05:54:37,438 - processing completed: 712_264
2022-04-01 05:54:37,447 - processing started: 714_264 
2022-04-01 05:54:37,710 - processing completed: 714_264
2022-04-01 05:54:37,720 - processing started: 716_265 
2022-04-01 05:54:38,073 - processing completed: 716_265
2022-04-01 05:54:38,081 - processing started: 718_266 
2022-04-01 05:54:38,321 - processing completed: 718_266
2022-04-01 05:54:38,332 - processing started: 720_267 
2022-04-01 05:54:38,696 - processing completed: 720_267
2022-04-01 05:54:38,705 - processing started: 722_267 
2022-04-01 05:54:38,956 - processing completed: 722_267
2022-04-01 05:54:38,966 - processing started: 724_267 
2022-04-01 05:54:39,343 - processing completed: 724_267
2022-04-01 05:54:39,355 - processing started: 726_268 
2022-04-01 05:54:39,642 - processing completed: 726_268
2022-04-01 05:54:39,655 - processing started: 728_268 
2022-04-01 05:54:40,096 - processing completed: 728_268
2022-04-01 05:54:40,107 - processing started: 730_268 
2022-04-01 05:54:40,375 - processing completed: 730_268
2022-04-01 05:54:40,388 - processing started: 732_268 
2022-04-01 05:54:40,824 - processing completed: 732_268
2022-04-01 05:54:40,838 - processing started: 734_268 
2022-04-01 05:54:41,123 - processing completed: 734_268
2022-04-01 05:54:41,134 - processing started: 736_269 
2022-04-01 05:54:41,559 - processing completed: 736_269
2022-04-01 05:54:41,572 - processing started: 738_270 
2022-04-01 05:54:42,063 - processing completed: 738_270
2022-04-01 05:54:42,097 - processing started: 740_271 
2022-04-01 05:54:42,676 - processing completed: 740_271
2022-04-01 05:54:42,695 - processing started: 742_272 
2022-04-01 05:54:43,202 - processing completed: 742_272
2022-04-01 05:54:43,218 - processing started: 744_272 
2022-04-01 05:54:43,562 - processing completed: 744_272
2022-04-01 05:54:43,578 - processing started: 746_273 
2022-04-01 05:54:44,082 - processing completed: 746_273
2022-04-01 05:54:44,101 - processing started: 748_274 
2022-04-01 05:54:44,485 - processing completed: 748_274
2022-04-01 05:54:44,498 - processing started: 750_274 
2022-04-01 05:54:45,000 - processing completed: 750_274
2022-04-01 05:54:45,013 - processing started: 752_275 
2022-04-01 05:54:45,506 - processing completed: 752_275
2022-04-01 05:54:45,520 - processing started: 754_275 
2022-04-01 05:54:46,139 - processing completed: 754_275
2022-04-01 05:54:46,154 - processing started: 756_276 
2022-04-01 05:54:46,505 - processing completed: 756_276
2022-04-01 05:54:46,523 - processing started: 758_277 
2022-04-01 05:54:47,114 - processing completed: 758_277
2022-04-01 05:54:47,133 - processing started: 760_278 
2022-04-01 05:54:47,612 - processing completed: 760_278
2022-04-01 05:54:47,624 - processing started: 762_278 
2022-04-01 05:54:48,177 - processing completed: 762_278
2022-04-01 05:54:48,192 - processing started: 764_279 
2022-04-01 05:54:48,564 - processing completed: 764_279
2022-04-01 05:54:48,574 - processing started: 766_280 
2022-04-01 05:54:49,029 - processing completed: 766_280
2022-04-01 05:54:49,039 - processing started: 768_281 
2022-04-01 05:54:49,380 - processing completed: 768_281
2022-04-01 05:54:49,389 - processing started: 770_282 
2022-04-01 05:54:49,748 - processing completed: 770_282
2022-04-01 05:54:49,756 - processing started: 772_283 
2022-04-01 05:54:50,122 - processing completed: 772_283
2022-04-01 05:54:50,129 - processing started: 774_284 
2022-04-01 05:54:50,330 - processing completed: 774_284
2022-04-01 05:54:50,342 - processing started: 776_285 
2022-04-01 05:54:50,681 - processing completed: 776_285
2022-04-01 05:54:50,691 - processing started: 778_285 
2022-04-01 05:54:50,895 - processing completed: 778_285
2022-04-01 05:54:50,903 - processing started: 780_286 
2022-04-01 05:54:51,475 - processing completed: 780_286
2022-04-01 05:54:51,489 - processing started: 782_287 
2022-04-01 05:54:51,675 - processing completed: 782_287
2022-04-01 05:54:51,684 - processing started: 784_288 
2022-04-01 05:54:51,972 - processing completed: 784_288
2022-04-01 05:54:51,979 - processing started: 786_289 
2022-04-01 05:54:52,165 - processing completed: 786_289
2022-04-01 05:54:52,175 - processing started: 788_290 
2022-04-01 05:54:52,442 - processing completed: 788_290
2022-04-01 05:54:52,448 - processing started: 790_290 
2022-04-01 05:54:52,624 - processing completed: 790_290
2022-04-01 05:54:52,632 - processing started: 792_291 
2022-04-01 05:54:52,922 - processing completed: 792_291
2022-04-01 05:54:52,933 - processing started: 794_292 
2022-04-01 05:54:53,075 - processing completed: 794_292
2022-04-01 05:54:53,083 - processing started: 796_293 
2022-04-01 05:54:53,265 - processing completed: 796_293
2022-04-01 05:54:53,270 - processing started: 798_294 
2022-04-01 05:54:53,357 - processing completed: 798_294
2022-04-01 05:54:53,362 - processing started: 800_295 
2022-04-01 05:54:53,591 - processing completed: 800_295
2022-04-01 05:54:53,597 - processing started: 802_296 
2022-04-01 05:54:53,842 - processing completed: 802_296
2022-04-01 05:54:53,848 - processing started: 804_296 
2022-04-01 05:54:53,991 - processing completed: 804_296
2022-04-01 05:54:53,996 - processing started: 806_297 
2022-04-01 05:54:54,348 - processing completed: 806_297
2022-04-01 05:54:54,356 - processing started: 808_298 
2022-04-01 05:54:54,480 - processing completed: 808_298
2022-04-01 05:54:54,486 - processing started: 810_299 
2022-04-01 05:54:54,680 - processing completed: 810_299
2022-04-01 05:54:54,686 - processing started: 0_0 
2022-04-01 05:54:54,687 - Closing connection (200): Normal shutdown
2022-04-01 05:54:54,687 - Closing channel (200): 'Normal shutdown' on <Channel number=1 OPEN conn=<SelectConnection OPEN transport=<pika.adapters.utils.io_services_utils._AsyncPlaintextTransport object at 0x11b349280> params=<ConnectionParameters host=localhost port=5672 virtual_host=/ ssl=False>>>
2022-04-01 05:54:54,688 - Received <Channel.CloseOk> on <Channel number=1 CLOSING conn=<SelectConnection OPEN transport=<pika.adapters.utils.io_services_utils._AsyncPlaintextTransport object at 0x11b349280> params=<ConnectionParameters host=localhost port=5672 virtual_host=/ ssl=False>>>
2022-04-01 05:54:54,689 - Closing connection (200): 'Normal shutdown'
2022-04-01 05:54:54,690 - Aborting transport connection: state=1; <socket.socket fd=22, family=AddressFamily.AF_INET, type=SocketKind.SOCK_STREAM, proto=6, laddr=('127.0.0.1', 61551), raddr=('127.0.0.1', 5672)>
2022-04-01 05:54:54,690 - _AsyncTransportBase._initate_abort(): Initiating abrupt asynchronous transport shutdown: state=1; error=None; <socket.socket fd=22, family=AddressFamily.AF_INET, type=SocketKind.SOCK_STREAM, proto=6, laddr=('127.0.0.1', 61551), raddr=('127.0.0.1', 5672)>
2022-04-01 05:54:54,690 - Deactivating transport: state=1; <socket.socket fd=22, family=AddressFamily.AF_INET, type=SocketKind.SOCK_STREAM, proto=6, laddr=('127.0.0.1', 61551), raddr=('127.0.0.1', 5672)>
2022-04-01 05:54:54,690 - AMQP stack terminated, failed to connect, or aborted: opened=True, error-arg=None; pending-error=ConnectionClosedByClient: (200) 'Normal shutdown'
2022-04-01 05:54:54,690 - Stack terminated due to ConnectionClosedByClient: (200) 'Normal shutdown'
2022-04-01 05:54:54,691 - Closing transport socket and unlinking: state=3; <socket.socket fd=22, family=AddressFamily.AF_INET, type=SocketKind.SOCK_STREAM, proto=6, laddr=('127.0.0.1', 61551), raddr=('127.0.0.1', 5672)>
2022-04-01 05:54:54,691 - User-initiated close: result=BlockingConnection__OnClosedArgs(connection=<SelectConnection CLOSED transport=None params=<ConnectionParameters host=localhost port=5672 virtual_host=/ ssl=False>>, error=ConnectionClosedByClient: (200) 'Normal shutdown')
2022-04-01 05:54:54,692 - PID 21293 completed loading and processing
