2022-04-08 08:10:28,812 - PID 52741 started loading and processing
2022-04-08 08:10:28,818 - Pika version 1.2.0 connecting to ('::1', 5672, 0, 0)
2022-04-08 08:10:28,819 - Socket failed to connect: <socket.socket fd=22, family=AddressFamily.AF_INET6, type=SocketKind.SOCK_STREAM, proto=6, laddr=('::1', 50403, 0, 0)>; error=61 (Connection refused)
2022-04-08 08:10:28,819 - TCP Connection attempt failed: ConnectionRefusedError(61, 'Connection refused'); dest=(<AddressFamily.AF_INET6: 30>, <SocketKind.SOCK_STREAM: 1>, 6, '', ('::1', 5672, 0, 0))
2022-04-08 08:10:28,819 - AMQPConnector - reporting failure: AMQPConnectorSocketConnectError: ConnectionRefusedError(61, 'Connection refused')
2022-04-08 08:10:28,819 - Pika version 1.2.0 connecting to ('127.0.0.1', 5672)
2022-04-08 08:10:28,820 - Socket connected: <socket.socket fd=22, family=AddressFamily.AF_INET, type=SocketKind.SOCK_STREAM, proto=6, laddr=('127.0.0.1', 50404), raddr=('127.0.0.1', 5672)>
2022-04-08 08:10:28,820 - Streaming transport linked up: (<pika.adapters.utils.io_services_utils._AsyncPlaintextTransport object at 0x115cdc1c0>, _StreamingProtocolShim: <SelectConnection PROTOCOL transport=<pika.adapters.utils.io_services_utils._AsyncPlaintextTransport object at 0x115cdc1c0> params=<ConnectionParameters host=localhost port=5672 virtual_host=/ ssl=False>>).
2022-04-08 08:10:28,833 - AMQPConnector - reporting success: <SelectConnection OPEN transport=<pika.adapters.utils.io_services_utils._AsyncPlaintextTransport object at 0x115cdc1c0> params=<ConnectionParameters host=localhost port=5672 virtual_host=/ ssl=False>>
2022-04-08 08:10:28,834 - AMQPConnectionWorkflow - reporting success: <SelectConnection OPEN transport=<pika.adapters.utils.io_services_utils._AsyncPlaintextTransport object at 0x115cdc1c0> params=<ConnectionParameters host=localhost port=5672 virtual_host=/ ssl=False>>
2022-04-08 08:10:28,834 - Connection workflow succeeded: <SelectConnection OPEN transport=<pika.adapters.utils.io_services_utils._AsyncPlaintextTransport object at 0x115cdc1c0> params=<ConnectionParameters host=localhost port=5672 virtual_host=/ ssl=False>>
2022-04-08 08:10:28,834 - Created channel=1
2022-04-08 08:10:28,836 - Logging before start consuming
2022-04-08 08:10:35,956 - processing started: 0_000 
2022-04-08 08:10:36,135 - processing completed: 0_000
2022-04-08 08:10:36,156 - processing started: 2_000 
2022-04-08 08:10:36,366 - processing completed: 2_000
2022-04-08 08:10:36,371 - processing started: 4_001 
2022-04-08 08:10:36,617 - processing completed: 4_001
2022-04-08 08:10:36,624 - processing started: 6_002 
2022-04-08 08:10:36,794 - processing completed: 6_002
2022-04-08 08:10:36,799 - processing started: 8_003 
2022-04-08 08:10:37,038 - processing completed: 8_003
2022-04-08 08:10:37,045 - processing started: 10_004 
2022-04-08 08:10:37,233 - processing completed: 10_004
2022-04-08 08:10:37,239 - processing started: 12_005 
2022-04-08 08:10:37,487 - processing completed: 12_005
2022-04-08 08:10:37,493 - processing started: 14_005 
2022-04-08 08:10:37,678 - processing completed: 14_005
2022-04-08 08:10:37,684 - processing started: 16_006 
2022-04-08 08:10:37,941 - processing completed: 16_006
2022-04-08 08:10:37,948 - processing started: 18_007 
2022-04-08 08:10:38,131 - processing completed: 18_007
2022-04-08 08:10:38,137 - processing started: 20_008 
2022-04-08 08:10:38,365 - processing completed: 20_008
2022-04-08 08:10:38,371 - processing started: 22_009 
2022-04-08 08:10:38,567 - processing completed: 22_009
2022-04-08 08:10:38,574 - processing started: 24_009 
2022-04-08 08:10:38,841 - processing completed: 24_009
2022-04-08 08:10:38,847 - processing started: 26_010 
2022-04-08 08:10:39,060 - processing completed: 26_010
2022-04-08 08:10:39,066 - processing started: 28_011 
2022-04-08 08:10:39,367 - processing completed: 28_011
2022-04-08 08:10:39,374 - processing started: 30_012 
2022-04-08 08:10:39,456 - processing completed: 30_012
2022-04-08 08:10:39,460 - processing started: 32_013 
2022-04-08 08:10:39,692 - processing completed: 32_013
2022-04-08 08:10:39,697 - processing started: 34_014 
2022-04-08 08:10:39,887 - processing completed: 34_014
2022-04-08 08:10:39,891 - processing started: 36_014 
2022-04-08 08:10:40,007 - processing completed: 36_014
2022-04-08 08:10:40,013 - processing started: 38_015 
2022-04-08 08:10:40,207 - processing completed: 38_015
2022-04-08 08:10:40,211 - processing started: 40_015 
2022-04-08 08:10:40,346 - processing completed: 40_015
2022-04-08 08:10:40,351 - processing started: 42_015 
2022-04-08 08:10:40,552 - processing completed: 42_015
2022-04-08 08:10:40,557 - processing started: 44_016 
2022-04-08 08:10:40,696 - processing completed: 44_016
2022-04-08 08:10:40,701 - processing started: 46_017 
2022-04-08 08:10:40,920 - processing completed: 46_017
2022-04-08 08:10:40,925 - processing started: 48_018 
2022-04-08 08:10:41,080 - processing completed: 48_018
2022-04-08 08:10:41,086 - processing started: 50_019 
2022-04-08 08:10:41,357 - processing completed: 50_019
2022-04-08 08:10:41,363 - processing started: 52_020 
2022-04-08 08:10:41,538 - processing completed: 52_020
2022-04-08 08:10:41,545 - processing started: 54_021 
2022-04-08 08:10:41,768 - processing completed: 54_021
2022-04-08 08:10:41,773 - processing started: 56_022 
2022-04-08 08:10:41,966 - processing completed: 56_022
2022-04-08 08:10:41,972 - processing started: 58_022 
2022-04-08 08:10:42,238 - processing completed: 58_022
2022-04-08 08:10:42,246 - processing started: 60_023 
2022-04-08 08:10:42,385 - processing completed: 60_023
2022-04-08 08:10:42,390 - processing started: 62_023 
2022-04-08 08:10:42,610 - processing completed: 62_023
2022-04-08 08:10:42,615 - processing started: 64_024 
2022-04-08 08:10:42,815 - processing completed: 64_024
2022-04-08 08:10:42,820 - processing started: 66_025 
2022-04-08 08:10:42,959 - processing completed: 66_025
2022-04-08 08:10:42,964 - processing started: 68_026 
2022-04-08 08:10:43,215 - processing completed: 68_026
2022-04-08 08:10:43,220 - processing started: 70_027 
2022-04-08 08:10:43,354 - processing completed: 70_027
2022-04-08 08:10:43,358 - processing started: 72_028 
2022-04-08 08:10:43,578 - processing completed: 72_028
2022-04-08 08:10:43,583 - processing started: 74_028 
2022-04-08 08:10:43,728 - processing completed: 74_028
2022-04-08 08:10:43,734 - processing started: 76_029 
2022-04-08 08:10:43,931 - processing completed: 76_029
2022-04-08 08:10:43,935 - processing started: 78_030 
2022-04-08 08:10:44,068 - processing completed: 78_030
2022-04-08 08:10:44,074 - processing started: 80_031 
2022-04-08 08:10:44,276 - processing completed: 80_031
2022-04-08 08:10:44,281 - processing started: 82_031 
2022-04-08 08:10:44,419 - processing completed: 82_031
2022-04-08 08:10:44,424 - processing started: 84_032 
2022-04-08 08:10:44,680 - processing completed: 84_032
2022-04-08 08:10:44,686 - processing started: 86_032 
2022-04-08 08:10:44,868 - processing completed: 86_032
2022-04-08 08:10:44,876 - processing started: 88_033 
2022-04-08 08:10:45,082 - processing completed: 88_033
2022-04-08 08:10:45,086 - processing started: 90_033 
2022-04-08 08:10:45,205 - processing completed: 90_033
2022-04-08 08:10:45,210 - processing started: 92_033 
2022-04-08 08:10:45,407 - processing completed: 92_033
2022-04-08 08:10:45,412 - processing started: 94_034 
2022-04-08 08:10:45,604 - processing completed: 94_034
2022-04-08 08:10:45,609 - processing started: 96_035 
2022-04-08 08:10:45,721 - processing completed: 96_035
2022-04-08 08:10:45,727 - processing started: 98_035 
2022-04-08 08:10:45,916 - processing completed: 98_035
2022-04-08 08:10:45,920 - processing started: 100_036 
2022-04-08 08:10:46,035 - processing completed: 100_036
2022-04-08 08:10:46,041 - processing started: 102_037 
2022-04-08 08:10:46,225 - processing completed: 102_037
2022-04-08 08:10:46,229 - processing started: 104_038 
2022-04-08 08:10:46,347 - processing completed: 104_038
2022-04-08 08:10:46,351 - processing started: 106_039 
2022-04-08 08:10:46,577 - processing completed: 106_039
2022-04-08 08:10:46,583 - processing started: 108_039 
2022-04-08 08:10:46,724 - processing completed: 108_039
2022-04-08 08:10:46,729 - processing started: 110_040 
2022-04-08 08:10:46,965 - processing completed: 110_040
2022-04-08 08:10:46,971 - processing started: 112_040 
2022-04-08 08:10:47,104 - processing completed: 112_040
2022-04-08 08:10:47,110 - processing started: 114_040 
2022-04-08 08:10:47,293 - processing completed: 114_040
2022-04-08 08:10:47,297 - processing started: 116_041 
2022-04-08 08:10:47,420 - processing completed: 116_041
2022-04-08 08:10:47,425 - processing started: 118_042 
2022-04-08 08:10:47,607 - processing completed: 118_042
2022-04-08 08:10:47,612 - processing started: 120_042 
2022-04-08 08:10:47,720 - processing completed: 120_042
2022-04-08 08:10:47,724 - processing started: 122_043 
2022-04-08 08:10:47,883 - processing completed: 122_043
2022-04-08 08:10:47,887 - processing started: 124_044 
2022-04-08 08:10:48,072 - processing completed: 124_044
2022-04-08 08:10:48,076 - processing started: 126_044 
2022-04-08 08:10:48,183 - processing completed: 126_044
2022-04-08 08:10:48,188 - processing started: 128_045 
2022-04-08 08:10:48,364 - processing completed: 128_045
2022-04-08 08:10:48,368 - processing started: 130_046 
2022-04-08 08:10:48,478 - processing completed: 130_046
2022-04-08 08:10:48,482 - processing started: 132_047 
2022-04-08 08:10:48,665 - processing completed: 132_047
2022-04-08 08:10:48,670 - processing started: 134_048 
2022-04-08 08:10:48,784 - processing completed: 134_048
2022-04-08 08:10:48,788 - processing started: 136_048 
2022-04-08 08:10:48,997 - processing completed: 136_048
2022-04-08 08:10:49,001 - processing started: 138_049 
2022-04-08 08:10:49,142 - processing completed: 138_049
2022-04-08 08:10:49,146 - processing started: 140_050 
2022-04-08 08:10:49,341 - processing completed: 140_050
2022-04-08 08:10:49,346 - processing started: 142_050 
2022-04-08 08:10:49,464 - processing completed: 142_050
2022-04-08 08:10:49,469 - processing started: 144_051 
2022-04-08 08:10:49,654 - processing completed: 144_051
2022-04-08 08:10:49,658 - processing started: 146_051 
2022-04-08 08:10:49,778 - processing completed: 146_051
2022-04-08 08:10:49,782 - processing started: 148_052 
2022-04-08 08:10:49,963 - processing completed: 148_052
2022-04-08 08:10:49,968 - processing started: 150_053 
2022-04-08 08:10:50,103 - processing completed: 150_053
2022-04-08 08:10:50,107 - processing started: 152_054 
2022-04-08 08:10:50,279 - processing completed: 152_054
2022-04-08 08:10:50,283 - processing started: 154_055 
2022-04-08 08:10:50,483 - processing completed: 154_055
2022-04-08 08:10:50,488 - processing started: 156_056 
2022-04-08 08:10:50,608 - processing completed: 156_056
2022-04-08 08:10:50,612 - processing started: 158_057 
2022-04-08 08:10:50,788 - processing completed: 158_057
2022-04-08 08:10:50,793 - processing started: 160_058 
2022-04-08 08:10:51,011 - processing completed: 160_058
2022-04-08 08:10:51,017 - processing started: 162_058 
2022-04-08 08:10:51,271 - processing completed: 162_058
2022-04-08 08:10:51,281 - processing started: 164_059 
2022-04-08 08:10:51,411 - processing completed: 164_059
2022-04-08 08:10:51,415 - processing started: 166_060 
2022-04-08 08:10:51,597 - processing completed: 166_060
2022-04-08 08:10:51,602 - processing started: 168_061 
2022-04-08 08:10:51,726 - processing completed: 168_061
2022-04-08 08:10:51,730 - processing started: 170_062 
2022-04-08 08:10:51,910 - processing completed: 170_062
2022-04-08 08:10:51,915 - processing started: 172_062 
2022-04-08 08:10:52,027 - processing completed: 172_062
2022-04-08 08:10:52,031 - processing started: 174_063 
2022-04-08 08:10:52,308 - processing completed: 174_063
2022-04-08 08:10:52,314 - processing started: 176_064 
2022-04-08 08:10:52,532 - processing completed: 176_064
2022-04-08 08:10:52,538 - processing started: 178_064 
2022-04-08 08:10:52,809 - processing completed: 178_064
2022-04-08 08:10:52,815 - processing started: 180_065 
2022-04-08 08:10:53,106 - processing completed: 180_065
2022-04-08 08:10:53,112 - processing started: 182_066 
2022-04-08 08:10:53,338 - processing completed: 182_066
2022-04-08 08:10:53,344 - processing started: 184_066 
2022-04-08 08:10:53,599 - processing completed: 184_066
2022-04-08 08:10:53,605 - processing started: 186_066 
2022-04-08 08:10:53,781 - processing completed: 186_066
2022-04-08 08:10:53,787 - processing started: 188_067 
2022-04-08 08:10:53,889 - processing completed: 188_067
2022-04-08 08:10:53,893 - processing started: 190_067 
2022-04-08 08:10:54,027 - processing completed: 190_067
2022-04-08 08:10:54,031 - processing started: 192_067 
2022-04-08 08:10:54,275 - processing completed: 192_067
2022-04-08 08:10:54,281 - processing started: 194_068 
2022-04-08 08:10:54,425 - processing completed: 194_068
2022-04-08 08:10:54,430 - processing started: 196_069 
2022-04-08 08:10:54,622 - processing completed: 196_069
2022-04-08 08:10:54,627 - processing started: 198_069 
2022-04-08 08:10:54,761 - processing completed: 198_069
2022-04-08 08:10:54,766 - processing started: 200_070 
2022-04-08 08:10:54,873 - processing completed: 200_070
2022-04-08 08:10:54,876 - processing started: 202_071 
2022-04-08 08:10:55,073 - processing completed: 202_071
2022-04-08 08:10:55,080 - processing started: 204_072 
2022-04-08 08:10:55,339 - processing completed: 204_072
2022-04-08 08:10:55,345 - processing started: 206_072 
2022-04-08 08:10:55,561 - processing completed: 206_072
2022-04-08 08:10:55,568 - processing started: 208_073 
2022-04-08 08:10:55,823 - processing completed: 208_073
2022-04-08 08:10:55,829 - processing started: 210_074 
2022-04-08 08:10:56,096 - processing completed: 210_074
2022-04-08 08:10:56,103 - processing started: 212_075 
2022-04-08 08:10:56,284 - processing completed: 212_075
2022-04-08 08:10:56,289 - processing started: 214_076 
2022-04-08 08:10:56,555 - processing completed: 214_076
2022-04-08 08:10:56,563 - processing started: 216_077 
2022-04-08 08:10:56,754 - processing completed: 216_077
2022-04-08 08:10:56,760 - processing started: 218_078 
2022-04-08 08:10:57,000 - processing completed: 218_078
2022-04-08 08:10:57,006 - processing started: 220_079 
2022-04-08 08:10:57,192 - processing completed: 220_079
2022-04-08 08:10:57,198 - processing started: 222_079 
2022-04-08 08:10:57,448 - processing completed: 222_079
2022-04-08 08:10:57,454 - processing started: 224_080 
2022-04-08 08:10:57,547 - processing completed: 224_080
2022-04-08 08:10:57,550 - processing started: 226_081 
2022-04-08 08:10:57,749 - processing completed: 226_081
2022-04-08 08:10:57,754 - processing started: 228_081 
2022-04-08 08:10:57,904 - processing completed: 228_081
2022-04-08 08:10:57,910 - processing started: 230_081 
2022-04-08 08:10:58,101 - processing completed: 230_081
2022-04-08 08:10:58,107 - processing started: 232_082 
2022-04-08 08:10:58,231 - processing completed: 232_082
2022-04-08 08:10:58,236 - processing started: 234_082 
2022-04-08 08:10:58,416 - processing completed: 234_082
2022-04-08 08:10:58,420 - processing started: 236_083 
2022-04-08 08:10:58,547 - processing completed: 236_083
2022-04-08 08:10:58,552 - processing started: 238_084 
2022-04-08 08:10:58,753 - processing completed: 238_084
2022-04-08 08:10:58,758 - processing started: 240_085 
2022-04-08 08:10:58,946 - processing completed: 240_085
2022-04-08 08:10:58,951 - processing started: 242_086 
2022-04-08 08:10:59,088 - processing completed: 242_086
2022-04-08 08:10:59,093 - processing started: 244_087 
2022-04-08 08:10:59,270 - processing completed: 244_087
2022-04-08 08:10:59,275 - processing started: 246_088 
2022-04-08 08:10:59,403 - processing completed: 246_088
2022-04-08 08:10:59,407 - processing started: 248_088 
2022-04-08 08:10:59,600 - processing completed: 248_088
2022-04-08 08:10:59,605 - processing started: 250_089 
2022-04-08 08:10:59,684 - processing completed: 250_089
2022-04-08 08:10:59,688 - processing started: 252_090 
2022-04-08 08:10:59,841 - processing completed: 252_090
2022-04-08 08:10:59,845 - processing started: 254_091 
2022-04-08 08:10:59,930 - processing completed: 254_091
2022-04-08 08:10:59,934 - processing started: 256_092 
2022-04-08 08:11:00,089 - processing completed: 256_092
2022-04-08 08:11:00,092 - processing started: 258_093 
2022-04-08 08:11:00,216 - processing completed: 258_093
2022-04-08 08:11:00,222 - processing started: 260_094 
2022-04-08 08:11:00,414 - processing completed: 260_094
2022-04-08 08:11:00,418 - processing started: 262_094 
2022-04-08 08:11:00,529 - processing completed: 262_094
2022-04-08 08:11:00,535 - processing started: 264_095 
2022-04-08 08:11:00,709 - processing completed: 264_095
2022-04-08 08:11:00,714 - processing started: 266_096 
2022-04-08 08:11:00,828 - processing completed: 266_096
2022-04-08 08:11:00,833 - processing started: 268_097 
2022-04-08 08:11:01,005 - processing completed: 268_097
2022-04-08 08:11:01,010 - processing started: 270_098 
2022-04-08 08:11:01,187 - processing completed: 270_098
2022-04-08 08:11:01,193 - processing started: 272_099 
2022-04-08 08:11:01,284 - processing completed: 272_099
2022-04-08 08:11:01,288 - processing started: 274_100 
2022-04-08 08:11:01,497 - processing completed: 274_100
2022-04-08 08:11:01,503 - processing started: 276_101 
2022-04-08 08:11:01,601 - processing completed: 276_101
2022-04-08 08:11:01,608 - processing started: 278_102 
2022-04-08 08:11:01,773 - processing completed: 278_102
2022-04-08 08:11:01,776 - processing started: 280_103 
2022-04-08 08:11:01,883 - processing completed: 280_103
2022-04-08 08:11:01,888 - processing started: 282_103 
2022-04-08 08:11:02,061 - processing completed: 282_103
2022-04-08 08:11:02,065 - processing started: 284_104 
2022-04-08 08:11:02,175 - processing completed: 284_104
2022-04-08 08:11:02,179 - processing started: 286_105 
2022-04-08 08:11:02,369 - processing completed: 286_105
2022-04-08 08:11:02,373 - processing started: 288_106 
2022-04-08 08:11:02,467 - processing completed: 288_106
2022-04-08 08:11:02,473 - processing started: 290_107 
2022-04-08 08:11:02,637 - processing completed: 290_107
2022-04-08 08:11:02,642 - processing started: 292_108 
2022-04-08 08:11:02,726 - processing completed: 292_108
2022-04-08 08:11:02,730 - processing started: 294_108 
2022-04-08 08:11:02,887 - processing completed: 294_108
2022-04-08 08:11:02,891 - processing started: 296_109 
2022-04-08 08:11:02,981 - processing completed: 296_109
2022-04-08 08:11:02,985 - processing started: 298_110 
2022-04-08 08:11:03,149 - processing completed: 298_110
2022-04-08 08:11:03,154 - processing started: 300_111 
2022-04-08 08:11:03,303 - processing completed: 300_111
2022-04-08 08:11:03,308 - processing started: 302_112 
2022-04-08 08:11:03,397 - processing completed: 302_112
2022-04-08 08:11:03,401 - processing started: 304_113 
2022-04-08 08:11:03,558 - processing completed: 304_113
2022-04-08 08:11:03,562 - processing started: 306_114 
2022-04-08 08:11:03,701 - processing completed: 306_114
2022-04-08 08:11:03,707 - processing started: 308_115 
2022-04-08 08:11:03,922 - processing completed: 308_115
2022-04-08 08:11:03,928 - processing started: 310_116 
2022-04-08 08:11:04,111 - processing completed: 310_116
2022-04-08 08:11:04,119 - processing started: 312_117 
2022-04-08 08:11:04,355 - processing completed: 312_117
2022-04-08 08:11:04,360 - processing started: 314_117 
2022-04-08 08:11:04,505 - processing completed: 314_117
2022-04-08 08:11:04,512 - processing started: 316_118 
2022-04-08 08:11:04,711 - processing completed: 316_118
2022-04-08 08:11:04,717 - processing started: 318_119 
2022-04-08 08:11:04,853 - processing completed: 318_119
2022-04-08 08:11:04,859 - processing started: 320_120 
2022-04-08 08:11:05,042 - processing completed: 320_120
2022-04-08 08:11:05,048 - processing started: 322_120 
2022-04-08 08:11:05,184 - processing completed: 322_120
2022-04-08 08:11:05,188 - processing started: 324_121 
2022-04-08 08:11:05,393 - processing completed: 324_121
2022-04-08 08:11:05,398 - processing started: 326_122 
2022-04-08 08:11:05,534 - processing completed: 326_122
2022-04-08 08:11:05,540 - processing started: 328_123 
2022-04-08 08:11:05,741 - processing completed: 328_123
2022-04-08 08:11:05,748 - processing started: 330_123 
2022-04-08 08:11:05,984 - processing completed: 330_123
2022-04-08 08:11:05,990 - processing started: 332_124 
2022-04-08 08:11:06,126 - processing completed: 332_124
2022-04-08 08:11:06,132 - processing started: 334_124 
2022-04-08 08:11:06,360 - processing completed: 334_124
2022-04-08 08:11:06,366 - processing started: 336_124 
2022-04-08 08:11:06,509 - processing completed: 336_124
2022-04-08 08:11:06,515 - processing started: 338_124 
2022-04-08 08:11:06,721 - processing completed: 338_124
2022-04-08 08:11:06,725 - processing started: 340_125 
2022-04-08 08:11:06,857 - processing completed: 340_125
2022-04-08 08:11:06,863 - processing started: 342_126 
2022-04-08 08:11:07,071 - processing completed: 342_126
2022-04-08 08:11:07,075 - processing started: 344_126 
2022-04-08 08:11:07,213 - processing completed: 344_126
2022-04-08 08:11:07,217 - processing started: 346_127 
2022-04-08 08:11:07,436 - processing completed: 346_127
2022-04-08 08:11:07,441 - processing started: 348_128 
2022-04-08 08:11:07,572 - processing completed: 348_128
2022-04-08 08:11:07,578 - processing started: 350_129 
2022-04-08 08:11:07,774 - processing completed: 350_129
2022-04-08 08:11:07,779 - processing started: 352_130 
2022-04-08 08:11:07,930 - processing completed: 352_130
2022-04-08 08:11:07,935 - processing started: 354_131 
2022-04-08 08:11:08,135 - processing completed: 354_131
2022-04-08 08:11:08,141 - processing started: 356_132 
2022-04-08 08:11:08,270 - processing completed: 356_132
2022-04-08 08:11:08,275 - processing started: 358_133 
2022-04-08 08:11:08,492 - processing completed: 358_133
2022-04-08 08:11:08,498 - processing started: 360_134 
2022-04-08 08:11:08,699 - processing completed: 360_134
2022-04-08 08:11:08,704 - processing started: 362_134 
2022-04-08 08:11:08,831 - processing completed: 362_134
2022-04-08 08:11:08,838 - processing started: 364_134 
2022-04-08 08:11:09,028 - processing completed: 364_134
2022-04-08 08:11:09,033 - processing started: 366_135 
2022-04-08 08:11:09,158 - processing completed: 366_135
2022-04-08 08:11:09,163 - processing started: 368_136 
2022-04-08 08:11:09,351 - processing completed: 368_136
2022-04-08 08:11:09,355 - processing started: 370_137 
2022-04-08 08:11:09,492 - processing completed: 370_137
2022-04-08 08:11:09,497 - processing started: 372_138 
2022-04-08 08:11:09,685 - processing completed: 372_138
2022-04-08 08:11:09,690 - processing started: 374_139 
2022-04-08 08:11:09,817 - processing completed: 374_139
2022-04-08 08:11:09,822 - processing started: 376_140 
2022-04-08 08:11:10,038 - processing completed: 376_140
2022-04-08 08:11:10,044 - processing started: 378_140 
2022-04-08 08:11:10,177 - processing completed: 378_140
2022-04-08 08:11:10,182 - processing started: 380_141 
2022-04-08 08:11:10,379 - processing completed: 380_141
2022-04-08 08:11:10,386 - processing started: 382_142 
2022-04-08 08:11:10,537 - processing completed: 382_142
2022-04-08 08:11:10,543 - processing started: 384_143 
2022-04-08 08:11:10,736 - processing completed: 384_143
2022-04-08 08:11:10,740 - processing started: 386_144 
2022-04-08 08:11:10,867 - processing completed: 386_144
2022-04-08 08:11:10,872 - processing started: 388_145 
2022-04-08 08:11:11,057 - processing completed: 388_145
2022-04-08 08:11:11,062 - processing started: 390_145 
2022-04-08 08:11:11,252 - processing completed: 390_145
2022-04-08 08:11:11,258 - processing started: 392_145 
2022-04-08 08:11:11,386 - processing completed: 392_145
2022-04-08 08:11:11,392 - processing started: 394_146 
2022-04-08 08:11:11,590 - processing completed: 394_146
2022-04-08 08:11:11,594 - processing started: 396_147 
2022-04-08 08:11:11,721 - processing completed: 396_147
2022-04-08 08:11:11,726 - processing started: 398_147 
2022-04-08 08:11:11,920 - processing completed: 398_147
2022-04-08 08:11:11,927 - processing started: 400_148 
2022-04-08 08:11:12,076 - processing completed: 400_148
2022-04-08 08:11:12,081 - processing started: 402_149 
2022-04-08 08:11:12,293 - processing completed: 402_149
2022-04-08 08:11:12,297 - processing started: 404_149 
2022-04-08 08:11:12,427 - processing completed: 404_149
2022-04-08 08:11:12,432 - processing started: 406_150 
2022-04-08 08:11:12,645 - processing completed: 406_150
2022-04-08 08:11:12,650 - processing started: 408_151 
2022-04-08 08:11:12,783 - processing completed: 408_151
2022-04-08 08:11:12,788 - processing started: 410_152 
2022-04-08 08:11:12,979 - processing completed: 410_152
2022-04-08 08:11:12,984 - processing started: 412_153 
2022-04-08 08:11:13,110 - processing completed: 412_153
2022-04-08 08:11:13,115 - processing started: 414_154 
2022-04-08 08:11:13,303 - processing completed: 414_154
2022-04-08 08:11:13,308 - processing started: 416_155 
2022-04-08 08:11:13,434 - processing completed: 416_155
2022-04-08 08:11:13,439 - processing started: 418_156 
2022-04-08 08:11:13,632 - processing completed: 418_156
2022-04-08 08:11:13,638 - processing started: 420_157 
2022-04-08 08:11:13,844 - processing completed: 420_157
2022-04-08 08:11:13,849 - processing started: 422_157 
2022-04-08 08:11:13,985 - processing completed: 422_157
2022-04-08 08:11:13,992 - processing started: 424_158 
2022-04-08 08:11:14,202 - processing completed: 424_158
2022-04-08 08:11:14,206 - processing started: 426_159 
2022-04-08 08:11:14,337 - processing completed: 426_159
2022-04-08 08:11:14,341 - processing started: 428_160 
2022-04-08 08:11:14,542 - processing completed: 428_160
2022-04-08 08:11:14,548 - processing started: 430_160 
2022-04-08 08:11:14,688 - processing completed: 430_160
2022-04-08 08:11:14,696 - processing started: 432_161 
2022-04-08 08:11:14,905 - processing completed: 432_161
2022-04-08 08:11:14,911 - processing started: 434_162 
2022-04-08 08:11:15,042 - processing completed: 434_162
2022-04-08 08:11:15,046 - processing started: 436_163 
2022-04-08 08:11:15,230 - processing completed: 436_163
2022-04-08 08:11:15,234 - processing started: 438_164 
2022-04-08 08:11:15,362 - processing completed: 438_164
2022-04-08 08:11:15,367 - processing started: 440_165 
2022-04-08 08:11:15,563 - processing completed: 440_165
2022-04-08 08:11:15,570 - processing started: 442_166 
2022-04-08 08:11:15,693 - processing completed: 442_166
2022-04-08 08:11:15,698 - processing started: 444_167 
2022-04-08 08:11:15,902 - processing completed: 444_167
2022-04-08 08:11:15,908 - processing started: 446_167 
2022-04-08 08:11:16,119 - processing completed: 446_167
2022-04-08 08:11:16,124 - processing started: 448_168 
2022-04-08 08:11:16,286 - processing completed: 448_168
2022-04-08 08:11:16,291 - processing started: 450_168 
2022-04-08 08:11:16,492 - processing completed: 450_168
2022-04-08 08:11:16,497 - processing started: 452_169 
2022-04-08 08:11:16,623 - processing completed: 452_169
2022-04-08 08:11:16,629 - processing started: 454_170 
2022-04-08 08:11:16,839 - processing completed: 454_170
2022-04-08 08:11:16,845 - processing started: 456_171 
2022-04-08 08:11:16,982 - processing completed: 456_171
2022-04-08 08:11:16,988 - processing started: 458_171 
2022-04-08 08:11:17,191 - processing completed: 458_171
2022-04-08 08:11:17,197 - processing started: 460_172 
2022-04-08 08:11:17,326 - processing completed: 460_172
2022-04-08 08:11:17,331 - processing started: 462_173 
2022-04-08 08:11:17,524 - processing completed: 462_173
2022-04-08 08:11:17,529 - processing started: 464_174 
2022-04-08 08:11:17,656 - processing completed: 464_174
2022-04-08 08:11:17,661 - processing started: 466_174 
2022-04-08 08:11:17,849 - processing completed: 466_174
2022-04-08 08:11:17,855 - processing started: 468_175 
2022-04-08 08:11:17,982 - processing completed: 468_175
2022-04-08 08:11:17,988 - processing started: 470_176 
2022-04-08 08:11:18,183 - processing completed: 470_176
2022-04-08 08:11:18,188 - processing started: 472_177 
2022-04-08 08:11:18,327 - processing completed: 472_177
2022-04-08 08:11:18,332 - processing started: 474_178 
2022-04-08 08:11:18,541 - processing completed: 474_178
2022-04-08 08:11:18,547 - processing started: 476_178 
2022-04-08 08:11:18,753 - processing completed: 476_178
2022-04-08 08:11:18,759 - processing started: 478_179 
2022-04-08 08:11:18,896 - processing completed: 478_179
2022-04-08 08:11:18,902 - processing started: 480_180 
2022-04-08 08:11:19,117 - processing completed: 480_180
2022-04-08 08:11:19,124 - processing started: 482_180 
2022-04-08 08:11:19,252 - processing completed: 482_180
2022-04-08 08:11:19,257 - processing started: 484_181 
2022-04-08 08:11:19,447 - processing completed: 484_181
2022-04-08 08:11:19,453 - processing started: 486_182 
2022-04-08 08:11:19,580 - processing completed: 486_182
2022-04-08 08:11:19,585 - processing started: 488_183 
2022-04-08 08:11:19,773 - processing completed: 488_183
2022-04-08 08:11:19,777 - processing started: 490_183 
2022-04-08 08:11:19,906 - processing completed: 490_183
2022-04-08 08:11:19,910 - processing started: 492_184 
2022-04-08 08:11:20,102 - processing completed: 492_184
2022-04-08 08:11:20,108 - processing started: 494_184 
2022-04-08 08:11:20,250 - processing completed: 494_184
2022-04-08 08:11:20,256 - processing started: 496_185 
2022-04-08 08:11:20,468 - processing completed: 496_185
2022-04-08 08:11:20,473 - processing started: 498_186 
2022-04-08 08:11:20,612 - processing completed: 498_186
2022-04-08 08:11:20,617 - processing started: 500_187 
2022-04-08 08:11:20,814 - processing completed: 500_187
2022-04-08 08:11:20,819 - processing started: 502_188 
2022-04-08 08:11:20,963 - processing completed: 502_188
2022-04-08 08:11:20,968 - processing started: 504_188 
2022-04-08 08:11:21,172 - processing completed: 504_188
2022-04-08 08:11:21,178 - processing started: 506_189 
2022-04-08 08:11:21,349 - processing completed: 506_189
2022-04-08 08:11:21,353 - processing started: 508_190 
2022-04-08 08:11:21,479 - processing completed: 508_190
2022-04-08 08:11:21,484 - processing started: 510_191 
2022-04-08 08:11:21,686 - processing completed: 510_191
2022-04-08 08:11:21,691 - processing started: 512_192 
2022-04-08 08:11:21,822 - processing completed: 512_192
2022-04-08 08:11:21,828 - processing started: 514_192 
2022-04-08 08:11:22,022 - processing completed: 514_192
2022-04-08 08:11:22,027 - processing started: 516_193 
2022-04-08 08:11:22,157 - processing completed: 516_193
2022-04-08 08:11:22,161 - processing started: 518_194 
2022-04-08 08:11:22,373 - processing completed: 518_194
2022-04-08 08:11:22,380 - processing started: 520_195 
2022-04-08 08:11:22,534 - processing completed: 520_195
2022-04-08 08:11:22,539 - processing started: 522_196 
2022-04-08 08:11:22,741 - processing completed: 522_196
2022-04-08 08:11:22,746 - processing started: 524_196 
2022-04-08 08:11:22,876 - processing completed: 524_196
2022-04-08 08:11:22,882 - processing started: 526_196 
2022-04-08 08:11:23,098 - processing completed: 526_196
2022-04-08 08:11:23,104 - processing started: 528_197 
2022-04-08 08:11:23,233 - processing completed: 528_197
2022-04-08 08:11:23,239 - processing started: 530_197 
2022-04-08 08:11:23,435 - processing completed: 530_197
2022-04-08 08:11:23,441 - processing started: 532_198 
2022-04-08 08:11:23,566 - processing completed: 532_198
2022-04-08 08:11:23,570 - processing started: 534_199 
2022-04-08 08:11:23,764 - processing completed: 534_199
2022-04-08 08:11:23,769 - processing started: 536_200 
2022-04-08 08:11:23,962 - processing completed: 536_200
2022-04-08 08:11:23,969 - processing started: 538_201 
2022-04-08 08:11:24,094 - processing completed: 538_201
2022-04-08 08:11:24,100 - processing started: 540_202 
2022-04-08 08:11:24,287 - processing completed: 540_202
2022-04-08 08:11:24,293 - processing started: 542_203 
2022-04-08 08:11:24,438 - processing completed: 542_203
2022-04-08 08:11:24,444 - processing started: 544_204 
2022-04-08 08:11:24,663 - processing completed: 544_204
2022-04-08 08:11:24,669 - processing started: 546_205 
2022-04-08 08:11:24,799 - processing completed: 546_205
2022-04-08 08:11:24,803 - processing started: 548_206 
2022-04-08 08:11:25,024 - processing completed: 548_206
2022-04-08 08:11:25,030 - processing started: 550_207 
2022-04-08 08:11:25,161 - processing completed: 550_207
2022-04-08 08:11:25,166 - processing started: 552_207 
2022-04-08 08:11:25,357 - processing completed: 552_207
2022-04-08 08:11:25,362 - processing started: 554_208 
2022-04-08 08:11:25,506 - processing completed: 554_208
2022-04-08 08:11:25,511 - processing started: 556_209 
2022-04-08 08:11:25,698 - processing completed: 556_209
2022-04-08 08:11:25,704 - processing started: 558_210 
2022-04-08 08:11:25,829 - processing completed: 558_210
2022-04-08 08:11:25,833 - processing started: 560_211 
2022-04-08 08:11:26,026 - processing completed: 560_211
2022-04-08 08:11:26,031 - processing started: 562_212 
2022-04-08 08:11:26,164 - processing completed: 562_212
2022-04-08 08:11:26,171 - processing started: 564_213 
2022-04-08 08:11:26,363 - processing completed: 564_213
2022-04-08 08:11:26,367 - processing started: 566_214 
2022-04-08 08:11:26,588 - processing completed: 566_214
2022-04-08 08:11:26,595 - processing started: 568_214 
2022-04-08 08:11:26,746 - processing completed: 568_214
2022-04-08 08:11:26,752 - processing started: 570_214 
2022-04-08 08:11:26,954 - processing completed: 570_214
2022-04-08 08:11:26,959 - processing started: 572_215 
2022-04-08 08:11:27,098 - processing completed: 572_215
2022-04-08 08:11:27,104 - processing started: 574_216 
2022-04-08 08:11:27,306 - processing completed: 574_216
2022-04-08 08:11:27,312 - processing started: 576_217 
2022-04-08 08:11:27,441 - processing completed: 576_217
2022-04-08 08:11:27,446 - processing started: 578_218 
2022-04-08 08:11:27,661 - processing completed: 578_218
2022-04-08 08:11:27,667 - processing started: 580_219 
2022-04-08 08:11:27,796 - processing completed: 580_219
2022-04-08 08:11:27,801 - processing started: 582_220 
2022-04-08 08:11:27,994 - processing completed: 582_220
2022-04-08 08:11:27,998 - processing started: 584_221 
2022-04-08 08:11:28,125 - processing completed: 584_221
2022-04-08 08:11:28,131 - processing started: 586_221 
2022-04-08 08:11:28,318 - processing completed: 586_221
2022-04-08 08:11:28,324 - processing started: 588_222 
2022-04-08 08:11:28,449 - processing completed: 588_222
2022-04-08 08:11:28,455 - processing started: 590_222 
2022-04-08 08:11:28,649 - processing completed: 590_222
2022-04-08 08:11:28,654 - processing started: 592_223 
2022-04-08 08:11:28,768 - processing completed: 592_223
2022-04-08 08:11:28,774 - processing started: 594_224 
2022-04-08 08:11:29,012 - processing completed: 594_224
2022-04-08 08:11:29,016 - processing started: 596_224 
2022-04-08 08:11:29,255 - processing completed: 596_224
2022-04-08 08:11:29,260 - processing started: 598_225 
2022-04-08 08:11:29,363 - processing completed: 598_225
2022-04-08 08:11:29,368 - processing started: 600_225 
2022-04-08 08:11:29,555 - processing completed: 600_225
2022-04-08 08:11:29,559 - processing started: 602_226 
2022-04-08 08:11:29,669 - processing completed: 602_226
2022-04-08 08:11:29,673 - processing started: 604_226 
2022-04-08 08:11:29,840 - processing completed: 604_226
2022-04-08 08:11:29,843 - processing started: 606_227 
2022-04-08 08:11:29,982 - processing completed: 606_227
2022-04-08 08:11:29,987 - processing started: 608_227 
2022-04-08 08:11:30,177 - processing completed: 608_227
2022-04-08 08:11:30,181 - processing started: 610_227 
2022-04-08 08:11:30,288 - processing completed: 610_227
2022-04-08 08:11:30,291 - processing started: 612_227 
2022-04-08 08:11:30,540 - processing completed: 612_227
2022-04-08 08:11:30,545 - processing started: 614_227 
2022-04-08 08:11:30,653 - processing completed: 614_227
2022-04-08 08:11:30,657 - processing started: 616_228 
2022-04-08 08:11:30,843 - processing completed: 616_228
2022-04-08 08:11:30,847 - processing started: 618_229 
2022-04-08 08:11:30,986 - processing completed: 618_229
2022-04-08 08:11:30,991 - processing started: 620_230 
2022-04-08 08:11:31,185 - processing completed: 620_230
2022-04-08 08:11:31,189 - processing started: 622_230 
2022-04-08 08:11:31,300 - processing completed: 622_230
2022-04-08 08:11:31,305 - processing started: 624_231 
2022-04-08 08:11:31,479 - processing completed: 624_231
2022-04-08 08:11:31,483 - processing started: 626_232 
2022-04-08 08:11:31,657 - processing completed: 626_232
2022-04-08 08:11:31,661 - processing started: 628_232 
2022-04-08 08:11:31,764 - processing completed: 628_232
2022-04-08 08:11:31,768 - processing started: 630_232 
2022-04-08 08:11:31,949 - processing completed: 630_232
2022-04-08 08:11:31,953 - processing started: 632_233 
2022-04-08 08:11:32,069 - processing completed: 632_233
2022-04-08 08:11:32,073 - processing started: 634_234 
2022-04-08 08:11:32,244 - processing completed: 634_234
2022-04-08 08:11:32,248 - processing started: 636_234 
2022-04-08 08:11:32,349 - processing completed: 636_234
2022-04-08 08:11:32,353 - processing started: 638_235 
2022-04-08 08:11:32,549 - processing completed: 638_235
2022-04-08 08:11:32,554 - processing started: 640_236 
2022-04-08 08:11:32,720 - processing completed: 640_236
2022-04-08 08:11:32,726 - processing started: 642_236 
2022-04-08 08:11:32,953 - processing completed: 642_236
2022-04-08 08:11:32,957 - processing started: 644_237 
2022-04-08 08:11:33,118 - processing completed: 644_237
2022-04-08 08:11:33,122 - processing started: 646_238 
2022-04-08 08:11:33,329 - processing completed: 646_238
2022-04-08 08:11:33,333 - processing started: 648_239 
2022-04-08 08:11:33,470 - processing completed: 648_239
2022-04-08 08:11:33,474 - processing started: 650_240 
2022-04-08 08:11:33,668 - processing completed: 650_240
2022-04-08 08:11:33,673 - processing started: 652_240 
2022-04-08 08:11:33,801 - processing completed: 652_240
2022-04-08 08:11:33,806 - processing started: 654_241 
2022-04-08 08:11:34,008 - processing completed: 654_241
2022-04-08 08:11:34,013 - processing started: 656_242 
2022-04-08 08:11:34,221 - processing completed: 656_242
2022-04-08 08:11:34,225 - processing started: 658_243 
2022-04-08 08:11:34,357 - processing completed: 658_243
2022-04-08 08:11:34,362 - processing started: 660_243 
2022-04-08 08:11:34,565 - processing completed: 660_243
2022-04-08 08:11:34,570 - processing started: 662_244 
2022-04-08 08:11:34,660 - processing completed: 662_244
2022-04-08 08:11:34,664 - processing started: 664_245 
2022-04-08 08:11:34,841 - processing completed: 664_245
2022-04-08 08:11:34,845 - processing started: 666_246 
2022-04-08 08:11:34,941 - processing completed: 666_246
2022-04-08 08:11:34,945 - processing started: 668_247 
2022-04-08 08:11:35,126 - processing completed: 668_247
2022-04-08 08:11:35,130 - processing started: 670_248 
2022-04-08 08:11:35,228 - processing completed: 670_248
2022-04-08 08:11:35,232 - processing started: 672_248 
2022-04-08 08:11:35,393 - processing completed: 672_248
2022-04-08 08:11:35,397 - processing started: 674_249 
2022-04-08 08:11:35,485 - processing completed: 674_249
2022-04-08 08:11:35,491 - processing started: 676_250 
2022-04-08 08:11:35,636 - processing completed: 676_250
2022-04-08 08:11:35,640 - processing started: 678_251 
2022-04-08 08:11:35,727 - processing completed: 678_251
2022-04-08 08:11:35,732 - processing started: 680_252 
2022-04-08 08:11:35,884 - processing completed: 680_252
2022-04-08 08:11:35,889 - processing started: 682_252 
2022-04-08 08:11:35,972 - processing completed: 682_252
2022-04-08 08:11:35,977 - processing started: 684_253 
2022-04-08 08:11:36,145 - processing completed: 684_253
2022-04-08 08:11:36,151 - processing started: 686_254 
2022-04-08 08:11:36,344 - processing completed: 686_254
2022-04-08 08:11:36,348 - processing started: 688_255 
2022-04-08 08:11:36,465 - processing completed: 688_255
2022-04-08 08:11:36,471 - processing started: 690_256 
2022-04-08 08:11:36,685 - processing completed: 690_256
2022-04-08 08:11:36,690 - processing started: 692_257 
2022-04-08 08:11:36,822 - processing completed: 692_257
2022-04-08 08:11:36,829 - processing started: 694_257 
2022-04-08 08:11:37,034 - processing completed: 694_257
2022-04-08 08:11:37,039 - processing started: 696_258 
2022-04-08 08:11:37,160 - processing completed: 696_258
2022-04-08 08:11:37,164 - processing started: 698_258 
2022-04-08 08:11:37,366 - processing completed: 698_258
2022-04-08 08:11:37,372 - processing started: 700_259 
2022-04-08 08:11:37,495 - processing completed: 700_259
2022-04-08 08:11:37,499 - processing started: 702_260 
2022-04-08 08:11:37,692 - processing completed: 702_260
2022-04-08 08:11:37,698 - processing started: 704_261 
2022-04-08 08:11:37,829 - processing completed: 704_261
2022-04-08 08:11:37,835 - processing started: 706_261 
2022-04-08 08:11:38,038 - processing completed: 706_261
2022-04-08 08:11:38,042 - processing started: 708_262 
2022-04-08 08:11:38,153 - processing completed: 708_262
2022-04-08 08:11:38,157 - processing started: 710_263 
2022-04-08 08:11:38,331 - processing completed: 710_263
2022-04-08 08:11:38,337 - processing started: 712_264 
2022-04-08 08:11:38,543 - processing completed: 712_264
2022-04-08 08:11:38,549 - processing started: 714_264 
2022-04-08 08:11:38,667 - processing completed: 714_264
2022-04-08 08:11:38,674 - processing started: 716_265 
2022-04-08 08:11:38,871 - processing completed: 716_265
2022-04-08 08:11:38,875 - processing started: 718_266 
2022-04-08 08:11:38,993 - processing completed: 718_266
2022-04-08 08:11:38,999 - processing started: 720_267 
2022-04-08 08:11:39,178 - processing completed: 720_267
2022-04-08 08:11:39,182 - processing started: 722_267 
2022-04-08 08:11:39,291 - processing completed: 722_267
2022-04-08 08:11:39,296 - processing started: 724_267 
2022-04-08 08:11:39,474 - processing completed: 724_267
2022-04-08 08:11:39,480 - processing started: 726_268 
2022-04-08 08:11:39,605 - processing completed: 726_268
2022-04-08 08:11:39,610 - processing started: 728_268 
2022-04-08 08:11:39,799 - processing completed: 728_268
2022-04-08 08:11:39,804 - processing started: 730_268 
2022-04-08 08:11:39,916 - processing completed: 730_268
2022-04-08 08:11:39,922 - processing started: 732_268 
2022-04-08 08:11:40,100 - processing completed: 732_268
2022-04-08 08:11:40,104 - processing started: 734_268 
2022-04-08 08:11:40,214 - processing completed: 734_268
2022-04-08 08:11:40,219 - processing started: 736_269 
2022-04-08 08:11:40,400 - processing completed: 736_269
2022-04-08 08:11:40,407 - processing started: 738_270 
2022-04-08 08:11:40,553 - processing completed: 738_270
2022-04-08 08:11:40,557 - processing started: 740_271 
2022-04-08 08:11:40,773 - processing completed: 740_271
2022-04-08 08:11:40,779 - processing started: 742_272 
2022-04-08 08:11:40,963 - processing completed: 742_272
2022-04-08 08:11:40,968 - processing started: 744_272 
2022-04-08 08:11:41,072 - processing completed: 744_272
2022-04-08 08:11:41,076 - processing started: 746_273 
2022-04-08 08:11:41,255 - processing completed: 746_273
2022-04-08 08:11:41,260 - processing started: 748_274 
2022-04-08 08:11:41,359 - processing completed: 748_274
2022-04-08 08:11:41,363 - processing started: 750_274 
2022-04-08 08:11:41,535 - processing completed: 750_274
2022-04-08 08:11:41,540 - processing started: 752_275 
2022-04-08 08:11:41,649 - processing completed: 752_275
2022-04-08 08:11:41,653 - processing started: 754_275 
2022-04-08 08:11:41,836 - processing completed: 754_275
2022-04-08 08:11:41,842 - processing started: 756_276 
2022-04-08 08:11:41,957 - processing completed: 756_276
2022-04-08 08:11:41,961 - processing started: 758_277 
2022-04-08 08:11:42,146 - processing completed: 758_277
2022-04-08 08:11:42,150 - processing started: 760_278 
2022-04-08 08:11:42,261 - processing completed: 760_278
2022-04-08 08:11:42,265 - processing started: 762_278 
2022-04-08 08:11:42,481 - processing completed: 762_278
2022-04-08 08:11:42,487 - processing started: 764_279 
2022-04-08 08:11:42,605 - processing completed: 764_279
2022-04-08 08:11:42,611 - processing started: 766_280 
2022-04-08 08:11:42,798 - processing completed: 766_280
2022-04-08 08:11:42,803 - processing started: 768_281 
2022-04-08 08:11:42,919 - processing completed: 768_281
2022-04-08 08:11:42,924 - processing started: 770_282 
2022-04-08 08:11:43,086 - processing completed: 770_282
2022-04-08 08:11:43,090 - processing started: 772_283 
2022-04-08 08:11:43,260 - processing completed: 772_283
2022-04-08 08:11:43,264 - processing started: 774_284 
2022-04-08 08:11:43,354 - processing completed: 774_284
2022-04-08 08:11:43,360 - processing started: 776_285 
2022-04-08 08:11:43,523 - processing completed: 776_285
2022-04-08 08:11:43,527 - processing started: 778_285 
2022-04-08 08:11:43,621 - processing completed: 778_285
2022-04-08 08:11:43,625 - processing started: 780_286 
2022-04-08 08:11:43,885 - processing completed: 780_286
2022-04-08 08:11:43,892 - processing started: 782_287 
2022-04-08 08:11:43,980 - processing completed: 782_287
2022-04-08 08:11:43,985 - processing started: 784_288 
2022-04-08 08:11:44,136 - processing completed: 784_288
2022-04-08 08:11:44,140 - processing started: 786_289 
2022-04-08 08:11:44,258 - processing completed: 786_289
2022-04-08 08:11:44,264 - processing started: 788_290 
2022-04-08 08:11:44,446 - processing completed: 788_290
2022-04-08 08:11:44,450 - processing started: 790_290 
2022-04-08 08:11:44,546 - processing completed: 790_290
2022-04-08 08:11:44,551 - processing started: 792_291 
2022-04-08 08:11:44,712 - processing completed: 792_291
2022-04-08 08:11:44,717 - processing started: 794_292 
2022-04-08 08:11:44,803 - processing completed: 794_292
2022-04-08 08:11:44,808 - processing started: 796_293 
2022-04-08 08:11:44,945 - processing completed: 796_293
2022-04-08 08:11:44,949 - processing started: 798_294 
2022-04-08 08:11:45,003 - processing completed: 798_294
2022-04-08 08:11:45,006 - processing started: 800_295 
2022-04-08 08:11:45,160 - processing completed: 800_295
2022-04-08 08:11:45,164 - processing started: 802_296 
2022-04-08 08:11:45,330 - processing completed: 802_296
2022-04-08 08:11:45,334 - processing started: 804_296 
2022-04-08 08:11:45,421 - processing completed: 804_296
2022-04-08 08:11:45,425 - processing started: 806_297 
2022-04-08 08:11:45,674 - processing completed: 806_297
2022-04-08 08:11:45,697 - processing started: 808_298 
2022-04-08 08:11:45,783 - processing completed: 808_298
2022-04-08 08:11:45,787 - processing started: 810_299 
2022-04-08 08:11:45,934 - processing completed: 810_299
2022-04-08 08:11:45,939 - processing started: 0_0 
2022-04-08 08:11:45,939 - Closing connection (200): Normal shutdown
2022-04-08 08:11:45,940 - Closing channel (200): 'Normal shutdown' on <Channel number=1 OPEN conn=<SelectConnection OPEN transport=<pika.adapters.utils.io_services_utils._AsyncPlaintextTransport object at 0x115cdc1c0> params=<ConnectionParameters host=localhost port=5672 virtual_host=/ ssl=False>>>
2022-04-08 08:11:45,940 - Received <Channel.CloseOk> on <Channel number=1 CLOSING conn=<SelectConnection OPEN transport=<pika.adapters.utils.io_services_utils._AsyncPlaintextTransport object at 0x115cdc1c0> params=<ConnectionParameters host=localhost port=5672 virtual_host=/ ssl=False>>>
2022-04-08 08:11:45,941 - Closing connection (200): 'Normal shutdown'
2022-04-08 08:11:45,941 - Aborting transport connection: state=1; <socket.socket fd=22, family=AddressFamily.AF_INET, type=SocketKind.SOCK_STREAM, proto=6, laddr=('127.0.0.1', 50404), raddr=('127.0.0.1', 5672)>
2022-04-08 08:11:45,942 - _AsyncTransportBase._initate_abort(): Initiating abrupt asynchronous transport shutdown: state=1; error=None; <socket.socket fd=22, family=AddressFamily.AF_INET, type=SocketKind.SOCK_STREAM, proto=6, laddr=('127.0.0.1', 50404), raddr=('127.0.0.1', 5672)>
2022-04-08 08:11:45,942 - Deactivating transport: state=1; <socket.socket fd=22, family=AddressFamily.AF_INET, type=SocketKind.SOCK_STREAM, proto=6, laddr=('127.0.0.1', 50404), raddr=('127.0.0.1', 5672)>
2022-04-08 08:11:45,942 - AMQP stack terminated, failed to connect, or aborted: opened=True, error-arg=None; pending-error=ConnectionClosedByClient: (200) 'Normal shutdown'
2022-04-08 08:11:45,942 - Stack terminated due to ConnectionClosedByClient: (200) 'Normal shutdown'
2022-04-08 08:11:45,942 - Closing transport socket and unlinking: state=3; <socket.socket fd=22, family=AddressFamily.AF_INET, type=SocketKind.SOCK_STREAM, proto=6, laddr=('127.0.0.1', 50404), raddr=('127.0.0.1', 5672)>
2022-04-08 08:11:45,942 - User-initiated close: result=BlockingConnection__OnClosedArgs(connection=<SelectConnection CLOSED transport=None params=<ConnectionParameters host=localhost port=5672 virtual_host=/ ssl=False>>, error=ConnectionClosedByClient: (200) 'Normal shutdown')
2022-04-08 08:11:45,943 - PID 52741 completed loading and processing
