2022-04-08 08:08:56,087 - PID 52396 started loading and processing
2022-04-08 08:08:56,095 - Pika version 1.2.0 connecting to ('::1', 5672, 0, 0)
2022-04-08 08:08:56,095 - Socket failed to connect: <socket.socket fd=22, family=AddressFamily.AF_INET6, type=SocketKind.SOCK_STREAM, proto=6, laddr=('::1', 50357, 0, 0)>; error=61 (Connection refused)
2022-04-08 08:08:56,095 - TCP Connection attempt failed: ConnectionRefusedError(61, 'Connection refused'); dest=(<AddressFamily.AF_INET6: 30>, <SocketKind.SOCK_STREAM: 1>, 6, '', ('::1', 5672, 0, 0))
2022-04-08 08:08:56,095 - AMQPConnector - reporting failure: AMQPConnectorSocketConnectError: ConnectionRefusedError(61, 'Connection refused')
2022-04-08 08:08:56,096 - Pika version 1.2.0 connecting to ('127.0.0.1', 5672)
2022-04-08 08:08:56,096 - Socket connected: <socket.socket fd=22, family=AddressFamily.AF_INET, type=SocketKind.SOCK_STREAM, proto=6, laddr=('127.0.0.1', 50358), raddr=('127.0.0.1', 5672)>
2022-04-08 08:08:56,097 - Streaming transport linked up: (<pika.adapters.utils.io_services_utils._AsyncPlaintextTransport object at 0x1189091c0>, _StreamingProtocolShim: <SelectConnection PROTOCOL transport=<pika.adapters.utils.io_services_utils._AsyncPlaintextTransport object at 0x1189091c0> params=<ConnectionParameters host=localhost port=5672 virtual_host=/ ssl=False>>).
2022-04-08 08:08:56,110 - AMQPConnector - reporting success: <SelectConnection OPEN transport=<pika.adapters.utils.io_services_utils._AsyncPlaintextTransport object at 0x1189091c0> params=<ConnectionParameters host=localhost port=5672 virtual_host=/ ssl=False>>
2022-04-08 08:08:56,110 - AMQPConnectionWorkflow - reporting success: <SelectConnection OPEN transport=<pika.adapters.utils.io_services_utils._AsyncPlaintextTransport object at 0x1189091c0> params=<ConnectionParameters host=localhost port=5672 virtual_host=/ ssl=False>>
2022-04-08 08:08:56,110 - Connection workflow succeeded: <SelectConnection OPEN transport=<pika.adapters.utils.io_services_utils._AsyncPlaintextTransport object at 0x1189091c0> params=<ConnectionParameters host=localhost port=5672 virtual_host=/ ssl=False>>
2022-04-08 08:08:56,110 - Created channel=1
2022-04-08 08:08:56,112 - Logging before start consuming
2022-04-08 08:09:02,671 - processing started: 1_000 
2022-04-08 08:09:02,863 - processing completed: 1_000
2022-04-08 08:09:02,884 - processing started: 3_001 
2022-04-08 08:09:03,098 - processing completed: 3_001
2022-04-08 08:09:03,103 - processing started: 5_002 
2022-04-08 08:09:03,368 - processing completed: 5_002
2022-04-08 08:09:03,374 - processing started: 7_003 
2022-04-08 08:09:03,563 - processing completed: 7_003
2022-04-08 08:09:03,568 - processing started: 9_003 
2022-04-08 08:09:03,810 - processing completed: 9_003
2022-04-08 08:09:03,816 - processing started: 11_004 
2022-04-08 08:09:03,870 - processing completed: 11_004
2022-04-08 08:09:03,873 - processing started: 13_005 
2022-04-08 08:09:04,124 - processing completed: 13_005
2022-04-08 08:09:04,130 - processing started: 15_005 
2022-04-08 08:09:04,333 - processing completed: 15_005
2022-04-08 08:09:04,340 - processing started: 17_006 
2022-04-08 08:09:04,515 - processing completed: 17_006
2022-04-08 08:09:04,518 - processing started: 19_007 
2022-04-08 08:09:04,704 - processing completed: 19_007
2022-04-08 08:09:04,710 - processing started: 21_008 
2022-04-08 08:09:04,974 - processing completed: 21_008
2022-04-08 08:09:04,981 - processing started: 23_009 
2022-04-08 08:09:05,175 - processing completed: 23_009
2022-04-08 08:09:05,182 - processing started: 25_010 
2022-04-08 08:09:05,475 - processing completed: 25_010
2022-04-08 08:09:05,483 - processing started: 27_011 
2022-04-08 08:09:05,682 - processing completed: 27_011
2022-04-08 08:09:05,688 - processing started: 29_012 
2022-04-08 08:09:05,841 - processing completed: 29_012
2022-04-08 08:09:05,845 - processing started: 31_013 
2022-04-08 08:09:06,006 - processing completed: 31_013
2022-04-08 08:09:06,010 - processing started: 33_014 
2022-04-08 08:09:06,198 - processing completed: 33_014
2022-04-08 08:09:06,202 - processing started: 35_014 
2022-04-08 08:09:06,382 - processing completed: 35_014
2022-04-08 08:09:06,387 - processing started: 37_014 
2022-04-08 08:09:06,487 - processing completed: 37_014
2022-04-08 08:09:06,491 - processing started: 39_015 
2022-04-08 08:09:06,675 - processing completed: 39_015
2022-04-08 08:09:06,680 - processing started: 41_015 
2022-04-08 08:09:06,790 - processing completed: 41_015
2022-04-08 08:09:06,794 - processing started: 43_016 
2022-04-08 08:09:07,000 - processing completed: 43_016
2022-04-08 08:09:07,004 - processing started: 45_017 
2022-04-08 08:09:07,148 - processing completed: 45_017
2022-04-08 08:09:07,155 - processing started: 47_017 
2022-04-08 08:09:07,364 - processing completed: 47_017
2022-04-08 08:09:07,369 - processing started: 49_018 
2022-04-08 08:09:07,478 - processing completed: 49_018
2022-04-08 08:09:07,483 - processing started: 51_019 
2022-04-08 08:09:07,693 - processing completed: 51_019
2022-04-08 08:09:07,697 - processing started: 53_020 
2022-04-08 08:09:07,827 - processing completed: 53_020
2022-04-08 08:09:07,833 - processing started: 55_021 
2022-04-08 08:09:08,040 - processing completed: 55_021
2022-04-08 08:09:08,044 - processing started: 57_022 
2022-04-08 08:09:08,177 - processing completed: 57_022
2022-04-08 08:09:08,184 - processing started: 59_023 
2022-04-08 08:09:08,402 - processing completed: 59_023
2022-04-08 08:09:08,407 - processing started: 61_023 
2022-04-08 08:09:08,516 - processing completed: 61_023
2022-04-08 08:09:08,520 - processing started: 63_024 
2022-04-08 08:09:08,698 - processing completed: 63_024
2022-04-08 08:09:08,703 - processing started: 65_024 
2022-04-08 08:09:08,893 - processing completed: 65_024
2022-04-08 08:09:08,896 - processing started: 67_025 
2022-04-08 08:09:09,020 - processing completed: 67_025
2022-04-08 08:09:09,025 - processing started: 69_026 
2022-04-08 08:09:09,225 - processing completed: 69_026
2022-04-08 08:09:09,229 - processing started: 71_027 
2022-04-08 08:09:09,366 - processing completed: 71_027
2022-04-08 08:09:09,372 - processing started: 73_028 
2022-04-08 08:09:09,573 - processing completed: 73_028
2022-04-08 08:09:09,577 - processing started: 75_029 
2022-04-08 08:09:09,705 - processing completed: 75_029
2022-04-08 08:09:09,711 - processing started: 77_030 
2022-04-08 08:09:09,947 - processing completed: 77_030
2022-04-08 08:09:09,951 - processing started: 79_030 
2022-04-08 08:09:10,086 - processing completed: 79_030
2022-04-08 08:09:10,091 - processing started: 81_031 
2022-04-08 08:09:10,308 - processing completed: 81_031
2022-04-08 08:09:10,313 - processing started: 83_032 
2022-04-08 08:09:10,509 - processing completed: 83_032
2022-04-08 08:09:10,516 - processing started: 85_032 
2022-04-08 08:09:10,772 - processing completed: 85_032
2022-04-08 08:09:10,778 - processing started: 87_032 
2022-04-08 08:09:10,983 - processing completed: 87_032
2022-04-08 08:09:10,988 - processing started: 89_033 
2022-04-08 08:09:11,183 - processing completed: 89_033
2022-04-08 08:09:11,188 - processing started: 91_033 
2022-04-08 08:09:11,317 - processing completed: 91_033
2022-04-08 08:09:11,322 - processing started: 93_034 
2022-04-08 08:09:11,531 - processing completed: 93_034
2022-04-08 08:09:11,535 - processing started: 95_035 
2022-04-08 08:09:11,758 - processing completed: 95_035
2022-04-08 08:09:11,762 - processing started: 97_035 
2022-04-08 08:09:11,910 - processing completed: 97_035
2022-04-08 08:09:11,915 - processing started: 99_036 
2022-04-08 08:09:12,129 - processing completed: 99_036
2022-04-08 08:09:12,134 - processing started: 101_037 
2022-04-08 08:09:12,267 - processing completed: 101_037
2022-04-08 08:09:12,272 - processing started: 103_037 
2022-04-08 08:09:12,475 - processing completed: 103_037
2022-04-08 08:09:12,480 - processing started: 105_038 
2022-04-08 08:09:12,612 - processing completed: 105_038
2022-04-08 08:09:12,618 - processing started: 107_039 
2022-04-08 08:09:12,827 - processing completed: 107_039
2022-04-08 08:09:12,831 - processing started: 109_040 
2022-04-08 08:09:12,964 - processing completed: 109_040
2022-04-08 08:09:12,969 - processing started: 111_040 
2022-04-08 08:09:13,178 - processing completed: 111_040
2022-04-08 08:09:13,182 - processing started: 113_040 
2022-04-08 08:09:13,310 - processing completed: 113_040
2022-04-08 08:09:13,315 - processing started: 115_040 
2022-04-08 08:09:13,524 - processing completed: 115_040
2022-04-08 08:09:13,529 - processing started: 117_041 
2022-04-08 08:09:13,680 - processing completed: 117_041
2022-04-08 08:09:13,686 - processing started: 119_042 
2022-04-08 08:09:13,871 - processing completed: 119_042
2022-04-08 08:09:13,876 - processing started: 121_042 
2022-04-08 08:09:14,002 - processing completed: 121_042
2022-04-08 08:09:14,007 - processing started: 123_043 
2022-04-08 08:09:14,194 - processing completed: 123_043
2022-04-08 08:09:14,198 - processing started: 125_044 
2022-04-08 08:09:14,376 - processing completed: 125_044
2022-04-08 08:09:14,381 - processing started: 127_045 
2022-04-08 08:09:14,496 - processing completed: 127_045
2022-04-08 08:09:14,502 - processing started: 129_045 
2022-04-08 08:09:14,696 - processing completed: 129_045
2022-04-08 08:09:14,700 - processing started: 131_046 
2022-04-08 08:09:14,809 - processing completed: 131_046
2022-04-08 08:09:14,813 - processing started: 133_047 
2022-04-08 08:09:14,997 - processing completed: 133_047
2022-04-08 08:09:15,001 - processing started: 135_048 
2022-04-08 08:09:15,114 - processing completed: 135_048
2022-04-08 08:09:15,119 - processing started: 137_049 
2022-04-08 08:09:15,307 - processing completed: 137_049
2022-04-08 08:09:15,311 - processing started: 139_049 
2022-04-08 08:09:15,434 - processing completed: 139_049
2022-04-08 08:09:15,438 - processing started: 141_050 
2022-04-08 08:09:15,624 - processing completed: 141_050
2022-04-08 08:09:15,629 - processing started: 143_051 
2022-04-08 08:09:15,775 - processing completed: 143_051
2022-04-08 08:09:15,779 - processing started: 145_051 
2022-04-08 08:09:15,973 - processing completed: 145_051
2022-04-08 08:09:15,978 - processing started: 147_051 
2022-04-08 08:09:16,098 - processing completed: 147_051
2022-04-08 08:09:16,102 - processing started: 149_052 
2022-04-08 08:09:16,284 - processing completed: 149_052
2022-04-08 08:09:16,288 - processing started: 151_053 
2022-04-08 08:09:16,408 - processing completed: 151_053
2022-04-08 08:09:16,413 - processing started: 153_054 
2022-04-08 08:09:16,591 - processing completed: 153_054
2022-04-08 08:09:16,596 - processing started: 155_055 
2022-04-08 08:09:16,793 - processing completed: 155_055
2022-04-08 08:09:16,797 - processing started: 157_056 
2022-04-08 08:09:16,921 - processing completed: 157_056
2022-04-08 08:09:16,926 - processing started: 159_057 
2022-04-08 08:09:17,110 - processing completed: 159_057
2022-04-08 08:09:17,113 - processing started: 161_058 
2022-04-08 08:09:17,301 - processing completed: 161_058
2022-04-08 08:09:17,306 - processing started: 163_059 
2022-04-08 08:09:17,489 - processing completed: 163_059
2022-04-08 08:09:17,494 - processing started: 165_060 
2022-04-08 08:09:17,635 - processing completed: 165_060
2022-04-08 08:09:17,639 - processing started: 167_060 
2022-04-08 08:09:17,842 - processing completed: 167_060
2022-04-08 08:09:17,846 - processing started: 169_061 
2022-04-08 08:09:17,997 - processing completed: 169_061
2022-04-08 08:09:18,001 - processing started: 171_062 
2022-04-08 08:09:18,193 - processing completed: 171_062
2022-04-08 08:09:18,197 - processing started: 173_063 
2022-04-08 08:09:18,429 - processing completed: 173_063
2022-04-08 08:09:18,437 - processing started: 175_064 
2022-04-08 08:09:18,706 - processing completed: 175_064
2022-04-08 08:09:18,712 - processing started: 177_064 
2022-04-08 08:09:18,933 - processing completed: 177_064
2022-04-08 08:09:18,939 - processing started: 179_065 
2022-04-08 08:09:19,219 - processing completed: 179_065
2022-04-08 08:09:19,226 - processing started: 181_066 
2022-04-08 08:09:19,513 - processing completed: 181_066
2022-04-08 08:09:19,519 - processing started: 183_066 
2022-04-08 08:09:19,748 - processing completed: 183_066
2022-04-08 08:09:19,755 - processing started: 185_066 
2022-04-08 08:09:20,032 - processing completed: 185_066
2022-04-08 08:09:20,038 - processing started: 187_066 
2022-04-08 08:09:20,190 - processing completed: 187_066
2022-04-08 08:09:20,195 - processing started: 189_067 
2022-04-08 08:09:20,449 - processing completed: 189_067
2022-04-08 08:09:20,454 - processing started: 191_067 
2022-04-08 08:09:20,636 - processing completed: 191_067
2022-04-08 08:09:20,642 - processing started: 193_068 
2022-04-08 08:09:20,842 - processing completed: 193_068
2022-04-08 08:09:20,846 - processing started: 195_069 
2022-04-08 08:09:20,977 - processing completed: 195_069
2022-04-08 08:09:20,982 - processing started: 197_069 
2022-04-08 08:09:21,177 - processing completed: 197_069
2022-04-08 08:09:21,182 - processing started: 199_070 
2022-04-08 08:09:21,368 - processing completed: 199_070
2022-04-08 08:09:21,373 - processing started: 201_071 
2022-04-08 08:09:21,622 - processing completed: 201_071
2022-04-08 08:09:21,628 - processing started: 203_072 
2022-04-08 08:09:21,815 - processing completed: 203_072
2022-04-08 08:09:21,822 - processing started: 205_072 
2022-04-08 08:09:22,095 - processing completed: 205_072
2022-04-08 08:09:22,101 - processing started: 207_073 
2022-04-08 08:09:22,306 - processing completed: 207_073
2022-04-08 08:09:22,313 - processing started: 209_074 
2022-04-08 08:09:22,577 - processing completed: 209_074
2022-04-08 08:09:22,584 - processing started: 211_075 
2022-04-08 08:09:22,852 - processing completed: 211_075
2022-04-08 08:09:22,858 - processing started: 213_076 
2022-04-08 08:09:23,045 - processing completed: 213_076
2022-04-08 08:09:23,052 - processing started: 215_077 
2022-04-08 08:09:23,258 - processing completed: 215_077
2022-04-08 08:09:23,265 - processing started: 217_077 
2022-04-08 08:09:23,455 - processing completed: 217_077
2022-04-08 08:09:23,463 - processing started: 219_078 
2022-04-08 08:09:23,710 - processing completed: 219_078
2022-04-08 08:09:23,715 - processing started: 221_079 
2022-04-08 08:09:23,902 - processing completed: 221_079
2022-04-08 08:09:23,908 - processing started: 223_080 
2022-04-08 08:09:24,067 - processing completed: 223_080
2022-04-08 08:09:24,071 - processing started: 225_081 
2022-04-08 08:09:24,188 - processing completed: 225_081
2022-04-08 08:09:24,193 - processing started: 227_081 
2022-04-08 08:09:24,382 - processing completed: 227_081
2022-04-08 08:09:24,388 - processing started: 229_081 
2022-04-08 08:09:24,511 - processing completed: 229_081
2022-04-08 08:09:24,517 - processing started: 231_081 
2022-04-08 08:09:24,730 - processing completed: 231_081
2022-04-08 08:09:24,737 - processing started: 233_082 
2022-04-08 08:09:24,893 - processing completed: 233_082
2022-04-08 08:09:24,900 - processing started: 235_082 
2022-04-08 08:09:25,092 - processing completed: 235_082
2022-04-08 08:09:25,097 - processing started: 237_083 
2022-04-08 08:09:25,219 - processing completed: 237_083
2022-04-08 08:09:25,224 - processing started: 239_084 
2022-04-08 08:09:25,423 - processing completed: 239_084
2022-04-08 08:09:25,430 - processing started: 241_085 
2022-04-08 08:09:25,622 - processing completed: 241_085
2022-04-08 08:09:25,627 - processing started: 243_086 
2022-04-08 08:09:25,770 - processing completed: 243_086
2022-04-08 08:09:25,774 - processing started: 245_087 
2022-04-08 08:09:25,957 - processing completed: 245_087
2022-04-08 08:09:25,962 - processing started: 247_088 
2022-04-08 08:09:26,084 - processing completed: 247_088
2022-04-08 08:09:26,090 - processing started: 249_089 
2022-04-08 08:09:26,235 - processing completed: 249_089
2022-04-08 08:09:26,239 - processing started: 251_089 
2022-04-08 08:09:26,317 - processing completed: 251_089
2022-04-08 08:09:26,321 - processing started: 253_090 
2022-04-08 08:09:26,475 - processing completed: 253_090
2022-04-08 08:09:26,479 - processing started: 255_091 
2022-04-08 08:09:26,560 - processing completed: 255_091
2022-04-08 08:09:26,565 - processing started: 257_092 
2022-04-08 08:09:26,717 - processing completed: 257_092
2022-04-08 08:09:26,721 - processing started: 259_093 
2022-04-08 08:09:26,823 - processing completed: 259_093
2022-04-08 08:09:26,827 - processing started: 261_094 
2022-04-08 08:09:26,994 - processing completed: 261_094
2022-04-08 08:09:27,000 - processing started: 263_095 
2022-04-08 08:09:27,126 - processing completed: 263_095
2022-04-08 08:09:27,131 - processing started: 265_096 
2022-04-08 08:09:27,322 - processing completed: 265_096
2022-04-08 08:09:27,328 - processing started: 267_097 
2022-04-08 08:09:27,460 - processing completed: 267_097
2022-04-08 08:09:27,465 - processing started: 269_098 
2022-04-08 08:09:27,645 - processing completed: 269_098
2022-04-08 08:09:27,650 - processing started: 271_098 
2022-04-08 08:09:27,830 - processing completed: 271_098
2022-04-08 08:09:27,835 - processing started: 273_099 
2022-04-08 08:09:27,929 - processing completed: 273_099
2022-04-08 08:09:27,935 - processing started: 275_100 
2022-04-08 08:09:28,155 - processing completed: 275_100
2022-04-08 08:09:28,159 - processing started: 277_101 
2022-04-08 08:09:28,257 - processing completed: 277_101
2022-04-08 08:09:28,261 - processing started: 279_102 
2022-04-08 08:09:28,429 - processing completed: 279_102
2022-04-08 08:09:28,433 - processing started: 281_103 
2022-04-08 08:09:28,554 - processing completed: 281_103
2022-04-08 08:09:28,558 - processing started: 283_104 
2022-04-08 08:09:28,740 - processing completed: 283_104
2022-04-08 08:09:28,744 - processing started: 285_105 
2022-04-08 08:09:28,840 - processing completed: 285_105
2022-04-08 08:09:28,845 - processing started: 287_106 
2022-04-08 08:09:29,034 - processing completed: 287_106
2022-04-08 08:09:29,040 - processing started: 289_107 
2022-04-08 08:09:29,157 - processing completed: 289_107
2022-04-08 08:09:29,165 - processing started: 291_107 
2022-04-08 08:09:29,334 - processing completed: 291_107
2022-04-08 08:09:29,339 - processing started: 293_108 
2022-04-08 08:09:29,438 - processing completed: 293_108
2022-04-08 08:09:29,443 - processing started: 295_109 
2022-04-08 08:09:29,599 - processing completed: 295_109
2022-04-08 08:09:29,604 - processing started: 297_110 
2022-04-08 08:09:29,697 - processing completed: 297_110
2022-04-08 08:09:29,703 - processing started: 299_110 
2022-04-08 08:09:29,891 - processing completed: 299_110
2022-04-08 08:09:29,896 - processing started: 301_111 
2022-04-08 08:09:30,075 - processing completed: 301_111
2022-04-08 08:09:30,080 - processing started: 303_112 
2022-04-08 08:09:30,179 - processing completed: 303_112
2022-04-08 08:09:30,184 - processing started: 305_113 
2022-04-08 08:09:30,344 - processing completed: 305_113
2022-04-08 08:09:30,348 - processing started: 307_114 
2022-04-08 08:09:30,500 - processing completed: 307_114
2022-04-08 08:09:30,506 - processing started: 309_115 
2022-04-08 08:09:30,713 - processing completed: 309_115
2022-04-08 08:09:30,719 - processing started: 311_116 
2022-04-08 08:09:30,904 - processing completed: 311_116
2022-04-08 08:09:30,911 - processing started: 313_117 
2022-04-08 08:09:31,139 - processing completed: 313_117
2022-04-08 08:09:31,146 - processing started: 315_117 
2022-04-08 08:09:31,288 - processing completed: 315_117
2022-04-08 08:09:31,295 - processing started: 317_118 
2022-04-08 08:09:31,503 - processing completed: 317_118
2022-04-08 08:09:31,509 - processing started: 319_119 
2022-04-08 08:09:31,649 - processing completed: 319_119
2022-04-08 08:09:31,655 - processing started: 321_120 
2022-04-08 08:09:31,828 - processing completed: 321_120
2022-04-08 08:09:31,833 - processing started: 323_120 
2022-04-08 08:09:31,946 - processing completed: 323_120
2022-04-08 08:09:31,951 - processing started: 325_121 
2022-04-08 08:09:32,155 - processing completed: 325_121
2022-04-08 08:09:32,160 - processing started: 327_122 
2022-04-08 08:09:32,299 - processing completed: 327_122
2022-04-08 08:09:32,303 - processing started: 329_123 
2022-04-08 08:09:32,504 - processing completed: 329_123
2022-04-08 08:09:32,510 - processing started: 331_124 
2022-04-08 08:09:32,748 - processing completed: 331_124
2022-04-08 08:09:32,753 - processing started: 333_124 
2022-04-08 08:09:32,906 - processing completed: 333_124
2022-04-08 08:09:32,912 - processing started: 335_124 
2022-04-08 08:09:33,122 - processing completed: 335_124
2022-04-08 08:09:33,128 - processing started: 337_124 
2022-04-08 08:09:33,262 - processing completed: 337_124
2022-04-08 08:09:33,267 - processing started: 339_124 
2022-04-08 08:09:33,472 - processing completed: 339_124
2022-04-08 08:09:33,477 - processing started: 341_125 
2022-04-08 08:09:33,608 - processing completed: 341_125
2022-04-08 08:09:33,614 - processing started: 343_126 
2022-04-08 08:09:33,803 - processing completed: 343_126
2022-04-08 08:09:33,809 - processing started: 345_127 
2022-04-08 08:09:33,946 - processing completed: 345_127
2022-04-08 08:09:33,952 - processing started: 347_128 
2022-04-08 08:09:34,154 - processing completed: 347_128
2022-04-08 08:09:34,159 - processing started: 349_129 
2022-04-08 08:09:34,291 - processing completed: 349_129
2022-04-08 08:09:34,295 - processing started: 351_129 
2022-04-08 08:09:34,494 - processing completed: 351_129
2022-04-08 08:09:34,498 - processing started: 353_130 
2022-04-08 08:09:34,628 - processing completed: 353_130
2022-04-08 08:09:34,633 - processing started: 355_131 
2022-04-08 08:09:34,863 - processing completed: 355_131
2022-04-08 08:09:34,869 - processing started: 357_132 
2022-04-08 08:09:35,019 - processing completed: 357_132
2022-04-08 08:09:35,027 - processing started: 359_133 
2022-04-08 08:09:35,255 - processing completed: 359_133
2022-04-08 08:09:35,260 - processing started: 361_134 
2022-04-08 08:09:35,470 - processing completed: 361_134
2022-04-08 08:09:35,477 - processing started: 363_134 
2022-04-08 08:09:35,609 - processing completed: 363_134
2022-04-08 08:09:35,614 - processing started: 365_135 
2022-04-08 08:09:35,807 - processing completed: 365_135
2022-04-08 08:09:35,813 - processing started: 367_135 
2022-04-08 08:09:35,941 - processing completed: 367_135
2022-04-08 08:09:35,946 - processing started: 369_136 
2022-04-08 08:09:36,156 - processing completed: 369_136
2022-04-08 08:09:36,160 - processing started: 371_137 
2022-04-08 08:09:36,294 - processing completed: 371_137
2022-04-08 08:09:36,298 - processing started: 373_138 
2022-04-08 08:09:36,491 - processing completed: 373_138
2022-04-08 08:09:36,495 - processing started: 375_139 
2022-04-08 08:09:36,625 - processing completed: 375_139
2022-04-08 08:09:36,630 - processing started: 377_140 
2022-04-08 08:09:36,824 - processing completed: 377_140
2022-04-08 08:09:36,828 - processing started: 379_141 
2022-04-08 08:09:36,975 - processing completed: 379_141
2022-04-08 08:09:36,980 - processing started: 381_142 
2022-04-08 08:09:37,188 - processing completed: 381_142
2022-04-08 08:09:37,193 - processing started: 383_143 
2022-04-08 08:09:37,326 - processing completed: 383_143
2022-04-08 08:09:37,331 - processing started: 385_144 
2022-04-08 08:09:37,548 - processing completed: 385_144
2022-04-08 08:09:37,554 - processing started: 387_144 
2022-04-08 08:09:37,683 - processing completed: 387_144
2022-04-08 08:09:37,688 - processing started: 389_145 
2022-04-08 08:09:37,873 - processing completed: 389_145
2022-04-08 08:09:37,879 - processing started: 391_145 
2022-04-08 08:09:38,069 - processing completed: 391_145
2022-04-08 08:09:38,074 - processing started: 393_146 
2022-04-08 08:09:38,200 - processing completed: 393_146
2022-04-08 08:09:38,206 - processing started: 395_147 
2022-04-08 08:09:38,400 - processing completed: 395_147
2022-04-08 08:09:38,405 - processing started: 397_147 
2022-04-08 08:09:38,531 - processing completed: 397_147
2022-04-08 08:09:38,536 - processing started: 399_148 
2022-04-08 08:09:38,729 - processing completed: 399_148
2022-04-08 08:09:38,735 - processing started: 401_149 
2022-04-08 08:09:38,867 - processing completed: 401_149
2022-04-08 08:09:38,873 - processing started: 403_149 
2022-04-08 08:09:39,095 - processing completed: 403_149
2022-04-08 08:09:39,100 - processing started: 405_150 
2022-04-08 08:09:39,232 - processing completed: 405_150
2022-04-08 08:09:39,238 - processing started: 407_151 
2022-04-08 08:09:39,474 - processing completed: 407_151
2022-04-08 08:09:39,478 - processing started: 409_152 
2022-04-08 08:09:39,615 - processing completed: 409_152
2022-04-08 08:09:39,619 - processing started: 411_153 
2022-04-08 08:09:39,838 - processing completed: 411_153
2022-04-08 08:09:39,843 - processing started: 413_154 
2022-04-08 08:09:39,969 - processing completed: 413_154
2022-04-08 08:09:39,974 - processing started: 415_155 
2022-04-08 08:09:40,171 - processing completed: 415_155
2022-04-08 08:09:40,175 - processing started: 417_156 
2022-04-08 08:09:40,312 - processing completed: 417_156
2022-04-08 08:09:40,316 - processing started: 419_156 
2022-04-08 08:09:40,513 - processing completed: 419_156
2022-04-08 08:09:40,519 - processing started: 421_157 
2022-04-08 08:09:40,717 - processing completed: 421_157
2022-04-08 08:09:40,722 - processing started: 423_158 
2022-04-08 08:09:40,845 - processing completed: 423_158
2022-04-08 08:09:40,850 - processing started: 425_159 
2022-04-08 08:09:41,049 - processing completed: 425_159
2022-04-08 08:09:41,054 - processing started: 427_159 
2022-04-08 08:09:41,203 - processing completed: 427_159
2022-04-08 08:09:41,209 - processing started: 429_160 
2022-04-08 08:09:41,410 - processing completed: 429_160
2022-04-08 08:09:41,415 - processing started: 431_161 
2022-04-08 08:09:41,557 - processing completed: 431_161
2022-04-08 08:09:41,563 - processing started: 433_162 
2022-04-08 08:09:41,779 - processing completed: 433_162
2022-04-08 08:09:41,783 - processing started: 435_163 
2022-04-08 08:09:41,917 - processing completed: 435_163
2022-04-08 08:09:41,922 - processing started: 437_164 
2022-04-08 08:09:42,108 - processing completed: 437_164
2022-04-08 08:09:42,114 - processing started: 439_164 
2022-04-08 08:09:42,237 - processing completed: 439_164
2022-04-08 08:09:42,242 - processing started: 441_165 
2022-04-08 08:09:42,437 - processing completed: 441_165
2022-04-08 08:09:42,443 - processing started: 443_166 
2022-04-08 08:09:42,571 - processing completed: 443_166
2022-04-08 08:09:42,575 - processing started: 445_167 
2022-04-08 08:09:42,780 - processing completed: 445_167
2022-04-08 08:09:42,787 - processing started: 447_167 
2022-04-08 08:09:42,981 - processing completed: 447_167
2022-04-08 08:09:42,986 - processing started: 449_168 
2022-04-08 08:09:43,116 - processing completed: 449_168
2022-04-08 08:09:43,122 - processing started: 451_168 
2022-04-08 08:09:43,342 - processing completed: 451_168
2022-04-08 08:09:43,347 - processing started: 453_169 
2022-04-08 08:09:43,485 - processing completed: 453_169
2022-04-08 08:09:43,489 - processing started: 455_170 
2022-04-08 08:09:43,706 - processing completed: 455_170
2022-04-08 08:09:43,711 - processing started: 457_171 
2022-04-08 08:09:43,844 - processing completed: 457_171
2022-04-08 08:09:43,849 - processing started: 459_172 
2022-04-08 08:09:44,052 - processing completed: 459_172
2022-04-08 08:09:44,058 - processing started: 461_173 
2022-04-08 08:09:44,184 - processing completed: 461_173
2022-04-08 08:09:44,188 - processing started: 463_173 
2022-04-08 08:09:44,384 - processing completed: 463_173
2022-04-08 08:09:44,390 - processing started: 465_174 
2022-04-08 08:09:44,516 - processing completed: 465_174
2022-04-08 08:09:44,520 - processing started: 467_174 
2022-04-08 08:09:44,709 - processing completed: 467_174
2022-04-08 08:09:44,713 - processing started: 469_175 
2022-04-08 08:09:44,837 - processing completed: 469_175
2022-04-08 08:09:44,842 - processing started: 471_176 
2022-04-08 08:09:45,031 - processing completed: 471_176
2022-04-08 08:09:45,037 - processing started: 473_177 
2022-04-08 08:09:45,168 - processing completed: 473_177
2022-04-08 08:09:45,172 - processing started: 475_178 
2022-04-08 08:09:45,403 - processing completed: 475_178
2022-04-08 08:09:45,408 - processing started: 477_179 
2022-04-08 08:09:45,606 - processing completed: 477_179
2022-04-08 08:09:45,610 - processing started: 479_180 
2022-04-08 08:09:45,745 - processing completed: 479_180
2022-04-08 08:09:45,750 - processing started: 481_180 
2022-04-08 08:09:45,974 - processing completed: 481_180
2022-04-08 08:09:45,980 - processing started: 483_181 
2022-04-08 08:09:46,134 - processing completed: 483_181
2022-04-08 08:09:46,138 - processing started: 485_182 
2022-04-08 08:09:46,357 - processing completed: 485_182
2022-04-08 08:09:46,362 - processing started: 487_182 
2022-04-08 08:09:46,498 - processing completed: 487_182
2022-04-08 08:09:46,504 - processing started: 489_183 
2022-04-08 08:09:46,698 - processing completed: 489_183
2022-04-08 08:09:46,703 - processing started: 491_183 
2022-04-08 08:09:46,833 - processing completed: 491_183
2022-04-08 08:09:46,837 - processing started: 493_184 
2022-04-08 08:09:47,053 - processing completed: 493_184
2022-04-08 08:09:47,057 - processing started: 495_185 
2022-04-08 08:09:47,187 - processing completed: 495_185
2022-04-08 08:09:47,191 - processing started: 497_186 
2022-04-08 08:09:47,404 - processing completed: 497_186
2022-04-08 08:09:47,411 - processing started: 499_187 
2022-04-08 08:09:47,546 - processing completed: 499_187
2022-04-08 08:09:47,550 - processing started: 501_188 
2022-04-08 08:09:47,742 - processing completed: 501_188
2022-04-08 08:09:47,746 - processing started: 503_188 
2022-04-08 08:09:47,882 - processing completed: 503_188
2022-04-08 08:09:47,886 - processing started: 505_189 
2022-04-08 08:09:48,087 - processing completed: 505_189
2022-04-08 08:09:48,093 - processing started: 507_190 
2022-04-08 08:09:48,294 - processing completed: 507_190
2022-04-08 08:09:48,299 - processing started: 509_191 
2022-04-08 08:09:48,434 - processing completed: 509_191
2022-04-08 08:09:48,439 - processing started: 511_192 
2022-04-08 08:09:48,631 - processing completed: 511_192
2022-04-08 08:09:48,637 - processing started: 513_192 
2022-04-08 08:09:48,765 - processing completed: 513_192
2022-04-08 08:09:48,769 - processing started: 515_193 
2022-04-08 08:09:48,968 - processing completed: 515_193
2022-04-08 08:09:48,974 - processing started: 517_194 
2022-04-08 08:09:49,104 - processing completed: 517_194
2022-04-08 08:09:49,110 - processing started: 519_195 
2022-04-08 08:09:49,306 - processing completed: 519_195
2022-04-08 08:09:49,310 - processing started: 521_196 
2022-04-08 08:09:49,445 - processing completed: 521_196
2022-04-08 08:09:49,450 - processing started: 523_196 
2022-04-08 08:09:49,670 - processing completed: 523_196
2022-04-08 08:09:49,676 - processing started: 525_196 
2022-04-08 08:09:49,809 - processing completed: 525_196
2022-04-08 08:09:49,813 - processing started: 527_197 
2022-04-08 08:09:50,024 - processing completed: 527_197
2022-04-08 08:09:50,031 - processing started: 529_197 
2022-04-08 08:09:50,183 - processing completed: 529_197
2022-04-08 08:09:50,188 - processing started: 531_197 
2022-04-08 08:09:50,399 - processing completed: 531_197
2022-04-08 08:09:50,403 - processing started: 533_198 
2022-04-08 08:09:50,542 - processing completed: 533_198
2022-04-08 08:09:50,546 - processing started: 535_199 
2022-04-08 08:09:50,736 - processing completed: 535_199
2022-04-08 08:09:50,742 - processing started: 537_200 
2022-04-08 08:09:50,937 - processing completed: 537_200
2022-04-08 08:09:50,942 - processing started: 539_201 
2022-04-08 08:09:51,076 - processing completed: 539_201
2022-04-08 08:09:51,081 - processing started: 541_202 
2022-04-08 08:09:51,291 - processing completed: 541_202
2022-04-08 08:09:51,297 - processing started: 543_203 
2022-04-08 08:09:51,430 - processing completed: 543_203
2022-04-08 08:09:51,436 - processing started: 545_204 
2022-04-08 08:09:51,651 - processing completed: 545_204
2022-04-08 08:09:51,658 - processing started: 547_205 
2022-04-08 08:09:51,790 - processing completed: 547_205
2022-04-08 08:09:51,795 - processing started: 549_206 
2022-04-08 08:09:51,996 - processing completed: 549_206
2022-04-08 08:09:52,002 - processing started: 551_207 
2022-04-08 08:09:52,137 - processing completed: 551_207
2022-04-08 08:09:52,143 - processing started: 553_207 
2022-04-08 08:09:52,352 - processing completed: 553_207
2022-04-08 08:09:52,358 - processing started: 555_208 
2022-04-08 08:09:52,490 - processing completed: 555_208
2022-04-08 08:09:52,496 - processing started: 557_209 
2022-04-08 08:09:52,681 - processing completed: 557_209
2022-04-08 08:09:52,686 - processing started: 559_210 
2022-04-08 08:09:52,808 - processing completed: 559_210
2022-04-08 08:09:52,813 - processing started: 561_211 
2022-04-08 08:09:53,004 - processing completed: 561_211
2022-04-08 08:09:53,008 - processing started: 563_212 
2022-04-08 08:09:53,133 - processing completed: 563_212
2022-04-08 08:09:53,137 - processing started: 565_213 
2022-04-08 08:09:53,325 - processing completed: 565_213
2022-04-08 08:09:53,332 - processing started: 567_214 
2022-04-08 08:09:53,543 - processing completed: 567_214
2022-04-08 08:09:53,548 - processing started: 569_214 
2022-04-08 08:09:53,674 - processing completed: 569_214
2022-04-08 08:09:53,679 - processing started: 571_215 
2022-04-08 08:09:53,918 - processing completed: 571_215
2022-04-08 08:09:53,923 - processing started: 573_216 
2022-04-08 08:09:54,067 - processing completed: 573_216
2022-04-08 08:09:54,071 - processing started: 575_217 
2022-04-08 08:09:54,282 - processing completed: 575_217
2022-04-08 08:09:54,287 - processing started: 577_218 
2022-04-08 08:09:54,421 - processing completed: 577_218
2022-04-08 08:09:54,426 - processing started: 579_219 
2022-04-08 08:09:54,637 - processing completed: 579_219
2022-04-08 08:09:54,642 - processing started: 581_220 
2022-04-08 08:09:54,770 - processing completed: 581_220
2022-04-08 08:09:54,774 - processing started: 583_220 
2022-04-08 08:09:54,972 - processing completed: 583_220
2022-04-08 08:09:54,977 - processing started: 585_221 
2022-04-08 08:09:55,104 - processing completed: 585_221
2022-04-08 08:09:55,108 - processing started: 587_222 
2022-04-08 08:09:55,302 - processing completed: 587_222
2022-04-08 08:09:55,306 - processing started: 589_222 
2022-04-08 08:09:55,435 - processing completed: 589_222
2022-04-08 08:09:55,440 - processing started: 591_223 
2022-04-08 08:09:55,627 - processing completed: 591_223
2022-04-08 08:09:55,631 - processing started: 593_223 
2022-04-08 08:09:55,732 - processing completed: 593_223
2022-04-08 08:09:55,737 - processing started: 595_224 
2022-04-08 08:09:56,001 - processing completed: 595_224
2022-04-08 08:09:56,006 - processing started: 597_225 
2022-04-08 08:09:56,188 - processing completed: 597_225
2022-04-08 08:09:56,192 - processing started: 599_225 
2022-04-08 08:09:56,363 - processing completed: 599_225
2022-04-08 08:09:56,369 - processing started: 601_225 
2022-04-08 08:09:56,576 - processing completed: 601_225
2022-04-08 08:09:56,580 - processing started: 603_226 
2022-04-08 08:09:56,726 - processing completed: 603_226
2022-04-08 08:09:56,730 - processing started: 605_227 
2022-04-08 08:09:56,937 - processing completed: 605_227
2022-04-08 08:09:56,942 - processing started: 607_227 
2022-04-08 08:09:57,070 - processing completed: 607_227
2022-04-08 08:09:57,075 - processing started: 609_227 
2022-04-08 08:09:57,253 - processing completed: 609_227
2022-04-08 08:09:57,258 - processing started: 611_227 
2022-04-08 08:09:57,462 - processing completed: 611_227
2022-04-08 08:09:57,469 - processing started: 613_227 
2022-04-08 08:09:57,666 - processing completed: 613_227
2022-04-08 08:09:57,670 - processing started: 615_228 
2022-04-08 08:09:57,784 - processing completed: 615_228
2022-04-08 08:09:57,788 - processing started: 617_229 
2022-04-08 08:09:57,994 - processing completed: 617_229
2022-04-08 08:09:57,999 - processing started: 619_230 
2022-04-08 08:09:58,112 - processing completed: 619_230
2022-04-08 08:09:58,116 - processing started: 621_230 
2022-04-08 08:09:58,292 - processing completed: 621_230
2022-04-08 08:09:58,296 - processing started: 623_231 
2022-04-08 08:09:58,409 - processing completed: 623_231
2022-04-08 08:09:58,414 - processing started: 625_232 
2022-04-08 08:09:58,609 - processing completed: 625_232
2022-04-08 08:09:58,613 - processing started: 627_232 
2022-04-08 08:09:58,805 - processing completed: 627_232
2022-04-08 08:09:58,810 - processing started: 629_232 
2022-04-08 08:09:58,911 - processing completed: 629_232
2022-04-08 08:09:58,914 - processing started: 631_233 
2022-04-08 08:09:59,087 - processing completed: 631_233
2022-04-08 08:09:59,091 - processing started: 633_234 
2022-04-08 08:09:59,193 - processing completed: 633_234
2022-04-08 08:09:59,197 - processing started: 635_234 
2022-04-08 08:09:59,371 - processing completed: 635_234
2022-04-08 08:09:59,376 - processing started: 637_234 
2022-04-08 08:09:59,479 - processing completed: 637_234
2022-04-08 08:09:59,482 - processing started: 639_235 
2022-04-08 08:09:59,685 - processing completed: 639_235
2022-04-08 08:09:59,691 - processing started: 641_236 
2022-04-08 08:09:59,835 - processing completed: 641_236
2022-04-08 08:09:59,840 - processing started: 643_237 
2022-04-08 08:10:00,082 - processing completed: 643_237
2022-04-08 08:10:00,087 - processing started: 645_238 
2022-04-08 08:10:00,227 - processing completed: 645_238
2022-04-08 08:10:00,231 - processing started: 647_239 
2022-04-08 08:10:00,457 - processing completed: 647_239
2022-04-08 08:10:00,462 - processing started: 649_240 
2022-04-08 08:10:00,609 - processing completed: 649_240
2022-04-08 08:10:00,614 - processing started: 651_240 
2022-04-08 08:10:00,844 - processing completed: 651_240
2022-04-08 08:10:00,849 - processing started: 653_241 
2022-04-08 08:10:01,002 - processing completed: 653_241
2022-04-08 08:10:01,007 - processing started: 655_242 
2022-04-08 08:10:01,216 - processing completed: 655_242
2022-04-08 08:10:01,222 - processing started: 657_242 
2022-04-08 08:10:01,431 - processing completed: 657_242
2022-04-08 08:10:01,437 - processing started: 659_243 
2022-04-08 08:10:01,571 - processing completed: 659_243
2022-04-08 08:10:01,576 - processing started: 661_244 
2022-04-08 08:10:01,735 - processing completed: 661_244
2022-04-08 08:10:01,740 - processing started: 663_244 
2022-04-08 08:10:01,831 - processing completed: 663_244
2022-04-08 08:10:01,836 - processing started: 665_245 
2022-04-08 08:10:02,018 - processing completed: 665_245
2022-04-08 08:10:02,024 - processing started: 667_246 
2022-04-08 08:10:02,125 - processing completed: 667_246
2022-04-08 08:10:02,129 - processing started: 669_247 
2022-04-08 08:10:02,278 - processing completed: 669_247
2022-04-08 08:10:02,284 - processing started: 671_248 
2022-04-08 08:10:02,372 - processing completed: 671_248
2022-04-08 08:10:02,378 - processing started: 673_249 
2022-04-08 08:10:02,549 - processing completed: 673_249
2022-04-08 08:10:02,554 - processing started: 675_250 
2022-04-08 08:10:02,648 - processing completed: 675_250
2022-04-08 08:10:02,653 - processing started: 677_251 
2022-04-08 08:10:02,810 - processing completed: 677_251
2022-04-08 08:10:02,814 - processing started: 679_251 
2022-04-08 08:10:02,905 - processing completed: 679_251
2022-04-08 08:10:02,909 - processing started: 681_252 
2022-04-08 08:10:03,066 - processing completed: 681_252
2022-04-08 08:10:03,072 - processing started: 683_252 
2022-04-08 08:10:03,165 - processing completed: 683_252
2022-04-08 08:10:03,169 - processing started: 685_253 
2022-04-08 08:10:03,348 - processing completed: 685_253
2022-04-08 08:10:03,352 - processing started: 687_254 
2022-04-08 08:10:03,540 - processing completed: 687_254
2022-04-08 08:10:03,545 - processing started: 689_255 
2022-04-08 08:10:03,661 - processing completed: 689_255
2022-04-08 08:10:03,665 - processing started: 691_256 
2022-04-08 08:10:03,870 - processing completed: 691_256
2022-04-08 08:10:03,875 - processing started: 693_257 
2022-04-08 08:10:03,989 - processing completed: 693_257
2022-04-08 08:10:03,993 - processing started: 695_257 
2022-04-08 08:10:04,217 - processing completed: 695_257
2022-04-08 08:10:04,222 - processing started: 697_258 
2022-04-08 08:10:04,340 - processing completed: 697_258
2022-04-08 08:10:04,344 - processing started: 699_259 
2022-04-08 08:10:04,523 - processing completed: 699_259
2022-04-08 08:10:04,527 - processing started: 701_260 
2022-04-08 08:10:04,641 - processing completed: 701_260
2022-04-08 08:10:04,645 - processing started: 703_260 
2022-04-08 08:10:04,838 - processing completed: 703_260
2022-04-08 08:10:04,843 - processing started: 705_261 
2022-04-08 08:10:04,975 - processing completed: 705_261
2022-04-08 08:10:04,979 - processing started: 707_262 
2022-04-08 08:10:05,152 - processing completed: 707_262
2022-04-08 08:10:05,157 - processing started: 709_262 
2022-04-08 08:10:05,285 - processing completed: 709_262
2022-04-08 08:10:05,291 - processing started: 711_263 
2022-04-08 08:10:05,474 - processing completed: 711_263
2022-04-08 08:10:05,478 - processing started: 713_264 
2022-04-08 08:10:05,654 - processing completed: 713_264
2022-04-08 08:10:05,658 - processing started: 715_265 
2022-04-08 08:10:05,764 - processing completed: 715_265
2022-04-08 08:10:05,768 - processing started: 717_265 
2022-04-08 08:10:05,995 - processing completed: 717_265
2022-04-08 08:10:06,000 - processing started: 719_266 
2022-04-08 08:10:06,117 - processing completed: 719_266
2022-04-08 08:10:06,122 - processing started: 721_267 
2022-04-08 08:10:06,320 - processing completed: 721_267
2022-04-08 08:10:06,326 - processing started: 723_267 
2022-04-08 08:10:06,442 - processing completed: 723_267
2022-04-08 08:10:06,446 - processing started: 725_267 
2022-04-08 08:10:06,622 - processing completed: 725_267
2022-04-08 08:10:06,627 - processing started: 727_268 
2022-04-08 08:10:06,745 - processing completed: 727_268
2022-04-08 08:10:06,750 - processing started: 729_268 
2022-04-08 08:10:06,926 - processing completed: 729_268
2022-04-08 08:10:06,932 - processing started: 731_268 
2022-04-08 08:10:07,041 - processing completed: 731_268
2022-04-08 08:10:07,046 - processing started: 733_268 
2022-04-08 08:10:07,223 - processing completed: 733_268
2022-04-08 08:10:07,228 - processing started: 735_269 
2022-04-08 08:10:07,344 - processing completed: 735_269
2022-04-08 08:10:07,349 - processing started: 737_269 
2022-04-08 08:10:07,530 - processing completed: 737_269
2022-04-08 08:10:07,536 - processing started: 739_270 
2022-04-08 08:10:07,653 - processing completed: 739_270
2022-04-08 08:10:07,657 - processing started: 741_271 
2022-04-08 08:10:07,866 - processing completed: 741_271
2022-04-08 08:10:07,870 - processing started: 743_272 
2022-04-08 08:10:08,078 - processing completed: 743_272
2022-04-08 08:10:08,083 - processing started: 745_273 
2022-04-08 08:10:08,199 - processing completed: 745_273
2022-04-08 08:10:08,203 - processing started: 747_274 
2022-04-08 08:10:08,382 - processing completed: 747_274
2022-04-08 08:10:08,387 - processing started: 749_274 
2022-04-08 08:10:08,495 - processing completed: 749_274
2022-04-08 08:10:08,499 - processing started: 751_275 
2022-04-08 08:10:08,670 - processing completed: 751_275
2022-04-08 08:10:08,674 - processing started: 753_275 
2022-04-08 08:10:08,785 - processing completed: 753_275
2022-04-08 08:10:08,790 - processing started: 755_276 
2022-04-08 08:10:08,970 - processing completed: 755_276
2022-04-08 08:10:08,975 - processing started: 757_276 
2022-04-08 08:10:09,079 - processing completed: 757_276
2022-04-08 08:10:09,084 - processing started: 759_277 
2022-04-08 08:10:09,269 - processing completed: 759_277
2022-04-08 08:10:09,274 - processing started: 761_278 
2022-04-08 08:10:09,390 - processing completed: 761_278
2022-04-08 08:10:09,395 - processing started: 763_279 
2022-04-08 08:10:09,592 - processing completed: 763_279
2022-04-08 08:10:09,596 - processing started: 765_280 
2022-04-08 08:10:09,709 - processing completed: 765_280
2022-04-08 08:10:09,713 - processing started: 767_280 
2022-04-08 08:10:09,899 - processing completed: 767_280
2022-04-08 08:10:09,907 - processing started: 769_281 
2022-04-08 08:10:10,006 - processing completed: 769_281
2022-04-08 08:10:10,010 - processing started: 771_282 
2022-04-08 08:10:10,169 - processing completed: 771_282
2022-04-08 08:10:10,174 - processing started: 773_283 
2022-04-08 08:10:10,347 - processing completed: 773_283
2022-04-08 08:10:10,353 - processing started: 775_284 
2022-04-08 08:10:10,438 - processing completed: 775_284
2022-04-08 08:10:10,443 - processing started: 777_285 
2022-04-08 08:10:10,623 - processing completed: 777_285
2022-04-08 08:10:10,627 - processing started: 779_286 
2022-04-08 08:10:10,813 - processing completed: 779_286
2022-04-08 08:10:10,820 - processing started: 781_287 
2022-04-08 08:10:10,997 - processing completed: 781_287
2022-04-08 08:10:11,002 - processing started: 783_288 
2022-04-08 08:10:11,098 - processing completed: 783_288
2022-04-08 08:10:11,104 - processing started: 785_289 
2022-04-08 08:10:11,258 - processing completed: 785_289
2022-04-08 08:10:11,263 - processing started: 787_290 
2022-04-08 08:10:11,351 - processing completed: 787_290
2022-04-08 08:10:11,355 - processing started: 789_290 
2022-04-08 08:10:11,517 - processing completed: 789_290
2022-04-08 08:10:11,521 - processing started: 791_291 
2022-04-08 08:10:11,646 - processing completed: 791_291
2022-04-08 08:10:11,651 - processing started: 793_292 
2022-04-08 08:10:11,848 - processing completed: 793_292
2022-04-08 08:10:11,852 - processing started: 795_292 
2022-04-08 08:10:11,946 - processing completed: 795_292
2022-04-08 08:10:11,952 - processing started: 797_293 
2022-04-08 08:10:12,081 - processing completed: 797_293
2022-04-08 08:10:12,085 - processing started: 799_294 
2022-04-08 08:10:12,137 - processing completed: 799_294
2022-04-08 08:10:12,141 - processing started: 801_295 
2022-04-08 08:10:12,290 - processing completed: 801_295
2022-04-08 08:10:12,294 - processing started: 803_296 
2022-04-08 08:10:12,459 - processing completed: 803_296
2022-04-08 08:10:12,464 - processing started: 805_297 
2022-04-08 08:10:12,642 - processing completed: 805_297
2022-04-08 08:10:12,648 - processing started: 807_298 
2022-04-08 08:10:12,811 - processing completed: 807_298
2022-04-08 08:10:12,815 - processing started: 809_298 
2022-04-08 08:10:12,921 - processing completed: 809_298
2022-04-08 08:10:12,925 - processing started: 811_299 
2022-04-08 08:10:13,082 - processing completed: 811_299
2022-04-08 08:10:13,086 - processing started: 0_0 
2022-04-08 08:10:13,087 - Closing connection (200): Normal shutdown
2022-04-08 08:10:13,087 - Closing channel (200): 'Normal shutdown' on <Channel number=1 OPEN conn=<SelectConnection OPEN transport=<pika.adapters.utils.io_services_utils._AsyncPlaintextTransport object at 0x1189091c0> params=<ConnectionParameters host=localhost port=5672 virtual_host=/ ssl=False>>>
2022-04-08 08:10:13,088 - Received <Channel.CloseOk> on <Channel number=1 CLOSING conn=<SelectConnection OPEN transport=<pika.adapters.utils.io_services_utils._AsyncPlaintextTransport object at 0x1189091c0> params=<ConnectionParameters host=localhost port=5672 virtual_host=/ ssl=False>>>
2022-04-08 08:10:13,088 - Closing connection (200): 'Normal shutdown'
2022-04-08 08:10:13,088 - Aborting transport connection: state=1; <socket.socket fd=22, family=AddressFamily.AF_INET, type=SocketKind.SOCK_STREAM, proto=6, laddr=('127.0.0.1', 50358), raddr=('127.0.0.1', 5672)>
2022-04-08 08:10:13,089 - _AsyncTransportBase._initate_abort(): Initiating abrupt asynchronous transport shutdown: state=1; error=None; <socket.socket fd=22, family=AddressFamily.AF_INET, type=SocketKind.SOCK_STREAM, proto=6, laddr=('127.0.0.1', 50358), raddr=('127.0.0.1', 5672)>
2022-04-08 08:10:13,089 - Deactivating transport: state=1; <socket.socket fd=22, family=AddressFamily.AF_INET, type=SocketKind.SOCK_STREAM, proto=6, laddr=('127.0.0.1', 50358), raddr=('127.0.0.1', 5672)>
2022-04-08 08:10:13,089 - AMQP stack terminated, failed to connect, or aborted: opened=True, error-arg=None; pending-error=ConnectionClosedByClient: (200) 'Normal shutdown'
2022-04-08 08:10:13,089 - Stack terminated due to ConnectionClosedByClient: (200) 'Normal shutdown'
2022-04-08 08:10:13,090 - Closing transport socket and unlinking: state=3; <socket.socket fd=22, family=AddressFamily.AF_INET, type=SocketKind.SOCK_STREAM, proto=6, laddr=('127.0.0.1', 50358), raddr=('127.0.0.1', 5672)>
2022-04-08 08:10:13,090 - User-initiated close: result=BlockingConnection__OnClosedArgs(connection=<SelectConnection CLOSED transport=None params=<ConnectionParameters host=localhost port=5672 virtual_host=/ ssl=False>>, error=ConnectionClosedByClient: (200) 'Normal shutdown')
2022-04-08 08:10:13,091 - PID 52396 completed loading and processing
