2022-04-08 08:08:56,090 - PID 52397 started loading and processing
2022-04-08 08:08:56,097 - Pika version 1.2.0 connecting to ('::1', 5672, 0, 0)
2022-04-08 08:08:56,098 - Socket failed to connect: <socket.socket fd=22, family=AddressFamily.AF_INET6, type=SocketKind.SOCK_STREAM, proto=6, laddr=('::1', 50359, 0, 0)>; error=61 (Connection refused)
2022-04-08 08:08:56,098 - TCP Connection attempt failed: ConnectionRefusedError(61, 'Connection refused'); dest=(<AddressFamily.AF_INET6: 30>, <SocketKind.SOCK_STREAM: 1>, 6, '', ('::1', 5672, 0, 0))
2022-04-08 08:08:56,098 - AMQPConnector - reporting failure: AMQPConnectorSocketConnectError: ConnectionRefusedError(61, 'Connection refused')
2022-04-08 08:08:56,098 - Pika version 1.2.0 connecting to ('127.0.0.1', 5672)
2022-04-08 08:08:56,099 - Socket connected: <socket.socket fd=22, family=AddressFamily.AF_INET, type=SocketKind.SOCK_STREAM, proto=6, laddr=('127.0.0.1', 50360), raddr=('127.0.0.1', 5672)>
2022-04-08 08:08:56,099 - Streaming transport linked up: (<pika.adapters.utils.io_services_utils._AsyncPlaintextTransport object at 0x1162181c0>, _StreamingProtocolShim: <SelectConnection PROTOCOL transport=<pika.adapters.utils.io_services_utils._AsyncPlaintextTransport object at 0x1162181c0> params=<ConnectionParameters host=localhost port=5672 virtual_host=/ ssl=False>>).
2022-04-08 08:08:56,109 - AMQPConnector - reporting success: <SelectConnection OPEN transport=<pika.adapters.utils.io_services_utils._AsyncPlaintextTransport object at 0x1162181c0> params=<ConnectionParameters host=localhost port=5672 virtual_host=/ ssl=False>>
2022-04-08 08:08:56,110 - AMQPConnectionWorkflow - reporting success: <SelectConnection OPEN transport=<pika.adapters.utils.io_services_utils._AsyncPlaintextTransport object at 0x1162181c0> params=<ConnectionParameters host=localhost port=5672 virtual_host=/ ssl=False>>
2022-04-08 08:08:56,110 - Connection workflow succeeded: <SelectConnection OPEN transport=<pika.adapters.utils.io_services_utils._AsyncPlaintextTransport object at 0x1162181c0> params=<ConnectionParameters host=localhost port=5672 virtual_host=/ ssl=False>>
2022-04-08 08:08:56,110 - Created channel=1
2022-04-08 08:08:56,112 - Logging before start consuming
2022-04-08 08:09:02,671 - processing started: 0_000 
2022-04-08 08:09:02,868 - processing completed: 0_000
2022-04-08 08:09:02,890 - processing started: 2_000 
2022-04-08 08:09:03,107 - processing completed: 2_000
2022-04-08 08:09:03,113 - processing started: 4_001 
2022-04-08 08:09:03,355 - processing completed: 4_001
2022-04-08 08:09:03,361 - processing started: 6_002 
2022-04-08 08:09:03,544 - processing completed: 6_002
2022-04-08 08:09:03,550 - processing started: 8_003 
2022-04-08 08:09:03,808 - processing completed: 8_003
2022-04-08 08:09:03,815 - processing started: 10_004 
2022-04-08 08:09:04,016 - processing completed: 10_004
2022-04-08 08:09:04,022 - processing started: 12_005 
2022-04-08 08:09:04,278 - processing completed: 12_005
2022-04-08 08:09:04,284 - processing started: 14_005 
2022-04-08 08:09:04,496 - processing completed: 14_005
2022-04-08 08:09:04,501 - processing started: 16_006 
2022-04-08 08:09:04,768 - processing completed: 16_006
2022-04-08 08:09:04,775 - processing started: 18_007 
2022-04-08 08:09:04,975 - processing completed: 18_007
2022-04-08 08:09:04,981 - processing started: 20_008 
2022-04-08 08:09:05,213 - processing completed: 20_008
2022-04-08 08:09:05,219 - processing started: 22_009 
2022-04-08 08:09:05,433 - processing completed: 22_009
2022-04-08 08:09:05,439 - processing started: 24_009 
2022-04-08 08:09:05,709 - processing completed: 24_009
2022-04-08 08:09:05,716 - processing started: 26_010 
2022-04-08 08:09:05,947 - processing completed: 26_010
2022-04-08 08:09:05,954 - processing started: 28_011 
2022-04-08 08:09:06,233 - processing completed: 28_011
2022-04-08 08:09:06,239 - processing started: 30_012 
2022-04-08 08:09:06,314 - processing completed: 30_012
2022-04-08 08:09:06,317 - processing started: 32_013 
2022-04-08 08:09:06,532 - processing completed: 32_013
2022-04-08 08:09:06,537 - processing started: 34_014 
2022-04-08 08:09:06,721 - processing completed: 34_014
2022-04-08 08:09:06,725 - processing started: 36_014 
2022-04-08 08:09:06,833 - processing completed: 36_014
2022-04-08 08:09:06,838 - processing started: 38_015 
2022-04-08 08:09:07,049 - processing completed: 38_015
2022-04-08 08:09:07,053 - processing started: 40_015 
2022-04-08 08:09:07,185 - processing completed: 40_015
2022-04-08 08:09:07,190 - processing started: 42_015 
2022-04-08 08:09:07,371 - processing completed: 42_015
2022-04-08 08:09:07,376 - processing started: 44_016 
2022-04-08 08:09:07,501 - processing completed: 44_016
2022-04-08 08:09:07,506 - processing started: 46_017 
2022-04-08 08:09:07,720 - processing completed: 46_017
2022-04-08 08:09:07,726 - processing started: 48_018 
2022-04-08 08:09:07,841 - processing completed: 48_018
2022-04-08 08:09:07,846 - processing started: 50_019 
2022-04-08 08:09:08,042 - processing completed: 50_019
2022-04-08 08:09:08,047 - processing started: 52_020 
2022-04-08 08:09:08,178 - processing completed: 52_020
2022-04-08 08:09:08,185 - processing started: 54_021 
2022-04-08 08:09:08,398 - processing completed: 54_021
2022-04-08 08:09:08,404 - processing started: 56_022 
2022-04-08 08:09:08,565 - processing completed: 56_022
2022-04-08 08:09:08,571 - processing started: 58_022 
2022-04-08 08:09:08,809 - processing completed: 58_022
2022-04-08 08:09:08,815 - processing started: 60_023 
2022-04-08 08:09:08,936 - processing completed: 60_023
2022-04-08 08:09:08,940 - processing started: 62_023 
2022-04-08 08:09:09,130 - processing completed: 62_023
2022-04-08 08:09:09,134 - processing started: 64_024 
2022-04-08 08:09:09,340 - processing completed: 64_024
2022-04-08 08:09:09,345 - processing started: 66_025 
2022-04-08 08:09:09,500 - processing completed: 66_025
2022-04-08 08:09:09,506 - processing started: 68_026 
2022-04-08 08:09:09,719 - processing completed: 68_026
2022-04-08 08:09:09,725 - processing started: 70_027 
2022-04-08 08:09:09,879 - processing completed: 70_027
2022-04-08 08:09:09,884 - processing started: 72_028 
2022-04-08 08:09:10,096 - processing completed: 72_028
2022-04-08 08:09:10,102 - processing started: 74_028 
2022-04-08 08:09:10,231 - processing completed: 74_028
2022-04-08 08:09:10,235 - processing started: 76_029 
2022-04-08 08:09:10,446 - processing completed: 76_029
2022-04-08 08:09:10,450 - processing started: 78_030 
2022-04-08 08:09:10,578 - processing completed: 78_030
2022-04-08 08:09:10,583 - processing started: 80_031 
2022-04-08 08:09:10,793 - processing completed: 80_031
2022-04-08 08:09:10,798 - processing started: 82_031 
2022-04-08 08:09:10,938 - processing completed: 82_031
2022-04-08 08:09:10,942 - processing started: 84_032 
2022-04-08 08:09:11,203 - processing completed: 84_032
2022-04-08 08:09:11,210 - processing started: 86_032 
2022-04-08 08:09:11,402 - processing completed: 86_032
2022-04-08 08:09:11,409 - processing started: 88_033 
2022-04-08 08:09:11,607 - processing completed: 88_033
2022-04-08 08:09:11,611 - processing started: 90_033 
2022-04-08 08:09:11,759 - processing completed: 90_033
2022-04-08 08:09:11,765 - processing started: 92_033 
2022-04-08 08:09:11,997 - processing completed: 92_033
2022-04-08 08:09:12,002 - processing started: 94_034 
2022-04-08 08:09:12,208 - processing completed: 94_034
2022-04-08 08:09:12,213 - processing started: 96_035 
2022-04-08 08:09:12,339 - processing completed: 96_035
2022-04-08 08:09:12,344 - processing started: 98_035 
2022-04-08 08:09:12,560 - processing completed: 98_035
2022-04-08 08:09:12,565 - processing started: 100_036 
2022-04-08 08:09:12,693 - processing completed: 100_036
2022-04-08 08:09:12,698 - processing started: 102_037 
2022-04-08 08:09:12,906 - processing completed: 102_037
2022-04-08 08:09:12,912 - processing started: 104_038 
2022-04-08 08:09:13,054 - processing completed: 104_038
2022-04-08 08:09:13,059 - processing started: 106_039 
2022-04-08 08:09:13,268 - processing completed: 106_039
2022-04-08 08:09:13,274 - processing started: 108_039 
2022-04-08 08:09:13,407 - processing completed: 108_039
2022-04-08 08:09:13,411 - processing started: 110_040 
2022-04-08 08:09:13,615 - processing completed: 110_040
2022-04-08 08:09:13,620 - processing started: 112_040 
2022-04-08 08:09:13,762 - processing completed: 112_040
2022-04-08 08:09:13,767 - processing started: 114_040 
2022-04-08 08:09:13,962 - processing completed: 114_040
2022-04-08 08:09:13,967 - processing started: 116_041 
2022-04-08 08:09:14,095 - processing completed: 116_041
2022-04-08 08:09:14,099 - processing started: 118_042 
2022-04-08 08:09:14,285 - processing completed: 118_042
2022-04-08 08:09:14,291 - processing started: 120_042 
2022-04-08 08:09:14,412 - processing completed: 120_042
2022-04-08 08:09:14,418 - processing started: 122_043 
2022-04-08 08:09:14,618 - processing completed: 122_043
2022-04-08 08:09:14,624 - processing started: 124_044 
2022-04-08 08:09:14,802 - processing completed: 124_044
2022-04-08 08:09:14,806 - processing started: 126_044 
2022-04-08 08:09:14,920 - processing completed: 126_044
2022-04-08 08:09:14,925 - processing started: 128_045 
2022-04-08 08:09:15,104 - processing completed: 128_045
2022-04-08 08:09:15,108 - processing started: 130_046 
2022-04-08 08:09:15,219 - processing completed: 130_046
2022-04-08 08:09:15,224 - processing started: 132_047 
2022-04-08 08:09:15,411 - processing completed: 132_047
2022-04-08 08:09:15,416 - processing started: 134_048 
2022-04-08 08:09:15,530 - processing completed: 134_048
2022-04-08 08:09:15,534 - processing started: 136_048 
2022-04-08 08:09:15,735 - processing completed: 136_048
2022-04-08 08:09:15,740 - processing started: 138_049 
2022-04-08 08:09:15,879 - processing completed: 138_049
2022-04-08 08:09:15,884 - processing started: 140_050 
2022-04-08 08:09:16,086 - processing completed: 140_050
2022-04-08 08:09:16,092 - processing started: 142_050 
2022-04-08 08:09:16,208 - processing completed: 142_050
2022-04-08 08:09:16,213 - processing started: 144_051 
2022-04-08 08:09:16,396 - processing completed: 144_051
2022-04-08 08:09:16,401 - processing started: 146_051 
2022-04-08 08:09:16,519 - processing completed: 146_051
2022-04-08 08:09:16,523 - processing started: 148_052 
2022-04-08 08:09:16,700 - processing completed: 148_052
2022-04-08 08:09:16,705 - processing started: 150_053 
2022-04-08 08:09:16,830 - processing completed: 150_053
2022-04-08 08:09:16,835 - processing started: 152_054 
2022-04-08 08:09:17,021 - processing completed: 152_054
2022-04-08 08:09:17,026 - processing started: 154_055 
2022-04-08 08:09:17,224 - processing completed: 154_055
2022-04-08 08:09:17,229 - processing started: 156_056 
2022-04-08 08:09:17,355 - processing completed: 156_056
2022-04-08 08:09:17,359 - processing started: 158_057 
2022-04-08 08:09:17,546 - processing completed: 158_057
2022-04-08 08:09:17,551 - processing started: 160_058 
2022-04-08 08:09:17,777 - processing completed: 160_058
2022-04-08 08:09:17,784 - processing started: 162_058 
2022-04-08 08:09:18,073 - processing completed: 162_058
2022-04-08 08:09:18,080 - processing started: 164_059 
2022-04-08 08:09:18,194 - processing completed: 164_059
2022-04-08 08:09:18,199 - processing started: 166_060 
2022-04-08 08:09:18,372 - processing completed: 166_060
2022-04-08 08:09:18,378 - processing started: 168_061 
2022-04-08 08:09:18,497 - processing completed: 168_061
2022-04-08 08:09:18,501 - processing started: 170_062 
2022-04-08 08:09:18,678 - processing completed: 170_062
2022-04-08 08:09:18,682 - processing started: 172_062 
2022-04-08 08:09:18,794 - processing completed: 172_062
2022-04-08 08:09:18,798 - processing started: 174_063 
2022-04-08 08:09:19,073 - processing completed: 174_063
2022-04-08 08:09:19,079 - processing started: 176_064 
2022-04-08 08:09:19,290 - processing completed: 176_064
2022-04-08 08:09:19,297 - processing started: 178_064 
2022-04-08 08:09:19,566 - processing completed: 178_064
2022-04-08 08:09:19,572 - processing started: 180_065 
2022-04-08 08:09:19,858 - processing completed: 180_065
2022-04-08 08:09:19,864 - processing started: 182_066 
2022-04-08 08:09:20,084 - processing completed: 182_066
2022-04-08 08:09:20,089 - processing started: 184_066 
2022-04-08 08:09:20,342 - processing completed: 184_066
2022-04-08 08:09:20,348 - processing started: 186_066 
2022-04-08 08:09:20,527 - processing completed: 186_066
2022-04-08 08:09:20,531 - processing started: 188_067 
2022-04-08 08:09:20,631 - processing completed: 188_067
2022-04-08 08:09:20,634 - processing started: 190_067 
2022-04-08 08:09:20,768 - processing completed: 190_067
2022-04-08 08:09:20,773 - processing started: 192_067 
2022-04-08 08:09:21,023 - processing completed: 192_067
2022-04-08 08:09:21,029 - processing started: 194_068 
2022-04-08 08:09:21,166 - processing completed: 194_068
2022-04-08 08:09:21,171 - processing started: 196_069 
2022-04-08 08:09:21,353 - processing completed: 196_069
2022-04-08 08:09:21,358 - processing started: 198_069 
2022-04-08 08:09:21,489 - processing completed: 198_069
2022-04-08 08:09:21,494 - processing started: 200_070 
2022-04-08 08:09:21,605 - processing completed: 200_070
2022-04-08 08:09:21,608 - processing started: 202_071 
2022-04-08 08:09:21,801 - processing completed: 202_071
2022-04-08 08:09:21,808 - processing started: 204_072 
2022-04-08 08:09:22,086 - processing completed: 204_072
2022-04-08 08:09:22,091 - processing started: 206_072 
2022-04-08 08:09:22,305 - processing completed: 206_072
2022-04-08 08:09:22,312 - processing started: 208_073 
2022-04-08 08:09:22,570 - processing completed: 208_073
2022-04-08 08:09:22,577 - processing started: 210_074 
2022-04-08 08:09:22,845 - processing completed: 210_074
2022-04-08 08:09:22,851 - processing started: 212_075 
2022-04-08 08:09:23,041 - processing completed: 212_075
2022-04-08 08:09:23,047 - processing started: 214_076 
2022-04-08 08:09:23,311 - processing completed: 214_076
2022-04-08 08:09:23,318 - processing started: 216_077 
2022-04-08 08:09:23,508 - processing completed: 216_077
2022-04-08 08:09:23,514 - processing started: 218_078 
2022-04-08 08:09:23,754 - processing completed: 218_078
2022-04-08 08:09:23,760 - processing started: 220_079 
2022-04-08 08:09:23,951 - processing completed: 220_079
2022-04-08 08:09:23,956 - processing started: 222_079 
2022-04-08 08:09:24,210 - processing completed: 222_079
2022-04-08 08:09:24,216 - processing started: 224_080 
2022-04-08 08:09:24,319 - processing completed: 224_080
2022-04-08 08:09:24,324 - processing started: 226_081 
2022-04-08 08:09:24,507 - processing completed: 226_081
2022-04-08 08:09:24,513 - processing started: 228_081 
2022-04-08 08:09:24,656 - processing completed: 228_081
2022-04-08 08:09:24,662 - processing started: 230_081 
2022-04-08 08:09:24,876 - processing completed: 230_081
2022-04-08 08:09:24,882 - processing started: 232_082 
2022-04-08 08:09:25,015 - processing completed: 232_082
2022-04-08 08:09:25,021 - processing started: 234_082 
2022-04-08 08:09:25,204 - processing completed: 234_082
2022-04-08 08:09:25,208 - processing started: 236_083 
2022-04-08 08:09:25,349 - processing completed: 236_083
2022-04-08 08:09:25,356 - processing started: 238_084 
2022-04-08 08:09:25,556 - processing completed: 238_084
2022-04-08 08:09:25,562 - processing started: 240_085 
2022-04-08 08:09:25,746 - processing completed: 240_085
2022-04-08 08:09:25,752 - processing started: 242_086 
2022-04-08 08:09:25,890 - processing completed: 242_086
2022-04-08 08:09:25,895 - processing started: 244_087 
2022-04-08 08:09:26,076 - processing completed: 244_087
2022-04-08 08:09:26,081 - processing started: 246_088 
2022-04-08 08:09:26,207 - processing completed: 246_088
2022-04-08 08:09:26,212 - processing started: 248_088 
2022-04-08 08:09:26,415 - processing completed: 248_088
2022-04-08 08:09:26,419 - processing started: 250_089 
2022-04-08 08:09:26,498 - processing completed: 250_089
2022-04-08 08:09:26,501 - processing started: 252_090 
2022-04-08 08:09:26,649 - processing completed: 252_090
2022-04-08 08:09:26,654 - processing started: 254_091 
2022-04-08 08:09:26,736 - processing completed: 254_091
2022-04-08 08:09:26,740 - processing started: 256_092 
2022-04-08 08:09:26,887 - processing completed: 256_092
2022-04-08 08:09:26,891 - processing started: 258_093 
2022-04-08 08:09:26,993 - processing completed: 258_093
2022-04-08 08:09:26,998 - processing started: 260_094 
2022-04-08 08:09:27,206 - processing completed: 260_094
2022-04-08 08:09:27,214 - processing started: 262_094 
2022-04-08 08:09:27,324 - processing completed: 262_094
2022-04-08 08:09:27,330 - processing started: 264_095 
2022-04-08 08:09:27,526 - processing completed: 264_095
2022-04-08 08:09:27,531 - processing started: 266_096 
2022-04-08 08:09:27,638 - processing completed: 266_096
2022-04-08 08:09:27,643 - processing started: 268_097 
2022-04-08 08:09:27,822 - processing completed: 268_097
2022-04-08 08:09:27,827 - processing started: 270_098 
2022-04-08 08:09:28,009 - processing completed: 270_098
2022-04-08 08:09:28,014 - processing started: 272_099 
2022-04-08 08:09:28,113 - processing completed: 272_099
2022-04-08 08:09:28,117 - processing started: 274_100 
2022-04-08 08:09:28,325 - processing completed: 274_100
2022-04-08 08:09:28,331 - processing started: 276_101 
2022-04-08 08:09:28,433 - processing completed: 276_101
2022-04-08 08:09:28,438 - processing started: 278_102 
2022-04-08 08:09:28,637 - processing completed: 278_102
2022-04-08 08:09:28,641 - processing started: 280_103 
2022-04-08 08:09:28,739 - processing completed: 280_103
2022-04-08 08:09:28,745 - processing started: 282_103 
2022-04-08 08:09:28,909 - processing completed: 282_103
2022-04-08 08:09:28,914 - processing started: 284_104 
2022-04-08 08:09:29,035 - processing completed: 284_104
2022-04-08 08:09:29,040 - processing started: 286_105 
2022-04-08 08:09:29,233 - processing completed: 286_105
2022-04-08 08:09:29,238 - processing started: 288_106 
2022-04-08 08:09:29,333 - processing completed: 288_106
2022-04-08 08:09:29,339 - processing started: 290_107 
2022-04-08 08:09:29,514 - processing completed: 290_107
2022-04-08 08:09:29,520 - processing started: 292_108 
2022-04-08 08:09:29,606 - processing completed: 292_108
2022-04-08 08:09:29,609 - processing started: 294_108 
2022-04-08 08:09:29,780 - processing completed: 294_108
2022-04-08 08:09:29,784 - processing started: 296_109 
2022-04-08 08:09:29,872 - processing completed: 296_109
2022-04-08 08:09:29,876 - processing started: 298_110 
2022-04-08 08:09:30,065 - processing completed: 298_110
2022-04-08 08:09:30,071 - processing started: 300_111 
2022-04-08 08:09:30,237 - processing completed: 300_111
2022-04-08 08:09:30,243 - processing started: 302_112 
2022-04-08 08:09:30,334 - processing completed: 302_112
2022-04-08 08:09:30,338 - processing started: 304_113 
2022-04-08 08:09:30,499 - processing completed: 304_113
2022-04-08 08:09:30,504 - processing started: 306_114 
2022-04-08 08:09:30,641 - processing completed: 306_114
2022-04-08 08:09:30,647 - processing started: 308_115 
2022-04-08 08:09:30,887 - processing completed: 308_115
2022-04-08 08:09:30,894 - processing started: 310_116 
2022-04-08 08:09:31,058 - processing completed: 310_116
2022-04-08 08:09:31,065 - processing started: 312_117 
2022-04-08 08:09:31,281 - processing completed: 312_117
2022-04-08 08:09:31,287 - processing started: 314_117 
2022-04-08 08:09:31,422 - processing completed: 314_117
2022-04-08 08:09:31,427 - processing started: 316_118 
2022-04-08 08:09:31,630 - processing completed: 316_118
2022-04-08 08:09:31,637 - processing started: 318_119 
2022-04-08 08:09:31,774 - processing completed: 318_119
2022-04-08 08:09:31,781 - processing started: 320_120 
2022-04-08 08:09:31,967 - processing completed: 320_120
2022-04-08 08:09:31,971 - processing started: 322_120 
2022-04-08 08:09:32,075 - processing completed: 322_120
2022-04-08 08:09:32,080 - processing started: 324_121 
2022-04-08 08:09:32,290 - processing completed: 324_121
2022-04-08 08:09:32,295 - processing started: 326_122 
2022-04-08 08:09:32,432 - processing completed: 326_122
2022-04-08 08:09:32,437 - processing started: 328_123 
2022-04-08 08:09:32,654 - processing completed: 328_123
2022-04-08 08:09:32,662 - processing started: 330_123 
2022-04-08 08:09:32,909 - processing completed: 330_123
2022-04-08 08:09:32,914 - processing started: 332_124 
2022-04-08 08:09:33,055 - processing completed: 332_124
2022-04-08 08:09:33,060 - processing started: 334_124 
2022-04-08 08:09:33,272 - processing completed: 334_124
2022-04-08 08:09:33,278 - processing started: 336_124 
2022-04-08 08:09:33,413 - processing completed: 336_124
2022-04-08 08:09:33,419 - processing started: 338_124 
2022-04-08 08:09:33,614 - processing completed: 338_124
2022-04-08 08:09:33,619 - processing started: 340_125 
2022-04-08 08:09:33,749 - processing completed: 340_125
2022-04-08 08:09:33,754 - processing started: 342_126 
2022-04-08 08:09:33,960 - processing completed: 342_126
2022-04-08 08:09:33,966 - processing started: 344_126 
2022-04-08 08:09:34,107 - processing completed: 344_126
2022-04-08 08:09:34,113 - processing started: 346_127 
2022-04-08 08:09:34,307 - processing completed: 346_127
2022-04-08 08:09:34,313 - processing started: 348_128 
2022-04-08 08:09:34,446 - processing completed: 348_128
2022-04-08 08:09:34,451 - processing started: 350_129 
2022-04-08 08:09:34,647 - processing completed: 350_129
2022-04-08 08:09:34,652 - processing started: 352_130 
2022-04-08 08:09:34,805 - processing completed: 352_130
2022-04-08 08:09:34,811 - processing started: 354_131 
2022-04-08 08:09:35,026 - processing completed: 354_131
2022-04-08 08:09:35,033 - processing started: 356_132 
2022-04-08 08:09:35,192 - processing completed: 356_132
2022-04-08 08:09:35,198 - processing started: 358_133 
2022-04-08 08:09:35,415 - processing completed: 358_133
2022-04-08 08:09:35,421 - processing started: 360_134 
2022-04-08 08:09:35,621 - processing completed: 360_134
2022-04-08 08:09:35,626 - processing started: 362_134 
2022-04-08 08:09:35,757 - processing completed: 362_134
2022-04-08 08:09:35,763 - processing started: 364_134 
2022-04-08 08:09:35,956 - processing completed: 364_134
2022-04-08 08:09:35,961 - processing started: 366_135 
2022-04-08 08:09:36,093 - processing completed: 366_135
2022-04-08 08:09:36,099 - processing started: 368_136 
2022-04-08 08:09:36,308 - processing completed: 368_136
2022-04-08 08:09:36,313 - processing started: 370_137 
2022-04-08 08:09:36,444 - processing completed: 370_137
2022-04-08 08:09:36,448 - processing started: 372_138 
2022-04-08 08:09:36,636 - processing completed: 372_138
2022-04-08 08:09:36,641 - processing started: 374_139 
2022-04-08 08:09:36,773 - processing completed: 374_139
2022-04-08 08:09:36,779 - processing started: 376_140 
2022-04-08 08:09:36,992 - processing completed: 376_140
2022-04-08 08:09:36,998 - processing started: 378_140 
2022-04-08 08:09:37,138 - processing completed: 378_140
2022-04-08 08:09:37,144 - processing started: 380_141 
2022-04-08 08:09:37,345 - processing completed: 380_141
2022-04-08 08:09:37,351 - processing started: 382_142 
2022-04-08 08:09:37,490 - processing completed: 382_142
2022-04-08 08:09:37,495 - processing started: 384_143 
2022-04-08 08:09:37,692 - processing completed: 384_143
2022-04-08 08:09:37,697 - processing started: 386_144 
2022-04-08 08:09:37,822 - processing completed: 386_144
2022-04-08 08:09:37,827 - processing started: 388_145 
2022-04-08 08:09:38,013 - processing completed: 388_145
2022-04-08 08:09:38,019 - processing started: 390_145 
2022-04-08 08:09:38,210 - processing completed: 390_145
2022-04-08 08:09:38,216 - processing started: 392_145 
2022-04-08 08:09:38,348 - processing completed: 392_145
2022-04-08 08:09:38,353 - processing started: 394_146 
2022-04-08 08:09:38,543 - processing completed: 394_146
2022-04-08 08:09:38,548 - processing started: 396_147 
2022-04-08 08:09:38,676 - processing completed: 396_147
2022-04-08 08:09:38,682 - processing started: 398_147 
2022-04-08 08:09:38,877 - processing completed: 398_147
2022-04-08 08:09:38,883 - processing started: 400_148 
2022-04-08 08:09:39,028 - processing completed: 400_148
2022-04-08 08:09:39,033 - processing started: 402_149 
2022-04-08 08:09:39,227 - processing completed: 402_149
2022-04-08 08:09:39,232 - processing started: 404_149 
2022-04-08 08:09:39,389 - processing completed: 404_149
2022-04-08 08:09:39,394 - processing started: 406_150 
2022-04-08 08:09:39,622 - processing completed: 406_150
2022-04-08 08:09:39,629 - processing started: 408_151 
2022-04-08 08:09:39,759 - processing completed: 408_151
2022-04-08 08:09:39,765 - processing started: 410_152 
2022-04-08 08:09:39,954 - processing completed: 410_152
2022-04-08 08:09:39,958 - processing started: 412_153 
2022-04-08 08:09:40,085 - processing completed: 412_153
2022-04-08 08:09:40,089 - processing started: 414_154 
2022-04-08 08:09:40,284 - processing completed: 414_154
2022-04-08 08:09:40,288 - processing started: 416_155 
2022-04-08 08:09:40,416 - processing completed: 416_155
2022-04-08 08:09:40,421 - processing started: 418_156 
2022-04-08 08:09:40,623 - processing completed: 418_156
2022-04-08 08:09:40,627 - processing started: 420_157 
2022-04-08 08:09:40,817 - processing completed: 420_157
2022-04-08 08:09:40,821 - processing started: 422_157 
2022-04-08 08:09:40,956 - processing completed: 422_157
2022-04-08 08:09:40,961 - processing started: 424_158 
2022-04-08 08:09:41,177 - processing completed: 424_158
2022-04-08 08:09:41,182 - processing started: 426_159 
2022-04-08 08:09:41,317 - processing completed: 426_159
2022-04-08 08:09:41,323 - processing started: 428_160 
2022-04-08 08:09:41,520 - processing completed: 428_160
2022-04-08 08:09:41,525 - processing started: 430_160 
2022-04-08 08:09:41,674 - processing completed: 430_160
2022-04-08 08:09:41,680 - processing started: 432_161 
2022-04-08 08:09:41,879 - processing completed: 432_161
2022-04-08 08:09:41,885 - processing started: 434_162 
2022-04-08 08:09:42,014 - processing completed: 434_162
2022-04-08 08:09:42,020 - processing started: 436_163 
2022-04-08 08:09:42,205 - processing completed: 436_163
2022-04-08 08:09:42,209 - processing started: 438_164 
2022-04-08 08:09:42,335 - processing completed: 438_164
2022-04-08 08:09:42,341 - processing started: 440_165 
2022-04-08 08:09:42,532 - processing completed: 440_165
2022-04-08 08:09:42,538 - processing started: 442_166 
2022-04-08 08:09:42,677 - processing completed: 442_166
2022-04-08 08:09:42,683 - processing started: 444_167 
2022-04-08 08:09:42,874 - processing completed: 444_167
2022-04-08 08:09:42,880 - processing started: 446_167 
2022-04-08 08:09:43,076 - processing completed: 446_167
2022-04-08 08:09:43,082 - processing started: 448_168 
2022-04-08 08:09:43,222 - processing completed: 448_168
2022-04-08 08:09:43,228 - processing started: 450_168 
2022-04-08 08:09:43,451 - processing completed: 450_168
2022-04-08 08:09:43,458 - processing started: 452_169 
2022-04-08 08:09:43,587 - processing completed: 452_169
2022-04-08 08:09:43,592 - processing started: 454_170 
2022-04-08 08:09:43,811 - processing completed: 454_170
2022-04-08 08:09:43,816 - processing started: 456_171 
2022-04-08 08:09:43,953 - processing completed: 456_171
2022-04-08 08:09:43,959 - processing started: 458_171 
2022-04-08 08:09:44,155 - processing completed: 458_171
2022-04-08 08:09:44,161 - processing started: 460_172 
2022-04-08 08:09:44,285 - processing completed: 460_172
2022-04-08 08:09:44,289 - processing started: 462_173 
2022-04-08 08:09:44,482 - processing completed: 462_173
2022-04-08 08:09:44,487 - processing started: 464_174 
2022-04-08 08:09:44,613 - processing completed: 464_174
2022-04-08 08:09:44,618 - processing started: 466_174 
2022-04-08 08:09:44,811 - processing completed: 466_174
2022-04-08 08:09:44,815 - processing started: 468_175 
2022-04-08 08:09:44,939 - processing completed: 468_175
2022-04-08 08:09:44,944 - processing started: 470_176 
2022-04-08 08:09:45,132 - processing completed: 470_176
2022-04-08 08:09:45,138 - processing started: 472_177 
2022-04-08 08:09:45,267 - processing completed: 472_177
2022-04-08 08:09:45,273 - processing started: 474_178 
2022-04-08 08:09:45,512 - processing completed: 474_178
2022-04-08 08:09:45,517 - processing started: 476_178 
2022-04-08 08:09:45,711 - processing completed: 476_178
2022-04-08 08:09:45,716 - processing started: 478_179 
2022-04-08 08:09:45,861 - processing completed: 478_179
2022-04-08 08:09:45,866 - processing started: 480_180 
2022-04-08 08:09:46,068 - processing completed: 480_180
2022-04-08 08:09:46,073 - processing started: 482_180 
2022-04-08 08:09:46,226 - processing completed: 482_180
2022-04-08 08:09:46,231 - processing started: 484_181 
2022-04-08 08:09:46,453 - processing completed: 484_181
2022-04-08 08:09:46,458 - processing started: 486_182 
2022-04-08 08:09:46,584 - processing completed: 486_182
2022-04-08 08:09:46,590 - processing started: 488_183 
2022-04-08 08:09:46,784 - processing completed: 488_183
2022-04-08 08:09:46,789 - processing started: 490_183 
2022-04-08 08:09:46,932 - processing completed: 490_183
2022-04-08 08:09:46,939 - processing started: 492_184 
2022-04-08 08:09:47,135 - processing completed: 492_184
2022-04-08 08:09:47,141 - processing started: 494_184 
2022-04-08 08:09:47,269 - processing completed: 494_184
2022-04-08 08:09:47,275 - processing started: 496_185 
2022-04-08 08:09:47,486 - processing completed: 496_185
2022-04-08 08:09:47,492 - processing started: 498_186 
2022-04-08 08:09:47,626 - processing completed: 498_186
2022-04-08 08:09:47,632 - processing started: 500_187 
2022-04-08 08:09:47,822 - processing completed: 500_187
2022-04-08 08:09:47,827 - processing started: 502_188 
2022-04-08 08:09:47,989 - processing completed: 502_188
2022-04-08 08:09:47,995 - processing started: 504_188 
2022-04-08 08:09:48,198 - processing completed: 504_188
2022-04-08 08:09:48,204 - processing started: 506_189 
2022-04-08 08:09:48,370 - processing completed: 506_189
2022-04-08 08:09:48,375 - processing started: 508_190 
2022-04-08 08:09:48,506 - processing completed: 508_190
2022-04-08 08:09:48,511 - processing started: 510_191 
2022-04-08 08:09:48,706 - processing completed: 510_191
2022-04-08 08:09:48,710 - processing started: 512_192 
2022-04-08 08:09:48,837 - processing completed: 512_192
2022-04-08 08:09:48,843 - processing started: 514_192 
2022-04-08 08:09:49,043 - processing completed: 514_192
2022-04-08 08:09:49,048 - processing started: 516_193 
2022-04-08 08:09:49,178 - processing completed: 516_193
2022-04-08 08:09:49,183 - processing started: 518_194 
2022-04-08 08:09:49,379 - processing completed: 518_194
2022-04-08 08:09:49,386 - processing started: 520_195 
2022-04-08 08:09:49,515 - processing completed: 520_195
2022-04-08 08:09:49,520 - processing started: 522_196 
2022-04-08 08:09:49,742 - processing completed: 522_196
2022-04-08 08:09:49,747 - processing started: 524_196 
2022-04-08 08:09:49,874 - processing completed: 524_196
2022-04-08 08:09:49,880 - processing started: 526_196 
2022-04-08 08:09:50,097 - processing completed: 526_196
2022-04-08 08:09:50,102 - processing started: 528_197 
2022-04-08 08:09:50,264 - processing completed: 528_197
2022-04-08 08:09:50,269 - processing started: 530_197 
2022-04-08 08:09:50,471 - processing completed: 530_197
2022-04-08 08:09:50,475 - processing started: 532_198 
2022-04-08 08:09:50,605 - processing completed: 532_198
2022-04-08 08:09:50,610 - processing started: 534_199 
2022-04-08 08:09:50,801 - processing completed: 534_199
2022-04-08 08:09:50,805 - processing started: 536_200 
2022-04-08 08:09:51,003 - processing completed: 536_200
2022-04-08 08:09:51,009 - processing started: 538_201 
2022-04-08 08:09:51,138 - processing completed: 538_201
2022-04-08 08:09:51,144 - processing started: 540_202 
2022-04-08 08:09:51,351 - processing completed: 540_202
2022-04-08 08:09:51,356 - processing started: 542_203 
2022-04-08 08:09:51,488 - processing completed: 542_203
2022-04-08 08:09:51,494 - processing started: 544_204 
2022-04-08 08:09:51,712 - processing completed: 544_204
2022-04-08 08:09:51,717 - processing started: 546_205 
2022-04-08 08:09:51,847 - processing completed: 546_205
2022-04-08 08:09:51,852 - processing started: 548_206 
2022-04-08 08:09:52,056 - processing completed: 548_206
2022-04-08 08:09:52,061 - processing started: 550_207 
2022-04-08 08:09:52,198 - processing completed: 550_207
2022-04-08 08:09:52,204 - processing started: 552_207 
2022-04-08 08:09:52,415 - processing completed: 552_207
2022-04-08 08:09:52,420 - processing started: 554_208 
2022-04-08 08:09:52,545 - processing completed: 554_208
2022-04-08 08:09:52,549 - processing started: 556_209 
2022-04-08 08:09:52,732 - processing completed: 556_209
2022-04-08 08:09:52,738 - processing started: 558_210 
2022-04-08 08:09:52,860 - processing completed: 558_210
2022-04-08 08:09:52,865 - processing started: 560_211 
2022-04-08 08:09:53,055 - processing completed: 560_211
2022-04-08 08:09:53,059 - processing started: 562_212 
2022-04-08 08:09:53,183 - processing completed: 562_212
2022-04-08 08:09:53,188 - processing started: 564_213 
2022-04-08 08:09:53,383 - processing completed: 564_213
2022-04-08 08:09:53,387 - processing started: 566_214 
2022-04-08 08:09:53,587 - processing completed: 566_214
2022-04-08 08:09:53,591 - processing started: 568_214 
2022-04-08 08:09:53,718 - processing completed: 568_214
2022-04-08 08:09:53,724 - processing started: 570_214 
2022-04-08 08:09:53,961 - processing completed: 570_214
2022-04-08 08:09:53,966 - processing started: 572_215 
2022-04-08 08:09:54,101 - processing completed: 572_215
2022-04-08 08:09:54,107 - processing started: 574_216 
2022-04-08 08:09:54,318 - processing completed: 574_216
2022-04-08 08:09:54,324 - processing started: 576_217 
2022-04-08 08:09:54,466 - processing completed: 576_217
2022-04-08 08:09:54,472 - processing started: 578_218 
2022-04-08 08:09:54,671 - processing completed: 578_218
2022-04-08 08:09:54,676 - processing started: 580_219 
2022-04-08 08:09:54,799 - processing completed: 580_219
2022-04-08 08:09:54,804 - processing started: 582_220 
2022-04-08 08:09:55,002 - processing completed: 582_220
2022-04-08 08:09:55,006 - processing started: 584_221 
2022-04-08 08:09:55,132 - processing completed: 584_221
2022-04-08 08:09:55,138 - processing started: 586_221 
2022-04-08 08:09:55,323 - processing completed: 586_221
2022-04-08 08:09:55,328 - processing started: 588_222 
2022-04-08 08:09:55,454 - processing completed: 588_222
2022-04-08 08:09:55,460 - processing started: 590_222 
2022-04-08 08:09:55,667 - processing completed: 590_222
2022-04-08 08:09:55,672 - processing started: 592_223 
2022-04-08 08:09:55,783 - processing completed: 592_223
2022-04-08 08:09:55,788 - processing started: 594_224 
2022-04-08 08:09:56,038 - processing completed: 594_224
2022-04-08 08:09:56,043 - processing started: 596_224 
2022-04-08 08:09:56,267 - processing completed: 596_224
2022-04-08 08:09:56,272 - processing started: 598_225 
2022-04-08 08:09:56,382 - processing completed: 598_225
2022-04-08 08:09:56,387 - processing started: 600_225 
2022-04-08 08:09:56,601 - processing completed: 600_225
2022-04-08 08:09:56,606 - processing started: 602_226 
2022-04-08 08:09:56,743 - processing completed: 602_226
2022-04-08 08:09:56,750 - processing started: 604_226 
2022-04-08 08:09:56,928 - processing completed: 604_226
2022-04-08 08:09:56,932 - processing started: 606_227 
2022-04-08 08:09:57,059 - processing completed: 606_227
2022-04-08 08:09:57,063 - processing started: 608_227 
2022-04-08 08:09:57,263 - processing completed: 608_227
2022-04-08 08:09:57,267 - processing started: 610_227 
2022-04-08 08:09:57,381 - processing completed: 610_227
2022-04-08 08:09:57,386 - processing started: 612_227 
2022-04-08 08:09:57,669 - processing completed: 612_227
2022-04-08 08:09:57,674 - processing started: 614_227 
2022-04-08 08:09:57,785 - processing completed: 614_227
2022-04-08 08:09:57,791 - processing started: 616_228 
2022-04-08 08:09:57,998 - processing completed: 616_228
2022-04-08 08:09:58,003 - processing started: 618_229 
2022-04-08 08:09:58,126 - processing completed: 618_229
2022-04-08 08:09:58,132 - processing started: 620_230 
2022-04-08 08:09:58,304 - processing completed: 620_230
2022-04-08 08:09:58,309 - processing started: 622_230 
2022-04-08 08:09:58,437 - processing completed: 622_230
2022-04-08 08:09:58,441 - processing started: 624_231 
2022-04-08 08:09:58,630 - processing completed: 624_231
2022-04-08 08:09:58,634 - processing started: 626_232 
2022-04-08 08:09:58,823 - processing completed: 626_232
2022-04-08 08:09:58,827 - processing started: 628_232 
2022-04-08 08:09:58,930 - processing completed: 628_232
2022-04-08 08:09:58,935 - processing started: 630_232 
2022-04-08 08:09:59,106 - processing completed: 630_232
2022-04-08 08:09:59,111 - processing started: 632_233 
2022-04-08 08:09:59,216 - processing completed: 632_233
2022-04-08 08:09:59,222 - processing started: 634_234 
2022-04-08 08:09:59,391 - processing completed: 634_234
2022-04-08 08:09:59,395 - processing started: 636_234 
2022-04-08 08:09:59,496 - processing completed: 636_234
2022-04-08 08:09:59,500 - processing started: 638_235 
2022-04-08 08:09:59,702 - processing completed: 638_235
2022-04-08 08:09:59,708 - processing started: 640_236 
2022-04-08 08:09:59,848 - processing completed: 640_236
2022-04-08 08:09:59,853 - processing started: 642_236 
2022-04-08 08:10:00,086 - processing completed: 642_236
2022-04-08 08:10:00,091 - processing started: 644_237 
2022-04-08 08:10:00,236 - processing completed: 644_237
2022-04-08 08:10:00,242 - processing started: 646_238 
2022-04-08 08:10:00,467 - processing completed: 646_238
2022-04-08 08:10:00,474 - processing started: 648_239 
2022-04-08 08:10:00,621 - processing completed: 648_239
2022-04-08 08:10:00,626 - processing started: 650_240 
2022-04-08 08:10:00,842 - processing completed: 650_240
2022-04-08 08:10:00,847 - processing started: 652_240 
2022-04-08 08:10:01,012 - processing completed: 652_240
2022-04-08 08:10:01,017 - processing started: 654_241 
2022-04-08 08:10:01,227 - processing completed: 654_241
2022-04-08 08:10:01,232 - processing started: 656_242 
2022-04-08 08:10:01,439 - processing completed: 656_242
2022-04-08 08:10:01,445 - processing started: 658_243 
2022-04-08 08:10:01,580 - processing completed: 658_243
2022-04-08 08:10:01,585 - processing started: 660_243 
2022-04-08 08:10:01,788 - processing completed: 660_243
2022-04-08 08:10:01,792 - processing started: 662_244 
2022-04-08 08:10:01,888 - processing completed: 662_244
2022-04-08 08:10:01,893 - processing started: 664_245 
2022-04-08 08:10:02,081 - processing completed: 664_245
2022-04-08 08:10:02,085 - processing started: 666_246 
2022-04-08 08:10:02,175 - processing completed: 666_246
2022-04-08 08:10:02,179 - processing started: 668_247 
2022-04-08 08:10:02,329 - processing completed: 668_247
2022-04-08 08:10:02,333 - processing started: 670_248 
2022-04-08 08:10:02,424 - processing completed: 670_248
2022-04-08 08:10:02,428 - processing started: 672_248 
2022-04-08 08:10:02,591 - processing completed: 672_248
2022-04-08 08:10:02,595 - processing started: 674_249 
2022-04-08 08:10:02,682 - processing completed: 674_249
2022-04-08 08:10:02,686 - processing started: 676_250 
2022-04-08 08:10:02,837 - processing completed: 676_250
2022-04-08 08:10:02,841 - processing started: 678_251 
2022-04-08 08:10:02,929 - processing completed: 678_251
2022-04-08 08:10:02,934 - processing started: 680_252 
2022-04-08 08:10:03,091 - processing completed: 680_252
2022-04-08 08:10:03,097 - processing started: 682_252 
2022-04-08 08:10:03,195 - processing completed: 682_252
2022-04-08 08:10:03,199 - processing started: 684_253 
2022-04-08 08:10:03,366 - processing completed: 684_253
2022-04-08 08:10:03,371 - processing started: 686_254 
2022-04-08 08:10:03,559 - processing completed: 686_254
2022-04-08 08:10:03,564 - processing started: 688_255 
2022-04-08 08:10:03,681 - processing completed: 688_255
2022-04-08 08:10:03,686 - processing started: 690_256 
2022-04-08 08:10:03,890 - processing completed: 690_256
2022-04-08 08:10:03,905 - processing started: 692_257 
2022-04-08 08:10:04,030 - processing completed: 692_257
2022-04-08 08:10:04,034 - processing started: 694_257 
2022-04-08 08:10:04,272 - processing completed: 694_257
2022-04-08 08:10:04,276 - processing started: 696_258 
2022-04-08 08:10:04,394 - processing completed: 696_258
2022-04-08 08:10:04,400 - processing started: 698_258 
2022-04-08 08:10:04,583 - processing completed: 698_258
2022-04-08 08:10:04,588 - processing started: 700_259 
2022-04-08 08:10:04,690 - processing completed: 700_259
2022-04-08 08:10:04,695 - processing started: 702_260 
2022-04-08 08:10:04,884 - processing completed: 702_260
2022-04-08 08:10:04,888 - processing started: 704_261 
2022-04-08 08:10:05,009 - processing completed: 704_261
2022-04-08 08:10:05,014 - processing started: 706_261 
2022-04-08 08:10:05,210 - processing completed: 706_261
2022-04-08 08:10:05,215 - processing started: 708_262 
2022-04-08 08:10:05,326 - processing completed: 708_262
2022-04-08 08:10:05,330 - processing started: 710_263 
2022-04-08 08:10:05,512 - processing completed: 710_263
2022-04-08 08:10:05,516 - processing started: 712_264 
2022-04-08 08:10:05,693 - processing completed: 712_264
2022-04-08 08:10:05,698 - processing started: 714_264 
2022-04-08 08:10:05,811 - processing completed: 714_264
2022-04-08 08:10:05,816 - processing started: 716_265 
2022-04-08 08:10:06,044 - processing completed: 716_265
2022-04-08 08:10:06,049 - processing started: 718_266 
2022-04-08 08:10:06,167 - processing completed: 718_266
2022-04-08 08:10:06,174 - processing started: 720_267 
2022-04-08 08:10:06,372 - processing completed: 720_267
2022-04-08 08:10:06,376 - processing started: 722_267 
2022-04-08 08:10:06,490 - processing completed: 722_267
2022-04-08 08:10:06,495 - processing started: 724_267 
2022-04-08 08:10:06,667 - processing completed: 724_267
2022-04-08 08:10:06,673 - processing started: 726_268 
2022-04-08 08:10:06,785 - processing completed: 726_268
2022-04-08 08:10:06,791 - processing started: 728_268 
2022-04-08 08:10:06,979 - processing completed: 728_268
2022-04-08 08:10:06,984 - processing started: 730_268 
2022-04-08 08:10:07,093 - processing completed: 730_268
2022-04-08 08:10:07,098 - processing started: 732_268 
2022-04-08 08:10:07,267 - processing completed: 732_268
2022-04-08 08:10:07,272 - processing started: 734_268 
2022-04-08 08:10:07,394 - processing completed: 734_268
2022-04-08 08:10:07,398 - processing started: 736_269 
2022-04-08 08:10:07,572 - processing completed: 736_269
2022-04-08 08:10:07,577 - processing started: 738_270 
2022-04-08 08:10:07,697 - processing completed: 738_270
2022-04-08 08:10:07,701 - processing started: 740_271 
2022-04-08 08:10:07,914 - processing completed: 740_271
2022-04-08 08:10:07,920 - processing started: 742_272 
2022-04-08 08:10:08,120 - processing completed: 742_272
2022-04-08 08:10:08,124 - processing started: 744_272 
2022-04-08 08:10:08,229 - processing completed: 744_272
2022-04-08 08:10:08,234 - processing started: 746_273 
2022-04-08 08:10:08,419 - processing completed: 746_273
2022-04-08 08:10:08,424 - processing started: 748_274 
2022-04-08 08:10:08,528 - processing completed: 748_274
2022-04-08 08:10:08,534 - processing started: 750_274 
2022-04-08 08:10:08,699 - processing completed: 750_274
2022-04-08 08:10:08,705 - processing started: 752_275 
2022-04-08 08:10:08,812 - processing completed: 752_275
2022-04-08 08:10:08,817 - processing started: 754_275 
2022-04-08 08:10:08,995 - processing completed: 754_275
2022-04-08 08:10:09,001 - processing started: 756_276 
2022-04-08 08:10:09,105 - processing completed: 756_276
2022-04-08 08:10:09,110 - processing started: 758_277 
2022-04-08 08:10:09,293 - processing completed: 758_277
2022-04-08 08:10:09,297 - processing started: 760_278 
2022-04-08 08:10:09,413 - processing completed: 760_278
2022-04-08 08:10:09,418 - processing started: 762_278 
2022-04-08 08:10:09,611 - processing completed: 762_278
2022-04-08 08:10:09,617 - processing started: 764_279 
2022-04-08 08:10:09,753 - processing completed: 764_279
2022-04-08 08:10:09,758 - processing started: 766_280 
2022-04-08 08:10:09,945 - processing completed: 766_280
2022-04-08 08:10:09,950 - processing started: 768_281 
2022-04-08 08:10:10,049 - processing completed: 768_281
2022-04-08 08:10:10,054 - processing started: 770_282 
2022-04-08 08:10:10,214 - processing completed: 770_282
2022-04-08 08:10:10,218 - processing started: 772_283 
2022-04-08 08:10:10,390 - processing completed: 772_283
2022-04-08 08:10:10,394 - processing started: 774_284 
2022-04-08 08:10:10,482 - processing completed: 774_284
2022-04-08 08:10:10,487 - processing started: 776_285 
2022-04-08 08:10:10,651 - processing completed: 776_285
2022-04-08 08:10:10,656 - processing started: 778_285 
2022-04-08 08:10:10,749 - processing completed: 778_285
2022-04-08 08:10:10,753 - processing started: 780_286 
2022-04-08 08:10:11,029 - processing completed: 780_286
2022-04-08 08:10:11,037 - processing started: 782_287 
2022-04-08 08:10:11,128 - processing completed: 782_287
2022-04-08 08:10:11,133 - processing started: 784_288 
2022-04-08 08:10:11,287 - processing completed: 784_288
2022-04-08 08:10:11,292 - processing started: 786_289 
2022-04-08 08:10:11,380 - processing completed: 786_289
2022-04-08 08:10:11,386 - processing started: 788_290 
2022-04-08 08:10:11,546 - processing completed: 788_290
2022-04-08 08:10:11,550 - processing started: 790_290 
2022-04-08 08:10:11,684 - processing completed: 790_290
2022-04-08 08:10:11,689 - processing started: 792_291 
2022-04-08 08:10:11,881 - processing completed: 792_291
2022-04-08 08:10:11,886 - processing started: 794_292 
2022-04-08 08:10:11,980 - processing completed: 794_292
2022-04-08 08:10:11,986 - processing started: 796_293 
2022-04-08 08:10:12,109 - processing completed: 796_293
2022-04-08 08:10:12,112 - processing started: 798_294 
2022-04-08 08:10:12,165 - processing completed: 798_294
2022-04-08 08:10:12,169 - processing started: 800_295 
2022-04-08 08:10:12,317 - processing completed: 800_295
2022-04-08 08:10:12,321 - processing started: 802_296 
2022-04-08 08:10:12,485 - processing completed: 802_296
2022-04-08 08:10:12,489 - processing started: 804_296 
2022-04-08 08:10:12,575 - processing completed: 804_296
2022-04-08 08:10:12,579 - processing started: 806_297 
2022-04-08 08:10:12,826 - processing completed: 806_297
2022-04-08 08:10:12,831 - processing started: 808_298 
2022-04-08 08:10:12,937 - processing completed: 808_298
2022-04-08 08:10:12,941 - processing started: 810_299 
2022-04-08 08:10:13,096 - processing completed: 810_299
2022-04-08 08:10:13,100 - processing started: 0_0 
2022-04-08 08:10:13,101 - Closing connection (200): Normal shutdown
2022-04-08 08:10:13,102 - Closing channel (200): 'Normal shutdown' on <Channel number=1 OPEN conn=<SelectConnection OPEN transport=<pika.adapters.utils.io_services_utils._AsyncPlaintextTransport object at 0x1162181c0> params=<ConnectionParameters host=localhost port=5672 virtual_host=/ ssl=False>>>
2022-04-08 08:10:13,102 - Received <Channel.CloseOk> on <Channel number=1 CLOSING conn=<SelectConnection OPEN transport=<pika.adapters.utils.io_services_utils._AsyncPlaintextTransport object at 0x1162181c0> params=<ConnectionParameters host=localhost port=5672 virtual_host=/ ssl=False>>>
2022-04-08 08:10:13,103 - Closing connection (200): 'Normal shutdown'
2022-04-08 08:10:13,103 - Aborting transport connection: state=1; <socket.socket fd=22, family=AddressFamily.AF_INET, type=SocketKind.SOCK_STREAM, proto=6, laddr=('127.0.0.1', 50360), raddr=('127.0.0.1', 5672)>
2022-04-08 08:10:13,103 - _AsyncTransportBase._initate_abort(): Initiating abrupt asynchronous transport shutdown: state=1; error=None; <socket.socket fd=22, family=AddressFamily.AF_INET, type=SocketKind.SOCK_STREAM, proto=6, laddr=('127.0.0.1', 50360), raddr=('127.0.0.1', 5672)>
2022-04-08 08:10:13,103 - Deactivating transport: state=1; <socket.socket fd=22, family=AddressFamily.AF_INET, type=SocketKind.SOCK_STREAM, proto=6, laddr=('127.0.0.1', 50360), raddr=('127.0.0.1', 5672)>
2022-04-08 08:10:13,104 - AMQP stack terminated, failed to connect, or aborted: opened=True, error-arg=None; pending-error=ConnectionClosedByClient: (200) 'Normal shutdown'
2022-04-08 08:10:13,104 - Stack terminated due to ConnectionClosedByClient: (200) 'Normal shutdown'
2022-04-08 08:10:13,104 - Closing transport socket and unlinking: state=3; <socket.socket fd=22, family=AddressFamily.AF_INET, type=SocketKind.SOCK_STREAM, proto=6, laddr=('127.0.0.1', 50360), raddr=('127.0.0.1', 5672)>
2022-04-08 08:10:13,104 - User-initiated close: result=BlockingConnection__OnClosedArgs(connection=<SelectConnection CLOSED transport=None params=<ConnectionParameters host=localhost port=5672 virtual_host=/ ssl=False>>, error=ConnectionClosedByClient: (200) 'Normal shutdown')
2022-04-08 08:10:13,105 - PID 52397 completed loading and processing
