2022-04-08 08:12:00,030 - PID 53085 started loading and processing
2022-04-08 08:12:00,038 - Pika version 1.2.0 connecting to ('::1', 5672, 0, 0)
2022-04-08 08:12:00,038 - Socket failed to connect: <socket.socket fd=22, family=AddressFamily.AF_INET6, type=SocketKind.SOCK_STREAM, proto=6, laddr=('::1', 50456, 0, 0)>; error=61 (Connection refused)
2022-04-08 08:12:00,038 - TCP Connection attempt failed: ConnectionRefusedError(61, 'Connection refused'); dest=(<AddressFamily.AF_INET6: 30>, <SocketKind.SOCK_STREAM: 1>, 6, '', ('::1', 5672, 0, 0))
2022-04-08 08:12:00,038 - AMQPConnector - reporting failure: AMQPConnectorSocketConnectError: ConnectionRefusedError(61, 'Connection refused')
2022-04-08 08:12:00,039 - Pika version 1.2.0 connecting to ('127.0.0.1', 5672)
2022-04-08 08:12:00,039 - Socket connected: <socket.socket fd=22, family=AddressFamily.AF_INET, type=SocketKind.SOCK_STREAM, proto=6, laddr=('127.0.0.1', 50457), raddr=('127.0.0.1', 5672)>
2022-04-08 08:12:00,040 - Streaming transport linked up: (<pika.adapters.utils.io_services_utils._AsyncPlaintextTransport object at 0x123b5f2b0>, _StreamingProtocolShim: <SelectConnection PROTOCOL transport=<pika.adapters.utils.io_services_utils._AsyncPlaintextTransport object at 0x123b5f2b0> params=<ConnectionParameters host=localhost port=5672 virtual_host=/ ssl=False>>).
2022-04-08 08:12:00,044 - AMQPConnector - reporting success: <SelectConnection OPEN transport=<pika.adapters.utils.io_services_utils._AsyncPlaintextTransport object at 0x123b5f2b0> params=<ConnectionParameters host=localhost port=5672 virtual_host=/ ssl=False>>
2022-04-08 08:12:00,044 - AMQPConnectionWorkflow - reporting success: <SelectConnection OPEN transport=<pika.adapters.utils.io_services_utils._AsyncPlaintextTransport object at 0x123b5f2b0> params=<ConnectionParameters host=localhost port=5672 virtual_host=/ ssl=False>>
2022-04-08 08:12:00,044 - Connection workflow succeeded: <SelectConnection OPEN transport=<pika.adapters.utils.io_services_utils._AsyncPlaintextTransport object at 0x123b5f2b0> params=<ConnectionParameters host=localhost port=5672 virtual_host=/ ssl=False>>
2022-04-08 08:12:00,045 - Created channel=1
2022-04-08 08:12:00,047 - Logging before start consuming
2022-04-08 08:12:05,400 - processing started: 0_000 
2022-04-08 08:12:05,586 - processing completed: 0_000
2022-04-08 08:12:05,606 - processing started: 2_000 
2022-04-08 08:12:05,812 - processing completed: 2_000
2022-04-08 08:12:05,817 - processing started: 4_001 
2022-04-08 08:12:06,069 - processing completed: 4_001
2022-04-08 08:12:06,075 - processing started: 6_002 
2022-04-08 08:12:06,244 - processing completed: 6_002
2022-04-08 08:12:06,250 - processing started: 8_003 
2022-04-08 08:12:06,486 - processing completed: 8_003
2022-04-08 08:12:06,492 - processing started: 10_004 
2022-04-08 08:12:06,675 - processing completed: 10_004
2022-04-08 08:12:06,680 - processing started: 12_005 
2022-04-08 08:12:06,926 - processing completed: 12_005
2022-04-08 08:12:06,932 - processing started: 14_005 
2022-04-08 08:12:07,120 - processing completed: 14_005
2022-04-08 08:12:07,127 - processing started: 16_006 
2022-04-08 08:12:07,378 - processing completed: 16_006
2022-04-08 08:12:07,385 - processing started: 18_007 
2022-04-08 08:12:07,567 - processing completed: 18_007
2022-04-08 08:12:07,572 - processing started: 20_008 
2022-04-08 08:12:07,807 - processing completed: 20_008
2022-04-08 08:12:07,813 - processing started: 22_009 
2022-04-08 08:12:08,030 - processing completed: 22_009
2022-04-08 08:12:08,036 - processing started: 24_009 
2022-04-08 08:12:08,291 - processing completed: 24_009
2022-04-08 08:12:08,297 - processing started: 26_010 
2022-04-08 08:12:08,508 - processing completed: 26_010
2022-04-08 08:12:08,513 - processing started: 28_011 
2022-04-08 08:12:08,781 - processing completed: 28_011
2022-04-08 08:12:08,787 - processing started: 30_012 
2022-04-08 08:12:08,874 - processing completed: 30_012
2022-04-08 08:12:08,878 - processing started: 32_013 
2022-04-08 08:12:09,108 - processing completed: 32_013
2022-04-08 08:12:09,116 - processing started: 34_014 
2022-04-08 08:12:09,360 - processing completed: 34_014
2022-04-08 08:12:09,364 - processing started: 36_014 
2022-04-08 08:12:09,480 - processing completed: 36_014
2022-04-08 08:12:09,486 - processing started: 38_015 
2022-04-08 08:12:09,680 - processing completed: 38_015
2022-04-08 08:12:09,684 - processing started: 40_015 
2022-04-08 08:12:09,821 - processing completed: 40_015
2022-04-08 08:12:09,826 - processing started: 42_015 
2022-04-08 08:12:10,035 - processing completed: 42_015
2022-04-08 08:12:10,039 - processing started: 44_016 
2022-04-08 08:12:10,183 - processing completed: 44_016
2022-04-08 08:12:10,188 - processing started: 46_017 
2022-04-08 08:12:10,420 - processing completed: 46_017
2022-04-08 08:12:10,427 - processing started: 48_018 
2022-04-08 08:12:10,598 - processing completed: 48_018
2022-04-08 08:12:10,605 - processing started: 50_019 
2022-04-08 08:12:10,858 - processing completed: 50_019
2022-04-08 08:12:10,864 - processing started: 52_020 
2022-04-08 08:12:11,012 - processing completed: 52_020
2022-04-08 08:12:11,018 - processing started: 54_021 
2022-04-08 08:12:11,254 - processing completed: 54_021
2022-04-08 08:12:11,278 - processing started: 56_022 
2022-04-08 08:12:11,473 - processing completed: 56_022
2022-04-08 08:12:11,478 - processing started: 58_022 
2022-04-08 08:12:11,758 - processing completed: 58_022
2022-04-08 08:12:11,766 - processing started: 60_023 
2022-04-08 08:12:11,906 - processing completed: 60_023
2022-04-08 08:12:11,911 - processing started: 62_023 
2022-04-08 08:12:12,124 - processing completed: 62_023
2022-04-08 08:12:12,128 - processing started: 64_024 
2022-04-08 08:12:12,341 - processing completed: 64_024
2022-04-08 08:12:12,345 - processing started: 66_025 
2022-04-08 08:12:12,514 - processing completed: 66_025
2022-04-08 08:12:12,521 - processing started: 68_026 
2022-04-08 08:12:12,786 - processing completed: 68_026
2022-04-08 08:12:12,791 - processing started: 70_027 
2022-04-08 08:12:12,926 - processing completed: 70_027
2022-04-08 08:12:12,931 - processing started: 72_028 
2022-04-08 08:12:13,130 - processing completed: 72_028
2022-04-08 08:12:13,135 - processing started: 74_028 
2022-04-08 08:12:13,258 - processing completed: 74_028
2022-04-08 08:12:13,263 - processing started: 76_029 
2022-04-08 08:12:13,481 - processing completed: 76_029
2022-04-08 08:12:13,486 - processing started: 78_030 
2022-04-08 08:12:13,619 - processing completed: 78_030
2022-04-08 08:12:13,624 - processing started: 80_031 
2022-04-08 08:12:13,831 - processing completed: 80_031
2022-04-08 08:12:13,836 - processing started: 82_031 
2022-04-08 08:12:13,971 - processing completed: 82_031
2022-04-08 08:12:13,976 - processing started: 84_032 
2022-04-08 08:12:14,222 - processing completed: 84_032
2022-04-08 08:12:14,228 - processing started: 86_032 
2022-04-08 08:12:14,406 - processing completed: 86_032
2022-04-08 08:12:14,413 - processing started: 88_033 
2022-04-08 08:12:14,624 - processing completed: 88_033
2022-04-08 08:12:14,628 - processing started: 90_033 
2022-04-08 08:12:14,739 - processing completed: 90_033
2022-04-08 08:12:14,745 - processing started: 92_033 
2022-04-08 08:12:14,941 - processing completed: 92_033
2022-04-08 08:12:14,945 - processing started: 94_034 
2022-04-08 08:12:15,133 - processing completed: 94_034
2022-04-08 08:12:15,138 - processing started: 96_035 
2022-04-08 08:12:15,245 - processing completed: 96_035
2022-04-08 08:12:15,250 - processing started: 98_035 
2022-04-08 08:12:15,424 - processing completed: 98_035
2022-04-08 08:12:15,427 - processing started: 100_036 
2022-04-08 08:12:15,538 - processing completed: 100_036
2022-04-08 08:12:15,544 - processing started: 102_037 
2022-04-08 08:12:15,721 - processing completed: 102_037
2022-04-08 08:12:15,725 - processing started: 104_038 
2022-04-08 08:12:15,843 - processing completed: 104_038
2022-04-08 08:12:15,847 - processing started: 106_039 
2022-04-08 08:12:16,034 - processing completed: 106_039
2022-04-08 08:12:16,038 - processing started: 108_039 
2022-04-08 08:12:16,153 - processing completed: 108_039
2022-04-08 08:12:16,157 - processing started: 110_040 
2022-04-08 08:12:16,333 - processing completed: 110_040
2022-04-08 08:12:16,337 - processing started: 112_040 
2022-04-08 08:12:16,467 - processing completed: 112_040
2022-04-08 08:12:16,473 - processing started: 114_040 
2022-04-08 08:12:16,668 - processing completed: 114_040
2022-04-08 08:12:16,672 - processing started: 116_041 
2022-04-08 08:12:16,800 - processing completed: 116_041
2022-04-08 08:12:16,805 - processing started: 118_042 
2022-04-08 08:12:17,008 - processing completed: 118_042
2022-04-08 08:12:17,013 - processing started: 120_042 
2022-04-08 08:12:17,130 - processing completed: 120_042
2022-04-08 08:12:17,135 - processing started: 122_043 
2022-04-08 08:12:17,306 - processing completed: 122_043
2022-04-08 08:12:17,311 - processing started: 124_044 
2022-04-08 08:12:17,491 - processing completed: 124_044
2022-04-08 08:12:17,495 - processing started: 126_044 
2022-04-08 08:12:17,607 - processing completed: 126_044
2022-04-08 08:12:17,612 - processing started: 128_045 
2022-04-08 08:12:17,793 - processing completed: 128_045
2022-04-08 08:12:17,797 - processing started: 130_046 
2022-04-08 08:12:17,922 - processing completed: 130_046
2022-04-08 08:12:17,927 - processing started: 132_047 
2022-04-08 08:12:18,118 - processing completed: 132_047
2022-04-08 08:12:18,123 - processing started: 134_048 
2022-04-08 08:12:18,238 - processing completed: 134_048
2022-04-08 08:12:18,243 - processing started: 136_048 
2022-04-08 08:12:18,446 - processing completed: 136_048
2022-04-08 08:12:18,450 - processing started: 138_049 
2022-04-08 08:12:18,593 - processing completed: 138_049
2022-04-08 08:12:18,597 - processing started: 140_050 
2022-04-08 08:12:18,796 - processing completed: 140_050
2022-04-08 08:12:18,801 - processing started: 142_050 
2022-04-08 08:12:18,920 - processing completed: 142_050
2022-04-08 08:12:18,925 - processing started: 144_051 
2022-04-08 08:12:19,114 - processing completed: 144_051
2022-04-08 08:12:19,119 - processing started: 146_051 
2022-04-08 08:12:19,236 - processing completed: 146_051
2022-04-08 08:12:19,241 - processing started: 148_052 
2022-04-08 08:12:19,417 - processing completed: 148_052
2022-04-08 08:12:19,422 - processing started: 150_053 
2022-04-08 08:12:19,543 - processing completed: 150_053
2022-04-08 08:12:19,548 - processing started: 152_054 
2022-04-08 08:12:19,720 - processing completed: 152_054
2022-04-08 08:12:19,724 - processing started: 154_055 
2022-04-08 08:12:19,916 - processing completed: 154_055
2022-04-08 08:12:19,921 - processing started: 156_056 
2022-04-08 08:12:20,043 - processing completed: 156_056
2022-04-08 08:12:20,048 - processing started: 158_057 
2022-04-08 08:12:20,253 - processing completed: 158_057
2022-04-08 08:12:20,258 - processing started: 160_058 
2022-04-08 08:12:20,470 - processing completed: 160_058
2022-04-08 08:12:20,477 - processing started: 162_058 
2022-04-08 08:12:20,721 - processing completed: 162_058
2022-04-08 08:12:20,727 - processing started: 164_059 
2022-04-08 08:12:20,844 - processing completed: 164_059
2022-04-08 08:12:20,849 - processing started: 166_060 
2022-04-08 08:12:21,029 - processing completed: 166_060
2022-04-08 08:12:21,034 - processing started: 168_061 
2022-04-08 08:12:21,142 - processing completed: 168_061
2022-04-08 08:12:21,146 - processing started: 170_062 
2022-04-08 08:12:21,321 - processing completed: 170_062
2022-04-08 08:12:21,325 - processing started: 172_062 
2022-04-08 08:12:21,433 - processing completed: 172_062
2022-04-08 08:12:21,437 - processing started: 174_063 
2022-04-08 08:12:21,704 - processing completed: 174_063
2022-04-08 08:12:21,710 - processing started: 176_064 
2022-04-08 08:12:21,918 - processing completed: 176_064
2022-04-08 08:12:21,924 - processing started: 178_064 
2022-04-08 08:12:22,186 - processing completed: 178_064
2022-04-08 08:12:22,192 - processing started: 180_065 
2022-04-08 08:12:22,495 - processing completed: 180_065
2022-04-08 08:12:22,500 - processing started: 182_066 
2022-04-08 08:12:22,713 - processing completed: 182_066
2022-04-08 08:12:22,720 - processing started: 184_066 
2022-04-08 08:12:22,980 - processing completed: 184_066
2022-04-08 08:12:22,986 - processing started: 186_066 
2022-04-08 08:12:23,168 - processing completed: 186_066
2022-04-08 08:12:23,174 - processing started: 188_067 
2022-04-08 08:12:23,276 - processing completed: 188_067
2022-04-08 08:12:23,279 - processing started: 190_067 
2022-04-08 08:12:23,425 - processing completed: 190_067
2022-04-08 08:12:23,429 - processing started: 192_067 
2022-04-08 08:12:23,687 - processing completed: 192_067
2022-04-08 08:12:23,693 - processing started: 194_068 
2022-04-08 08:12:23,823 - processing completed: 194_068
2022-04-08 08:12:23,827 - processing started: 196_069 
2022-04-08 08:12:24,016 - processing completed: 196_069
2022-04-08 08:12:24,021 - processing started: 198_069 
2022-04-08 08:12:24,152 - processing completed: 198_069
2022-04-08 08:12:24,157 - processing started: 200_070 
2022-04-08 08:12:24,261 - processing completed: 200_070
2022-04-08 08:12:24,264 - processing started: 202_071 
2022-04-08 08:12:24,459 - processing completed: 202_071
2022-04-08 08:12:24,466 - processing started: 204_072 
2022-04-08 08:12:24,726 - processing completed: 204_072
2022-04-08 08:12:24,733 - processing started: 206_072 
2022-04-08 08:12:24,941 - processing completed: 206_072
2022-04-08 08:12:24,947 - processing started: 208_073 
2022-04-08 08:12:25,198 - processing completed: 208_073
2022-04-08 08:12:25,204 - processing started: 210_074 
2022-04-08 08:12:25,461 - processing completed: 210_074
2022-04-08 08:12:25,468 - processing started: 212_075 
2022-04-08 08:12:25,657 - processing completed: 212_075
2022-04-08 08:12:25,662 - processing started: 214_076 
2022-04-08 08:12:25,925 - processing completed: 214_076
2022-04-08 08:12:25,931 - processing started: 216_077 
2022-04-08 08:12:26,116 - processing completed: 216_077
2022-04-08 08:12:26,123 - processing started: 218_078 
2022-04-08 08:12:26,360 - processing completed: 218_078
2022-04-08 08:12:26,366 - processing started: 220_079 
2022-04-08 08:12:26,549 - processing completed: 220_079
2022-04-08 08:12:26,555 - processing started: 222_079 
2022-04-08 08:12:26,803 - processing completed: 222_079
2022-04-08 08:12:26,809 - processing started: 224_080 
2022-04-08 08:12:26,898 - processing completed: 224_080
2022-04-08 08:12:26,902 - processing started: 226_081 
2022-04-08 08:12:27,084 - processing completed: 226_081
2022-04-08 08:12:27,089 - processing started: 228_081 
2022-04-08 08:12:27,209 - processing completed: 228_081
2022-04-08 08:12:27,214 - processing started: 230_081 
2022-04-08 08:12:27,416 - processing completed: 230_081
2022-04-08 08:12:27,421 - processing started: 232_082 
2022-04-08 08:12:27,547 - processing completed: 232_082
2022-04-08 08:12:27,552 - processing started: 234_082 
2022-04-08 08:12:27,754 - processing completed: 234_082
2022-04-08 08:12:27,758 - processing started: 236_083 
2022-04-08 08:12:27,879 - processing completed: 236_083
2022-04-08 08:12:27,884 - processing started: 238_084 
2022-04-08 08:12:28,078 - processing completed: 238_084
2022-04-08 08:12:28,084 - processing started: 240_085 
2022-04-08 08:12:28,276 - processing completed: 240_085
2022-04-08 08:12:28,281 - processing started: 242_086 
2022-04-08 08:12:28,417 - processing completed: 242_086
2022-04-08 08:12:28,422 - processing started: 244_087 
2022-04-08 08:12:28,602 - processing completed: 244_087
2022-04-08 08:12:28,608 - processing started: 246_088 
2022-04-08 08:12:28,754 - processing completed: 246_088
2022-04-08 08:12:28,759 - processing started: 248_088 
2022-04-08 08:12:28,952 - processing completed: 248_088
2022-04-08 08:12:28,957 - processing started: 250_089 
2022-04-08 08:12:29,034 - processing completed: 250_089
2022-04-08 08:12:29,038 - processing started: 252_090 
2022-04-08 08:12:29,183 - processing completed: 252_090
2022-04-08 08:12:29,187 - processing started: 254_091 
2022-04-08 08:12:29,269 - processing completed: 254_091
2022-04-08 08:12:29,274 - processing started: 256_092 
2022-04-08 08:12:29,421 - processing completed: 256_092
2022-04-08 08:12:29,426 - processing started: 258_093 
2022-04-08 08:12:29,562 - processing completed: 258_093
2022-04-08 08:12:29,568 - processing started: 260_094 
2022-04-08 08:12:29,760 - processing completed: 260_094
2022-04-08 08:12:29,765 - processing started: 262_094 
2022-04-08 08:12:29,882 - processing completed: 262_094
2022-04-08 08:12:29,889 - processing started: 264_095 
2022-04-08 08:12:30,064 - processing completed: 264_095
2022-04-08 08:12:30,069 - processing started: 266_096 
2022-04-08 08:12:30,170 - processing completed: 266_096
2022-04-08 08:12:30,176 - processing started: 268_097 
2022-04-08 08:12:30,340 - processing completed: 268_097
2022-04-08 08:12:30,344 - processing started: 270_098 
2022-04-08 08:12:30,513 - processing completed: 270_098
2022-04-08 08:12:30,518 - processing started: 272_099 
2022-04-08 08:12:30,609 - processing completed: 272_099
2022-04-08 08:12:30,613 - processing started: 274_100 
2022-04-08 08:12:30,831 - processing completed: 274_100
2022-04-08 08:12:30,837 - processing started: 276_101 
2022-04-08 08:12:30,951 - processing completed: 276_101
2022-04-08 08:12:30,956 - processing started: 278_102 
2022-04-08 08:12:31,118 - processing completed: 278_102
2022-04-08 08:12:31,121 - processing started: 280_103 
2022-04-08 08:12:31,205 - processing completed: 280_103
2022-04-08 08:12:31,211 - processing started: 282_103 
2022-04-08 08:12:31,373 - processing completed: 282_103
2022-04-08 08:12:31,377 - processing started: 284_104 
2022-04-08 08:12:31,489 - processing completed: 284_104
2022-04-08 08:12:31,496 - processing started: 286_105 
2022-04-08 08:12:31,681 - processing completed: 286_105
2022-04-08 08:12:31,686 - processing started: 288_106 
2022-04-08 08:12:31,778 - processing completed: 288_106
2022-04-08 08:12:31,784 - processing started: 290_107 
2022-04-08 08:12:31,946 - processing completed: 290_107
2022-04-08 08:12:31,951 - processing started: 292_108 
2022-04-08 08:12:32,045 - processing completed: 292_108
2022-04-08 08:12:32,049 - processing started: 294_108 
2022-04-08 08:12:32,196 - processing completed: 294_108
2022-04-08 08:12:32,200 - processing started: 296_109 
2022-04-08 08:12:32,285 - processing completed: 296_109
2022-04-08 08:12:32,289 - processing started: 298_110 
2022-04-08 08:12:32,454 - processing completed: 298_110
2022-04-08 08:12:32,459 - processing started: 300_111 
2022-04-08 08:12:32,618 - processing completed: 300_111
2022-04-08 08:12:32,622 - processing started: 302_112 
2022-04-08 08:12:32,708 - processing completed: 302_112
2022-04-08 08:12:32,713 - processing started: 304_113 
2022-04-08 08:12:32,870 - processing completed: 304_113
2022-04-08 08:12:32,875 - processing started: 306_114 
2022-04-08 08:12:33,012 - processing completed: 306_114
2022-04-08 08:12:33,017 - processing started: 308_115 
2022-04-08 08:12:33,232 - processing completed: 308_115
2022-04-08 08:12:33,237 - processing started: 310_116 
2022-04-08 08:12:33,406 - processing completed: 310_116
2022-04-08 08:12:33,412 - processing started: 312_117 
2022-04-08 08:12:33,636 - processing completed: 312_117
2022-04-08 08:12:33,641 - processing started: 314_117 
2022-04-08 08:12:33,784 - processing completed: 314_117
2022-04-08 08:12:33,789 - processing started: 316_118 
2022-04-08 08:12:34,020 - processing completed: 316_118
2022-04-08 08:12:34,026 - processing started: 318_119 
2022-04-08 08:12:34,169 - processing completed: 318_119
2022-04-08 08:12:34,175 - processing started: 320_120 
2022-04-08 08:12:34,348 - processing completed: 320_120
2022-04-08 08:12:34,353 - processing started: 322_120 
2022-04-08 08:12:34,459 - processing completed: 322_120
2022-04-08 08:12:34,463 - processing started: 324_121 
2022-04-08 08:12:34,663 - processing completed: 324_121
2022-04-08 08:12:34,668 - processing started: 326_122 
2022-04-08 08:12:34,810 - processing completed: 326_122
2022-04-08 08:12:34,816 - processing started: 328_123 
2022-04-08 08:12:35,028 - processing completed: 328_123
2022-04-08 08:12:35,036 - processing started: 330_123 
2022-04-08 08:12:35,298 - processing completed: 330_123
2022-04-08 08:12:35,302 - processing started: 332_124 
2022-04-08 08:12:35,440 - processing completed: 332_124
2022-04-08 08:12:35,445 - processing started: 334_124 
2022-04-08 08:12:35,668 - processing completed: 334_124
2022-04-08 08:12:35,674 - processing started: 336_124 
2022-04-08 08:12:35,804 - processing completed: 336_124
2022-04-08 08:12:35,809 - processing started: 338_124 
2022-04-08 08:12:36,006 - processing completed: 338_124
2022-04-08 08:12:36,012 - processing started: 340_125 
2022-04-08 08:12:36,142 - processing completed: 340_125
2022-04-08 08:12:36,148 - processing started: 342_126 
2022-04-08 08:12:36,361 - processing completed: 342_126
2022-04-08 08:12:36,366 - processing started: 344_126 
2022-04-08 08:12:36,497 - processing completed: 344_126
2022-04-08 08:12:36,501 - processing started: 346_127 
2022-04-08 08:12:36,699 - processing completed: 346_127
2022-04-08 08:12:36,704 - processing started: 348_128 
2022-04-08 08:12:36,832 - processing completed: 348_128
2022-04-08 08:12:36,837 - processing started: 350_129 
2022-04-08 08:12:37,032 - processing completed: 350_129
2022-04-08 08:12:37,038 - processing started: 352_130 
2022-04-08 08:12:37,185 - processing completed: 352_130
2022-04-08 08:12:37,190 - processing started: 354_131 
2022-04-08 08:12:37,406 - processing completed: 354_131
2022-04-08 08:12:37,413 - processing started: 356_132 
2022-04-08 08:12:37,545 - processing completed: 356_132
2022-04-08 08:12:37,549 - processing started: 358_133 
2022-04-08 08:12:37,761 - processing completed: 358_133
2022-04-08 08:12:37,767 - processing started: 360_134 
2022-04-08 08:12:37,977 - processing completed: 360_134
2022-04-08 08:12:37,984 - processing started: 362_134 
2022-04-08 08:12:38,107 - processing completed: 362_134
2022-04-08 08:12:38,112 - processing started: 364_134 
2022-04-08 08:12:38,302 - processing completed: 364_134
2022-04-08 08:12:38,306 - processing started: 366_135 
2022-04-08 08:12:38,440 - processing completed: 366_135
2022-04-08 08:12:38,445 - processing started: 368_136 
2022-04-08 08:12:38,634 - processing completed: 368_136
2022-04-08 08:12:38,638 - processing started: 370_137 
2022-04-08 08:12:38,760 - processing completed: 370_137
2022-04-08 08:12:38,764 - processing started: 372_138 
2022-04-08 08:12:38,958 - processing completed: 372_138
2022-04-08 08:12:38,964 - processing started: 374_139 
2022-04-08 08:12:39,108 - processing completed: 374_139
2022-04-08 08:12:39,113 - processing started: 376_140 
2022-04-08 08:12:39,330 - processing completed: 376_140
2022-04-08 08:12:39,336 - processing started: 378_140 
2022-04-08 08:12:39,488 - processing completed: 378_140
2022-04-08 08:12:39,493 - processing started: 380_141 
2022-04-08 08:12:39,684 - processing completed: 380_141
2022-04-08 08:12:39,689 - processing started: 382_142 
2022-04-08 08:12:39,821 - processing completed: 382_142
2022-04-08 08:12:39,826 - processing started: 384_143 
2022-04-08 08:12:40,032 - processing completed: 384_143
2022-04-08 08:12:40,037 - processing started: 386_144 
2022-04-08 08:12:40,160 - processing completed: 386_144
2022-04-08 08:12:40,164 - processing started: 388_145 
2022-04-08 08:12:40,344 - processing completed: 388_145
2022-04-08 08:12:40,349 - processing started: 390_145 
2022-04-08 08:12:40,551 - processing completed: 390_145
2022-04-08 08:12:40,556 - processing started: 392_145 
2022-04-08 08:12:40,673 - processing completed: 392_145
2022-04-08 08:12:40,678 - processing started: 394_146 
2022-04-08 08:12:40,869 - processing completed: 394_146
2022-04-08 08:12:40,873 - processing started: 396_147 
2022-04-08 08:12:41,003 - processing completed: 396_147
2022-04-08 08:12:41,008 - processing started: 398_147 
2022-04-08 08:12:41,203 - processing completed: 398_147
2022-04-08 08:12:41,208 - processing started: 400_148 
2022-04-08 08:12:41,350 - processing completed: 400_148
2022-04-08 08:12:41,354 - processing started: 402_149 
2022-04-08 08:12:41,578 - processing completed: 402_149
2022-04-08 08:12:41,583 - processing started: 404_149 
2022-04-08 08:12:41,744 - processing completed: 404_149
2022-04-08 08:12:41,749 - processing started: 406_150 
2022-04-08 08:12:41,961 - processing completed: 406_150
2022-04-08 08:12:41,967 - processing started: 408_151 
2022-04-08 08:12:42,103 - processing completed: 408_151
2022-04-08 08:12:42,109 - processing started: 410_152 
2022-04-08 08:12:42,302 - processing completed: 410_152
2022-04-08 08:12:42,306 - processing started: 412_153 
2022-04-08 08:12:42,431 - processing completed: 412_153
2022-04-08 08:12:42,435 - processing started: 414_154 
2022-04-08 08:12:42,636 - processing completed: 414_154
2022-04-08 08:12:42,641 - processing started: 416_155 
2022-04-08 08:12:42,771 - processing completed: 416_155
2022-04-08 08:12:42,776 - processing started: 418_156 
2022-04-08 08:12:42,972 - processing completed: 418_156
2022-04-08 08:12:42,977 - processing started: 420_157 
2022-04-08 08:12:43,175 - processing completed: 420_157
2022-04-08 08:12:43,180 - processing started: 422_157 
2022-04-08 08:12:43,308 - processing completed: 422_157
2022-04-08 08:12:43,313 - processing started: 424_158 
2022-04-08 08:12:43,534 - processing completed: 424_158
2022-04-08 08:12:43,539 - processing started: 426_159 
2022-04-08 08:12:43,671 - processing completed: 426_159
2022-04-08 08:12:43,676 - processing started: 428_160 
2022-04-08 08:12:43,871 - processing completed: 428_160
2022-04-08 08:12:43,876 - processing started: 430_160 
2022-04-08 08:12:44,008 - processing completed: 430_160
2022-04-08 08:12:44,013 - processing started: 432_161 
2022-04-08 08:12:44,225 - processing completed: 432_161
2022-04-08 08:12:44,230 - processing started: 434_162 
2022-04-08 08:12:44,353 - processing completed: 434_162
2022-04-08 08:12:44,357 - processing started: 436_163 
2022-04-08 08:12:44,541 - processing completed: 436_163
2022-04-08 08:12:44,545 - processing started: 438_164 
2022-04-08 08:12:44,667 - processing completed: 438_164
2022-04-08 08:12:44,672 - processing started: 440_165 
2022-04-08 08:12:44,861 - processing completed: 440_165
2022-04-08 08:12:44,867 - processing started: 442_166 
2022-04-08 08:12:44,997 - processing completed: 442_166
2022-04-08 08:12:45,001 - processing started: 444_167 
2022-04-08 08:12:45,200 - processing completed: 444_167
2022-04-08 08:12:45,206 - processing started: 446_167 
2022-04-08 08:12:45,408 - processing completed: 446_167
2022-04-08 08:12:45,413 - processing started: 448_168 
2022-04-08 08:12:45,547 - processing completed: 448_168
2022-04-08 08:12:45,552 - processing started: 450_168 
2022-04-08 08:12:45,766 - processing completed: 450_168
2022-04-08 08:12:45,773 - processing started: 452_169 
2022-04-08 08:12:45,903 - processing completed: 452_169
2022-04-08 08:12:45,909 - processing started: 454_170 
2022-04-08 08:12:46,127 - processing completed: 454_170
2022-04-08 08:12:46,133 - processing started: 456_171 
2022-04-08 08:12:46,271 - processing completed: 456_171
2022-04-08 08:12:46,277 - processing started: 458_171 
2022-04-08 08:12:46,470 - processing completed: 458_171
2022-04-08 08:12:46,476 - processing started: 460_172 
2022-04-08 08:12:46,599 - processing completed: 460_172
2022-04-08 08:12:46,603 - processing started: 462_173 
2022-04-08 08:12:46,801 - processing completed: 462_173
2022-04-08 08:12:46,806 - processing started: 464_174 
2022-04-08 08:12:46,931 - processing completed: 464_174
2022-04-08 08:12:46,936 - processing started: 466_174 
2022-04-08 08:12:47,139 - processing completed: 466_174
2022-04-08 08:12:47,145 - processing started: 468_175 
2022-04-08 08:12:47,273 - processing completed: 468_175
2022-04-08 08:12:47,280 - processing started: 470_176 
2022-04-08 08:12:47,489 - processing completed: 470_176
2022-04-08 08:12:47,495 - processing started: 472_177 
2022-04-08 08:12:47,672 - processing completed: 472_177
2022-04-08 08:12:47,677 - processing started: 474_178 
2022-04-08 08:12:47,900 - processing completed: 474_178
2022-04-08 08:12:47,906 - processing started: 476_178 
2022-04-08 08:12:48,112 - processing completed: 476_178
2022-04-08 08:12:48,117 - processing started: 478_179 
2022-04-08 08:12:48,244 - processing completed: 478_179
2022-04-08 08:12:48,249 - processing started: 480_180 
2022-04-08 08:12:48,453 - processing completed: 480_180
2022-04-08 08:12:48,459 - processing started: 482_180 
2022-04-08 08:12:48,581 - processing completed: 482_180
2022-04-08 08:12:48,586 - processing started: 484_181 
2022-04-08 08:12:48,769 - processing completed: 484_181
2022-04-08 08:12:48,774 - processing started: 486_182 
2022-04-08 08:12:48,895 - processing completed: 486_182
2022-04-08 08:12:48,902 - processing started: 488_183 
2022-04-08 08:12:49,091 - processing completed: 488_183
2022-04-08 08:12:49,095 - processing started: 490_183 
2022-04-08 08:12:49,225 - processing completed: 490_183
2022-04-08 08:12:49,230 - processing started: 492_184 
2022-04-08 08:12:49,439 - processing completed: 492_184
2022-04-08 08:12:49,444 - processing started: 494_184 
2022-04-08 08:12:49,570 - processing completed: 494_184
2022-04-08 08:12:49,576 - processing started: 496_185 
2022-04-08 08:12:49,784 - processing completed: 496_185
2022-04-08 08:12:49,790 - processing started: 498_186 
2022-04-08 08:12:49,932 - processing completed: 498_186
2022-04-08 08:12:49,939 - processing started: 500_187 
2022-04-08 08:12:50,134 - processing completed: 500_187
2022-04-08 08:12:50,139 - processing started: 502_188 
2022-04-08 08:12:50,278 - processing completed: 502_188
2022-04-08 08:12:50,284 - processing started: 504_188 
2022-04-08 08:12:50,491 - processing completed: 504_188
2022-04-08 08:12:50,496 - processing started: 506_189 
2022-04-08 08:12:50,665 - processing completed: 506_189
2022-04-08 08:12:50,669 - processing started: 508_190 
2022-04-08 08:12:50,792 - processing completed: 508_190
2022-04-08 08:12:50,797 - processing started: 510_191 
2022-04-08 08:12:50,996 - processing completed: 510_191
2022-04-08 08:12:51,001 - processing started: 512_192 
2022-04-08 08:12:51,124 - processing completed: 512_192
2022-04-08 08:12:51,129 - processing started: 514_192 
2022-04-08 08:12:51,335 - processing completed: 514_192
2022-04-08 08:12:51,342 - processing started: 516_193 
2022-04-08 08:12:51,475 - processing completed: 516_193
2022-04-08 08:12:51,481 - processing started: 518_194 
2022-04-08 08:12:51,681 - processing completed: 518_194
2022-04-08 08:12:51,686 - processing started: 520_195 
2022-04-08 08:12:51,834 - processing completed: 520_195
2022-04-08 08:12:51,838 - processing started: 522_196 
2022-04-08 08:12:52,058 - processing completed: 522_196
2022-04-08 08:12:52,063 - processing started: 524_196 
2022-04-08 08:12:52,193 - processing completed: 524_196
2022-04-08 08:12:52,199 - processing started: 526_196 
2022-04-08 08:12:52,447 - processing completed: 526_196
2022-04-08 08:12:52,452 - processing started: 528_197 
2022-04-08 08:12:52,592 - processing completed: 528_197
2022-04-08 08:12:52,598 - processing started: 530_197 
2022-04-08 08:12:52,792 - processing completed: 530_197
2022-04-08 08:12:52,797 - processing started: 532_198 
2022-04-08 08:12:52,923 - processing completed: 532_198
2022-04-08 08:12:52,928 - processing started: 534_199 
2022-04-08 08:12:53,119 - processing completed: 534_199
2022-04-08 08:12:53,125 - processing started: 536_200 
2022-04-08 08:12:53,319 - processing completed: 536_200
2022-04-08 08:12:53,325 - processing started: 538_201 
2022-04-08 08:12:53,453 - processing completed: 538_201
2022-04-08 08:12:53,458 - processing started: 540_202 
2022-04-08 08:12:53,668 - processing completed: 540_202
2022-04-08 08:12:53,674 - processing started: 542_203 
2022-04-08 08:12:53,804 - processing completed: 542_203
2022-04-08 08:12:53,810 - processing started: 544_204 
2022-04-08 08:12:54,032 - processing completed: 544_204
2022-04-08 08:12:54,038 - processing started: 546_205 
2022-04-08 08:12:54,168 - processing completed: 546_205
2022-04-08 08:12:54,173 - processing started: 548_206 
2022-04-08 08:12:54,365 - processing completed: 548_206
2022-04-08 08:12:54,370 - processing started: 550_207 
2022-04-08 08:12:54,517 - processing completed: 550_207
2022-04-08 08:12:54,524 - processing started: 552_207 
2022-04-08 08:12:54,733 - processing completed: 552_207
2022-04-08 08:12:54,738 - processing started: 554_208 
2022-04-08 08:12:54,860 - processing completed: 554_208
2022-04-08 08:12:54,865 - processing started: 556_209 
2022-04-08 08:12:55,049 - processing completed: 556_209
2022-04-08 08:12:55,055 - processing started: 558_210 
2022-04-08 08:12:55,180 - processing completed: 558_210
2022-04-08 08:12:55,186 - processing started: 560_211 
2022-04-08 08:12:55,367 - processing completed: 560_211
2022-04-08 08:12:55,372 - processing started: 562_212 
2022-04-08 08:12:55,499 - processing completed: 562_212
2022-04-08 08:12:55,504 - processing started: 564_213 
2022-04-08 08:12:55,709 - processing completed: 564_213
2022-04-08 08:12:55,713 - processing started: 566_214 
2022-04-08 08:12:55,907 - processing completed: 566_214
2022-04-08 08:12:55,912 - processing started: 568_214 
2022-04-08 08:12:56,051 - processing completed: 568_214
2022-04-08 08:12:56,058 - processing started: 570_214 
2022-04-08 08:12:56,266 - processing completed: 570_214
2022-04-08 08:12:56,272 - processing started: 572_215 
2022-04-08 08:12:56,400 - processing completed: 572_215
2022-04-08 08:12:56,406 - processing started: 574_216 
2022-04-08 08:12:56,623 - processing completed: 574_216
2022-04-08 08:12:56,629 - processing started: 576_217 
2022-04-08 08:12:56,770 - processing completed: 576_217
2022-04-08 08:12:56,775 - processing started: 578_218 
2022-04-08 08:12:56,969 - processing completed: 578_218
2022-04-08 08:12:56,975 - processing started: 580_219 
2022-04-08 08:12:57,098 - processing completed: 580_219
2022-04-08 08:12:57,103 - processing started: 582_220 
2022-04-08 08:12:57,297 - processing completed: 582_220
2022-04-08 08:12:57,302 - processing started: 584_221 
2022-04-08 08:12:57,427 - processing completed: 584_221
2022-04-08 08:12:57,432 - processing started: 586_221 
2022-04-08 08:12:57,629 - processing completed: 586_221
2022-04-08 08:12:57,634 - processing started: 588_222 
2022-04-08 08:12:57,779 - processing completed: 588_222
2022-04-08 08:12:57,785 - processing started: 590_222 
2022-04-08 08:12:57,978 - processing completed: 590_222
2022-04-08 08:12:57,984 - processing started: 592_223 
2022-04-08 08:12:58,109 - processing completed: 592_223
2022-04-08 08:12:58,114 - processing started: 594_224 
2022-04-08 08:12:58,337 - processing completed: 594_224
2022-04-08 08:12:58,342 - processing started: 596_224 
2022-04-08 08:12:58,565 - processing completed: 596_224
2022-04-08 08:12:58,570 - processing started: 598_225 
2022-04-08 08:12:58,673 - processing completed: 598_225
2022-04-08 08:12:58,679 - processing started: 600_225 
2022-04-08 08:12:58,873 - processing completed: 600_225
2022-04-08 08:12:58,878 - processing started: 602_226 
2022-04-08 08:12:58,985 - processing completed: 602_226
2022-04-08 08:12:58,989 - processing started: 604_226 
2022-04-08 08:12:59,157 - processing completed: 604_226
2022-04-08 08:12:59,160 - processing started: 606_227 
2022-04-08 08:12:59,282 - processing completed: 606_227
2022-04-08 08:12:59,286 - processing started: 608_227 
2022-04-08 08:12:59,476 - processing completed: 608_227
2022-04-08 08:12:59,482 - processing started: 610_227 
2022-04-08 08:12:59,592 - processing completed: 610_227
2022-04-08 08:12:59,596 - processing started: 612_227 
2022-04-08 08:12:59,838 - processing completed: 612_227
2022-04-08 08:12:59,844 - processing started: 614_227 
2022-04-08 08:12:59,952 - processing completed: 614_227
2022-04-08 08:12:59,957 - processing started: 616_228 
2022-04-08 08:13:00,132 - processing completed: 616_228
2022-04-08 08:13:00,136 - processing started: 618_229 
2022-04-08 08:13:00,266 - processing completed: 618_229
2022-04-08 08:13:00,271 - processing started: 620_230 
2022-04-08 08:13:00,452 - processing completed: 620_230
2022-04-08 08:13:00,456 - processing started: 622_230 
2022-04-08 08:13:00,579 - processing completed: 622_230
2022-04-08 08:13:00,583 - processing started: 624_231 
2022-04-08 08:13:00,760 - processing completed: 624_231
2022-04-08 08:13:00,764 - processing started: 626_232 
2022-04-08 08:13:00,953 - processing completed: 626_232
2022-04-08 08:13:00,957 - processing started: 628_232 
2022-04-08 08:13:01,057 - processing completed: 628_232
2022-04-08 08:13:01,061 - processing started: 630_232 
2022-04-08 08:13:01,235 - processing completed: 630_232
2022-04-08 08:13:01,239 - processing started: 632_233 
2022-04-08 08:13:01,343 - processing completed: 632_233
2022-04-08 08:13:01,347 - processing started: 634_234 
2022-04-08 08:13:01,518 - processing completed: 634_234
2022-04-08 08:13:01,522 - processing started: 636_234 
2022-04-08 08:13:01,623 - processing completed: 636_234
2022-04-08 08:13:01,628 - processing started: 638_235 
2022-04-08 08:13:01,828 - processing completed: 638_235
2022-04-08 08:13:01,834 - processing started: 640_236 
2022-04-08 08:13:01,968 - processing completed: 640_236
2022-04-08 08:13:01,972 - processing started: 642_236 
2022-04-08 08:13:02,199 - processing completed: 642_236
2022-04-08 08:13:02,203 - processing started: 644_237 
2022-04-08 08:13:02,339 - processing completed: 644_237
2022-04-08 08:13:02,344 - processing started: 646_238 
2022-04-08 08:13:02,560 - processing completed: 646_238
2022-04-08 08:13:02,565 - processing started: 648_239 
2022-04-08 08:13:02,703 - processing completed: 648_239
2022-04-08 08:13:02,708 - processing started: 650_240 
2022-04-08 08:13:02,916 - processing completed: 650_240
2022-04-08 08:13:02,920 - processing started: 652_240 
2022-04-08 08:13:03,076 - processing completed: 652_240
2022-04-08 08:13:03,081 - processing started: 654_241 
2022-04-08 08:13:03,305 - processing completed: 654_241
2022-04-08 08:13:03,310 - processing started: 656_242 
2022-04-08 08:13:03,513 - processing completed: 656_242
2022-04-08 08:13:03,518 - processing started: 658_243 
2022-04-08 08:13:03,647 - processing completed: 658_243
2022-04-08 08:13:03,652 - processing started: 660_243 
2022-04-08 08:13:03,850 - processing completed: 660_243
2022-04-08 08:13:03,855 - processing started: 662_244 
2022-04-08 08:13:03,961 - processing completed: 662_244
2022-04-08 08:13:03,966 - processing started: 664_245 
2022-04-08 08:13:04,143 - processing completed: 664_245
2022-04-08 08:13:04,147 - processing started: 666_246 
2022-04-08 08:13:04,245 - processing completed: 666_246
2022-04-08 08:13:04,249 - processing started: 668_247 
2022-04-08 08:13:04,422 - processing completed: 668_247
2022-04-08 08:13:04,426 - processing started: 670_248 
2022-04-08 08:13:04,516 - processing completed: 670_248
2022-04-08 08:13:04,520 - processing started: 672_248 
2022-04-08 08:13:04,698 - processing completed: 672_248
2022-04-08 08:13:04,703 - processing started: 674_249 
2022-04-08 08:13:04,789 - processing completed: 674_249
2022-04-08 08:13:04,795 - processing started: 676_250 
2022-04-08 08:13:04,946 - processing completed: 676_250
2022-04-08 08:13:04,950 - processing started: 678_251 
2022-04-08 08:13:05,040 - processing completed: 678_251
2022-04-08 08:13:05,045 - processing started: 680_252 
2022-04-08 08:13:05,191 - processing completed: 680_252
2022-04-08 08:13:05,196 - processing started: 682_252 
2022-04-08 08:13:05,277 - processing completed: 682_252
2022-04-08 08:13:05,282 - processing started: 684_253 
2022-04-08 08:13:05,460 - processing completed: 684_253
2022-04-08 08:13:05,466 - processing started: 686_254 
2022-04-08 08:13:05,650 - processing completed: 686_254
2022-04-08 08:13:05,655 - processing started: 688_255 
2022-04-08 08:13:05,766 - processing completed: 688_255
2022-04-08 08:13:05,772 - processing started: 690_256 
2022-04-08 08:13:05,964 - processing completed: 690_256
2022-04-08 08:13:05,968 - processing started: 692_257 
2022-04-08 08:13:06,081 - processing completed: 692_257
2022-04-08 08:13:06,085 - processing started: 694_257 
2022-04-08 08:13:06,313 - processing completed: 694_257
2022-04-08 08:13:06,318 - processing started: 696_258 
2022-04-08 08:13:06,449 - processing completed: 696_258
2022-04-08 08:13:06,453 - processing started: 698_258 
2022-04-08 08:13:06,641 - processing completed: 698_258
2022-04-08 08:13:06,646 - processing started: 700_259 
2022-04-08 08:13:06,747 - processing completed: 700_259
2022-04-08 08:13:06,751 - processing started: 702_260 
2022-04-08 08:13:06,941 - processing completed: 702_260
2022-04-08 08:13:06,945 - processing started: 704_261 
2022-04-08 08:13:07,072 - processing completed: 704_261
2022-04-08 08:13:07,077 - processing started: 706_261 
2022-04-08 08:13:07,270 - processing completed: 706_261
2022-04-08 08:13:07,275 - processing started: 708_262 
2022-04-08 08:13:07,380 - processing completed: 708_262
2022-04-08 08:13:07,384 - processing started: 710_263 
2022-04-08 08:13:07,586 - processing completed: 710_263
2022-04-08 08:13:07,591 - processing started: 712_264 
2022-04-08 08:13:07,770 - processing completed: 712_264
2022-04-08 08:13:07,776 - processing started: 714_264 
2022-04-08 08:13:07,881 - processing completed: 714_264
2022-04-08 08:13:07,887 - processing started: 716_265 
2022-04-08 08:13:08,092 - processing completed: 716_265
2022-04-08 08:13:08,096 - processing started: 718_266 
2022-04-08 08:13:08,220 - processing completed: 718_266
2022-04-08 08:13:08,226 - processing started: 720_267 
2022-04-08 08:13:08,416 - processing completed: 720_267
2022-04-08 08:13:08,421 - processing started: 722_267 
2022-04-08 08:13:08,551 - processing completed: 722_267
2022-04-08 08:13:08,556 - processing started: 724_267 
2022-04-08 08:13:08,733 - processing completed: 724_267
2022-04-08 08:13:08,738 - processing started: 726_268 
2022-04-08 08:13:08,848 - processing completed: 726_268
2022-04-08 08:13:08,853 - processing started: 728_268 
2022-04-08 08:13:09,039 - processing completed: 728_268
2022-04-08 08:13:09,044 - processing started: 730_268 
2022-04-08 08:13:09,150 - processing completed: 730_268
2022-04-08 08:13:09,156 - processing started: 732_268 
2022-04-08 08:13:09,327 - processing completed: 732_268
2022-04-08 08:13:09,331 - processing started: 734_268 
2022-04-08 08:13:09,441 - processing completed: 734_268
2022-04-08 08:13:09,447 - processing started: 736_269 
2022-04-08 08:13:09,632 - processing completed: 736_269
2022-04-08 08:13:09,638 - processing started: 738_270 
2022-04-08 08:13:09,779 - processing completed: 738_270
2022-04-08 08:13:09,783 - processing started: 740_271 
2022-04-08 08:13:10,010 - processing completed: 740_271
2022-04-08 08:13:10,013 - processing started: 742_272 
2022-04-08 08:13:10,206 - processing completed: 742_272
2022-04-08 08:13:10,210 - processing started: 744_272 
2022-04-08 08:13:10,315 - processing completed: 744_272
2022-04-08 08:13:10,320 - processing started: 746_273 
2022-04-08 08:13:10,506 - processing completed: 746_273
2022-04-08 08:13:10,511 - processing started: 748_274 
2022-04-08 08:13:10,613 - processing completed: 748_274
2022-04-08 08:13:10,618 - processing started: 750_274 
2022-04-08 08:13:10,797 - processing completed: 750_274
2022-04-08 08:13:10,803 - processing started: 752_275 
2022-04-08 08:13:10,914 - processing completed: 752_275
2022-04-08 08:13:10,918 - processing started: 754_275 
2022-04-08 08:13:11,094 - processing completed: 754_275
2022-04-08 08:13:11,100 - processing started: 756_276 
2022-04-08 08:13:11,206 - processing completed: 756_276
2022-04-08 08:13:11,211 - processing started: 758_277 
2022-04-08 08:13:11,400 - processing completed: 758_277
2022-04-08 08:13:11,405 - processing started: 760_278 
2022-04-08 08:13:11,518 - processing completed: 760_278
2022-04-08 08:13:11,523 - processing started: 762_278 
2022-04-08 08:13:11,718 - processing completed: 762_278
2022-04-08 08:13:11,724 - processing started: 764_279 
2022-04-08 08:13:11,854 - processing completed: 764_279
2022-04-08 08:13:11,859 - processing started: 766_280 
2022-04-08 08:13:12,047 - processing completed: 766_280
2022-04-08 08:13:12,052 - processing started: 768_281 
2022-04-08 08:13:12,150 - processing completed: 768_281
2022-04-08 08:13:12,155 - processing started: 770_282 
2022-04-08 08:13:12,319 - processing completed: 770_282
2022-04-08 08:13:12,323 - processing started: 772_283 
2022-04-08 08:13:12,498 - processing completed: 772_283
2022-04-08 08:13:12,502 - processing started: 774_284 
2022-04-08 08:13:12,592 - processing completed: 774_284
2022-04-08 08:13:12,597 - processing started: 776_285 
2022-04-08 08:13:12,777 - processing completed: 776_285
2022-04-08 08:13:12,781 - processing started: 778_285 
2022-04-08 08:13:12,876 - processing completed: 778_285
2022-04-08 08:13:12,881 - processing started: 780_286 
2022-04-08 08:13:13,146 - processing completed: 780_286
2022-04-08 08:13:13,153 - processing started: 782_287 
2022-04-08 08:13:13,239 - processing completed: 782_287
2022-04-08 08:13:13,244 - processing started: 784_288 
2022-04-08 08:13:13,401 - processing completed: 784_288
2022-04-08 08:13:13,406 - processing started: 786_289 
2022-04-08 08:13:13,496 - processing completed: 786_289
2022-04-08 08:13:13,501 - processing started: 788_290 
2022-04-08 08:13:13,690 - processing completed: 788_290
2022-04-08 08:13:13,695 - processing started: 790_290 
2022-04-08 08:13:13,805 - processing completed: 790_290
2022-04-08 08:13:13,811 - processing started: 792_291 
2022-04-08 08:13:14,008 - processing completed: 792_291
2022-04-08 08:13:14,012 - processing started: 794_292 
2022-04-08 08:13:14,106 - processing completed: 794_292
2022-04-08 08:13:14,112 - processing started: 796_293 
2022-04-08 08:13:14,233 - processing completed: 796_293
2022-04-08 08:13:14,236 - processing started: 798_294 
2022-04-08 08:13:14,288 - processing completed: 798_294
2022-04-08 08:13:14,291 - processing started: 800_295 
2022-04-08 08:13:14,443 - processing completed: 800_295
2022-04-08 08:13:14,447 - processing started: 802_296 
2022-04-08 08:13:14,610 - processing completed: 802_296
2022-04-08 08:13:14,614 - processing started: 804_296 
2022-04-08 08:13:14,700 - processing completed: 804_296
2022-04-08 08:13:14,704 - processing started: 806_297 
2022-04-08 08:13:14,969 - processing completed: 806_297
2022-04-08 08:13:14,974 - processing started: 808_298 
2022-04-08 08:13:15,076 - processing completed: 808_298
2022-04-08 08:13:15,082 - processing started: 810_299 
2022-04-08 08:13:15,242 - processing completed: 810_299
2022-04-08 08:13:15,246 - processing started: 0_0 
2022-04-08 08:13:15,247 - Closing connection (200): Normal shutdown
2022-04-08 08:13:15,247 - Closing channel (200): 'Normal shutdown' on <Channel number=1 OPEN conn=<SelectConnection OPEN transport=<pika.adapters.utils.io_services_utils._AsyncPlaintextTransport object at 0x123b5f2b0> params=<ConnectionParameters host=localhost port=5672 virtual_host=/ ssl=False>>>
2022-04-08 08:13:15,248 - Received <Channel.CloseOk> on <Channel number=1 CLOSING conn=<SelectConnection OPEN transport=<pika.adapters.utils.io_services_utils._AsyncPlaintextTransport object at 0x123b5f2b0> params=<ConnectionParameters host=localhost port=5672 virtual_host=/ ssl=False>>>
2022-04-08 08:13:15,248 - Closing connection (200): 'Normal shutdown'
2022-04-08 08:13:15,249 - Aborting transport connection: state=1; <socket.socket fd=22, family=AddressFamily.AF_INET, type=SocketKind.SOCK_STREAM, proto=6, laddr=('127.0.0.1', 50457), raddr=('127.0.0.1', 5672)>
2022-04-08 08:13:15,249 - _AsyncTransportBase._initate_abort(): Initiating abrupt asynchronous transport shutdown: state=1; error=None; <socket.socket fd=22, family=AddressFamily.AF_INET, type=SocketKind.SOCK_STREAM, proto=6, laddr=('127.0.0.1', 50457), raddr=('127.0.0.1', 5672)>
2022-04-08 08:13:15,249 - Deactivating transport: state=1; <socket.socket fd=22, family=AddressFamily.AF_INET, type=SocketKind.SOCK_STREAM, proto=6, laddr=('127.0.0.1', 50457), raddr=('127.0.0.1', 5672)>
2022-04-08 08:13:15,249 - AMQP stack terminated, failed to connect, or aborted: opened=True, error-arg=None; pending-error=ConnectionClosedByClient: (200) 'Normal shutdown'
2022-04-08 08:13:15,250 - Stack terminated due to ConnectionClosedByClient: (200) 'Normal shutdown'
2022-04-08 08:13:15,250 - Closing transport socket and unlinking: state=3; <socket.socket fd=22, family=AddressFamily.AF_INET, type=SocketKind.SOCK_STREAM, proto=6, laddr=('127.0.0.1', 50457), raddr=('127.0.0.1', 5672)>
2022-04-08 08:13:15,250 - User-initiated close: result=BlockingConnection__OnClosedArgs(connection=<SelectConnection CLOSED transport=None params=<ConnectionParameters host=localhost port=5672 virtual_host=/ ssl=False>>, error=ConnectionClosedByClient: (200) 'Normal shutdown')
2022-04-08 08:13:15,250 - PID 53085 completed loading and processing
