2022-04-08 08:10:28,812 - PID 52740 started loading and processing
2022-04-08 08:10:28,818 - Pika version 1.2.0 connecting to ('::1', 5672, 0, 0)
2022-04-08 08:10:28,819 - Socket failed to connect: <socket.socket fd=22, family=AddressFamily.AF_INET6, type=SocketKind.SOCK_STREAM, proto=6, laddr=('::1', 50402, 0, 0)>; error=61 (Connection refused)
2022-04-08 08:10:28,819 - TCP Connection attempt failed: ConnectionRefusedError(61, 'Connection refused'); dest=(<AddressFamily.AF_INET6: 30>, <SocketKind.SOCK_STREAM: 1>, 6, '', ('::1', 5672, 0, 0))
2022-04-08 08:10:28,819 - AMQPConnector - reporting failure: AMQPConnectorSocketConnectError: ConnectionRefusedError(61, 'Connection refused')
2022-04-08 08:10:28,819 - Pika version 1.2.0 connecting to ('127.0.0.1', 5672)
2022-04-08 08:10:28,820 - Socket connected: <socket.socket fd=22, family=AddressFamily.AF_INET, type=SocketKind.SOCK_STREAM, proto=6, laddr=('127.0.0.1', 50405), raddr=('127.0.0.1', 5672)>
2022-04-08 08:10:28,820 - Streaming transport linked up: (<pika.adapters.utils.io_services_utils._AsyncPlaintextTransport object at 0x123c291c0>, _StreamingProtocolShim: <SelectConnection PROTOCOL transport=<pika.adapters.utils.io_services_utils._AsyncPlaintextTransport object at 0x123c291c0> params=<ConnectionParameters host=localhost port=5672 virtual_host=/ ssl=False>>).
2022-04-08 08:10:28,833 - AMQPConnector - reporting success: <SelectConnection OPEN transport=<pika.adapters.utils.io_services_utils._AsyncPlaintextTransport object at 0x123c291c0> params=<ConnectionParameters host=localhost port=5672 virtual_host=/ ssl=False>>
2022-04-08 08:10:28,834 - AMQPConnectionWorkflow - reporting success: <SelectConnection OPEN transport=<pika.adapters.utils.io_services_utils._AsyncPlaintextTransport object at 0x123c291c0> params=<ConnectionParameters host=localhost port=5672 virtual_host=/ ssl=False>>
2022-04-08 08:10:28,834 - Connection workflow succeeded: <SelectConnection OPEN transport=<pika.adapters.utils.io_services_utils._AsyncPlaintextTransport object at 0x123c291c0> params=<ConnectionParameters host=localhost port=5672 virtual_host=/ ssl=False>>
2022-04-08 08:10:28,834 - Created channel=1
2022-04-08 08:10:28,836 - Logging before start consuming
2022-04-08 08:10:35,956 - processing started: 1_000 
2022-04-08 08:10:36,142 - processing completed: 1_000
2022-04-08 08:10:36,163 - processing started: 3_001 
2022-04-08 08:10:36,373 - processing completed: 3_001
2022-04-08 08:10:36,378 - processing started: 5_002 
2022-04-08 08:10:36,618 - processing completed: 5_002
2022-04-08 08:10:36,624 - processing started: 7_003 
2022-04-08 08:10:36,795 - processing completed: 7_003
2022-04-08 08:10:36,801 - processing started: 9_003 
2022-04-08 08:10:37,037 - processing completed: 9_003
2022-04-08 08:10:37,043 - processing started: 11_004 
2022-04-08 08:10:37,093 - processing completed: 11_004
2022-04-08 08:10:37,095 - processing started: 13_005 
2022-04-08 08:10:37,340 - processing completed: 13_005
2022-04-08 08:10:37,346 - processing started: 15_005 
2022-04-08 08:10:37,531 - processing completed: 15_005
2022-04-08 08:10:37,537 - processing started: 17_006 
2022-04-08 08:10:37,711 - processing completed: 17_006
2022-04-08 08:10:37,715 - processing started: 19_007 
2022-04-08 08:10:37,887 - processing completed: 19_007
2022-04-08 08:10:37,893 - processing started: 21_008 
2022-04-08 08:10:38,144 - processing completed: 21_008
2022-04-08 08:10:38,150 - processing started: 23_009 
2022-04-08 08:10:38,335 - processing completed: 23_009
2022-04-08 08:10:38,341 - processing started: 25_010 
2022-04-08 08:10:38,611 - processing completed: 25_010
2022-04-08 08:10:38,617 - processing started: 27_011 
2022-04-08 08:10:38,793 - processing completed: 27_011
2022-04-08 08:10:38,799 - processing started: 29_012 
2022-04-08 08:10:38,955 - processing completed: 29_012
2022-04-08 08:10:38,959 - processing started: 31_013 
2022-04-08 08:10:39,114 - processing completed: 31_013
2022-04-08 08:10:39,119 - processing started: 33_014 
2022-04-08 08:10:39,306 - processing completed: 33_014
2022-04-08 08:10:39,311 - processing started: 35_014 
2022-04-08 08:10:39,506 - processing completed: 35_014
2022-04-08 08:10:39,512 - processing started: 37_014 
2022-04-08 08:10:39,629 - processing completed: 37_014
2022-04-08 08:10:39,633 - processing started: 39_015 
2022-04-08 08:10:39,823 - processing completed: 39_015
2022-04-08 08:10:39,829 - processing started: 41_015 
2022-04-08 08:10:39,941 - processing completed: 41_015
2022-04-08 08:10:39,945 - processing started: 43_016 
2022-04-08 08:10:40,143 - processing completed: 43_016
2022-04-08 08:10:40,148 - processing started: 45_017 
2022-04-08 08:10:40,277 - processing completed: 45_017
2022-04-08 08:10:40,281 - processing started: 47_017 
2022-04-08 08:10:40,502 - processing completed: 47_017
2022-04-08 08:10:40,508 - processing started: 49_018 
2022-04-08 08:10:40,653 - processing completed: 49_018
2022-04-08 08:10:40,658 - processing started: 51_019 
2022-04-08 08:10:40,876 - processing completed: 51_019
2022-04-08 08:10:40,881 - processing started: 53_020 
2022-04-08 08:10:41,031 - processing completed: 53_020
2022-04-08 08:10:41,038 - processing started: 55_021 
2022-04-08 08:10:41,308 - processing completed: 55_021
2022-04-08 08:10:41,313 - processing started: 57_022 
2022-04-08 08:10:41,500 - processing completed: 57_022
2022-04-08 08:10:41,506 - processing started: 59_023 
2022-04-08 08:10:41,739 - processing completed: 59_023
2022-04-08 08:10:41,744 - processing started: 61_023 
2022-04-08 08:10:41,873 - processing completed: 61_023
2022-04-08 08:10:41,878 - processing started: 63_024 
2022-04-08 08:10:42,086 - processing completed: 63_024
2022-04-08 08:10:42,092 - processing started: 65_024 
2022-04-08 08:10:42,297 - processing completed: 65_024
2022-04-08 08:10:42,302 - processing started: 67_025 
2022-04-08 08:10:42,447 - processing completed: 67_025
2022-04-08 08:10:42,453 - processing started: 69_026 
2022-04-08 08:10:42,672 - processing completed: 69_026
2022-04-08 08:10:42,676 - processing started: 71_027 
2022-04-08 08:10:42,803 - processing completed: 71_027
2022-04-08 08:10:42,808 - processing started: 73_028 
2022-04-08 08:10:43,018 - processing completed: 73_028
2022-04-08 08:10:43,023 - processing started: 75_029 
2022-04-08 08:10:43,184 - processing completed: 75_029
2022-04-08 08:10:43,189 - processing started: 77_030 
2022-04-08 08:10:43,405 - processing completed: 77_030
2022-04-08 08:10:43,412 - processing started: 79_030 
2022-04-08 08:10:43,562 - processing completed: 79_030
2022-04-08 08:10:43,568 - processing started: 81_031 
2022-04-08 08:10:43,795 - processing completed: 81_031
2022-04-08 08:10:43,800 - processing started: 83_032 
2022-04-08 08:10:43,994 - processing completed: 83_032
2022-04-08 08:10:44,000 - processing started: 85_032 
2022-04-08 08:10:44,252 - processing completed: 85_032
2022-04-08 08:10:44,258 - processing started: 87_032 
2022-04-08 08:10:44,460 - processing completed: 87_032
2022-04-08 08:10:44,467 - processing started: 89_033 
2022-04-08 08:10:44,664 - processing completed: 89_033
2022-04-08 08:10:44,668 - processing started: 91_033 
2022-04-08 08:10:44,802 - processing completed: 91_033
2022-04-08 08:10:44,807 - processing started: 93_034 
2022-04-08 08:10:45,035 - processing completed: 93_034
2022-04-08 08:10:45,040 - processing started: 95_035 
2022-04-08 08:10:45,224 - processing completed: 95_035
2022-04-08 08:10:45,228 - processing started: 97_035 
2022-04-08 08:10:45,353 - processing completed: 97_035
2022-04-08 08:10:45,358 - processing started: 99_036 
2022-04-08 08:10:45,558 - processing completed: 99_036
2022-04-08 08:10:45,563 - processing started: 101_037 
2022-04-08 08:10:45,682 - processing completed: 101_037
2022-04-08 08:10:45,687 - processing started: 103_037 
2022-04-08 08:10:45,882 - processing completed: 103_037
2022-04-08 08:10:45,886 - processing started: 105_038 
2022-04-08 08:10:46,000 - processing completed: 105_038
2022-04-08 08:10:46,004 - processing started: 107_039 
2022-04-08 08:10:46,197 - processing completed: 107_039
2022-04-08 08:10:46,201 - processing started: 109_040 
2022-04-08 08:10:46,319 - processing completed: 109_040
2022-04-08 08:10:46,323 - processing started: 111_040 
2022-04-08 08:10:46,527 - processing completed: 111_040
2022-04-08 08:10:46,532 - processing started: 113_040 
2022-04-08 08:10:46,683 - processing completed: 113_040
2022-04-08 08:10:46,688 - processing started: 115_040 
2022-04-08 08:10:46,921 - processing completed: 115_040
2022-04-08 08:10:46,927 - processing started: 117_041 
2022-04-08 08:10:47,068 - processing completed: 117_041
2022-04-08 08:10:47,072 - processing started: 119_042 
2022-04-08 08:10:47,246 - processing completed: 119_042
2022-04-08 08:10:47,249 - processing started: 121_042 
2022-04-08 08:10:47,369 - processing completed: 121_042
2022-04-08 08:10:47,374 - processing started: 123_043 
2022-04-08 08:10:47,559 - processing completed: 123_043
2022-04-08 08:10:47,564 - processing started: 125_044 
2022-04-08 08:10:47,735 - processing completed: 125_044
2022-04-08 08:10:47,739 - processing started: 127_045 
2022-04-08 08:10:47,843 - processing completed: 127_045
2022-04-08 08:10:47,847 - processing started: 129_045 
2022-04-08 08:10:48,032 - processing completed: 129_045
2022-04-08 08:10:48,036 - processing started: 131_046 
2022-04-08 08:10:48,145 - processing completed: 131_046
2022-04-08 08:10:48,149 - processing started: 133_047 
2022-04-08 08:10:48,331 - processing completed: 133_047
2022-04-08 08:10:48,335 - processing started: 135_048 
2022-04-08 08:10:48,445 - processing completed: 135_048
2022-04-08 08:10:48,449 - processing started: 137_049 
2022-04-08 08:10:48,636 - processing completed: 137_049
2022-04-08 08:10:48,640 - processing started: 139_049 
2022-04-08 08:10:48,764 - processing completed: 139_049
2022-04-08 08:10:48,768 - processing started: 141_050 
2022-04-08 08:10:48,980 - processing completed: 141_050
2022-04-08 08:10:48,985 - processing started: 143_051 
2022-04-08 08:10:49,112 - processing completed: 143_051
2022-04-08 08:10:49,116 - processing started: 145_051 
2022-04-08 08:10:49,318 - processing completed: 145_051
2022-04-08 08:10:49,322 - processing started: 147_051 
2022-04-08 08:10:49,441 - processing completed: 147_051
2022-04-08 08:10:49,446 - processing started: 149_052 
2022-04-08 08:10:49,632 - processing completed: 149_052
2022-04-08 08:10:49,636 - processing started: 151_053 
2022-04-08 08:10:49,749 - processing completed: 151_053
2022-04-08 08:10:49,754 - processing started: 153_054 
2022-04-08 08:10:49,936 - processing completed: 153_054
2022-04-08 08:10:49,941 - processing started: 155_055 
2022-04-08 08:10:50,134 - processing completed: 155_055
2022-04-08 08:10:50,138 - processing started: 157_056 
2022-04-08 08:10:50,259 - processing completed: 157_056
2022-04-08 08:10:50,264 - processing started: 159_057 
2022-04-08 08:10:50,451 - processing completed: 159_057
2022-04-08 08:10:50,455 - processing started: 161_058 
2022-04-08 08:10:50,633 - processing completed: 161_058
2022-04-08 08:10:50,638 - processing started: 163_059 
2022-04-08 08:10:50,811 - processing completed: 163_059
2022-04-08 08:10:50,815 - processing started: 165_060 
2022-04-08 08:10:50,942 - processing completed: 165_060
2022-04-08 08:10:50,946 - processing started: 167_060 
2022-04-08 08:10:51,129 - processing completed: 167_060
2022-04-08 08:10:51,133 - processing started: 169_061 
2022-04-08 08:10:51,251 - processing completed: 169_061
2022-04-08 08:10:51,255 - processing started: 171_062 
2022-04-08 08:10:51,462 - processing completed: 171_062
2022-04-08 08:10:51,467 - processing started: 173_063 
2022-04-08 08:10:51,695 - processing completed: 173_063
2022-04-08 08:10:51,703 - processing started: 175_064 
2022-04-08 08:10:51,987 - processing completed: 175_064
2022-04-08 08:10:51,993 - processing started: 177_064 
2022-04-08 08:10:52,218 - processing completed: 177_064
2022-04-08 08:10:52,225 - processing started: 179_065 
2022-04-08 08:10:52,509 - processing completed: 179_065
2022-04-08 08:10:52,516 - processing started: 181_066 
2022-04-08 08:10:52,801 - processing completed: 181_066
2022-04-08 08:10:52,807 - processing started: 183_066 
2022-04-08 08:10:53,033 - processing completed: 183_066
2022-04-08 08:10:53,039 - processing started: 185_066 
2022-04-08 08:10:53,326 - processing completed: 185_066
2022-04-08 08:10:53,332 - processing started: 187_066 
2022-04-08 08:10:53,483 - processing completed: 187_066
2022-04-08 08:10:53,488 - processing started: 189_067 
2022-04-08 08:10:53,730 - processing completed: 189_067
2022-04-08 08:10:53,736 - processing started: 191_067 
2022-04-08 08:10:53,921 - processing completed: 191_067
2022-04-08 08:10:53,927 - processing started: 193_068 
2022-04-08 08:10:54,123 - processing completed: 193_068
2022-04-08 08:10:54,129 - processing started: 195_069 
2022-04-08 08:10:54,255 - processing completed: 195_069
2022-04-08 08:10:54,259 - processing started: 197_069 
2022-04-08 08:10:54,477 - processing completed: 197_069
2022-04-08 08:10:54,482 - processing started: 199_070 
2022-04-08 08:10:54,669 - processing completed: 199_070
2022-04-08 08:10:54,675 - processing started: 201_071 
2022-04-08 08:10:54,922 - processing completed: 201_071
2022-04-08 08:10:54,929 - processing started: 203_072 
2022-04-08 08:10:55,117 - processing completed: 203_072
2022-04-08 08:10:55,123 - processing started: 205_072 
2022-04-08 08:10:55,375 - processing completed: 205_072
2022-04-08 08:10:55,381 - processing started: 207_073 
2022-04-08 08:10:55,593 - processing completed: 207_073
2022-04-08 08:10:55,600 - processing started: 209_074 
2022-04-08 08:10:55,854 - processing completed: 209_074
2022-04-08 08:10:55,860 - processing started: 211_075 
2022-04-08 08:10:56,122 - processing completed: 211_075
2022-04-08 08:10:56,127 - processing started: 213_076 
2022-04-08 08:10:56,306 - processing completed: 213_076
2022-04-08 08:10:56,313 - processing started: 215_077 
2022-04-08 08:10:56,526 - processing completed: 215_077
2022-04-08 08:10:56,532 - processing started: 217_077 
2022-04-08 08:10:56,720 - processing completed: 217_077
2022-04-08 08:10:56,728 - processing started: 219_078 
2022-04-08 08:10:56,977 - processing completed: 219_078
2022-04-08 08:10:56,982 - processing started: 221_079 
2022-04-08 08:10:57,167 - processing completed: 221_079
2022-04-08 08:10:57,173 - processing started: 223_080 
2022-04-08 08:10:57,323 - processing completed: 223_080
2022-04-08 08:10:57,327 - processing started: 225_081 
2022-04-08 08:10:57,445 - processing completed: 225_081
2022-04-08 08:10:57,449 - processing started: 227_081 
2022-04-08 08:10:57,648 - processing completed: 227_081
2022-04-08 08:10:57,654 - processing started: 229_081 
2022-04-08 08:10:57,776 - processing completed: 229_081
2022-04-08 08:10:57,781 - processing started: 231_081 
2022-04-08 08:10:57,986 - processing completed: 231_081
2022-04-08 08:10:57,992 - processing started: 233_082 
2022-04-08 08:10:58,115 - processing completed: 233_082
2022-04-08 08:10:58,121 - processing started: 235_082 
2022-04-08 08:10:58,299 - processing completed: 235_082
2022-04-08 08:10:58,304 - processing started: 237_083 
2022-04-08 08:10:58,429 - processing completed: 237_083
2022-04-08 08:10:58,435 - processing started: 239_084 
2022-04-08 08:10:58,624 - processing completed: 239_084
2022-04-08 08:10:58,632 - processing started: 241_085 
2022-04-08 08:10:58,834 - processing completed: 241_085
2022-04-08 08:10:58,839 - processing started: 243_086 
2022-04-08 08:10:58,984 - processing completed: 243_086
2022-04-08 08:10:58,988 - processing started: 245_087 
2022-04-08 08:10:59,167 - processing completed: 245_087
2022-04-08 08:10:59,172 - processing started: 247_088 
2022-04-08 08:10:59,289 - processing completed: 247_088
2022-04-08 08:10:59,295 - processing started: 249_089 
2022-04-08 08:10:59,439 - processing completed: 249_089
2022-04-08 08:10:59,443 - processing started: 251_089 
2022-04-08 08:10:59,522 - processing completed: 251_089
2022-04-08 08:10:59,527 - processing started: 253_090 
2022-04-08 08:10:59,672 - processing completed: 253_090
2022-04-08 08:10:59,676 - processing started: 255_091 
2022-04-08 08:10:59,772 - processing completed: 255_091
2022-04-08 08:10:59,777 - processing started: 257_092 
2022-04-08 08:10:59,928 - processing completed: 257_092
2022-04-08 08:10:59,932 - processing started: 259_093 
2022-04-08 08:11:00,037 - processing completed: 259_093
2022-04-08 08:11:00,042 - processing started: 261_094 
2022-04-08 08:11:00,236 - processing completed: 261_094
2022-04-08 08:11:00,242 - processing started: 263_095 
2022-04-08 08:11:00,355 - processing completed: 263_095
2022-04-08 08:11:00,360 - processing started: 265_096 
2022-04-08 08:11:00,555 - processing completed: 265_096
2022-04-08 08:11:00,560 - processing started: 267_097 
2022-04-08 08:11:00,665 - processing completed: 267_097
2022-04-08 08:11:00,670 - processing started: 269_098 
2022-04-08 08:11:00,847 - processing completed: 269_098
2022-04-08 08:11:00,852 - processing started: 271_098 
2022-04-08 08:11:01,023 - processing completed: 271_098
2022-04-08 08:11:01,028 - processing started: 273_099 
2022-04-08 08:11:01,119 - processing completed: 273_099
2022-04-08 08:11:01,124 - processing started: 275_100 
2022-04-08 08:11:01,332 - processing completed: 275_100
2022-04-08 08:11:01,337 - processing started: 277_101 
2022-04-08 08:11:01,434 - processing completed: 277_101
2022-04-08 08:11:01,438 - processing started: 279_102 
2022-04-08 08:11:01,612 - processing completed: 279_102
2022-04-08 08:11:01,617 - processing started: 281_103 
2022-04-08 08:11:01,712 - processing completed: 281_103
2022-04-08 08:11:01,716 - processing started: 283_104 
2022-04-08 08:11:01,891 - processing completed: 283_104
2022-04-08 08:11:01,898 - processing started: 285_105 
2022-04-08 08:11:02,007 - processing completed: 285_105
2022-04-08 08:11:02,011 - processing started: 287_106 
2022-04-08 08:11:02,187 - processing completed: 287_106
2022-04-08 08:11:02,192 - processing started: 289_107 
2022-04-08 08:11:02,299 - processing completed: 289_107
2022-04-08 08:11:02,304 - processing started: 291_107 
2022-04-08 08:11:02,472 - processing completed: 291_107
2022-04-08 08:11:02,476 - processing started: 293_108 
2022-04-08 08:11:02,567 - processing completed: 293_108
2022-04-08 08:11:02,572 - processing started: 295_109 
2022-04-08 08:11:02,719 - processing completed: 295_109
2022-04-08 08:11:02,724 - processing started: 297_110 
2022-04-08 08:11:02,816 - processing completed: 297_110
2022-04-08 08:11:02,821 - processing started: 299_110 
2022-04-08 08:11:02,987 - processing completed: 299_110
2022-04-08 08:11:02,991 - processing started: 301_111 
2022-04-08 08:11:03,150 - processing completed: 301_111
2022-04-08 08:11:03,156 - processing started: 303_112 
2022-04-08 08:11:03,247 - processing completed: 303_112
2022-04-08 08:11:03,252 - processing started: 305_113 
2022-04-08 08:11:03,406 - processing completed: 305_113
2022-04-08 08:11:03,410 - processing started: 307_114 
2022-04-08 08:11:03,552 - processing completed: 307_114
2022-04-08 08:11:03,557 - processing started: 309_115 
2022-04-08 08:11:03,766 - processing completed: 309_115
2022-04-08 08:11:03,772 - processing started: 311_116 
2022-04-08 08:11:03,916 - processing completed: 311_116
2022-04-08 08:11:03,922 - processing started: 313_117 
2022-04-08 08:11:04,180 - processing completed: 313_117
2022-04-08 08:11:04,186 - processing started: 315_117 
2022-04-08 08:11:04,341 - processing completed: 315_117
2022-04-08 08:11:04,348 - processing started: 317_118 
2022-04-08 08:11:04,563 - processing completed: 317_118
2022-04-08 08:11:04,569 - processing started: 319_119 
2022-04-08 08:11:04,708 - processing completed: 319_119
2022-04-08 08:11:04,714 - processing started: 321_120 
2022-04-08 08:11:04,886 - processing completed: 321_120
2022-04-08 08:11:04,892 - processing started: 323_120 
2022-04-08 08:11:05,004 - processing completed: 323_120
2022-04-08 08:11:05,009 - processing started: 325_121 
2022-04-08 08:11:05,245 - processing completed: 325_121
2022-04-08 08:11:05,251 - processing started: 327_122 
2022-04-08 08:11:05,387 - processing completed: 327_122
2022-04-08 08:11:05,392 - processing started: 329_123 
2022-04-08 08:11:05,593 - processing completed: 329_123
2022-04-08 08:11:05,599 - processing started: 331_124 
2022-04-08 08:11:05,807 - processing completed: 331_124
2022-04-08 08:11:05,813 - processing started: 333_124 
2022-04-08 08:11:05,980 - processing completed: 333_124
2022-04-08 08:11:05,986 - processing started: 335_124 
2022-04-08 08:11:06,191 - processing completed: 335_124
2022-04-08 08:11:06,197 - processing started: 337_124 
2022-04-08 08:11:06,351 - processing completed: 337_124
2022-04-08 08:11:06,356 - processing started: 339_124 
2022-04-08 08:11:06,569 - processing completed: 339_124
2022-04-08 08:11:06,574 - processing started: 341_125 
2022-04-08 08:11:06,704 - processing completed: 341_125
2022-04-08 08:11:06,709 - processing started: 343_126 
2022-04-08 08:11:06,906 - processing completed: 343_126
2022-04-08 08:11:06,912 - processing started: 345_127 
2022-04-08 08:11:07,062 - processing completed: 345_127
2022-04-08 08:11:07,067 - processing started: 347_128 
2022-04-08 08:11:07,266 - processing completed: 347_128
2022-04-08 08:11:07,271 - processing started: 349_129 
2022-04-08 08:11:07,417 - processing completed: 349_129
2022-04-08 08:11:07,423 - processing started: 351_129 
2022-04-08 08:11:07,615 - processing completed: 351_129
2022-04-08 08:11:07,620 - processing started: 353_130 
2022-04-08 08:11:07,749 - processing completed: 353_130
2022-04-08 08:11:07,755 - processing started: 355_131 
2022-04-08 08:11:07,982 - processing completed: 355_131
2022-04-08 08:11:07,989 - processing started: 357_132 
2022-04-08 08:11:08,121 - processing completed: 357_132
2022-04-08 08:11:08,126 - processing started: 359_133 
2022-04-08 08:11:08,320 - processing completed: 359_133
2022-04-08 08:11:08,327 - processing started: 361_134 
2022-04-08 08:11:08,545 - processing completed: 361_134
2022-04-08 08:11:08,551 - processing started: 363_134 
2022-04-08 08:11:08,680 - processing completed: 363_134
2022-04-08 08:11:08,686 - processing started: 365_135 
2022-04-08 08:11:08,876 - processing completed: 365_135
2022-04-08 08:11:08,882 - processing started: 367_135 
2022-04-08 08:11:09,007 - processing completed: 367_135
2022-04-08 08:11:09,011 - processing started: 369_136 
2022-04-08 08:11:09,200 - processing completed: 369_136
2022-04-08 08:11:09,205 - processing started: 371_137 
2022-04-08 08:11:09,330 - processing completed: 371_137
2022-04-08 08:11:09,335 - processing started: 373_138 
2022-04-08 08:11:09,540 - processing completed: 373_138
2022-04-08 08:11:09,546 - processing started: 375_139 
2022-04-08 08:11:09,669 - processing completed: 375_139
2022-04-08 08:11:09,674 - processing started: 377_140 
2022-04-08 08:11:09,870 - processing completed: 377_140
2022-04-08 08:11:09,875 - processing started: 379_141 
2022-04-08 08:11:10,024 - processing completed: 379_141
2022-04-08 08:11:10,030 - processing started: 381_142 
2022-04-08 08:11:10,222 - processing completed: 381_142
2022-04-08 08:11:10,228 - processing started: 383_143 
2022-04-08 08:11:10,356 - processing completed: 383_143
2022-04-08 08:11:10,362 - processing started: 385_144 
2022-04-08 08:11:10,588 - processing completed: 385_144
2022-04-08 08:11:10,595 - processing started: 387_144 
2022-04-08 08:11:10,723 - processing completed: 387_144
2022-04-08 08:11:10,728 - processing started: 389_145 
2022-04-08 08:11:10,921 - processing completed: 389_145
2022-04-08 08:11:10,927 - processing started: 391_145 
2022-04-08 08:11:11,117 - processing completed: 391_145
2022-04-08 08:11:11,123 - processing started: 393_146 
2022-04-08 08:11:11,245 - processing completed: 393_146
2022-04-08 08:11:11,250 - processing started: 395_147 
2022-04-08 08:11:11,439 - processing completed: 395_147
2022-04-08 08:11:11,445 - processing started: 397_147 
2022-04-08 08:11:11,581 - processing completed: 397_147
2022-04-08 08:11:11,588 - processing started: 399_148 
2022-04-08 08:11:11,780 - processing completed: 399_148
2022-04-08 08:11:11,786 - processing started: 401_149 
2022-04-08 08:11:11,921 - processing completed: 401_149
2022-04-08 08:11:11,926 - processing started: 403_149 
2022-04-08 08:11:12,150 - processing completed: 403_149
2022-04-08 08:11:12,157 - processing started: 405_150 
2022-04-08 08:11:12,296 - processing completed: 405_150
2022-04-08 08:11:12,302 - processing started: 407_151 
2022-04-08 08:11:12,514 - processing completed: 407_151
2022-04-08 08:11:12,521 - processing started: 409_152 
2022-04-08 08:11:12,656 - processing completed: 409_152
2022-04-08 08:11:12,662 - processing started: 411_153 
2022-04-08 08:11:12,883 - processing completed: 411_153
2022-04-08 08:11:12,887 - processing started: 413_154 
2022-04-08 08:11:13,014 - processing completed: 413_154
2022-04-08 08:11:13,018 - processing started: 415_155 
2022-04-08 08:11:13,203 - processing completed: 415_155
2022-04-08 08:11:13,208 - processing started: 417_156 
2022-04-08 08:11:13,336 - processing completed: 417_156
2022-04-08 08:11:13,341 - processing started: 419_156 
2022-04-08 08:11:13,530 - processing completed: 419_156
2022-04-08 08:11:13,535 - processing started: 421_157 
2022-04-08 08:11:13,738 - processing completed: 421_157
2022-04-08 08:11:13,742 - processing started: 423_158 
2022-04-08 08:11:13,872 - processing completed: 423_158
2022-04-08 08:11:13,877 - processing started: 425_159 
2022-04-08 08:11:14,086 - processing completed: 425_159
2022-04-08 08:11:14,091 - processing started: 427_159 
2022-04-08 08:11:14,232 - processing completed: 427_159
2022-04-08 08:11:14,237 - processing started: 429_160 
2022-04-08 08:11:14,436 - processing completed: 429_160
2022-04-08 08:11:14,441 - processing started: 431_161 
2022-04-08 08:11:14,574 - processing completed: 431_161
2022-04-08 08:11:14,579 - processing started: 433_162 
2022-04-08 08:11:14,791 - processing completed: 433_162
2022-04-08 08:11:14,796 - processing started: 435_163 
2022-04-08 08:11:14,926 - processing completed: 435_163
2022-04-08 08:11:14,931 - processing started: 437_164 
2022-04-08 08:11:15,118 - processing completed: 437_164
2022-04-08 08:11:15,124 - processing started: 439_164 
2022-04-08 08:11:15,247 - processing completed: 439_164
2022-04-08 08:11:15,252 - processing started: 441_165 
2022-04-08 08:11:15,440 - processing completed: 441_165
2022-04-08 08:11:15,445 - processing started: 443_166 
2022-04-08 08:11:15,572 - processing completed: 443_166
2022-04-08 08:11:15,579 - processing started: 445_167 
2022-04-08 08:11:15,766 - processing completed: 445_167
2022-04-08 08:11:15,773 - processing started: 447_167 
2022-04-08 08:11:15,985 - processing completed: 447_167
2022-04-08 08:11:15,991 - processing started: 449_168 
2022-04-08 08:11:16,124 - processing completed: 449_168
2022-04-08 08:11:16,129 - processing started: 451_168 
2022-04-08 08:11:16,342 - processing completed: 451_168
2022-04-08 08:11:16,348 - processing started: 453_169 
2022-04-08 08:11:16,478 - processing completed: 453_169
2022-04-08 08:11:16,483 - processing started: 455_170 
2022-04-08 08:11:16,682 - processing completed: 455_170
2022-04-08 08:11:16,688 - processing started: 457_171 
2022-04-08 08:11:16,822 - processing completed: 457_171
2022-04-08 08:11:16,828 - processing started: 459_172 
2022-04-08 08:11:17,044 - processing completed: 459_172
2022-04-08 08:11:17,050 - processing started: 461_173 
2022-04-08 08:11:17,176 - processing completed: 461_173
2022-04-08 08:11:17,182 - processing started: 463_173 
2022-04-08 08:11:17,380 - processing completed: 463_173
2022-04-08 08:11:17,387 - processing started: 465_174 
2022-04-08 08:11:17,513 - processing completed: 465_174
2022-04-08 08:11:17,517 - processing started: 467_174 
2022-04-08 08:11:17,702 - processing completed: 467_174
2022-04-08 08:11:17,707 - processing started: 469_175 
2022-04-08 08:11:17,830 - processing completed: 469_175
2022-04-08 08:11:17,835 - processing started: 471_176 
2022-04-08 08:11:18,023 - processing completed: 471_176
2022-04-08 08:11:18,028 - processing started: 473_177 
2022-04-08 08:11:18,167 - processing completed: 473_177
2022-04-08 08:11:18,171 - processing started: 475_178 
2022-04-08 08:11:18,380 - processing completed: 475_178
2022-04-08 08:11:18,385 - processing started: 477_179 
2022-04-08 08:11:18,588 - processing completed: 477_179
2022-04-08 08:11:18,593 - processing started: 479_180 
2022-04-08 08:11:18,723 - processing completed: 479_180
2022-04-08 08:11:18,728 - processing started: 481_180 
2022-04-08 08:11:18,942 - processing completed: 481_180
2022-04-08 08:11:18,947 - processing started: 483_181 
2022-04-08 08:11:19,080 - processing completed: 483_181
2022-04-08 08:11:19,085 - processing started: 485_182 
2022-04-08 08:11:19,287 - processing completed: 485_182
2022-04-08 08:11:19,292 - processing started: 487_182 
2022-04-08 08:11:19,416 - processing completed: 487_182
2022-04-08 08:11:19,421 - processing started: 489_183 
2022-04-08 08:11:19,612 - processing completed: 489_183
2022-04-08 08:11:19,617 - processing started: 491_183 
2022-04-08 08:11:19,743 - processing completed: 491_183
2022-04-08 08:11:19,748 - processing started: 493_184 
2022-04-08 08:11:19,937 - processing completed: 493_184
2022-04-08 08:11:19,943 - processing started: 495_185 
2022-04-08 08:11:20,071 - processing completed: 495_185
2022-04-08 08:11:20,076 - processing started: 497_186 
2022-04-08 08:11:20,280 - processing completed: 497_186
2022-04-08 08:11:20,285 - processing started: 499_187 
2022-04-08 08:11:20,428 - processing completed: 499_187
2022-04-08 08:11:20,432 - processing started: 501_188 
2022-04-08 08:11:20,628 - processing completed: 501_188
2022-04-08 08:11:20,632 - processing started: 503_188 
2022-04-08 08:11:20,763 - processing completed: 503_188
2022-04-08 08:11:20,768 - processing started: 505_189 
2022-04-08 08:11:20,950 - processing completed: 505_189
2022-04-08 08:11:20,955 - processing started: 507_190 
2022-04-08 08:11:21,159 - processing completed: 507_190
2022-04-08 08:11:21,165 - processing started: 509_191 
2022-04-08 08:11:21,299 - processing completed: 509_191
2022-04-08 08:11:21,304 - processing started: 511_192 
2022-04-08 08:11:21,491 - processing completed: 511_192
2022-04-08 08:11:21,496 - processing started: 513_192 
2022-04-08 08:11:21,629 - processing completed: 513_192
2022-04-08 08:11:21,635 - processing started: 515_193 
2022-04-08 08:11:21,833 - processing completed: 515_193
2022-04-08 08:11:21,840 - processing started: 517_194 
2022-04-08 08:11:21,970 - processing completed: 517_194
2022-04-08 08:11:21,975 - processing started: 519_195 
2022-04-08 08:11:22,168 - processing completed: 519_195
2022-04-08 08:11:22,173 - processing started: 521_196 
2022-04-08 08:11:22,313 - processing completed: 521_196
2022-04-08 08:11:22,320 - processing started: 523_196 
2022-04-08 08:11:22,549 - processing completed: 523_196
2022-04-08 08:11:22,554 - processing started: 525_196 
2022-04-08 08:11:22,685 - processing completed: 525_196
2022-04-08 08:11:22,689 - processing started: 527_197 
2022-04-08 08:11:22,887 - processing completed: 527_197
2022-04-08 08:11:22,894 - processing started: 529_197 
2022-04-08 08:11:23,031 - processing completed: 529_197
2022-04-08 08:11:23,038 - processing started: 531_197 
2022-04-08 08:11:23,230 - processing completed: 531_197
2022-04-08 08:11:23,235 - processing started: 533_198 
2022-04-08 08:11:23,372 - processing completed: 533_198
2022-04-08 08:11:23,378 - processing started: 535_199 
2022-04-08 08:11:23,564 - processing completed: 535_199
2022-04-08 08:11:23,570 - processing started: 537_200 
2022-04-08 08:11:23,766 - processing completed: 537_200
2022-04-08 08:11:23,771 - processing started: 539_201 
2022-04-08 08:11:23,897 - processing completed: 539_201
2022-04-08 08:11:23,903 - processing started: 541_202 
2022-04-08 08:11:24,090 - processing completed: 541_202
2022-04-08 08:11:24,095 - processing started: 543_203 
2022-04-08 08:11:24,220 - processing completed: 543_203
2022-04-08 08:11:24,225 - processing started: 545_204 
2022-04-08 08:11:24,423 - processing completed: 545_204
2022-04-08 08:11:24,429 - processing started: 547_205 
2022-04-08 08:11:24,581 - processing completed: 547_205
2022-04-08 08:11:24,586 - processing started: 549_206 
2022-04-08 08:11:24,784 - processing completed: 549_206
2022-04-08 08:11:24,790 - processing started: 551_207 
2022-04-08 08:11:24,927 - processing completed: 551_207
2022-04-08 08:11:24,932 - processing started: 553_207 
2022-04-08 08:11:25,141 - processing completed: 553_207
2022-04-08 08:11:25,147 - processing started: 555_208 
2022-04-08 08:11:25,276 - processing completed: 555_208
2022-04-08 08:11:25,280 - processing started: 557_209 
2022-04-08 08:11:25,478 - processing completed: 557_209
2022-04-08 08:11:25,485 - processing started: 559_210 
2022-04-08 08:11:25,614 - processing completed: 559_210
2022-04-08 08:11:25,618 - processing started: 561_211 
2022-04-08 08:11:25,803 - processing completed: 561_211
2022-04-08 08:11:25,807 - processing started: 563_212 
2022-04-08 08:11:25,940 - processing completed: 563_212
2022-04-08 08:11:25,945 - processing started: 565_213 
2022-04-08 08:11:26,134 - processing completed: 565_213
2022-04-08 08:11:26,139 - processing started: 567_214 
2022-04-08 08:11:26,338 - processing completed: 567_214
2022-04-08 08:11:26,343 - processing started: 569_214 
2022-04-08 08:11:26,472 - processing completed: 569_214
2022-04-08 08:11:26,478 - processing started: 571_215 
2022-04-08 08:11:26,716 - processing completed: 571_215
2022-04-08 08:11:26,720 - processing started: 573_216 
2022-04-08 08:11:26,861 - processing completed: 573_216
2022-04-08 08:11:26,865 - processing started: 575_217 
2022-04-08 08:11:27,065 - processing completed: 575_217
2022-04-08 08:11:27,070 - processing started: 577_218 
2022-04-08 08:11:27,213 - processing completed: 577_218
2022-04-08 08:11:27,219 - processing started: 579_219 
2022-04-08 08:11:27,414 - processing completed: 579_219
2022-04-08 08:11:27,419 - processing started: 581_220 
2022-04-08 08:11:27,561 - processing completed: 581_220
2022-04-08 08:11:27,566 - processing started: 583_220 
2022-04-08 08:11:27,759 - processing completed: 583_220
2022-04-08 08:11:27,765 - processing started: 585_221 
2022-04-08 08:11:27,899 - processing completed: 585_221
2022-04-08 08:11:27,904 - processing started: 587_222 
2022-04-08 08:11:28,091 - processing completed: 587_222
2022-04-08 08:11:28,095 - processing started: 589_222 
2022-04-08 08:11:28,220 - processing completed: 589_222
2022-04-08 08:11:28,225 - processing started: 591_223 
2022-04-08 08:11:28,384 - processing completed: 591_223
2022-04-08 08:11:28,388 - processing started: 593_223 
2022-04-08 08:11:28,490 - processing completed: 593_223
2022-04-08 08:11:28,495 - processing started: 595_224 
2022-04-08 08:11:28,728 - processing completed: 595_224
2022-04-08 08:11:28,733 - processing started: 597_225 
2022-04-08 08:11:28,934 - processing completed: 597_225
2022-04-08 08:11:28,937 - processing started: 599_225 
2022-04-08 08:11:29,110 - processing completed: 599_225
2022-04-08 08:11:29,115 - processing started: 601_225 
2022-04-08 08:11:29,298 - processing completed: 601_225
2022-04-08 08:11:29,302 - processing started: 603_226 
2022-04-08 08:11:29,412 - processing completed: 603_226
2022-04-08 08:11:29,416 - processing started: 605_227 
2022-04-08 08:11:29,614 - processing completed: 605_227
2022-04-08 08:11:29,619 - processing started: 607_227 
2022-04-08 08:11:29,745 - processing completed: 607_227
2022-04-08 08:11:29,750 - processing started: 609_227 
2022-04-08 08:11:29,932 - processing completed: 609_227
2022-04-08 08:11:29,937 - processing started: 611_227 
2022-04-08 08:11:30,105 - processing completed: 611_227
2022-04-08 08:11:30,111 - processing started: 613_227 
2022-04-08 08:11:30,280 - processing completed: 613_227
2022-04-08 08:11:30,285 - processing started: 615_228 
2022-04-08 08:11:30,396 - processing completed: 615_228
2022-04-08 08:11:30,402 - processing started: 617_229 
2022-04-08 08:11:30,574 - processing completed: 617_229
2022-04-08 08:11:30,579 - processing started: 619_230 
2022-04-08 08:11:30,684 - processing completed: 619_230
2022-04-08 08:11:30,689 - processing started: 621_230 
2022-04-08 08:11:30,881 - processing completed: 621_230
2022-04-08 08:11:30,886 - processing started: 623_231 
2022-04-08 08:11:31,007 - processing completed: 623_231
2022-04-08 08:11:31,012 - processing started: 625_232 
2022-04-08 08:11:31,196 - processing completed: 625_232
2022-04-08 08:11:31,201 - processing started: 627_232 
2022-04-08 08:11:31,374 - processing completed: 627_232
2022-04-08 08:11:31,380 - processing started: 629_232 
2022-04-08 08:11:31,487 - processing completed: 629_232
2022-04-08 08:11:31,491 - processing started: 631_233 
2022-04-08 08:11:31,664 - processing completed: 631_233
2022-04-08 08:11:31,668 - processing started: 633_234 
2022-04-08 08:11:31,767 - processing completed: 633_234
2022-04-08 08:11:31,772 - processing started: 635_234 
2022-04-08 08:11:31,951 - processing completed: 635_234
2022-04-08 08:11:31,957 - processing started: 637_234 
2022-04-08 08:11:32,066 - processing completed: 637_234
2022-04-08 08:11:32,071 - processing started: 639_235 
2022-04-08 08:11:32,271 - processing completed: 639_235
2022-04-08 08:11:32,278 - processing started: 641_236 
2022-04-08 08:11:32,410 - processing completed: 641_236
2022-04-08 08:11:32,414 - processing started: 643_237 
2022-04-08 08:11:32,616 - processing completed: 643_237
2022-04-08 08:11:32,621 - processing started: 645_238 
2022-04-08 08:11:32,793 - processing completed: 645_238
2022-04-08 08:11:32,798 - processing started: 647_239 
2022-04-08 08:11:33,026 - processing completed: 647_239
2022-04-08 08:11:33,032 - processing started: 649_240 
2022-04-08 08:11:33,183 - processing completed: 649_240
2022-04-08 08:11:33,188 - processing started: 651_240 
2022-04-08 08:11:33,395 - processing completed: 651_240
2022-04-08 08:11:33,400 - processing started: 653_241 
2022-04-08 08:11:33,535 - processing completed: 653_241
2022-04-08 08:11:33,540 - processing started: 655_242 
2022-04-08 08:11:33,730 - processing completed: 655_242
2022-04-08 08:11:33,735 - processing started: 657_242 
2022-04-08 08:11:33,944 - processing completed: 657_242
2022-04-08 08:11:33,951 - processing started: 659_243 
2022-04-08 08:11:34,094 - processing completed: 659_243
2022-04-08 08:11:34,100 - processing started: 661_244 
2022-04-08 08:11:34,263 - processing completed: 661_244
2022-04-08 08:11:34,268 - processing started: 663_244 
2022-04-08 08:11:34,359 - processing completed: 663_244
2022-04-08 08:11:34,364 - processing started: 665_245 
2022-04-08 08:11:34,521 - processing completed: 665_245
2022-04-08 08:11:34,526 - processing started: 667_246 
2022-04-08 08:11:34,608 - processing completed: 667_246
2022-04-08 08:11:34,612 - processing started: 669_247 
2022-04-08 08:11:34,778 - processing completed: 669_247
2022-04-08 08:11:34,783 - processing started: 671_248 
2022-04-08 08:11:34,863 - processing completed: 671_248
2022-04-08 08:11:34,866 - processing started: 673_249 
2022-04-08 08:11:35,042 - processing completed: 673_249
2022-04-08 08:11:35,047 - processing started: 675_250 
2022-04-08 08:11:35,145 - processing completed: 675_250
2022-04-08 08:11:35,151 - processing started: 677_251 
2022-04-08 08:11:35,315 - processing completed: 677_251
2022-04-08 08:11:35,319 - processing started: 679_251 
2022-04-08 08:11:35,411 - processing completed: 679_251
2022-04-08 08:11:35,417 - processing started: 681_252 
2022-04-08 08:11:35,567 - processing completed: 681_252
2022-04-08 08:11:35,571 - processing started: 683_252 
2022-04-08 08:11:35,649 - processing completed: 683_252
2022-04-08 08:11:35,654 - processing started: 685_253 
2022-04-08 08:11:35,825 - processing completed: 685_253
2022-04-08 08:11:35,828 - processing started: 687_254 
2022-04-08 08:11:36,004 - processing completed: 687_254
2022-04-08 08:11:36,008 - processing started: 689_255 
2022-04-08 08:11:36,123 - processing completed: 689_255
2022-04-08 08:11:36,126 - processing started: 691_256 
2022-04-08 08:11:36,330 - processing completed: 691_256
2022-04-08 08:11:36,335 - processing started: 693_257 
2022-04-08 08:11:36,453 - processing completed: 693_257
2022-04-08 08:11:36,457 - processing started: 695_257 
2022-04-08 08:11:36,674 - processing completed: 695_257
2022-04-08 08:11:36,680 - processing started: 697_258 
2022-04-08 08:11:36,817 - processing completed: 697_258
2022-04-08 08:11:36,822 - processing started: 699_259 
2022-04-08 08:11:37,017 - processing completed: 699_259
2022-04-08 08:11:37,021 - processing started: 701_260 
2022-04-08 08:11:37,142 - processing completed: 701_260
2022-04-08 08:11:37,146 - processing started: 703_260 
2022-04-08 08:11:37,350 - processing completed: 703_260
2022-04-08 08:11:37,354 - processing started: 705_261 
2022-04-08 08:11:37,508 - processing completed: 705_261
2022-04-08 08:11:37,513 - processing started: 707_262 
2022-04-08 08:11:37,691 - processing completed: 707_262
2022-04-08 08:11:37,695 - processing started: 709_262 
2022-04-08 08:11:37,825 - processing completed: 709_262
2022-04-08 08:11:37,830 - processing started: 711_263 
2022-04-08 08:11:38,019 - processing completed: 711_263
2022-04-08 08:11:38,024 - processing started: 713_264 
2022-04-08 08:11:38,197 - processing completed: 713_264
2022-04-08 08:11:38,202 - processing started: 715_265 
2022-04-08 08:11:38,307 - processing completed: 715_265
2022-04-08 08:11:38,311 - processing started: 717_265 
2022-04-08 08:11:38,507 - processing completed: 717_265
2022-04-08 08:11:38,513 - processing started: 719_266 
2022-04-08 08:11:38,642 - processing completed: 719_266
2022-04-08 08:11:38,646 - processing started: 721_267 
2022-04-08 08:11:38,844 - processing completed: 721_267
2022-04-08 08:11:38,849 - processing started: 723_267 
2022-04-08 08:11:38,962 - processing completed: 723_267
2022-04-08 08:11:38,967 - processing started: 725_267 
2022-04-08 08:11:39,150 - processing completed: 725_267
2022-04-08 08:11:39,154 - processing started: 727_268 
2022-04-08 08:11:39,269 - processing completed: 727_268
2022-04-08 08:11:39,274 - processing started: 729_268 
2022-04-08 08:11:39,453 - processing completed: 729_268
2022-04-08 08:11:39,458 - processing started: 731_268 
2022-04-08 08:11:39,573 - processing completed: 731_268
2022-04-08 08:11:39,578 - processing started: 733_268 
2022-04-08 08:11:39,761 - processing completed: 733_268
2022-04-08 08:11:39,765 - processing started: 735_269 
2022-04-08 08:11:39,877 - processing completed: 735_269
2022-04-08 08:11:39,883 - processing started: 737_269 
2022-04-08 08:11:40,068 - processing completed: 737_269
2022-04-08 08:11:40,073 - processing started: 739_270 
2022-04-08 08:11:40,192 - processing completed: 739_270
2022-04-08 08:11:40,197 - processing started: 741_271 
2022-04-08 08:11:40,388 - processing completed: 741_271
2022-04-08 08:11:40,392 - processing started: 743_272 
2022-04-08 08:11:40,601 - processing completed: 743_272
2022-04-08 08:11:40,607 - processing started: 745_273 
2022-04-08 08:11:40,741 - processing completed: 745_273
2022-04-08 08:11:40,747 - processing started: 747_274 
2022-04-08 08:11:40,932 - processing completed: 747_274
2022-04-08 08:11:40,936 - processing started: 749_274 
2022-04-08 08:11:41,035 - processing completed: 749_274
2022-04-08 08:11:41,039 - processing started: 751_275 
2022-04-08 08:11:41,213 - processing completed: 751_275
2022-04-08 08:11:41,217 - processing started: 753_275 
2022-04-08 08:11:41,324 - processing completed: 753_275
2022-04-08 08:11:41,330 - processing started: 755_276 
2022-04-08 08:11:41,508 - processing completed: 755_276
2022-04-08 08:11:41,513 - processing started: 757_276 
2022-04-08 08:11:41,618 - processing completed: 757_276
2022-04-08 08:11:41,624 - processing started: 759_277 
2022-04-08 08:11:41,823 - processing completed: 759_277
2022-04-08 08:11:41,827 - processing started: 761_278 
2022-04-08 08:11:41,946 - processing completed: 761_278
2022-04-08 08:11:41,952 - processing started: 763_279 
2022-04-08 08:11:42,139 - processing completed: 763_279
2022-04-08 08:11:42,144 - processing started: 765_280 
2022-04-08 08:11:42,235 - processing completed: 765_280
2022-04-08 08:11:42,239 - processing started: 767_280 
2022-04-08 08:11:42,418 - processing completed: 767_280
2022-04-08 08:11:42,423 - processing started: 769_281 
2022-04-08 08:11:42,541 - processing completed: 769_281
2022-04-08 08:11:42,546 - processing started: 771_282 
2022-04-08 08:11:42,711 - processing completed: 771_282
2022-04-08 08:11:42,716 - processing started: 773_283 
2022-04-08 08:11:42,920 - processing completed: 773_283
2022-04-08 08:11:42,926 - processing started: 775_284 
2022-04-08 08:11:43,017 - processing completed: 775_284
2022-04-08 08:11:43,023 - processing started: 777_285 
2022-04-08 08:11:43,180 - processing completed: 777_285
2022-04-08 08:11:43,185 - processing started: 779_286 
2022-04-08 08:11:43,370 - processing completed: 779_286
2022-04-08 08:11:43,377 - processing started: 781_287 
2022-04-08 08:11:43,536 - processing completed: 781_287
2022-04-08 08:11:43,540 - processing started: 783_288 
2022-04-08 08:11:43,627 - processing completed: 783_288
2022-04-08 08:11:43,633 - processing started: 785_289 
2022-04-08 08:11:43,784 - processing completed: 785_289
2022-04-08 08:11:43,788 - processing started: 787_290 
2022-04-08 08:11:43,887 - processing completed: 787_290
2022-04-08 08:11:43,892 - processing started: 789_290 
2022-04-08 08:11:44,048 - processing completed: 789_290
2022-04-08 08:11:44,051 - processing started: 791_291 
2022-04-08 08:11:44,141 - processing completed: 791_291
2022-04-08 08:11:44,145 - processing started: 793_292 
2022-04-08 08:11:44,336 - processing completed: 793_292
2022-04-08 08:11:44,342 - processing started: 795_292 
2022-04-08 08:11:44,437 - processing completed: 795_292
2022-04-08 08:11:44,443 - processing started: 797_293 
2022-04-08 08:11:44,574 - processing completed: 797_293
2022-04-08 08:11:44,577 - processing started: 799_294 
2022-04-08 08:11:44,632 - processing completed: 799_294
2022-04-08 08:11:44,636 - processing started: 801_295 
2022-04-08 08:11:44,787 - processing completed: 801_295
2022-04-08 08:11:44,791 - processing started: 803_296 
2022-04-08 08:11:44,964 - processing completed: 803_296
2022-04-08 08:11:44,969 - processing started: 805_297 
2022-04-08 08:11:45,144 - processing completed: 805_297
2022-04-08 08:11:45,150 - processing started: 807_298 
2022-04-08 08:11:45,314 - processing completed: 807_298
2022-04-08 08:11:45,318 - processing started: 809_298 
2022-04-08 08:11:45,406 - processing completed: 809_298
2022-04-08 08:11:45,410 - processing started: 811_299 
2022-04-08 08:11:45,561 - processing completed: 811_299
2022-04-08 08:11:45,565 - processing started: 0_0 
2022-04-08 08:11:45,566 - Closing connection (200): Normal shutdown
2022-04-08 08:11:45,566 - Closing channel (200): 'Normal shutdown' on <Channel number=1 OPEN conn=<SelectConnection OPEN transport=<pika.adapters.utils.io_services_utils._AsyncPlaintextTransport object at 0x123c291c0> params=<ConnectionParameters host=localhost port=5672 virtual_host=/ ssl=False>>>
2022-04-08 08:11:45,567 - Received <Channel.CloseOk> on <Channel number=1 CLOSING conn=<SelectConnection OPEN transport=<pika.adapters.utils.io_services_utils._AsyncPlaintextTransport object at 0x123c291c0> params=<ConnectionParameters host=localhost port=5672 virtual_host=/ ssl=False>>>
2022-04-08 08:11:45,567 - Closing connection (200): 'Normal shutdown'
2022-04-08 08:11:45,568 - Aborting transport connection: state=1; <socket.socket fd=22, family=AddressFamily.AF_INET, type=SocketKind.SOCK_STREAM, proto=6, laddr=('127.0.0.1', 50405), raddr=('127.0.0.1', 5672)>
2022-04-08 08:11:45,568 - _AsyncTransportBase._initate_abort(): Initiating abrupt asynchronous transport shutdown: state=1; error=None; <socket.socket fd=22, family=AddressFamily.AF_INET, type=SocketKind.SOCK_STREAM, proto=6, laddr=('127.0.0.1', 50405), raddr=('127.0.0.1', 5672)>
2022-04-08 08:11:45,568 - Deactivating transport: state=1; <socket.socket fd=22, family=AddressFamily.AF_INET, type=SocketKind.SOCK_STREAM, proto=6, laddr=('127.0.0.1', 50405), raddr=('127.0.0.1', 5672)>
2022-04-08 08:11:45,569 - AMQP stack terminated, failed to connect, or aborted: opened=True, error-arg=None; pending-error=ConnectionClosedByClient: (200) 'Normal shutdown'
2022-04-08 08:11:45,569 - Stack terminated due to ConnectionClosedByClient: (200) 'Normal shutdown'
2022-04-08 08:11:45,569 - Closing transport socket and unlinking: state=3; <socket.socket fd=22, family=AddressFamily.AF_INET, type=SocketKind.SOCK_STREAM, proto=6, laddr=('127.0.0.1', 50405), raddr=('127.0.0.1', 5672)>
2022-04-08 08:11:45,570 - User-initiated close: result=BlockingConnection__OnClosedArgs(connection=<SelectConnection CLOSED transport=None params=<ConnectionParameters host=localhost port=5672 virtual_host=/ ssl=False>>, error=ConnectionClosedByClient: (200) 'Normal shutdown')
2022-04-08 08:11:45,570 - PID 52740 completed loading and processing
