2022-04-08 08:13:36,209 - PID 53429 started loading and processing
2022-04-08 08:13:36,215 - Pika version 1.2.0 connecting to ('::1', 5672, 0, 0)
2022-04-08 08:13:36,216 - Socket failed to connect: <socket.socket fd=22, family=AddressFamily.AF_INET6, type=SocketKind.SOCK_STREAM, proto=6, laddr=('::1', 50499, 0, 0)>; error=61 (Connection refused)
2022-04-08 08:13:36,216 - TCP Connection attempt failed: ConnectionRefusedError(61, 'Connection refused'); dest=(<AddressFamily.AF_INET6: 30>, <SocketKind.SOCK_STREAM: 1>, 6, '', ('::1', 5672, 0, 0))
2022-04-08 08:13:36,216 - AMQPConnector - reporting failure: AMQPConnectorSocketConnectError: ConnectionRefusedError(61, 'Connection refused')
2022-04-08 08:13:36,216 - Pika version 1.2.0 connecting to ('127.0.0.1', 5672)
2022-04-08 08:13:36,217 - Socket connected: <socket.socket fd=22, family=AddressFamily.AF_INET, type=SocketKind.SOCK_STREAM, proto=6, laddr=('127.0.0.1', 50500), raddr=('127.0.0.1', 5672)>
2022-04-08 08:13:36,217 - Streaming transport linked up: (<pika.adapters.utils.io_services_utils._AsyncPlaintextTransport object at 0x1224e31c0>, _StreamingProtocolShim: <SelectConnection PROTOCOL transport=<pika.adapters.utils.io_services_utils._AsyncPlaintextTransport object at 0x1224e31c0> params=<ConnectionParameters host=localhost port=5672 virtual_host=/ ssl=False>>).
2022-04-08 08:13:36,231 - AMQPConnector - reporting success: <SelectConnection OPEN transport=<pika.adapters.utils.io_services_utils._AsyncPlaintextTransport object at 0x1224e31c0> params=<ConnectionParameters host=localhost port=5672 virtual_host=/ ssl=False>>
2022-04-08 08:13:36,231 - AMQPConnectionWorkflow - reporting success: <SelectConnection OPEN transport=<pika.adapters.utils.io_services_utils._AsyncPlaintextTransport object at 0x1224e31c0> params=<ConnectionParameters host=localhost port=5672 virtual_host=/ ssl=False>>
2022-04-08 08:13:36,231 - Connection workflow succeeded: <SelectConnection OPEN transport=<pika.adapters.utils.io_services_utils._AsyncPlaintextTransport object at 0x1224e31c0> params=<ConnectionParameters host=localhost port=5672 virtual_host=/ ssl=False>>
2022-04-08 08:13:36,231 - Created channel=1
2022-04-08 08:13:36,233 - Logging before start consuming
2022-04-08 08:13:42,316 - processing started: 0_000 
2022-04-08 08:13:42,503 - processing completed: 0_000
2022-04-08 08:13:42,524 - processing started: 2_000 
2022-04-08 08:13:42,731 - processing completed: 2_000
2022-04-08 08:13:42,738 - processing started: 4_001 
2022-04-08 08:13:42,979 - processing completed: 4_001
2022-04-08 08:13:42,986 - processing started: 6_002 
2022-04-08 08:13:43,166 - processing completed: 6_002
2022-04-08 08:13:43,171 - processing started: 8_003 
2022-04-08 08:13:43,399 - processing completed: 8_003
2022-04-08 08:13:43,405 - processing started: 10_004 
2022-04-08 08:13:43,589 - processing completed: 10_004
2022-04-08 08:13:43,594 - processing started: 12_005 
2022-04-08 08:13:43,824 - processing completed: 12_005
2022-04-08 08:13:43,830 - processing started: 14_005 
2022-04-08 08:13:44,013 - processing completed: 14_005
2022-04-08 08:13:44,020 - processing started: 16_006 
2022-04-08 08:13:44,278 - processing completed: 16_006
2022-04-08 08:13:44,284 - processing started: 18_007 
2022-04-08 08:13:44,477 - processing completed: 18_007
2022-04-08 08:13:44,483 - processing started: 20_008 
2022-04-08 08:13:44,712 - processing completed: 20_008
2022-04-08 08:13:44,717 - processing started: 22_009 
2022-04-08 08:13:44,909 - processing completed: 22_009
2022-04-08 08:13:44,915 - processing started: 24_009 
2022-04-08 08:13:45,164 - processing completed: 24_009
2022-04-08 08:13:45,170 - processing started: 26_010 
2022-04-08 08:13:45,400 - processing completed: 26_010
2022-04-08 08:13:45,408 - processing started: 28_011 
2022-04-08 08:13:45,718 - processing completed: 28_011
2022-04-08 08:13:45,727 - processing started: 30_012 
2022-04-08 08:13:45,818 - processing completed: 30_012
2022-04-08 08:13:45,821 - processing started: 32_013 
2022-04-08 08:13:46,059 - processing completed: 32_013
2022-04-08 08:13:46,064 - processing started: 34_014 
2022-04-08 08:13:46,248 - processing completed: 34_014
2022-04-08 08:13:46,252 - processing started: 36_014 
2022-04-08 08:13:46,379 - processing completed: 36_014
2022-04-08 08:13:46,386 - processing started: 38_015 
2022-04-08 08:13:46,578 - processing completed: 38_015
2022-04-08 08:13:46,581 - processing started: 40_015 
2022-04-08 08:13:46,697 - processing completed: 40_015
2022-04-08 08:13:46,701 - processing started: 42_015 
2022-04-08 08:13:46,912 - processing completed: 42_015
2022-04-08 08:13:46,917 - processing started: 44_016 
2022-04-08 08:13:47,050 - processing completed: 44_016
2022-04-08 08:13:47,056 - processing started: 46_017 
2022-04-08 08:13:47,286 - processing completed: 46_017
2022-04-08 08:13:47,293 - processing started: 48_018 
2022-04-08 08:13:47,451 - processing completed: 48_018
2022-04-08 08:13:47,458 - processing started: 50_019 
2022-04-08 08:13:47,716 - processing completed: 50_019
2022-04-08 08:13:47,721 - processing started: 52_020 
2022-04-08 08:13:47,888 - processing completed: 52_020
2022-04-08 08:13:47,896 - processing started: 54_021 
2022-04-08 08:13:48,142 - processing completed: 54_021
2022-04-08 08:13:48,148 - processing started: 56_022 
2022-04-08 08:13:48,366 - processing completed: 56_022
2022-04-08 08:13:48,373 - processing started: 58_022 
2022-04-08 08:13:48,637 - processing completed: 58_022
2022-04-08 08:13:48,644 - processing started: 60_023 
2022-04-08 08:13:48,779 - processing completed: 60_023
2022-04-08 08:13:48,784 - processing started: 62_023 
2022-04-08 08:13:48,993 - processing completed: 62_023
2022-04-08 08:13:48,998 - processing started: 64_024 
2022-04-08 08:13:49,205 - processing completed: 64_024
2022-04-08 08:13:49,209 - processing started: 66_025 
2022-04-08 08:13:49,379 - processing completed: 66_025
2022-04-08 08:13:49,385 - processing started: 68_026 
2022-04-08 08:13:49,631 - processing completed: 68_026
2022-04-08 08:13:49,637 - processing started: 70_027 
2022-04-08 08:13:49,769 - processing completed: 70_027
2022-04-08 08:13:49,774 - processing started: 72_028 
2022-04-08 08:13:49,971 - processing completed: 72_028
2022-04-08 08:13:49,977 - processing started: 74_028 
2022-04-08 08:13:50,110 - processing completed: 74_028
2022-04-08 08:13:50,114 - processing started: 76_029 
2022-04-08 08:13:50,318 - processing completed: 76_029
2022-04-08 08:13:50,323 - processing started: 78_030 
2022-04-08 08:13:50,462 - processing completed: 78_030
2022-04-08 08:13:50,467 - processing started: 80_031 
2022-04-08 08:13:50,684 - processing completed: 80_031
2022-04-08 08:13:50,690 - processing started: 82_031 
2022-04-08 08:13:50,823 - processing completed: 82_031
2022-04-08 08:13:50,827 - processing started: 84_032 
2022-04-08 08:13:51,073 - processing completed: 84_032
2022-04-08 08:13:51,079 - processing started: 86_032 
2022-04-08 08:13:51,288 - processing completed: 86_032
2022-04-08 08:13:51,294 - processing started: 88_033 
2022-04-08 08:13:51,485 - processing completed: 88_033
2022-04-08 08:13:51,490 - processing started: 90_033 
2022-04-08 08:13:51,603 - processing completed: 90_033
2022-04-08 08:13:51,608 - processing started: 92_033 
2022-04-08 08:13:51,796 - processing completed: 92_033
2022-04-08 08:13:51,802 - processing started: 94_034 
2022-04-08 08:13:51,989 - processing completed: 94_034
2022-04-08 08:13:51,994 - processing started: 96_035 
2022-04-08 08:13:52,104 - processing completed: 96_035
2022-04-08 08:13:52,109 - processing started: 98_035 
2022-04-08 08:13:52,293 - processing completed: 98_035
2022-04-08 08:13:52,296 - processing started: 100_036 
2022-04-08 08:13:52,406 - processing completed: 100_036
2022-04-08 08:13:52,411 - processing started: 102_037 
2022-04-08 08:13:52,593 - processing completed: 102_037
2022-04-08 08:13:52,598 - processing started: 104_038 
2022-04-08 08:13:52,713 - processing completed: 104_038
2022-04-08 08:13:52,717 - processing started: 106_039 
2022-04-08 08:13:52,899 - processing completed: 106_039
2022-04-08 08:13:52,903 - processing started: 108_039 
2022-04-08 08:13:53,021 - processing completed: 108_039
2022-04-08 08:13:53,025 - processing started: 110_040 
2022-04-08 08:13:53,208 - processing completed: 110_040
2022-04-08 08:13:53,214 - processing started: 112_040 
2022-04-08 08:13:53,361 - processing completed: 112_040
2022-04-08 08:13:53,365 - processing started: 114_040 
2022-04-08 08:13:53,566 - processing completed: 114_040
2022-04-08 08:13:53,571 - processing started: 116_041 
2022-04-08 08:13:53,704 - processing completed: 116_041
2022-04-08 08:13:53,708 - processing started: 118_042 
2022-04-08 08:13:53,894 - processing completed: 118_042
2022-04-08 08:13:53,899 - processing started: 120_042 
2022-04-08 08:13:54,016 - processing completed: 120_042
2022-04-08 08:13:54,021 - processing started: 122_043 
2022-04-08 08:13:54,191 - processing completed: 122_043
2022-04-08 08:13:54,195 - processing started: 124_044 
2022-04-08 08:13:54,383 - processing completed: 124_044
2022-04-08 08:13:54,387 - processing started: 126_044 
2022-04-08 08:13:54,496 - processing completed: 126_044
2022-04-08 08:13:54,501 - processing started: 128_045 
2022-04-08 08:13:54,675 - processing completed: 128_045
2022-04-08 08:13:54,680 - processing started: 130_046 
2022-04-08 08:13:54,792 - processing completed: 130_046
2022-04-08 08:13:54,797 - processing started: 132_047 
2022-04-08 08:13:54,980 - processing completed: 132_047
2022-04-08 08:13:54,985 - processing started: 134_048 
2022-04-08 08:13:55,095 - processing completed: 134_048
2022-04-08 08:13:55,099 - processing started: 136_048 
2022-04-08 08:13:55,275 - processing completed: 136_048
2022-04-08 08:13:55,280 - processing started: 138_049 
2022-04-08 08:13:55,430 - processing completed: 138_049
2022-04-08 08:13:55,435 - processing started: 140_050 
2022-04-08 08:13:55,634 - processing completed: 140_050
2022-04-08 08:13:55,639 - processing started: 142_050 
2022-04-08 08:13:55,763 - processing completed: 142_050
2022-04-08 08:13:55,767 - processing started: 144_051 
2022-04-08 08:13:55,943 - processing completed: 144_051
2022-04-08 08:13:55,948 - processing started: 146_051 
2022-04-08 08:13:56,067 - processing completed: 146_051
2022-04-08 08:13:56,071 - processing started: 148_052 
2022-04-08 08:13:56,250 - processing completed: 148_052
2022-04-08 08:13:56,255 - processing started: 150_053 
2022-04-08 08:13:56,384 - processing completed: 150_053
2022-04-08 08:13:56,389 - processing started: 152_054 
2022-04-08 08:13:56,598 - processing completed: 152_054
2022-04-08 08:13:56,603 - processing started: 154_055 
2022-04-08 08:13:56,796 - processing completed: 154_055
2022-04-08 08:13:56,801 - processing started: 156_056 
2022-04-08 08:13:56,929 - processing completed: 156_056
2022-04-08 08:13:56,933 - processing started: 158_057 
2022-04-08 08:13:57,133 - processing completed: 158_057
2022-04-08 08:13:57,139 - processing started: 160_058 
2022-04-08 08:13:57,337 - processing completed: 160_058
2022-04-08 08:13:57,344 - processing started: 162_058 
2022-04-08 08:13:57,624 - processing completed: 162_058
2022-04-08 08:13:57,630 - processing started: 164_059 
2022-04-08 08:13:57,752 - processing completed: 164_059
2022-04-08 08:13:57,758 - processing started: 166_060 
2022-04-08 08:13:57,932 - processing completed: 166_060
2022-04-08 08:13:57,937 - processing started: 168_061 
2022-04-08 08:13:58,049 - processing completed: 168_061
2022-04-08 08:13:58,053 - processing started: 170_062 
2022-04-08 08:13:58,227 - processing completed: 170_062
2022-04-08 08:13:58,231 - processing started: 172_062 
2022-04-08 08:13:58,349 - processing completed: 172_062
2022-04-08 08:13:58,353 - processing started: 174_063 
2022-04-08 08:13:58,631 - processing completed: 174_063
2022-04-08 08:13:58,637 - processing started: 176_064 
2022-04-08 08:13:58,850 - processing completed: 176_064
2022-04-08 08:13:58,857 - processing started: 178_064 
2022-04-08 08:13:59,141 - processing completed: 178_064
2022-04-08 08:13:59,148 - processing started: 180_065 
2022-04-08 08:13:59,421 - processing completed: 180_065
2022-04-08 08:13:59,427 - processing started: 182_066 
2022-04-08 08:13:59,624 - processing completed: 182_066
2022-04-08 08:13:59,630 - processing started: 184_066 
2022-04-08 08:13:59,896 - processing completed: 184_066
2022-04-08 08:13:59,902 - processing started: 186_066 
2022-04-08 08:14:00,076 - processing completed: 186_066
2022-04-08 08:14:00,081 - processing started: 188_067 
2022-04-08 08:14:00,187 - processing completed: 188_067
2022-04-08 08:14:00,190 - processing started: 190_067 
2022-04-08 08:14:00,319 - processing completed: 190_067
2022-04-08 08:14:00,324 - processing started: 192_067 
2022-04-08 08:14:00,572 - processing completed: 192_067
2022-04-08 08:14:00,579 - processing started: 194_068 
2022-04-08 08:14:00,700 - processing completed: 194_068
2022-04-08 08:14:00,704 - processing started: 196_069 
2022-04-08 08:14:00,911 - processing completed: 196_069
2022-04-08 08:14:00,916 - processing started: 198_069 
2022-04-08 08:14:01,045 - processing completed: 198_069
2022-04-08 08:14:01,050 - processing started: 200_070 
2022-04-08 08:14:01,157 - processing completed: 200_070
2022-04-08 08:14:01,160 - processing started: 202_071 
2022-04-08 08:14:01,356 - processing completed: 202_071
2022-04-08 08:14:01,362 - processing started: 204_072 
2022-04-08 08:14:01,625 - processing completed: 204_072
2022-04-08 08:14:01,630 - processing started: 206_072 
2022-04-08 08:14:01,844 - processing completed: 206_072
2022-04-08 08:14:01,852 - processing started: 208_073 
2022-04-08 08:14:02,103 - processing completed: 208_073
2022-04-08 08:14:02,109 - processing started: 210_074 
2022-04-08 08:14:02,360 - processing completed: 210_074
2022-04-08 08:14:02,366 - processing started: 212_075 
2022-04-08 08:14:02,551 - processing completed: 212_075
2022-04-08 08:14:02,557 - processing started: 214_076 
2022-04-08 08:14:02,808 - processing completed: 214_076
2022-04-08 08:14:02,815 - processing started: 216_077 
2022-04-08 08:14:03,004 - processing completed: 216_077
2022-04-08 08:14:03,010 - processing started: 218_078 
2022-04-08 08:14:03,249 - processing completed: 218_078
2022-04-08 08:14:03,254 - processing started: 220_079 
2022-04-08 08:14:03,442 - processing completed: 220_079
2022-04-08 08:14:03,448 - processing started: 222_079 
2022-04-08 08:14:03,701 - processing completed: 222_079
2022-04-08 08:14:03,707 - processing started: 224_080 
2022-04-08 08:14:03,796 - processing completed: 224_080
2022-04-08 08:14:03,800 - processing started: 226_081 
2022-04-08 08:14:04,004 - processing completed: 226_081
2022-04-08 08:14:04,010 - processing started: 228_081 
2022-04-08 08:14:04,152 - processing completed: 228_081
2022-04-08 08:14:04,157 - processing started: 230_081 
2022-04-08 08:14:04,340 - processing completed: 230_081
2022-04-08 08:14:04,345 - processing started: 232_082 
2022-04-08 08:14:04,477 - processing completed: 232_082
2022-04-08 08:14:04,482 - processing started: 234_082 
2022-04-08 08:14:04,663 - processing completed: 234_082
2022-04-08 08:14:04,667 - processing started: 236_083 
2022-04-08 08:14:04,792 - processing completed: 236_083
2022-04-08 08:14:04,797 - processing started: 238_084 
2022-04-08 08:14:04,991 - processing completed: 238_084
2022-04-08 08:14:04,997 - processing started: 240_085 
2022-04-08 08:14:05,186 - processing completed: 240_085
2022-04-08 08:14:05,191 - processing started: 242_086 
2022-04-08 08:14:05,332 - processing completed: 242_086
2022-04-08 08:14:05,337 - processing started: 244_087 
2022-04-08 08:14:05,530 - processing completed: 244_087
2022-04-08 08:14:05,535 - processing started: 246_088 
2022-04-08 08:14:05,661 - processing completed: 246_088
2022-04-08 08:14:05,666 - processing started: 248_088 
2022-04-08 08:14:05,863 - processing completed: 248_088
2022-04-08 08:14:05,868 - processing started: 250_089 
2022-04-08 08:14:05,955 - processing completed: 250_089
2022-04-08 08:14:05,958 - processing started: 252_090 
2022-04-08 08:14:06,117 - processing completed: 252_090
2022-04-08 08:14:06,121 - processing started: 254_091 
2022-04-08 08:14:06,203 - processing completed: 254_091
2022-04-08 08:14:06,206 - processing started: 256_092 
2022-04-08 08:14:06,385 - processing completed: 256_092
2022-04-08 08:14:06,389 - processing started: 258_093 
2022-04-08 08:14:06,514 - processing completed: 258_093
2022-04-08 08:14:06,519 - processing started: 260_094 
2022-04-08 08:14:06,709 - processing completed: 260_094
2022-04-08 08:14:06,715 - processing started: 262_094 
2022-04-08 08:14:06,821 - processing completed: 262_094
2022-04-08 08:14:06,826 - processing started: 264_095 
2022-04-08 08:14:07,004 - processing completed: 264_095
2022-04-08 08:14:07,009 - processing started: 266_096 
2022-04-08 08:14:07,127 - processing completed: 266_096
2022-04-08 08:14:07,132 - processing started: 268_097 
2022-04-08 08:14:07,338 - processing completed: 268_097
2022-04-08 08:14:07,343 - processing started: 270_098 
2022-04-08 08:14:07,530 - processing completed: 270_098
2022-04-08 08:14:07,534 - processing started: 272_099 
2022-04-08 08:14:07,624 - processing completed: 272_099
2022-04-08 08:14:07,628 - processing started: 274_100 
2022-04-08 08:14:07,837 - processing completed: 274_100
2022-04-08 08:14:07,842 - processing started: 276_101 
2022-04-08 08:14:07,938 - processing completed: 276_101
2022-04-08 08:14:07,942 - processing started: 278_102 
2022-04-08 08:14:08,108 - processing completed: 278_102
2022-04-08 08:14:08,112 - processing started: 280_103 
2022-04-08 08:14:08,195 - processing completed: 280_103
2022-04-08 08:14:08,201 - processing started: 282_103 
2022-04-08 08:14:08,400 - processing completed: 282_103
2022-04-08 08:14:08,405 - processing started: 284_104 
2022-04-08 08:14:08,509 - processing completed: 284_104
2022-04-08 08:14:08,514 - processing started: 286_105 
2022-04-08 08:14:08,687 - processing completed: 286_105
2022-04-08 08:14:08,691 - processing started: 288_106 
2022-04-08 08:14:08,782 - processing completed: 288_106
2022-04-08 08:14:08,788 - processing started: 290_107 
2022-04-08 08:14:08,946 - processing completed: 290_107
2022-04-08 08:14:08,951 - processing started: 292_108 
2022-04-08 08:14:09,036 - processing completed: 292_108
2022-04-08 08:14:09,041 - processing started: 294_108 
2022-04-08 08:14:09,194 - processing completed: 294_108
2022-04-08 08:14:09,198 - processing started: 296_109 
2022-04-08 08:14:09,284 - processing completed: 296_109
2022-04-08 08:14:09,289 - processing started: 298_110 
2022-04-08 08:14:09,448 - processing completed: 298_110
2022-04-08 08:14:09,453 - processing started: 300_111 
2022-04-08 08:14:09,618 - processing completed: 300_111
2022-04-08 08:14:09,623 - processing started: 302_112 
2022-04-08 08:14:09,713 - processing completed: 302_112
2022-04-08 08:14:09,717 - processing started: 304_113 
2022-04-08 08:14:09,870 - processing completed: 304_113
2022-04-08 08:14:09,874 - processing started: 306_114 
2022-04-08 08:14:10,014 - processing completed: 306_114
2022-04-08 08:14:10,019 - processing started: 308_115 
2022-04-08 08:14:10,241 - processing completed: 308_115
2022-04-08 08:14:10,249 - processing started: 310_116 
2022-04-08 08:14:10,407 - processing completed: 310_116
2022-04-08 08:14:10,415 - processing started: 312_117 
2022-04-08 08:14:10,639 - processing completed: 312_117
2022-04-08 08:14:10,646 - processing started: 314_117 
2022-04-08 08:14:10,781 - processing completed: 314_117
2022-04-08 08:14:10,787 - processing started: 316_118 
2022-04-08 08:14:11,017 - processing completed: 316_118
2022-04-08 08:14:11,023 - processing started: 318_119 
2022-04-08 08:14:11,163 - processing completed: 318_119
2022-04-08 08:14:11,169 - processing started: 320_120 
2022-04-08 08:14:11,338 - processing completed: 320_120
2022-04-08 08:14:11,343 - processing started: 322_120 
2022-04-08 08:14:11,453 - processing completed: 322_120
2022-04-08 08:14:11,458 - processing started: 324_121 
2022-04-08 08:14:11,680 - processing completed: 324_121
2022-04-08 08:14:11,686 - processing started: 326_122 
2022-04-08 08:14:11,823 - processing completed: 326_122
2022-04-08 08:14:11,828 - processing started: 328_123 
2022-04-08 08:14:12,069 - processing completed: 328_123
2022-04-08 08:14:12,076 - processing started: 330_123 
2022-04-08 08:14:12,281 - processing completed: 330_123
2022-04-08 08:14:12,287 - processing started: 332_124 
2022-04-08 08:14:12,428 - processing completed: 332_124
2022-04-08 08:14:12,437 - processing started: 334_124 
2022-04-08 08:14:12,658 - processing completed: 334_124
2022-04-08 08:14:12,664 - processing started: 336_124 
2022-04-08 08:14:12,800 - processing completed: 336_124
2022-04-08 08:14:12,806 - processing started: 338_124 
2022-04-08 08:14:13,005 - processing completed: 338_124
2022-04-08 08:14:13,010 - processing started: 340_125 
2022-04-08 08:14:13,143 - processing completed: 340_125
2022-04-08 08:14:13,149 - processing started: 342_126 
2022-04-08 08:14:13,347 - processing completed: 342_126
2022-04-08 08:14:13,352 - processing started: 344_126 
2022-04-08 08:14:13,488 - processing completed: 344_126
2022-04-08 08:14:13,493 - processing started: 346_127 
2022-04-08 08:14:13,707 - processing completed: 346_127
2022-04-08 08:14:13,714 - processing started: 348_128 
2022-04-08 08:14:13,846 - processing completed: 348_128
2022-04-08 08:14:13,851 - processing started: 350_129 
2022-04-08 08:14:14,054 - processing completed: 350_129
2022-04-08 08:14:14,059 - processing started: 352_130 
2022-04-08 08:14:14,191 - processing completed: 352_130
2022-04-08 08:14:14,196 - processing started: 354_131 
2022-04-08 08:14:14,387 - processing completed: 354_131
2022-04-08 08:14:14,393 - processing started: 356_132 
2022-04-08 08:14:14,529 - processing completed: 356_132
2022-04-08 08:14:14,533 - processing started: 358_133 
2022-04-08 08:14:14,738 - processing completed: 358_133
2022-04-08 08:14:14,744 - processing started: 360_134 
2022-04-08 08:14:14,940 - processing completed: 360_134
2022-04-08 08:14:14,944 - processing started: 362_134 
2022-04-08 08:14:15,066 - processing completed: 362_134
2022-04-08 08:14:15,071 - processing started: 364_134 
2022-04-08 08:14:15,258 - processing completed: 364_134
2022-04-08 08:14:15,263 - processing started: 366_135 
2022-04-08 08:14:15,385 - processing completed: 366_135
2022-04-08 08:14:15,391 - processing started: 368_136 
2022-04-08 08:14:15,579 - processing completed: 368_136
2022-04-08 08:14:15,585 - processing started: 370_137 
2022-04-08 08:14:15,710 - processing completed: 370_137
2022-04-08 08:14:15,715 - processing started: 372_138 
2022-04-08 08:14:15,920 - processing completed: 372_138
2022-04-08 08:14:15,925 - processing started: 374_139 
2022-04-08 08:14:16,065 - processing completed: 374_139
2022-04-08 08:14:16,072 - processing started: 376_140 
2022-04-08 08:14:16,289 - processing completed: 376_140
2022-04-08 08:14:16,295 - processing started: 378_140 
2022-04-08 08:14:16,430 - processing completed: 378_140
2022-04-08 08:14:16,435 - processing started: 380_141 
2022-04-08 08:14:16,648 - processing completed: 380_141
2022-04-08 08:14:16,654 - processing started: 382_142 
2022-04-08 08:14:16,783 - processing completed: 382_142
2022-04-08 08:14:16,789 - processing started: 384_143 
2022-04-08 08:14:16,999 - processing completed: 384_143
2022-04-08 08:14:17,004 - processing started: 386_144 
2022-04-08 08:14:17,128 - processing completed: 386_144
2022-04-08 08:14:17,132 - processing started: 388_145 
2022-04-08 08:14:17,317 - processing completed: 388_145
2022-04-08 08:14:17,323 - processing started: 390_145 
2022-04-08 08:14:17,514 - processing completed: 390_145
2022-04-08 08:14:17,518 - processing started: 392_145 
2022-04-08 08:14:17,644 - processing completed: 392_145
2022-04-08 08:14:17,649 - processing started: 394_146 
2022-04-08 08:14:17,840 - processing completed: 394_146
2022-04-08 08:14:17,845 - processing started: 396_147 
2022-04-08 08:14:17,983 - processing completed: 396_147
2022-04-08 08:14:17,990 - processing started: 398_147 
2022-04-08 08:14:18,231 - processing completed: 398_147
2022-04-08 08:14:18,236 - processing started: 400_148 
2022-04-08 08:14:18,366 - processing completed: 400_148
2022-04-08 08:14:18,372 - processing started: 402_149 
2022-04-08 08:14:18,573 - processing completed: 402_149
2022-04-08 08:14:18,578 - processing started: 404_149 
2022-04-08 08:14:18,713 - processing completed: 404_149
2022-04-08 08:14:18,718 - processing started: 406_150 
2022-04-08 08:14:18,919 - processing completed: 406_150
2022-04-08 08:14:18,926 - processing started: 408_151 
2022-04-08 08:14:19,054 - processing completed: 408_151
2022-04-08 08:14:19,059 - processing started: 410_152 
2022-04-08 08:14:19,253 - processing completed: 410_152
2022-04-08 08:14:19,257 - processing started: 412_153 
2022-04-08 08:14:19,378 - processing completed: 412_153
2022-04-08 08:14:19,382 - processing started: 414_154 
2022-04-08 08:14:19,569 - processing completed: 414_154
2022-04-08 08:14:19,573 - processing started: 416_155 
2022-04-08 08:14:19,703 - processing completed: 416_155
2022-04-08 08:14:19,707 - processing started: 418_156 
2022-04-08 08:14:19,904 - processing completed: 418_156
2022-04-08 08:14:19,909 - processing started: 420_157 
2022-04-08 08:14:20,113 - processing completed: 420_157
2022-04-08 08:14:20,117 - processing started: 422_157 
2022-04-08 08:14:20,265 - processing completed: 422_157
2022-04-08 08:14:20,272 - processing started: 424_158 
2022-04-08 08:14:20,488 - processing completed: 424_158
2022-04-08 08:14:20,495 - processing started: 426_159 
2022-04-08 08:14:20,628 - processing completed: 426_159
2022-04-08 08:14:20,634 - processing started: 428_160 
2022-04-08 08:14:20,843 - processing completed: 428_160
2022-04-08 08:14:20,851 - processing started: 430_160 
2022-04-08 08:14:20,990 - processing completed: 430_160
2022-04-08 08:14:20,995 - processing started: 432_161 
2022-04-08 08:14:21,187 - processing completed: 432_161
2022-04-08 08:14:21,193 - processing started: 434_162 
2022-04-08 08:14:21,350 - processing completed: 434_162
2022-04-08 08:14:21,355 - processing started: 436_163 
2022-04-08 08:14:21,551 - processing completed: 436_163
2022-04-08 08:14:21,556 - processing started: 438_164 
2022-04-08 08:14:21,683 - processing completed: 438_164
2022-04-08 08:14:21,687 - processing started: 440_165 
2022-04-08 08:14:21,878 - processing completed: 440_165
2022-04-08 08:14:21,884 - processing started: 442_166 
2022-04-08 08:14:22,010 - processing completed: 442_166
2022-04-08 08:14:22,016 - processing started: 444_167 
2022-04-08 08:14:22,208 - processing completed: 444_167
2022-04-08 08:14:22,213 - processing started: 446_167 
2022-04-08 08:14:22,452 - processing completed: 446_167
2022-04-08 08:14:22,457 - processing started: 448_168 
2022-04-08 08:14:22,587 - processing completed: 448_168
2022-04-08 08:14:22,592 - processing started: 450_168 
2022-04-08 08:14:22,791 - processing completed: 450_168
2022-04-08 08:14:22,796 - processing started: 452_169 
2022-04-08 08:14:22,931 - processing completed: 452_169
2022-04-08 08:14:22,937 - processing started: 454_170 
2022-04-08 08:14:23,139 - processing completed: 454_170
2022-04-08 08:14:23,146 - processing started: 456_171 
2022-04-08 08:14:23,276 - processing completed: 456_171
2022-04-08 08:14:23,281 - processing started: 458_171 
2022-04-08 08:14:23,475 - processing completed: 458_171
2022-04-08 08:14:23,481 - processing started: 460_172 
2022-04-08 08:14:23,600 - processing completed: 460_172
2022-04-08 08:14:23,605 - processing started: 462_173 
2022-04-08 08:14:23,803 - processing completed: 462_173
2022-04-08 08:14:23,808 - processing started: 464_174 
2022-04-08 08:14:23,936 - processing completed: 464_174
2022-04-08 08:14:23,941 - processing started: 466_174 
2022-04-08 08:14:24,137 - processing completed: 466_174
2022-04-08 08:14:24,141 - processing started: 468_175 
2022-04-08 08:14:24,272 - processing completed: 468_175
2022-04-08 08:14:24,277 - processing started: 470_176 
2022-04-08 08:14:24,490 - processing completed: 470_176
2022-04-08 08:14:24,497 - processing started: 472_177 
2022-04-08 08:14:24,665 - processing completed: 472_177
2022-04-08 08:14:24,672 - processing started: 474_178 
2022-04-08 08:14:24,868 - processing completed: 474_178
2022-04-08 08:14:24,872 - processing started: 476_178 
2022-04-08 08:14:25,088 - processing completed: 476_178
2022-04-08 08:14:25,092 - processing started: 478_179 
2022-04-08 08:14:25,221 - processing completed: 478_179
2022-04-08 08:14:25,227 - processing started: 480_180 
2022-04-08 08:14:25,425 - processing completed: 480_180
2022-04-08 08:14:25,430 - processing started: 482_180 
2022-04-08 08:14:25,566 - processing completed: 482_180
2022-04-08 08:14:25,570 - processing started: 484_181 
2022-04-08 08:14:25,770 - processing completed: 484_181
2022-04-08 08:14:25,775 - processing started: 486_182 
2022-04-08 08:14:25,904 - processing completed: 486_182
2022-04-08 08:14:25,910 - processing started: 488_183 
2022-04-08 08:14:26,104 - processing completed: 488_183
2022-04-08 08:14:26,109 - processing started: 490_183 
2022-04-08 08:14:26,244 - processing completed: 490_183
2022-04-08 08:14:26,249 - processing started: 492_184 
2022-04-08 08:14:26,460 - processing completed: 492_184
2022-04-08 08:14:26,465 - processing started: 494_184 
2022-04-08 08:14:26,612 - processing completed: 494_184
2022-04-08 08:14:26,619 - processing started: 496_185 
2022-04-08 08:14:26,839 - processing completed: 496_185
2022-04-08 08:14:26,845 - processing started: 498_186 
2022-04-08 08:14:26,979 - processing completed: 498_186
2022-04-08 08:14:26,985 - processing started: 500_187 
2022-04-08 08:14:27,190 - processing completed: 500_187
2022-04-08 08:14:27,195 - processing started: 502_188 
2022-04-08 08:14:27,326 - processing completed: 502_188
2022-04-08 08:14:27,332 - processing started: 504_188 
2022-04-08 08:14:27,525 - processing completed: 504_188
2022-04-08 08:14:27,531 - processing started: 506_189 
2022-04-08 08:14:27,712 - processing completed: 506_189
2022-04-08 08:14:27,716 - processing started: 508_190 
2022-04-08 08:14:27,849 - processing completed: 508_190
2022-04-08 08:14:27,854 - processing started: 510_191 
2022-04-08 08:14:28,049 - processing completed: 510_191
2022-04-08 08:14:28,053 - processing started: 512_192 
2022-04-08 08:14:28,181 - processing completed: 512_192
2022-04-08 08:14:28,187 - processing started: 514_192 
2022-04-08 08:14:28,382 - processing completed: 514_192
2022-04-08 08:14:28,388 - processing started: 516_193 
2022-04-08 08:14:28,515 - processing completed: 516_193
2022-04-08 08:14:28,520 - processing started: 518_194 
2022-04-08 08:14:28,736 - processing completed: 518_194
2022-04-08 08:14:28,744 - processing started: 520_195 
2022-04-08 08:14:28,905 - processing completed: 520_195
2022-04-08 08:14:28,911 - processing started: 522_196 
2022-04-08 08:14:29,106 - processing completed: 522_196
2022-04-08 08:14:29,111 - processing started: 524_196 
2022-04-08 08:14:29,247 - processing completed: 524_196
2022-04-08 08:14:29,254 - processing started: 526_196 
2022-04-08 08:14:29,457 - processing completed: 526_196
2022-04-08 08:14:29,462 - processing started: 528_197 
2022-04-08 08:14:29,594 - processing completed: 528_197
2022-04-08 08:14:29,599 - processing started: 530_197 
2022-04-08 08:14:29,787 - processing completed: 530_197
2022-04-08 08:14:29,791 - processing started: 532_198 
2022-04-08 08:14:29,928 - processing completed: 532_198
2022-04-08 08:14:29,933 - processing started: 534_199 
2022-04-08 08:14:30,117 - processing completed: 534_199
2022-04-08 08:14:30,121 - processing started: 536_200 
2022-04-08 08:14:30,316 - processing completed: 536_200
2022-04-08 08:14:30,321 - processing started: 538_201 
2022-04-08 08:14:30,450 - processing completed: 538_201
2022-04-08 08:14:30,456 - processing started: 540_202 
2022-04-08 08:14:30,650 - processing completed: 540_202
2022-04-08 08:14:30,656 - processing started: 542_203 
2022-04-08 08:14:30,801 - processing completed: 542_203
2022-04-08 08:14:30,808 - processing started: 544_204 
2022-04-08 08:14:31,039 - processing completed: 544_204
2022-04-08 08:14:31,045 - processing started: 546_205 
2022-04-08 08:14:31,170 - processing completed: 546_205
2022-04-08 08:14:31,175 - processing started: 548_206 
2022-04-08 08:14:31,383 - processing completed: 548_206
2022-04-08 08:14:31,388 - processing started: 550_207 
2022-04-08 08:14:31,546 - processing completed: 550_207
2022-04-08 08:14:31,551 - processing started: 552_207 
2022-04-08 08:14:31,743 - processing completed: 552_207
2022-04-08 08:14:31,747 - processing started: 554_208 
2022-04-08 08:14:31,870 - processing completed: 554_208
2022-04-08 08:14:31,875 - processing started: 556_209 
2022-04-08 08:14:32,090 - processing completed: 556_209
2022-04-08 08:14:32,096 - processing started: 558_210 
2022-04-08 08:14:32,221 - processing completed: 558_210
2022-04-08 08:14:32,226 - processing started: 560_211 
2022-04-08 08:14:32,417 - processing completed: 560_211
2022-04-08 08:14:32,422 - processing started: 562_212 
2022-04-08 08:14:32,551 - processing completed: 562_212
2022-04-08 08:14:32,556 - processing started: 564_213 
2022-04-08 08:14:32,744 - processing completed: 564_213
2022-04-08 08:14:32,748 - processing started: 566_214 
2022-04-08 08:14:32,964 - processing completed: 566_214
2022-04-08 08:14:32,970 - processing started: 568_214 
2022-04-08 08:14:33,114 - processing completed: 568_214
2022-04-08 08:14:33,121 - processing started: 570_214 
2022-04-08 08:14:33,316 - processing completed: 570_214
2022-04-08 08:14:33,321 - processing started: 572_215 
2022-04-08 08:14:33,454 - processing completed: 572_215
2022-04-08 08:14:33,460 - processing started: 574_216 
2022-04-08 08:14:33,663 - processing completed: 574_216
2022-04-08 08:14:33,668 - processing started: 576_217 
2022-04-08 08:14:33,793 - processing completed: 576_217
2022-04-08 08:14:33,798 - processing started: 578_218 
2022-04-08 08:14:33,994 - processing completed: 578_218
2022-04-08 08:14:33,999 - processing started: 580_219 
2022-04-08 08:14:34,120 - processing completed: 580_219
2022-04-08 08:14:34,126 - processing started: 582_220 
2022-04-08 08:14:34,327 - processing completed: 582_220
2022-04-08 08:14:34,332 - processing started: 584_221 
2022-04-08 08:14:34,460 - processing completed: 584_221
2022-04-08 08:14:34,465 - processing started: 586_221 
2022-04-08 08:14:34,660 - processing completed: 586_221
2022-04-08 08:14:34,665 - processing started: 588_222 
2022-04-08 08:14:34,794 - processing completed: 588_222
2022-04-08 08:14:34,800 - processing started: 590_222 
2022-04-08 08:14:35,014 - processing completed: 590_222
2022-04-08 08:14:35,021 - processing started: 592_223 
2022-04-08 08:14:35,128 - processing completed: 592_223
2022-04-08 08:14:35,133 - processing started: 594_224 
2022-04-08 08:14:35,365 - processing completed: 594_224
2022-04-08 08:14:35,370 - processing started: 596_224 
2022-04-08 08:14:35,608 - processing completed: 596_224
2022-04-08 08:14:35,613 - processing started: 598_225 
2022-04-08 08:14:35,717 - processing completed: 598_225
2022-04-08 08:14:35,721 - processing started: 600_225 
2022-04-08 08:14:35,895 - processing completed: 600_225
2022-04-08 08:14:35,899 - processing started: 602_226 
2022-04-08 08:14:36,008 - processing completed: 602_226
2022-04-08 08:14:36,012 - processing started: 604_226 
2022-04-08 08:14:36,188 - processing completed: 604_226
2022-04-08 08:14:36,192 - processing started: 606_227 
2022-04-08 08:14:36,336 - processing completed: 606_227
2022-04-08 08:14:36,340 - processing started: 608_227 
2022-04-08 08:14:36,536 - processing completed: 608_227
2022-04-08 08:14:36,540 - processing started: 610_227 
2022-04-08 08:14:36,663 - processing completed: 610_227
2022-04-08 08:14:36,668 - processing started: 612_227 
2022-04-08 08:14:36,903 - processing completed: 612_227
2022-04-08 08:14:36,909 - processing started: 614_227 
2022-04-08 08:14:37,020 - processing completed: 614_227
2022-04-08 08:14:37,026 - processing started: 616_228 
2022-04-08 08:14:37,215 - processing completed: 616_228
2022-04-08 08:14:37,218 - processing started: 618_229 
2022-04-08 08:14:37,341 - processing completed: 618_229
2022-04-08 08:14:37,347 - processing started: 620_230 
2022-04-08 08:14:37,546 - processing completed: 620_230
2022-04-08 08:14:37,553 - processing started: 622_230 
2022-04-08 08:14:37,663 - processing completed: 622_230
2022-04-08 08:14:37,668 - processing started: 624_231 
2022-04-08 08:14:37,837 - processing completed: 624_231
2022-04-08 08:14:37,841 - processing started: 626_232 
2022-04-08 08:14:38,011 - processing completed: 626_232
2022-04-08 08:14:38,016 - processing started: 628_232 
2022-04-08 08:14:38,117 - processing completed: 628_232
2022-04-08 08:14:38,123 - processing started: 630_232 
2022-04-08 08:14:38,294 - processing completed: 630_232
2022-04-08 08:14:38,298 - processing started: 632_233 
2022-04-08 08:14:38,404 - processing completed: 632_233
2022-04-08 08:14:38,411 - processing started: 634_234 
2022-04-08 08:14:38,588 - processing completed: 634_234
2022-04-08 08:14:38,593 - processing started: 636_234 
2022-04-08 08:14:38,693 - processing completed: 636_234
2022-04-08 08:14:38,698 - processing started: 638_235 
2022-04-08 08:14:38,903 - processing completed: 638_235
2022-04-08 08:14:38,908 - processing started: 640_236 
2022-04-08 08:14:39,068 - processing completed: 640_236
2022-04-08 08:14:39,074 - processing started: 642_236 
2022-04-08 08:14:39,282 - processing completed: 642_236
2022-04-08 08:14:39,286 - processing started: 644_237 
2022-04-08 08:14:39,445 - processing completed: 644_237
2022-04-08 08:14:39,451 - processing started: 646_238 
2022-04-08 08:14:39,715 - processing completed: 646_238
2022-04-08 08:14:39,722 - processing started: 648_239 
2022-04-08 08:14:39,859 - processing completed: 648_239
2022-04-08 08:14:39,863 - processing started: 650_240 
2022-04-08 08:14:40,068 - processing completed: 650_240
2022-04-08 08:14:40,073 - processing started: 652_240 
2022-04-08 08:14:40,212 - processing completed: 652_240
2022-04-08 08:14:40,218 - processing started: 654_241 
2022-04-08 08:14:40,415 - processing completed: 654_241
2022-04-08 08:14:40,420 - processing started: 656_242 
2022-04-08 08:14:40,629 - processing completed: 656_242
2022-04-08 08:14:40,635 - processing started: 658_243 
2022-04-08 08:14:40,785 - processing completed: 658_243
2022-04-08 08:14:40,791 - processing started: 660_243 
2022-04-08 08:14:41,020 - processing completed: 660_243
2022-04-08 08:14:41,025 - processing started: 662_244 
2022-04-08 08:14:41,126 - processing completed: 662_244
2022-04-08 08:14:41,131 - processing started: 664_245 
2022-04-08 08:14:41,282 - processing completed: 664_245
2022-04-08 08:14:41,285 - processing started: 666_246 
2022-04-08 08:14:41,372 - processing completed: 666_246
2022-04-08 08:14:41,376 - processing started: 668_247 
2022-04-08 08:14:41,553 - processing completed: 668_247
2022-04-08 08:14:41,560 - processing started: 670_248 
2022-04-08 08:14:41,649 - processing completed: 670_248
2022-04-08 08:14:41,653 - processing started: 672_248 
2022-04-08 08:14:41,834 - processing completed: 672_248
2022-04-08 08:14:41,839 - processing started: 674_249 
2022-04-08 08:14:41,924 - processing completed: 674_249
2022-04-08 08:14:41,928 - processing started: 676_250 
2022-04-08 08:14:42,082 - processing completed: 676_250
2022-04-08 08:14:42,085 - processing started: 678_251 
2022-04-08 08:14:42,171 - processing completed: 678_251
2022-04-08 08:14:42,175 - processing started: 680_252 
2022-04-08 08:14:42,323 - processing completed: 680_252
2022-04-08 08:14:42,329 - processing started: 682_252 
2022-04-08 08:14:42,411 - processing completed: 682_252
2022-04-08 08:14:42,414 - processing started: 684_253 
2022-04-08 08:14:42,586 - processing completed: 684_253
2022-04-08 08:14:42,591 - processing started: 686_254 
2022-04-08 08:14:42,770 - processing completed: 686_254
2022-04-08 08:14:42,775 - processing started: 688_255 
2022-04-08 08:14:42,894 - processing completed: 688_255
2022-04-08 08:14:42,899 - processing started: 690_256 
2022-04-08 08:14:43,090 - processing completed: 690_256
2022-04-08 08:14:43,095 - processing started: 692_257 
2022-04-08 08:14:43,235 - processing completed: 692_257
2022-04-08 08:14:43,240 - processing started: 694_257 
2022-04-08 08:14:43,434 - processing completed: 694_257
2022-04-08 08:14:43,439 - processing started: 696_258 
2022-04-08 08:14:43,558 - processing completed: 696_258
2022-04-08 08:14:43,562 - processing started: 698_258 
2022-04-08 08:14:43,737 - processing completed: 698_258
2022-04-08 08:14:43,743 - processing started: 700_259 
2022-04-08 08:14:43,843 - processing completed: 700_259
2022-04-08 08:14:43,848 - processing started: 702_260 
2022-04-08 08:14:44,059 - processing completed: 702_260
2022-04-08 08:14:44,063 - processing started: 704_261 
2022-04-08 08:14:44,182 - processing completed: 704_261
2022-04-08 08:14:44,187 - processing started: 706_261 
2022-04-08 08:14:44,380 - processing completed: 706_261
2022-04-08 08:14:44,385 - processing started: 708_262 
2022-04-08 08:14:44,496 - processing completed: 708_262
2022-04-08 08:14:44,499 - processing started: 710_263 
2022-04-08 08:14:44,675 - processing completed: 710_263
2022-04-08 08:14:44,680 - processing started: 712_264 
2022-04-08 08:14:44,871 - processing completed: 712_264
2022-04-08 08:14:44,877 - processing started: 714_264 
2022-04-08 08:14:45,015 - processing completed: 714_264
2022-04-08 08:14:45,020 - processing started: 716_265 
2022-04-08 08:14:45,220 - processing completed: 716_265
2022-04-08 08:14:45,225 - processing started: 718_266 
2022-04-08 08:14:45,338 - processing completed: 718_266
2022-04-08 08:14:45,345 - processing started: 720_267 
2022-04-08 08:14:45,526 - processing completed: 720_267
2022-04-08 08:14:45,530 - processing started: 722_267 
2022-04-08 08:14:45,638 - processing completed: 722_267
2022-04-08 08:14:45,642 - processing started: 724_267 
2022-04-08 08:14:45,812 - processing completed: 724_267
2022-04-08 08:14:45,818 - processing started: 726_268 
2022-04-08 08:14:45,934 - processing completed: 726_268
2022-04-08 08:14:45,940 - processing started: 728_268 
2022-04-08 08:14:46,132 - processing completed: 728_268
2022-04-08 08:14:46,137 - processing started: 730_268 
2022-04-08 08:14:46,248 - processing completed: 730_268
2022-04-08 08:14:46,253 - processing started: 732_268 
2022-04-08 08:14:46,436 - processing completed: 732_268
2022-04-08 08:14:46,442 - processing started: 734_268 
2022-04-08 08:14:46,549 - processing completed: 734_268
2022-04-08 08:14:46,553 - processing started: 736_269 
2022-04-08 08:14:46,727 - processing completed: 736_269
2022-04-08 08:14:46,733 - processing started: 738_270 
2022-04-08 08:14:46,883 - processing completed: 738_270
2022-04-08 08:14:46,888 - processing started: 740_271 
2022-04-08 08:14:47,134 - processing completed: 740_271
2022-04-08 08:14:47,140 - processing started: 742_272 
2022-04-08 08:14:47,318 - processing completed: 742_272
2022-04-08 08:14:47,322 - processing started: 744_272 
2022-04-08 08:14:47,430 - processing completed: 744_272
2022-04-08 08:14:47,435 - processing started: 746_273 
2022-04-08 08:14:47,609 - processing completed: 746_273
2022-04-08 08:14:47,615 - processing started: 748_274 
2022-04-08 08:14:47,718 - processing completed: 748_274
2022-04-08 08:14:47,724 - processing started: 750_274 
2022-04-08 08:14:47,890 - processing completed: 750_274
2022-04-08 08:14:47,896 - processing started: 752_275 
2022-04-08 08:14:48,003 - processing completed: 752_275
2022-04-08 08:14:48,008 - processing started: 754_275 
2022-04-08 08:14:48,201 - processing completed: 754_275
2022-04-08 08:14:48,206 - processing started: 756_276 
2022-04-08 08:14:48,313 - processing completed: 756_276
2022-04-08 08:14:48,317 - processing started: 758_277 
2022-04-08 08:14:48,535 - processing completed: 758_277
2022-04-08 08:14:48,540 - processing started: 760_278 
2022-04-08 08:14:48,704 - processing completed: 760_278
2022-04-08 08:14:48,709 - processing started: 762_278 
2022-04-08 08:14:48,920 - processing completed: 762_278
2022-04-08 08:14:48,927 - processing started: 764_279 
2022-04-08 08:14:49,044 - processing completed: 764_279
2022-04-08 08:14:49,049 - processing started: 766_280 
2022-04-08 08:14:49,233 - processing completed: 766_280
2022-04-08 08:14:49,238 - processing started: 768_281 
2022-04-08 08:14:49,336 - processing completed: 768_281
2022-04-08 08:14:49,340 - processing started: 770_282 
2022-04-08 08:14:49,502 - processing completed: 770_282
2022-04-08 08:14:49,506 - processing started: 772_283 
2022-04-08 08:14:49,677 - processing completed: 772_283
2022-04-08 08:14:49,682 - processing started: 774_284 
2022-04-08 08:14:49,771 - processing completed: 774_284
2022-04-08 08:14:49,776 - processing started: 776_285 
2022-04-08 08:14:49,937 - processing completed: 776_285
2022-04-08 08:14:49,941 - processing started: 778_285 
2022-04-08 08:14:50,037 - processing completed: 778_285
2022-04-08 08:14:50,041 - processing started: 780_286 
2022-04-08 08:14:50,308 - processing completed: 780_286
2022-04-08 08:14:50,316 - processing started: 782_287 
2022-04-08 08:14:50,436 - processing completed: 782_287
2022-04-08 08:14:50,441 - processing started: 784_288 
2022-04-08 08:14:50,632 - processing completed: 784_288
2022-04-08 08:14:50,636 - processing started: 786_289 
2022-04-08 08:14:50,735 - processing completed: 786_289
2022-04-08 08:14:50,741 - processing started: 788_290 
2022-04-08 08:14:50,919 - processing completed: 788_290
2022-04-08 08:14:50,924 - processing started: 790_290 
2022-04-08 08:14:51,016 - processing completed: 790_290
2022-04-08 08:14:51,020 - processing started: 792_291 
2022-04-08 08:14:51,177 - processing completed: 792_291
2022-04-08 08:14:51,180 - processing started: 794_292 
2022-04-08 08:14:51,267 - processing completed: 794_292
2022-04-08 08:14:51,273 - processing started: 796_293 
2022-04-08 08:14:51,391 - processing completed: 796_293
2022-04-08 08:14:51,394 - processing started: 798_294 
2022-04-08 08:14:51,453 - processing completed: 798_294
2022-04-08 08:14:51,457 - processing started: 800_295 
2022-04-08 08:14:51,619 - processing completed: 800_295
2022-04-08 08:14:51,624 - processing started: 802_296 
2022-04-08 08:14:51,788 - processing completed: 802_296
2022-04-08 08:14:51,792 - processing started: 804_296 
2022-04-08 08:14:51,883 - processing completed: 804_296
2022-04-08 08:14:51,888 - processing started: 806_297 
2022-04-08 08:14:52,141 - processing completed: 806_297
2022-04-08 08:14:52,147 - processing started: 808_298 
2022-04-08 08:14:52,233 - processing completed: 808_298
2022-04-08 08:14:52,237 - processing started: 810_299 
2022-04-08 08:14:52,384 - processing completed: 810_299
2022-04-08 08:14:52,388 - processing started: 0_0 
2022-04-08 08:14:52,389 - Closing connection (200): Normal shutdown
2022-04-08 08:14:52,389 - Closing channel (200): 'Normal shutdown' on <Channel number=1 OPEN conn=<SelectConnection OPEN transport=<pika.adapters.utils.io_services_utils._AsyncPlaintextTransport object at 0x1224e31c0> params=<ConnectionParameters host=localhost port=5672 virtual_host=/ ssl=False>>>
2022-04-08 08:14:52,390 - Received <Channel.CloseOk> on <Channel number=1 CLOSING conn=<SelectConnection OPEN transport=<pika.adapters.utils.io_services_utils._AsyncPlaintextTransport object at 0x1224e31c0> params=<ConnectionParameters host=localhost port=5672 virtual_host=/ ssl=False>>>
2022-04-08 08:14:52,390 - Closing connection (200): 'Normal shutdown'
2022-04-08 08:14:52,391 - Aborting transport connection: state=1; <socket.socket fd=22, family=AddressFamily.AF_INET, type=SocketKind.SOCK_STREAM, proto=6, laddr=('127.0.0.1', 50500), raddr=('127.0.0.1', 5672)>
2022-04-08 08:14:52,391 - _AsyncTransportBase._initate_abort(): Initiating abrupt asynchronous transport shutdown: state=1; error=None; <socket.socket fd=22, family=AddressFamily.AF_INET, type=SocketKind.SOCK_STREAM, proto=6, laddr=('127.0.0.1', 50500), raddr=('127.0.0.1', 5672)>
2022-04-08 08:14:52,391 - Deactivating transport: state=1; <socket.socket fd=22, family=AddressFamily.AF_INET, type=SocketKind.SOCK_STREAM, proto=6, laddr=('127.0.0.1', 50500), raddr=('127.0.0.1', 5672)>
2022-04-08 08:14:52,392 - AMQP stack terminated, failed to connect, or aborted: opened=True, error-arg=None; pending-error=ConnectionClosedByClient: (200) 'Normal shutdown'
2022-04-08 08:14:52,392 - Stack terminated due to ConnectionClosedByClient: (200) 'Normal shutdown'
2022-04-08 08:14:52,392 - Closing transport socket and unlinking: state=3; <socket.socket fd=22, family=AddressFamily.AF_INET, type=SocketKind.SOCK_STREAM, proto=6, laddr=('127.0.0.1', 50500), raddr=('127.0.0.1', 5672)>
2022-04-08 08:14:52,392 - User-initiated close: result=BlockingConnection__OnClosedArgs(connection=<SelectConnection CLOSED transport=None params=<ConnectionParameters host=localhost port=5672 virtual_host=/ ssl=False>>, error=ConnectionClosedByClient: (200) 'Normal shutdown')
2022-04-08 08:14:52,393 - PID 53429 completed loading and processing
