2022-04-08 08:13:41,599 - PID 53451 started feature extraction
2022-04-08 08:13:41,605 - Pika version 1.2.0 connecting to ('::1', 5672, 0, 0)
2022-04-08 08:13:41,605 - Socket failed to connect: <socket.socket fd=22, family=AddressFamily.AF_INET6, type=SocketKind.SOCK_STREAM, proto=6, laddr=('::1', 50512, 0, 0)>; error=61 (Connection refused)
2022-04-08 08:13:41,605 - TCP Connection attempt failed: ConnectionRefusedError(61, 'Connection refused'); dest=(<AddressFamily.AF_INET6: 30>, <SocketKind.SOCK_STREAM: 1>, 6, '', ('::1', 5672, 0, 0))
2022-04-08 08:13:41,606 - AMQPConnector - reporting failure: AMQPConnectorSocketConnectError: ConnectionRefusedError(61, 'Connection refused')
2022-04-08 08:13:41,606 - Pika version 1.2.0 connecting to ('127.0.0.1', 5672)
2022-04-08 08:13:41,606 - Socket connected: <socket.socket fd=22, family=AddressFamily.AF_INET, type=SocketKind.SOCK_STREAM, proto=6, laddr=('127.0.0.1', 50514), raddr=('127.0.0.1', 5672)>
2022-04-08 08:13:41,606 - Streaming transport linked up: (<pika.adapters.utils.io_services_utils._AsyncPlaintextTransport object at 0x11ae3c4c0>, _StreamingProtocolShim: <SelectConnection PROTOCOL transport=<pika.adapters.utils.io_services_utils._AsyncPlaintextTransport object at 0x11ae3c4c0> params=<ConnectionParameters host=localhost port=5672 virtual_host=/ ssl=False>>).
2022-04-08 08:13:41,611 - AMQPConnector - reporting success: <SelectConnection OPEN transport=<pika.adapters.utils.io_services_utils._AsyncPlaintextTransport object at 0x11ae3c4c0> params=<ConnectionParameters host=localhost port=5672 virtual_host=/ ssl=False>>
2022-04-08 08:13:41,611 - AMQPConnectionWorkflow - reporting success: <SelectConnection OPEN transport=<pika.adapters.utils.io_services_utils._AsyncPlaintextTransport object at 0x11ae3c4c0> params=<ConnectionParameters host=localhost port=5672 virtual_host=/ ssl=False>>
2022-04-08 08:13:41,611 - Connection workflow succeeded: <SelectConnection OPEN transport=<pika.adapters.utils.io_services_utils._AsyncPlaintextTransport object at 0x11ae3c4c0> params=<ConnectionParameters host=localhost port=5672 virtual_host=/ ssl=False>>
2022-04-08 08:13:41,612 - Created channel=1
2022-04-08 08:13:42,744 - image 3_001 arrived at feature extraction
2022-04-08 08:13:42,745 - Extracting started: [('3', '001')] being feature-extracted
2022-04-08 08:13:43,849 - Extracting completed: [('3', '001')] have been feature-extracted
2022-04-08 08:13:43,849 - hashing: 3_001 started
2022-04-08 08:13:43,849 - hashing: 3_001 completed
2022-04-08 08:13:43,870 - image 4_001 arrived at feature extraction
2022-04-08 08:13:43,870 - Extracting started: [('4', '001')] being feature-extracted
2022-04-08 08:13:44,057 - Extracting completed: [('4', '001')] have been feature-extracted
2022-04-08 08:13:44,057 - hashing: 4_001 started
2022-04-08 08:13:44,057 - hashing: 4_001 completed
2022-04-08 08:13:44,064 - image 8_003 arrived at feature extraction
2022-04-08 08:13:44,065 - Extracting started: [('8', '003')] being feature-extracted
2022-04-08 08:13:44,242 - Extracting completed: [('8', '003')] have been feature-extracted
2022-04-08 08:13:44,242 - hashing: 8_003 started
2022-04-08 08:13:44,242 - hashing: 8_003 completed
2022-04-08 08:13:44,252 - image 10_004 arrived at feature extraction
2022-04-08 08:13:44,252 - Extracting started: [('10', '004')] being feature-extracted
2022-04-08 08:13:44,440 - Extracting completed: [('10', '004')] have been feature-extracted
2022-04-08 08:13:44,440 - hashing: 10_004 started
2022-04-08 08:13:44,440 - hashing: 10_004 completed
2022-04-08 08:13:44,442 - image 15_005 arrived at feature extraction
2022-04-08 08:13:44,443 - Extracting started: [('15', '005')] being feature-extracted
2022-04-08 08:13:44,629 - Extracting completed: [('15', '005')] have been feature-extracted
2022-04-08 08:13:44,629 - hashing: 15_005 started
2022-04-08 08:13:44,629 - hashing: 15_005 completed
2022-04-08 08:13:44,638 - image 19_007 arrived at feature extraction
2022-04-08 08:13:44,638 - Extracting started: [('19', '007')] being feature-extracted
2022-04-08 08:13:44,828 - Extracting completed: [('19', '007')] have been feature-extracted
2022-04-08 08:13:44,828 - hashing: 19_007 started
2022-04-08 08:13:44,828 - hashing: 19_007 completed
2022-04-08 08:13:44,831 - image 21_008 arrived at feature extraction
2022-04-08 08:13:44,831 - Extracting started: [('21', '008')] being feature-extracted
2022-04-08 08:13:45,029 - Extracting completed: [('21', '008')] have been feature-extracted
2022-04-08 08:13:45,029 - hashing: 21_008 started
2022-04-08 08:13:45,029 - hashing: 21_008 completed
2022-04-08 08:13:45,037 - image 22_009 arrived at feature extraction
2022-04-08 08:13:45,037 - Extracting started: [('22', '009')] being feature-extracted
2022-04-08 08:13:45,239 - Extracting completed: [('22', '009')] have been feature-extracted
2022-04-08 08:13:45,239 - hashing: 22_009 started
2022-04-08 08:13:45,239 - hashing: 22_009 completed
2022-04-08 08:13:45,248 - image 24_009 arrived at feature extraction
2022-04-08 08:13:45,249 - Extracting started: [('24', '009')] being feature-extracted
2022-04-08 08:13:45,457 - Extracting completed: [('24', '009')] have been feature-extracted
2022-04-08 08:13:45,458 - hashing: 24_009 started
2022-04-08 08:13:45,458 - hashing: 24_009 completed
2022-04-08 08:13:45,474 - image 31_013 arrived at feature extraction
2022-04-08 08:13:45,475 - Extracting started: [('31', '013')] being feature-extracted
2022-04-08 08:13:45,720 - Extracting completed: [('31', '013')] have been feature-extracted
2022-04-08 08:13:45,720 - hashing: 31_013 started
2022-04-08 08:13:45,720 - hashing: 31_013 completed
2022-04-08 08:13:45,830 - image 30_012 arrived at feature extraction
2022-04-08 08:13:45,831 - Extracting started: [('30', '012')] being feature-extracted
2022-04-08 08:13:46,057 - Extracting completed: [('30', '012')] have been feature-extracted
2022-04-08 08:13:46,057 - hashing: 30_012 started
2022-04-08 08:13:46,057 - hashing: 30_012 completed
2022-04-08 08:13:46,073 - image 32_013 arrived at feature extraction
2022-04-08 08:13:46,074 - Extracting started: [('32', '013')] being feature-extracted
2022-04-08 08:13:46,297 - Extracting completed: [('32', '013')] have been feature-extracted
2022-04-08 08:13:46,297 - hashing: 32_013 started
2022-04-08 08:13:46,297 - hashing: 32_013 completed
2022-04-08 08:13:46,314 - image 41_015 arrived at feature extraction
2022-04-08 08:13:46,314 - Extracting started: [('41', '015')] being feature-extracted
2022-04-08 08:13:46,556 - Extracting completed: [('41', '015')] have been feature-extracted
2022-04-08 08:13:46,556 - hashing: 41_015 started
2022-04-08 08:13:46,556 - hashing: 41_015 completed
2022-04-08 08:13:46,590 - image 38_015 arrived at feature extraction
2022-04-08 08:13:46,591 - Extracting started: [('38', '015')] being feature-extracted
2022-04-08 08:13:46,842 - Extracting completed: [('38', '015')] have been feature-extracted
2022-04-08 08:13:46,842 - hashing: 38_015 started
2022-04-08 08:13:46,843 - hashing: 38_015 completed
2022-04-08 08:13:46,867 - image 47_017 arrived at feature extraction
2022-04-08 08:13:46,868 - Extracting started: [('47', '017')] being feature-extracted
2022-04-08 08:13:47,125 - Extracting completed: [('47', '017')] have been feature-extracted
2022-04-08 08:13:47,125 - hashing: 47_017 started
2022-04-08 08:13:47,126 - hashing: 47_017 completed
2022-04-08 08:13:47,135 - image 44_016 arrived at feature extraction
2022-04-08 08:13:47,136 - Extracting started: [('44', '016')] being feature-extracted
2022-04-08 08:13:47,414 - Extracting completed: [('44', '016')] have been feature-extracted
2022-04-08 08:13:47,414 - hashing: 44_016 started
2022-04-08 08:13:47,414 - hashing: 44_016 completed
2022-04-08 08:13:47,428 - image 53_020 arrived at feature extraction
2022-04-08 08:13:47,428 - Extracting started: [('53', '020')] being feature-extracted
2022-04-08 08:13:47,728 - Extracting completed: [('53', '020')] have been feature-extracted
2022-04-08 08:13:47,728 - hashing: 53_020 started
2022-04-08 08:13:47,728 - hashing: 53_020 completed
2022-04-08 08:13:47,741 - image 50_019 arrived at feature extraction
2022-04-08 08:13:47,741 - Extracting started: [('50', '019')] being feature-extracted
2022-04-08 08:13:48,061 - Extracting completed: [('50', '019')] have been feature-extracted
2022-04-08 08:13:48,061 - hashing: 50_019 started
2022-04-08 08:13:48,062 - hashing: 50_019 completed
2022-04-08 08:13:48,094 - image 59_023 arrived at feature extraction
2022-04-08 08:13:48,107 - Extracting started: [('59', '023')] being feature-extracted
2022-04-08 08:13:48,389 - Extracting completed: [('59', '023')] have been feature-extracted
2022-04-08 08:13:48,389 - hashing: 59_023 started
2022-04-08 08:13:48,389 - hashing: 59_023 completed
2022-04-08 08:13:48,401 - image 56_022 arrived at feature extraction
2022-04-08 08:13:48,402 - Extracting started: [('56', '022')] being feature-extracted
2022-04-08 08:13:48,642 - Extracting completed: [('56', '022')] have been feature-extracted
2022-04-08 08:13:48,643 - hashing: 56_022 started
2022-04-08 08:13:48,643 - hashing: 56_022 completed
2022-04-08 08:13:48,690 - image 65_024 arrived at feature extraction
2022-04-08 08:13:48,691 - Extracting started: [('65', '024')] being feature-extracted
2022-04-08 08:13:48,931 - Extracting completed: [('65', '024')] have been feature-extracted
2022-04-08 08:13:48,931 - hashing: 65_024 started
2022-04-08 08:13:48,931 - hashing: 65_024 completed
2022-04-08 08:13:49,008 - image 62_023 arrived at feature extraction
2022-04-08 08:13:49,009 - Extracting started: [('62', '023')] being feature-extracted
2022-04-08 08:13:49,253 - Extracting completed: [('62', '023')] have been feature-extracted
2022-04-08 08:13:49,253 - hashing: 62_023 started
2022-04-08 08:13:49,254 - hashing: 62_023 completed
2022-04-08 08:13:49,264 - image 64_024 arrived at feature extraction
2022-04-08 08:13:49,264 - Extracting started: [('64', '024')] being feature-extracted
2022-04-08 08:13:49,548 - Extracting completed: [('64', '024')] have been feature-extracted
2022-04-08 08:13:49,549 - hashing: 64_024 started
2022-04-08 08:13:49,549 - hashing: 64_024 completed
2022-04-08 08:13:49,594 - image 75_029 arrived at feature extraction
2022-04-08 08:13:49,595 - Extracting started: [('75', '029')] being feature-extracted
2022-04-08 08:13:49,841 - Extracting completed: [('75', '029')] have been feature-extracted
2022-04-08 08:13:49,841 - hashing: 75_029 started
2022-04-08 08:13:49,841 - hashing: 75_029 completed
2022-04-08 08:13:49,851 - image 77_030 arrived at feature extraction
2022-04-08 08:13:49,851 - Extracting started: [('77', '030')] being feature-extracted
2022-04-08 08:13:50,099 - Extracting completed: [('77', '030')] have been feature-extracted
2022-04-08 08:13:50,099 - hashing: 77_030 started
2022-04-08 08:13:50,099 - hashing: 77_030 completed
2022-04-08 08:13:50,123 - image 74_028 arrived at feature extraction
2022-04-08 08:13:50,124 - Extracting started: [('74', '028')] being feature-extracted
2022-04-08 08:13:50,369 - Extracting completed: [('74', '028')] have been feature-extracted
2022-04-08 08:13:50,370 - hashing: 74_028 started
2022-04-08 08:13:50,370 - hashing: 74_028 completed
2022-04-08 08:13:50,380 - image 83_032 arrived at feature extraction
2022-04-08 08:13:50,380 - Extracting started: [('83', '032')] being feature-extracted
2022-04-08 08:13:50,643 - Extracting completed: [('83', '032')] have been feature-extracted
2022-04-08 08:13:50,644 - hashing: 83_032 started
2022-04-08 08:13:50,644 - hashing: 83_032 completed
2022-04-08 08:13:50,699 - image 80_031 arrived at feature extraction
2022-04-08 08:13:50,699 - Extracting started: [('80', '031')] being feature-extracted
2022-04-08 08:13:50,936 - Extracting completed: [('80', '031')] have been feature-extracted
2022-04-08 08:13:50,936 - hashing: 80_031 started
2022-04-08 08:13:50,936 - hashing: 80_031 completed
2022-04-08 08:13:51,017 - image 89_033 arrived at feature extraction
2022-04-08 08:13:51,017 - Extracting started: [('89', '033')] being feature-extracted
2022-04-08 08:13:51,280 - Extracting completed: [('89', '033')] have been feature-extracted
2022-04-08 08:13:51,281 - hashing: 89_033 started
2022-04-08 08:13:51,281 - hashing: 89_033 completed
2022-04-08 08:13:51,301 - image 86_032 arrived at feature extraction
2022-04-08 08:13:51,302 - Extracting started: [('86', '032')] being feature-extracted
2022-04-08 08:13:51,532 - Extracting completed: [('86', '032')] have been feature-extracted
2022-04-08 08:13:51,532 - hashing: 86_032 started
2022-04-08 08:13:51,532 - hashing: 86_032 completed
2022-04-08 08:13:51,559 - image 95_035 arrived at feature extraction
2022-04-08 08:13:51,560 - Extracting started: [('95', '035')] being feature-extracted
2022-04-08 08:13:51,784 - Extracting completed: [('95', '035')] have been feature-extracted
2022-04-08 08:13:51,785 - hashing: 95_035 started
2022-04-08 08:13:51,785 - hashing: 95_035 completed
2022-04-08 08:13:51,809 - image 92_033 arrived at feature extraction
2022-04-08 08:13:51,810 - Extracting started: [('92', '033')] being feature-extracted
2022-04-08 08:13:52,029 - Extracting completed: [('92', '033')] have been feature-extracted
2022-04-08 08:13:52,029 - hashing: 92_033 started
2022-04-08 08:13:52,029 - hashing: 92_033 completed
2022-04-08 08:13:52,037 - image 94_034 arrived at feature extraction
2022-04-08 08:13:52,038 - Extracting started: [('94', '034')] being feature-extracted
2022-04-08 08:13:52,251 - Extracting completed: [('94', '034')] have been feature-extracted
2022-04-08 08:13:52,251 - hashing: 94_034 started
2022-04-08 08:13:52,251 - hashing: 94_034 completed
2022-04-08 08:13:52,302 - image 105_038 arrived at feature extraction
2022-04-08 08:13:52,302 - Extracting started: [('105', '038')] being feature-extracted
2022-04-08 08:13:52,513 - Extracting completed: [('105', '038')] have been feature-extracted
2022-04-08 08:13:52,513 - hashing: 105_038 started
2022-04-08 08:13:52,513 - hashing: 105_038 completed
2022-04-08 08:13:52,522 - image 107_039 arrived at feature extraction
2022-04-08 08:13:52,522 - Extracting started: [('107', '039')] being feature-extracted
2022-04-08 08:13:52,723 - Extracting completed: [('107', '039')] have been feature-extracted
2022-04-08 08:13:52,723 - hashing: 107_039 started
2022-04-08 08:13:52,723 - hashing: 107_039 completed
2022-04-08 08:13:52,731 - image 104_038 arrived at feature extraction
2022-04-08 08:13:52,732 - Extracting started: [('104', '038')] being feature-extracted
2022-04-08 08:13:52,934 - Extracting completed: [('104', '038')] have been feature-extracted
2022-04-08 08:13:52,935 - hashing: 104_038 started
2022-04-08 08:13:52,935 - hashing: 104_038 completed
2022-04-08 08:13:52,943 - image 106_039 arrived at feature extraction
2022-04-08 08:13:52,943 - Extracting started: [('106', '039')] being feature-extracted
2022-04-08 08:13:53,148 - Extracting completed: [('106', '039')] have been feature-extracted
2022-04-08 08:13:53,148 - hashing: 106_039 started
2022-04-08 08:13:53,148 - hashing: 106_039 completed
2022-04-08 08:13:53,201 - image 117_041 arrived at feature extraction
2022-04-08 08:13:53,202 - Extracting started: [('117', '041')] being feature-extracted
2022-04-08 08:13:53,458 - Extracting completed: [('117', '041')] have been feature-extracted
2022-04-08 08:13:53,458 - hashing: 117_041 started
2022-04-08 08:13:53,458 - hashing: 117_041 completed
2022-04-08 08:13:53,468 - image 119_042 arrived at feature extraction
2022-04-08 08:13:53,468 - Extracting started: [('119', '042')] being feature-extracted
2022-04-08 08:13:53,701 - Extracting completed: [('119', '042')] have been feature-extracted
2022-04-08 08:13:53,701 - hashing: 119_042 started
2022-04-08 08:13:53,701 - hashing: 119_042 completed
2022-04-08 08:13:53,715 - image 116_041 arrived at feature extraction
2022-04-08 08:13:53,716 - Extracting started: [('116', '041')] being feature-extracted
2022-04-08 08:13:53,942 - Extracting completed: [('116', '041')] have been feature-extracted
2022-04-08 08:13:53,942 - hashing: 116_041 started
2022-04-08 08:13:53,942 - hashing: 116_041 completed
2022-04-08 08:13:53,951 - image 125_044 arrived at feature extraction
2022-04-08 08:13:53,951 - Extracting started: [('125', '044')] being feature-extracted
2022-04-08 08:13:54,164 - Extracting completed: [('125', '044')] have been feature-extracted
2022-04-08 08:13:54,164 - hashing: 125_044 started
2022-04-08 08:13:54,165 - hashing: 125_044 completed
2022-04-08 08:13:54,203 - image 122_043 arrived at feature extraction
2022-04-08 08:13:54,203 - Extracting started: [('122', '043')] being feature-extracted
2022-04-08 08:13:54,420 - Extracting completed: [('122', '043')] have been feature-extracted
2022-04-08 08:13:54,420 - hashing: 122_043 started
2022-04-08 08:13:54,420 - hashing: 122_043 completed
2022-04-08 08:13:54,429 - image 124_044 arrived at feature extraction
2022-04-08 08:13:54,429 - Extracting started: [('124', '044')] being feature-extracted
2022-04-08 08:13:54,634 - Extracting completed: [('124', '044')] have been feature-extracted
2022-04-08 08:13:54,634 - hashing: 124_044 started
2022-04-08 08:13:54,635 - hashing: 124_044 completed
2022-04-08 08:13:54,655 - image 135_048 arrived at feature extraction
2022-04-08 08:13:54,655 - Extracting started: [('135', '048')] being feature-extracted
2022-04-08 08:13:54,859 - Extracting completed: [('135', '048')] have been feature-extracted
2022-04-08 08:13:54,859 - hashing: 135_048 started
2022-04-08 08:13:54,859 - hashing: 135_048 completed
2022-04-08 08:13:54,868 - image 137_049 arrived at feature extraction
2022-04-08 08:13:54,868 - Extracting started: [('137', '049')] being feature-extracted
2022-04-08 08:13:55,076 - Extracting completed: [('137', '049')] have been feature-extracted
2022-04-08 08:13:55,076 - hashing: 137_049 started
2022-04-08 08:13:55,077 - hashing: 137_049 completed
2022-04-08 08:13:55,107 - image 134_048 arrived at feature extraction
2022-04-08 08:13:55,107 - Extracting started: [('134', '048')] being feature-extracted
2022-04-08 08:13:55,328 - Extracting completed: [('134', '048')] have been feature-extracted
2022-04-08 08:13:55,328 - hashing: 134_048 started
2022-04-08 08:13:55,328 - hashing: 134_048 completed
2022-04-08 08:13:55,339 - image 136_048 arrived at feature extraction
2022-04-08 08:13:55,339 - Extracting started: [('136', '048')] being feature-extracted
2022-04-08 08:13:55,578 - Extracting completed: [('136', '048')] have been feature-extracted
2022-04-08 08:13:55,578 - hashing: 136_048 started
2022-04-08 08:13:55,578 - hashing: 136_048 completed
2022-04-08 08:13:55,616 - image 147_051 arrived at feature extraction
2022-04-08 08:13:55,617 - Extracting started: [('147', '051')] being feature-extracted
2022-04-08 08:13:55,840 - Extracting completed: [('147', '051')] have been feature-extracted
2022-04-08 08:13:55,840 - hashing: 147_051 started
2022-04-08 08:13:55,840 - hashing: 147_051 completed
2022-04-08 08:13:55,849 - image 149_052 arrived at feature extraction
2022-04-08 08:13:55,849 - Extracting started: [('149', '052')] being feature-extracted
2022-04-08 08:13:56,056 - Extracting completed: [('149', '052')] have been feature-extracted
2022-04-08 08:13:56,056 - hashing: 149_052 started
2022-04-08 08:13:56,056 - hashing: 149_052 completed
2022-04-08 08:13:56,078 - image 146_051 arrived at feature extraction
2022-04-08 08:13:56,079 - Extracting started: [('146', '051')] being feature-extracted
2022-04-08 08:13:56,292 - Extracting completed: [('146', '051')] have been feature-extracted
2022-04-08 08:13:56,292 - hashing: 146_051 started
2022-04-08 08:13:56,292 - hashing: 146_051 completed
2022-04-08 08:13:56,301 - image 155_055 arrived at feature extraction
2022-04-08 08:13:56,301 - Extracting started: [('155', '055')] being feature-extracted
2022-04-08 08:13:56,550 - Extracting completed: [('155', '055')] have been feature-extracted
2022-04-08 08:13:56,550 - hashing: 155_055 started
2022-04-08 08:13:56,550 - hashing: 155_055 completed
2022-04-08 08:13:56,613 - image 152_054 arrived at feature extraction
2022-04-08 08:13:56,613 - Extracting started: [('152', '054')] being feature-extracted
2022-04-08 08:13:56,826 - Extracting completed: [('152', '054')] have been feature-extracted
2022-04-08 08:13:56,826 - hashing: 152_054 started
2022-04-08 08:13:56,827 - hashing: 152_054 completed
2022-04-08 08:13:56,835 - image 161_058 arrived at feature extraction
2022-04-08 08:13:56,835 - Extracting started: [('161', '058')] being feature-extracted
2022-04-08 08:13:57,045 - Extracting completed: [('161', '058')] have been feature-extracted
2022-04-08 08:13:57,045 - hashing: 161_058 started
2022-04-08 08:13:57,045 - hashing: 161_058 completed
2022-04-08 08:13:57,138 - image 165_060 arrived at feature extraction
2022-04-08 08:13:57,138 - Extracting started: [('165', '060')] being feature-extracted
2022-04-08 08:13:57,372 - Extracting completed: [('165', '060')] have been feature-extracted
2022-04-08 08:13:57,372 - hashing: 165_060 started
2022-04-08 08:13:57,372 - hashing: 165_060 completed
2022-04-08 08:13:57,381 - image 160_058 arrived at feature extraction
2022-04-08 08:13:57,381 - Extracting started: [('160', '058')] being feature-extracted
2022-04-08 08:13:57,612 - Extracting completed: [('160', '058')] have been feature-extracted
2022-04-08 08:13:57,612 - hashing: 160_058 started
2022-04-08 08:13:57,612 - hashing: 160_058 completed
2022-04-08 08:13:57,651 - image 171_062 arrived at feature extraction
2022-04-08 08:13:57,651 - Extracting started: [('171', '062')] being feature-extracted
2022-04-08 08:13:57,877 - Extracting completed: [('171', '062')] have been feature-extracted
2022-04-08 08:13:57,877 - hashing: 171_062 started
2022-04-08 08:13:57,877 - hashing: 171_062 completed
2022-04-08 08:13:57,945 - image 166_060 arrived at feature extraction
2022-04-08 08:13:57,946 - Extracting started: [('166', '060')] being feature-extracted
2022-04-08 08:13:58,155 - Extracting completed: [('166', '060')] have been feature-extracted
2022-04-08 08:13:58,155 - hashing: 166_060 started
2022-04-08 08:13:58,155 - hashing: 166_060 completed
2022-04-08 08:13:58,239 - image 170_062 arrived at feature extraction
2022-04-08 08:13:58,240 - Extracting started: [('170', '062')] being feature-extracted
2022-04-08 08:13:58,459 - Extracting completed: [('170', '062')] have been feature-extracted
2022-04-08 08:13:58,459 - hashing: 170_062 started
2022-04-08 08:13:58,459 - hashing: 170_062 completed
2022-04-08 08:13:58,644 - image 174_063 arrived at feature extraction
2022-04-08 08:13:58,644 - Extracting started: [('174', '063')] being feature-extracted
2022-04-08 08:13:58,852 - Extracting completed: [('174', '063')] have been feature-extracted
2022-04-08 08:13:58,852 - hashing: 174_063 started
2022-04-08 08:13:58,852 - hashing: 174_063 completed
2022-04-08 08:13:58,977 - image 181_066 arrived at feature extraction
2022-04-08 08:13:58,978 - Extracting started: [('181', '066')] being feature-extracted
2022-04-08 08:13:59,199 - Extracting completed: [('181', '066')] have been feature-extracted
2022-04-08 08:13:59,199 - hashing: 181_066 started
2022-04-08 08:13:59,199 - hashing: 181_066 completed
2022-04-08 08:13:59,433 - image 180_065 arrived at feature extraction
2022-04-08 08:13:59,434 - Extracting started: [('180', '065')] being feature-extracted
2022-04-08 08:13:59,625 - Extracting completed: [('180', '065')] have been feature-extracted
2022-04-08 08:13:59,625 - hashing: 180_065 started
2022-04-08 08:13:59,626 - hashing: 180_065 completed
2022-04-08 08:13:59,644 - image 187_066 arrived at feature extraction
2022-04-08 08:13:59,645 - Extracting started: [('187', '066')] being feature-extracted
2022-04-08 08:13:59,846 - Extracting completed: [('187', '066')] have been feature-extracted
2022-04-08 08:13:59,846 - hashing: 187_066 started
2022-04-08 08:13:59,846 - hashing: 187_066 completed
2022-04-08 08:14:00,086 - image 186_066 arrived at feature extraction
2022-04-08 08:14:00,087 - Extracting started: [('186', '066')] being feature-extracted
2022-04-08 08:14:00,267 - Extracting completed: [('186', '066')] have been feature-extracted
2022-04-08 08:14:00,267 - hashing: 186_066 started
2022-04-08 08:14:00,267 - hashing: 186_066 completed
2022-04-08 08:14:00,296 - image 193_068 arrived at feature extraction
2022-04-08 08:14:00,296 - Extracting started: [('193', '068')] being feature-extracted
2022-04-08 08:14:00,480 - Extracting completed: [('193', '068')] have been feature-extracted
2022-04-08 08:14:00,480 - hashing: 193_068 started
2022-04-08 08:14:00,480 - hashing: 193_068 completed
2022-04-08 08:14:00,585 - image 192_067 arrived at feature extraction
2022-04-08 08:14:00,586 - Extracting started: [('192', '067')] being feature-extracted
2022-04-08 08:14:00,772 - Extracting completed: [('192', '067')] have been feature-extracted
2022-04-08 08:14:00,773 - hashing: 192_067 started
2022-04-08 08:14:00,773 - hashing: 192_067 completed
2022-04-08 08:14:00,822 - image 199_070 arrived at feature extraction
2022-04-08 08:14:00,823 - Extracting started: [('199', '070')] being feature-extracted
2022-04-08 08:14:01,013 - Extracting completed: [('199', '070')] have been feature-extracted
2022-04-08 08:14:01,013 - hashing: 199_070 started
2022-04-08 08:14:01,013 - hashing: 199_070 completed
2022-04-08 08:14:01,073 - image 201_071 arrived at feature extraction
2022-04-08 08:14:01,074 - Extracting started: [('201', '071')] being feature-extracted
2022-04-08 08:14:01,267 - Extracting completed: [('201', '071')] have been feature-extracted
2022-04-08 08:14:01,267 - hashing: 201_071 started
2022-04-08 08:14:01,267 - hashing: 201_071 completed
2022-04-08 08:14:01,369 - image 202_071 arrived at feature extraction
2022-04-08 08:14:01,369 - Extracting started: [('202', '071')] being feature-extracted
2022-04-08 08:14:01,572 - Extracting completed: [('202', '071')] have been feature-extracted
2022-04-08 08:14:01,572 - hashing: 202_071 started
2022-04-08 08:14:01,572 - hashing: 202_071 completed
2022-04-08 08:14:01,743 - image 207_073 arrived at feature extraction
2022-04-08 08:14:01,744 - Extracting started: [('207', '073')] being feature-extracted
2022-04-08 08:14:01,960 - Extracting completed: [('207', '073')] have been feature-extracted
2022-04-08 08:14:01,960 - hashing: 207_073 started
2022-04-08 08:14:01,960 - hashing: 207_073 completed
2022-04-08 08:14:02,115 - image 208_073 arrived at feature extraction
2022-04-08 08:14:02,116 - Extracting started: [('208', '073')] being feature-extracted
2022-04-08 08:14:02,305 - Extracting completed: [('208', '073')] have been feature-extracted
2022-04-08 08:14:02,305 - hashing: 208_073 started
2022-04-08 08:14:02,305 - hashing: 208_073 completed
2022-04-08 08:14:02,465 - image 213_076 arrived at feature extraction
2022-04-08 08:14:02,466 - Extracting started: [('213', '076')] being feature-extracted
2022-04-08 08:14:02,662 - Extracting completed: [('213', '076')] have been feature-extracted
2022-04-08 08:14:02,662 - hashing: 213_076 started
2022-04-08 08:14:02,662 - hashing: 213_076 completed
2022-04-08 08:14:02,820 - image 214_076 arrived at feature extraction
2022-04-08 08:14:02,821 - Extracting started: [('214', '076')] being feature-extracted
2022-04-08 08:14:03,009 - Extracting completed: [('214', '076')] have been feature-extracted
2022-04-08 08:14:03,009 - hashing: 214_076 started
2022-04-08 08:14:03,009 - hashing: 214_076 completed
2022-04-08 08:14:03,111 - image 219_078 arrived at feature extraction
2022-04-08 08:14:03,111 - Extracting started: [('219', '078')] being feature-extracted
2022-04-08 08:14:03,287 - Extracting completed: [('219', '078')] have been feature-extracted
2022-04-08 08:14:03,287 - hashing: 219_078 started
2022-04-08 08:14:03,287 - hashing: 219_078 completed
2022-04-08 08:14:03,452 - image 223_080 arrived at feature extraction
2022-04-08 08:14:03,453 - Extracting started: [('223', '080')] being feature-extracted
2022-04-08 08:14:03,641 - Extracting completed: [('223', '080')] have been feature-extracted
2022-04-08 08:14:03,641 - hashing: 223_080 started
2022-04-08 08:14:03,641 - hashing: 223_080 completed
2022-04-08 08:14:03,713 - image 222_079 arrived at feature extraction
2022-04-08 08:14:03,713 - Extracting started: [('222', '079')] being feature-extracted
2022-04-08 08:14:03,918 - Extracting completed: [('222', '079')] have been feature-extracted
2022-04-08 08:14:03,918 - hashing: 222_079 started
2022-04-08 08:14:03,919 - hashing: 222_079 completed
2022-04-08 08:14:03,928 - image 229_081 arrived at feature extraction
2022-04-08 08:14:03,928 - Extracting started: [('229', '081')] being feature-extracted
2022-04-08 08:14:04,142 - Extracting completed: [('229', '081')] have been feature-extracted
2022-04-08 08:14:04,142 - hashing: 229_081 started
2022-04-08 08:14:04,142 - hashing: 229_081 completed
2022-04-08 08:14:04,165 - image 228_081 arrived at feature extraction
2022-04-08 08:14:04,166 - Extracting started: [('228', '081')] being feature-extracted
2022-04-08 08:14:04,373 - Extracting completed: [('228', '081')] have been feature-extracted
2022-04-08 08:14:04,373 - hashing: 228_081 started
2022-04-08 08:14:04,374 - hashing: 228_081 completed
2022-04-08 08:14:04,430 - image 235_082 arrived at feature extraction
2022-04-08 08:14:04,431 - Extracting started: [('235', '082')] being feature-extracted
2022-04-08 08:14:04,632 - Extracting completed: [('235', '082')] have been feature-extracted
2022-04-08 08:14:04,632 - hashing: 235_082 started
2022-04-08 08:14:04,632 - hashing: 235_082 completed
2022-04-08 08:14:04,674 - image 234_082 arrived at feature extraction
2022-04-08 08:14:04,674 - Extracting started: [('234', '082')] being feature-extracted
2022-04-08 08:14:04,878 - Extracting completed: [('234', '082')] have been feature-extracted
2022-04-08 08:14:04,878 - hashing: 234_082 started
2022-04-08 08:14:04,879 - hashing: 234_082 completed
2022-04-08 08:14:04,956 - image 241_085 arrived at feature extraction
2022-04-08 08:14:04,957 - Extracting started: [('241', '085')] being feature-extracted
2022-04-08 08:14:05,164 - Extracting completed: [('241', '085')] have been feature-extracted
2022-04-08 08:14:05,164 - hashing: 241_085 started
2022-04-08 08:14:05,164 - hashing: 241_085 completed
2022-04-08 08:14:05,198 - image 240_085 arrived at feature extraction
2022-04-08 08:14:05,199 - Extracting started: [('240', '085')] being feature-extracted
2022-04-08 08:14:05,401 - Extracting completed: [('240', '085')] have been feature-extracted
2022-04-08 08:14:05,401 - hashing: 240_085 started
2022-04-08 08:14:05,401 - hashing: 240_085 completed
2022-04-08 08:14:05,431 - image 247_088 arrived at feature extraction
2022-04-08 08:14:05,431 - Extracting started: [('247', '088')] being feature-extracted
2022-04-08 08:14:05,635 - Extracting completed: [('247', '088')] have been feature-extracted
2022-04-08 08:14:05,636 - hashing: 247_088 started
2022-04-08 08:14:05,636 - hashing: 247_088 completed
2022-04-08 08:14:05,664 - image 251_089 arrived at feature extraction
2022-04-08 08:14:05,665 - Extracting started: [('251', '089')] being feature-extracted
2022-04-08 08:14:05,878 - Extracting completed: [('251', '089')] have been feature-extracted
2022-04-08 08:14:05,879 - hashing: 251_089 started
2022-04-08 08:14:05,879 - hashing: 251_089 completed
2022-04-08 08:14:05,888 - image 248_088 arrived at feature extraction
2022-04-08 08:14:05,888 - Extracting started: [('248', '088')] being feature-extracted
2022-04-08 08:14:06,111 - Extracting completed: [('248', '088')] have been feature-extracted
2022-04-08 08:14:06,111 - hashing: 248_088 started
2022-04-08 08:14:06,112 - hashing: 248_088 completed
2022-04-08 08:14:06,121 - image 257_092 arrived at feature extraction
2022-04-08 08:14:06,121 - Extracting started: [('257', '092')] being feature-extracted
2022-04-08 08:14:06,339 - Extracting completed: [('257', '092')] have been feature-extracted
2022-04-08 08:14:06,339 - hashing: 257_092 started
2022-04-08 08:14:06,340 - hashing: 257_092 completed
2022-04-08 08:14:06,352 - image 254_091 arrived at feature extraction
2022-04-08 08:14:06,353 - Extracting started: [('254', '091')] being feature-extracted
2022-04-08 08:14:06,586 - Extracting completed: [('254', '091')] have been feature-extracted
2022-04-08 08:14:06,586 - hashing: 254_091 started
2022-04-08 08:14:06,586 - hashing: 254_091 completed
2022-04-08 08:14:06,598 - image 258_093 arrived at feature extraction
2022-04-08 08:14:06,599 - Extracting started: [('258', '093')] being feature-extracted
2022-04-08 08:14:06,823 - Extracting completed: [('258', '093')] have been feature-extracted
2022-04-08 08:14:06,823 - hashing: 258_093 started
2022-04-08 08:14:06,823 - hashing: 258_093 completed
2022-04-08 08:14:06,833 - image 265_096 arrived at feature extraction
2022-04-08 08:14:06,833 - Extracting started: [('265', '096')] being feature-extracted
2022-04-08 08:14:07,055 - Extracting completed: [('265', '096')] have been feature-extracted
2022-04-08 08:14:07,055 - hashing: 265_096 started
2022-04-08 08:14:07,055 - hashing: 265_096 completed
2022-04-08 08:14:07,064 - image 269_098 arrived at feature extraction
2022-04-08 08:14:07,064 - Extracting started: [('269', '098')] being feature-extracted
2022-04-08 08:14:07,313 - Extracting completed: [('269', '098')] have been feature-extracted
2022-04-08 08:14:07,313 - hashing: 269_098 started
2022-04-08 08:14:07,314 - hashing: 269_098 completed
2022-04-08 08:14:07,325 - image 271_098 arrived at feature extraction
2022-04-08 08:14:07,325 - Extracting started: [('271', '098')] being feature-extracted
2022-04-08 08:14:07,556 - Extracting completed: [('271', '098')] have been feature-extracted
2022-04-08 08:14:07,556 - hashing: 271_098 started
2022-04-08 08:14:07,556 - hashing: 271_098 completed
2022-04-08 08:14:07,565 - image 270_098 arrived at feature extraction
2022-04-08 08:14:07,565 - Extracting started: [('270', '098')] being feature-extracted
2022-04-08 08:14:07,792 - Extracting completed: [('270', '098')] have been feature-extracted
2022-04-08 08:14:07,792 - hashing: 270_098 started
2022-04-08 08:14:07,792 - hashing: 270_098 completed
2022-04-08 08:14:07,802 - image 277_101 arrived at feature extraction
2022-04-08 08:14:07,802 - Extracting started: [('277', '101')] being feature-extracted
2022-04-08 08:14:08,023 - Extracting completed: [('277', '101')] have been feature-extracted
2022-04-08 08:14:08,023 - hashing: 277_101 started
2022-04-08 08:14:08,023 - hashing: 277_101 completed
2022-04-08 08:14:08,032 - image 281_103 arrived at feature extraction
2022-04-08 08:14:08,033 - Extracting started: [('281', '103')] being feature-extracted
2022-04-08 08:14:08,264 - Extracting completed: [('281', '103')] have been feature-extracted
2022-04-08 08:14:08,264 - hashing: 281_103 started
2022-04-08 08:14:08,265 - hashing: 281_103 completed
2022-04-08 08:14:08,275 - image 278_102 arrived at feature extraction
2022-04-08 08:14:08,275 - Extracting started: [('278', '102')] being feature-extracted
2022-04-08 08:14:08,540 - Extracting completed: [('278', '102')] have been feature-extracted
2022-04-08 08:14:08,540 - hashing: 278_102 started
2022-04-08 08:14:08,540 - hashing: 278_102 completed
2022-04-08 08:14:08,558 - image 287_106 arrived at feature extraction
2022-04-08 08:14:08,559 - Extracting started: [('287', '106')] being feature-extracted
2022-04-08 08:14:08,789 - Extracting completed: [('287', '106')] have been feature-extracted
2022-04-08 08:14:08,789 - hashing: 287_106 started
2022-04-08 08:14:08,789 - hashing: 287_106 completed
2022-04-08 08:14:08,799 - image 284_104 arrived at feature extraction
2022-04-08 08:14:08,799 - Extracting started: [('284', '104')] being feature-extracted
2022-04-08 08:14:09,027 - Extracting completed: [('284', '104')] have been feature-extracted
2022-04-08 08:14:09,027 - hashing: 284_104 started
2022-04-08 08:14:09,027 - hashing: 284_104 completed
2022-04-08 08:14:09,036 - image 293_108 arrived at feature extraction
2022-04-08 08:14:09,036 - Extracting started: [('293', '108')] being feature-extracted
2022-04-08 08:14:09,254 - Extracting completed: [('293', '108')] have been feature-extracted
2022-04-08 08:14:09,254 - hashing: 293_108 started
2022-04-08 08:14:09,254 - hashing: 293_108 completed
2022-04-08 08:14:09,263 - image 290_107 arrived at feature extraction
2022-04-08 08:14:09,263 - Extracting started: [('290', '107')] being feature-extracted
2022-04-08 08:14:09,505 - Extracting completed: [('290', '107')] have been feature-extracted
2022-04-08 08:14:09,506 - hashing: 290_107 started
2022-04-08 08:14:09,506 - hashing: 290_107 completed
2022-04-08 08:14:09,516 - image 299_110 arrived at feature extraction
2022-04-08 08:14:09,516 - Extracting started: [('299', '110')] being feature-extracted
2022-04-08 08:14:09,742 - Extracting completed: [('299', '110')] have been feature-extracted
2022-04-08 08:14:09,742 - hashing: 299_110 started
2022-04-08 08:14:09,743 - hashing: 299_110 completed
2022-04-08 08:14:09,752 - image 301_111 arrived at feature extraction
2022-04-08 08:14:09,753 - Extracting started: [('301', '111')] being feature-extracted
2022-04-08 08:14:09,971 - Extracting completed: [('301', '111')] have been feature-extracted
2022-04-08 08:14:09,972 - hashing: 301_111 started
2022-04-08 08:14:09,972 - hashing: 301_111 completed
2022-04-08 08:14:09,981 - image 305_113 arrived at feature extraction
2022-04-08 08:14:09,981 - Extracting started: [('305', '113')] being feature-extracted
2022-04-08 08:14:10,213 - Extracting completed: [('305', '113')] have been feature-extracted
2022-04-08 08:14:10,213 - hashing: 305_113 started
2022-04-08 08:14:10,214 - hashing: 305_113 completed
2022-04-08 08:14:10,225 - image 307_114 arrived at feature extraction
2022-04-08 08:14:10,225 - Extracting started: [('307', '114')] being feature-extracted
2022-04-08 08:14:10,487 - Extracting completed: [('307', '114')] have been feature-extracted
2022-04-08 08:14:10,487 - hashing: 307_114 started
2022-04-08 08:14:10,487 - hashing: 307_114 completed
2022-04-08 08:14:10,497 - image 306_114 arrived at feature extraction
2022-04-08 08:14:10,497 - Extracting started: [('306', '114')] being feature-extracted
2022-04-08 08:14:10,732 - Extracting completed: [('306', '114')] have been feature-extracted
2022-04-08 08:14:10,733 - hashing: 306_114 started
2022-04-08 08:14:10,733 - hashing: 306_114 completed
2022-04-08 08:14:10,742 - image 313_117 arrived at feature extraction
2022-04-08 08:14:10,743 - Extracting started: [('313', '117')] being feature-extracted
2022-04-08 08:14:10,972 - Extracting completed: [('313', '117')] have been feature-extracted
2022-04-08 08:14:10,972 - hashing: 313_117 started
2022-04-08 08:14:10,972 - hashing: 313_117 completed
2022-04-08 08:14:10,982 - image 312_117 arrived at feature extraction
2022-04-08 08:14:10,982 - Extracting started: [('312', '117')] being feature-extracted
2022-04-08 08:14:11,209 - Extracting completed: [('312', '117')] have been feature-extracted
2022-04-08 08:14:11,209 - hashing: 312_117 started
2022-04-08 08:14:11,209 - hashing: 312_117 completed
2022-04-08 08:14:11,218 - image 319_119 arrived at feature extraction
2022-04-08 08:14:11,218 - Extracting started: [('319', '119')] being feature-extracted
2022-04-08 08:14:11,437 - Extracting completed: [('319', '119')] have been feature-extracted
2022-04-08 08:14:11,437 - hashing: 319_119 started
2022-04-08 08:14:11,437 - hashing: 319_119 completed
2022-04-08 08:14:11,446 - image 318_119 arrived at feature extraction
2022-04-08 08:14:11,447 - Extracting started: [('318', '119')] being feature-extracted
2022-04-08 08:14:11,681 - Extracting completed: [('318', '119')] have been feature-extracted
2022-04-08 08:14:11,682 - hashing: 318_119 started
2022-04-08 08:14:11,682 - hashing: 318_119 completed
2022-04-08 08:14:11,684 - image 325_121 arrived at feature extraction
2022-04-08 08:14:11,685 - Extracting started: [('325', '121')] being feature-extracted
2022-04-08 08:14:11,902 - Extracting completed: [('325', '121')] have been feature-extracted
2022-04-08 08:14:11,902 - hashing: 325_121 started
2022-04-08 08:14:11,902 - hashing: 325_121 completed
2022-04-08 08:14:11,915 - image 324_121 arrived at feature extraction
2022-04-08 08:14:11,916 - Extracting started: [('324', '121')] being feature-extracted
2022-04-08 08:14:12,158 - Extracting completed: [('324', '121')] have been feature-extracted
2022-04-08 08:14:12,158 - hashing: 324_121 started
2022-04-08 08:14:12,158 - hashing: 324_121 completed
2022-04-08 08:14:12,168 - image 331_124 arrived at feature extraction
2022-04-08 08:14:12,168 - Extracting started: [('331', '124')] being feature-extracted
2022-04-08 08:14:12,388 - Extracting completed: [('331', '124')] have been feature-extracted
2022-04-08 08:14:12,389 - hashing: 331_124 started
2022-04-08 08:14:12,389 - hashing: 331_124 completed
2022-04-08 08:14:12,400 - image 330_123 arrived at feature extraction
2022-04-08 08:14:12,401 - Extracting started: [('330', '123')] being feature-extracted
2022-04-08 08:14:12,632 - Extracting completed: [('330', '123')] have been feature-extracted
2022-04-08 08:14:12,632 - hashing: 330_123 started
2022-04-08 08:14:12,632 - hashing: 330_123 completed
2022-04-08 08:14:12,641 - image 337_124 arrived at feature extraction
2022-04-08 08:14:12,642 - Extracting started: [('337', '124')] being feature-extracted
2022-04-08 08:14:12,872 - Extracting completed: [('337', '124')] have been feature-extracted
2022-04-08 08:14:12,872 - hashing: 337_124 started
2022-04-08 08:14:12,872 - hashing: 337_124 completed
2022-04-08 08:14:12,881 - image 336_124 arrived at feature extraction
2022-04-08 08:14:12,881 - Extracting started: [('336', '124')] being feature-extracted
2022-04-08 08:14:13,092 - Extracting completed: [('336', '124')] have been feature-extracted
2022-04-08 08:14:13,092 - hashing: 336_124 started
2022-04-08 08:14:13,092 - hashing: 336_124 completed
2022-04-08 08:14:13,101 - image 343_126 arrived at feature extraction
2022-04-08 08:14:13,101 - Extracting started: [('343', '126')] being feature-extracted
2022-04-08 08:14:13,311 - Extracting completed: [('343', '126')] have been feature-extracted
2022-04-08 08:14:13,312 - hashing: 343_126 started
2022-04-08 08:14:13,312 - hashing: 343_126 completed
2022-04-08 08:14:13,360 - image 342_126 arrived at feature extraction
2022-04-08 08:14:13,360 - Extracting started: [('342', '126')] being feature-extracted
2022-04-08 08:14:13,576 - Extracting completed: [('342', '126')] have been feature-extracted
2022-04-08 08:14:13,576 - hashing: 342_126 started
2022-04-08 08:14:13,576 - hashing: 342_126 completed
2022-04-08 08:14:13,586 - image 349_129 arrived at feature extraction
2022-04-08 08:14:13,587 - Extracting started: [('349', '129')] being feature-extracted
2022-04-08 08:14:13,815 - Extracting completed: [('349', '129')] have been feature-extracted
2022-04-08 08:14:13,816 - hashing: 349_129 started
2022-04-08 08:14:13,816 - hashing: 349_129 completed
2022-04-08 08:14:13,859 - image 348_128 arrived at feature extraction
2022-04-08 08:14:13,860 - Extracting started: [('348', '128')] being feature-extracted
2022-04-08 08:14:14,091 - Extracting completed: [('348', '128')] have been feature-extracted
2022-04-08 08:14:14,091 - hashing: 348_128 started
2022-04-08 08:14:14,091 - hashing: 348_128 completed
2022-04-08 08:14:14,136 - image 355_131 arrived at feature extraction
2022-04-08 08:14:14,137 - Extracting started: [('355', '131')] being feature-extracted
2022-04-08 08:14:14,354 - Extracting completed: [('355', '131')] have been feature-extracted
2022-04-08 08:14:14,354 - hashing: 355_131 started
2022-04-08 08:14:14,354 - hashing: 355_131 completed
2022-04-08 08:14:14,401 - image 354_131 arrived at feature extraction
2022-04-08 08:14:14,401 - Extracting started: [('354', '131')] being feature-extracted
2022-04-08 08:14:14,622 - Extracting completed: [('354', '131')] have been feature-extracted
2022-04-08 08:14:14,622 - hashing: 354_131 started
2022-04-08 08:14:14,622 - hashing: 354_131 completed
2022-04-08 08:14:14,694 - image 361_134 arrived at feature extraction
2022-04-08 08:14:14,695 - Extracting started: [('361', '134')] being feature-extracted
2022-04-08 08:14:14,911 - Extracting completed: [('361', '134')] have been feature-extracted
2022-04-08 08:14:14,911 - hashing: 361_134 started
2022-04-08 08:14:14,911 - hashing: 361_134 completed
2022-04-08 08:14:14,951 - image 360_134 arrived at feature extraction
2022-04-08 08:14:14,952 - Extracting started: [('360', '134')] being feature-extracted
2022-04-08 08:14:15,150 - Extracting completed: [('360', '134')] have been feature-extracted
2022-04-08 08:14:15,150 - hashing: 360_134 started
2022-04-08 08:14:15,151 - hashing: 360_134 completed
2022-04-08 08:14:15,159 - image 367_135 arrived at feature extraction
2022-04-08 08:14:15,159 - Extracting started: [('367', '135')] being feature-extracted
2022-04-08 08:14:15,365 - Extracting completed: [('367', '135')] have been feature-extracted
2022-04-08 08:14:15,365 - hashing: 367_135 started
2022-04-08 08:14:15,365 - hashing: 367_135 completed
2022-04-08 08:14:15,399 - image 366_135 arrived at feature extraction
2022-04-08 08:14:15,399 - Extracting started: [('366', '135')] being feature-extracted
2022-04-08 08:14:15,607 - Extracting completed: [('366', '135')] have been feature-extracted
2022-04-08 08:14:15,607 - hashing: 366_135 started
2022-04-08 08:14:15,607 - hashing: 366_135 completed
2022-04-08 08:14:15,666 - image 373_138 arrived at feature extraction
2022-04-08 08:14:15,667 - Extracting started: [('373', '138')] being feature-extracted
2022-04-08 08:14:15,893 - Extracting completed: [('373', '138')] have been feature-extracted
2022-04-08 08:14:15,893 - hashing: 373_138 started
2022-04-08 08:14:15,894 - hashing: 373_138 completed
2022-04-08 08:14:15,932 - image 372_138 arrived at feature extraction
2022-04-08 08:14:15,933 - Extracting started: [('372', '138')] being feature-extracted
2022-04-08 08:14:16,182 - Extracting completed: [('372', '138')] have been feature-extracted
2022-04-08 08:14:16,183 - hashing: 372_138 started
2022-04-08 08:14:16,183 - hashing: 372_138 completed
2022-04-08 08:14:16,195 - image 379_141 arrived at feature extraction
2022-04-08 08:14:16,195 - Extracting started: [('379', '141')] being feature-extracted
2022-04-08 08:14:16,415 - Extracting completed: [('379', '141')] have been feature-extracted
2022-04-08 08:14:16,415 - hashing: 379_141 started
2022-04-08 08:14:16,415 - hashing: 379_141 completed
2022-04-08 08:14:16,442 - image 378_140 arrived at feature extraction
2022-04-08 08:14:16,443 - Extracting started: [('378', '140')] being feature-extracted
2022-04-08 08:14:16,669 - Extracting completed: [('378', '140')] have been feature-extracted
2022-04-08 08:14:16,669 - hashing: 378_140 started
2022-04-08 08:14:16,669 - hashing: 378_140 completed
2022-04-08 08:14:16,739 - image 385_144 arrived at feature extraction
2022-04-08 08:14:16,740 - Extracting started: [('385', '144')] being feature-extracted
2022-04-08 08:14:16,974 - Extracting completed: [('385', '144')] have been feature-extracted
2022-04-08 08:14:16,975 - hashing: 385_144 started
2022-04-08 08:14:16,975 - hashing: 385_144 completed
2022-04-08 08:14:17,011 - image 384_143 arrived at feature extraction
2022-04-08 08:14:17,012 - Extracting started: [('384', '143')] being feature-extracted
2022-04-08 08:14:17,213 - Extracting completed: [('384', '143')] have been feature-extracted
2022-04-08 08:14:17,213 - hashing: 384_143 started
2022-04-08 08:14:17,213 - hashing: 384_143 completed
2022-04-08 08:14:17,278 - image 391_145 arrived at feature extraction
2022-04-08 08:14:17,279 - Extracting started: [('391', '145')] being feature-extracted
2022-04-08 08:14:17,486 - Extracting completed: [('391', '145')] have been feature-extracted
2022-04-08 08:14:17,487 - hashing: 391_145 started
2022-04-08 08:14:17,487 - hashing: 391_145 completed
2022-04-08 08:14:17,525 - image 390_145 arrived at feature extraction
2022-04-08 08:14:17,526 - Extracting started: [('390', '145')] being feature-extracted
2022-04-08 08:14:17,733 - Extracting completed: [('390', '145')] have been feature-extracted
2022-04-08 08:14:17,733 - hashing: 390_145 started
2022-04-08 08:14:17,734 - hashing: 390_145 completed
2022-04-08 08:14:17,743 - image 397_147 arrived at feature extraction
2022-04-08 08:14:17,743 - Extracting started: [('397', '147')] being feature-extracted
2022-04-08 08:14:17,958 - Extracting completed: [('397', '147')] have been feature-extracted
2022-04-08 08:14:17,959 - hashing: 397_147 started
2022-04-08 08:14:17,959 - hashing: 397_147 completed
2022-04-08 08:14:17,997 - image 396_147 arrived at feature extraction
2022-04-08 08:14:17,997 - Extracting started: [('396', '147')] being feature-extracted
2022-04-08 08:14:18,259 - Extracting completed: [('396', '147')] have been feature-extracted
2022-04-08 08:14:18,260 - hashing: 396_147 started
2022-04-08 08:14:18,260 - hashing: 396_147 completed
2022-04-08 08:14:18,325 - image 403_149 arrived at feature extraction
2022-04-08 08:14:18,326 - Extracting started: [('403', '149')] being feature-extracted
2022-04-08 08:14:18,546 - Extracting completed: [('403', '149')] have been feature-extracted
2022-04-08 08:14:18,547 - hashing: 403_149 started
2022-04-08 08:14:18,547 - hashing: 403_149 completed
2022-04-08 08:14:18,586 - image 402_149 arrived at feature extraction
2022-04-08 08:14:18,586 - Extracting started: [('402', '149')] being feature-extracted
2022-04-08 08:14:18,804 - Extracting completed: [('402', '149')] have been feature-extracted
2022-04-08 08:14:18,804 - hashing: 402_149 started
2022-04-08 08:14:18,804 - hashing: 402_149 completed
2022-04-08 08:14:18,813 - image 409_152 arrived at feature extraction
2022-04-08 08:14:18,813 - Extracting started: [('409', '152')] being feature-extracted
2022-04-08 08:14:19,026 - Extracting completed: [('409', '152')] have been feature-extracted
2022-04-08 08:14:19,026 - hashing: 409_152 started
2022-04-08 08:14:19,026 - hashing: 409_152 completed
2022-04-08 08:14:19,066 - image 408_151 arrived at feature extraction
2022-04-08 08:14:19,067 - Extracting started: [('408', '151')] being feature-extracted
2022-04-08 08:14:19,275 - Extracting completed: [('408', '151')] have been feature-extracted
2022-04-08 08:14:19,275 - hashing: 408_151 started
2022-04-08 08:14:19,275 - hashing: 408_151 completed
2022-04-08 08:14:19,350 - image 415_155 arrived at feature extraction
2022-04-08 08:14:19,351 - Extracting started: [('415', '155')] being feature-extracted
2022-04-08 08:14:19,557 - Extracting completed: [('415', '155')] have been feature-extracted
2022-04-08 08:14:19,557 - hashing: 415_155 started
2022-04-08 08:14:19,557 - hashing: 415_155 completed
2022-04-08 08:14:19,580 - image 414_154 arrived at feature extraction
2022-04-08 08:14:19,581 - Extracting started: [('414', '154')] being feature-extracted
2022-04-08 08:14:19,787 - Extracting completed: [('414', '154')] have been feature-extracted
2022-04-08 08:14:19,787 - hashing: 414_154 started
2022-04-08 08:14:19,788 - hashing: 414_154 completed
2022-04-08 08:14:19,888 - image 421_157 arrived at feature extraction
2022-04-08 08:14:19,889 - Extracting started: [('421', '157')] being feature-extracted
2022-04-08 08:14:20,112 - Extracting completed: [('421', '157')] have been feature-extracted
2022-04-08 08:14:20,112 - hashing: 421_157 started
2022-04-08 08:14:20,113 - hashing: 421_157 completed
2022-04-08 08:14:20,124 - image 420_157 arrived at feature extraction
2022-04-08 08:14:20,124 - Extracting started: [('420', '157')] being feature-extracted
2022-04-08 08:14:20,369 - Extracting completed: [('420', '157')] have been feature-extracted
2022-04-08 08:14:20,369 - hashing: 420_157 started
2022-04-08 08:14:20,369 - hashing: 420_157 completed
2022-04-08 08:14:20,400 - image 427_159 arrived at feature extraction
2022-04-08 08:14:20,401 - Extracting started: [('427', '159')] being feature-extracted
2022-04-08 08:14:20,629 - Extracting completed: [('427', '159')] have been feature-extracted
2022-04-08 08:14:20,629 - hashing: 427_159 started
2022-04-08 08:14:20,629 - hashing: 427_159 completed
2022-04-08 08:14:20,641 - image 426_159 arrived at feature extraction
2022-04-08 08:14:20,642 - Extracting started: [('426', '159')] being feature-extracted
2022-04-08 08:14:20,860 - Extracting completed: [('426', '159')] have been feature-extracted
2022-04-08 08:14:20,860 - hashing: 426_159 started
2022-04-08 08:14:20,861 - hashing: 426_159 completed
2022-04-08 08:14:20,954 - image 433_162 arrived at feature extraction
2022-04-08 08:14:20,955 - Extracting started: [('433', '162')] being feature-extracted
2022-04-08 08:14:21,169 - Extracting completed: [('433', '162')] have been feature-extracted
2022-04-08 08:14:21,169 - hashing: 433_162 started
2022-04-08 08:14:21,169 - hashing: 433_162 completed
2022-04-08 08:14:21,202 - image 432_161 arrived at feature extraction
2022-04-08 08:14:21,202 - Extracting started: [('432', '161')] being feature-extracted
2022-04-08 08:14:21,428 - Extracting completed: [('432', '161')] have been feature-extracted
2022-04-08 08:14:21,428 - hashing: 432_161 started
2022-04-08 08:14:21,428 - hashing: 432_161 completed
2022-04-08 08:14:21,437 - image 439_164 arrived at feature extraction
2022-04-08 08:14:21,437 - Extracting started: [('439', '164')] being feature-extracted
2022-04-08 08:14:21,645 - Extracting completed: [('439', '164')] have been feature-extracted
2022-04-08 08:14:21,645 - hashing: 439_164 started
2022-04-08 08:14:21,645 - hashing: 439_164 completed
2022-04-08 08:14:21,694 - image 438_164 arrived at feature extraction
2022-04-08 08:14:21,695 - Extracting started: [('438', '164')] being feature-extracted
2022-04-08 08:14:21,905 - Extracting completed: [('438', '164')] have been feature-extracted
2022-04-08 08:14:21,905 - hashing: 438_164 started
2022-04-08 08:14:21,905 - hashing: 438_164 completed
2022-04-08 08:14:21,967 - image 445_167 arrived at feature extraction
2022-04-08 08:14:21,968 - Extracting started: [('445', '167')] being feature-extracted
2022-04-08 08:14:22,178 - Extracting completed: [('445', '167')] have been feature-extracted
2022-04-08 08:14:22,178 - hashing: 445_167 started
2022-04-08 08:14:22,178 - hashing: 445_167 completed
2022-04-08 08:14:22,220 - image 444_167 arrived at feature extraction
2022-04-08 08:14:22,221 - Extracting started: [('444', '167')] being feature-extracted
2022-04-08 08:14:22,463 - Extracting completed: [('444', '167')] have been feature-extracted
2022-04-08 08:14:22,463 - hashing: 444_167 started
2022-04-08 08:14:22,463 - hashing: 444_167 completed
2022-04-08 08:14:22,534 - image 451_168 arrived at feature extraction
2022-04-08 08:14:22,534 - Extracting started: [('451', '168')] being feature-extracted
2022-04-08 08:14:22,755 - Extracting completed: [('451', '168')] have been feature-extracted
2022-04-08 08:14:22,755 - hashing: 451_168 started
2022-04-08 08:14:22,755 - hashing: 451_168 completed
2022-04-08 08:14:22,803 - image 450_168 arrived at feature extraction
2022-04-08 08:14:22,804 - Extracting started: [('450', '168')] being feature-extracted
2022-04-08 08:14:23,025 - Extracting completed: [('450', '168')] have been feature-extracted
2022-04-08 08:14:23,025 - hashing: 450_168 started
2022-04-08 08:14:23,025 - hashing: 450_168 completed
2022-04-08 08:14:23,037 - image 457_171 arrived at feature extraction
2022-04-08 08:14:23,037 - Extracting started: [('457', '171')] being feature-extracted
2022-04-08 08:14:23,256 - Extracting completed: [('457', '171')] have been feature-extracted
2022-04-08 08:14:23,256 - hashing: 457_171 started
2022-04-08 08:14:23,256 - hashing: 457_171 completed
2022-04-08 08:14:23,287 - image 456_171 arrived at feature extraction
2022-04-08 08:14:23,288 - Extracting started: [('456', '171')] being feature-extracted
2022-04-08 08:14:23,493 - Extracting completed: [('456', '171')] have been feature-extracted
2022-04-08 08:14:23,493 - hashing: 456_171 started
2022-04-08 08:14:23,493 - hashing: 456_171 completed
2022-04-08 08:14:23,537 - image 463_173 arrived at feature extraction
2022-04-08 08:14:23,538 - Extracting started: [('463', '173')] being feature-extracted
2022-04-08 08:14:23,748 - Extracting completed: [('463', '173')] have been feature-extracted
2022-04-08 08:14:23,748 - hashing: 463_173 started
2022-04-08 08:14:23,748 - hashing: 463_173 completed
2022-04-08 08:14:23,817 - image 462_173 arrived at feature extraction
2022-04-08 08:14:23,817 - Extracting started: [('462', '173')] being feature-extracted
2022-04-08 08:14:24,022 - Extracting completed: [('462', '173')] have been feature-extracted
2022-04-08 08:14:24,022 - hashing: 462_173 started
2022-04-08 08:14:24,022 - hashing: 462_173 completed
2022-04-08 08:14:24,031 - image 469_175 arrived at feature extraction
2022-04-08 08:14:24,031 - Extracting started: [('469', '175')] being feature-extracted
2022-04-08 08:14:24,242 - Extracting completed: [('469', '175')] have been feature-extracted
2022-04-08 08:14:24,242 - hashing: 469_175 started
2022-04-08 08:14:24,242 - hashing: 469_175 completed
2022-04-08 08:14:24,286 - image 468_175 arrived at feature extraction
2022-04-08 08:14:24,286 - Extracting started: [('468', '175')] being feature-extracted
2022-04-08 08:14:24,514 - Extracting completed: [('468', '175')] have been feature-extracted
2022-04-08 08:14:24,514 - hashing: 468_175 started
2022-04-08 08:14:24,515 - hashing: 468_175 completed
2022-04-08 08:14:24,559 - image 475_178 arrived at feature extraction
2022-04-08 08:14:24,560 - Extracting started: [('475', '178')] being feature-extracted
2022-04-08 08:14:24,798 - Extracting completed: [('475', '178')] have been feature-extracted
2022-04-08 08:14:24,798 - hashing: 475_178 started
2022-04-08 08:14:24,798 - hashing: 475_178 completed
2022-04-08 08:14:24,880 - image 474_178 arrived at feature extraction
2022-04-08 08:14:24,881 - Extracting started: [('474', '178')] being feature-extracted
2022-04-08 08:14:25,103 - Extracting completed: [('474', '178')] have been feature-extracted
2022-04-08 08:14:25,103 - hashing: 474_178 started
2022-04-08 08:14:25,103 - hashing: 474_178 completed
2022-04-08 08:14:25,124 - image 481_180 arrived at feature extraction
2022-04-08 08:14:25,125 - Extracting started: [('481', '180')] being feature-extracted
2022-04-08 08:14:25,340 - Extracting completed: [('481', '180')] have been feature-extracted
2022-04-08 08:14:25,341 - hashing: 481_180 started
2022-04-08 08:14:25,341 - hashing: 481_180 completed
2022-04-08 08:14:25,436 - image 480_180 arrived at feature extraction
2022-04-08 08:14:25,437 - Extracting started: [('480', '180')] being feature-extracted
2022-04-08 08:14:25,652 - Extracting completed: [('480', '180')] have been feature-extracted
2022-04-08 08:14:25,653 - hashing: 480_180 started
2022-04-08 08:14:25,653 - hashing: 480_180 completed
2022-04-08 08:14:25,662 - image 487_182 arrived at feature extraction
2022-04-08 08:14:25,662 - Extracting started: [('487', '182')] being feature-extracted
2022-04-08 08:14:25,879 - Extracting completed: [('487', '182')] have been feature-extracted
2022-04-08 08:14:25,879 - hashing: 487_182 started
2022-04-08 08:14:25,879 - hashing: 487_182 completed
2022-04-08 08:14:25,917 - image 486_182 arrived at feature extraction
2022-04-08 08:14:25,917 - Extracting started: [('486', '182')] being feature-extracted
2022-04-08 08:14:26,137 - Extracting completed: [('486', '182')] have been feature-extracted
2022-04-08 08:14:26,137 - hashing: 486_182 started
2022-04-08 08:14:26,137 - hashing: 486_182 completed
2022-04-08 08:14:26,146 - image 493_184 arrived at feature extraction
2022-04-08 08:14:26,146 - Extracting started: [('493', '184')] being feature-extracted
2022-04-08 08:14:26,370 - Extracting completed: [('493', '184')] have been feature-extracted
2022-04-08 08:14:26,370 - hashing: 493_184 started
2022-04-08 08:14:26,371 - hashing: 493_184 completed
2022-04-08 08:14:26,473 - image 492_184 arrived at feature extraction
2022-04-08 08:14:26,473 - Extracting started: [('492', '184')] being feature-extracted
2022-04-08 08:14:26,716 - Extracting completed: [('492', '184')] have been feature-extracted
2022-04-08 08:14:26,716 - hashing: 492_184 started
2022-04-08 08:14:26,716 - hashing: 492_184 completed
2022-04-08 08:14:26,728 - image 494_184 arrived at feature extraction
2022-04-08 08:14:26,728 - Extracting started: [('494', '184')] being feature-extracted
2022-04-08 08:14:26,951 - Extracting completed: [('494', '184')] have been feature-extracted
2022-04-08 08:14:26,951 - hashing: 494_184 started
2022-04-08 08:14:26,951 - hashing: 494_184 completed
2022-04-08 08:14:26,993 - image 503_188 arrived at feature extraction
2022-04-08 08:14:26,993 - Extracting started: [('503', '188')] being feature-extracted
2022-04-08 08:14:27,216 - Extracting completed: [('503', '188')] have been feature-extracted
2022-04-08 08:14:27,217 - hashing: 503_188 started
2022-04-08 08:14:27,217 - hashing: 503_188 completed
2022-04-08 08:14:27,225 - image 500_187 arrived at feature extraction
2022-04-08 08:14:27,226 - Extracting started: [('500', '187')] being feature-extracted
2022-04-08 08:14:27,437 - Extracting completed: [('500', '187')] have been feature-extracted
2022-04-08 08:14:27,437 - hashing: 500_187 started
2022-04-08 08:14:27,437 - hashing: 500_187 completed
2022-04-08 08:14:27,513 - image 509_191 arrived at feature extraction
2022-04-08 08:14:27,513 - Extracting started: [('509', '191')] being feature-extracted
2022-04-08 08:14:27,724 - Extracting completed: [('509', '191')] have been feature-extracted
2022-04-08 08:14:27,724 - hashing: 509_191 started
2022-04-08 08:14:27,725 - hashing: 509_191 completed
2022-04-08 08:14:27,733 - image 506_189 arrived at feature extraction
2022-04-08 08:14:27,733 - Extracting started: [('506', '189')] being feature-extracted
2022-04-08 08:14:27,941 - Extracting completed: [('506', '189')] have been feature-extracted
2022-04-08 08:14:27,941 - hashing: 506_189 started
2022-04-08 08:14:27,941 - hashing: 506_189 completed
2022-04-08 08:14:28,053 - image 515_193 arrived at feature extraction
2022-04-08 08:14:28,054 - Extracting started: [('515', '193')] being feature-extracted
2022-04-08 08:14:28,265 - Extracting completed: [('515', '193')] have been feature-extracted
2022-04-08 08:14:28,265 - hashing: 515_193 started
2022-04-08 08:14:28,265 - hashing: 515_193 completed
2022-04-08 08:14:28,274 - image 512_192 arrived at feature extraction
2022-04-08 08:14:28,274 - Extracting started: [('512', '192')] being feature-extracted
2022-04-08 08:14:28,483 - Extracting completed: [('512', '192')] have been feature-extracted
2022-04-08 08:14:28,483 - hashing: 512_192 started
2022-04-08 08:14:28,483 - hashing: 512_192 completed
2022-04-08 08:14:28,518 - image 521_196 arrived at feature extraction
2022-04-08 08:14:28,518 - Extracting started: [('521', '196')] being feature-extracted
2022-04-08 08:14:28,756 - Extracting completed: [('521', '196')] have been feature-extracted
2022-04-08 08:14:28,756 - hashing: 521_196 started
2022-04-08 08:14:28,756 - hashing: 521_196 completed
2022-04-08 08:14:28,767 - image 518_194 arrived at feature extraction
2022-04-08 08:14:28,767 - Extracting started: [('518', '194')] being feature-extracted
2022-04-08 08:14:29,008 - Extracting completed: [('518', '194')] have been feature-extracted
2022-04-08 08:14:29,008 - hashing: 518_194 started
2022-04-08 08:14:29,008 - hashing: 518_194 completed
2022-04-08 08:14:29,097 - image 527_197 arrived at feature extraction
2022-04-08 08:14:29,097 - Extracting started: [('527', '197')] being feature-extracted
2022-04-08 08:14:29,324 - Extracting completed: [('527', '197')] have been feature-extracted
2022-04-08 08:14:29,324 - hashing: 527_197 started
2022-04-08 08:14:29,324 - hashing: 527_197 completed
2022-04-08 08:14:29,333 - image 524_196 arrived at feature extraction
2022-04-08 08:14:29,333 - Extracting started: [('524', '196')] being feature-extracted
2022-04-08 08:14:29,551 - Extracting completed: [('524', '196')] have been feature-extracted
2022-04-08 08:14:29,551 - hashing: 524_196 started
2022-04-08 08:14:29,551 - hashing: 524_196 completed
2022-04-08 08:14:29,583 - image 533_198 arrived at feature extraction
2022-04-08 08:14:29,584 - Extracting started: [('533', '198')] being feature-extracted
2022-04-08 08:14:29,786 - Extracting completed: [('533', '198')] have been feature-extracted
2022-04-08 08:14:29,786 - hashing: 533_198 started
2022-04-08 08:14:29,786 - hashing: 533_198 completed
2022-04-08 08:14:29,798 - image 530_197 arrived at feature extraction
2022-04-08 08:14:29,798 - Extracting started: [('530', '197')] being feature-extracted
2022-04-08 08:14:30,018 - Extracting completed: [('530', '197')] have been feature-extracted
2022-04-08 08:14:30,018 - hashing: 530_197 started
2022-04-08 08:14:30,018 - hashing: 530_197 completed
2022-04-08 08:14:30,116 - image 539_201 arrived at feature extraction
2022-04-08 08:14:30,116 - Extracting started: [('539', '201')] being feature-extracted
2022-04-08 08:14:30,323 - Extracting completed: [('539', '201')] have been feature-extracted
2022-04-08 08:14:30,323 - hashing: 539_201 started
2022-04-08 08:14:30,323 - hashing: 539_201 completed
2022-04-08 08:14:30,333 - image 536_200 arrived at feature extraction
2022-04-08 08:14:30,333 - Extracting started: [('536', '200')] being feature-extracted
2022-04-08 08:14:30,540 - Extracting completed: [('536', '200')] have been feature-extracted
2022-04-08 08:14:30,540 - hashing: 536_200 started
2022-04-08 08:14:30,541 - hashing: 536_200 completed
2022-04-08 08:14:30,647 - image 545_204 arrived at feature extraction
2022-04-08 08:14:30,648 - Extracting started: [('545', '204')] being feature-extracted
2022-04-08 08:14:30,892 - Extracting completed: [('545', '204')] have been feature-extracted
2022-04-08 08:14:30,892 - hashing: 545_204 started
2022-04-08 08:14:30,892 - hashing: 545_204 completed
2022-04-08 08:14:30,902 - image 542_203 arrived at feature extraction
2022-04-08 08:14:30,902 - Extracting started: [('542', '203')] being feature-extracted
2022-04-08 08:14:31,135 - Extracting completed: [('542', '203')] have been feature-extracted
2022-04-08 08:14:31,135 - hashing: 542_203 started
2022-04-08 08:14:31,135 - hashing: 542_203 completed
2022-04-08 08:14:31,168 - image 551_207 arrived at feature extraction
2022-04-08 08:14:31,168 - Extracting started: [('551', '207')] being feature-extracted
2022-04-08 08:14:31,401 - Extracting completed: [('551', '207')] have been feature-extracted
2022-04-08 08:14:31,402 - hashing: 551_207 started
2022-04-08 08:14:31,402 - hashing: 551_207 completed
2022-04-08 08:14:31,410 - image 548_206 arrived at feature extraction
2022-04-08 08:14:31,411 - Extracting started: [('548', '206')] being feature-extracted
2022-04-08 08:14:31,645 - Extracting completed: [('548', '206')] have been feature-extracted
2022-04-08 08:14:31,646 - hashing: 548_206 started
2022-04-08 08:14:31,646 - hashing: 548_206 completed
2022-04-08 08:14:31,747 - image 557_209 arrived at feature extraction
2022-04-08 08:14:31,748 - Extracting started: [('557', '209')] being feature-extracted
2022-04-08 08:14:31,957 - Extracting completed: [('557', '209')] have been feature-extracted
2022-04-08 08:14:31,958 - hashing: 557_209 started
2022-04-08 08:14:31,958 - hashing: 557_209 completed
2022-04-08 08:14:31,968 - image 554_208 arrived at feature extraction
2022-04-08 08:14:31,968 - Extracting started: [('554', '208')] being feature-extracted
2022-04-08 08:14:32,189 - Extracting completed: [('554', '208')] have been feature-extracted
2022-04-08 08:14:32,189 - hashing: 554_208 started
2022-04-08 08:14:32,189 - hashing: 554_208 completed
2022-04-08 08:14:32,216 - image 563_212 arrived at feature extraction
2022-04-08 08:14:32,217 - Extracting started: [('563', '212')] being feature-extracted
2022-04-08 08:14:32,425 - Extracting completed: [('563', '212')] have been feature-extracted
2022-04-08 08:14:32,425 - hashing: 563_212 started
2022-04-08 08:14:32,425 - hashing: 563_212 completed
2022-04-08 08:14:32,433 - image 560_211 arrived at feature extraction
2022-04-08 08:14:32,434 - Extracting started: [('560', '211')] being feature-extracted
2022-04-08 08:14:32,638 - Extracting completed: [('560', '211')] have been feature-extracted
2022-04-08 08:14:32,638 - hashing: 560_211 started
2022-04-08 08:14:32,638 - hashing: 560_211 completed
2022-04-08 08:14:32,752 - image 569_214 arrived at feature extraction
2022-04-08 08:14:32,753 - Extracting started: [('569', '214')] being feature-extracted
2022-04-08 08:14:32,988 - Extracting completed: [('569', '214')] have been feature-extracted
2022-04-08 08:14:32,988 - hashing: 569_214 started
2022-04-08 08:14:32,988 - hashing: 569_214 completed
2022-04-08 08:14:32,997 - image 571_215 arrived at feature extraction
2022-04-08 08:14:32,997 - Extracting started: [('571', '215')] being feature-extracted
2022-04-08 08:14:33,226 - Extracting completed: [('571', '215')] have been feature-extracted
2022-04-08 08:14:33,226 - hashing: 571_215 started
2022-04-08 08:14:33,226 - hashing: 571_215 completed
2022-04-08 08:14:33,328 - image 570_214 arrived at feature extraction
2022-04-08 08:14:33,328 - Extracting started: [('570', '214')] being feature-extracted
2022-04-08 08:14:33,550 - Extracting completed: [('570', '214')] have been feature-extracted
2022-04-08 08:14:33,550 - hashing: 570_214 started
2022-04-08 08:14:33,550 - hashing: 570_214 completed
2022-04-08 08:14:33,560 - image 577_218 arrived at feature extraction
2022-04-08 08:14:33,561 - Extracting started: [('577', '218')] being feature-extracted
2022-04-08 08:14:33,769 - Extracting completed: [('577', '218')] have been feature-extracted
2022-04-08 08:14:33,769 - hashing: 577_218 started
2022-04-08 08:14:33,770 - hashing: 577_218 completed
2022-04-08 08:14:33,804 - image 576_217 arrived at feature extraction
2022-04-08 08:14:33,805 - Extracting started: [('576', '217')] being feature-extracted
2022-04-08 08:14:34,022 - Extracting completed: [('576', '217')] have been feature-extracted
2022-04-08 08:14:34,023 - hashing: 576_217 started
2022-04-08 08:14:34,023 - hashing: 576_217 completed
2022-04-08 08:14:34,031 - image 583_220 arrived at feature extraction
2022-04-08 08:14:34,031 - Extracting started: [('583', '220')] being feature-extracted
2022-04-08 08:14:34,241 - Extracting completed: [('583', '220')] have been feature-extracted
2022-04-08 08:14:34,242 - hashing: 583_220 started
2022-04-08 08:14:34,242 - hashing: 583_220 completed
2022-04-08 08:14:34,339 - image 582_220 arrived at feature extraction
2022-04-08 08:14:34,340 - Extracting started: [('582', '220')] being feature-extracted
2022-04-08 08:14:34,545 - Extracting completed: [('582', '220')] have been feature-extracted
2022-04-08 08:14:34,545 - hashing: 582_220 started
2022-04-08 08:14:34,545 - hashing: 582_220 completed
2022-04-08 08:14:34,554 - image 589_222 arrived at feature extraction
2022-04-08 08:14:34,555 - Extracting started: [('589', '222')] being feature-extracted
2022-04-08 08:14:34,758 - Extracting completed: [('589', '222')] have been feature-extracted
2022-04-08 08:14:34,759 - hashing: 589_222 started
2022-04-08 08:14:34,759 - hashing: 589_222 completed
2022-04-08 08:14:34,767 - image 593_223 arrived at feature extraction
2022-04-08 08:14:34,768 - Extracting started: [('593', '223')] being feature-extracted
2022-04-08 08:14:34,988 - Extracting completed: [('593', '223')] have been feature-extracted
2022-04-08 08:14:34,988 - hashing: 593_223 started
2022-04-08 08:14:34,988 - hashing: 593_223 completed
2022-04-08 08:14:35,028 - image 590_222 arrived at feature extraction
2022-04-08 08:14:35,028 - Extracting started: [('590', '222')] being feature-extracted
2022-04-08 08:14:35,269 - Extracting completed: [('590', '222')] have been feature-extracted
2022-04-08 08:14:35,269 - hashing: 590_222 started
2022-04-08 08:14:35,269 - hashing: 590_222 completed
2022-04-08 08:14:35,376 - image 599_225 arrived at feature extraction
2022-04-08 08:14:35,376 - Extracting started: [('599', '225')] being feature-extracted
2022-04-08 08:14:35,599 - Extracting completed: [('599', '225')] have been feature-extracted
2022-04-08 08:14:35,600 - hashing: 599_225 started
2022-04-08 08:14:35,600 - hashing: 599_225 completed
2022-04-08 08:14:35,620 - image 596_224 arrived at feature extraction
2022-04-08 08:14:35,621 - Extracting started: [('596', '224')] being feature-extracted
2022-04-08 08:14:35,832 - Extracting completed: [('596', '224')] have been feature-extracted
2022-04-08 08:14:35,832 - hashing: 596_224 started
2022-04-08 08:14:35,833 - hashing: 596_224 completed
2022-04-08 08:14:35,879 - image 605_227 arrived at feature extraction
2022-04-08 08:14:35,880 - Extracting started: [('605', '227')] being feature-extracted
2022-04-08 08:14:36,095 - Extracting completed: [('605', '227')] have been feature-extracted
2022-04-08 08:14:36,095 - hashing: 605_227 started
2022-04-08 08:14:36,095 - hashing: 605_227 completed
2022-04-08 08:14:36,104 - image 602_226 arrived at feature extraction
2022-04-08 08:14:36,105 - Extracting started: [('602', '226')] being feature-extracted
2022-04-08 08:14:36,319 - Extracting completed: [('602', '226')] have been feature-extracted
2022-04-08 08:14:36,319 - hashing: 602_226 started
2022-04-08 08:14:36,319 - hashing: 602_226 completed
2022-04-08 08:14:36,347 - image 606_227 arrived at feature extraction
2022-04-08 08:14:36,348 - Extracting started: [('606', '227')] being feature-extracted
2022-04-08 08:14:36,566 - Extracting completed: [('606', '227')] have been feature-extracted
2022-04-08 08:14:36,567 - hashing: 606_227 started
2022-04-08 08:14:36,567 - hashing: 606_227 completed
2022-04-08 08:14:36,580 - image 613_227 arrived at feature extraction
2022-04-08 08:14:36,580 - Extracting started: [('613', '227')] being feature-extracted
2022-04-08 08:14:36,795 - Extracting completed: [('613', '227')] have been feature-extracted
2022-04-08 08:14:36,795 - hashing: 613_227 started
2022-04-08 08:14:36,795 - hashing: 613_227 completed
2022-04-08 08:14:36,870 - image 617_229 arrived at feature extraction
2022-04-08 08:14:36,871 - Extracting started: [('617', '229')] being feature-extracted
2022-04-08 08:14:37,102 - Extracting completed: [('617', '229')] have been feature-extracted
2022-04-08 08:14:37,102 - hashing: 617_229 started
2022-04-08 08:14:37,102 - hashing: 617_229 completed
2022-04-08 08:14:37,115 - image 614_227 arrived at feature extraction
2022-04-08 08:14:37,115 - Extracting started: [('614', '227')] being feature-extracted
2022-04-08 08:14:37,351 - Extracting completed: [('614', '227')] have been feature-extracted
2022-04-08 08:14:37,351 - hashing: 614_227 started
2022-04-08 08:14:37,351 - hashing: 614_227 completed
2022-04-08 08:14:37,364 - image 623_231 arrived at feature extraction
2022-04-08 08:14:37,365 - Extracting started: [('623', '231')] being feature-extracted
2022-04-08 08:14:37,610 - Extracting completed: [('623', '231')] have been feature-extracted
2022-04-08 08:14:37,610 - hashing: 623_231 started
2022-04-08 08:14:37,610 - hashing: 623_231 completed
2022-04-08 08:14:37,620 - image 620_230 arrived at feature extraction
2022-04-08 08:14:37,620 - Extracting started: [('620', '230')] being feature-extracted
2022-04-08 08:14:37,837 - Extracting completed: [('620', '230')] have been feature-extracted
2022-04-08 08:14:37,837 - hashing: 620_230 started
2022-04-08 08:14:37,837 - hashing: 620_230 completed
2022-04-08 08:14:37,847 - image 629_232 arrived at feature extraction
2022-04-08 08:14:37,847 - Extracting started: [('629', '232')] being feature-extracted
2022-04-08 08:14:38,059 - Extracting completed: [('629', '232')] have been feature-extracted
2022-04-08 08:14:38,059 - hashing: 629_232 started
2022-04-08 08:14:38,060 - hashing: 629_232 completed
2022-04-08 08:14:38,069 - image 626_232 arrived at feature extraction
2022-04-08 08:14:38,069 - Extracting started: [('626', '232')] being feature-extracted
2022-04-08 08:14:38,282 - Extracting completed: [('626', '232')] have been feature-extracted
2022-04-08 08:14:38,283 - hashing: 626_232 started
2022-04-08 08:14:38,283 - hashing: 626_232 completed
2022-04-08 08:14:38,292 - image 635_234 arrived at feature extraction
2022-04-08 08:14:38,292 - Extracting started: [('635', '234')] being feature-extracted
2022-04-08 08:14:38,517 - Extracting completed: [('635', '234')] have been feature-extracted
2022-04-08 08:14:38,517 - hashing: 635_234 started
2022-04-08 08:14:38,517 - hashing: 635_234 completed
2022-04-08 08:14:38,527 - image 632_233 arrived at feature extraction
2022-04-08 08:14:38,527 - Extracting started: [('632', '233')] being feature-extracted
2022-04-08 08:14:38,745 - Extracting completed: [('632', '233')] have been feature-extracted
2022-04-08 08:14:38,745 - hashing: 632_233 started
2022-04-08 08:14:38,745 - hashing: 632_233 completed
2022-04-08 08:14:38,755 - image 641_236 arrived at feature extraction
2022-04-08 08:14:38,755 - Extracting started: [('641', '236')] being feature-extracted
2022-04-08 08:14:38,982 - Extracting completed: [('641', '236')] have been feature-extracted
2022-04-08 08:14:38,982 - hashing: 641_236 started
2022-04-08 08:14:38,982 - hashing: 641_236 completed
2022-04-08 08:14:38,992 - image 638_235 arrived at feature extraction
2022-04-08 08:14:38,992 - Extracting started: [('638', '235')] being feature-extracted
2022-04-08 08:14:39,252 - Extracting completed: [('638', '235')] have been feature-extracted
2022-04-08 08:14:39,252 - hashing: 638_235 started
2022-04-08 08:14:39,252 - hashing: 638_235 completed
2022-04-08 08:14:39,295 - image 642_236 arrived at feature extraction
2022-04-08 08:14:39,295 - Extracting started: [('642', '236')] being feature-extracted
2022-04-08 08:14:39,561 - Extracting completed: [('642', '236')] have been feature-extracted
2022-04-08 08:14:39,561 - hashing: 642_236 started
2022-04-08 08:14:39,562 - hashing: 642_236 completed
2022-04-08 08:14:39,574 - image 649_240 arrived at feature extraction
2022-04-08 08:14:39,574 - Extracting started: [('649', '240')] being feature-extracted
2022-04-08 08:14:39,823 - Extracting completed: [('649', '240')] have been feature-extracted
2022-04-08 08:14:39,823 - hashing: 649_240 started
2022-04-08 08:14:39,823 - hashing: 649_240 completed
2022-04-08 08:14:39,871 - image 648_239 arrived at feature extraction
2022-04-08 08:14:39,871 - Extracting started: [('648', '239')] being feature-extracted
2022-04-08 08:14:40,091 - Extracting completed: [('648', '239')] have been feature-extracted
2022-04-08 08:14:40,092 - hashing: 648_239 started
2022-04-08 08:14:40,092 - hashing: 648_239 completed
2022-04-08 08:14:40,101 - image 655_242 arrived at feature extraction
2022-04-08 08:14:40,101 - Extracting started: [('655', '242')] being feature-extracted
2022-04-08 08:14:40,320 - Extracting completed: [('655', '242')] have been feature-extracted
2022-04-08 08:14:40,320 - hashing: 655_242 started
2022-04-08 08:14:40,320 - hashing: 655_242 completed
2022-04-08 08:14:40,427 - image 654_241 arrived at feature extraction
2022-04-08 08:14:40,428 - Extracting started: [('654', '241')] being feature-extracted
2022-04-08 08:14:40,647 - Extracting completed: [('654', '241')] have been feature-extracted
2022-04-08 08:14:40,647 - hashing: 654_241 started
2022-04-08 08:14:40,647 - hashing: 654_241 completed
2022-04-08 08:14:40,657 - image 656_242 arrived at feature extraction
2022-04-08 08:14:40,657 - Extracting started: [('656', '242')] being feature-extracted
2022-04-08 08:14:40,886 - Extracting completed: [('656', '242')] have been feature-extracted
2022-04-08 08:14:40,886 - hashing: 656_242 started
2022-04-08 08:14:40,886 - hashing: 656_242 completed
2022-04-08 08:14:40,897 - image 665_245 arrived at feature extraction
2022-04-08 08:14:40,897 - Extracting started: [('665', '245')] being feature-extracted
2022-04-08 08:14:41,158 - Extracting completed: [('665', '245')] have been feature-extracted
2022-04-08 08:14:41,158 - hashing: 665_245 started
2022-04-08 08:14:41,159 - hashing: 665_245 completed
2022-04-08 08:14:41,168 - image 662_244 arrived at feature extraction
2022-04-08 08:14:41,168 - Extracting started: [('662', '244')] being feature-extracted
2022-04-08 08:14:41,385 - Extracting completed: [('662', '244')] have been feature-extracted
2022-04-08 08:14:41,385 - hashing: 662_244 started
2022-04-08 08:14:41,386 - hashing: 662_244 completed
2022-04-08 08:14:41,398 - image 664_245 arrived at feature extraction
2022-04-08 08:14:41,398 - Extracting started: [('664', '245')] being feature-extracted
2022-04-08 08:14:41,638 - Extracting completed: [('664', '245')] have been feature-extracted
2022-04-08 08:14:41,638 - hashing: 664_245 started
2022-04-08 08:14:41,638 - hashing: 664_245 completed
2022-04-08 08:14:41,647 - image 675_250 arrived at feature extraction
2022-04-08 08:14:41,647 - Extracting started: [('675', '250')] being feature-extracted
2022-04-08 08:14:41,896 - Extracting completed: [('675', '250')] have been feature-extracted
2022-04-08 08:14:41,896 - hashing: 675_250 started
2022-04-08 08:14:41,896 - hashing: 675_250 completed
2022-04-08 08:14:41,905 - image 677_251 arrived at feature extraction
2022-04-08 08:14:41,905 - Extracting started: [('677', '251')] being feature-extracted
2022-04-08 08:14:42,117 - Extracting completed: [('677', '251')] have been feature-extracted
2022-04-08 08:14:42,117 - hashing: 677_251 started
2022-04-08 08:14:42,117 - hashing: 677_251 completed
2022-04-08 08:14:42,133 - image 674_249 arrived at feature extraction
2022-04-08 08:14:42,133 - Extracting started: [('674', '249')] being feature-extracted
2022-04-08 08:14:42,347 - Extracting completed: [('674', '249')] have been feature-extracted
2022-04-08 08:14:42,347 - hashing: 674_249 started
2022-04-08 08:14:42,348 - hashing: 674_249 completed
2022-04-08 08:14:42,356 - image 676_250 arrived at feature extraction
2022-04-08 08:14:42,357 - Extracting started: [('676', '250')] being feature-extracted
2022-04-08 08:14:42,572 - Extracting completed: [('676', '250')] have been feature-extracted
2022-04-08 08:14:42,572 - hashing: 676_250 started
2022-04-08 08:14:42,572 - hashing: 676_250 completed
2022-04-08 08:14:42,581 - image 680_252 arrived at feature extraction
2022-04-08 08:14:42,581 - Extracting started: [('680', '252')] being feature-extracted
2022-04-08 08:14:42,792 - Extracting completed: [('680', '252')] have been feature-extracted
2022-04-08 08:14:42,793 - hashing: 680_252 started
2022-04-08 08:14:42,793 - hashing: 680_252 completed
2022-04-08 08:14:42,801 - image 689_255 arrived at feature extraction
2022-04-08 08:14:42,802 - Extracting started: [('689', '255')] being feature-extracted
2022-04-08 08:14:43,027 - Extracting completed: [('689', '255')] have been feature-extracted
2022-04-08 08:14:43,027 - hashing: 689_255 started
2022-04-08 08:14:43,027 - hashing: 689_255 completed
2022-04-08 08:14:43,036 - image 686_254 arrived at feature extraction
2022-04-08 08:14:43,036 - Extracting started: [('686', '254')] being feature-extracted
2022-04-08 08:14:43,291 - Extracting completed: [('686', '254')] have been feature-extracted
2022-04-08 08:14:43,291 - hashing: 686_254 started
2022-04-08 08:14:43,291 - hashing: 686_254 completed
2022-04-08 08:14:43,300 - image 695_257 arrived at feature extraction
2022-04-08 08:14:43,300 - Extracting started: [('695', '257')] being feature-extracted
2022-04-08 08:14:43,529 - Extracting completed: [('695', '257')] have been feature-extracted
2022-04-08 08:14:43,529 - hashing: 695_257 started
2022-04-08 08:14:43,529 - hashing: 695_257 completed
2022-04-08 08:14:43,538 - image 692_257 arrived at feature extraction
2022-04-08 08:14:43,538 - Extracting started: [('692', '257')] being feature-extracted
2022-04-08 08:14:43,747 - Extracting completed: [('692', '257')] have been feature-extracted
2022-04-08 08:14:43,747 - hashing: 692_257 started
2022-04-08 08:14:43,747 - hashing: 692_257 completed
2022-04-08 08:14:43,757 - image 701_260 arrived at feature extraction
2022-04-08 08:14:43,757 - Extracting started: [('701', '260')] being feature-extracted
2022-04-08 08:14:43,990 - Extracting completed: [('701', '260')] have been feature-extracted
2022-04-08 08:14:43,991 - hashing: 701_260 started
2022-04-08 08:14:43,991 - hashing: 701_260 completed
2022-04-08 08:14:44,000 - image 698_258 arrived at feature extraction
2022-04-08 08:14:44,000 - Extracting started: [('698', '258')] being feature-extracted
2022-04-08 08:14:44,227 - Extracting completed: [('698', '258')] have been feature-extracted
2022-04-08 08:14:44,227 - hashing: 698_258 started
2022-04-08 08:14:44,227 - hashing: 698_258 completed
2022-04-08 08:14:44,237 - image 707_262 arrived at feature extraction
2022-04-08 08:14:44,237 - Extracting started: [('707', '262')] being feature-extracted
2022-04-08 08:14:44,458 - Extracting completed: [('707', '262')] have been feature-extracted
2022-04-08 08:14:44,458 - hashing: 707_262 started
2022-04-08 08:14:44,458 - hashing: 707_262 completed
2022-04-08 08:14:44,461 - image 704_261 arrived at feature extraction
2022-04-08 08:14:44,461 - Extracting started: [('704', '261')] being feature-extracted
2022-04-08 08:14:44,676 - Extracting completed: [('704', '261')] have been feature-extracted
2022-04-08 08:14:44,676 - hashing: 704_261 started
2022-04-08 08:14:44,676 - hashing: 704_261 completed
2022-04-08 08:14:44,687 - image 713_264 arrived at feature extraction
2022-04-08 08:14:44,687 - Extracting started: [('713', '264')] being feature-extracted
2022-04-08 08:14:44,943 - Extracting completed: [('713', '264')] have been feature-extracted
2022-04-08 08:14:44,943 - hashing: 713_264 started
2022-04-08 08:14:44,943 - hashing: 713_264 completed
2022-04-08 08:14:44,962 - image 710_263 arrived at feature extraction
2022-04-08 08:14:44,962 - Extracting started: [('710', '263')] being feature-extracted
2022-04-08 08:14:45,219 - Extracting completed: [('710', '263')] have been feature-extracted
2022-04-08 08:14:45,219 - hashing: 710_263 started
2022-04-08 08:14:45,219 - hashing: 710_263 completed
2022-04-08 08:14:45,223 - image 719_266 arrived at feature extraction
2022-04-08 08:14:45,223 - Extracting started: [('719', '266')] being feature-extracted
2022-04-08 08:14:45,454 - Extracting completed: [('719', '266')] have been feature-extracted
2022-04-08 08:14:45,454 - hashing: 719_266 started
2022-04-08 08:14:45,454 - hashing: 719_266 completed
2022-04-08 08:14:45,471 - image 723_267 arrived at feature extraction
2022-04-08 08:14:45,472 - Extracting started: [('723', '267')] being feature-extracted
2022-04-08 08:14:45,688 - Extracting completed: [('723', '267')] have been feature-extracted
2022-04-08 08:14:45,689 - hashing: 723_267 started
2022-04-08 08:14:45,689 - hashing: 723_267 completed
2022-04-08 08:14:45,699 - image 725_267 arrived at feature extraction
2022-04-08 08:14:45,699 - Extracting started: [('725', '267')] being feature-extracted
2022-04-08 08:14:45,915 - Extracting completed: [('725', '267')] have been feature-extracted
2022-04-08 08:14:45,915 - hashing: 725_267 started
2022-04-08 08:14:45,915 - hashing: 725_267 completed
2022-04-08 08:14:45,926 - image 722_267 arrived at feature extraction
2022-04-08 08:14:45,926 - Extracting started: [('722', '267')] being feature-extracted
2022-04-08 08:14:46,165 - Extracting completed: [('722', '267')] have been feature-extracted
2022-04-08 08:14:46,165 - hashing: 722_267 started
2022-04-08 08:14:46,165 - hashing: 722_267 completed
2022-04-08 08:14:46,175 - image 731_268 arrived at feature extraction
2022-04-08 08:14:46,175 - Extracting started: [('731', '268')] being feature-extracted
2022-04-08 08:14:46,403 - Extracting completed: [('731', '268')] have been feature-extracted
2022-04-08 08:14:46,403 - hashing: 731_268 started
2022-04-08 08:14:46,403 - hashing: 731_268 completed
2022-04-08 08:14:46,412 - image 735_269 arrived at feature extraction
2022-04-08 08:14:46,413 - Extracting started: [('735', '269')] being feature-extracted
2022-04-08 08:14:46,633 - Extracting completed: [('735', '269')] have been feature-extracted
2022-04-08 08:14:46,634 - hashing: 735_269 started
2022-04-08 08:14:46,634 - hashing: 735_269 completed
2022-04-08 08:14:46,644 - image 737_269 arrived at feature extraction
2022-04-08 08:14:46,644 - Extracting started: [('737', '269')] being feature-extracted
2022-04-08 08:14:46,901 - Extracting completed: [('737', '269')] have been feature-extracted
2022-04-08 08:14:46,901 - hashing: 737_269 started
2022-04-08 08:14:46,901 - hashing: 737_269 completed
2022-04-08 08:14:46,914 - image 734_268 arrived at feature extraction
2022-04-08 08:14:46,915 - Extracting started: [('734', '268')] being feature-extracted
2022-04-08 08:14:47,184 - Extracting completed: [('734', '268')] have been feature-extracted
2022-04-08 08:14:47,185 - hashing: 734_268 started
2022-04-08 08:14:47,185 - hashing: 734_268 completed
2022-04-08 08:14:47,195 - image 743_272 arrived at feature extraction
2022-04-08 08:14:47,195 - Extracting started: [('743', '272')] being feature-extracted
2022-04-08 08:14:47,423 - Extracting completed: [('743', '272')] have been feature-extracted
2022-04-08 08:14:47,423 - hashing: 743_272 started
2022-04-08 08:14:47,423 - hashing: 743_272 completed
2022-04-08 08:14:47,432 - image 740_271 arrived at feature extraction
2022-04-08 08:14:47,432 - Extracting started: [('740', '271')] being feature-extracted
2022-04-08 08:14:47,647 - Extracting completed: [('740', '271')] have been feature-extracted
2022-04-08 08:14:47,648 - hashing: 740_271 started
2022-04-08 08:14:47,648 - hashing: 740_271 completed
2022-04-08 08:14:47,657 - image 742_272 arrived at feature extraction
2022-04-08 08:14:47,657 - Extracting started: [('742', '272')] being feature-extracted
2022-04-08 08:14:47,872 - Extracting completed: [('742', '272')] have been feature-extracted
2022-04-08 08:14:47,873 - hashing: 742_272 started
2022-04-08 08:14:47,873 - hashing: 742_272 completed
2022-04-08 08:14:47,884 - image 753_275 arrived at feature extraction
2022-04-08 08:14:47,884 - Extracting started: [('753', '275')] being feature-extracted
2022-04-08 08:14:48,106 - Extracting completed: [('753', '275')] have been feature-extracted
2022-04-08 08:14:48,106 - hashing: 753_275 started
2022-04-08 08:14:48,107 - hashing: 753_275 completed
2022-04-08 08:14:48,119 - image 755_276 arrived at feature extraction
2022-04-08 08:14:48,119 - Extracting started: [('755', '276')] being feature-extracted
2022-04-08 08:14:48,359 - Extracting completed: [('755', '276')] have been feature-extracted
2022-04-08 08:14:48,359 - hashing: 755_276 started
2022-04-08 08:14:48,360 - hashing: 755_276 completed
2022-04-08 08:14:48,371 - image 752_275 arrived at feature extraction
2022-04-08 08:14:48,371 - Extracting started: [('752', '275')] being feature-extracted
2022-04-08 08:14:48,660 - Extracting completed: [('752', '275')] have been feature-extracted
2022-04-08 08:14:48,661 - hashing: 752_275 started
2022-04-08 08:14:48,661 - hashing: 752_275 completed
2022-04-08 08:14:48,672 - image 754_275 arrived at feature extraction
2022-04-08 08:14:48,673 - Extracting started: [('754', '275')] being feature-extracted
2022-04-08 08:14:48,943 - Extracting completed: [('754', '275')] have been feature-extracted
2022-04-08 08:14:48,943 - hashing: 754_275 started
2022-04-08 08:14:48,943 - hashing: 754_275 completed
2022-04-08 08:14:48,953 - image 765_280 arrived at feature extraction
2022-04-08 08:14:48,953 - Extracting started: [('765', '280')] being feature-extracted
2022-04-08 08:14:49,209 - Extracting completed: [('765', '280')] have been feature-extracted
2022-04-08 08:14:49,209 - hashing: 765_280 started
2022-04-08 08:14:49,209 - hashing: 765_280 completed
2022-04-08 08:14:49,220 - image 767_280 arrived at feature extraction
2022-04-08 08:14:49,220 - Extracting started: [('767', '280')] being feature-extracted
2022-04-08 08:14:49,450 - Extracting completed: [('767', '280')] have been feature-extracted
2022-04-08 08:14:49,450 - hashing: 767_280 started
2022-04-08 08:14:49,450 - hashing: 767_280 completed
2022-04-08 08:14:49,459 - image 771_282 arrived at feature extraction
2022-04-08 08:14:49,459 - Extracting started: [('771', '282')] being feature-extracted
2022-04-08 08:14:49,678 - Extracting completed: [('771', '282')] have been feature-extracted
2022-04-08 08:14:49,678 - hashing: 771_282 started
2022-04-08 08:14:49,678 - hashing: 771_282 completed
2022-04-08 08:14:49,689 - image 773_283 arrived at feature extraction
2022-04-08 08:14:49,689 - Extracting started: [('773', '283')] being feature-extracted
2022-04-08 08:14:49,911 - Extracting completed: [('773', '283')] have been feature-extracted
2022-04-08 08:14:49,911 - hashing: 773_283 started
2022-04-08 08:14:49,911 - hashing: 773_283 completed
2022-04-08 08:14:49,920 - image 770_282 arrived at feature extraction
2022-04-08 08:14:49,921 - Extracting started: [('770', '282')] being feature-extracted
2022-04-08 08:14:50,147 - Extracting completed: [('770', '282')] have been feature-extracted
2022-04-08 08:14:50,147 - hashing: 770_282 started
2022-04-08 08:14:50,147 - hashing: 770_282 completed
2022-04-08 08:14:50,163 - image 779_286 arrived at feature extraction
2022-04-08 08:14:50,163 - Extracting started: [('779', '286')] being feature-extracted
2022-04-08 08:14:50,412 - Extracting completed: [('779', '286')] have been feature-extracted
2022-04-08 08:14:50,412 - hashing: 779_286 started
2022-04-08 08:14:50,413 - hashing: 779_286 completed
2022-04-08 08:14:50,422 - image 776_285 arrived at feature extraction
2022-04-08 08:14:50,422 - Extracting started: [('776', '285')] being feature-extracted
2022-04-08 08:14:50,695 - Extracting completed: [('776', '285')] have been feature-extracted
2022-04-08 08:14:50,696 - hashing: 776_285 started
2022-04-08 08:14:50,696 - hashing: 776_285 completed
2022-04-08 08:14:50,708 - image 785_289 arrived at feature extraction
2022-04-08 08:14:50,708 - Extracting started: [('785', '289')] being feature-extracted
2022-04-08 08:14:50,955 - Extracting completed: [('785', '289')] have been feature-extracted
2022-04-08 08:14:50,955 - hashing: 785_289 started
2022-04-08 08:14:50,955 - hashing: 785_289 completed
2022-04-08 08:14:50,964 - image 789_290 arrived at feature extraction
2022-04-08 08:14:50,964 - Extracting started: [('789', '290')] being feature-extracted
2022-04-08 08:14:51,190 - Extracting completed: [('789', '290')] have been feature-extracted
2022-04-08 08:14:51,191 - hashing: 789_290 started
2022-04-08 08:14:51,191 - hashing: 789_290 completed
2022-04-08 08:14:51,206 - image 784_288 arrived at feature extraction
2022-04-08 08:14:51,206 - Extracting started: [('784', '288')] being feature-extracted
2022-04-08 08:14:51,431 - Extracting completed: [('784', '288')] have been feature-extracted
2022-04-08 08:14:51,431 - hashing: 784_288 started
2022-04-08 08:14:51,431 - hashing: 784_288 completed
2022-04-08 08:14:51,440 - image 795_292 arrived at feature extraction
2022-04-08 08:14:51,441 - Extracting started: [('795', '292')] being feature-extracted
2022-04-08 08:14:51,683 - Extracting completed: [('795', '292')] have been feature-extracted
2022-04-08 08:14:51,683 - hashing: 795_292 started
2022-04-08 08:14:51,683 - hashing: 795_292 completed
2022-04-08 08:14:51,693 - image 799_294 arrived at feature extraction
2022-04-08 08:14:51,693 - Extracting started: [('799', '294')] being feature-extracted
2022-04-08 08:14:51,917 - Extracting completed: [('799', '294')] have been feature-extracted
2022-04-08 08:14:51,917 - hashing: 799_294 started
2022-04-08 08:14:51,917 - hashing: 799_294 completed
2022-04-08 08:14:51,926 - image 792_291 arrived at feature extraction
2022-04-08 08:14:51,926 - Extracting started: [('792', '291')] being feature-extracted
2022-04-08 08:14:52,155 - Extracting completed: [('792', '291')] have been feature-extracted
2022-04-08 08:14:52,156 - hashing: 792_291 started
2022-04-08 08:14:52,156 - hashing: 792_291 completed
2022-04-08 08:14:52,164 - image 796_293 arrived at feature extraction
2022-04-08 08:14:52,165 - Extracting started: [('796', '293')] being feature-extracted
2022-04-08 08:14:52,377 - Extracting completed: [('796', '293')] have been feature-extracted
2022-04-08 08:14:52,378 - hashing: 796_293 started
2022-04-08 08:14:52,378 - hashing: 796_293 completed
2022-04-08 08:14:52,380 - image 800_295 arrived at feature extraction
2022-04-08 08:14:52,380 - Extracting started: [('800', '295')] being feature-extracted
2022-04-08 08:14:52,643 - Extracting completed: [('800', '295')] have been feature-extracted
2022-04-08 08:14:52,643 - hashing: 800_295 started
2022-04-08 08:14:52,644 - hashing: 800_295 completed
2022-04-08 08:14:52,647 - image 802_296 arrived at feature extraction
2022-04-08 08:14:52,647 - Extracting started: [('802', '296')] being feature-extracted
2022-04-08 08:14:52,859 - Extracting completed: [('802', '296')] have been feature-extracted
2022-04-08 08:14:52,859 - hashing: 802_296 started
2022-04-08 08:14:52,859 - hashing: 802_296 completed
2022-04-08 08:14:52,861 - image 806_297 arrived at feature extraction
2022-04-08 08:14:52,861 - Extracting started: [('806', '297')] being feature-extracted
2022-04-08 08:14:53,073 - Extracting completed: [('806', '297')] have been feature-extracted
2022-04-08 08:14:53,073 - hashing: 806_297 started
2022-04-08 08:14:53,074 - hashing: 806_297 completed
2022-04-08 08:14:53,076 - image 0_0 arrived at feature extraction
2022-04-08 08:14:53,077 - Closing connection (200): Normal shutdown
2022-04-08 08:14:53,077 - Closing channel (200): 'Normal shutdown' on <Channel number=1 OPEN conn=<SelectConnection OPEN transport=<pika.adapters.utils.io_services_utils._AsyncPlaintextTransport object at 0x11ae3c4c0> params=<ConnectionParameters host=localhost port=5672 virtual_host=/ ssl=False>>>
2022-04-08 08:14:53,078 - Received <Channel.CloseOk> on <Channel number=1 CLOSING conn=<SelectConnection OPEN transport=<pika.adapters.utils.io_services_utils._AsyncPlaintextTransport object at 0x11ae3c4c0> params=<ConnectionParameters host=localhost port=5672 virtual_host=/ ssl=False>>>
2022-04-08 08:14:53,078 - Closing connection (200): 'Normal shutdown'
2022-04-08 08:14:53,079 - Aborting transport connection: state=1; <socket.socket fd=22, family=AddressFamily.AF_INET, type=SocketKind.SOCK_STREAM, proto=6, laddr=('127.0.0.1', 50514), raddr=('127.0.0.1', 5672)>
2022-04-08 08:14:53,079 - _AsyncTransportBase._initate_abort(): Initiating abrupt asynchronous transport shutdown: state=1; error=None; <socket.socket fd=22, family=AddressFamily.AF_INET, type=SocketKind.SOCK_STREAM, proto=6, laddr=('127.0.0.1', 50514), raddr=('127.0.0.1', 5672)>
2022-04-08 08:14:53,079 - Deactivating transport: state=1; <socket.socket fd=22, family=AddressFamily.AF_INET, type=SocketKind.SOCK_STREAM, proto=6, laddr=('127.0.0.1', 50514), raddr=('127.0.0.1', 5672)>
2022-04-08 08:14:53,079 - AMQP stack terminated, failed to connect, or aborted: opened=True, error-arg=None; pending-error=ConnectionClosedByClient: (200) 'Normal shutdown'
2022-04-08 08:14:53,079 - Stack terminated due to ConnectionClosedByClient: (200) 'Normal shutdown'
2022-04-08 08:14:53,080 - Closing transport socket and unlinking: state=3; <socket.socket fd=22, family=AddressFamily.AF_INET, type=SocketKind.SOCK_STREAM, proto=6, laddr=('127.0.0.1', 50514), raddr=('127.0.0.1', 5672)>
2022-04-08 08:14:53,080 - User-initiated close: result=BlockingConnection__OnClosedArgs(connection=<SelectConnection CLOSED transport=None params=<ConnectionParameters host=localhost port=5672 virtual_host=/ ssl=False>>, error=ConnectionClosedByClient: (200) 'Normal shutdown')
2022-04-08 08:14:53,080 - PID 53451 completed feature extraction
