2022-04-08 08:07:20,668 - PID 52040 started loading and processing
2022-04-08 08:07:20,673 - Pika version 1.2.0 connecting to ('::1', 5672, 0, 0)
2022-04-08 08:07:20,674 - Socket failed to connect: <socket.socket fd=22, family=AddressFamily.AF_INET6, type=SocketKind.SOCK_STREAM, proto=6, laddr=('::1', 50310, 0, 0)>; error=61 (Connection refused)
2022-04-08 08:07:20,674 - TCP Connection attempt failed: ConnectionRefusedError(61, 'Connection refused'); dest=(<AddressFamily.AF_INET6: 30>, <SocketKind.SOCK_STREAM: 1>, 6, '', ('::1', 5672, 0, 0))
2022-04-08 08:07:20,674 - AMQPConnector - reporting failure: AMQPConnectorSocketConnectError: ConnectionRefusedError(61, 'Connection refused')
2022-04-08 08:07:20,674 - Pika version 1.2.0 connecting to ('127.0.0.1', 5672)
2022-04-08 08:07:20,674 - Socket connected: <socket.socket fd=22, family=AddressFamily.AF_INET, type=SocketKind.SOCK_STREAM, proto=6, laddr=('127.0.0.1', 50311), raddr=('127.0.0.1', 5672)>
2022-04-08 08:07:20,675 - Streaming transport linked up: (<pika.adapters.utils.io_services_utils._AsyncPlaintextTransport object at 0x118b041c0>, _StreamingProtocolShim: <SelectConnection PROTOCOL transport=<pika.adapters.utils.io_services_utils._AsyncPlaintextTransport object at 0x118b041c0> params=<ConnectionParameters host=localhost port=5672 virtual_host=/ ssl=False>>).
2022-04-08 08:07:20,679 - AMQPConnector - reporting success: <SelectConnection OPEN transport=<pika.adapters.utils.io_services_utils._AsyncPlaintextTransport object at 0x118b041c0> params=<ConnectionParameters host=localhost port=5672 virtual_host=/ ssl=False>>
2022-04-08 08:07:20,680 - AMQPConnectionWorkflow - reporting success: <SelectConnection OPEN transport=<pika.adapters.utils.io_services_utils._AsyncPlaintextTransport object at 0x118b041c0> params=<ConnectionParameters host=localhost port=5672 virtual_host=/ ssl=False>>
2022-04-08 08:07:20,680 - Connection workflow succeeded: <SelectConnection OPEN transport=<pika.adapters.utils.io_services_utils._AsyncPlaintextTransport object at 0x118b041c0> params=<ConnectionParameters host=localhost port=5672 virtual_host=/ ssl=False>>
2022-04-08 08:07:20,680 - Created channel=1
2022-04-08 08:07:20,682 - Logging before start consuming
2022-04-08 08:07:25,089 - processing started: 1_000 
2022-04-08 08:07:25,283 - processing completed: 1_000
2022-04-08 08:07:25,305 - processing started: 3_001 
2022-04-08 08:07:25,513 - processing completed: 3_001
2022-04-08 08:07:25,519 - processing started: 5_002 
2022-04-08 08:07:25,757 - processing completed: 5_002
2022-04-08 08:07:25,763 - processing started: 7_003 
2022-04-08 08:07:25,942 - processing completed: 7_003
2022-04-08 08:07:25,947 - processing started: 9_003 
2022-04-08 08:07:26,175 - processing completed: 9_003
2022-04-08 08:07:26,181 - processing started: 11_004 
2022-04-08 08:07:26,224 - processing completed: 11_004
2022-04-08 08:07:26,226 - processing started: 13_005 
2022-04-08 08:07:26,474 - processing completed: 13_005
2022-04-08 08:07:26,481 - processing started: 15_005 
2022-04-08 08:07:26,660 - processing completed: 15_005
2022-04-08 08:07:26,666 - processing started: 17_006 
2022-04-08 08:07:26,829 - processing completed: 17_006
2022-04-08 08:07:26,833 - processing started: 19_007 
2022-04-08 08:07:27,014 - processing completed: 19_007
2022-04-08 08:07:27,020 - processing started: 21_008 
2022-04-08 08:07:27,319 - processing completed: 21_008
2022-04-08 08:07:27,325 - processing started: 23_009 
2022-04-08 08:07:27,504 - processing completed: 23_009
2022-04-08 08:07:27,511 - processing started: 25_010 
2022-04-08 08:07:27,761 - processing completed: 25_010
2022-04-08 08:07:27,767 - processing started: 27_011 
2022-04-08 08:07:27,936 - processing completed: 27_011
2022-04-08 08:07:27,942 - processing started: 29_012 
2022-04-08 08:07:28,097 - processing completed: 29_012
2022-04-08 08:07:28,100 - processing started: 31_013 
2022-04-08 08:07:28,242 - processing completed: 31_013
2022-04-08 08:07:28,247 - processing started: 33_014 
2022-04-08 08:07:28,463 - processing completed: 33_014
2022-04-08 08:07:28,469 - processing started: 35_014 
2022-04-08 08:07:28,687 - processing completed: 35_014
2022-04-08 08:07:28,691 - processing started: 37_014 
2022-04-08 08:07:28,792 - processing completed: 37_014
2022-04-08 08:07:28,796 - processing started: 39_015 
2022-04-08 08:07:28,993 - processing completed: 39_015
2022-04-08 08:07:28,999 - processing started: 41_015 
2022-04-08 08:07:29,109 - processing completed: 41_015
2022-04-08 08:07:29,113 - processing started: 43_016 
2022-04-08 08:07:29,306 - processing completed: 43_016
2022-04-08 08:07:29,310 - processing started: 45_017 
2022-04-08 08:07:29,447 - processing completed: 45_017
2022-04-08 08:07:29,453 - processing started: 47_017 
2022-04-08 08:07:29,667 - processing completed: 47_017
2022-04-08 08:07:29,672 - processing started: 49_018 
2022-04-08 08:07:29,808 - processing completed: 49_018
2022-04-08 08:07:29,813 - processing started: 51_019 
2022-04-08 08:07:30,038 - processing completed: 51_019
2022-04-08 08:07:30,043 - processing started: 53_020 
2022-04-08 08:07:30,190 - processing completed: 53_020
2022-04-08 08:07:30,196 - processing started: 55_021 
2022-04-08 08:07:30,455 - processing completed: 55_021
2022-04-08 08:07:30,460 - processing started: 57_022 
2022-04-08 08:07:30,626 - processing completed: 57_022
2022-04-08 08:07:30,632 - processing started: 59_023 
2022-04-08 08:07:30,896 - processing completed: 59_023
2022-04-08 08:07:30,900 - processing started: 61_023 
2022-04-08 08:07:31,028 - processing completed: 61_023
2022-04-08 08:07:31,032 - processing started: 63_024 
2022-04-08 08:07:31,229 - processing completed: 63_024
2022-04-08 08:07:31,234 - processing started: 65_024 
2022-04-08 08:07:31,434 - processing completed: 65_024
2022-04-08 08:07:31,438 - processing started: 67_025 
2022-04-08 08:07:31,569 - processing completed: 67_025
2022-04-08 08:07:31,574 - processing started: 69_026 
2022-04-08 08:07:31,782 - processing completed: 69_026
2022-04-08 08:07:31,787 - processing started: 71_027 
2022-04-08 08:07:31,920 - processing completed: 71_027
2022-04-08 08:07:31,925 - processing started: 73_028 
2022-04-08 08:07:32,116 - processing completed: 73_028
2022-04-08 08:07:32,120 - processing started: 75_029 
2022-04-08 08:07:32,271 - processing completed: 75_029
2022-04-08 08:07:32,277 - processing started: 77_030 
2022-04-08 08:07:32,512 - processing completed: 77_030
2022-04-08 08:07:32,517 - processing started: 79_030 
2022-04-08 08:07:32,642 - processing completed: 79_030
2022-04-08 08:07:32,648 - processing started: 81_031 
2022-04-08 08:07:32,843 - processing completed: 81_031
2022-04-08 08:07:32,848 - processing started: 83_032 
2022-04-08 08:07:33,040 - processing completed: 83_032
2022-04-08 08:07:33,046 - processing started: 85_032 
2022-04-08 08:07:33,293 - processing completed: 85_032
2022-04-08 08:07:33,297 - processing started: 87_032 
2022-04-08 08:07:33,490 - processing completed: 87_032
2022-04-08 08:07:33,496 - processing started: 89_033 
2022-04-08 08:07:33,687 - processing completed: 89_033
2022-04-08 08:07:33,691 - processing started: 91_033 
2022-04-08 08:07:33,812 - processing completed: 91_033
2022-04-08 08:07:33,818 - processing started: 93_034 
2022-04-08 08:07:34,049 - processing completed: 93_034
2022-04-08 08:07:34,055 - processing started: 95_035 
2022-04-08 08:07:34,251 - processing completed: 95_035
2022-04-08 08:07:34,256 - processing started: 97_035 
2022-04-08 08:07:34,385 - processing completed: 97_035
2022-04-08 08:07:34,389 - processing started: 99_036 
2022-04-08 08:07:34,584 - processing completed: 99_036
2022-04-08 08:07:34,589 - processing started: 101_037 
2022-04-08 08:07:34,710 - processing completed: 101_037
2022-04-08 08:07:34,714 - processing started: 103_037 
2022-04-08 08:07:34,898 - processing completed: 103_037
2022-04-08 08:07:34,903 - processing started: 105_038 
2022-04-08 08:07:35,041 - processing completed: 105_038
2022-04-08 08:07:35,045 - processing started: 107_039 
2022-04-08 08:07:35,238 - processing completed: 107_039
2022-04-08 08:07:35,241 - processing started: 109_040 
2022-04-08 08:07:35,358 - processing completed: 109_040
2022-04-08 08:07:35,362 - processing started: 111_040 
2022-04-08 08:07:35,550 - processing completed: 111_040
2022-04-08 08:07:35,554 - processing started: 113_040 
2022-04-08 08:07:35,672 - processing completed: 113_040
2022-04-08 08:07:35,677 - processing started: 115_040 
2022-04-08 08:07:35,861 - processing completed: 115_040
2022-04-08 08:07:35,866 - processing started: 117_041 
2022-04-08 08:07:36,009 - processing completed: 117_041
2022-04-08 08:07:36,015 - processing started: 119_042 
2022-04-08 08:07:36,212 - processing completed: 119_042
2022-04-08 08:07:36,216 - processing started: 121_042 
2022-04-08 08:07:36,335 - processing completed: 121_042
2022-04-08 08:07:36,341 - processing started: 123_043 
2022-04-08 08:07:36,536 - processing completed: 123_043
2022-04-08 08:07:36,541 - processing started: 125_044 
2022-04-08 08:07:36,715 - processing completed: 125_044
2022-04-08 08:07:36,719 - processing started: 127_045 
2022-04-08 08:07:36,827 - processing completed: 127_045
2022-04-08 08:07:36,831 - processing started: 129_045 
2022-04-08 08:07:37,009 - processing completed: 129_045
2022-04-08 08:07:37,013 - processing started: 131_046 
2022-04-08 08:07:37,132 - processing completed: 131_046
2022-04-08 08:07:37,136 - processing started: 133_047 
2022-04-08 08:07:37,319 - processing completed: 133_047
2022-04-08 08:07:37,322 - processing started: 135_048 
2022-04-08 08:07:37,434 - processing completed: 135_048
2022-04-08 08:07:37,439 - processing started: 137_049 
2022-04-08 08:07:37,641 - processing completed: 137_049
2022-04-08 08:07:37,645 - processing started: 139_049 
2022-04-08 08:07:37,763 - processing completed: 139_049
2022-04-08 08:07:37,768 - processing started: 141_050 
2022-04-08 08:07:37,973 - processing completed: 141_050
2022-04-08 08:07:37,978 - processing started: 143_051 
2022-04-08 08:07:38,100 - processing completed: 143_051
2022-04-08 08:07:38,104 - processing started: 145_051 
2022-04-08 08:07:38,314 - processing completed: 145_051
2022-04-08 08:07:38,318 - processing started: 147_051 
2022-04-08 08:07:38,440 - processing completed: 147_051
2022-04-08 08:07:38,444 - processing started: 149_052 
2022-04-08 08:07:38,633 - processing completed: 149_052
2022-04-08 08:07:38,637 - processing started: 151_053 
2022-04-08 08:07:38,751 - processing completed: 151_053
2022-04-08 08:07:38,756 - processing started: 153_054 
2022-04-08 08:07:38,941 - processing completed: 153_054
2022-04-08 08:07:38,945 - processing started: 155_055 
2022-04-08 08:07:39,134 - processing completed: 155_055
2022-04-08 08:07:39,138 - processing started: 157_056 
2022-04-08 08:07:39,265 - processing completed: 157_056
2022-04-08 08:07:39,271 - processing started: 159_057 
2022-04-08 08:07:39,458 - processing completed: 159_057
2022-04-08 08:07:39,462 - processing started: 161_058 
2022-04-08 08:07:39,641 - processing completed: 161_058
2022-04-08 08:07:39,647 - processing started: 163_059 
2022-04-08 08:07:39,836 - processing completed: 163_059
2022-04-08 08:07:39,841 - processing started: 165_060 
2022-04-08 08:07:39,966 - processing completed: 165_060
2022-04-08 08:07:39,970 - processing started: 167_060 
2022-04-08 08:07:40,148 - processing completed: 167_060
2022-04-08 08:07:40,152 - processing started: 169_061 
2022-04-08 08:07:40,267 - processing completed: 169_061
2022-04-08 08:07:40,271 - processing started: 171_062 
2022-04-08 08:07:40,477 - processing completed: 171_062
2022-04-08 08:07:40,482 - processing started: 173_063 
2022-04-08 08:07:40,699 - processing completed: 173_063
2022-04-08 08:07:40,705 - processing started: 175_064 
2022-04-08 08:07:40,973 - processing completed: 175_064
2022-04-08 08:07:40,979 - processing started: 177_064 
2022-04-08 08:07:41,193 - processing completed: 177_064
2022-04-08 08:07:41,200 - processing started: 179_065 
2022-04-08 08:07:41,490 - processing completed: 179_065
2022-04-08 08:07:41,496 - processing started: 181_066 
2022-04-08 08:07:41,775 - processing completed: 181_066
2022-04-08 08:07:41,781 - processing started: 183_066 
2022-04-08 08:07:42,000 - processing completed: 183_066
2022-04-08 08:07:42,006 - processing started: 185_066 
2022-04-08 08:07:42,278 - processing completed: 185_066
2022-04-08 08:07:42,284 - processing started: 187_066 
2022-04-08 08:07:42,438 - processing completed: 187_066
2022-04-08 08:07:42,443 - processing started: 189_067 
2022-04-08 08:07:42,709 - processing completed: 189_067
2022-04-08 08:07:42,715 - processing started: 191_067 
2022-04-08 08:07:42,905 - processing completed: 191_067
2022-04-08 08:07:42,911 - processing started: 193_068 
2022-04-08 08:07:43,111 - processing completed: 193_068
2022-04-08 08:07:43,116 - processing started: 195_069 
2022-04-08 08:07:43,245 - processing completed: 195_069
2022-04-08 08:07:43,250 - processing started: 197_069 
2022-04-08 08:07:43,443 - processing completed: 197_069
2022-04-08 08:07:43,448 - processing started: 199_070 
2022-04-08 08:07:43,640 - processing completed: 199_070
2022-04-08 08:07:43,645 - processing started: 201_071 
2022-04-08 08:07:43,892 - processing completed: 201_071
2022-04-08 08:07:43,898 - processing started: 203_072 
2022-04-08 08:07:44,086 - processing completed: 203_072
2022-04-08 08:07:44,092 - processing started: 205_072 
2022-04-08 08:07:44,345 - processing completed: 205_072
2022-04-08 08:07:44,352 - processing started: 207_073 
2022-04-08 08:07:44,577 - processing completed: 207_073
2022-04-08 08:07:44,583 - processing started: 209_074 
2022-04-08 08:07:44,842 - processing completed: 209_074
2022-04-08 08:07:44,848 - processing started: 211_075 
2022-04-08 08:07:45,112 - processing completed: 211_075
2022-04-08 08:07:45,117 - processing started: 213_076 
2022-04-08 08:07:45,305 - processing completed: 213_076
2022-04-08 08:07:45,313 - processing started: 215_077 
2022-04-08 08:07:45,547 - processing completed: 215_077
2022-04-08 08:07:45,552 - processing started: 217_077 
2022-04-08 08:07:45,759 - processing completed: 217_077
2022-04-08 08:07:45,767 - processing started: 219_078 
2022-04-08 08:07:46,021 - processing completed: 219_078
2022-04-08 08:07:46,026 - processing started: 221_079 
2022-04-08 08:07:46,214 - processing completed: 221_079
2022-04-08 08:07:46,221 - processing started: 223_080 
2022-04-08 08:07:46,374 - processing completed: 223_080
2022-04-08 08:07:46,379 - processing started: 225_081 
2022-04-08 08:07:46,499 - processing completed: 225_081
2022-04-08 08:07:46,504 - processing started: 227_081 
2022-04-08 08:07:46,690 - processing completed: 227_081
2022-04-08 08:07:46,696 - processing started: 229_081 
2022-04-08 08:07:46,827 - processing completed: 229_081
2022-04-08 08:07:46,832 - processing started: 231_081 
2022-04-08 08:07:47,055 - processing completed: 231_081
2022-04-08 08:07:47,060 - processing started: 233_082 
2022-04-08 08:07:47,187 - processing completed: 233_082
2022-04-08 08:07:47,192 - processing started: 235_082 
2022-04-08 08:07:47,377 - processing completed: 235_082
2022-04-08 08:07:47,383 - processing started: 237_083 
2022-04-08 08:07:47,506 - processing completed: 237_083
2022-04-08 08:07:47,510 - processing started: 239_084 
2022-04-08 08:07:47,712 - processing completed: 239_084
2022-04-08 08:07:47,718 - processing started: 241_085 
2022-04-08 08:07:47,924 - processing completed: 241_085
2022-04-08 08:07:47,930 - processing started: 243_086 
2022-04-08 08:07:48,072 - processing completed: 243_086
2022-04-08 08:07:48,076 - processing started: 245_087 
2022-04-08 08:07:48,257 - processing completed: 245_087
2022-04-08 08:07:48,262 - processing started: 247_088 
2022-04-08 08:07:48,386 - processing completed: 247_088
2022-04-08 08:07:48,392 - processing started: 249_089 
2022-04-08 08:07:48,537 - processing completed: 249_089
2022-04-08 08:07:48,541 - processing started: 251_089 
2022-04-08 08:07:48,620 - processing completed: 251_089
2022-04-08 08:07:48,625 - processing started: 253_090 
2022-04-08 08:07:48,774 - processing completed: 253_090
2022-04-08 08:07:48,778 - processing started: 255_091 
2022-04-08 08:07:48,863 - processing completed: 255_091
2022-04-08 08:07:48,869 - processing started: 257_092 
2022-04-08 08:07:49,031 - processing completed: 257_092
2022-04-08 08:07:49,035 - processing started: 259_093 
2022-04-08 08:07:49,140 - processing completed: 259_093
2022-04-08 08:07:49,144 - processing started: 261_094 
2022-04-08 08:07:49,339 - processing completed: 261_094
2022-04-08 08:07:49,345 - processing started: 263_095 
2022-04-08 08:07:49,456 - processing completed: 263_095
2022-04-08 08:07:49,461 - processing started: 265_096 
2022-04-08 08:07:49,656 - processing completed: 265_096
2022-04-08 08:07:49,661 - processing started: 267_097 
2022-04-08 08:07:49,767 - processing completed: 267_097
2022-04-08 08:07:49,771 - processing started: 269_098 
2022-04-08 08:07:49,962 - processing completed: 269_098
2022-04-08 08:07:49,967 - processing started: 271_098 
2022-04-08 08:07:50,148 - processing completed: 271_098
2022-04-08 08:07:50,152 - processing started: 273_099 
2022-04-08 08:07:50,244 - processing completed: 273_099
2022-04-08 08:07:50,249 - processing started: 275_100 
2022-04-08 08:07:50,458 - processing completed: 275_100
2022-04-08 08:07:50,463 - processing started: 277_101 
2022-04-08 08:07:50,559 - processing completed: 277_101
2022-04-08 08:07:50,562 - processing started: 279_102 
2022-04-08 08:07:50,727 - processing completed: 279_102
2022-04-08 08:07:50,731 - processing started: 281_103 
2022-04-08 08:07:50,827 - processing completed: 281_103
2022-04-08 08:07:50,830 - processing started: 283_104 
2022-04-08 08:07:50,989 - processing completed: 283_104
2022-04-08 08:07:50,993 - processing started: 285_105 
2022-04-08 08:07:51,102 - processing completed: 285_105
2022-04-08 08:07:51,106 - processing started: 287_106 
2022-04-08 08:07:51,287 - processing completed: 287_106
2022-04-08 08:07:51,292 - processing started: 289_107 
2022-04-08 08:07:51,403 - processing completed: 289_107
2022-04-08 08:07:51,409 - processing started: 291_107 
2022-04-08 08:07:51,586 - processing completed: 291_107
2022-04-08 08:07:51,590 - processing started: 293_108 
2022-04-08 08:07:51,692 - processing completed: 293_108
2022-04-08 08:07:51,696 - processing started: 295_109 
2022-04-08 08:07:51,844 - processing completed: 295_109
2022-04-08 08:07:51,850 - processing started: 297_110 
2022-04-08 08:07:51,947 - processing completed: 297_110
2022-04-08 08:07:51,953 - processing started: 299_110 
2022-04-08 08:07:52,121 - processing completed: 299_110
2022-04-08 08:07:52,126 - processing started: 301_111 
2022-04-08 08:07:52,325 - processing completed: 301_111
2022-04-08 08:07:52,331 - processing started: 303_112 
2022-04-08 08:07:52,426 - processing completed: 303_112
2022-04-08 08:07:52,431 - processing started: 305_113 
2022-04-08 08:07:52,592 - processing completed: 305_113
2022-04-08 08:07:52,596 - processing started: 307_114 
2022-04-08 08:07:52,740 - processing completed: 307_114
2022-04-08 08:07:52,744 - processing started: 309_115 
2022-04-08 08:07:52,972 - processing completed: 309_115
2022-04-08 08:07:52,979 - processing started: 311_116 
2022-04-08 08:07:53,163 - processing completed: 311_116
2022-04-08 08:07:53,169 - processing started: 313_117 
2022-04-08 08:07:53,414 - processing completed: 313_117
2022-04-08 08:07:53,420 - processing started: 315_117 
2022-04-08 08:07:53,567 - processing completed: 315_117
2022-04-08 08:07:53,573 - processing started: 317_118 
2022-04-08 08:07:53,778 - processing completed: 317_118
2022-04-08 08:07:53,784 - processing started: 319_119 
2022-04-08 08:07:53,925 - processing completed: 319_119
2022-04-08 08:07:53,931 - processing started: 321_120 
2022-04-08 08:07:54,108 - processing completed: 321_120
2022-04-08 08:07:54,114 - processing started: 323_120 
2022-04-08 08:07:54,223 - processing completed: 323_120
2022-04-08 08:07:54,227 - processing started: 325_121 
2022-04-08 08:07:54,453 - processing completed: 325_121
2022-04-08 08:07:54,459 - processing started: 327_122 
2022-04-08 08:07:54,599 - processing completed: 327_122
2022-04-08 08:07:54,604 - processing started: 329_123 
2022-04-08 08:07:54,812 - processing completed: 329_123
2022-04-08 08:07:54,818 - processing started: 331_124 
2022-04-08 08:07:55,059 - processing completed: 331_124
2022-04-08 08:07:55,065 - processing started: 333_124 
2022-04-08 08:07:55,196 - processing completed: 333_124
2022-04-08 08:07:55,201 - processing started: 335_124 
2022-04-08 08:07:55,407 - processing completed: 335_124
2022-04-08 08:07:55,417 - processing started: 337_124 
2022-04-08 08:07:55,571 - processing completed: 337_124
2022-04-08 08:07:55,576 - processing started: 339_124 
2022-04-08 08:07:55,771 - processing completed: 339_124
2022-04-08 08:07:55,776 - processing started: 341_125 
2022-04-08 08:07:55,906 - processing completed: 341_125
2022-04-08 08:07:55,910 - processing started: 343_126 
2022-04-08 08:07:56,100 - processing completed: 343_126
2022-04-08 08:07:56,107 - processing started: 345_127 
2022-04-08 08:07:56,235 - processing completed: 345_127
2022-04-08 08:07:56,240 - processing started: 347_128 
2022-04-08 08:07:56,434 - processing completed: 347_128
2022-04-08 08:07:56,439 - processing started: 349_129 
2022-04-08 08:07:56,591 - processing completed: 349_129
2022-04-08 08:07:56,596 - processing started: 351_129 
2022-04-08 08:07:56,789 - processing completed: 351_129
2022-04-08 08:07:56,794 - processing started: 353_130 
2022-04-08 08:07:56,930 - processing completed: 353_130
2022-04-08 08:07:56,935 - processing started: 355_131 
2022-04-08 08:07:57,148 - processing completed: 355_131
2022-04-08 08:07:57,153 - processing started: 357_132 
2022-04-08 08:07:57,292 - processing completed: 357_132
2022-04-08 08:07:57,297 - processing started: 359_133 
2022-04-08 08:07:57,515 - processing completed: 359_133
2022-04-08 08:07:57,522 - processing started: 361_134 
2022-04-08 08:07:57,733 - processing completed: 361_134
2022-04-08 08:07:57,739 - processing started: 363_134 
2022-04-08 08:07:57,871 - processing completed: 363_134
2022-04-08 08:07:57,877 - processing started: 365_135 
2022-04-08 08:07:58,091 - processing completed: 365_135
2022-04-08 08:07:58,096 - processing started: 367_135 
2022-04-08 08:07:58,222 - processing completed: 367_135
2022-04-08 08:07:58,227 - processing started: 369_136 
2022-04-08 08:07:58,423 - processing completed: 369_136
2022-04-08 08:07:58,429 - processing started: 371_137 
2022-04-08 08:07:58,560 - processing completed: 371_137
2022-04-08 08:07:58,565 - processing started: 373_138 
2022-04-08 08:07:58,768 - processing completed: 373_138
2022-04-08 08:07:58,773 - processing started: 375_139 
2022-04-08 08:07:58,906 - processing completed: 375_139
2022-04-08 08:07:58,912 - processing started: 377_140 
2022-04-08 08:07:59,120 - processing completed: 377_140
2022-04-08 08:07:59,125 - processing started: 379_141 
2022-04-08 08:07:59,263 - processing completed: 379_141
2022-04-08 08:07:59,268 - processing started: 381_142 
2022-04-08 08:07:59,471 - processing completed: 381_142
2022-04-08 08:07:59,476 - processing started: 383_143 
2022-04-08 08:07:59,611 - processing completed: 383_143
2022-04-08 08:07:59,618 - processing started: 385_144 
2022-04-08 08:07:59,838 - processing completed: 385_144
2022-04-08 08:07:59,843 - processing started: 387_144 
2022-04-08 08:07:59,975 - processing completed: 387_144
2022-04-08 08:07:59,981 - processing started: 389_145 
2022-04-08 08:08:00,169 - processing completed: 389_145
2022-04-08 08:08:00,174 - processing started: 391_145 
2022-04-08 08:08:00,365 - processing completed: 391_145
2022-04-08 08:08:00,370 - processing started: 393_146 
2022-04-08 08:08:00,498 - processing completed: 393_146
2022-04-08 08:08:00,502 - processing started: 395_147 
2022-04-08 08:08:00,695 - processing completed: 395_147
2022-04-08 08:08:00,700 - processing started: 397_147 
2022-04-08 08:08:00,838 - processing completed: 397_147
2022-04-08 08:08:00,844 - processing started: 399_148 
2022-04-08 08:08:01,042 - processing completed: 399_148
2022-04-08 08:08:01,047 - processing started: 401_149 
2022-04-08 08:08:01,183 - processing completed: 401_149
2022-04-08 08:08:01,188 - processing started: 403_149 
2022-04-08 08:08:01,416 - processing completed: 403_149
2022-04-08 08:08:01,422 - processing started: 405_150 
2022-04-08 08:08:01,563 - processing completed: 405_150
2022-04-08 08:08:01,569 - processing started: 407_151 
2022-04-08 08:08:01,791 - processing completed: 407_151
2022-04-08 08:08:01,796 - processing started: 409_152 
2022-04-08 08:08:01,937 - processing completed: 409_152
2022-04-08 08:08:01,942 - processing started: 411_153 
2022-04-08 08:08:02,165 - processing completed: 411_153
2022-04-08 08:08:02,170 - processing started: 413_154 
2022-04-08 08:08:02,301 - processing completed: 413_154
2022-04-08 08:08:02,305 - processing started: 415_155 
2022-04-08 08:08:02,500 - processing completed: 415_155
2022-04-08 08:08:02,504 - processing started: 417_156 
2022-04-08 08:08:02,637 - processing completed: 417_156
2022-04-08 08:08:02,641 - processing started: 419_156 
2022-04-08 08:08:02,836 - processing completed: 419_156
2022-04-08 08:08:02,843 - processing started: 421_157 
2022-04-08 08:08:03,071 - processing completed: 421_157
2022-04-08 08:08:03,077 - processing started: 423_158 
2022-04-08 08:08:03,207 - processing completed: 423_158
2022-04-08 08:08:03,212 - processing started: 425_159 
2022-04-08 08:08:03,430 - processing completed: 425_159
2022-04-08 08:08:03,434 - processing started: 427_159 
2022-04-08 08:08:03,566 - processing completed: 427_159
2022-04-08 08:08:03,572 - processing started: 429_160 
2022-04-08 08:08:03,765 - processing completed: 429_160
2022-04-08 08:08:03,769 - processing started: 431_161 
2022-04-08 08:08:03,915 - processing completed: 431_161
2022-04-08 08:08:03,920 - processing started: 433_162 
2022-04-08 08:08:04,148 - processing completed: 433_162
2022-04-08 08:08:04,152 - processing started: 435_163 
2022-04-08 08:08:04,281 - processing completed: 435_163
2022-04-08 08:08:04,286 - processing started: 437_164 
2022-04-08 08:08:04,476 - processing completed: 437_164
2022-04-08 08:08:04,482 - processing started: 439_164 
2022-04-08 08:08:04,606 - processing completed: 439_164
2022-04-08 08:08:04,611 - processing started: 441_165 
2022-04-08 08:08:04,798 - processing completed: 441_165
2022-04-08 08:08:04,804 - processing started: 443_166 
2022-04-08 08:08:04,939 - processing completed: 443_166
2022-04-08 08:08:04,944 - processing started: 445_167 
2022-04-08 08:08:05,142 - processing completed: 445_167
2022-04-08 08:08:05,147 - processing started: 447_167 
2022-04-08 08:08:05,345 - processing completed: 447_167
2022-04-08 08:08:05,350 - processing started: 449_168 
2022-04-08 08:08:05,486 - processing completed: 449_168
2022-04-08 08:08:05,491 - processing started: 451_168 
2022-04-08 08:08:05,715 - processing completed: 451_168
2022-04-08 08:08:05,721 - processing started: 453_169 
2022-04-08 08:08:05,853 - processing completed: 453_169
2022-04-08 08:08:05,858 - processing started: 455_170 
2022-04-08 08:08:06,079 - processing completed: 455_170
2022-04-08 08:08:06,086 - processing started: 457_171 
2022-04-08 08:08:06,232 - processing completed: 457_171
2022-04-08 08:08:06,240 - processing started: 459_172 
2022-04-08 08:08:06,444 - processing completed: 459_172
2022-04-08 08:08:06,449 - processing started: 461_173 
2022-04-08 08:08:06,580 - processing completed: 461_173
2022-04-08 08:08:06,585 - processing started: 463_173 
2022-04-08 08:08:06,781 - processing completed: 463_173
2022-04-08 08:08:06,787 - processing started: 465_174 
2022-04-08 08:08:06,918 - processing completed: 465_174
2022-04-08 08:08:06,923 - processing started: 467_174 
2022-04-08 08:08:07,116 - processing completed: 467_174
2022-04-08 08:08:07,120 - processing started: 469_175 
2022-04-08 08:08:07,260 - processing completed: 469_175
2022-04-08 08:08:07,265 - processing started: 471_176 
2022-04-08 08:08:07,461 - processing completed: 471_176
2022-04-08 08:08:07,467 - processing started: 473_177 
2022-04-08 08:08:07,599 - processing completed: 473_177
2022-04-08 08:08:07,602 - processing started: 475_178 
2022-04-08 08:08:07,809 - processing completed: 475_178
2022-04-08 08:08:07,814 - processing started: 477_179 
2022-04-08 08:08:08,017 - processing completed: 477_179
2022-04-08 08:08:08,021 - processing started: 479_180 
2022-04-08 08:08:08,153 - processing completed: 479_180
2022-04-08 08:08:08,160 - processing started: 481_180 
2022-04-08 08:08:08,404 - processing completed: 481_180
2022-04-08 08:08:08,409 - processing started: 483_181 
2022-04-08 08:08:08,538 - processing completed: 483_181
2022-04-08 08:08:08,542 - processing started: 485_182 
2022-04-08 08:08:08,730 - processing completed: 485_182
2022-04-08 08:08:08,735 - processing started: 487_182 
2022-04-08 08:08:08,858 - processing completed: 487_182
2022-04-08 08:08:08,863 - processing started: 489_183 
2022-04-08 08:08:09,061 - processing completed: 489_183
2022-04-08 08:08:09,065 - processing started: 491_183 
2022-04-08 08:08:09,199 - processing completed: 491_183
2022-04-08 08:08:09,204 - processing started: 493_184 
2022-04-08 08:08:09,415 - processing completed: 493_184
2022-04-08 08:08:09,421 - processing started: 495_185 
2022-04-08 08:08:09,558 - processing completed: 495_185
2022-04-08 08:08:09,563 - processing started: 497_186 
2022-04-08 08:08:09,765 - processing completed: 497_186
2022-04-08 08:08:09,770 - processing started: 499_187 
2022-04-08 08:08:09,922 - processing completed: 499_187
2022-04-08 08:08:09,927 - processing started: 501_188 
2022-04-08 08:08:10,138 - processing completed: 501_188
2022-04-08 08:08:10,143 - processing started: 503_188 
2022-04-08 08:08:10,280 - processing completed: 503_188
2022-04-08 08:08:10,285 - processing started: 505_189 
2022-04-08 08:08:10,478 - processing completed: 505_189
2022-04-08 08:08:10,483 - processing started: 507_190 
2022-04-08 08:08:10,684 - processing completed: 507_190
2022-04-08 08:08:10,690 - processing started: 509_191 
2022-04-08 08:08:10,825 - processing completed: 509_191
2022-04-08 08:08:10,831 - processing started: 511_192 
2022-04-08 08:08:11,028 - processing completed: 511_192
2022-04-08 08:08:11,034 - processing started: 513_192 
2022-04-08 08:08:11,163 - processing completed: 513_192
2022-04-08 08:08:11,168 - processing started: 515_193 
2022-04-08 08:08:11,364 - processing completed: 515_193
2022-04-08 08:08:11,370 - processing started: 517_194 
2022-04-08 08:08:11,504 - processing completed: 517_194
2022-04-08 08:08:11,511 - processing started: 519_195 
2022-04-08 08:08:11,711 - processing completed: 519_195
2022-04-08 08:08:11,716 - processing started: 521_196 
2022-04-08 08:08:11,852 - processing completed: 521_196
2022-04-08 08:08:11,859 - processing started: 523_196 
2022-04-08 08:08:12,088 - processing completed: 523_196
2022-04-08 08:08:12,093 - processing started: 525_196 
2022-04-08 08:08:12,228 - processing completed: 525_196
2022-04-08 08:08:12,233 - processing started: 527_197 
2022-04-08 08:08:12,450 - processing completed: 527_197
2022-04-08 08:08:12,456 - processing started: 529_197 
2022-04-08 08:08:12,595 - processing completed: 529_197
2022-04-08 08:08:12,600 - processing started: 531_197 
2022-04-08 08:08:12,804 - processing completed: 531_197
2022-04-08 08:08:12,809 - processing started: 533_198 
2022-04-08 08:08:12,940 - processing completed: 533_198
2022-04-08 08:08:12,945 - processing started: 535_199 
2022-04-08 08:08:13,137 - processing completed: 535_199
2022-04-08 08:08:13,143 - processing started: 537_200 
2022-04-08 08:08:13,340 - processing completed: 537_200
2022-04-08 08:08:13,345 - processing started: 539_201 
2022-04-08 08:08:13,491 - processing completed: 539_201
2022-04-08 08:08:13,497 - processing started: 541_202 
2022-04-08 08:08:13,737 - processing completed: 541_202
2022-04-08 08:08:13,742 - processing started: 543_203 
2022-04-08 08:08:13,880 - processing completed: 543_203
2022-04-08 08:08:13,886 - processing started: 545_204 
2022-04-08 08:08:14,117 - processing completed: 545_204
2022-04-08 08:08:14,122 - processing started: 547_205 
2022-04-08 08:08:14,258 - processing completed: 547_205
2022-04-08 08:08:14,263 - processing started: 549_206 
2022-04-08 08:08:14,470 - processing completed: 549_206
2022-04-08 08:08:14,477 - processing started: 551_207 
2022-04-08 08:08:14,617 - processing completed: 551_207
2022-04-08 08:08:14,623 - processing started: 553_207 
2022-04-08 08:08:14,836 - processing completed: 553_207
2022-04-08 08:08:14,842 - processing started: 555_208 
2022-04-08 08:08:14,976 - processing completed: 555_208
2022-04-08 08:08:14,981 - processing started: 557_209 
2022-04-08 08:08:15,170 - processing completed: 557_209
2022-04-08 08:08:15,175 - processing started: 559_210 
2022-04-08 08:08:15,299 - processing completed: 559_210
2022-04-08 08:08:15,303 - processing started: 561_211 
2022-04-08 08:08:15,493 - processing completed: 561_211
2022-04-08 08:08:15,497 - processing started: 563_212 
2022-04-08 08:08:15,624 - processing completed: 563_212
2022-04-08 08:08:15,629 - processing started: 565_213 
2022-04-08 08:08:15,818 - processing completed: 565_213
2022-04-08 08:08:15,824 - processing started: 567_214 
2022-04-08 08:08:16,019 - processing completed: 567_214
2022-04-08 08:08:16,024 - processing started: 569_214 
2022-04-08 08:08:16,154 - processing completed: 569_214
2022-04-08 08:08:16,160 - processing started: 571_215 
2022-04-08 08:08:16,375 - processing completed: 571_215
2022-04-08 08:08:16,381 - processing started: 573_216 
2022-04-08 08:08:16,516 - processing completed: 573_216
2022-04-08 08:08:16,521 - processing started: 575_217 
2022-04-08 08:08:16,725 - processing completed: 575_217
2022-04-08 08:08:16,730 - processing started: 577_218 
2022-04-08 08:08:16,869 - processing completed: 577_218
2022-04-08 08:08:16,875 - processing started: 579_219 
2022-04-08 08:08:17,097 - processing completed: 579_219
2022-04-08 08:08:17,103 - processing started: 581_220 
2022-04-08 08:08:17,236 - processing completed: 581_220
2022-04-08 08:08:17,240 - processing started: 583_220 
2022-04-08 08:08:17,436 - processing completed: 583_220
2022-04-08 08:08:17,441 - processing started: 585_221 
2022-04-08 08:08:17,574 - processing completed: 585_221
2022-04-08 08:08:17,578 - processing started: 587_222 
2022-04-08 08:08:17,774 - processing completed: 587_222
2022-04-08 08:08:17,779 - processing started: 589_222 
2022-04-08 08:08:17,911 - processing completed: 589_222
2022-04-08 08:08:17,916 - processing started: 591_223 
2022-04-08 08:08:18,088 - processing completed: 591_223
2022-04-08 08:08:18,093 - processing started: 593_223 
2022-04-08 08:08:18,201 - processing completed: 593_223
2022-04-08 08:08:18,206 - processing started: 595_224 
2022-04-08 08:08:18,470 - processing completed: 595_224
2022-04-08 08:08:18,476 - processing started: 597_225 
2022-04-08 08:08:18,666 - processing completed: 597_225
2022-04-08 08:08:18,670 - processing started: 599_225 
2022-04-08 08:08:18,841 - processing completed: 599_225
2022-04-08 08:08:18,847 - processing started: 601_225 
2022-04-08 08:08:19,044 - processing completed: 601_225
2022-04-08 08:08:19,049 - processing started: 603_226 
2022-04-08 08:08:19,165 - processing completed: 603_226
2022-04-08 08:08:19,169 - processing started: 605_227 
2022-04-08 08:08:19,363 - processing completed: 605_227
2022-04-08 08:08:19,368 - processing started: 607_227 
2022-04-08 08:08:19,496 - processing completed: 607_227
2022-04-08 08:08:19,500 - processing started: 609_227 
2022-04-08 08:08:19,673 - processing completed: 609_227
2022-04-08 08:08:19,678 - processing started: 611_227 
2022-04-08 08:08:19,849 - processing completed: 611_227
2022-04-08 08:08:19,856 - processing started: 613_227 
2022-04-08 08:08:20,034 - processing completed: 613_227
2022-04-08 08:08:20,039 - processing started: 615_228 
2022-04-08 08:08:20,156 - processing completed: 615_228
2022-04-08 08:08:20,161 - processing started: 617_229 
2022-04-08 08:08:20,331 - processing completed: 617_229
2022-04-08 08:08:20,337 - processing started: 619_230 
2022-04-08 08:08:20,450 - processing completed: 619_230
2022-04-08 08:08:20,455 - processing started: 621_230 
2022-04-08 08:08:20,653 - processing completed: 621_230
2022-04-08 08:08:20,658 - processing started: 623_231 
2022-04-08 08:08:20,766 - processing completed: 623_231
2022-04-08 08:08:20,771 - processing started: 625_232 
2022-04-08 08:08:20,968 - processing completed: 625_232
2022-04-08 08:08:20,972 - processing started: 627_232 
2022-04-08 08:08:21,165 - processing completed: 627_232
2022-04-08 08:08:21,171 - processing started: 629_232 
2022-04-08 08:08:21,284 - processing completed: 629_232
2022-04-08 08:08:21,288 - processing started: 631_233 
2022-04-08 08:08:21,463 - processing completed: 631_233
2022-04-08 08:08:21,467 - processing started: 633_234 
2022-04-08 08:08:21,569 - processing completed: 633_234
2022-04-08 08:08:21,574 - processing started: 635_234 
2022-04-08 08:08:21,756 - processing completed: 635_234
2022-04-08 08:08:21,761 - processing started: 637_234 
2022-04-08 08:08:21,869 - processing completed: 637_234
2022-04-08 08:08:21,874 - processing started: 639_235 
2022-04-08 08:08:22,086 - processing completed: 639_235
2022-04-08 08:08:22,092 - processing started: 641_236 
2022-04-08 08:08:22,261 - processing completed: 641_236
2022-04-08 08:08:22,266 - processing started: 643_237 
2022-04-08 08:08:22,474 - processing completed: 643_237
2022-04-08 08:08:22,479 - processing started: 645_238 
2022-04-08 08:08:22,640 - processing completed: 645_238
2022-04-08 08:08:22,644 - processing started: 647_239 
2022-04-08 08:08:22,858 - processing completed: 647_239
2022-04-08 08:08:22,865 - processing started: 649_240 
2022-04-08 08:08:23,022 - processing completed: 649_240
2022-04-08 08:08:23,028 - processing started: 651_240 
2022-04-08 08:08:23,236 - processing completed: 651_240
2022-04-08 08:08:23,243 - processing started: 653_241 
2022-04-08 08:08:23,407 - processing completed: 653_241
2022-04-08 08:08:23,413 - processing started: 655_242 
2022-04-08 08:08:23,625 - processing completed: 655_242
2022-04-08 08:08:23,631 - processing started: 657_242 
2022-04-08 08:08:23,841 - processing completed: 657_242
2022-04-08 08:08:23,847 - processing started: 659_243 
2022-04-08 08:08:23,985 - processing completed: 659_243
2022-04-08 08:08:23,991 - processing started: 661_244 
2022-04-08 08:08:24,148 - processing completed: 661_244
2022-04-08 08:08:24,152 - processing started: 663_244 
2022-04-08 08:08:24,248 - processing completed: 663_244
2022-04-08 08:08:24,253 - processing started: 665_245 
2022-04-08 08:08:24,432 - processing completed: 665_245
2022-04-08 08:08:24,437 - processing started: 667_246 
2022-04-08 08:08:24,552 - processing completed: 667_246
2022-04-08 08:08:24,558 - processing started: 669_247 
2022-04-08 08:08:24,734 - processing completed: 669_247
2022-04-08 08:08:24,739 - processing started: 671_248 
2022-04-08 08:08:24,825 - processing completed: 671_248
2022-04-08 08:08:24,829 - processing started: 673_249 
2022-04-08 08:08:25,005 - processing completed: 673_249
2022-04-08 08:08:25,011 - processing started: 675_250 
2022-04-08 08:08:25,100 - processing completed: 675_250
2022-04-08 08:08:25,105 - processing started: 677_251 
2022-04-08 08:08:25,263 - processing completed: 677_251
2022-04-08 08:08:25,267 - processing started: 679_251 
2022-04-08 08:08:25,355 - processing completed: 679_251
2022-04-08 08:08:25,360 - processing started: 681_252 
2022-04-08 08:08:25,511 - processing completed: 681_252
2022-04-08 08:08:25,515 - processing started: 683_252 
2022-04-08 08:08:25,617 - processing completed: 683_252
2022-04-08 08:08:25,622 - processing started: 685_253 
2022-04-08 08:08:25,803 - processing completed: 685_253
2022-04-08 08:08:25,807 - processing started: 687_254 
2022-04-08 08:08:25,997 - processing completed: 687_254
2022-04-08 08:08:26,001 - processing started: 689_255 
2022-04-08 08:08:26,118 - processing completed: 689_255
2022-04-08 08:08:26,122 - processing started: 691_256 
2022-04-08 08:08:26,311 - processing completed: 691_256
2022-04-08 08:08:26,315 - processing started: 693_257 
2022-04-08 08:08:26,443 - processing completed: 693_257
2022-04-08 08:08:26,448 - processing started: 695_257 
2022-04-08 08:08:26,683 - processing completed: 695_257
2022-04-08 08:08:26,688 - processing started: 697_258 
2022-04-08 08:08:26,821 - processing completed: 697_258
2022-04-08 08:08:26,825 - processing started: 699_259 
2022-04-08 08:08:27,020 - processing completed: 699_259
2022-04-08 08:08:27,025 - processing started: 701_260 
2022-04-08 08:08:27,151 - processing completed: 701_260
2022-04-08 08:08:27,155 - processing started: 703_260 
2022-04-08 08:08:27,361 - processing completed: 703_260
2022-04-08 08:08:27,366 - processing started: 705_261 
2022-04-08 08:08:27,499 - processing completed: 705_261
2022-04-08 08:08:27,504 - processing started: 707_262 
2022-04-08 08:08:27,695 - processing completed: 707_262
2022-04-08 08:08:27,700 - processing started: 709_262 
2022-04-08 08:08:27,827 - processing completed: 709_262
2022-04-08 08:08:27,833 - processing started: 711_263 
2022-04-08 08:08:28,029 - processing completed: 711_263
2022-04-08 08:08:28,034 - processing started: 713_264 
2022-04-08 08:08:28,216 - processing completed: 713_264
2022-04-08 08:08:28,220 - processing started: 715_265 
2022-04-08 08:08:28,331 - processing completed: 715_265
2022-04-08 08:08:28,336 - processing started: 717_265 
2022-04-08 08:08:28,554 - processing completed: 717_265
2022-04-08 08:08:28,559 - processing started: 719_266 
2022-04-08 08:08:28,677 - processing completed: 719_266
2022-04-08 08:08:28,682 - processing started: 721_267 
2022-04-08 08:08:28,904 - processing completed: 721_267
2022-04-08 08:08:28,909 - processing started: 723_267 
2022-04-08 08:08:29,020 - processing completed: 723_267
2022-04-08 08:08:29,025 - processing started: 725_267 
2022-04-08 08:08:29,203 - processing completed: 725_267
2022-04-08 08:08:29,207 - processing started: 727_268 
2022-04-08 08:08:29,328 - processing completed: 727_268
2022-04-08 08:08:29,333 - processing started: 729_268 
2022-04-08 08:08:29,507 - processing completed: 729_268
2022-04-08 08:08:29,512 - processing started: 731_268 
2022-04-08 08:08:29,626 - processing completed: 731_268
2022-04-08 08:08:29,632 - processing started: 733_268 
2022-04-08 08:08:29,814 - processing completed: 733_268
2022-04-08 08:08:29,818 - processing started: 735_269 
2022-04-08 08:08:29,936 - processing completed: 735_269
2022-04-08 08:08:29,941 - processing started: 737_269 
2022-04-08 08:08:30,119 - processing completed: 737_269
2022-04-08 08:08:30,125 - processing started: 739_270 
2022-04-08 08:08:30,241 - processing completed: 739_270
2022-04-08 08:08:30,246 - processing started: 741_271 
2022-04-08 08:08:30,438 - processing completed: 741_271
2022-04-08 08:08:30,444 - processing started: 743_272 
2022-04-08 08:08:30,650 - processing completed: 743_272
2022-04-08 08:08:30,655 - processing started: 745_273 
2022-04-08 08:08:30,778 - processing completed: 745_273
2022-04-08 08:08:30,784 - processing started: 747_274 
2022-04-08 08:08:30,977 - processing completed: 747_274
2022-04-08 08:08:30,982 - processing started: 749_274 
2022-04-08 08:08:31,085 - processing completed: 749_274
2022-04-08 08:08:31,089 - processing started: 751_275 
2022-04-08 08:08:31,258 - processing completed: 751_275
2022-04-08 08:08:31,263 - processing started: 753_275 
2022-04-08 08:08:31,370 - processing completed: 753_275
2022-04-08 08:08:31,376 - processing started: 755_276 
2022-04-08 08:08:31,552 - processing completed: 755_276
2022-04-08 08:08:31,557 - processing started: 757_276 
2022-04-08 08:08:31,668 - processing completed: 757_276
2022-04-08 08:08:31,675 - processing started: 759_277 
2022-04-08 08:08:31,855 - processing completed: 759_277
2022-04-08 08:08:31,859 - processing started: 761_278 
2022-04-08 08:08:31,989 - processing completed: 761_278
2022-04-08 08:08:31,995 - processing started: 763_279 
2022-04-08 08:08:32,172 - processing completed: 763_279
2022-04-08 08:08:32,176 - processing started: 765_280 
2022-04-08 08:08:32,267 - processing completed: 765_280
2022-04-08 08:08:32,271 - processing started: 767_280 
2022-04-08 08:08:32,460 - processing completed: 767_280
2022-04-08 08:08:32,464 - processing started: 769_281 
2022-04-08 08:08:32,583 - processing completed: 769_281
2022-04-08 08:08:32,588 - processing started: 771_282 
2022-04-08 08:08:32,756 - processing completed: 771_282
2022-04-08 08:08:32,762 - processing started: 773_283 
2022-04-08 08:08:32,952 - processing completed: 773_283
2022-04-08 08:08:32,956 - processing started: 775_284 
2022-04-08 08:08:33,057 - processing completed: 775_284
2022-04-08 08:08:33,063 - processing started: 777_285 
2022-04-08 08:08:33,230 - processing completed: 777_285
2022-04-08 08:08:33,235 - processing started: 779_286 
2022-04-08 08:08:33,432 - processing completed: 779_286
2022-04-08 08:08:33,439 - processing started: 781_287 
2022-04-08 08:08:33,599 - processing completed: 781_287
2022-04-08 08:08:33,603 - processing started: 783_288 
2022-04-08 08:08:33,694 - processing completed: 783_288
2022-04-08 08:08:33,700 - processing started: 785_289 
2022-04-08 08:08:33,882 - processing completed: 785_289
2022-04-08 08:08:33,886 - processing started: 787_290 
2022-04-08 08:08:33,990 - processing completed: 787_290
2022-04-08 08:08:33,995 - processing started: 789_290 
2022-04-08 08:08:34,159 - processing completed: 789_290
2022-04-08 08:08:34,163 - processing started: 791_291 
2022-04-08 08:08:34,271 - processing completed: 791_291
2022-04-08 08:08:34,275 - processing started: 793_292 
2022-04-08 08:08:34,481 - processing completed: 793_292
2022-04-08 08:08:34,486 - processing started: 795_292 
2022-04-08 08:08:34,581 - processing completed: 795_292
2022-04-08 08:08:34,587 - processing started: 797_293 
2022-04-08 08:08:34,717 - processing completed: 797_293
2022-04-08 08:08:34,721 - processing started: 799_294 
2022-04-08 08:08:34,776 - processing completed: 799_294
2022-04-08 08:08:34,780 - processing started: 801_295 
2022-04-08 08:08:34,939 - processing completed: 801_295
2022-04-08 08:08:34,942 - processing started: 803_296 
2022-04-08 08:08:35,114 - processing completed: 803_296
2022-04-08 08:08:35,119 - processing started: 805_297 
2022-04-08 08:08:35,347 - processing completed: 805_297
2022-04-08 08:08:35,354 - processing started: 807_298 
2022-04-08 08:08:35,519 - processing completed: 807_298
2022-04-08 08:08:35,523 - processing started: 809_298 
2022-04-08 08:08:35,620 - processing completed: 809_298
2022-04-08 08:08:35,625 - processing started: 811_299 
2022-04-08 08:08:35,782 - processing completed: 811_299
2022-04-08 08:08:35,787 - processing started: 0_0 
2022-04-08 08:08:35,788 - Closing connection (200): Normal shutdown
2022-04-08 08:08:35,788 - Closing channel (200): 'Normal shutdown' on <Channel number=1 OPEN conn=<SelectConnection OPEN transport=<pika.adapters.utils.io_services_utils._AsyncPlaintextTransport object at 0x118b041c0> params=<ConnectionParameters host=localhost port=5672 virtual_host=/ ssl=False>>>
2022-04-08 08:08:35,789 - Received <Channel.CloseOk> on <Channel number=1 CLOSING conn=<SelectConnection OPEN transport=<pika.adapters.utils.io_services_utils._AsyncPlaintextTransport object at 0x118b041c0> params=<ConnectionParameters host=localhost port=5672 virtual_host=/ ssl=False>>>
2022-04-08 08:08:35,789 - Closing connection (200): 'Normal shutdown'
2022-04-08 08:08:35,790 - Aborting transport connection: state=1; <socket.socket fd=22, family=AddressFamily.AF_INET, type=SocketKind.SOCK_STREAM, proto=6, laddr=('127.0.0.1', 50311), raddr=('127.0.0.1', 5672)>
2022-04-08 08:08:35,790 - _AsyncTransportBase._initate_abort(): Initiating abrupt asynchronous transport shutdown: state=1; error=None; <socket.socket fd=22, family=AddressFamily.AF_INET, type=SocketKind.SOCK_STREAM, proto=6, laddr=('127.0.0.1', 50311), raddr=('127.0.0.1', 5672)>
2022-04-08 08:08:35,790 - Deactivating transport: state=1; <socket.socket fd=22, family=AddressFamily.AF_INET, type=SocketKind.SOCK_STREAM, proto=6, laddr=('127.0.0.1', 50311), raddr=('127.0.0.1', 5672)>
2022-04-08 08:08:35,790 - AMQP stack terminated, failed to connect, or aborted: opened=True, error-arg=None; pending-error=ConnectionClosedByClient: (200) 'Normal shutdown'
2022-04-08 08:08:35,791 - Stack terminated due to ConnectionClosedByClient: (200) 'Normal shutdown'
2022-04-08 08:08:35,791 - Closing transport socket and unlinking: state=3; <socket.socket fd=22, family=AddressFamily.AF_INET, type=SocketKind.SOCK_STREAM, proto=6, laddr=('127.0.0.1', 50311), raddr=('127.0.0.1', 5672)>
2022-04-08 08:08:35,791 - User-initiated close: result=BlockingConnection__OnClosedArgs(connection=<SelectConnection CLOSED transport=None params=<ConnectionParameters host=localhost port=5672 virtual_host=/ ssl=False>>, error=ConnectionClosedByClient: (200) 'Normal shutdown')
2022-04-08 08:08:35,792 - PID 52040 completed loading and processing
