2022-04-08 08:07:20,620 - PID 52041 started loading and processing
2022-04-08 08:07:20,627 - Pika version 1.2.0 connecting to ('::1', 5672, 0, 0)
2022-04-08 08:07:20,627 - Socket failed to connect: <socket.socket fd=22, family=AddressFamily.AF_INET6, type=SocketKind.SOCK_STREAM, proto=6, laddr=('::1', 50306, 0, 0)>; error=61 (Connection refused)
2022-04-08 08:07:20,628 - TCP Connection attempt failed: ConnectionRefusedError(61, 'Connection refused'); dest=(<AddressFamily.AF_INET6: 30>, <SocketKind.SOCK_STREAM: 1>, 6, '', ('::1', 5672, 0, 0))
2022-04-08 08:07:20,628 - AMQPConnector - reporting failure: AMQPConnectorSocketConnectError: ConnectionRefusedError(61, 'Connection refused')
2022-04-08 08:07:20,628 - Pika version 1.2.0 connecting to ('127.0.0.1', 5672)
2022-04-08 08:07:20,628 - Socket connected: <socket.socket fd=22, family=AddressFamily.AF_INET, type=SocketKind.SOCK_STREAM, proto=6, laddr=('127.0.0.1', 50307), raddr=('127.0.0.1', 5672)>
2022-04-08 08:07:20,629 - Streaming transport linked up: (<pika.adapters.utils.io_services_utils._AsyncPlaintextTransport object at 0x116fb22b0>, _StreamingProtocolShim: <SelectConnection PROTOCOL transport=<pika.adapters.utils.io_services_utils._AsyncPlaintextTransport object at 0x116fb22b0> params=<ConnectionParameters host=localhost port=5672 virtual_host=/ ssl=False>>).
2022-04-08 08:07:20,642 - AMQPConnector - reporting success: <SelectConnection OPEN transport=<pika.adapters.utils.io_services_utils._AsyncPlaintextTransport object at 0x116fb22b0> params=<ConnectionParameters host=localhost port=5672 virtual_host=/ ssl=False>>
2022-04-08 08:07:20,643 - AMQPConnectionWorkflow - reporting success: <SelectConnection OPEN transport=<pika.adapters.utils.io_services_utils._AsyncPlaintextTransport object at 0x116fb22b0> params=<ConnectionParameters host=localhost port=5672 virtual_host=/ ssl=False>>
2022-04-08 08:07:20,643 - Connection workflow succeeded: <SelectConnection OPEN transport=<pika.adapters.utils.io_services_utils._AsyncPlaintextTransport object at 0x116fb22b0> params=<ConnectionParameters host=localhost port=5672 virtual_host=/ ssl=False>>
2022-04-08 08:07:20,643 - Created channel=1
2022-04-08 08:07:20,646 - Logging before start consuming
2022-04-08 08:07:25,089 - processing started: 0_000 
2022-04-08 08:07:25,273 - processing completed: 0_000
2022-04-08 08:07:25,295 - processing started: 2_000 
2022-04-08 08:07:25,506 - processing completed: 2_000
2022-04-08 08:07:25,511 - processing started: 4_001 
2022-04-08 08:07:25,753 - processing completed: 4_001
2022-04-08 08:07:25,759 - processing started: 6_002 
2022-04-08 08:07:25,925 - processing completed: 6_002
2022-04-08 08:07:25,931 - processing started: 8_003 
2022-04-08 08:07:26,162 - processing completed: 8_003
2022-04-08 08:07:26,169 - processing started: 10_004 
2022-04-08 08:07:26,349 - processing completed: 10_004
2022-04-08 08:07:26,356 - processing started: 12_005 
2022-04-08 08:07:26,608 - processing completed: 12_005
2022-04-08 08:07:26,614 - processing started: 14_005 
2022-04-08 08:07:26,796 - processing completed: 14_005
2022-04-08 08:07:26,803 - processing started: 16_006 
2022-04-08 08:07:27,050 - processing completed: 16_006
2022-04-08 08:07:27,057 - processing started: 18_007 
2022-04-08 08:07:27,273 - processing completed: 18_007
2022-04-08 08:07:27,279 - processing started: 20_008 
2022-04-08 08:07:27,500 - processing completed: 20_008
2022-04-08 08:07:27,506 - processing started: 22_009 
2022-04-08 08:07:27,691 - processing completed: 22_009
2022-04-08 08:07:27,696 - processing started: 24_009 
2022-04-08 08:07:27,966 - processing completed: 24_009
2022-04-08 08:07:27,972 - processing started: 26_010 
2022-04-08 08:07:28,173 - processing completed: 26_010
2022-04-08 08:07:28,179 - processing started: 28_011 
2022-04-08 08:07:28,489 - processing completed: 28_011
2022-04-08 08:07:28,498 - processing started: 30_012 
2022-04-08 08:07:28,584 - processing completed: 30_012
2022-04-08 08:07:28,588 - processing started: 32_013 
2022-04-08 08:07:28,805 - processing completed: 32_013
2022-04-08 08:07:28,811 - processing started: 34_014 
2022-04-08 08:07:29,007 - processing completed: 34_014
2022-04-08 08:07:29,012 - processing started: 36_014 
2022-04-08 08:07:29,120 - processing completed: 36_014
2022-04-08 08:07:29,125 - processing started: 38_015 
2022-04-08 08:07:29,317 - processing completed: 38_015
2022-04-08 08:07:29,321 - processing started: 40_015 
2022-04-08 08:07:29,438 - processing completed: 40_015
2022-04-08 08:07:29,442 - processing started: 42_015 
2022-04-08 08:07:29,655 - processing completed: 42_015
2022-04-08 08:07:29,659 - processing started: 44_016 
2022-04-08 08:07:29,789 - processing completed: 44_016
2022-04-08 08:07:29,795 - processing started: 46_017 
2022-04-08 08:07:30,021 - processing completed: 46_017
2022-04-08 08:07:30,027 - processing started: 48_018 
2022-04-08 08:07:30,161 - processing completed: 48_018
2022-04-08 08:07:30,166 - processing started: 50_019 
2022-04-08 08:07:30,416 - processing completed: 50_019
2022-04-08 08:07:30,420 - processing started: 52_020 
2022-04-08 08:07:30,590 - processing completed: 52_020
2022-04-08 08:07:30,596 - processing started: 54_021 
2022-04-08 08:07:30,846 - processing completed: 54_021
2022-04-08 08:07:30,851 - processing started: 56_022 
2022-04-08 08:07:31,049 - processing completed: 56_022
2022-04-08 08:07:31,054 - processing started: 58_022 
2022-04-08 08:07:31,311 - processing completed: 58_022
2022-04-08 08:07:31,318 - processing started: 60_023 
2022-04-08 08:07:31,449 - processing completed: 60_023
2022-04-08 08:07:31,453 - processing started: 62_023 
2022-04-08 08:07:31,653 - processing completed: 62_023
2022-04-08 08:07:31,657 - processing started: 64_024 
2022-04-08 08:07:31,868 - processing completed: 64_024
2022-04-08 08:07:31,872 - processing started: 66_025 
2022-04-08 08:07:32,003 - processing completed: 66_025
2022-04-08 08:07:32,009 - processing started: 68_026 
2022-04-08 08:07:32,236 - processing completed: 68_026
2022-04-08 08:07:32,240 - processing started: 70_027 
2022-04-08 08:07:32,398 - processing completed: 70_027
2022-04-08 08:07:32,404 - processing started: 72_028 
2022-04-08 08:07:32,612 - processing completed: 72_028
2022-04-08 08:07:32,617 - processing started: 74_028 
2022-04-08 08:07:32,737 - processing completed: 74_028
2022-04-08 08:07:32,742 - processing started: 76_029 
2022-04-08 08:07:32,947 - processing completed: 76_029
2022-04-08 08:07:32,952 - processing started: 78_030 
2022-04-08 08:07:33,076 - processing completed: 78_030
2022-04-08 08:07:33,081 - processing started: 80_031 
2022-04-08 08:07:33,280 - processing completed: 80_031
2022-04-08 08:07:33,285 - processing started: 82_031 
2022-04-08 08:07:33,416 - processing completed: 82_031
2022-04-08 08:07:33,421 - processing started: 84_032 
2022-04-08 08:07:33,673 - processing completed: 84_032
2022-04-08 08:07:33,679 - processing started: 86_032 
2022-04-08 08:07:33,866 - processing completed: 86_032
2022-04-08 08:07:33,874 - processing started: 88_033 
2022-04-08 08:07:34,100 - processing completed: 88_033
2022-04-08 08:07:34,104 - processing started: 90_033 
2022-04-08 08:07:34,228 - processing completed: 90_033
2022-04-08 08:07:34,233 - processing started: 92_033 
2022-04-08 08:07:34,435 - processing completed: 92_033
2022-04-08 08:07:34,440 - processing started: 94_034 
2022-04-08 08:07:34,630 - processing completed: 94_034
2022-04-08 08:07:34,634 - processing started: 96_035 
2022-04-08 08:07:34,749 - processing completed: 96_035
2022-04-08 08:07:34,754 - processing started: 98_035 
2022-04-08 08:07:34,932 - processing completed: 98_035
2022-04-08 08:07:34,936 - processing started: 100_036 
2022-04-08 08:07:35,064 - processing completed: 100_036
2022-04-08 08:07:35,070 - processing started: 102_037 
2022-04-08 08:07:35,256 - processing completed: 102_037
2022-04-08 08:07:35,262 - processing started: 104_038 
2022-04-08 08:07:35,382 - processing completed: 104_038
2022-04-08 08:07:35,386 - processing started: 106_039 
2022-04-08 08:07:35,573 - processing completed: 106_039
2022-04-08 08:07:35,578 - processing started: 108_039 
2022-04-08 08:07:35,697 - processing completed: 108_039
2022-04-08 08:07:35,701 - processing started: 110_040 
2022-04-08 08:07:35,885 - processing completed: 110_040
2022-04-08 08:07:35,889 - processing started: 112_040 
2022-04-08 08:07:36,031 - processing completed: 112_040
2022-04-08 08:07:36,036 - processing started: 114_040 
2022-04-08 08:07:36,237 - processing completed: 114_040
2022-04-08 08:07:36,242 - processing started: 116_041 
2022-04-08 08:07:36,373 - processing completed: 116_041
2022-04-08 08:07:36,377 - processing started: 118_042 
2022-04-08 08:07:36,566 - processing completed: 118_042
2022-04-08 08:07:36,572 - processing started: 120_042 
2022-04-08 08:07:36,686 - processing completed: 120_042
2022-04-08 08:07:36,690 - processing started: 122_043 
2022-04-08 08:07:36,855 - processing completed: 122_043
2022-04-08 08:07:36,860 - processing started: 124_044 
2022-04-08 08:07:37,040 - processing completed: 124_044
2022-04-08 08:07:37,045 - processing started: 126_044 
2022-04-08 08:07:37,164 - processing completed: 126_044
2022-04-08 08:07:37,169 - processing started: 128_045 
2022-04-08 08:07:37,344 - processing completed: 128_045
2022-04-08 08:07:37,348 - processing started: 130_046 
2022-04-08 08:07:37,467 - processing completed: 130_046
2022-04-08 08:07:37,473 - processing started: 132_047 
2022-04-08 08:07:37,671 - processing completed: 132_047
2022-04-08 08:07:37,675 - processing started: 134_048 
2022-04-08 08:07:37,787 - processing completed: 134_048
2022-04-08 08:07:37,792 - processing started: 136_048 
2022-04-08 08:07:38,001 - processing completed: 136_048
2022-04-08 08:07:38,006 - processing started: 138_049 
2022-04-08 08:07:38,131 - processing completed: 138_049
2022-04-08 08:07:38,136 - processing started: 140_050 
2022-04-08 08:07:38,343 - processing completed: 140_050
2022-04-08 08:07:38,347 - processing started: 142_050 
2022-04-08 08:07:38,472 - processing completed: 142_050
2022-04-08 08:07:38,477 - processing started: 144_051 
2022-04-08 08:07:38,661 - processing completed: 144_051
2022-04-08 08:07:38,666 - processing started: 146_051 
2022-04-08 08:07:38,784 - processing completed: 146_051
2022-04-08 08:07:38,788 - processing started: 148_052 
2022-04-08 08:07:38,973 - processing completed: 148_052
2022-04-08 08:07:38,978 - processing started: 150_053 
2022-04-08 08:07:39,098 - processing completed: 150_053
2022-04-08 08:07:39,103 - processing started: 152_054 
2022-04-08 08:07:39,293 - processing completed: 152_054
2022-04-08 08:07:39,297 - processing started: 154_055 
2022-04-08 08:07:39,494 - processing completed: 154_055
2022-04-08 08:07:39,499 - processing started: 156_056 
2022-04-08 08:07:39,622 - processing completed: 156_056
2022-04-08 08:07:39,625 - processing started: 158_057 
2022-04-08 08:07:39,819 - processing completed: 158_057
2022-04-08 08:07:39,824 - processing started: 160_058 
2022-04-08 08:07:40,036 - processing completed: 160_058
2022-04-08 08:07:40,043 - processing started: 162_058 
2022-04-08 08:07:40,302 - processing completed: 162_058
2022-04-08 08:07:40,309 - processing started: 164_059 
2022-04-08 08:07:40,433 - processing completed: 164_059
2022-04-08 08:07:40,438 - processing started: 166_060 
2022-04-08 08:07:40,612 - processing completed: 166_060
2022-04-08 08:07:40,617 - processing started: 168_061 
2022-04-08 08:07:40,726 - processing completed: 168_061
2022-04-08 08:07:40,731 - processing started: 170_062 
2022-04-08 08:07:40,903 - processing completed: 170_062
2022-04-08 08:07:40,906 - processing started: 172_062 
2022-04-08 08:07:41,016 - processing completed: 172_062
2022-04-08 08:07:41,020 - processing started: 174_063 
2022-04-08 08:07:41,284 - processing completed: 174_063
2022-04-08 08:07:41,290 - processing started: 176_064 
2022-04-08 08:07:41,526 - processing completed: 176_064
2022-04-08 08:07:41,533 - processing started: 178_064 
2022-04-08 08:07:41,796 - processing completed: 178_064
2022-04-08 08:07:41,801 - processing started: 180_065 
2022-04-08 08:07:42,084 - processing completed: 180_065
2022-04-08 08:07:42,090 - processing started: 182_066 
2022-04-08 08:07:42,300 - processing completed: 182_066
2022-04-08 08:07:42,306 - processing started: 184_066 
2022-04-08 08:07:42,567 - processing completed: 184_066
2022-04-08 08:07:42,574 - processing started: 186_066 
2022-04-08 08:07:42,760 - processing completed: 186_066
2022-04-08 08:07:42,765 - processing started: 188_067 
2022-04-08 08:07:42,868 - processing completed: 188_067
2022-04-08 08:07:42,871 - processing started: 190_067 
2022-04-08 08:07:43,010 - processing completed: 190_067
2022-04-08 08:07:43,014 - processing started: 192_067 
2022-04-08 08:07:43,267 - processing completed: 192_067
2022-04-08 08:07:43,273 - processing started: 194_068 
2022-04-08 08:07:43,400 - processing completed: 194_068
2022-04-08 08:07:43,405 - processing started: 196_069 
2022-04-08 08:07:43,588 - processing completed: 196_069
2022-04-08 08:07:43,593 - processing started: 198_069 
2022-04-08 08:07:43,729 - processing completed: 198_069
2022-04-08 08:07:43,734 - processing started: 200_070 
2022-04-08 08:07:43,844 - processing completed: 200_070
2022-04-08 08:07:43,847 - processing started: 202_071 
2022-04-08 08:07:44,044 - processing completed: 202_071
2022-04-08 08:07:44,050 - processing started: 204_072 
2022-04-08 08:07:44,309 - processing completed: 204_072
2022-04-08 08:07:44,314 - processing started: 206_072 
2022-04-08 08:07:44,540 - processing completed: 206_072
2022-04-08 08:07:44,547 - processing started: 208_073 
2022-04-08 08:07:44,812 - processing completed: 208_073
2022-04-08 08:07:44,818 - processing started: 210_074 
2022-04-08 08:07:45,089 - processing completed: 210_074
2022-04-08 08:07:45,095 - processing started: 212_075 
2022-04-08 08:07:45,278 - processing completed: 212_075
2022-04-08 08:07:45,285 - processing started: 214_076 
2022-04-08 08:07:45,577 - processing completed: 214_076
2022-04-08 08:07:45,585 - processing started: 216_077 
2022-04-08 08:07:45,786 - processing completed: 216_077
2022-04-08 08:07:45,792 - processing started: 218_078 
2022-04-08 08:07:46,037 - processing completed: 218_078
2022-04-08 08:07:46,043 - processing started: 220_079 
2022-04-08 08:07:46,234 - processing completed: 220_079
2022-04-08 08:07:46,240 - processing started: 222_079 
2022-04-08 08:07:46,493 - processing completed: 222_079
2022-04-08 08:07:46,499 - processing started: 224_080 
2022-04-08 08:07:46,591 - processing completed: 224_080
2022-04-08 08:07:46,596 - processing started: 226_081 
2022-04-08 08:07:46,784 - processing completed: 226_081
2022-04-08 08:07:46,790 - processing started: 228_081 
2022-04-08 08:07:46,942 - processing completed: 228_081
2022-04-08 08:07:46,948 - processing started: 230_081 
2022-04-08 08:07:47,149 - processing completed: 230_081
2022-04-08 08:07:47,155 - processing started: 232_082 
2022-04-08 08:07:47,286 - processing completed: 232_082
2022-04-08 08:07:47,291 - processing started: 234_082 
2022-04-08 08:07:47,476 - processing completed: 234_082
2022-04-08 08:07:47,480 - processing started: 236_083 
2022-04-08 08:07:47,600 - processing completed: 236_083
2022-04-08 08:07:47,606 - processing started: 238_084 
2022-04-08 08:07:47,812 - processing completed: 238_084
2022-04-08 08:07:47,818 - processing started: 240_085 
2022-04-08 08:07:48,016 - processing completed: 240_085
2022-04-08 08:07:48,022 - processing started: 242_086 
2022-04-08 08:07:48,158 - processing completed: 242_086
2022-04-08 08:07:48,163 - processing started: 244_087 
2022-04-08 08:07:48,347 - processing completed: 244_087
2022-04-08 08:07:48,351 - processing started: 246_088 
2022-04-08 08:07:48,481 - processing completed: 246_088
2022-04-08 08:07:48,486 - processing started: 248_088 
2022-04-08 08:07:48,681 - processing completed: 248_088
2022-04-08 08:07:48,686 - processing started: 250_089 
2022-04-08 08:07:48,766 - processing completed: 250_089
2022-04-08 08:07:48,770 - processing started: 252_090 
2022-04-08 08:07:48,929 - processing completed: 252_090
2022-04-08 08:07:48,933 - processing started: 254_091 
2022-04-08 08:07:49,018 - processing completed: 254_091
2022-04-08 08:07:49,022 - processing started: 256_092 
2022-04-08 08:07:49,169 - processing completed: 256_092
2022-04-08 08:07:49,173 - processing started: 258_093 
2022-04-08 08:07:49,297 - processing completed: 258_093
2022-04-08 08:07:49,303 - processing started: 260_094 
2022-04-08 08:07:49,484 - processing completed: 260_094
2022-04-08 08:07:49,492 - processing started: 262_094 
2022-04-08 08:07:49,600 - processing completed: 262_094
2022-04-08 08:07:49,605 - processing started: 264_095 
2022-04-08 08:07:49,782 - processing completed: 264_095
2022-04-08 08:07:49,788 - processing started: 266_096 
2022-04-08 08:07:49,901 - processing completed: 266_096
2022-04-08 08:07:49,907 - processing started: 268_097 
2022-04-08 08:07:50,081 - processing completed: 268_097
2022-04-08 08:07:50,086 - processing started: 270_098 
2022-04-08 08:07:50,260 - processing completed: 270_098
2022-04-08 08:07:50,264 - processing started: 272_099 
2022-04-08 08:07:50,356 - processing completed: 272_099
2022-04-08 08:07:50,360 - processing started: 274_100 
2022-04-08 08:07:50,568 - processing completed: 274_100
2022-04-08 08:07:50,574 - processing started: 276_101 
2022-04-08 08:07:50,673 - processing completed: 276_101
2022-04-08 08:07:50,677 - processing started: 278_102 
2022-04-08 08:07:50,845 - processing completed: 278_102
2022-04-08 08:07:50,849 - processing started: 280_103 
2022-04-08 08:07:50,935 - processing completed: 280_103
2022-04-08 08:07:50,941 - processing started: 282_103 
2022-04-08 08:07:51,115 - processing completed: 282_103
2022-04-08 08:07:51,120 - processing started: 284_104 
2022-04-08 08:07:51,227 - processing completed: 284_104
2022-04-08 08:07:51,232 - processing started: 286_105 
2022-04-08 08:07:51,435 - processing completed: 286_105
2022-04-08 08:07:51,439 - processing started: 288_106 
2022-04-08 08:07:51,536 - processing completed: 288_106
2022-04-08 08:07:51,542 - processing started: 290_107 
2022-04-08 08:07:51,716 - processing completed: 290_107
2022-04-08 08:07:51,722 - processing started: 292_108 
2022-04-08 08:07:51,808 - processing completed: 292_108
2022-04-08 08:07:51,813 - processing started: 294_108 
2022-04-08 08:07:51,969 - processing completed: 294_108
2022-04-08 08:07:51,973 - processing started: 296_109 
2022-04-08 08:07:52,063 - processing completed: 296_109
2022-04-08 08:07:52,067 - processing started: 298_110 
2022-04-08 08:07:52,261 - processing completed: 298_110
2022-04-08 08:07:52,267 - processing started: 300_111 
2022-04-08 08:07:52,435 - processing completed: 300_111
2022-04-08 08:07:52,440 - processing started: 302_112 
2022-04-08 08:07:52,534 - processing completed: 302_112
2022-04-08 08:07:52,538 - processing started: 304_113 
2022-04-08 08:07:52,699 - processing completed: 304_113
2022-04-08 08:07:52,703 - processing started: 306_114 
2022-04-08 08:07:52,857 - processing completed: 306_114
2022-04-08 08:07:52,863 - processing started: 308_115 
2022-04-08 08:07:53,103 - processing completed: 308_115
2022-04-08 08:07:53,109 - processing started: 310_116 
2022-04-08 08:07:53,274 - processing completed: 310_116
2022-04-08 08:07:53,281 - processing started: 312_117 
2022-04-08 08:07:53,518 - processing completed: 312_117
2022-04-08 08:07:53,523 - processing started: 314_117 
2022-04-08 08:07:53,667 - processing completed: 314_117
2022-04-08 08:07:53,673 - processing started: 316_118 
2022-04-08 08:07:53,881 - processing completed: 316_118
2022-04-08 08:07:53,888 - processing started: 318_119 
2022-04-08 08:07:54,037 - processing completed: 318_119
2022-04-08 08:07:54,043 - processing started: 320_120 
2022-04-08 08:07:54,216 - processing completed: 320_120
2022-04-08 08:07:54,221 - processing started: 322_120 
2022-04-08 08:07:54,330 - processing completed: 322_120
2022-04-08 08:07:54,335 - processing started: 324_121 
2022-04-08 08:07:54,556 - processing completed: 324_121
2022-04-08 08:07:54,562 - processing started: 326_122 
2022-04-08 08:07:54,703 - processing completed: 326_122
2022-04-08 08:07:54,709 - processing started: 328_123 
2022-04-08 08:07:54,940 - processing completed: 328_123
2022-04-08 08:07:54,946 - processing started: 330_123 
2022-04-08 08:07:55,161 - processing completed: 330_123
2022-04-08 08:07:55,166 - processing started: 332_124 
2022-04-08 08:07:55,292 - processing completed: 332_124
2022-04-08 08:07:55,298 - processing started: 334_124 
2022-04-08 08:07:55,522 - processing completed: 334_124
2022-04-08 08:07:55,530 - processing started: 336_124 
2022-04-08 08:07:55,663 - processing completed: 336_124
2022-04-08 08:07:55,668 - processing started: 338_124 
2022-04-08 08:07:55,862 - processing completed: 338_124
2022-04-08 08:07:55,868 - processing started: 340_125 
2022-04-08 08:07:55,995 - processing completed: 340_125
2022-04-08 08:07:56,001 - processing started: 342_126 
2022-04-08 08:07:56,192 - processing completed: 342_126
2022-04-08 08:07:56,198 - processing started: 344_126 
2022-04-08 08:07:56,329 - processing completed: 344_126
2022-04-08 08:07:56,334 - processing started: 346_127 
2022-04-08 08:07:56,549 - processing completed: 346_127
2022-04-08 08:07:56,555 - processing started: 348_128 
2022-04-08 08:07:56,684 - processing completed: 348_128
2022-04-08 08:07:56,689 - processing started: 350_129 
2022-04-08 08:07:56,890 - processing completed: 350_129
2022-04-08 08:07:56,896 - processing started: 352_130 
2022-04-08 08:07:57,047 - processing completed: 352_130
2022-04-08 08:07:57,053 - processing started: 354_131 
2022-04-08 08:07:57,267 - processing completed: 354_131
2022-04-08 08:07:57,274 - processing started: 356_132 
2022-04-08 08:07:57,415 - processing completed: 356_132
2022-04-08 08:07:57,420 - processing started: 358_133 
2022-04-08 08:07:57,640 - processing completed: 358_133
2022-04-08 08:07:57,646 - processing started: 360_134 
2022-04-08 08:07:57,849 - processing completed: 360_134
2022-04-08 08:07:57,855 - processing started: 362_134 
2022-04-08 08:07:57,995 - processing completed: 362_134
2022-04-08 08:07:58,002 - processing started: 364_134 
2022-04-08 08:07:58,196 - processing completed: 364_134
2022-04-08 08:07:58,201 - processing started: 366_135 
2022-04-08 08:07:58,330 - processing completed: 366_135
2022-04-08 08:07:58,336 - processing started: 368_136 
2022-04-08 08:07:58,533 - processing completed: 368_136
2022-04-08 08:07:58,538 - processing started: 370_137 
2022-04-08 08:07:58,682 - processing completed: 370_137
2022-04-08 08:07:58,686 - processing started: 372_138 
2022-04-08 08:07:58,877 - processing completed: 372_138
2022-04-08 08:07:58,882 - processing started: 374_139 
2022-04-08 08:07:59,015 - processing completed: 374_139
2022-04-08 08:07:59,021 - processing started: 376_140 
2022-04-08 08:07:59,232 - processing completed: 376_140
2022-04-08 08:07:59,238 - processing started: 378_140 
2022-04-08 08:07:59,376 - processing completed: 378_140
2022-04-08 08:07:59,382 - processing started: 380_141 
2022-04-08 08:07:59,584 - processing completed: 380_141
2022-04-08 08:07:59,590 - processing started: 382_142 
2022-04-08 08:07:59,741 - processing completed: 382_142
2022-04-08 08:07:59,746 - processing started: 384_143 
2022-04-08 08:07:59,947 - processing completed: 384_143
2022-04-08 08:07:59,952 - processing started: 386_144 
2022-04-08 08:08:00,084 - processing completed: 386_144
2022-04-08 08:08:00,089 - processing started: 388_145 
2022-04-08 08:08:00,273 - processing completed: 388_145
2022-04-08 08:08:00,279 - processing started: 390_145 
2022-04-08 08:08:00,473 - processing completed: 390_145
2022-04-08 08:08:00,477 - processing started: 392_145 
2022-04-08 08:08:00,606 - processing completed: 392_145
2022-04-08 08:08:00,612 - processing started: 394_146 
2022-04-08 08:08:00,817 - processing completed: 394_146
2022-04-08 08:08:00,823 - processing started: 396_147 
2022-04-08 08:08:00,954 - processing completed: 396_147
2022-04-08 08:08:00,960 - processing started: 398_147 
2022-04-08 08:08:01,156 - processing completed: 398_147
2022-04-08 08:08:01,162 - processing started: 400_148 
2022-04-08 08:08:01,316 - processing completed: 400_148
2022-04-08 08:08:01,322 - processing started: 402_149 
2022-04-08 08:08:01,536 - processing completed: 402_149
2022-04-08 08:08:01,542 - processing started: 404_149 
2022-04-08 08:08:01,676 - processing completed: 404_149
2022-04-08 08:08:01,682 - processing started: 406_150 
2022-04-08 08:08:01,913 - processing completed: 406_150
2022-04-08 08:08:01,919 - processing started: 408_151 
2022-04-08 08:08:02,058 - processing completed: 408_151
2022-04-08 08:08:02,063 - processing started: 410_152 
2022-04-08 08:08:02,258 - processing completed: 410_152
2022-04-08 08:08:02,262 - processing started: 412_153 
2022-04-08 08:08:02,394 - processing completed: 412_153
2022-04-08 08:08:02,398 - processing started: 414_154 
2022-04-08 08:08:02,592 - processing completed: 414_154
2022-04-08 08:08:02,596 - processing started: 416_155 
2022-04-08 08:08:02,728 - processing completed: 416_155
2022-04-08 08:08:02,732 - processing started: 418_156 
2022-04-08 08:08:02,935 - processing completed: 418_156
2022-04-08 08:08:02,940 - processing started: 420_157 
2022-04-08 08:08:03,174 - processing completed: 420_157
2022-04-08 08:08:03,178 - processing started: 422_157 
2022-04-08 08:08:03,310 - processing completed: 422_157
2022-04-08 08:08:03,315 - processing started: 424_158 
2022-04-08 08:08:03,529 - processing completed: 424_158
2022-04-08 08:08:03,534 - processing started: 426_159 
2022-04-08 08:08:03,666 - processing completed: 426_159
2022-04-08 08:08:03,671 - processing started: 428_160 
2022-04-08 08:08:03,865 - processing completed: 428_160
2022-04-08 08:08:03,871 - processing started: 430_160 
2022-04-08 08:08:04,023 - processing completed: 430_160
2022-04-08 08:08:04,030 - processing started: 432_161 
2022-04-08 08:08:04,240 - processing completed: 432_161
2022-04-08 08:08:04,245 - processing started: 434_162 
2022-04-08 08:08:04,373 - processing completed: 434_162
2022-04-08 08:08:04,379 - processing started: 436_163 
2022-04-08 08:08:04,564 - processing completed: 436_163
2022-04-08 08:08:04,568 - processing started: 438_164 
2022-04-08 08:08:04,697 - processing completed: 438_164
2022-04-08 08:08:04,702 - processing started: 440_165 
2022-04-08 08:08:04,894 - processing completed: 440_165
2022-04-08 08:08:04,901 - processing started: 442_166 
2022-04-08 08:08:05,032 - processing completed: 442_166
2022-04-08 08:08:05,037 - processing started: 444_167 
2022-04-08 08:08:05,239 - processing completed: 444_167
2022-04-08 08:08:05,244 - processing started: 446_167 
2022-04-08 08:08:05,444 - processing completed: 446_167
2022-04-08 08:08:05,449 - processing started: 448_168 
2022-04-08 08:08:05,600 - processing completed: 448_168
2022-04-08 08:08:05,606 - processing started: 450_168 
2022-04-08 08:08:05,820 - processing completed: 450_168
2022-04-08 08:08:05,826 - processing started: 452_169 
2022-04-08 08:08:05,960 - processing completed: 452_169
2022-04-08 08:08:05,967 - processing started: 454_170 
2022-04-08 08:08:06,182 - processing completed: 454_170
2022-04-08 08:08:06,189 - processing started: 456_171 
2022-04-08 08:08:06,333 - processing completed: 456_171
2022-04-08 08:08:06,338 - processing started: 458_171 
2022-04-08 08:08:06,542 - processing completed: 458_171
2022-04-08 08:08:06,548 - processing started: 460_172 
2022-04-08 08:08:06,676 - processing completed: 460_172
2022-04-08 08:08:06,681 - processing started: 462_173 
2022-04-08 08:08:06,878 - processing completed: 462_173
2022-04-08 08:08:06,884 - processing started: 464_174 
2022-04-08 08:08:07,016 - processing completed: 464_174
2022-04-08 08:08:07,022 - processing started: 466_174 
2022-04-08 08:08:07,216 - processing completed: 466_174
2022-04-08 08:08:07,221 - processing started: 468_175 
2022-04-08 08:08:07,364 - processing completed: 468_175
2022-04-08 08:08:07,369 - processing started: 470_176 
2022-04-08 08:08:07,564 - processing completed: 470_176
2022-04-08 08:08:07,570 - processing started: 472_177 
2022-04-08 08:08:07,725 - processing completed: 472_177
2022-04-08 08:08:07,731 - processing started: 474_178 
2022-04-08 08:08:07,929 - processing completed: 474_178
2022-04-08 08:08:07,934 - processing started: 476_178 
2022-04-08 08:08:08,128 - processing completed: 476_178
2022-04-08 08:08:08,133 - processing started: 478_179 
2022-04-08 08:08:08,293 - processing completed: 478_179
2022-04-08 08:08:08,298 - processing started: 480_180 
2022-04-08 08:08:08,507 - processing completed: 480_180
2022-04-08 08:08:08,512 - processing started: 482_180 
2022-04-08 08:08:08,638 - processing completed: 482_180
2022-04-08 08:08:08,643 - processing started: 484_181 
2022-04-08 08:08:08,829 - processing completed: 484_181
2022-04-08 08:08:08,834 - processing started: 486_182 
2022-04-08 08:08:08,968 - processing completed: 486_182
2022-04-08 08:08:08,973 - processing started: 488_183 
2022-04-08 08:08:09,168 - processing completed: 488_183
2022-04-08 08:08:09,173 - processing started: 490_183 
2022-04-08 08:08:09,308 - processing completed: 490_183
2022-04-08 08:08:09,313 - processing started: 492_184 
2022-04-08 08:08:09,526 - processing completed: 492_184
2022-04-08 08:08:09,531 - processing started: 494_184 
2022-04-08 08:08:09,670 - processing completed: 494_184
2022-04-08 08:08:09,677 - processing started: 496_185 
2022-04-08 08:08:09,889 - processing completed: 496_185
2022-04-08 08:08:09,895 - processing started: 498_186 
2022-04-08 08:08:10,045 - processing completed: 498_186
2022-04-08 08:08:10,051 - processing started: 500_187 
2022-04-08 08:08:10,248 - processing completed: 500_187
2022-04-08 08:08:10,254 - processing started: 502_188 
2022-04-08 08:08:10,407 - processing completed: 502_188
2022-04-08 08:08:10,414 - processing started: 504_188 
2022-04-08 08:08:10,624 - processing completed: 504_188
2022-04-08 08:08:10,630 - processing started: 506_189 
2022-04-08 08:08:10,799 - processing completed: 506_189
2022-04-08 08:08:10,804 - processing started: 508_190 
2022-04-08 08:08:10,938 - processing completed: 508_190
2022-04-08 08:08:10,943 - processing started: 510_191 
2022-04-08 08:08:11,142 - processing completed: 510_191
2022-04-08 08:08:11,146 - processing started: 512_192 
2022-04-08 08:08:11,274 - processing completed: 512_192
2022-04-08 08:08:11,280 - processing started: 514_192 
2022-04-08 08:08:11,473 - processing completed: 514_192
2022-04-08 08:08:11,479 - processing started: 516_193 
2022-04-08 08:08:11,618 - processing completed: 516_193
2022-04-08 08:08:11,624 - processing started: 518_194 
2022-04-08 08:08:11,824 - processing completed: 518_194
2022-04-08 08:08:11,830 - processing started: 520_195 
2022-04-08 08:08:11,991 - processing completed: 520_195
2022-04-08 08:08:11,997 - processing started: 522_196 
2022-04-08 08:08:12,202 - processing completed: 522_196
2022-04-08 08:08:12,207 - processing started: 524_196 
2022-04-08 08:08:12,343 - processing completed: 524_196
2022-04-08 08:08:12,348 - processing started: 526_196 
2022-04-08 08:08:12,570 - processing completed: 526_196
2022-04-08 08:08:12,575 - processing started: 528_197 
2022-04-08 08:08:12,712 - processing completed: 528_197
2022-04-08 08:08:12,717 - processing started: 530_197 
2022-04-08 08:08:12,915 - processing completed: 530_197
2022-04-08 08:08:12,919 - processing started: 532_198 
2022-04-08 08:08:13,051 - processing completed: 532_198
2022-04-08 08:08:13,055 - processing started: 534_199 
2022-04-08 08:08:13,250 - processing completed: 534_199
2022-04-08 08:08:13,254 - processing started: 536_200 
2022-04-08 08:08:13,463 - processing completed: 536_200
2022-04-08 08:08:13,469 - processing started: 538_201 
2022-04-08 08:08:13,616 - processing completed: 538_201
2022-04-08 08:08:13,622 - processing started: 540_202 
2022-04-08 08:08:13,852 - processing completed: 540_202
2022-04-08 08:08:13,857 - processing started: 542_203 
2022-04-08 08:08:13,993 - processing completed: 542_203
2022-04-08 08:08:14,000 - processing started: 544_204 
2022-04-08 08:08:14,224 - processing completed: 544_204
2022-04-08 08:08:14,229 - processing started: 546_205 
2022-04-08 08:08:14,365 - processing completed: 546_205
2022-04-08 08:08:14,371 - processing started: 548_206 
2022-04-08 08:08:14,576 - processing completed: 548_206
2022-04-08 08:08:14,581 - processing started: 550_207 
2022-04-08 08:08:14,720 - processing completed: 550_207
2022-04-08 08:08:14,726 - processing started: 552_207 
2022-04-08 08:08:14,940 - processing completed: 552_207
2022-04-08 08:08:14,945 - processing started: 554_208 
2022-04-08 08:08:15,079 - processing completed: 554_208
2022-04-08 08:08:15,085 - processing started: 556_209 
2022-04-08 08:08:15,272 - processing completed: 556_209
2022-04-08 08:08:15,277 - processing started: 558_210 
2022-04-08 08:08:15,404 - processing completed: 558_210
2022-04-08 08:08:15,410 - processing started: 560_211 
2022-04-08 08:08:15,600 - processing completed: 560_211
2022-04-08 08:08:15,605 - processing started: 562_212 
2022-04-08 08:08:15,733 - processing completed: 562_212
2022-04-08 08:08:15,738 - processing started: 564_213 
2022-04-08 08:08:15,939 - processing completed: 564_213
2022-04-08 08:08:15,944 - processing started: 566_214 
2022-04-08 08:08:16,141 - processing completed: 566_214
2022-04-08 08:08:16,146 - processing started: 568_214 
2022-04-08 08:08:16,291 - processing completed: 568_214
2022-04-08 08:08:16,298 - processing started: 570_214 
2022-04-08 08:08:16,504 - processing completed: 570_214
2022-04-08 08:08:16,510 - processing started: 572_215 
2022-04-08 08:08:16,640 - processing completed: 572_215
2022-04-08 08:08:16,647 - processing started: 574_216 
2022-04-08 08:08:16,856 - processing completed: 574_216
2022-04-08 08:08:16,861 - processing started: 576_217 
2022-04-08 08:08:17,011 - processing completed: 576_217
2022-04-08 08:08:17,016 - processing started: 578_218 
2022-04-08 08:08:17,213 - processing completed: 578_218
2022-04-08 08:08:17,219 - processing started: 580_219 
2022-04-08 08:08:17,351 - processing completed: 580_219
2022-04-08 08:08:17,356 - processing started: 582_220 
2022-04-08 08:08:17,552 - processing completed: 582_220
2022-04-08 08:08:17,557 - processing started: 584_221 
2022-04-08 08:08:17,689 - processing completed: 584_221
2022-04-08 08:08:17,695 - processing started: 586_221 
2022-04-08 08:08:17,896 - processing completed: 586_221
2022-04-08 08:08:17,902 - processing started: 588_222 
2022-04-08 08:08:18,044 - processing completed: 588_222
2022-04-08 08:08:18,050 - processing started: 590_222 
2022-04-08 08:08:18,254 - processing completed: 590_222
2022-04-08 08:08:18,260 - processing started: 592_223 
2022-04-08 08:08:18,392 - processing completed: 592_223
2022-04-08 08:08:18,397 - processing started: 594_224 
2022-04-08 08:08:18,647 - processing completed: 594_224
2022-04-08 08:08:18,652 - processing started: 596_224 
2022-04-08 08:08:18,890 - processing completed: 596_224
2022-04-08 08:08:18,895 - processing started: 598_225 
2022-04-08 08:08:19,003 - processing completed: 598_225
2022-04-08 08:08:19,007 - processing started: 600_225 
2022-04-08 08:08:19,204 - processing completed: 600_225
2022-04-08 08:08:19,208 - processing started: 602_226 
2022-04-08 08:08:19,316 - processing completed: 602_226
2022-04-08 08:08:19,321 - processing started: 604_226 
2022-04-08 08:08:19,488 - processing completed: 604_226
2022-04-08 08:08:19,492 - processing started: 606_227 
2022-04-08 08:08:19,624 - processing completed: 606_227
2022-04-08 08:08:19,629 - processing started: 608_227 
2022-04-08 08:08:19,820 - processing completed: 608_227
2022-04-08 08:08:19,825 - processing started: 610_227 
2022-04-08 08:08:19,936 - processing completed: 610_227
2022-04-08 08:08:19,939 - processing started: 612_227 
2022-04-08 08:08:20,184 - processing completed: 612_227
2022-04-08 08:08:20,190 - processing started: 614_227 
2022-04-08 08:08:20,299 - processing completed: 614_227
2022-04-08 08:08:20,304 - processing started: 616_228 
2022-04-08 08:08:20,482 - processing completed: 616_228
2022-04-08 08:08:20,486 - processing started: 618_229 
2022-04-08 08:08:20,625 - processing completed: 618_229
2022-04-08 08:08:20,631 - processing started: 620_230 
2022-04-08 08:08:20,818 - processing completed: 620_230
2022-04-08 08:08:20,824 - processing started: 622_230 
2022-04-08 08:08:20,953 - processing completed: 622_230
2022-04-08 08:08:20,958 - processing started: 624_231 
2022-04-08 08:08:21,148 - processing completed: 624_231
2022-04-08 08:08:21,153 - processing started: 626_232 
2022-04-08 08:08:21,335 - processing completed: 626_232
2022-04-08 08:08:21,340 - processing started: 628_232 
2022-04-08 08:08:21,449 - processing completed: 628_232
2022-04-08 08:08:21,454 - processing started: 630_232 
2022-04-08 08:08:21,633 - processing completed: 630_232
2022-04-08 08:08:21,638 - processing started: 632_233 
2022-04-08 08:08:21,748 - processing completed: 632_233
2022-04-08 08:08:21,754 - processing started: 634_234 
2022-04-08 08:08:21,933 - processing completed: 634_234
2022-04-08 08:08:21,938 - processing started: 636_234 
2022-04-08 08:08:22,048 - processing completed: 636_234
2022-04-08 08:08:22,052 - processing started: 638_235 
2022-04-08 08:08:22,277 - processing completed: 638_235
2022-04-08 08:08:22,282 - processing started: 640_236 
2022-04-08 08:08:22,425 - processing completed: 640_236
2022-04-08 08:08:22,430 - processing started: 642_236 
2022-04-08 08:08:22,671 - processing completed: 642_236
2022-04-08 08:08:22,676 - processing started: 644_237 
2022-04-08 08:08:22,818 - processing completed: 644_237
2022-04-08 08:08:22,825 - processing started: 646_238 
2022-04-08 08:08:23,064 - processing completed: 646_238
2022-04-08 08:08:23,072 - processing started: 648_239 
2022-04-08 08:08:23,217 - processing completed: 648_239
2022-04-08 08:08:23,222 - processing started: 650_240 
2022-04-08 08:08:23,448 - processing completed: 650_240
2022-04-08 08:08:23,452 - processing started: 652_240 
2022-04-08 08:08:23,594 - processing completed: 652_240
2022-04-08 08:08:23,599 - processing started: 654_241 
2022-04-08 08:08:23,817 - processing completed: 654_241
2022-04-08 08:08:23,822 - processing started: 656_242 
2022-04-08 08:08:24,032 - processing completed: 656_242
2022-04-08 08:08:24,038 - processing started: 658_243 
2022-04-08 08:08:24,175 - processing completed: 658_243
2022-04-08 08:08:24,180 - processing started: 660_243 
2022-04-08 08:08:24,408 - processing completed: 660_243
2022-04-08 08:08:24,413 - processing started: 662_244 
2022-04-08 08:08:24,519 - processing completed: 662_244
2022-04-08 08:08:24,524 - processing started: 664_245 
2022-04-08 08:08:24,714 - processing completed: 664_245
2022-04-08 08:08:24,718 - processing started: 666_246 
2022-04-08 08:08:24,810 - processing completed: 666_246
2022-04-08 08:08:24,814 - processing started: 668_247 
2022-04-08 08:08:24,992 - processing completed: 668_247
2022-04-08 08:08:24,996 - processing started: 670_248 
2022-04-08 08:08:25,083 - processing completed: 670_248
2022-04-08 08:08:25,087 - processing started: 672_248 
2022-04-08 08:08:25,244 - processing completed: 672_248
2022-04-08 08:08:25,249 - processing started: 674_249 
2022-04-08 08:08:25,334 - processing completed: 674_249
2022-04-08 08:08:25,339 - processing started: 676_250 
2022-04-08 08:08:25,493 - processing completed: 676_250
2022-04-08 08:08:25,497 - processing started: 678_251 
2022-04-08 08:08:25,590 - processing completed: 678_251
2022-04-08 08:08:25,595 - processing started: 680_252 
2022-04-08 08:08:25,759 - processing completed: 680_252
2022-04-08 08:08:25,765 - processing started: 682_252 
2022-04-08 08:08:25,849 - processing completed: 682_252
2022-04-08 08:08:25,854 - processing started: 684_253 
2022-04-08 08:08:26,034 - processing completed: 684_253
2022-04-08 08:08:26,039 - processing started: 686_254 
2022-04-08 08:08:26,225 - processing completed: 686_254
2022-04-08 08:08:26,230 - processing started: 688_255 
2022-04-08 08:08:26,347 - processing completed: 688_255
2022-04-08 08:08:26,353 - processing started: 690_256 
2022-04-08 08:08:26,573 - processing completed: 690_256
2022-04-08 08:08:26,579 - processing started: 692_257 
2022-04-08 08:08:26,733 - processing completed: 692_257
2022-04-08 08:08:26,740 - processing started: 694_257 
2022-04-08 08:08:26,945 - processing completed: 694_257
2022-04-08 08:08:26,950 - processing started: 696_258 
2022-04-08 08:08:27,076 - processing completed: 696_258
2022-04-08 08:08:27,081 - processing started: 698_258 
2022-04-08 08:08:27,282 - processing completed: 698_258
2022-04-08 08:08:27,288 - processing started: 700_259 
2022-04-08 08:08:27,397 - processing completed: 700_259
2022-04-08 08:08:27,402 - processing started: 702_260 
2022-04-08 08:08:27,599 - processing completed: 702_260
2022-04-08 08:08:27,603 - processing started: 704_261 
2022-04-08 08:08:27,742 - processing completed: 704_261
2022-04-08 08:08:27,748 - processing started: 706_261 
2022-04-08 08:08:27,946 - processing completed: 706_261
2022-04-08 08:08:27,951 - processing started: 708_262 
2022-04-08 08:08:28,067 - processing completed: 708_262
2022-04-08 08:08:28,072 - processing started: 710_263 
2022-04-08 08:08:28,260 - processing completed: 710_263
2022-04-08 08:08:28,264 - processing started: 712_264 
2022-04-08 08:08:28,443 - processing completed: 712_264
2022-04-08 08:08:28,449 - processing started: 714_264 
2022-04-08 08:08:28,579 - processing completed: 714_264
2022-04-08 08:08:28,584 - processing started: 716_265 
2022-04-08 08:08:28,816 - processing completed: 716_265
2022-04-08 08:08:28,822 - processing started: 718_266 
2022-04-08 08:08:28,940 - processing completed: 718_266
2022-04-08 08:08:28,946 - processing started: 720_267 
2022-04-08 08:08:29,126 - processing completed: 720_267
2022-04-08 08:08:29,130 - processing started: 722_267 
2022-04-08 08:08:29,237 - processing completed: 722_267
2022-04-08 08:08:29,241 - processing started: 724_267 
2022-04-08 08:08:29,417 - processing completed: 724_267
2022-04-08 08:08:29,423 - processing started: 726_268 
2022-04-08 08:08:29,537 - processing completed: 726_268
2022-04-08 08:08:29,542 - processing started: 728_268 
2022-04-08 08:08:29,727 - processing completed: 728_268
2022-04-08 08:08:29,733 - processing started: 730_268 
2022-04-08 08:08:29,859 - processing completed: 730_268
2022-04-08 08:08:29,864 - processing started: 732_268 
2022-04-08 08:08:30,043 - processing completed: 732_268
2022-04-08 08:08:30,049 - processing started: 734_268 
2022-04-08 08:08:30,157 - processing completed: 734_268
2022-04-08 08:08:30,161 - processing started: 736_269 
2022-04-08 08:08:30,333 - processing completed: 736_269
2022-04-08 08:08:30,339 - processing started: 738_270 
2022-04-08 08:08:30,476 - processing completed: 738_270
2022-04-08 08:08:30,481 - processing started: 740_271 
2022-04-08 08:08:30,684 - processing completed: 740_271
2022-04-08 08:08:30,691 - processing started: 742_272 
2022-04-08 08:08:30,882 - processing completed: 742_272
2022-04-08 08:08:30,886 - processing started: 744_272 
2022-04-08 08:08:31,004 - processing completed: 744_272
2022-04-08 08:08:31,009 - processing started: 746_273 
2022-04-08 08:08:31,187 - processing completed: 746_273
2022-04-08 08:08:31,193 - processing started: 748_274 
2022-04-08 08:08:31,292 - processing completed: 748_274
2022-04-08 08:08:31,298 - processing started: 750_274 
2022-04-08 08:08:31,466 - processing completed: 750_274
2022-04-08 08:08:31,472 - processing started: 752_275 
2022-04-08 08:08:31,582 - processing completed: 752_275
2022-04-08 08:08:31,586 - processing started: 754_275 
2022-04-08 08:08:31,760 - processing completed: 754_275
2022-04-08 08:08:31,766 - processing started: 756_276 
2022-04-08 08:08:31,870 - processing completed: 756_276
2022-04-08 08:08:31,874 - processing started: 758_277 
2022-04-08 08:08:32,071 - processing completed: 758_277
2022-04-08 08:08:32,075 - processing started: 760_278 
2022-04-08 08:08:32,188 - processing completed: 760_278
2022-04-08 08:08:32,193 - processing started: 762_278 
2022-04-08 08:08:32,376 - processing completed: 762_278
2022-04-08 08:08:32,382 - processing started: 764_279 
2022-04-08 08:08:32,537 - processing completed: 764_279
2022-04-08 08:08:32,543 - processing started: 766_280 
2022-04-08 08:08:32,725 - processing completed: 766_280
2022-04-08 08:08:32,730 - processing started: 768_281 
2022-04-08 08:08:32,833 - processing completed: 768_281
2022-04-08 08:08:32,838 - processing started: 770_282 
2022-04-08 08:08:33,008 - processing completed: 770_282
2022-04-08 08:08:33,012 - processing started: 772_283 
2022-04-08 08:08:33,200 - processing completed: 772_283
2022-04-08 08:08:33,205 - processing started: 774_284 
2022-04-08 08:08:33,294 - processing completed: 774_284
2022-04-08 08:08:33,300 - processing started: 776_285 
2022-04-08 08:08:33,466 - processing completed: 776_285
2022-04-08 08:08:33,470 - processing started: 778_285 
2022-04-08 08:08:33,572 - processing completed: 778_285
2022-04-08 08:08:33,576 - processing started: 780_286 
2022-04-08 08:08:33,843 - processing completed: 780_286
2022-04-08 08:08:33,849 - processing started: 782_287 
2022-04-08 08:08:33,960 - processing completed: 782_287
2022-04-08 08:08:33,964 - processing started: 784_288 
2022-04-08 08:08:34,137 - processing completed: 784_288
2022-04-08 08:08:34,142 - processing started: 786_289 
2022-04-08 08:08:34,244 - processing completed: 786_289
2022-04-08 08:08:34,250 - processing started: 788_290 
2022-04-08 08:08:34,454 - processing completed: 788_290
2022-04-08 08:08:34,459 - processing started: 790_290 
2022-04-08 08:08:34,558 - processing completed: 790_290
2022-04-08 08:08:34,562 - processing started: 792_291 
2022-04-08 08:08:34,726 - processing completed: 792_291
2022-04-08 08:08:34,731 - processing started: 794_292 
2022-04-08 08:08:34,820 - processing completed: 794_292
2022-04-08 08:08:34,826 - processing started: 796_293 
2022-04-08 08:08:34,951 - processing completed: 796_293
2022-04-08 08:08:34,954 - processing started: 798_294 
2022-04-08 08:08:35,016 - processing completed: 798_294
2022-04-08 08:08:35,020 - processing started: 800_295 
2022-04-08 08:08:35,189 - processing completed: 800_295
2022-04-08 08:08:35,193 - processing started: 802_296 
2022-04-08 08:08:35,380 - processing completed: 802_296
2022-04-08 08:08:35,385 - processing started: 804_296 
2022-04-08 08:08:35,475 - processing completed: 804_296
2022-04-08 08:08:35,479 - processing started: 806_297 
2022-04-08 08:08:35,737 - processing completed: 806_297
2022-04-08 08:08:35,744 - processing started: 808_298 
2022-04-08 08:08:35,836 - processing completed: 808_298
2022-04-08 08:08:35,840 - processing started: 810_299 
2022-04-08 08:08:35,994 - processing completed: 810_299
2022-04-08 08:08:35,999 - processing started: 0_0 
2022-04-08 08:08:36,000 - Closing connection (200): Normal shutdown
2022-04-08 08:08:36,000 - Closing channel (200): 'Normal shutdown' on <Channel number=1 OPEN conn=<SelectConnection OPEN transport=<pika.adapters.utils.io_services_utils._AsyncPlaintextTransport object at 0x116fb22b0> params=<ConnectionParameters host=localhost port=5672 virtual_host=/ ssl=False>>>
2022-04-08 08:08:36,001 - Received <Channel.CloseOk> on <Channel number=1 CLOSING conn=<SelectConnection OPEN transport=<pika.adapters.utils.io_services_utils._AsyncPlaintextTransport object at 0x116fb22b0> params=<ConnectionParameters host=localhost port=5672 virtual_host=/ ssl=False>>>
2022-04-08 08:08:36,001 - Closing connection (200): 'Normal shutdown'
2022-04-08 08:08:36,002 - Aborting transport connection: state=1; <socket.socket fd=22, family=AddressFamily.AF_INET, type=SocketKind.SOCK_STREAM, proto=6, laddr=('127.0.0.1', 50307), raddr=('127.0.0.1', 5672)>
2022-04-08 08:08:36,002 - _AsyncTransportBase._initate_abort(): Initiating abrupt asynchronous transport shutdown: state=1; error=None; <socket.socket fd=22, family=AddressFamily.AF_INET, type=SocketKind.SOCK_STREAM, proto=6, laddr=('127.0.0.1', 50307), raddr=('127.0.0.1', 5672)>
2022-04-08 08:08:36,002 - Deactivating transport: state=1; <socket.socket fd=22, family=AddressFamily.AF_INET, type=SocketKind.SOCK_STREAM, proto=6, laddr=('127.0.0.1', 50307), raddr=('127.0.0.1', 5672)>
2022-04-08 08:08:36,002 - AMQP stack terminated, failed to connect, or aborted: opened=True, error-arg=None; pending-error=ConnectionClosedByClient: (200) 'Normal shutdown'
2022-04-08 08:08:36,002 - Stack terminated due to ConnectionClosedByClient: (200) 'Normal shutdown'
2022-04-08 08:08:36,003 - Closing transport socket and unlinking: state=3; <socket.socket fd=22, family=AddressFamily.AF_INET, type=SocketKind.SOCK_STREAM, proto=6, laddr=('127.0.0.1', 50307), raddr=('127.0.0.1', 5672)>
2022-04-08 08:08:36,003 - User-initiated close: result=BlockingConnection__OnClosedArgs(connection=<SelectConnection CLOSED transport=None params=<ConnectionParameters host=localhost port=5672 virtual_host=/ ssl=False>>, error=ConnectionClosedByClient: (200) 'Normal shutdown')
2022-04-08 08:08:36,003 - PID 52041 completed loading and processing
