2022-04-07 12:37:41,137 - PID 8343 started loading and processing
2022-04-07 12:37:41,140 - Pika version 1.2.0 connecting to ('::1', 5672, 0, 0)
2022-04-07 12:37:41,140 - Socket failed to connect: <socket.socket fd=9, family=AddressFamily.AF_INET6, type=SocketKind.SOCK_STREAM, proto=6, laddr=('::1', 61537, 0, 0)>; error=61 (Connection refused)
2022-04-07 12:37:41,140 - TCP Connection attempt failed: ConnectionRefusedError(61, 'Connection refused'); dest=(<AddressFamily.AF_INET6: 30>, <SocketKind.SOCK_STREAM: 1>, 6, '', ('::1', 5672, 0, 0))
2022-04-07 12:37:41,140 - AMQPConnector - reporting failure: AMQPConnectorSocketConnectError: ConnectionRefusedError(61, 'Connection refused')
2022-04-07 12:37:41,140 - Pika version 1.2.0 connecting to ('127.0.0.1', 5672)
2022-04-07 12:37:41,141 - Socket connected: <socket.socket fd=9, family=AddressFamily.AF_INET, type=SocketKind.SOCK_STREAM, proto=6, laddr=('127.0.0.1', 61538), raddr=('127.0.0.1', 5672)>
2022-04-07 12:37:41,142 - Streaming transport linked up: (<pika.adapters.utils.io_services_utils._AsyncPlaintextTransport object at 0x11d2eb910>, _StreamingProtocolShim: <SelectConnection PROTOCOL transport=<pika.adapters.utils.io_services_utils._AsyncPlaintextTransport object at 0x11d2eb910> params=<ConnectionParameters host=localhost port=5672 virtual_host=/ ssl=False>>).
2022-04-07 12:37:41,147 - AMQPConnector - reporting success: <SelectConnection OPEN transport=<pika.adapters.utils.io_services_utils._AsyncPlaintextTransport object at 0x11d2eb910> params=<ConnectionParameters host=localhost port=5672 virtual_host=/ ssl=False>>
2022-04-07 12:37:41,147 - AMQPConnectionWorkflow - reporting success: <SelectConnection OPEN transport=<pika.adapters.utils.io_services_utils._AsyncPlaintextTransport object at 0x11d2eb910> params=<ConnectionParameters host=localhost port=5672 virtual_host=/ ssl=False>>
2022-04-07 12:37:41,147 - Connection workflow succeeded: <SelectConnection OPEN transport=<pika.adapters.utils.io_services_utils._AsyncPlaintextTransport object at 0x11d2eb910> params=<ConnectionParameters host=localhost port=5672 virtual_host=/ ssl=False>>
2022-04-07 12:37:41,147 - Created channel=1
2022-04-07 12:37:41,173 - Logging before start consuming
2022-04-07 12:37:41,173 - processing started: 0_000 
2022-04-07 12:37:41,326 - processing completed: 0_000
2022-04-07 12:37:41,342 - processing started: 1_000 
2022-04-07 12:37:41,538 - processing completed: 1_000
2022-04-07 12:37:41,544 - processing started: 2_000 
2022-04-07 12:37:41,746 - processing completed: 2_000
2022-04-07 12:37:41,751 - processing started: 3_001 
2022-04-07 12:37:41,895 - processing completed: 3_001
2022-04-07 12:37:41,900 - processing started: 4_001 
2022-04-07 12:37:42,122 - processing completed: 4_001
2022-04-07 12:37:42,127 - processing started: 5_002 
2022-04-07 12:37:42,271 - processing completed: 5_002
2022-04-07 12:37:42,278 - processing started: 6_002 
2022-04-07 12:37:42,484 - processing completed: 6_002
2022-04-07 12:37:42,490 - processing started: 7_003 
2022-04-07 12:37:42,646 - processing completed: 7_003
2022-04-07 12:37:42,651 - processing started: 8_003 
2022-04-07 12:37:42,849 - processing completed: 8_003
2022-04-07 12:37:42,854 - processing started: 9_003 
2022-04-07 12:37:43,000 - processing completed: 9_003
2022-04-07 12:37:43,006 - processing started: 10_004 
2022-04-07 12:37:43,210 - processing completed: 10_004
2022-04-07 12:37:43,214 - processing started: 11_004 
2022-04-07 12:37:43,250 - processing completed: 11_004
2022-04-07 12:37:43,252 - processing started: 12_005 
2022-04-07 12:37:43,448 - processing completed: 12_005
2022-04-07 12:37:43,454 - processing started: 13_005 
2022-04-07 12:37:43,596 - processing completed: 13_005
2022-04-07 12:37:43,602 - processing started: 14_005 
2022-04-07 12:37:43,808 - processing completed: 14_005
2022-04-07 12:37:43,814 - processing started: 15_005 
2022-04-07 12:37:43,953 - processing completed: 15_005
2022-04-07 12:37:43,959 - processing started: 16_006 
2022-04-07 12:37:44,168 - processing completed: 16_006
2022-04-07 12:37:44,173 - processing started: 17_006 
2022-04-07 12:37:44,303 - processing completed: 17_006
2022-04-07 12:37:44,306 - processing started: 18_007 
2022-04-07 12:37:44,447 - processing completed: 18_007
2022-04-07 12:37:44,453 - processing started: 19_007 
2022-04-07 12:37:44,653 - processing completed: 19_007
2022-04-07 12:37:44,658 - processing started: 20_008 
2022-04-07 12:37:44,775 - processing completed: 20_008
2022-04-07 12:37:44,780 - processing started: 21_008 
2022-04-07 12:37:44,982 - processing completed: 21_008
2022-04-07 12:37:44,987 - processing started: 22_009 
2022-04-07 12:37:45,128 - processing completed: 22_009
2022-04-07 12:37:45,135 - processing started: 23_009 
2022-04-07 12:37:45,341 - processing completed: 23_009
2022-04-07 12:37:45,346 - processing started: 24_009 
2022-04-07 12:37:45,486 - processing completed: 24_009
2022-04-07 12:37:45,491 - processing started: 25_010 
2022-04-07 12:37:45,690 - processing completed: 25_010
2022-04-07 12:37:45,695 - processing started: 26_010 
2022-04-07 12:37:45,834 - processing completed: 26_010
2022-04-07 12:37:45,840 - processing started: 27_011 
2022-04-07 12:37:46,045 - processing completed: 27_011
2022-04-07 12:37:46,051 - processing started: 28_011 
2022-04-07 12:37:46,195 - processing completed: 28_011
2022-04-07 12:37:46,202 - processing started: 29_012 
2022-04-07 12:37:46,308 - processing completed: 29_012
2022-04-07 12:37:46,311 - processing started: 30_012 
2022-04-07 12:37:46,369 - processing completed: 30_012
2022-04-07 12:37:46,372 - processing started: 31_013 
2022-04-07 12:37:46,529 - processing completed: 31_013
2022-04-07 12:37:46,534 - processing started: 32_013 
2022-04-07 12:37:46,690 - processing completed: 32_013
2022-04-07 12:37:46,694 - processing started: 33_014 
2022-04-07 12:37:46,766 - processing completed: 33_014
2022-04-07 12:37:46,770 - processing started: 34_014 
2022-04-07 12:37:46,898 - processing completed: 34_014
2022-04-07 12:37:46,901 - processing started: 35_014 
2022-04-07 12:37:46,975 - processing completed: 35_014
2022-04-07 12:37:46,980 - processing started: 36_014 
2022-04-07 12:37:47,117 - processing completed: 36_014
2022-04-07 12:37:47,121 - processing started: 37_014 
2022-04-07 12:37:47,196 - processing completed: 37_014
2022-04-07 12:37:47,200 - processing started: 38_015 
2022-04-07 12:37:47,326 - processing completed: 38_015
2022-04-07 12:37:47,330 - processing started: 39_015 
2022-04-07 12:37:47,402 - processing completed: 39_015
2022-04-07 12:37:47,407 - processing started: 40_015 
2022-04-07 12:37:47,536 - processing completed: 40_015
2022-04-07 12:37:47,539 - processing started: 41_015 
2022-04-07 12:37:47,617 - processing completed: 41_015
2022-04-07 12:37:47,621 - processing started: 42_015 
2022-04-07 12:37:47,752 - processing completed: 42_015
2022-04-07 12:37:47,757 - processing started: 43_016 
2022-04-07 12:37:47,831 - processing completed: 43_016
2022-04-07 12:37:47,834 - processing started: 44_016 
2022-04-07 12:37:47,965 - processing completed: 44_016
2022-04-07 12:37:47,969 - processing started: 45_017 
2022-04-07 12:37:48,056 - processing completed: 45_017
2022-04-07 12:37:48,059 - processing started: 46_017 
2022-04-07 12:37:48,197 - processing completed: 46_017
2022-04-07 12:37:48,200 - processing started: 47_017 
2022-04-07 12:37:48,341 - processing completed: 47_017
2022-04-07 12:37:48,344 - processing started: 48_018 
2022-04-07 12:37:48,419 - processing completed: 48_018
2022-04-07 12:37:48,422 - processing started: 49_018 
2022-04-07 12:37:48,553 - processing completed: 49_018
2022-04-07 12:37:48,557 - processing started: 50_019 
2022-04-07 12:37:48,635 - processing completed: 50_019
2022-04-07 12:37:48,638 - processing started: 51_019 
2022-04-07 12:37:48,768 - processing completed: 51_019
2022-04-07 12:37:48,771 - processing started: 52_020 
2022-04-07 12:37:48,847 - processing completed: 52_020
2022-04-07 12:37:48,850 - processing started: 53_020 
2022-04-07 12:37:48,979 - processing completed: 53_020
2022-04-07 12:37:48,983 - processing started: 54_021 
2022-04-07 12:37:49,064 - processing completed: 54_021
2022-04-07 12:37:49,067 - processing started: 55_021 
2022-04-07 12:37:49,196 - processing completed: 55_021
2022-04-07 12:37:49,200 - processing started: 56_022 
2022-04-07 12:37:49,315 - processing completed: 56_022
2022-04-07 12:37:49,320 - processing started: 57_022 
2022-04-07 12:37:49,446 - processing completed: 57_022
2022-04-07 12:37:49,449 - processing started: 58_022 
2022-04-07 12:37:49,567 - processing completed: 58_022
2022-04-07 12:37:49,573 - processing started: 59_023 
2022-04-07 12:37:49,714 - processing completed: 59_023
2022-04-07 12:37:49,719 - processing started: 60_023 
2022-04-07 12:37:49,858 - processing completed: 60_023
2022-04-07 12:37:49,862 - processing started: 61_023 
2022-04-07 12:37:49,938 - processing completed: 61_023
2022-04-07 12:37:49,941 - processing started: 62_023 
2022-04-07 12:37:50,086 - processing completed: 62_023
2022-04-07 12:37:50,089 - processing started: 63_024 
2022-04-07 12:37:50,169 - processing completed: 63_024
2022-04-07 12:37:50,173 - processing started: 64_024 
2022-04-07 12:37:50,318 - processing completed: 64_024
2022-04-07 12:37:50,321 - processing started: 65_024 
2022-04-07 12:37:50,406 - processing completed: 65_024
2022-04-07 12:37:50,409 - processing started: 66_025 
2022-04-07 12:37:50,549 - processing completed: 66_025
2022-04-07 12:37:50,552 - processing started: 67_025 
2022-04-07 12:37:50,632 - processing completed: 67_025
2022-04-07 12:37:50,636 - processing started: 68_026 
2022-04-07 12:37:50,771 - processing completed: 68_026
2022-04-07 12:37:50,774 - processing started: 69_026 
2022-04-07 12:37:50,858 - processing completed: 69_026
2022-04-07 12:37:50,861 - processing started: 70_027 
2022-04-07 12:37:50,990 - processing completed: 70_027
2022-04-07 12:37:50,993 - processing started: 71_027 
2022-04-07 12:37:51,075 - processing completed: 71_027
2022-04-07 12:37:51,078 - processing started: 72_028 
2022-04-07 12:37:51,206 - processing completed: 72_028
2022-04-07 12:37:51,210 - processing started: 73_028 
2022-04-07 12:37:51,284 - processing completed: 73_028
2022-04-07 12:37:51,287 - processing started: 74_028 
2022-04-07 12:37:51,414 - processing completed: 74_028
2022-04-07 12:37:51,417 - processing started: 75_029 
2022-04-07 12:37:51,554 - processing completed: 75_029
2022-04-07 12:37:51,558 - processing started: 76_029 
2022-04-07 12:37:51,635 - processing completed: 76_029
2022-04-07 12:37:51,638 - processing started: 77_030 
2022-04-07 12:37:51,768 - processing completed: 77_030
2022-04-07 12:37:51,772 - processing started: 78_030 
2022-04-07 12:37:51,847 - processing completed: 78_030
2022-04-07 12:37:51,851 - processing started: 79_030 
2022-04-07 12:37:51,980 - processing completed: 79_030
2022-04-07 12:37:51,984 - processing started: 80_031 
2022-04-07 12:37:52,069 - processing completed: 80_031
2022-04-07 12:37:52,073 - processing started: 81_031 
2022-04-07 12:37:52,211 - processing completed: 81_031
2022-04-07 12:37:52,215 - processing started: 82_031 
2022-04-07 12:37:52,295 - processing completed: 82_031
2022-04-07 12:37:52,298 - processing started: 83_032 
2022-04-07 12:37:52,461 - processing completed: 83_032
2022-04-07 12:37:52,465 - processing started: 84_032 
2022-04-07 12:37:52,583 - processing completed: 84_032
2022-04-07 12:37:52,588 - processing started: 85_032 
2022-04-07 12:37:52,747 - processing completed: 85_032
2022-04-07 12:37:52,751 - processing started: 86_032 
2022-04-07 12:37:52,856 - processing completed: 86_032
2022-04-07 12:37:52,860 - processing started: 87_032 
2022-04-07 12:37:53,030 - processing completed: 87_032
2022-04-07 12:37:53,036 - processing started: 88_033 
2022-04-07 12:37:53,111 - processing completed: 88_033
2022-04-07 12:37:53,115 - processing started: 89_033 
2022-04-07 12:37:53,243 - processing completed: 89_033
2022-04-07 12:37:53,247 - processing started: 90_033 
2022-04-07 12:37:53,376 - processing completed: 90_033
2022-04-07 12:37:53,379 - processing started: 91_033 
2022-04-07 12:37:53,456 - processing completed: 91_033
2022-04-07 12:37:53,460 - processing started: 92_033 
2022-04-07 12:37:53,599 - processing completed: 92_033
2022-04-07 12:37:53,602 - processing started: 93_034 
2022-04-07 12:37:53,682 - processing completed: 93_034
2022-04-07 12:37:53,685 - processing started: 94_034 
2022-04-07 12:37:53,815 - processing completed: 94_034
2022-04-07 12:37:53,818 - processing started: 95_035 
2022-04-07 12:37:53,892 - processing completed: 95_035
2022-04-07 12:37:53,896 - processing started: 96_035 
2022-04-07 12:37:54,028 - processing completed: 96_035
2022-04-07 12:37:54,032 - processing started: 97_035 
2022-04-07 12:37:54,108 - processing completed: 97_035
2022-04-07 12:37:54,112 - processing started: 98_035 
2022-04-07 12:37:54,243 - processing completed: 98_035
2022-04-07 12:37:54,247 - processing started: 99_036 
2022-04-07 12:37:54,328 - processing completed: 99_036
2022-04-07 12:37:54,332 - processing started: 100_036 
2022-04-07 12:37:54,463 - processing completed: 100_036
2022-04-07 12:37:54,468 - processing started: 101_037 
2022-04-07 12:37:54,549 - processing completed: 101_037
2022-04-07 12:37:54,553 - processing started: 102_037 
2022-04-07 12:37:54,689 - processing completed: 102_037
2022-04-07 12:37:54,693 - processing started: 103_037 
2022-04-07 12:37:54,772 - processing completed: 103_037
2022-04-07 12:37:54,775 - processing started: 104_038 
2022-04-07 12:37:54,906 - processing completed: 104_038
2022-04-07 12:37:54,910 - processing started: 105_038 
2022-04-07 12:37:55,045 - processing completed: 105_038
2022-04-07 12:37:55,049 - processing started: 106_039 
2022-04-07 12:37:55,130 - processing completed: 106_039
2022-04-07 12:37:55,133 - processing started: 107_039 
2022-04-07 12:37:55,270 - processing completed: 107_039
2022-04-07 12:37:55,273 - processing started: 108_039 
2022-04-07 12:37:55,353 - processing completed: 108_039
2022-04-07 12:37:55,356 - processing started: 109_040 
2022-04-07 12:37:55,489 - processing completed: 109_040
2022-04-07 12:37:55,492 - processing started: 110_040 
2022-04-07 12:37:55,573 - processing completed: 110_040
2022-04-07 12:37:55,576 - processing started: 111_040 
2022-04-07 12:37:55,713 - processing completed: 111_040
2022-04-07 12:37:55,716 - processing started: 112_040 
2022-04-07 12:37:55,795 - processing completed: 112_040
2022-04-07 12:37:55,798 - processing started: 113_040 
2022-04-07 12:37:55,933 - processing completed: 113_040
2022-04-07 12:37:55,937 - processing started: 114_040 
2022-04-07 12:37:56,024 - processing completed: 114_040
2022-04-07 12:37:56,028 - processing started: 115_040 
2022-04-07 12:37:56,164 - processing completed: 115_040
2022-04-07 12:37:56,167 - processing started: 116_041 
2022-04-07 12:37:56,248 - processing completed: 116_041
2022-04-07 12:37:56,251 - processing started: 117_041 
2022-04-07 12:37:56,386 - processing completed: 117_041
2022-04-07 12:37:56,390 - processing started: 118_042 
2022-04-07 12:37:56,467 - processing completed: 118_042
2022-04-07 12:37:56,471 - processing started: 119_042 
2022-04-07 12:37:56,603 - processing completed: 119_042
2022-04-07 12:37:56,607 - processing started: 120_042 
2022-04-07 12:37:56,740 - processing completed: 120_042
2022-04-07 12:37:56,744 - processing started: 121_042 
2022-04-07 12:37:56,823 - processing completed: 121_042
2022-04-07 12:37:56,827 - processing started: 122_043 
2022-04-07 12:37:56,957 - processing completed: 122_043
2022-04-07 12:37:56,960 - processing started: 123_043 
2022-04-07 12:37:57,039 - processing completed: 123_043
2022-04-07 12:37:57,042 - processing started: 124_044 
2022-04-07 12:37:57,179 - processing completed: 124_044
2022-04-07 12:37:57,183 - processing started: 125_044 
2022-04-07 12:37:57,262 - processing completed: 125_044
2022-04-07 12:37:57,265 - processing started: 126_044 
2022-04-07 12:37:57,400 - processing completed: 126_044
2022-04-07 12:37:57,404 - processing started: 127_045 
2022-04-07 12:37:57,485 - processing completed: 127_045
2022-04-07 12:37:57,489 - processing started: 128_045 
2022-04-07 12:37:57,627 - processing completed: 128_045
2022-04-07 12:37:57,630 - processing started: 129_045 
2022-04-07 12:37:57,709 - processing completed: 129_045
2022-04-07 12:37:57,713 - processing started: 130_046 
2022-04-07 12:37:57,850 - processing completed: 130_046
2022-04-07 12:37:57,854 - processing started: 131_046 
2022-04-07 12:37:57,934 - processing completed: 131_046
2022-04-07 12:37:57,937 - processing started: 132_047 
2022-04-07 12:37:58,080 - processing completed: 132_047
2022-04-07 12:37:58,084 - processing started: 133_047 
2022-04-07 12:37:58,167 - processing completed: 133_047
2022-04-07 12:37:58,170 - processing started: 134_048 
2022-04-07 12:37:58,307 - processing completed: 134_048
2022-04-07 12:37:58,310 - processing started: 135_048 
2022-04-07 12:37:58,445 - processing completed: 135_048
2022-04-07 12:37:58,448 - processing started: 136_048 
2022-04-07 12:37:58,528 - processing completed: 136_048
2022-04-07 12:37:58,531 - processing started: 137_049 
2022-04-07 12:37:58,673 - processing completed: 137_049
2022-04-07 12:37:58,676 - processing started: 138_049 
2022-04-07 12:37:58,761 - processing completed: 138_049
2022-04-07 12:37:58,765 - processing started: 139_049 
2022-04-07 12:37:58,906 - processing completed: 139_049
2022-04-07 12:37:58,909 - processing started: 140_050 
2022-04-07 12:37:58,990 - processing completed: 140_050
2022-04-07 12:37:58,993 - processing started: 141_050 
2022-04-07 12:37:59,137 - processing completed: 141_050
2022-04-07 12:37:59,140 - processing started: 142_050 
2022-04-07 12:37:59,221 - processing completed: 142_050
2022-04-07 12:37:59,224 - processing started: 143_051 
2022-04-07 12:37:59,361 - processing completed: 143_051
2022-04-07 12:37:59,365 - processing started: 144_051 
2022-04-07 12:37:59,447 - processing completed: 144_051
2022-04-07 12:37:59,450 - processing started: 145_051 
2022-04-07 12:37:59,587 - processing completed: 145_051
2022-04-07 12:37:59,591 - processing started: 146_051 
2022-04-07 12:37:59,673 - processing completed: 146_051
2022-04-07 12:37:59,676 - processing started: 147_051 
2022-04-07 12:37:59,810 - processing completed: 147_051
2022-04-07 12:37:59,814 - processing started: 148_052 
2022-04-07 12:37:59,895 - processing completed: 148_052
2022-04-07 12:37:59,899 - processing started: 149_052 
2022-04-07 12:38:00,030 - processing completed: 149_052
2022-04-07 12:38:00,034 - processing started: 150_053 
2022-04-07 12:38:00,173 - processing completed: 150_053
2022-04-07 12:38:00,177 - processing started: 151_053 
2022-04-07 12:38:00,256 - processing completed: 151_053
2022-04-07 12:38:00,260 - processing started: 152_054 
2022-04-07 12:38:00,395 - processing completed: 152_054
2022-04-07 12:38:00,399 - processing started: 153_054 
2022-04-07 12:38:00,482 - processing completed: 153_054
2022-04-07 12:38:00,486 - processing started: 154_055 
2022-04-07 12:38:00,631 - processing completed: 154_055
2022-04-07 12:38:00,634 - processing started: 155_055 
2022-04-07 12:38:00,732 - processing completed: 155_055
2022-04-07 12:38:00,737 - processing started: 156_056 
2022-04-07 12:38:00,908 - processing completed: 156_056
2022-04-07 12:38:00,912 - processing started: 157_056 
2022-04-07 12:38:01,000 - processing completed: 157_056
2022-04-07 12:38:01,004 - processing started: 158_057 
2022-04-07 12:38:01,143 - processing completed: 158_057
2022-04-07 12:38:01,147 - processing started: 159_057 
2022-04-07 12:38:01,226 - processing completed: 159_057
2022-04-07 12:38:01,229 - processing started: 160_058 
2022-04-07 12:38:01,414 - processing completed: 160_058
2022-04-07 12:38:01,419 - processing started: 161_058 
2022-04-07 12:38:01,550 - processing completed: 161_058
2022-04-07 12:38:01,555 - processing started: 162_058 
2022-04-07 12:38:01,738 - processing completed: 162_058
2022-04-07 12:38:01,743 - processing started: 163_059 
2022-04-07 12:38:01,821 - processing completed: 163_059
2022-04-07 12:38:01,824 - processing started: 164_059 
2022-04-07 12:38:01,954 - processing completed: 164_059
2022-04-07 12:38:01,958 - processing started: 165_060 
2022-04-07 12:38:02,102 - processing completed: 165_060
2022-04-07 12:38:02,107 - processing started: 166_060 
2022-04-07 12:38:02,182 - processing completed: 166_060
2022-04-07 12:38:02,187 - processing started: 167_060 
2022-04-07 12:38:02,331 - processing completed: 167_060
2022-04-07 12:38:02,334 - processing started: 168_061 
2022-04-07 12:38:02,414 - processing completed: 168_061
2022-04-07 12:38:02,417 - processing started: 169_061 
2022-04-07 12:38:02,564 - processing completed: 169_061
2022-04-07 12:38:02,568 - processing started: 170_062 
2022-04-07 12:38:02,648 - processing completed: 170_062
2022-04-07 12:38:02,651 - processing started: 171_062 
2022-04-07 12:38:02,792 - processing completed: 171_062
2022-04-07 12:38:02,796 - processing started: 172_062 
2022-04-07 12:38:02,876 - processing completed: 172_062
2022-04-07 12:38:02,879 - processing started: 173_063 
2022-04-07 12:38:03,106 - processing completed: 173_063
2022-04-07 12:38:03,111 - processing started: 174_063 
2022-04-07 12:38:03,266 - processing completed: 174_063
2022-04-07 12:38:03,272 - processing started: 175_064 
2022-04-07 12:38:03,486 - processing completed: 175_064
2022-04-07 12:38:03,492 - processing started: 176_064 
2022-04-07 12:38:03,643 - processing completed: 176_064
2022-04-07 12:38:03,649 - processing started: 177_064 
2022-04-07 12:38:03,859 - processing completed: 177_064
2022-04-07 12:38:03,865 - processing started: 178_064 
2022-04-07 12:38:04,011 - processing completed: 178_064
2022-04-07 12:38:04,017 - processing started: 179_065 
2022-04-07 12:38:04,222 - processing completed: 179_065
2022-04-07 12:38:04,227 - processing started: 180_065 
2022-04-07 12:38:04,432 - processing completed: 180_065
2022-04-07 12:38:04,437 - processing started: 181_066 
2022-04-07 12:38:04,585 - processing completed: 181_066
2022-04-07 12:38:04,590 - processing started: 182_066 
2022-04-07 12:38:04,797 - processing completed: 182_066
2022-04-07 12:38:04,802 - processing started: 183_066 
2022-04-07 12:38:04,945 - processing completed: 183_066
2022-04-07 12:38:04,950 - processing started: 184_066 
2022-04-07 12:38:05,160 - processing completed: 184_066
2022-04-07 12:38:05,165 - processing started: 185_066 
2022-04-07 12:38:05,313 - processing completed: 185_066
2022-04-07 12:38:05,318 - processing started: 186_066 
2022-04-07 12:38:05,532 - processing completed: 186_066
2022-04-07 12:38:05,536 - processing started: 187_066 
2022-04-07 12:38:05,649 - processing completed: 187_066
2022-04-07 12:38:05,654 - processing started: 188_067 
2022-04-07 12:38:05,746 - processing completed: 188_067
2022-04-07 12:38:05,748 - processing started: 189_067 
2022-04-07 12:38:05,896 - processing completed: 189_067
2022-04-07 12:38:05,902 - processing started: 190_067 
2022-04-07 12:38:06,066 - processing completed: 190_067
2022-04-07 12:38:06,069 - processing started: 191_067 
2022-04-07 12:38:06,215 - processing completed: 191_067
2022-04-07 12:38:06,220 - processing started: 192_067 
2022-04-07 12:38:06,427 - processing completed: 192_067
2022-04-07 12:38:06,432 - processing started: 193_068 
2022-04-07 12:38:06,594 - processing completed: 193_068
2022-04-07 12:38:06,598 - processing started: 194_068 
2022-04-07 12:38:06,697 - processing completed: 194_068
2022-04-07 12:38:06,701 - processing started: 195_069 
2022-04-07 12:38:06,859 - processing completed: 195_069
2022-04-07 12:38:06,863 - processing started: 196_069 
2022-04-07 12:38:06,963 - processing completed: 196_069
2022-04-07 12:38:06,967 - processing started: 197_069 
2022-04-07 12:38:07,129 - processing completed: 197_069
2022-04-07 12:38:07,134 - processing started: 198_069 
2022-04-07 12:38:07,234 - processing completed: 198_069
2022-04-07 12:38:07,238 - processing started: 199_070 
2022-04-07 12:38:07,448 - processing completed: 199_070
2022-04-07 12:38:07,453 - processing started: 200_070 
2022-04-07 12:38:07,488 - processing completed: 200_070
2022-04-07 12:38:07,491 - processing started: 201_071 
2022-04-07 12:38:07,693 - processing completed: 201_071
2022-04-07 12:38:07,699 - processing started: 202_071 
2022-04-07 12:38:07,841 - processing completed: 202_071
2022-04-07 12:38:07,846 - processing started: 203_072 
2022-04-07 12:38:08,045 - processing completed: 203_072
2022-04-07 12:38:08,050 - processing started: 204_072 
2022-04-07 12:38:08,194 - processing completed: 204_072
2022-04-07 12:38:08,199 - processing started: 205_072 
2022-04-07 12:38:08,400 - processing completed: 205_072
2022-04-07 12:38:08,406 - processing started: 206_072 
2022-04-07 12:38:08,552 - processing completed: 206_072
2022-04-07 12:38:08,558 - processing started: 207_073 
2022-04-07 12:38:08,751 - processing completed: 207_073
2022-04-07 12:38:08,757 - processing started: 208_073 
2022-04-07 12:38:08,956 - processing completed: 208_073
2022-04-07 12:38:08,961 - processing started: 209_074 
2022-04-07 12:38:09,105 - processing completed: 209_074
2022-04-07 12:38:09,111 - processing started: 210_074 
2022-04-07 12:38:09,317 - processing completed: 210_074
2022-04-07 12:38:09,323 - processing started: 211_075 
2022-04-07 12:38:09,468 - processing completed: 211_075
2022-04-07 12:38:09,474 - processing started: 212_075 
2022-04-07 12:38:09,684 - processing completed: 212_075
2022-04-07 12:38:09,689 - processing started: 213_076 
2022-04-07 12:38:09,829 - processing completed: 213_076
2022-04-07 12:38:09,835 - processing started: 214_076 
2022-04-07 12:38:10,043 - processing completed: 214_076
2022-04-07 12:38:10,048 - processing started: 215_077 
2022-04-07 12:38:10,149 - processing completed: 215_077
2022-04-07 12:38:10,153 - processing started: 216_077 
2022-04-07 12:38:10,356 - processing completed: 216_077
2022-04-07 12:38:10,362 - processing started: 217_077 
2022-04-07 12:38:10,506 - processing completed: 217_077
2022-04-07 12:38:10,512 - processing started: 218_078 
2022-04-07 12:38:10,715 - processing completed: 218_078
2022-04-07 12:38:10,720 - processing started: 219_078 
2022-04-07 12:38:10,865 - processing completed: 219_078
2022-04-07 12:38:10,870 - processing started: 220_079 
2022-04-07 12:38:11,077 - processing completed: 220_079
2022-04-07 12:38:11,082 - processing started: 221_079 
2022-04-07 12:38:11,225 - processing completed: 221_079
2022-04-07 12:38:11,230 - processing started: 222_079 
2022-04-07 12:38:11,429 - processing completed: 222_079
2022-04-07 12:38:11,435 - processing started: 223_080 
2022-04-07 12:38:11,582 - processing completed: 223_080
2022-04-07 12:38:11,586 - processing started: 224_080 
2022-04-07 12:38:11,654 - processing completed: 224_080
2022-04-07 12:38:11,658 - processing started: 225_081 
2022-04-07 12:38:11,800 - processing completed: 225_081
2022-04-07 12:38:11,805 - processing started: 226_081 
2022-04-07 12:38:11,894 - processing completed: 226_081
2022-04-07 12:38:11,898 - processing started: 227_081 
2022-04-07 12:38:12,044 - processing completed: 227_081
2022-04-07 12:38:12,049 - processing started: 228_081 
2022-04-07 12:38:12,137 - processing completed: 228_081
2022-04-07 12:38:12,142 - processing started: 229_081 
2022-04-07 12:38:12,284 - processing completed: 229_081
2022-04-07 12:38:12,288 - processing started: 230_081 
2022-04-07 12:38:12,377 - processing completed: 230_081
2022-04-07 12:38:12,381 - processing started: 231_081 
2022-04-07 12:38:12,527 - processing completed: 231_081
2022-04-07 12:38:12,532 - processing started: 232_082 
2022-04-07 12:38:12,623 - processing completed: 232_082
2022-04-07 12:38:12,627 - processing started: 233_082 
2022-04-07 12:38:12,765 - processing completed: 233_082
2022-04-07 12:38:12,770 - processing started: 234_082 
2022-04-07 12:38:12,858 - processing completed: 234_082
2022-04-07 12:38:12,862 - processing started: 235_082 
2022-04-07 12:38:13,000 - processing completed: 235_082
2022-04-07 12:38:13,004 - processing started: 236_083 
2022-04-07 12:38:13,094 - processing completed: 236_083
2022-04-07 12:38:13,098 - processing started: 237_083 
2022-04-07 12:38:13,238 - processing completed: 237_083
2022-04-07 12:38:13,242 - processing started: 238_084 
2022-04-07 12:38:13,383 - processing completed: 238_084
2022-04-07 12:38:13,388 - processing started: 239_084 
2022-04-07 12:38:13,477 - processing completed: 239_084
2022-04-07 12:38:13,481 - processing started: 240_085 
2022-04-07 12:38:13,623 - processing completed: 240_085
2022-04-07 12:38:13,628 - processing started: 241_085 
2022-04-07 12:38:13,717 - processing completed: 241_085
2022-04-07 12:38:13,720 - processing started: 242_086 
2022-04-07 12:38:13,873 - processing completed: 242_086
2022-04-07 12:38:13,878 - processing started: 243_086 
2022-04-07 12:38:13,982 - processing completed: 243_086
2022-04-07 12:38:13,986 - processing started: 244_087 
2022-04-07 12:38:14,128 - processing completed: 244_087
2022-04-07 12:38:14,132 - processing started: 245_087 
2022-04-07 12:38:14,223 - processing completed: 245_087
2022-04-07 12:38:14,226 - processing started: 246_088 
2022-04-07 12:38:14,369 - processing completed: 246_088
2022-04-07 12:38:14,373 - processing started: 247_088 
2022-04-07 12:38:14,465 - processing completed: 247_088
2022-04-07 12:38:14,468 - processing started: 248_088 
2022-04-07 12:38:14,614 - processing completed: 248_088
2022-04-07 12:38:14,618 - processing started: 249_089 
2022-04-07 12:38:14,675 - processing completed: 249_089
2022-04-07 12:38:14,678 - processing started: 250_089 
2022-04-07 12:38:14,789 - processing completed: 250_089
2022-04-07 12:38:14,792 - processing started: 251_089 
2022-04-07 12:38:14,849 - processing completed: 251_089
2022-04-07 12:38:14,852 - processing started: 252_090 
2022-04-07 12:38:14,962 - processing completed: 252_090
2022-04-07 12:38:14,965 - processing started: 253_090 
2022-04-07 12:38:15,078 - processing completed: 253_090
2022-04-07 12:38:15,082 - processing started: 254_091 
2022-04-07 12:38:15,139 - processing completed: 254_091
2022-04-07 12:38:15,142 - processing started: 255_091 
2022-04-07 12:38:15,258 - processing completed: 255_091
2022-04-07 12:38:15,262 - processing started: 256_092 
2022-04-07 12:38:15,320 - processing completed: 256_092
2022-04-07 12:38:15,323 - processing started: 257_092 
2022-04-07 12:38:15,435 - processing completed: 257_092
2022-04-07 12:38:15,439 - processing started: 258_093 
2022-04-07 12:38:15,512 - processing completed: 258_093
2022-04-07 12:38:15,516 - processing started: 259_093 
2022-04-07 12:38:15,642 - processing completed: 259_093
2022-04-07 12:38:15,646 - processing started: 260_094 
2022-04-07 12:38:15,719 - processing completed: 260_094
2022-04-07 12:38:15,723 - processing started: 261_094 
2022-04-07 12:38:15,852 - processing completed: 261_094
2022-04-07 12:38:15,855 - processing started: 262_094 
2022-04-07 12:38:15,925 - processing completed: 262_094
2022-04-07 12:38:15,929 - processing started: 263_095 
2022-04-07 12:38:16,056 - processing completed: 263_095
2022-04-07 12:38:16,060 - processing started: 264_095 
2022-04-07 12:38:16,129 - processing completed: 264_095
2022-04-07 12:38:16,133 - processing started: 265_096 
2022-04-07 12:38:16,257 - processing completed: 265_096
2022-04-07 12:38:16,261 - processing started: 266_096 
2022-04-07 12:38:16,332 - processing completed: 266_096
2022-04-07 12:38:16,336 - processing started: 267_097 
2022-04-07 12:38:16,459 - processing completed: 267_097
2022-04-07 12:38:16,462 - processing started: 268_097 
2022-04-07 12:38:16,591 - processing completed: 268_097
2022-04-07 12:38:16,595 - processing started: 269_098 
2022-04-07 12:38:16,667 - processing completed: 269_098
2022-04-07 12:38:16,671 - processing started: 270_098 
2022-04-07 12:38:16,806 - processing completed: 270_098
2022-04-07 12:38:16,809 - processing started: 271_098 
2022-04-07 12:38:16,882 - processing completed: 271_098
2022-04-07 12:38:16,885 - processing started: 272_099 
2022-04-07 12:38:17,002 - processing completed: 272_099
2022-04-07 12:38:17,005 - processing started: 273_099 
2022-04-07 12:38:17,068 - processing completed: 273_099
2022-04-07 12:38:17,072 - processing started: 274_100 
2022-04-07 12:38:17,218 - processing completed: 274_100
2022-04-07 12:38:17,222 - processing started: 275_100 
2022-04-07 12:38:17,314 - processing completed: 275_100
2022-04-07 12:38:17,318 - processing started: 276_101 
2022-04-07 12:38:17,436 - processing completed: 276_101
2022-04-07 12:38:17,439 - processing started: 277_101 
2022-04-07 12:38:17,505 - processing completed: 277_101
2022-04-07 12:38:17,508 - processing started: 278_102 
2022-04-07 12:38:17,633 - processing completed: 278_102
2022-04-07 12:38:17,635 - processing started: 279_102 
2022-04-07 12:38:17,710 - processing completed: 279_102
2022-04-07 12:38:17,713 - processing started: 280_103 
2022-04-07 12:38:17,835 - processing completed: 280_103
2022-04-07 12:38:17,839 - processing started: 281_103 
2022-04-07 12:38:17,908 - processing completed: 281_103
2022-04-07 12:38:17,911 - processing started: 282_103 
2022-04-07 12:38:18,045 - processing completed: 282_103
2022-04-07 12:38:18,049 - processing started: 283_104 
2022-04-07 12:38:18,167 - processing completed: 283_104
2022-04-07 12:38:18,170 - processing started: 284_104 
2022-04-07 12:38:18,234 - processing completed: 284_104
2022-04-07 12:38:18,237 - processing started: 285_105 
2022-04-07 12:38:18,360 - processing completed: 285_105
2022-04-07 12:38:18,363 - processing started: 286_105 
2022-04-07 12:38:18,430 - processing completed: 286_105
2022-04-07 12:38:18,433 - processing started: 287_106 
2022-04-07 12:38:18,555 - processing completed: 287_106
2022-04-07 12:38:18,559 - processing started: 288_106 
2022-04-07 12:38:18,621 - processing completed: 288_106
2022-04-07 12:38:18,625 - processing started: 289_107 
2022-04-07 12:38:18,746 - processing completed: 289_107
2022-04-07 12:38:18,750 - processing started: 290_107 
2022-04-07 12:38:18,814 - processing completed: 290_107
2022-04-07 12:38:18,817 - processing started: 291_107 
2022-04-07 12:38:18,940 - processing completed: 291_107
2022-04-07 12:38:18,943 - processing started: 292_108 
2022-04-07 12:38:19,004 - processing completed: 292_108
2022-04-07 12:38:19,007 - processing started: 293_108 
2022-04-07 12:38:19,125 - processing completed: 293_108
2022-04-07 12:38:19,127 - processing started: 294_108 
2022-04-07 12:38:19,190 - processing completed: 294_108
2022-04-07 12:38:19,193 - processing started: 295_109 
2022-04-07 12:38:19,305 - processing completed: 295_109
2022-04-07 12:38:19,308 - processing started: 296_109 
2022-04-07 12:38:19,370 - processing completed: 296_109
2022-04-07 12:38:19,372 - processing started: 297_110 
2022-04-07 12:38:19,491 - processing completed: 297_110
2022-04-07 12:38:19,495 - processing started: 298_110 
2022-04-07 12:38:19,618 - processing completed: 298_110
2022-04-07 12:38:19,622 - processing started: 299_110 
2022-04-07 12:38:19,688 - processing completed: 299_110
2022-04-07 12:38:19,691 - processing started: 300_111 
2022-04-07 12:38:19,807 - processing completed: 300_111
2022-04-07 12:38:19,811 - processing started: 301_111 
2022-04-07 12:38:19,875 - processing completed: 301_111
2022-04-07 12:38:19,878 - processing started: 302_112 
2022-04-07 12:38:19,998 - processing completed: 302_112
2022-04-07 12:38:20,002 - processing started: 303_112 
2022-04-07 12:38:20,068 - processing completed: 303_112
2022-04-07 12:38:20,071 - processing started: 304_113 
2022-04-07 12:38:20,187 - processing completed: 304_113
2022-04-07 12:38:20,190 - processing started: 305_113 
2022-04-07 12:38:20,251 - processing completed: 305_113
2022-04-07 12:38:20,254 - processing started: 306_114 
2022-04-07 12:38:20,407 - processing completed: 306_114
2022-04-07 12:38:20,411 - processing started: 307_114 
2022-04-07 12:38:20,507 - processing completed: 307_114
2022-04-07 12:38:20,511 - processing started: 308_115 
2022-04-07 12:38:20,661 - processing completed: 308_115
2022-04-07 12:38:20,665 - processing started: 309_115 
2022-04-07 12:38:20,762 - processing completed: 309_115
2022-04-07 12:38:20,765 - processing started: 310_116 
2022-04-07 12:38:20,917 - processing completed: 310_116
2022-04-07 12:38:20,921 - processing started: 311_116 
2022-04-07 12:38:21,017 - processing completed: 311_116
2022-04-07 12:38:21,022 - processing started: 312_117 
2022-04-07 12:38:21,167 - processing completed: 312_117
2022-04-07 12:38:21,171 - processing started: 313_117 
2022-04-07 12:38:21,316 - processing completed: 313_117
2022-04-07 12:38:21,320 - processing started: 314_117 
2022-04-07 12:38:21,410 - processing completed: 314_117
2022-04-07 12:38:21,413 - processing started: 315_117 
2022-04-07 12:38:21,560 - processing completed: 315_117
2022-04-07 12:38:21,564 - processing started: 316_118 
2022-04-07 12:38:21,654 - processing completed: 316_118
2022-04-07 12:38:21,658 - processing started: 317_118 
2022-04-07 12:38:21,802 - processing completed: 317_118
2022-04-07 12:38:21,807 - processing started: 318_119 
2022-04-07 12:38:21,897 - processing completed: 318_119
2022-04-07 12:38:21,901 - processing started: 319_119 
2022-04-07 12:38:22,055 - processing completed: 319_119
2022-04-07 12:38:22,059 - processing started: 320_120 
2022-04-07 12:38:22,129 - processing completed: 320_120
2022-04-07 12:38:22,132 - processing started: 321_120 
2022-04-07 12:38:22,256 - processing completed: 321_120
2022-04-07 12:38:22,260 - processing started: 322_120 
2022-04-07 12:38:22,329 - processing completed: 322_120
2022-04-07 12:38:22,332 - processing started: 323_120 
2022-04-07 12:38:22,455 - processing completed: 323_120
2022-04-07 12:38:22,458 - processing started: 324_121 
2022-04-07 12:38:22,549 - processing completed: 324_121
2022-04-07 12:38:22,553 - processing started: 325_121 
2022-04-07 12:38:22,694 - processing completed: 325_121
2022-04-07 12:38:22,698 - processing started: 326_122 
2022-04-07 12:38:22,845 - processing completed: 326_122
2022-04-07 12:38:22,848 - processing started: 327_122 
2022-04-07 12:38:22,937 - processing completed: 327_122
2022-04-07 12:38:22,941 - processing started: 328_123 
2022-04-07 12:38:23,090 - processing completed: 328_123
2022-04-07 12:38:23,094 - processing started: 329_123 
2022-04-07 12:38:23,183 - processing completed: 329_123
2022-04-07 12:38:23,187 - processing started: 330_123 
2022-04-07 12:38:23,332 - processing completed: 330_123
2022-04-07 12:38:23,335 - processing started: 331_124 
2022-04-07 12:38:23,425 - processing completed: 331_124
2022-04-07 12:38:23,428 - processing started: 332_124 
2022-04-07 12:38:23,573 - processing completed: 332_124
2022-04-07 12:38:23,577 - processing started: 333_124 
2022-04-07 12:38:23,666 - processing completed: 333_124
2022-04-07 12:38:23,670 - processing started: 334_124 
2022-04-07 12:38:23,812 - processing completed: 334_124
2022-04-07 12:38:23,815 - processing started: 335_124 
2022-04-07 12:38:23,905 - processing completed: 335_124
2022-04-07 12:38:23,908 - processing started: 336_124 
2022-04-07 12:38:24,053 - processing completed: 336_124
2022-04-07 12:38:24,057 - processing started: 337_124 
2022-04-07 12:38:24,146 - processing completed: 337_124
2022-04-07 12:38:24,149 - processing started: 338_124 
2022-04-07 12:38:24,294 - processing completed: 338_124
2022-04-07 12:38:24,297 - processing started: 339_124 
2022-04-07 12:38:24,388 - processing completed: 339_124
2022-04-07 12:38:24,391 - processing started: 340_125 
2022-04-07 12:38:24,533 - processing completed: 340_125
2022-04-07 12:38:24,537 - processing started: 341_125 
2022-04-07 12:38:24,679 - processing completed: 341_125
2022-04-07 12:38:24,683 - processing started: 342_126 
2022-04-07 12:38:24,772 - processing completed: 342_126
2022-04-07 12:38:24,775 - processing started: 343_126 
2022-04-07 12:38:24,918 - processing completed: 343_126
2022-04-07 12:38:24,922 - processing started: 344_126 
2022-04-07 12:38:25,016 - processing completed: 344_126
2022-04-07 12:38:25,021 - processing started: 345_127 
2022-04-07 12:38:25,173 - processing completed: 345_127
2022-04-07 12:38:25,178 - processing started: 346_127 
2022-04-07 12:38:25,266 - processing completed: 346_127
2022-04-07 12:38:25,271 - processing started: 347_128 
2022-04-07 12:38:25,412 - processing completed: 347_128
2022-04-07 12:38:25,416 - processing started: 348_128 
2022-04-07 12:38:25,506 - processing completed: 348_128
2022-04-07 12:38:25,510 - processing started: 349_129 
2022-04-07 12:38:25,653 - processing completed: 349_129
2022-04-07 12:38:25,657 - processing started: 350_129 
2022-04-07 12:38:25,745 - processing completed: 350_129
2022-04-07 12:38:25,748 - processing started: 351_129 
2022-04-07 12:38:25,888 - processing completed: 351_129
2022-04-07 12:38:25,892 - processing started: 352_130 
2022-04-07 12:38:25,979 - processing completed: 352_130
2022-04-07 12:38:25,983 - processing started: 353_130 
2022-04-07 12:38:26,125 - processing completed: 353_130
2022-04-07 12:38:26,129 - processing started: 354_131 
2022-04-07 12:38:26,217 - processing completed: 354_131
2022-04-07 12:38:26,222 - processing started: 355_131 
2022-04-07 12:38:26,367 - processing completed: 355_131
2022-04-07 12:38:26,371 - processing started: 356_132 
2022-04-07 12:38:26,514 - processing completed: 356_132
2022-04-07 12:38:26,518 - processing started: 357_132 
2022-04-07 12:38:26,610 - processing completed: 357_132
2022-04-07 12:38:26,614 - processing started: 358_133 
2022-04-07 12:38:26,758 - processing completed: 358_133
2022-04-07 12:38:26,762 - processing started: 359_133 
2022-04-07 12:38:26,852 - processing completed: 359_133
2022-04-07 12:38:26,856 - processing started: 360_134 
2022-04-07 12:38:26,996 - processing completed: 360_134
2022-04-07 12:38:27,001 - processing started: 361_134 
2022-04-07 12:38:27,089 - processing completed: 361_134
2022-04-07 12:38:27,094 - processing started: 362_134 
2022-04-07 12:38:27,234 - processing completed: 362_134
2022-04-07 12:38:27,238 - processing started: 363_134 
2022-04-07 12:38:27,326 - processing completed: 363_134
2022-04-07 12:38:27,331 - processing started: 364_134 
2022-04-07 12:38:27,477 - processing completed: 364_134
2022-04-07 12:38:27,482 - processing started: 365_135 
2022-04-07 12:38:27,569 - processing completed: 365_135
2022-04-07 12:38:27,573 - processing started: 366_135 
2022-04-07 12:38:27,717 - processing completed: 366_135
2022-04-07 12:38:27,721 - processing started: 367_135 
2022-04-07 12:38:27,809 - processing completed: 367_135
2022-04-07 12:38:27,812 - processing started: 368_136 
2022-04-07 12:38:27,952 - processing completed: 368_136
2022-04-07 12:38:27,956 - processing started: 369_136 
2022-04-07 12:38:28,048 - processing completed: 369_136
2022-04-07 12:38:28,051 - processing started: 370_137 
2022-04-07 12:38:28,191 - processing completed: 370_137
2022-04-07 12:38:28,194 - processing started: 371_137 
2022-04-07 12:38:28,333 - processing completed: 371_137
2022-04-07 12:38:28,336 - processing started: 372_138 
2022-04-07 12:38:28,424 - processing completed: 372_138
2022-04-07 12:38:28,428 - processing started: 373_138 
2022-04-07 12:38:28,576 - processing completed: 373_138
2022-04-07 12:38:28,580 - processing started: 374_139 
2022-04-07 12:38:28,669 - processing completed: 374_139
2022-04-07 12:38:28,673 - processing started: 375_139 
2022-04-07 12:38:28,814 - processing completed: 375_139
2022-04-07 12:38:28,819 - processing started: 376_140 
2022-04-07 12:38:28,908 - processing completed: 376_140
2022-04-07 12:38:28,912 - processing started: 377_140 
2022-04-07 12:38:29,060 - processing completed: 377_140
2022-04-07 12:38:29,064 - processing started: 378_140 
2022-04-07 12:38:29,155 - processing completed: 378_140
2022-04-07 12:38:29,158 - processing started: 379_141 
2022-04-07 12:38:29,302 - processing completed: 379_141
2022-04-07 12:38:29,306 - processing started: 380_141 
2022-04-07 12:38:29,396 - processing completed: 380_141
2022-04-07 12:38:29,400 - processing started: 381_142 
2022-04-07 12:38:29,549 - processing completed: 381_142
2022-04-07 12:38:29,553 - processing started: 382_142 
2022-04-07 12:38:29,641 - processing completed: 382_142
2022-04-07 12:38:29,645 - processing started: 383_143 
2022-04-07 12:38:29,736 - processing completed: 383_143
2022-04-07 12:38:29,743 - processing started: 384_143 
2022-04-07 12:38:29,848 - processing completed: 384_143
2022-04-07 12:38:29,852 - processing started: 385_144 
2022-04-07 12:38:30,013 - processing completed: 385_144
2022-04-07 12:38:30,017 - processing started: 386_144 
2022-04-07 12:38:30,167 - processing completed: 386_144
2022-04-07 12:38:30,171 - processing started: 387_144 
2022-04-07 12:38:30,269 - processing completed: 387_144
2022-04-07 12:38:30,274 - processing started: 388_145 
2022-04-07 12:38:30,443 - processing completed: 388_145
2022-04-07 12:38:30,447 - processing started: 389_145 
2022-04-07 12:38:30,542 - processing completed: 389_145
2022-04-07 12:38:30,547 - processing started: 390_145 
2022-04-07 12:38:30,698 - processing completed: 390_145
2022-04-07 12:38:30,702 - processing started: 391_145 
2022-04-07 12:38:30,802 - processing completed: 391_145
2022-04-07 12:38:30,806 - processing started: 392_145 
2022-04-07 12:38:30,960 - processing completed: 392_145
2022-04-07 12:38:30,964 - processing started: 393_146 
2022-04-07 12:38:31,067 - processing completed: 393_146
2022-04-07 12:38:31,072 - processing started: 394_146 
2022-04-07 12:38:31,223 - processing completed: 394_146
2022-04-07 12:38:31,228 - processing started: 395_147 
2022-04-07 12:38:31,325 - processing completed: 395_147
2022-04-07 12:38:31,328 - processing started: 396_147 
2022-04-07 12:38:31,487 - processing completed: 396_147
2022-04-07 12:38:31,491 - processing started: 397_147 
2022-04-07 12:38:31,587 - processing completed: 397_147
2022-04-07 12:38:31,592 - processing started: 398_147 
2022-04-07 12:38:31,742 - processing completed: 398_147
2022-04-07 12:38:31,746 - processing started: 399_148 
2022-04-07 12:38:31,843 - processing completed: 399_148
2022-04-07 12:38:31,847 - processing started: 400_148 
2022-04-07 12:38:31,996 - processing completed: 400_148
2022-04-07 12:38:32,000 - processing started: 401_149 
2022-04-07 12:38:32,151 - processing completed: 401_149
2022-04-07 12:38:32,155 - processing started: 402_149 
2022-04-07 12:38:32,251 - processing completed: 402_149
2022-04-07 12:38:32,254 - processing started: 403_149 
2022-04-07 12:38:32,402 - processing completed: 403_149
2022-04-07 12:38:32,406 - processing started: 404_149 
2022-04-07 12:38:32,503 - processing completed: 404_149
2022-04-07 12:38:32,506 - processing started: 405_150 
2022-04-07 12:38:32,670 - processing completed: 405_150
2022-04-07 12:38:32,674 - processing started: 406_150 
2022-04-07 12:38:32,770 - processing completed: 406_150
2022-04-07 12:38:32,774 - processing started: 407_151 
2022-04-07 12:38:32,921 - processing completed: 407_151
2022-04-07 12:38:32,925 - processing started: 408_151 
2022-04-07 12:38:33,018 - processing completed: 408_151
2022-04-07 12:38:33,021 - processing started: 409_152 
2022-04-07 12:38:33,169 - processing completed: 409_152
2022-04-07 12:38:33,172 - processing started: 410_152 
2022-04-07 12:38:33,264 - processing completed: 410_152
2022-04-07 12:38:33,267 - processing started: 411_153 
2022-04-07 12:38:33,428 - processing completed: 411_153
2022-04-07 12:38:33,431 - processing started: 412_153 
2022-04-07 12:38:33,524 - processing completed: 412_153
2022-04-07 12:38:33,527 - processing started: 413_154 
2022-04-07 12:38:33,670 - processing completed: 413_154
2022-04-07 12:38:33,674 - processing started: 414_154 
2022-04-07 12:38:33,767 - processing completed: 414_154
2022-04-07 12:38:33,770 - processing started: 415_155 
2022-04-07 12:38:33,913 - processing completed: 415_155
2022-04-07 12:38:33,917 - processing started: 416_155 
2022-04-07 12:38:34,063 - processing completed: 416_155
2022-04-07 12:38:34,067 - processing started: 417_156 
2022-04-07 12:38:34,157 - processing completed: 417_156
2022-04-07 12:38:34,161 - processing started: 418_156 
2022-04-07 12:38:34,305 - processing completed: 418_156
2022-04-07 12:38:34,309 - processing started: 419_156 
2022-04-07 12:38:34,399 - processing completed: 419_156
2022-04-07 12:38:34,403 - processing started: 420_157 
2022-04-07 12:38:34,548 - processing completed: 420_157
2022-04-07 12:38:34,552 - processing started: 421_157 
2022-04-07 12:38:34,643 - processing completed: 421_157
2022-04-07 12:38:34,646 - processing started: 422_157 
2022-04-07 12:38:34,790 - processing completed: 422_157
2022-04-07 12:38:34,794 - processing started: 423_158 
2022-04-07 12:38:34,883 - processing completed: 423_158
2022-04-07 12:38:34,887 - processing started: 424_158 
2022-04-07 12:38:35,031 - processing completed: 424_158
2022-04-07 12:38:35,035 - processing started: 425_159 
2022-04-07 12:38:35,125 - processing completed: 425_159
2022-04-07 12:38:35,128 - processing started: 426_159 
2022-04-07 12:38:35,269 - processing completed: 426_159
2022-04-07 12:38:35,273 - processing started: 427_159 
2022-04-07 12:38:35,363 - processing completed: 427_159
2022-04-07 12:38:35,367 - processing started: 428_160 
2022-04-07 12:38:35,510 - processing completed: 428_160
2022-04-07 12:38:35,515 - processing started: 429_160 
2022-04-07 12:38:35,603 - processing completed: 429_160
2022-04-07 12:38:35,606 - processing started: 430_160 
2022-04-07 12:38:35,749 - processing completed: 430_160
2022-04-07 12:38:35,754 - processing started: 431_161 
2022-04-07 12:38:35,896 - processing completed: 431_161
2022-04-07 12:38:35,900 - processing started: 432_161 
2022-04-07 12:38:35,989 - processing completed: 432_161
2022-04-07 12:38:35,994 - processing started: 433_162 
2022-04-07 12:38:36,138 - processing completed: 433_162
2022-04-07 12:38:36,142 - processing started: 434_162 
2022-04-07 12:38:36,230 - processing completed: 434_162
2022-04-07 12:38:36,233 - processing started: 435_163 
2022-04-07 12:38:36,376 - processing completed: 435_163
2022-04-07 12:38:36,380 - processing started: 436_163 
2022-04-07 12:38:36,470 - processing completed: 436_163
2022-04-07 12:38:36,474 - processing started: 437_164 
2022-04-07 12:38:36,616 - processing completed: 437_164
2022-04-07 12:38:36,621 - processing started: 438_164 
2022-04-07 12:38:36,710 - processing completed: 438_164
2022-04-07 12:38:36,714 - processing started: 439_164 
2022-04-07 12:38:36,860 - processing completed: 439_164
2022-04-07 12:38:36,865 - processing started: 440_165 
2022-04-07 12:38:36,957 - processing completed: 440_165
2022-04-07 12:38:36,961 - processing started: 441_165 
2022-04-07 12:38:37,101 - processing completed: 441_165
2022-04-07 12:38:37,106 - processing started: 442_166 
2022-04-07 12:38:37,194 - processing completed: 442_166
2022-04-07 12:38:37,199 - processing started: 443_166 
2022-04-07 12:38:37,339 - processing completed: 443_166
2022-04-07 12:38:37,344 - processing started: 444_167 
2022-04-07 12:38:37,432 - processing completed: 444_167
2022-04-07 12:38:37,438 - processing started: 445_167 
2022-04-07 12:38:37,581 - processing completed: 445_167
2022-04-07 12:38:37,586 - processing started: 446_167 
2022-04-07 12:38:37,726 - processing completed: 446_167
2022-04-07 12:38:37,731 - processing started: 447_167 
2022-04-07 12:38:37,820 - processing completed: 447_167
2022-04-07 12:38:37,824 - processing started: 448_168 
2022-04-07 12:38:37,967 - processing completed: 448_168
2022-04-07 12:38:37,971 - processing started: 449_168 
2022-04-07 12:38:38,060 - processing completed: 449_168
2022-04-07 12:38:38,064 - processing started: 450_168 
2022-04-07 12:38:38,209 - processing completed: 450_168
2022-04-07 12:38:38,214 - processing started: 451_168 
2022-04-07 12:38:38,302 - processing completed: 451_168
2022-04-07 12:38:38,305 - processing started: 452_169 
2022-04-07 12:38:38,453 - processing completed: 452_169
2022-04-07 12:38:38,459 - processing started: 453_169 
2022-04-07 12:38:38,546 - processing completed: 453_169
2022-04-07 12:38:38,549 - processing started: 454_170 
2022-04-07 12:38:38,694 - processing completed: 454_170
2022-04-07 12:38:38,699 - processing started: 455_170 
2022-04-07 12:38:38,786 - processing completed: 455_170
2022-04-07 12:38:38,789 - processing started: 456_171 
2022-04-07 12:38:38,935 - processing completed: 456_171
2022-04-07 12:38:38,939 - processing started: 457_171 
2022-04-07 12:38:39,029 - processing completed: 457_171
2022-04-07 12:38:39,033 - processing started: 458_171 
2022-04-07 12:38:39,175 - processing completed: 458_171
2022-04-07 12:38:39,180 - processing started: 459_172 
2022-04-07 12:38:39,322 - processing completed: 459_172
2022-04-07 12:38:39,326 - processing started: 460_172 
2022-04-07 12:38:39,414 - processing completed: 460_172
2022-04-07 12:38:39,418 - processing started: 461_173 
2022-04-07 12:38:39,565 - processing completed: 461_173
2022-04-07 12:38:39,569 - processing started: 462_173 
2022-04-07 12:38:39,657 - processing completed: 462_173
2022-04-07 12:38:39,662 - processing started: 463_173 
2022-04-07 12:38:39,805 - processing completed: 463_173
2022-04-07 12:38:39,809 - processing started: 464_174 
2022-04-07 12:38:39,897 - processing completed: 464_174
2022-04-07 12:38:39,902 - processing started: 465_174 
2022-04-07 12:38:40,046 - processing completed: 465_174
2022-04-07 12:38:40,050 - processing started: 466_174 
2022-04-07 12:38:40,139 - processing completed: 466_174
2022-04-07 12:38:40,142 - processing started: 467_174 
2022-04-07 12:38:40,283 - processing completed: 467_174
2022-04-07 12:38:40,287 - processing started: 468_175 
2022-04-07 12:38:40,376 - processing completed: 468_175
2022-04-07 12:38:40,380 - processing started: 469_175 
2022-04-07 12:38:40,523 - processing completed: 469_175
2022-04-07 12:38:40,527 - processing started: 470_176 
2022-04-07 12:38:40,617 - processing completed: 470_176
2022-04-07 12:38:40,621 - processing started: 471_176 
2022-04-07 12:38:40,762 - processing completed: 471_176
2022-04-07 12:38:40,767 - processing started: 472_177 
2022-04-07 12:38:40,856 - processing completed: 472_177
2022-04-07 12:38:40,859 - processing started: 473_177 
2022-04-07 12:38:41,008 - processing completed: 473_177
2022-04-07 12:38:41,012 - processing started: 474_178 
2022-04-07 12:38:41,155 - processing completed: 474_178
2022-04-07 12:38:41,159 - processing started: 475_178 
2022-04-07 12:38:41,249 - processing completed: 475_178
2022-04-07 12:38:41,252 - processing started: 476_178 
2022-04-07 12:38:41,395 - processing completed: 476_178
2022-04-07 12:38:41,399 - processing started: 477_179 
2022-04-07 12:38:41,490 - processing completed: 477_179
2022-04-07 12:38:41,494 - processing started: 478_179 
2022-04-07 12:38:41,638 - processing completed: 478_179
2022-04-07 12:38:41,642 - processing started: 479_180 
2022-04-07 12:38:41,731 - processing completed: 479_180
2022-04-07 12:38:41,735 - processing started: 480_180 
2022-04-07 12:38:41,878 - processing completed: 480_180
2022-04-07 12:38:41,883 - processing started: 481_180 
2022-04-07 12:38:41,975 - processing completed: 481_180
2022-04-07 12:38:41,979 - processing started: 482_180 
2022-04-07 12:38:42,124 - processing completed: 482_180
2022-04-07 12:38:42,128 - processing started: 483_181 
2022-04-07 12:38:42,220 - processing completed: 483_181
2022-04-07 12:38:42,223 - processing started: 484_181 
2022-04-07 12:38:42,368 - processing completed: 484_181
2022-04-07 12:38:42,372 - processing started: 485_182 
2022-04-07 12:38:42,465 - processing completed: 485_182
2022-04-07 12:38:42,470 - processing started: 486_182 
2022-04-07 12:38:42,613 - processing completed: 486_182
2022-04-07 12:38:42,617 - processing started: 487_182 
2022-04-07 12:38:42,708 - processing completed: 487_182
2022-04-07 12:38:42,712 - processing started: 488_183 
2022-04-07 12:38:42,856 - processing completed: 488_183
2022-04-07 12:38:42,860 - processing started: 489_183 
2022-04-07 12:38:43,009 - processing completed: 489_183
2022-04-07 12:38:43,013 - processing started: 490_183 
2022-04-07 12:38:43,107 - processing completed: 490_183
2022-04-07 12:38:43,111 - processing started: 491_183 
2022-04-07 12:38:43,259 - processing completed: 491_183
2022-04-07 12:38:43,263 - processing started: 492_184 
2022-04-07 12:38:43,354 - processing completed: 492_184
2022-04-07 12:38:43,358 - processing started: 493_184 
2022-04-07 12:38:43,505 - processing completed: 493_184
2022-04-07 12:38:43,509 - processing started: 494_184 
2022-04-07 12:38:43,600 - processing completed: 494_184
2022-04-07 12:38:43,604 - processing started: 495_185 
2022-04-07 12:38:43,748 - processing completed: 495_185
2022-04-07 12:38:43,753 - processing started: 496_185 
2022-04-07 12:38:43,844 - processing completed: 496_185
2022-04-07 12:38:43,849 - processing started: 497_186 
2022-04-07 12:38:43,996 - processing completed: 497_186
2022-04-07 12:38:44,002 - processing started: 498_186 
2022-04-07 12:38:44,093 - processing completed: 498_186
2022-04-07 12:38:44,098 - processing started: 499_187 
2022-04-07 12:38:44,244 - processing completed: 499_187
2022-04-07 12:38:44,248 - processing started: 500_187 
2022-04-07 12:38:44,339 - processing completed: 500_187
2022-04-07 12:38:44,342 - processing started: 501_188 
2022-04-07 12:38:44,489 - processing completed: 501_188
2022-04-07 12:38:44,492 - processing started: 502_188 
2022-04-07 12:38:44,584 - processing completed: 502_188
2022-04-07 12:38:44,588 - processing started: 503_188 
2022-04-07 12:38:44,732 - processing completed: 503_188
2022-04-07 12:38:44,736 - processing started: 504_188 
2022-04-07 12:38:44,885 - processing completed: 504_188
2022-04-07 12:38:44,889 - processing started: 505_189 
2022-04-07 12:38:44,960 - processing completed: 505_189
2022-04-07 12:38:44,964 - processing started: 506_189 
2022-04-07 12:38:45,089 - processing completed: 506_189
2022-04-07 12:38:45,092 - processing started: 507_190 
2022-04-07 12:38:45,183 - processing completed: 507_190
2022-04-07 12:38:45,188 - processing started: 508_190 
2022-04-07 12:38:45,332 - processing completed: 508_190
2022-04-07 12:38:45,336 - processing started: 509_191 
2022-04-07 12:38:45,425 - processing completed: 509_191
2022-04-07 12:38:45,429 - processing started: 510_191 
2022-04-07 12:38:45,571 - processing completed: 510_191
2022-04-07 12:38:45,575 - processing started: 511_192 
2022-04-07 12:38:45,665 - processing completed: 511_192
2022-04-07 12:38:45,668 - processing started: 512_192 
2022-04-07 12:38:45,811 - processing completed: 512_192
2022-04-07 12:38:45,815 - processing started: 513_192 
2022-04-07 12:38:45,904 - processing completed: 513_192
2022-04-07 12:38:45,907 - processing started: 514_192 
2022-04-07 12:38:46,049 - processing completed: 514_192
2022-04-07 12:38:46,053 - processing started: 515_193 
2022-04-07 12:38:46,143 - processing completed: 515_193
2022-04-07 12:38:46,148 - processing started: 516_193 
2022-04-07 12:38:46,288 - processing completed: 516_193
2022-04-07 12:38:46,292 - processing started: 517_194 
2022-04-07 12:38:46,381 - processing completed: 517_194
2022-04-07 12:38:46,385 - processing started: 518_194 
2022-04-07 12:38:46,531 - processing completed: 518_194
2022-04-07 12:38:46,536 - processing started: 519_195 
2022-04-07 12:38:46,678 - processing completed: 519_195
2022-04-07 12:38:46,683 - processing started: 520_195 
2022-04-07 12:38:46,772 - processing completed: 520_195
2022-04-07 12:38:46,775 - processing started: 521_196 
2022-04-07 12:38:46,917 - processing completed: 521_196
2022-04-07 12:38:46,921 - processing started: 522_196 
2022-04-07 12:38:47,011 - processing completed: 522_196
2022-04-07 12:38:47,016 - processing started: 523_196 
2022-04-07 12:38:47,158 - processing completed: 523_196
2022-04-07 12:38:47,162 - processing started: 524_196 
2022-04-07 12:38:47,250 - processing completed: 524_196
2022-04-07 12:38:47,254 - processing started: 525_196 
2022-04-07 12:38:47,400 - processing completed: 525_196
2022-04-07 12:38:47,403 - processing started: 526_196 
2022-04-07 12:38:47,494 - processing completed: 526_196
2022-04-07 12:38:47,497 - processing started: 527_197 
2022-04-07 12:38:47,639 - processing completed: 527_197
2022-04-07 12:38:47,643 - processing started: 528_197 
2022-04-07 12:38:47,733 - processing completed: 528_197
2022-04-07 12:38:47,736 - processing started: 529_197 
2022-04-07 12:38:47,879 - processing completed: 529_197
2022-04-07 12:38:47,883 - processing started: 530_197 
2022-04-07 12:38:47,976 - processing completed: 530_197
2022-04-07 12:38:47,979 - processing started: 531_197 
2022-04-07 12:38:48,122 - processing completed: 531_197
2022-04-07 12:38:48,126 - processing started: 532_198 
2022-04-07 12:38:48,214 - processing completed: 532_198
2022-04-07 12:38:48,217 - processing started: 533_198 
2022-04-07 12:38:48,359 - processing completed: 533_198
2022-04-07 12:38:48,362 - processing started: 534_199 
2022-04-07 12:38:48,507 - processing completed: 534_199
2022-04-07 12:38:48,511 - processing started: 535_199 
2022-04-07 12:38:48,601 - processing completed: 535_199
2022-04-07 12:38:48,605 - processing started: 536_200 
2022-04-07 12:38:48,748 - processing completed: 536_200
2022-04-07 12:38:48,752 - processing started: 537_200 
2022-04-07 12:38:48,842 - processing completed: 537_200
2022-04-07 12:38:48,846 - processing started: 538_201 
2022-04-07 12:38:48,992 - processing completed: 538_201
2022-04-07 12:38:48,997 - processing started: 539_201 
2022-04-07 12:38:49,085 - processing completed: 539_201
2022-04-07 12:38:49,089 - processing started: 540_202 
2022-04-07 12:38:49,230 - processing completed: 540_202
2022-04-07 12:38:49,234 - processing started: 541_202 
2022-04-07 12:38:49,323 - processing completed: 541_202
2022-04-07 12:38:49,327 - processing started: 542_203 
2022-04-07 12:38:49,474 - processing completed: 542_203
2022-04-07 12:38:49,479 - processing started: 543_203 
2022-04-07 12:38:49,568 - processing completed: 543_203
2022-04-07 12:38:49,572 - processing started: 544_204 
2022-04-07 12:38:49,715 - processing completed: 544_204
2022-04-07 12:38:49,719 - processing started: 545_204 
2022-04-07 12:38:49,808 - processing completed: 545_204
2022-04-07 12:38:49,812 - processing started: 546_205 
2022-04-07 12:38:49,954 - processing completed: 546_205
2022-04-07 12:38:49,959 - processing started: 547_205 
2022-04-07 12:38:50,048 - processing completed: 547_205
2022-04-07 12:38:50,052 - processing started: 548_206 
2022-04-07 12:38:50,193 - processing completed: 548_206
2022-04-07 12:38:50,196 - processing started: 549_206 
2022-04-07 12:38:50,341 - processing completed: 549_206
2022-04-07 12:38:50,345 - processing started: 550_207 
2022-04-07 12:38:50,437 - processing completed: 550_207
2022-04-07 12:38:50,442 - processing started: 551_207 
2022-04-07 12:38:50,588 - processing completed: 551_207
2022-04-07 12:38:50,592 - processing started: 552_207 
2022-04-07 12:38:50,681 - processing completed: 552_207
2022-04-07 12:38:50,685 - processing started: 553_207 
2022-04-07 12:38:50,828 - processing completed: 553_207
2022-04-07 12:38:50,833 - processing started: 554_208 
2022-04-07 12:38:50,922 - processing completed: 554_208
2022-04-07 12:38:50,926 - processing started: 555_208 
2022-04-07 12:38:51,068 - processing completed: 555_208
2022-04-07 12:38:51,073 - processing started: 556_209 
2022-04-07 12:38:51,162 - processing completed: 556_209
2022-04-07 12:38:51,166 - processing started: 557_209 
2022-04-07 12:38:51,309 - processing completed: 557_209
2022-04-07 12:38:51,314 - processing started: 558_210 
2022-04-07 12:38:51,403 - processing completed: 558_210
2022-04-07 12:38:51,406 - processing started: 559_210 
2022-04-07 12:38:51,553 - processing completed: 559_210
2022-04-07 12:38:51,556 - processing started: 560_211 
2022-04-07 12:38:51,645 - processing completed: 560_211
2022-04-07 12:38:51,648 - processing started: 561_211 
2022-04-07 12:38:51,791 - processing completed: 561_211
2022-04-07 12:38:51,794 - processing started: 562_212 
2022-04-07 12:38:51,883 - processing completed: 562_212
2022-04-07 12:38:51,887 - processing started: 563_212 
2022-04-07 12:38:52,031 - processing completed: 563_212
2022-04-07 12:38:52,036 - processing started: 564_213 
2022-04-07 12:38:52,179 - processing completed: 564_213
2022-04-07 12:38:52,183 - processing started: 565_213 
2022-04-07 12:38:52,273 - processing completed: 565_213
2022-04-07 12:38:52,276 - processing started: 566_214 
2022-04-07 12:38:52,419 - processing completed: 566_214
2022-04-07 12:38:52,424 - processing started: 567_214 
2022-04-07 12:38:52,514 - processing completed: 567_214
2022-04-07 12:38:52,518 - processing started: 568_214 
2022-04-07 12:38:52,660 - processing completed: 568_214
2022-04-07 12:38:52,665 - processing started: 569_214 
2022-04-07 12:38:52,754 - processing completed: 569_214
2022-04-07 12:38:52,757 - processing started: 570_214 
2022-04-07 12:38:52,900 - processing completed: 570_214
2022-04-07 12:38:52,905 - processing started: 571_215 
2022-04-07 12:38:52,995 - processing completed: 571_215
2022-04-07 12:38:53,000 - processing started: 572_215 
2022-04-07 12:38:53,143 - processing completed: 572_215
2022-04-07 12:38:53,148 - processing started: 573_216 
2022-04-07 12:38:53,237 - processing completed: 573_216
2022-04-07 12:38:53,241 - processing started: 574_216 
2022-04-07 12:38:53,384 - processing completed: 574_216
2022-04-07 12:38:53,388 - processing started: 575_217 
2022-04-07 12:38:53,480 - processing completed: 575_217
2022-04-07 12:38:53,484 - processing started: 576_217 
2022-04-07 12:38:53,634 - processing completed: 576_217
2022-04-07 12:38:53,638 - processing started: 577_218 
2022-04-07 12:38:53,733 - processing completed: 577_218
2022-04-07 12:38:53,737 - processing started: 578_218 
2022-04-07 12:38:53,877 - processing completed: 578_218
2022-04-07 12:38:53,882 - processing started: 579_219 
2022-04-07 12:38:54,028 - processing completed: 579_219
2022-04-07 12:38:54,032 - processing started: 580_219 
2022-04-07 12:38:54,123 - processing completed: 580_219
2022-04-07 12:38:54,127 - processing started: 581_220 
2022-04-07 12:38:54,274 - processing completed: 581_220
2022-04-07 12:38:54,278 - processing started: 582_220 
2022-04-07 12:38:54,369 - processing completed: 582_220
2022-04-07 12:38:54,372 - processing started: 583_220 
2022-04-07 12:38:54,521 - processing completed: 583_220
2022-04-07 12:38:54,525 - processing started: 584_221 
2022-04-07 12:38:54,617 - processing completed: 584_221
2022-04-07 12:38:54,621 - processing started: 585_221 
2022-04-07 12:38:54,769 - processing completed: 585_221
2022-04-07 12:38:54,773 - processing started: 586_221 
2022-04-07 12:38:54,865 - processing completed: 586_221
2022-04-07 12:38:54,869 - processing started: 587_222 
2022-04-07 12:38:55,015 - processing completed: 587_222
2022-04-07 12:38:55,019 - processing started: 588_222 
2022-04-07 12:38:55,110 - processing completed: 588_222
2022-04-07 12:38:55,114 - processing started: 589_222 
2022-04-07 12:38:55,256 - processing completed: 589_222
2022-04-07 12:38:55,260 - processing started: 590_222 
2022-04-07 12:38:55,350 - processing completed: 590_222
2022-04-07 12:38:55,354 - processing started: 591_223 
2022-04-07 12:38:55,480 - processing completed: 591_223
2022-04-07 12:38:55,483 - processing started: 592_223 
2022-04-07 12:38:55,609 - processing completed: 592_223
2022-04-07 12:38:55,613 - processing started: 593_223 
2022-04-07 12:38:55,685 - processing completed: 593_223
2022-04-07 12:38:55,688 - processing started: 594_224 
2022-04-07 12:38:55,858 - processing completed: 594_224
2022-04-07 12:38:55,862 - processing started: 595_224 
2022-04-07 12:38:55,971 - processing completed: 595_224
2022-04-07 12:38:55,975 - processing started: 596_224 
2022-04-07 12:38:56,141 - processing completed: 596_224
2022-04-07 12:38:56,145 - processing started: 597_225 
2022-04-07 12:38:56,218 - processing completed: 597_225
2022-04-07 12:38:56,221 - processing started: 598_225 
2022-04-07 12:38:56,353 - processing completed: 598_225
2022-04-07 12:38:56,356 - processing started: 599_225 
2022-04-07 12:38:56,478 - processing completed: 599_225
2022-04-07 12:38:56,482 - processing started: 600_225 
2022-04-07 12:38:56,610 - processing completed: 600_225
2022-04-07 12:38:56,614 - processing started: 601_225 
2022-04-07 12:38:56,689 - processing completed: 601_225
2022-04-07 12:38:56,692 - processing started: 602_226 
2022-04-07 12:38:56,823 - processing completed: 602_226
2022-04-07 12:38:56,826 - processing started: 603_226 
2022-04-07 12:38:56,902 - processing completed: 603_226
2022-04-07 12:38:56,905 - processing started: 604_226 
2022-04-07 12:38:57,033 - processing completed: 604_226
2022-04-07 12:38:57,037 - processing started: 605_227 
2022-04-07 12:38:57,128 - processing completed: 605_227
2022-04-07 12:38:57,132 - processing started: 606_227 
2022-04-07 12:38:57,272 - processing completed: 606_227
2022-04-07 12:38:57,276 - processing started: 607_227 
2022-04-07 12:38:57,419 - processing completed: 607_227
2022-04-07 12:38:57,424 - processing started: 608_227 
2022-04-07 12:38:57,515 - processing completed: 608_227
2022-04-07 12:38:57,519 - processing started: 609_227 
2022-04-07 12:38:57,648 - processing completed: 609_227
2022-04-07 12:38:57,652 - processing started: 610_227 
2022-04-07 12:38:57,726 - processing completed: 610_227
2022-04-07 12:38:57,730 - processing started: 611_227 
2022-04-07 12:38:57,905 - processing completed: 611_227
2022-04-07 12:38:57,909 - processing started: 612_227 
2022-04-07 12:38:58,029 - processing completed: 612_227
2022-04-07 12:38:58,033 - processing started: 613_227 
2022-04-07 12:38:58,161 - processing completed: 613_227
2022-04-07 12:38:58,164 - processing started: 614_227 
2022-04-07 12:38:58,238 - processing completed: 614_227
2022-04-07 12:38:58,242 - processing started: 615_228 
2022-04-07 12:38:58,371 - processing completed: 615_228
2022-04-07 12:38:58,375 - processing started: 616_228 
2022-04-07 12:38:58,448 - processing completed: 616_228
2022-04-07 12:38:58,452 - processing started: 617_229 
2022-04-07 12:38:58,580 - processing completed: 617_229
2022-04-07 12:38:58,585 - processing started: 618_229 
2022-04-07 12:38:58,658 - processing completed: 618_229
2022-04-07 12:38:58,661 - processing started: 619_230 
2022-04-07 12:38:58,787 - processing completed: 619_230
2022-04-07 12:38:58,790 - processing started: 620_230 
2022-04-07 12:38:58,863 - processing completed: 620_230
2022-04-07 12:38:58,866 - processing started: 621_230 
2022-04-07 12:38:59,003 - processing completed: 621_230
2022-04-07 12:38:59,006 - processing started: 622_230 
2022-04-07 12:38:59,135 - processing completed: 622_230
2022-04-07 12:38:59,138 - processing started: 623_231 
2022-04-07 12:38:59,208 - processing completed: 623_231
2022-04-07 12:38:59,211 - processing started: 624_231 
2022-04-07 12:38:59,338 - processing completed: 624_231
2022-04-07 12:38:59,341 - processing started: 625_232 
2022-04-07 12:38:59,411 - processing completed: 625_232
2022-04-07 12:38:59,414 - processing started: 626_232 
2022-04-07 12:38:59,544 - processing completed: 626_232
2022-04-07 12:38:59,547 - processing started: 627_232 
2022-04-07 12:38:59,619 - processing completed: 627_232
2022-04-07 12:38:59,623 - processing started: 628_232 
2022-04-07 12:38:59,748 - processing completed: 628_232
2022-04-07 12:38:59,752 - processing started: 629_232 
2022-04-07 12:38:59,823 - processing completed: 629_232
2022-04-07 12:38:59,827 - processing started: 630_232 
2022-04-07 12:38:59,955 - processing completed: 630_232
2022-04-07 12:38:59,958 - processing started: 631_233 
2022-04-07 12:39:00,032 - processing completed: 631_233
2022-04-07 12:39:00,035 - processing started: 632_233 
2022-04-07 12:39:00,163 - processing completed: 632_233
2022-04-07 12:39:00,167 - processing started: 633_234 
2022-04-07 12:39:00,237 - processing completed: 633_234
2022-04-07 12:39:00,240 - processing started: 634_234 
2022-04-07 12:39:00,364 - processing completed: 634_234
2022-04-07 12:39:00,368 - processing started: 635_234 
2022-04-07 12:39:00,441 - processing completed: 635_234
2022-04-07 12:39:00,445 - processing started: 636_234 
2022-04-07 12:39:00,572 - processing completed: 636_234
2022-04-07 12:39:00,575 - processing started: 637_234 
2022-04-07 12:39:00,700 - processing completed: 637_234
2022-04-07 12:39:00,704 - processing started: 638_235 
2022-04-07 12:39:00,798 - processing completed: 638_235
2022-04-07 12:39:00,802 - processing started: 639_235 
2022-04-07 12:39:00,953 - processing completed: 639_235
2022-04-07 12:39:00,958 - processing started: 640_236 
2022-04-07 12:39:01,054 - processing completed: 640_236
2022-04-07 12:39:01,058 - processing started: 641_236 
2022-04-07 12:39:01,205 - processing completed: 641_236
2022-04-07 12:39:01,209 - processing started: 642_236 
2022-04-07 12:39:01,303 - processing completed: 642_236
2022-04-07 12:39:01,307 - processing started: 643_237 
2022-04-07 12:39:01,458 - processing completed: 643_237
2022-04-07 12:39:01,462 - processing started: 644_237 
2022-04-07 12:39:01,557 - processing completed: 644_237
2022-04-07 12:39:01,561 - processing started: 645_238 
2022-04-07 12:39:01,707 - processing completed: 645_238
2022-04-07 12:39:01,711 - processing started: 646_238 
2022-04-07 12:39:01,805 - processing completed: 646_238
2022-04-07 12:39:01,809 - processing started: 647_239 
2022-04-07 12:39:01,957 - processing completed: 647_239
2022-04-07 12:39:01,962 - processing started: 648_239 
2022-04-07 12:39:02,054 - processing completed: 648_239
2022-04-07 12:39:02,058 - processing started: 649_240 
2022-04-07 12:39:02,201 - processing completed: 649_240
2022-04-07 12:39:02,206 - processing started: 650_240 
2022-04-07 12:39:02,298 - processing completed: 650_240
2022-04-07 12:39:02,301 - processing started: 651_240 
2022-04-07 12:39:02,445 - processing completed: 651_240
2022-04-07 12:39:02,449 - processing started: 652_240 
2022-04-07 12:39:02,595 - processing completed: 652_240
2022-04-07 12:39:02,599 - processing started: 653_241 
2022-04-07 12:39:02,692 - processing completed: 653_241
2022-04-07 12:39:02,696 - processing started: 654_241 
2022-04-07 12:39:02,843 - processing completed: 654_241
2022-04-07 12:39:02,847 - processing started: 655_242 
2022-04-07 12:39:02,940 - processing completed: 655_242
2022-04-07 12:39:02,945 - processing started: 656_242 
2022-04-07 12:39:03,091 - processing completed: 656_242
2022-04-07 12:39:03,096 - processing started: 657_242 
2022-04-07 12:39:03,190 - processing completed: 657_242
2022-04-07 12:39:03,194 - processing started: 658_243 
2022-04-07 12:39:03,338 - processing completed: 658_243
2022-04-07 12:39:03,342 - processing started: 659_243 
2022-04-07 12:39:03,435 - processing completed: 659_243
2022-04-07 12:39:03,440 - processing started: 660_243 
2022-04-07 12:39:03,581 - processing completed: 660_243
2022-04-07 12:39:03,584 - processing started: 661_244 
2022-04-07 12:39:03,645 - processing completed: 661_244
2022-04-07 12:39:03,648 - processing started: 662_244 
2022-04-07 12:39:03,761 - processing completed: 662_244
2022-04-07 12:39:03,765 - processing started: 663_244 
2022-04-07 12:39:03,827 - processing completed: 663_244
2022-04-07 12:39:03,830 - processing started: 664_245 
2022-04-07 12:39:03,941 - processing completed: 664_245
2022-04-07 12:39:03,944 - processing started: 665_245 
2022-04-07 12:39:04,004 - processing completed: 665_245
2022-04-07 12:39:04,007 - processing started: 666_246 
2022-04-07 12:39:04,120 - processing completed: 666_246
2022-04-07 12:39:04,123 - processing started: 667_246 
2022-04-07 12:39:04,253 - processing completed: 667_246
2022-04-07 12:39:04,258 - processing started: 668_247 
2022-04-07 12:39:04,319 - processing completed: 668_247
2022-04-07 12:39:04,322 - processing started: 669_247 
2022-04-07 12:39:04,434 - processing completed: 669_247
2022-04-07 12:39:04,438 - processing started: 670_248 
2022-04-07 12:39:04,496 - processing completed: 670_248
2022-04-07 12:39:04,499 - processing started: 671_248 
2022-04-07 12:39:04,612 - processing completed: 671_248
2022-04-07 12:39:04,615 - processing started: 672_248 
2022-04-07 12:39:04,672 - processing completed: 672_248
2022-04-07 12:39:04,676 - processing started: 673_249 
2022-04-07 12:39:04,788 - processing completed: 673_249
2022-04-07 12:39:04,791 - processing started: 674_249 
2022-04-07 12:39:04,851 - processing completed: 674_249
2022-04-07 12:39:04,854 - processing started: 675_250 
2022-04-07 12:39:04,972 - processing completed: 675_250
2022-04-07 12:39:04,975 - processing started: 676_250 
2022-04-07 12:39:05,034 - processing completed: 676_250
2022-04-07 12:39:05,037 - processing started: 677_251 
2022-04-07 12:39:05,151 - processing completed: 677_251
2022-04-07 12:39:05,154 - processing started: 678_251 
2022-04-07 12:39:05,216 - processing completed: 678_251
2022-04-07 12:39:05,220 - processing started: 679_251 
2022-04-07 12:39:05,337 - processing completed: 679_251
2022-04-07 12:39:05,340 - processing started: 680_252 
2022-04-07 12:39:05,402 - processing completed: 680_252
2022-04-07 12:39:05,406 - processing started: 681_252 
2022-04-07 12:39:05,522 - processing completed: 681_252
2022-04-07 12:39:05,525 - processing started: 682_252 
2022-04-07 12:39:05,638 - processing completed: 682_252
2022-04-07 12:39:05,641 - processing started: 683_252 
2022-04-07 12:39:05,699 - processing completed: 683_252
2022-04-07 12:39:05,702 - processing started: 684_253 
2022-04-07 12:39:05,832 - processing completed: 684_253
2022-04-07 12:39:05,837 - processing started: 685_253 
2022-04-07 12:39:05,915 - processing completed: 685_253
2022-04-07 12:39:05,918 - processing started: 686_254 
2022-04-07 12:39:06,060 - processing completed: 686_254
2022-04-07 12:39:06,064 - processing started: 687_254 
2022-04-07 12:39:06,144 - processing completed: 687_254
2022-04-07 12:39:06,147 - processing started: 688_255 
2022-04-07 12:39:06,284 - processing completed: 688_255
2022-04-07 12:39:06,287 - processing started: 689_255 
2022-04-07 12:39:06,369 - processing completed: 689_255
2022-04-07 12:39:06,372 - processing started: 690_256 
2022-04-07 12:39:06,518 - processing completed: 690_256
2022-04-07 12:39:06,521 - processing started: 691_256 
2022-04-07 12:39:06,608 - processing completed: 691_256
2022-04-07 12:39:06,611 - processing started: 692_257 
2022-04-07 12:39:06,750 - processing completed: 692_257
2022-04-07 12:39:06,753 - processing started: 693_257 
2022-04-07 12:39:06,836 - processing completed: 693_257
2022-04-07 12:39:06,840 - processing started: 694_257 
2022-04-07 12:39:06,979 - processing completed: 694_257
2022-04-07 12:39:06,982 - processing started: 695_257 
2022-04-07 12:39:07,067 - processing completed: 695_257
2022-04-07 12:39:07,070 - processing started: 696_258 
2022-04-07 12:39:07,206 - processing completed: 696_258
2022-04-07 12:39:07,209 - processing started: 697_258 
2022-04-07 12:39:07,345 - processing completed: 697_258
2022-04-07 12:39:07,348 - processing started: 698_258 
2022-04-07 12:39:07,429 - processing completed: 698_258
2022-04-07 12:39:07,434 - processing started: 699_259 
2022-04-07 12:39:07,562 - processing completed: 699_259
2022-04-07 12:39:07,565 - processing started: 700_259 
2022-04-07 12:39:07,637 - processing completed: 700_259
2022-04-07 12:39:07,640 - processing started: 701_260 
2022-04-07 12:39:07,778 - processing completed: 701_260
2022-04-07 12:39:07,781 - processing started: 702_260 
2022-04-07 12:39:07,864 - processing completed: 702_260
2022-04-07 12:39:07,867 - processing started: 703_260 
2022-04-07 12:39:08,009 - processing completed: 703_260
2022-04-07 12:39:08,013 - processing started: 704_261 
2022-04-07 12:39:08,094 - processing completed: 704_261
2022-04-07 12:39:08,098 - processing started: 705_261 
2022-04-07 12:39:08,236 - processing completed: 705_261
2022-04-07 12:39:08,239 - processing started: 706_261 
2022-04-07 12:39:08,327 - processing completed: 706_261
2022-04-07 12:39:08,330 - processing started: 707_262 
2022-04-07 12:39:08,457 - processing completed: 707_262
2022-04-07 12:39:08,462 - processing started: 708_262 
2022-04-07 12:39:08,536 - processing completed: 708_262
2022-04-07 12:39:08,539 - processing started: 709_262 
2022-04-07 12:39:08,670 - processing completed: 709_262
2022-04-07 12:39:08,673 - processing started: 710_263 
2022-04-07 12:39:08,750 - processing completed: 710_263
2022-04-07 12:39:08,754 - processing started: 711_263 
2022-04-07 12:39:08,882 - processing completed: 711_263
2022-04-07 12:39:08,886 - processing started: 712_264 
2022-04-07 12:39:09,013 - processing completed: 712_264
2022-04-07 12:39:09,017 - processing started: 713_264 
2022-04-07 12:39:09,089 - processing completed: 713_264
2022-04-07 12:39:09,093 - processing started: 714_264 
2022-04-07 12:39:09,219 - processing completed: 714_264
2022-04-07 12:39:09,223 - processing started: 715_265 
2022-04-07 12:39:09,294 - processing completed: 715_265
2022-04-07 12:39:09,298 - processing started: 716_265 
2022-04-07 12:39:09,425 - processing completed: 716_265
2022-04-07 12:39:09,428 - processing started: 717_265 
2022-04-07 12:39:09,503 - processing completed: 717_265
2022-04-07 12:39:09,507 - processing started: 718_266 
2022-04-07 12:39:09,635 - processing completed: 718_266
2022-04-07 12:39:09,638 - processing started: 719_266 
2022-04-07 12:39:09,711 - processing completed: 719_266
2022-04-07 12:39:09,715 - processing started: 720_267 
2022-04-07 12:39:09,841 - processing completed: 720_267
2022-04-07 12:39:09,844 - processing started: 721_267 
2022-04-07 12:39:09,917 - processing completed: 721_267
2022-04-07 12:39:09,922 - processing started: 722_267 
2022-04-07 12:39:10,050 - processing completed: 722_267
2022-04-07 12:39:10,053 - processing started: 723_267 
2022-04-07 12:39:10,125 - processing completed: 723_267
2022-04-07 12:39:10,129 - processing started: 724_267 
2022-04-07 12:39:10,256 - processing completed: 724_267
2022-04-07 12:39:10,260 - processing started: 725_267 
2022-04-07 12:39:10,386 - processing completed: 725_267
2022-04-07 12:39:10,389 - processing started: 726_268 
2022-04-07 12:39:10,466 - processing completed: 726_268
2022-04-07 12:39:10,470 - processing started: 727_268 
2022-04-07 12:39:10,609 - processing completed: 727_268
2022-04-07 12:39:10,612 - processing started: 728_268 
2022-04-07 12:39:10,689 - processing completed: 728_268
2022-04-07 12:39:10,693 - processing started: 729_268 
2022-04-07 12:39:10,819 - processing completed: 729_268
2022-04-07 12:39:10,823 - processing started: 730_268 
2022-04-07 12:39:10,897 - processing completed: 730_268
2022-04-07 12:39:10,901 - processing started: 731_268 
2022-04-07 12:39:11,032 - processing completed: 731_268
2022-04-07 12:39:11,036 - processing started: 732_268 
2022-04-07 12:39:11,109 - processing completed: 732_268
2022-04-07 12:39:11,113 - processing started: 733_268 
2022-04-07 12:39:11,241 - processing completed: 733_268
2022-04-07 12:39:11,244 - processing started: 734_268 
2022-04-07 12:39:11,317 - processing completed: 734_268
2022-04-07 12:39:11,320 - processing started: 735_269 
2022-04-07 12:39:11,448 - processing completed: 735_269
2022-04-07 12:39:11,451 - processing started: 736_269 
2022-04-07 12:39:11,527 - processing completed: 736_269
2022-04-07 12:39:11,531 - processing started: 737_269 
2022-04-07 12:39:11,660 - processing completed: 737_269
2022-04-07 12:39:11,663 - processing started: 738_270 
2022-04-07 12:39:11,744 - processing completed: 738_270
2022-04-07 12:39:11,747 - processing started: 739_270 
2022-04-07 12:39:11,878 - processing completed: 739_270
2022-04-07 12:39:11,881 - processing started: 740_271 
2022-04-07 12:39:12,020 - processing completed: 740_271
2022-04-07 12:39:12,023 - processing started: 741_271 
2022-04-07 12:39:12,105 - processing completed: 741_271
2022-04-07 12:39:12,108 - processing started: 742_272 
2022-04-07 12:39:12,230 - processing completed: 742_272
2022-04-07 12:39:12,234 - processing started: 743_272 
2022-04-07 12:39:12,301 - processing completed: 743_272
2022-04-07 12:39:12,305 - processing started: 744_272 
2022-04-07 12:39:12,433 - processing completed: 744_272
2022-04-07 12:39:12,436 - processing started: 745_273 
2022-04-07 12:39:12,512 - processing completed: 745_273
2022-04-07 12:39:12,516 - processing started: 746_273 
2022-04-07 12:39:12,647 - processing completed: 746_273
2022-04-07 12:39:12,651 - processing started: 747_274 
2022-04-07 12:39:12,719 - processing completed: 747_274
2022-04-07 12:39:12,723 - processing started: 748_274 
2022-04-07 12:39:12,844 - processing completed: 748_274
2022-04-07 12:39:12,848 - processing started: 749_274 
2022-04-07 12:39:12,915 - processing completed: 749_274
2022-04-07 12:39:12,919 - processing started: 750_274 
2022-04-07 12:39:13,041 - processing completed: 750_274
2022-04-07 12:39:13,045 - processing started: 751_275 
2022-04-07 12:39:13,115 - processing completed: 751_275
2022-04-07 12:39:13,118 - processing started: 752_275 
2022-04-07 12:39:13,241 - processing completed: 752_275
2022-04-07 12:39:13,245 - processing started: 753_275 
2022-04-07 12:39:13,316 - processing completed: 753_275
2022-04-07 12:39:13,320 - processing started: 754_275 
2022-04-07 12:39:13,445 - processing completed: 754_275
2022-04-07 12:39:13,448 - processing started: 755_276 
2022-04-07 12:39:13,574 - processing completed: 755_276
2022-04-07 12:39:13,578 - processing started: 756_276 
2022-04-07 12:39:13,648 - processing completed: 756_276
2022-04-07 12:39:13,651 - processing started: 757_276 
2022-04-07 12:39:13,780 - processing completed: 757_276
2022-04-07 12:39:13,784 - processing started: 758_277 
2022-04-07 12:39:13,860 - processing completed: 758_277
2022-04-07 12:39:13,863 - processing started: 759_277 
2022-04-07 12:39:13,998 - processing completed: 759_277
2022-04-07 12:39:14,001 - processing started: 760_278 
2022-04-07 12:39:14,077 - processing completed: 760_278
2022-04-07 12:39:14,080 - processing started: 761_278 
2022-04-07 12:39:14,212 - processing completed: 761_278
2022-04-07 12:39:14,215 - processing started: 762_278 
2022-04-07 12:39:14,293 - processing completed: 762_278
2022-04-07 12:39:14,297 - processing started: 763_279 
2022-04-07 12:39:14,428 - processing completed: 763_279
2022-04-07 12:39:14,431 - processing started: 764_279 
2022-04-07 12:39:14,506 - processing completed: 764_279
2022-04-07 12:39:14,508 - processing started: 765_280 
2022-04-07 12:39:14,623 - processing completed: 765_280
2022-04-07 12:39:14,625 - processing started: 766_280 
2022-04-07 12:39:14,691 - processing completed: 766_280
2022-04-07 12:39:14,695 - processing started: 767_280 
2022-04-07 12:39:14,819 - processing completed: 767_280
2022-04-07 12:39:14,823 - processing started: 768_281 
2022-04-07 12:39:14,892 - processing completed: 768_281
2022-04-07 12:39:14,894 - processing started: 769_281 
2022-04-07 12:39:15,016 - processing completed: 769_281
2022-04-07 12:39:15,019 - processing started: 770_282 
2022-04-07 12:39:15,136 - processing completed: 770_282
2022-04-07 12:39:15,139 - processing started: 771_282 
2022-04-07 12:39:15,202 - processing completed: 771_282
2022-04-07 12:39:15,205 - processing started: 772_283 
2022-04-07 12:39:15,331 - processing completed: 772_283
2022-04-07 12:39:15,335 - processing started: 773_283 
2022-04-07 12:39:15,407 - processing completed: 773_283
2022-04-07 12:39:15,411 - processing started: 774_284 
2022-04-07 12:39:15,530 - processing completed: 774_284
2022-04-07 12:39:15,533 - processing started: 775_284 
2022-04-07 12:39:15,592 - processing completed: 775_284
2022-04-07 12:39:15,596 - processing started: 776_285 
2022-04-07 12:39:15,713 - processing completed: 776_285
2022-04-07 12:39:15,716 - processing started: 777_285 
2022-04-07 12:39:15,781 - processing completed: 777_285
2022-04-07 12:39:15,785 - processing started: 778_285 
2022-04-07 12:39:15,907 - processing completed: 778_285
2022-04-07 12:39:15,910 - processing started: 779_286 
2022-04-07 12:39:16,036 - processing completed: 779_286
2022-04-07 12:39:16,041 - processing started: 780_286 
2022-04-07 12:39:16,218 - processing completed: 780_286
2022-04-07 12:39:16,223 - processing started: 781_287 
2022-04-07 12:39:16,283 - processing completed: 781_287
2022-04-07 12:39:16,286 - processing started: 782_287 
2022-04-07 12:39:16,401 - processing completed: 782_287
2022-04-07 12:39:16,405 - processing started: 783_288 
2022-04-07 12:39:16,467 - processing completed: 783_288
2022-04-07 12:39:16,471 - processing started: 784_288 
2022-04-07 12:39:16,583 - processing completed: 784_288
2022-04-07 12:39:16,587 - processing started: 785_289 
2022-04-07 12:39:16,702 - processing completed: 785_289
2022-04-07 12:39:16,704 - processing started: 786_289 
2022-04-07 12:39:16,766 - processing completed: 786_289
2022-04-07 12:39:16,769 - processing started: 787_290 
2022-04-07 12:39:16,888 - processing completed: 787_290
2022-04-07 12:39:16,891 - processing started: 788_290 
2022-04-07 12:39:16,956 - processing completed: 788_290
2022-04-07 12:39:16,960 - processing started: 789_290 
2022-04-07 12:39:17,081 - processing completed: 789_290
2022-04-07 12:39:17,084 - processing started: 790_290 
2022-04-07 12:39:17,145 - processing completed: 790_290
2022-04-07 12:39:17,148 - processing started: 791_291 
2022-04-07 12:39:17,264 - processing completed: 791_291
2022-04-07 12:39:17,266 - processing started: 792_291 
2022-04-07 12:39:17,327 - processing completed: 792_291
2022-04-07 12:39:17,330 - processing started: 793_292 
2022-04-07 12:39:17,447 - processing completed: 793_292
2022-04-07 12:39:17,450 - processing started: 794_292 
2022-04-07 12:39:17,512 - processing completed: 794_292
2022-04-07 12:39:17,515 - processing started: 795_292 
2022-04-07 12:39:17,630 - processing completed: 795_292
2022-04-07 12:39:17,633 - processing started: 796_293 
2022-04-07 12:39:17,670 - processing completed: 796_293
2022-04-07 12:39:17,673 - processing started: 797_293 
2022-04-07 12:39:17,762 - processing completed: 797_293
2022-04-07 12:39:17,765 - processing started: 798_294 
2022-04-07 12:39:17,803 - processing completed: 798_294
2022-04-07 12:39:17,806 - processing started: 799_294 
2022-04-07 12:39:17,898 - processing completed: 799_294
2022-04-07 12:39:17,901 - processing started: 800_295 
2022-04-07 12:39:18,032 - processing completed: 800_295
2022-04-07 12:39:18,035 - processing started: 801_295 
2022-04-07 12:39:18,094 - processing completed: 801_295
2022-04-07 12:39:18,097 - processing started: 802_296 
2022-04-07 12:39:18,217 - processing completed: 802_296
2022-04-07 12:39:18,220 - processing started: 803_296 
2022-04-07 12:39:18,285 - processing completed: 803_296
2022-04-07 12:39:18,289 - processing started: 804_296 
2022-04-07 12:39:18,408 - processing completed: 804_296
2022-04-07 12:39:18,411 - processing started: 805_297 
2022-04-07 12:39:18,540 - processing completed: 805_297
2022-04-07 12:39:18,544 - processing started: 806_297 
2022-04-07 12:39:18,724 - processing completed: 806_297
2022-04-07 12:39:18,728 - processing started: 807_298 
2022-04-07 12:39:18,792 - processing completed: 807_298
2022-04-07 12:39:18,795 - processing started: 808_298 
2022-04-07 12:39:18,913 - processing completed: 808_298
2022-04-07 12:39:18,916 - processing started: 809_298 
2022-04-07 12:39:18,982 - processing completed: 809_298
2022-04-07 12:39:18,986 - processing started: 810_299 
2022-04-07 12:39:19,104 - processing completed: 810_299
2022-04-07 12:39:19,107 - processing started: 811_299 
2022-04-07 12:39:19,168 - processing completed: 811_299
2022-04-07 12:39:19,171 - processing started: 0_0 
2022-04-07 12:39:19,172 - Closing connection (200): Normal shutdown
2022-04-07 12:39:19,172 - Closing channel (200): 'Normal shutdown' on <Channel number=1 OPEN conn=<SelectConnection OPEN transport=<pika.adapters.utils.io_services_utils._AsyncPlaintextTransport object at 0x11d2eb910> params=<ConnectionParameters host=localhost port=5672 virtual_host=/ ssl=False>>>
2022-04-07 12:39:19,172 - Received <Channel.CloseOk> on <Channel number=1 CLOSING conn=<SelectConnection OPEN transport=<pika.adapters.utils.io_services_utils._AsyncPlaintextTransport object at 0x11d2eb910> params=<ConnectionParameters host=localhost port=5672 virtual_host=/ ssl=False>>>
2022-04-07 12:39:19,172 - Closing connection (200): 'Normal shutdown'
2022-04-07 12:39:19,173 - Aborting transport connection: state=1; <socket.socket fd=9, family=AddressFamily.AF_INET, type=SocketKind.SOCK_STREAM, proto=6, laddr=('127.0.0.1', 61538), raddr=('127.0.0.1', 5672)>
2022-04-07 12:39:19,173 - _AsyncTransportBase._initate_abort(): Initiating abrupt asynchronous transport shutdown: state=1; error=None; <socket.socket fd=9, family=AddressFamily.AF_INET, type=SocketKind.SOCK_STREAM, proto=6, laddr=('127.0.0.1', 61538), raddr=('127.0.0.1', 5672)>
2022-04-07 12:39:19,173 - Deactivating transport: state=1; <socket.socket fd=9, family=AddressFamily.AF_INET, type=SocketKind.SOCK_STREAM, proto=6, laddr=('127.0.0.1', 61538), raddr=('127.0.0.1', 5672)>
2022-04-07 12:39:19,173 - AMQP stack terminated, failed to connect, or aborted: opened=True, error-arg=None; pending-error=ConnectionClosedByClient: (200) 'Normal shutdown'
2022-04-07 12:39:19,173 - Stack terminated due to ConnectionClosedByClient: (200) 'Normal shutdown'
2022-04-07 12:39:19,174 - Closing transport socket and unlinking: state=3; <socket.socket fd=9, family=AddressFamily.AF_INET, type=SocketKind.SOCK_STREAM, proto=6, laddr=('127.0.0.1', 61538), raddr=('127.0.0.1', 5672)>
2022-04-07 12:39:19,174 - User-initiated close: result=BlockingConnection__OnClosedArgs(connection=<SelectConnection CLOSED transport=None params=<ConnectionParameters host=localhost port=5672 virtual_host=/ ssl=False>>, error=ConnectionClosedByClient: (200) 'Normal shutdown')
2022-04-07 12:39:19,174 - PID 8343 completed loading and processing
2022-04-07 12:39:19,176 - Pika version 1.2.0 connecting to ('::1', 5672, 0, 0)
2022-04-07 12:39:19,177 - Socket failed to connect: <socket.socket fd=9, family=AddressFamily.AF_INET6, type=SocketKind.SOCK_STREAM, proto=6, laddr=('::1', 61548, 0, 0)>; error=61 (Connection refused)
2022-04-07 12:39:19,177 - TCP Connection attempt failed: ConnectionRefusedError(61, 'Connection refused'); dest=(<AddressFamily.AF_INET6: 30>, <SocketKind.SOCK_STREAM: 1>, 6, '', ('::1', 5672, 0, 0))
2022-04-07 12:39:19,177 - AMQPConnector - reporting failure: AMQPConnectorSocketConnectError: ConnectionRefusedError(61, 'Connection refused')
2022-04-07 12:39:19,177 - Pika version 1.2.0 connecting to ('127.0.0.1', 5672)
2022-04-07 12:39:19,177 - Socket connected: <socket.socket fd=9, family=AddressFamily.AF_INET, type=SocketKind.SOCK_STREAM, proto=6, laddr=('127.0.0.1', 61549), raddr=('127.0.0.1', 5672)>
2022-04-07 12:39:19,178 - Streaming transport linked up: (<pika.adapters.utils.io_services_utils._AsyncPlaintextTransport object at 0x11dd8d550>, _StreamingProtocolShim: <SelectConnection PROTOCOL transport=<pika.adapters.utils.io_services_utils._AsyncPlaintextTransport object at 0x11dd8d550> params=<ConnectionParameters host=localhost port=5672 virtual_host=/ ssl=False>>).
2022-04-07 12:39:19,192 - AMQPConnector - reporting success: <SelectConnection OPEN transport=<pika.adapters.utils.io_services_utils._AsyncPlaintextTransport object at 0x11dd8d550> params=<ConnectionParameters host=localhost port=5672 virtual_host=/ ssl=False>>
2022-04-07 12:39:19,192 - AMQPConnectionWorkflow - reporting success: <SelectConnection OPEN transport=<pika.adapters.utils.io_services_utils._AsyncPlaintextTransport object at 0x11dd8d550> params=<ConnectionParameters host=localhost port=5672 virtual_host=/ ssl=False>>
2022-04-07 12:39:19,193 - Connection workflow succeeded: <SelectConnection OPEN transport=<pika.adapters.utils.io_services_utils._AsyncPlaintextTransport object at 0x11dd8d550> params=<ConnectionParameters host=localhost port=5672 virtual_host=/ ssl=False>>
2022-04-07 12:39:19,193 - Created channel=1
2022-04-07 12:39:19,195 - Closing connection (200): Normal shutdown
2022-04-07 12:39:19,195 - Closing channel (200): 'Normal shutdown' on <Channel number=1 OPEN conn=<SelectConnection OPEN transport=<pika.adapters.utils.io_services_utils._AsyncPlaintextTransport object at 0x11dd8d550> params=<ConnectionParameters host=localhost port=5672 virtual_host=/ ssl=False>>>
2022-04-07 12:39:19,195 - Received <Channel.CloseOk> on <Channel number=1 CLOSING conn=<SelectConnection OPEN transport=<pika.adapters.utils.io_services_utils._AsyncPlaintextTransport object at 0x11dd8d550> params=<ConnectionParameters host=localhost port=5672 virtual_host=/ ssl=False>>>
2022-04-07 12:39:19,196 - Closing connection (200): 'Normal shutdown'
2022-04-07 12:39:19,196 - Aborting transport connection: state=1; <socket.socket fd=9, family=AddressFamily.AF_INET, type=SocketKind.SOCK_STREAM, proto=6, laddr=('127.0.0.1', 61549), raddr=('127.0.0.1', 5672)>
2022-04-07 12:39:19,196 - _AsyncTransportBase._initate_abort(): Initiating abrupt asynchronous transport shutdown: state=1; error=None; <socket.socket fd=9, family=AddressFamily.AF_INET, type=SocketKind.SOCK_STREAM, proto=6, laddr=('127.0.0.1', 61549), raddr=('127.0.0.1', 5672)>
2022-04-07 12:39:19,196 - Deactivating transport: state=1; <socket.socket fd=9, family=AddressFamily.AF_INET, type=SocketKind.SOCK_STREAM, proto=6, laddr=('127.0.0.1', 61549), raddr=('127.0.0.1', 5672)>
2022-04-07 12:39:19,197 - AMQP stack terminated, failed to connect, or aborted: opened=True, error-arg=None; pending-error=ConnectionClosedByClient: (200) 'Normal shutdown'
2022-04-07 12:39:19,197 - Stack terminated due to ConnectionClosedByClient: (200) 'Normal shutdown'
2022-04-07 12:39:19,197 - Closing transport socket and unlinking: state=3; <socket.socket fd=9, family=AddressFamily.AF_INET, type=SocketKind.SOCK_STREAM, proto=6, laddr=('127.0.0.1', 61549), raddr=('127.0.0.1', 5672)>
2022-04-07 12:39:19,197 - User-initiated close: result=BlockingConnection__OnClosedArgs(connection=<SelectConnection CLOSED transport=None params=<ConnectionParameters host=localhost port=5672 virtual_host=/ ssl=False>>, error=ConnectionClosedByClient: (200) 'Normal shutdown')
