2022-04-07 12:39:53,327 - PID 8808 started loading and processing
2022-04-07 12:39:53,329 - Pika version 1.2.0 connecting to ('::1', 5672, 0, 0)
2022-04-07 12:39:53,330 - Socket failed to connect: <socket.socket fd=9, family=AddressFamily.AF_INET6, type=SocketKind.SOCK_STREAM, proto=6, laddr=('::1', 61576, 0, 0)>; error=61 (Connection refused)
2022-04-07 12:39:53,330 - TCP Connection attempt failed: ConnectionRefusedError(61, 'Connection refused'); dest=(<AddressFamily.AF_INET6: 30>, <SocketKind.SOCK_STREAM: 1>, 6, '', ('::1', 5672, 0, 0))
2022-04-07 12:39:53,330 - AMQPConnector - reporting failure: AMQPConnectorSocketConnectError: ConnectionRefusedError(61, 'Connection refused')
2022-04-07 12:39:53,330 - Pika version 1.2.0 connecting to ('127.0.0.1', 5672)
2022-04-07 12:39:53,331 - Socket connected: <socket.socket fd=9, family=AddressFamily.AF_INET, type=SocketKind.SOCK_STREAM, proto=6, laddr=('127.0.0.1', 61577), raddr=('127.0.0.1', 5672)>
2022-04-07 12:39:53,332 - Streaming transport linked up: (<pika.adapters.utils.io_services_utils._AsyncPlaintextTransport object at 0x11d757910>, _StreamingProtocolShim: <SelectConnection PROTOCOL transport=<pika.adapters.utils.io_services_utils._AsyncPlaintextTransport object at 0x11d757910> params=<ConnectionParameters host=localhost port=5672 virtual_host=/ ssl=False>>).
2022-04-07 12:39:53,337 - AMQPConnector - reporting success: <SelectConnection OPEN transport=<pika.adapters.utils.io_services_utils._AsyncPlaintextTransport object at 0x11d757910> params=<ConnectionParameters host=localhost port=5672 virtual_host=/ ssl=False>>
2022-04-07 12:39:53,337 - AMQPConnectionWorkflow - reporting success: <SelectConnection OPEN transport=<pika.adapters.utils.io_services_utils._AsyncPlaintextTransport object at 0x11d757910> params=<ConnectionParameters host=localhost port=5672 virtual_host=/ ssl=False>>
2022-04-07 12:39:53,337 - Connection workflow succeeded: <SelectConnection OPEN transport=<pika.adapters.utils.io_services_utils._AsyncPlaintextTransport object at 0x11d757910> params=<ConnectionParameters host=localhost port=5672 virtual_host=/ ssl=False>>
2022-04-07 12:39:53,337 - Created channel=1
2022-04-07 12:39:53,364 - Logging before start consuming
2022-04-07 12:39:53,364 - processing started: 0_000 
2022-04-07 12:39:53,525 - processing completed: 0_000
2022-04-07 12:39:53,539 - processing started: 1_000 
2022-04-07 12:39:53,730 - processing completed: 1_000
2022-04-07 12:39:53,736 - processing started: 2_000 
2022-04-07 12:39:53,965 - processing completed: 2_000
2022-04-07 12:39:53,970 - processing started: 3_001 
2022-04-07 12:39:54,115 - processing completed: 3_001
2022-04-07 12:39:54,121 - processing started: 4_001 
2022-04-07 12:39:54,331 - processing completed: 4_001
2022-04-07 12:39:54,337 - processing started: 5_002 
2022-04-07 12:39:54,489 - processing completed: 5_002
2022-04-07 12:39:54,495 - processing started: 6_002 
2022-04-07 12:39:54,708 - processing completed: 6_002
2022-04-07 12:39:54,714 - processing started: 7_003 
2022-04-07 12:39:54,860 - processing completed: 7_003
2022-04-07 12:39:54,867 - processing started: 8_003 
2022-04-07 12:39:55,070 - processing completed: 8_003
2022-04-07 12:39:55,075 - processing started: 9_003 
2022-04-07 12:39:55,216 - processing completed: 9_003
2022-04-07 12:39:55,222 - processing started: 10_004 
2022-04-07 12:39:55,422 - processing completed: 10_004
2022-04-07 12:39:55,427 - processing started: 11_004 
2022-04-07 12:39:55,465 - processing completed: 11_004
2022-04-07 12:39:55,467 - processing started: 12_005 
2022-04-07 12:39:55,662 - processing completed: 12_005
2022-04-07 12:39:55,667 - processing started: 13_005 
2022-04-07 12:39:55,806 - processing completed: 13_005
2022-04-07 12:39:55,811 - processing started: 14_005 
2022-04-07 12:39:56,017 - processing completed: 14_005
2022-04-07 12:39:56,022 - processing started: 15_005 
2022-04-07 12:39:56,163 - processing completed: 15_005
2022-04-07 12:39:56,168 - processing started: 16_006 
2022-04-07 12:39:56,373 - processing completed: 16_006
2022-04-07 12:39:56,379 - processing started: 17_006 
2022-04-07 12:39:56,512 - processing completed: 17_006
2022-04-07 12:39:56,516 - processing started: 18_007 
2022-04-07 12:39:56,659 - processing completed: 18_007
2022-04-07 12:39:56,665 - processing started: 19_007 
2022-04-07 12:39:56,869 - processing completed: 19_007
2022-04-07 12:39:56,875 - processing started: 20_008 
2022-04-07 12:39:56,995 - processing completed: 20_008
2022-04-07 12:39:57,000 - processing started: 21_008 
2022-04-07 12:39:57,208 - processing completed: 21_008
2022-04-07 12:39:57,214 - processing started: 22_009 
2022-04-07 12:39:57,354 - processing completed: 22_009
2022-04-07 12:39:57,359 - processing started: 23_009 
2022-04-07 12:39:57,566 - processing completed: 23_009
2022-04-07 12:39:57,572 - processing started: 24_009 
2022-04-07 12:39:57,711 - processing completed: 24_009
2022-04-07 12:39:57,717 - processing started: 25_010 
2022-04-07 12:39:57,913 - processing completed: 25_010
2022-04-07 12:39:57,918 - processing started: 26_010 
2022-04-07 12:39:58,061 - processing completed: 26_010
2022-04-07 12:39:58,068 - processing started: 27_011 
2022-04-07 12:39:58,268 - processing completed: 27_011
2022-04-07 12:39:58,273 - processing started: 28_011 
2022-04-07 12:39:58,416 - processing completed: 28_011
2022-04-07 12:39:58,423 - processing started: 29_012 
2022-04-07 12:39:58,532 - processing completed: 29_012
2022-04-07 12:39:58,535 - processing started: 30_012 
2022-04-07 12:39:58,594 - processing completed: 30_012
2022-04-07 12:39:58,597 - processing started: 31_013 
2022-04-07 12:39:58,753 - processing completed: 31_013
2022-04-07 12:39:58,757 - processing started: 32_013 
2022-04-07 12:39:58,914 - processing completed: 32_013
2022-04-07 12:39:58,919 - processing started: 33_014 
2022-04-07 12:39:58,995 - processing completed: 33_014
2022-04-07 12:39:58,999 - processing started: 34_014 
2022-04-07 12:39:59,128 - processing completed: 34_014
2022-04-07 12:39:59,132 - processing started: 35_014 
2022-04-07 12:39:59,206 - processing completed: 35_014
2022-04-07 12:39:59,209 - processing started: 36_014 
2022-04-07 12:39:59,340 - processing completed: 36_014
2022-04-07 12:39:59,344 - processing started: 37_014 
2022-04-07 12:39:59,420 - processing completed: 37_014
2022-04-07 12:39:59,425 - processing started: 38_015 
2022-04-07 12:39:59,555 - processing completed: 38_015
2022-04-07 12:39:59,558 - processing started: 39_015 
2022-04-07 12:39:59,631 - processing completed: 39_015
2022-04-07 12:39:59,635 - processing started: 40_015 
2022-04-07 12:39:59,764 - processing completed: 40_015
2022-04-07 12:39:59,767 - processing started: 41_015 
2022-04-07 12:39:59,841 - processing completed: 41_015
2022-04-07 12:39:59,844 - processing started: 42_015 
2022-04-07 12:39:59,976 - processing completed: 42_015
2022-04-07 12:39:59,980 - processing started: 43_016 
2022-04-07 12:40:00,058 - processing completed: 43_016
2022-04-07 12:40:00,062 - processing started: 44_016 
2022-04-07 12:40:00,190 - processing completed: 44_016
2022-04-07 12:40:00,194 - processing started: 45_017 
2022-04-07 12:40:00,334 - processing completed: 45_017
2022-04-07 12:40:00,338 - processing started: 46_017 
2022-04-07 12:40:00,418 - processing completed: 46_017
2022-04-07 12:40:00,422 - processing started: 47_017 
2022-04-07 12:40:00,561 - processing completed: 47_017
2022-04-07 12:40:00,565 - processing started: 48_018 
2022-04-07 12:40:00,640 - processing completed: 48_018
2022-04-07 12:40:00,644 - processing started: 49_018 
2022-04-07 12:40:00,775 - processing completed: 49_018
2022-04-07 12:40:00,779 - processing started: 50_019 
2022-04-07 12:40:00,857 - processing completed: 50_019
2022-04-07 12:40:00,860 - processing started: 51_019 
2022-04-07 12:40:00,997 - processing completed: 51_019
2022-04-07 12:40:01,000 - processing started: 52_020 
2022-04-07 12:40:01,077 - processing completed: 52_020
2022-04-07 12:40:01,080 - processing started: 53_020 
2022-04-07 12:40:01,211 - processing completed: 53_020
2022-04-07 12:40:01,215 - processing started: 54_021 
2022-04-07 12:40:01,293 - processing completed: 54_021
2022-04-07 12:40:01,297 - processing started: 55_021 
2022-04-07 12:40:01,431 - processing completed: 55_021
2022-04-07 12:40:01,434 - processing started: 56_022 
2022-04-07 12:40:01,548 - processing completed: 56_022
2022-04-07 12:40:01,553 - processing started: 57_022 
2022-04-07 12:40:01,677 - processing completed: 57_022
2022-04-07 12:40:01,680 - processing started: 58_022 
2022-04-07 12:40:01,796 - processing completed: 58_022
2022-04-07 12:40:01,802 - processing started: 59_023 
2022-04-07 12:40:01,934 - processing completed: 59_023
2022-04-07 12:40:01,938 - processing started: 60_023 
2022-04-07 12:40:02,074 - processing completed: 60_023
2022-04-07 12:40:02,078 - processing started: 61_023 
2022-04-07 12:40:02,155 - processing completed: 61_023
2022-04-07 12:40:02,158 - processing started: 62_023 
2022-04-07 12:40:02,295 - processing completed: 62_023
2022-04-07 12:40:02,299 - processing started: 63_024 
2022-04-07 12:40:02,381 - processing completed: 63_024
2022-04-07 12:40:02,384 - processing started: 64_024 
2022-04-07 12:40:02,531 - processing completed: 64_024
2022-04-07 12:40:02,535 - processing started: 65_024 
2022-04-07 12:40:02,616 - processing completed: 65_024
2022-04-07 12:40:02,619 - processing started: 66_025 
2022-04-07 12:40:02,753 - processing completed: 66_025
2022-04-07 12:40:02,757 - processing started: 67_025 
2022-04-07 12:40:02,837 - processing completed: 67_025
2022-04-07 12:40:02,840 - processing started: 68_026 
2022-04-07 12:40:02,984 - processing completed: 68_026
2022-04-07 12:40:02,988 - processing started: 69_026 
2022-04-07 12:40:03,072 - processing completed: 69_026
2022-04-07 12:40:03,075 - processing started: 70_027 
2022-04-07 12:40:03,202 - processing completed: 70_027
2022-04-07 12:40:03,206 - processing started: 71_027 
2022-04-07 12:40:03,282 - processing completed: 71_027
2022-04-07 12:40:03,286 - processing started: 72_028 
2022-04-07 12:40:03,416 - processing completed: 72_028
2022-04-07 12:40:03,420 - processing started: 73_028 
2022-04-07 12:40:03,497 - processing completed: 73_028
2022-04-07 12:40:03,500 - processing started: 74_028 
2022-04-07 12:40:03,628 - processing completed: 74_028
2022-04-07 12:40:03,631 - processing started: 75_029 
2022-04-07 12:40:03,761 - processing completed: 75_029
2022-04-07 12:40:03,765 - processing started: 76_029 
2022-04-07 12:40:03,841 - processing completed: 76_029
2022-04-07 12:40:03,844 - processing started: 77_030 
2022-04-07 12:40:03,982 - processing completed: 77_030
2022-04-07 12:40:03,987 - processing started: 78_030 
2022-04-07 12:40:04,062 - processing completed: 78_030
2022-04-07 12:40:04,065 - processing started: 79_030 
2022-04-07 12:40:04,193 - processing completed: 79_030
2022-04-07 12:40:04,197 - processing started: 80_031 
2022-04-07 12:40:04,277 - processing completed: 80_031
2022-04-07 12:40:04,280 - processing started: 81_031 
2022-04-07 12:40:04,417 - processing completed: 81_031
2022-04-07 12:40:04,420 - processing started: 82_031 
2022-04-07 12:40:04,504 - processing completed: 82_031
2022-04-07 12:40:04,507 - processing started: 83_032 
2022-04-07 12:40:04,671 - processing completed: 83_032
2022-04-07 12:40:04,675 - processing started: 84_032 
2022-04-07 12:40:04,786 - processing completed: 84_032
2022-04-07 12:40:04,790 - processing started: 85_032 
2022-04-07 12:40:04,952 - processing completed: 85_032
2022-04-07 12:40:04,957 - processing started: 86_032 
2022-04-07 12:40:05,064 - processing completed: 86_032
2022-04-07 12:40:05,068 - processing started: 87_032 
2022-04-07 12:40:05,238 - processing completed: 87_032
2022-04-07 12:40:05,242 - processing started: 88_033 
2022-04-07 12:40:05,316 - processing completed: 88_033
2022-04-07 12:40:05,319 - processing started: 89_033 
2022-04-07 12:40:05,452 - processing completed: 89_033
2022-04-07 12:40:05,456 - processing started: 90_033 
2022-04-07 12:40:05,588 - processing completed: 90_033
2022-04-07 12:40:05,592 - processing started: 91_033 
2022-04-07 12:40:05,668 - processing completed: 91_033
2022-04-07 12:40:05,671 - processing started: 92_033 
2022-04-07 12:40:05,802 - processing completed: 92_033
2022-04-07 12:40:05,805 - processing started: 93_034 
2022-04-07 12:40:05,883 - processing completed: 93_034
2022-04-07 12:40:05,886 - processing started: 94_034 
2022-04-07 12:40:06,020 - processing completed: 94_034
2022-04-07 12:40:06,023 - processing started: 95_035 
2022-04-07 12:40:06,098 - processing completed: 95_035
2022-04-07 12:40:06,101 - processing started: 96_035 
2022-04-07 12:40:06,231 - processing completed: 96_035
2022-04-07 12:40:06,235 - processing started: 97_035 
2022-04-07 12:40:06,312 - processing completed: 97_035
2022-04-07 12:40:06,315 - processing started: 98_035 
2022-04-07 12:40:06,449 - processing completed: 98_035
2022-04-07 12:40:06,452 - processing started: 99_036 
2022-04-07 12:40:06,532 - processing completed: 99_036
2022-04-07 12:40:06,535 - processing started: 100_036 
2022-04-07 12:40:06,666 - processing completed: 100_036
2022-04-07 12:40:06,669 - processing started: 101_037 
2022-04-07 12:40:06,749 - processing completed: 101_037
2022-04-07 12:40:06,752 - processing started: 102_037 
2022-04-07 12:40:06,886 - processing completed: 102_037
2022-04-07 12:40:06,889 - processing started: 103_037 
2022-04-07 12:40:06,969 - processing completed: 103_037
2022-04-07 12:40:06,972 - processing started: 104_038 
2022-04-07 12:40:07,104 - processing completed: 104_038
2022-04-07 12:40:07,108 - processing started: 105_038 
2022-04-07 12:40:07,240 - processing completed: 105_038
2022-04-07 12:40:07,243 - processing started: 106_039 
2022-04-07 12:40:07,325 - processing completed: 106_039
2022-04-07 12:40:07,328 - processing started: 107_039 
2022-04-07 12:40:07,467 - processing completed: 107_039
2022-04-07 12:40:07,470 - processing started: 108_039 
2022-04-07 12:40:07,552 - processing completed: 108_039
2022-04-07 12:40:07,555 - processing started: 109_040 
2022-04-07 12:40:07,698 - processing completed: 109_040
2022-04-07 12:40:07,701 - processing started: 110_040 
2022-04-07 12:40:07,781 - processing completed: 110_040
2022-04-07 12:40:07,784 - processing started: 111_040 
2022-04-07 12:40:07,917 - processing completed: 111_040
2022-04-07 12:40:07,920 - processing started: 112_040 
2022-04-07 12:40:08,001 - processing completed: 112_040
2022-04-07 12:40:08,004 - processing started: 113_040 
2022-04-07 12:40:08,137 - processing completed: 113_040
2022-04-07 12:40:08,141 - processing started: 114_040 
2022-04-07 12:40:08,221 - processing completed: 114_040
2022-04-07 12:40:08,224 - processing started: 115_040 
2022-04-07 12:40:08,357 - processing completed: 115_040
2022-04-07 12:40:08,360 - processing started: 116_041 
2022-04-07 12:40:08,441 - processing completed: 116_041
2022-04-07 12:40:08,445 - processing started: 117_041 
2022-04-07 12:40:08,579 - processing completed: 117_041
2022-04-07 12:40:08,583 - processing started: 118_042 
2022-04-07 12:40:08,661 - processing completed: 118_042
2022-04-07 12:40:08,663 - processing started: 119_042 
2022-04-07 12:40:08,797 - processing completed: 119_042
2022-04-07 12:40:08,800 - processing started: 120_042 
2022-04-07 12:40:08,934 - processing completed: 120_042
2022-04-07 12:40:08,938 - processing started: 121_042 
2022-04-07 12:40:09,017 - processing completed: 121_042
2022-04-07 12:40:09,020 - processing started: 122_043 
2022-04-07 12:40:09,151 - processing completed: 122_043
2022-04-07 12:40:09,154 - processing started: 123_043 
2022-04-07 12:40:09,229 - processing completed: 123_043
2022-04-07 12:40:09,232 - processing started: 124_044 
2022-04-07 12:40:09,366 - processing completed: 124_044
2022-04-07 12:40:09,369 - processing started: 125_044 
2022-04-07 12:40:09,443 - processing completed: 125_044
2022-04-07 12:40:09,446 - processing started: 126_044 
2022-04-07 12:40:09,579 - processing completed: 126_044
2022-04-07 12:40:09,582 - processing started: 127_045 
2022-04-07 12:40:09,659 - processing completed: 127_045
2022-04-07 12:40:09,663 - processing started: 128_045 
2022-04-07 12:40:09,799 - processing completed: 128_045
2022-04-07 12:40:09,802 - processing started: 129_045 
2022-04-07 12:40:09,882 - processing completed: 129_045
2022-04-07 12:40:09,884 - processing started: 130_046 
2022-04-07 12:40:10,021 - processing completed: 130_046
2022-04-07 12:40:10,024 - processing started: 131_046 
2022-04-07 12:40:10,103 - processing completed: 131_046
2022-04-07 12:40:10,106 - processing started: 132_047 
2022-04-07 12:40:10,241 - processing completed: 132_047
2022-04-07 12:40:10,245 - processing started: 133_047 
2022-04-07 12:40:10,326 - processing completed: 133_047
2022-04-07 12:40:10,329 - processing started: 134_048 
2022-04-07 12:40:10,464 - processing completed: 134_048
2022-04-07 12:40:10,467 - processing started: 135_048 
2022-04-07 12:40:10,600 - processing completed: 135_048
2022-04-07 12:40:10,604 - processing started: 136_048 
2022-04-07 12:40:10,682 - processing completed: 136_048
2022-04-07 12:40:10,684 - processing started: 137_049 
2022-04-07 12:40:10,830 - processing completed: 137_049
2022-04-07 12:40:10,833 - processing started: 138_049 
2022-04-07 12:40:10,920 - processing completed: 138_049
2022-04-07 12:40:10,923 - processing started: 139_049 
2022-04-07 12:40:11,062 - processing completed: 139_049
2022-04-07 12:40:11,065 - processing started: 140_050 
2022-04-07 12:40:11,145 - processing completed: 140_050
2022-04-07 12:40:11,148 - processing started: 141_050 
2022-04-07 12:40:11,283 - processing completed: 141_050
2022-04-07 12:40:11,286 - processing started: 142_050 
2022-04-07 12:40:11,364 - processing completed: 142_050
2022-04-07 12:40:11,367 - processing started: 143_051 
2022-04-07 12:40:11,504 - processing completed: 143_051
2022-04-07 12:40:11,507 - processing started: 144_051 
2022-04-07 12:40:11,586 - processing completed: 144_051
2022-04-07 12:40:11,589 - processing started: 145_051 
2022-04-07 12:40:11,720 - processing completed: 145_051
2022-04-07 12:40:11,723 - processing started: 146_051 
2022-04-07 12:40:11,805 - processing completed: 146_051
2022-04-07 12:40:11,808 - processing started: 147_051 
2022-04-07 12:40:11,943 - processing completed: 147_051
2022-04-07 12:40:11,947 - processing started: 148_052 
2022-04-07 12:40:12,027 - processing completed: 148_052
2022-04-07 12:40:12,030 - processing started: 149_052 
2022-04-07 12:40:12,160 - processing completed: 149_052
2022-04-07 12:40:12,163 - processing started: 150_053 
2022-04-07 12:40:12,298 - processing completed: 150_053
2022-04-07 12:40:12,302 - processing started: 151_053 
2022-04-07 12:40:12,380 - processing completed: 151_053
2022-04-07 12:40:12,383 - processing started: 152_054 
2022-04-07 12:40:12,525 - processing completed: 152_054
2022-04-07 12:40:12,528 - processing started: 153_054 
2022-04-07 12:40:12,611 - processing completed: 153_054
2022-04-07 12:40:12,614 - processing started: 154_055 
2022-04-07 12:40:12,755 - processing completed: 154_055
2022-04-07 12:40:12,758 - processing started: 155_055 
2022-04-07 12:40:12,836 - processing completed: 155_055
2022-04-07 12:40:12,840 - processing started: 156_056 
2022-04-07 12:40:12,983 - processing completed: 156_056
2022-04-07 12:40:12,987 - processing started: 157_056 
2022-04-07 12:40:13,069 - processing completed: 157_056
2022-04-07 12:40:13,073 - processing started: 158_057 
2022-04-07 12:40:13,207 - processing completed: 158_057
2022-04-07 12:40:13,210 - processing started: 159_057 
2022-04-07 12:40:13,286 - processing completed: 159_057
2022-04-07 12:40:13,289 - processing started: 160_058 
2022-04-07 12:40:13,475 - processing completed: 160_058
2022-04-07 12:40:13,479 - processing started: 161_058 
2022-04-07 12:40:13,599 - processing completed: 161_058
2022-04-07 12:40:13,603 - processing started: 162_058 
2022-04-07 12:40:13,777 - processing completed: 162_058
2022-04-07 12:40:13,781 - processing started: 163_059 
2022-04-07 12:40:13,857 - processing completed: 163_059
2022-04-07 12:40:13,861 - processing started: 164_059 
2022-04-07 12:40:14,003 - processing completed: 164_059
2022-04-07 12:40:14,007 - processing started: 165_060 
2022-04-07 12:40:14,141 - processing completed: 165_060
2022-04-07 12:40:14,146 - processing started: 166_060 
2022-04-07 12:40:14,219 - processing completed: 166_060
2022-04-07 12:40:14,223 - processing started: 167_060 
2022-04-07 12:40:14,357 - processing completed: 167_060
2022-04-07 12:40:14,361 - processing started: 168_061 
2022-04-07 12:40:14,438 - processing completed: 168_061
2022-04-07 12:40:14,441 - processing started: 169_061 
2022-04-07 12:40:14,582 - processing completed: 169_061
2022-04-07 12:40:14,585 - processing started: 170_062 
2022-04-07 12:40:14,665 - processing completed: 170_062
2022-04-07 12:40:14,668 - processing started: 171_062 
2022-04-07 12:40:14,827 - processing completed: 171_062
2022-04-07 12:40:14,833 - processing started: 172_062 
2022-04-07 12:40:14,921 - processing completed: 172_062
2022-04-07 12:40:14,924 - processing started: 173_063 
2022-04-07 12:40:15,142 - processing completed: 173_063
2022-04-07 12:40:15,147 - processing started: 174_063 
2022-04-07 12:40:15,293 - processing completed: 174_063
2022-04-07 12:40:15,298 - processing started: 175_064 
2022-04-07 12:40:15,508 - processing completed: 175_064
2022-04-07 12:40:15,513 - processing started: 176_064 
2022-04-07 12:40:15,659 - processing completed: 176_064
2022-04-07 12:40:15,664 - processing started: 177_064 
2022-04-07 12:40:15,871 - processing completed: 177_064
2022-04-07 12:40:15,876 - processing started: 178_064 
2022-04-07 12:40:16,094 - processing completed: 178_064
2022-04-07 12:40:16,099 - processing started: 179_065 
2022-04-07 12:40:16,255 - processing completed: 179_065
2022-04-07 12:40:16,261 - processing started: 180_065 
2022-04-07 12:40:16,472 - processing completed: 180_065
2022-04-07 12:40:16,477 - processing started: 181_066 
2022-04-07 12:40:16,621 - processing completed: 181_066
2022-04-07 12:40:16,627 - processing started: 182_066 
2022-04-07 12:40:16,844 - processing completed: 182_066
2022-04-07 12:40:16,849 - processing started: 183_066 
2022-04-07 12:40:17,013 - processing completed: 183_066
2022-04-07 12:40:17,019 - processing started: 184_066 
2022-04-07 12:40:17,248 - processing completed: 184_066
2022-04-07 12:40:17,253 - processing started: 185_066 
2022-04-07 12:40:17,412 - processing completed: 185_066
2022-04-07 12:40:17,418 - processing started: 186_066 
2022-04-07 12:40:17,628 - processing completed: 186_066
2022-04-07 12:40:17,633 - processing started: 187_066 
2022-04-07 12:40:17,745 - processing completed: 187_066
2022-04-07 12:40:17,750 - processing started: 188_067 
2022-04-07 12:40:17,843 - processing completed: 188_067
2022-04-07 12:40:17,845 - processing started: 189_067 
2022-04-07 12:40:17,994 - processing completed: 189_067
2022-04-07 12:40:18,000 - processing started: 190_067 
2022-04-07 12:40:18,168 - processing completed: 190_067
2022-04-07 12:40:18,172 - processing started: 191_067 
2022-04-07 12:40:18,324 - processing completed: 191_067
2022-04-07 12:40:18,329 - processing started: 192_067 
2022-04-07 12:40:18,535 - processing completed: 192_067
2022-04-07 12:40:18,541 - processing started: 193_068 
2022-04-07 12:40:18,699 - processing completed: 193_068
2022-04-07 12:40:18,703 - processing started: 194_068 
2022-04-07 12:40:18,810 - processing completed: 194_068
2022-04-07 12:40:18,814 - processing started: 195_069 
2022-04-07 12:40:18,981 - processing completed: 195_069
2022-04-07 12:40:18,985 - processing started: 196_069 
2022-04-07 12:40:19,088 - processing completed: 196_069
2022-04-07 12:40:19,092 - processing started: 197_069 
2022-04-07 12:40:19,253 - processing completed: 197_069
2022-04-07 12:40:19,257 - processing started: 198_069 
2022-04-07 12:40:19,359 - processing completed: 198_069
2022-04-07 12:40:19,364 - processing started: 199_070 
2022-04-07 12:40:19,578 - processing completed: 199_070
2022-04-07 12:40:19,583 - processing started: 200_070 
2022-04-07 12:40:19,618 - processing completed: 200_070
2022-04-07 12:40:19,621 - processing started: 201_071 
2022-04-07 12:40:19,869 - processing completed: 201_071
2022-04-07 12:40:19,876 - processing started: 202_071 
2022-04-07 12:40:20,035 - processing completed: 202_071
2022-04-07 12:40:20,041 - processing started: 203_072 
2022-04-07 12:40:20,254 - processing completed: 203_072
2022-04-07 12:40:20,260 - processing started: 204_072 
2022-04-07 12:40:20,413 - processing completed: 204_072
2022-04-07 12:40:20,419 - processing started: 205_072 
2022-04-07 12:40:20,624 - processing completed: 205_072
2022-04-07 12:40:20,630 - processing started: 206_072 
2022-04-07 12:40:20,778 - processing completed: 206_072
2022-04-07 12:40:20,784 - processing started: 207_073 
2022-04-07 12:40:20,997 - processing completed: 207_073
2022-04-07 12:40:21,003 - processing started: 208_073 
2022-04-07 12:40:21,231 - processing completed: 208_073
2022-04-07 12:40:21,237 - processing started: 209_074 
2022-04-07 12:40:21,393 - processing completed: 209_074
2022-04-07 12:40:21,400 - processing started: 210_074 
2022-04-07 12:40:21,616 - processing completed: 210_074
2022-04-07 12:40:21,621 - processing started: 211_075 
2022-04-07 12:40:21,770 - processing completed: 211_075
2022-04-07 12:40:21,776 - processing started: 212_075 
2022-04-07 12:40:21,984 - processing completed: 212_075
2022-04-07 12:40:21,989 - processing started: 213_076 
2022-04-07 12:40:22,138 - processing completed: 213_076
2022-04-07 12:40:22,144 - processing started: 214_076 
2022-04-07 12:40:22,349 - processing completed: 214_076
2022-04-07 12:40:22,355 - processing started: 215_077 
2022-04-07 12:40:22,462 - processing completed: 215_077
2022-04-07 12:40:22,467 - processing started: 216_077 
2022-04-07 12:40:22,669 - processing completed: 216_077
2022-04-07 12:40:22,687 - processing started: 217_077 
2022-04-07 12:40:22,836 - processing completed: 217_077
2022-04-07 12:40:22,842 - processing started: 218_078 
2022-04-07 12:40:23,057 - processing completed: 218_078
2022-04-07 12:40:23,064 - processing started: 219_078 
2022-04-07 12:40:23,222 - processing completed: 219_078
2022-04-07 12:40:23,228 - processing started: 220_079 
2022-04-07 12:40:23,435 - processing completed: 220_079
2022-04-07 12:40:23,441 - processing started: 221_079 
2022-04-07 12:40:23,587 - processing completed: 221_079
2022-04-07 12:40:23,593 - processing started: 222_079 
2022-04-07 12:40:23,792 - processing completed: 222_079
2022-04-07 12:40:23,797 - processing started: 223_080 
2022-04-07 12:40:23,921 - processing completed: 223_080
2022-04-07 12:40:23,925 - processing started: 224_080 
2022-04-07 12:40:23,996 - processing completed: 224_080
2022-04-07 12:40:24,000 - processing started: 225_081 
2022-04-07 12:40:24,160 - processing completed: 225_081
2022-04-07 12:40:24,164 - processing started: 226_081 
2022-04-07 12:40:24,256 - processing completed: 226_081
2022-04-07 12:40:24,260 - processing started: 227_081 
2022-04-07 12:40:24,404 - processing completed: 227_081
2022-04-07 12:40:24,409 - processing started: 228_081 
2022-04-07 12:40:24,502 - processing completed: 228_081
2022-04-07 12:40:24,507 - processing started: 229_081 
2022-04-07 12:40:24,647 - processing completed: 229_081
2022-04-07 12:40:24,652 - processing started: 230_081 
2022-04-07 12:40:24,741 - processing completed: 230_081
2022-04-07 12:40:24,746 - processing started: 231_081 
2022-04-07 12:40:24,888 - processing completed: 231_081
2022-04-07 12:40:24,893 - processing started: 232_082 
2022-04-07 12:40:24,985 - processing completed: 232_082
2022-04-07 12:40:24,990 - processing started: 233_082 
2022-04-07 12:40:25,129 - processing completed: 233_082
2022-04-07 12:40:25,134 - processing started: 234_082 
2022-04-07 12:40:25,221 - processing completed: 234_082
2022-04-07 12:40:25,226 - processing started: 235_082 
2022-04-07 12:40:25,367 - processing completed: 235_082
2022-04-07 12:40:25,372 - processing started: 236_083 
2022-04-07 12:40:25,465 - processing completed: 236_083
2022-04-07 12:40:25,470 - processing started: 237_083 
2022-04-07 12:40:25,616 - processing completed: 237_083
2022-04-07 12:40:25,621 - processing started: 238_084 
2022-04-07 12:40:25,761 - processing completed: 238_084
2022-04-07 12:40:25,766 - processing started: 239_084 
2022-04-07 12:40:25,855 - processing completed: 239_084
2022-04-07 12:40:25,859 - processing started: 240_085 
2022-04-07 12:40:26,004 - processing completed: 240_085
2022-04-07 12:40:26,009 - processing started: 241_085 
2022-04-07 12:40:26,098 - processing completed: 241_085
2022-04-07 12:40:26,102 - processing started: 242_086 
2022-04-07 12:40:26,258 - processing completed: 242_086
2022-04-07 12:40:26,262 - processing started: 243_086 
2022-04-07 12:40:26,365 - processing completed: 243_086
2022-04-07 12:40:26,368 - processing started: 244_087 
2022-04-07 12:40:26,513 - processing completed: 244_087
2022-04-07 12:40:26,517 - processing started: 245_087 
2022-04-07 12:40:26,606 - processing completed: 245_087
2022-04-07 12:40:26,610 - processing started: 246_088 
2022-04-07 12:40:26,751 - processing completed: 246_088
2022-04-07 12:40:26,755 - processing started: 247_088 
2022-04-07 12:40:26,845 - processing completed: 247_088
2022-04-07 12:40:26,848 - processing started: 248_088 
2022-04-07 12:40:26,993 - processing completed: 248_088
2022-04-07 12:40:26,997 - processing started: 249_089 
2022-04-07 12:40:27,056 - processing completed: 249_089
2022-04-07 12:40:27,059 - processing started: 250_089 
2022-04-07 12:40:27,169 - processing completed: 250_089
2022-04-07 12:40:27,172 - processing started: 251_089 
2022-04-07 12:40:27,228 - processing completed: 251_089
2022-04-07 12:40:27,231 - processing started: 252_090 
2022-04-07 12:40:27,343 - processing completed: 252_090
2022-04-07 12:40:27,346 - processing started: 253_090 
2022-04-07 12:40:27,459 - processing completed: 253_090
2022-04-07 12:40:27,465 - processing started: 254_091 
2022-04-07 12:40:27,523 - processing completed: 254_091
2022-04-07 12:40:27,526 - processing started: 255_091 
2022-04-07 12:40:27,642 - processing completed: 255_091
2022-04-07 12:40:27,646 - processing started: 256_092 
2022-04-07 12:40:27,703 - processing completed: 256_092
2022-04-07 12:40:27,706 - processing started: 257_092 
2022-04-07 12:40:27,819 - processing completed: 257_092
2022-04-07 12:40:27,822 - processing started: 258_093 
2022-04-07 12:40:27,892 - processing completed: 258_093
2022-04-07 12:40:27,895 - processing started: 259_093 
2022-04-07 12:40:28,026 - processing completed: 259_093
2022-04-07 12:40:28,029 - processing started: 260_094 
2022-04-07 12:40:28,099 - processing completed: 260_094
2022-04-07 12:40:28,103 - processing started: 261_094 
2022-04-07 12:40:28,231 - processing completed: 261_094
2022-04-07 12:40:28,235 - processing started: 262_094 
2022-04-07 12:40:28,306 - processing completed: 262_094
2022-04-07 12:40:28,310 - processing started: 263_095 
2022-04-07 12:40:28,433 - processing completed: 263_095
2022-04-07 12:40:28,438 - processing started: 264_095 
2022-04-07 12:40:28,510 - processing completed: 264_095
2022-04-07 12:40:28,513 - processing started: 265_096 
2022-04-07 12:40:28,638 - processing completed: 265_096
2022-04-07 12:40:28,642 - processing started: 266_096 
2022-04-07 12:40:28,715 - processing completed: 266_096
2022-04-07 12:40:28,719 - processing started: 267_097 
2022-04-07 12:40:28,846 - processing completed: 267_097
2022-04-07 12:40:28,849 - processing started: 268_097 
2022-04-07 12:40:28,978 - processing completed: 268_097
2022-04-07 12:40:28,981 - processing started: 269_098 
2022-04-07 12:40:29,054 - processing completed: 269_098
2022-04-07 12:40:29,059 - processing started: 270_098 
2022-04-07 12:40:29,188 - processing completed: 270_098
2022-04-07 12:40:29,191 - processing started: 271_098 
2022-04-07 12:40:29,263 - processing completed: 271_098
2022-04-07 12:40:29,266 - processing started: 272_099 
2022-04-07 12:40:29,387 - processing completed: 272_099
2022-04-07 12:40:29,389 - processing started: 273_099 
2022-04-07 12:40:29,452 - processing completed: 273_099
2022-04-07 12:40:29,457 - processing started: 274_100 
2022-04-07 12:40:29,605 - processing completed: 274_100
2022-04-07 12:40:29,608 - processing started: 275_100 
2022-04-07 12:40:29,704 - processing completed: 275_100
2022-04-07 12:40:29,707 - processing started: 276_101 
2022-04-07 12:40:29,829 - processing completed: 276_101
2022-04-07 12:40:29,832 - processing started: 277_101 
2022-04-07 12:40:29,901 - processing completed: 277_101
2022-04-07 12:40:29,903 - processing started: 278_102 
2022-04-07 12:40:30,026 - processing completed: 278_102
2022-04-07 12:40:30,029 - processing started: 279_102 
2022-04-07 12:40:30,096 - processing completed: 279_102
2022-04-07 12:40:30,099 - processing started: 280_103 
2022-04-07 12:40:30,211 - processing completed: 280_103
2022-04-07 12:40:30,215 - processing started: 281_103 
2022-04-07 12:40:30,280 - processing completed: 281_103
2022-04-07 12:40:30,283 - processing started: 282_103 
2022-04-07 12:40:30,402 - processing completed: 282_103
2022-04-07 12:40:30,406 - processing started: 283_104 
2022-04-07 12:40:30,526 - processing completed: 283_104
2022-04-07 12:40:30,529 - processing started: 284_104 
2022-04-07 12:40:30,591 - processing completed: 284_104
2022-04-07 12:40:30,594 - processing started: 285_105 
2022-04-07 12:40:30,714 - processing completed: 285_105
2022-04-07 12:40:30,717 - processing started: 286_105 
2022-04-07 12:40:30,781 - processing completed: 286_105
2022-04-07 12:40:30,784 - processing started: 287_106 
2022-04-07 12:40:30,914 - processing completed: 287_106
2022-04-07 12:40:30,919 - processing started: 288_106 
2022-04-07 12:40:30,982 - processing completed: 288_106
2022-04-07 12:40:30,985 - processing started: 289_107 
2022-04-07 12:40:31,107 - processing completed: 289_107
2022-04-07 12:40:31,110 - processing started: 290_107 
2022-04-07 12:40:31,182 - processing completed: 290_107
2022-04-07 12:40:31,185 - processing started: 291_107 
2022-04-07 12:40:31,310 - processing completed: 291_107
2022-04-07 12:40:31,313 - processing started: 292_108 
2022-04-07 12:40:31,375 - processing completed: 292_108
2022-04-07 12:40:31,378 - processing started: 293_108 
2022-04-07 12:40:31,502 - processing completed: 293_108
2022-04-07 12:40:31,505 - processing started: 294_108 
2022-04-07 12:40:31,567 - processing completed: 294_108
2022-04-07 12:40:31,570 - processing started: 295_109 
2022-04-07 12:40:31,682 - processing completed: 295_109
2022-04-07 12:40:31,685 - processing started: 296_109 
2022-04-07 12:40:31,747 - processing completed: 296_109
2022-04-07 12:40:31,750 - processing started: 297_110 
2022-04-07 12:40:31,868 - processing completed: 297_110
2022-04-07 12:40:31,872 - processing started: 298_110 
2022-04-07 12:40:31,999 - processing completed: 298_110
2022-04-07 12:40:32,002 - processing started: 299_110 
2022-04-07 12:40:32,068 - processing completed: 299_110
2022-04-07 12:40:32,071 - processing started: 300_111 
2022-04-07 12:40:32,187 - processing completed: 300_111
2022-04-07 12:40:32,191 - processing started: 301_111 
2022-04-07 12:40:32,254 - processing completed: 301_111
2022-04-07 12:40:32,257 - processing started: 302_112 
2022-04-07 12:40:32,376 - processing completed: 302_112
2022-04-07 12:40:32,379 - processing started: 303_112 
2022-04-07 12:40:32,446 - processing completed: 303_112
2022-04-07 12:40:32,449 - processing started: 304_113 
2022-04-07 12:40:32,575 - processing completed: 304_113
2022-04-07 12:40:32,577 - processing started: 305_113 
2022-04-07 12:40:32,638 - processing completed: 305_113
2022-04-07 12:40:32,641 - processing started: 306_114 
2022-04-07 12:40:32,791 - processing completed: 306_114
2022-04-07 12:40:32,794 - processing started: 307_114 
2022-04-07 12:40:32,890 - processing completed: 307_114
2022-04-07 12:40:32,894 - processing started: 308_115 
2022-04-07 12:40:33,052 - processing completed: 308_115
2022-04-07 12:40:33,057 - processing started: 309_115 
2022-04-07 12:40:33,151 - processing completed: 309_115
2022-04-07 12:40:33,155 - processing started: 310_116 
2022-04-07 12:40:33,300 - processing completed: 310_116
2022-04-07 12:40:33,304 - processing started: 311_116 
2022-04-07 12:40:33,456 - processing completed: 311_116
2022-04-07 12:40:33,461 - processing started: 312_117 
2022-04-07 12:40:33,552 - processing completed: 312_117
2022-04-07 12:40:33,556 - processing started: 313_117 
2022-04-07 12:40:33,703 - processing completed: 313_117
2022-04-07 12:40:33,707 - processing started: 314_117 
2022-04-07 12:40:33,797 - processing completed: 314_117
2022-04-07 12:40:33,800 - processing started: 315_117 
2022-04-07 12:40:33,943 - processing completed: 315_117
2022-04-07 12:40:33,947 - processing started: 316_118 
2022-04-07 12:40:34,038 - processing completed: 316_118
2022-04-07 12:40:34,042 - processing started: 317_118 
2022-04-07 12:40:34,183 - processing completed: 317_118
2022-04-07 12:40:34,187 - processing started: 318_119 
2022-04-07 12:40:34,276 - processing completed: 318_119
2022-04-07 12:40:34,280 - processing started: 319_119 
2022-04-07 12:40:34,422 - processing completed: 319_119
2022-04-07 12:40:34,426 - processing started: 320_120 
2022-04-07 12:40:34,495 - processing completed: 320_120
2022-04-07 12:40:34,498 - processing started: 321_120 
2022-04-07 12:40:34,621 - processing completed: 321_120
2022-04-07 12:40:34,624 - processing started: 322_120 
2022-04-07 12:40:34,694 - processing completed: 322_120
2022-04-07 12:40:34,697 - processing started: 323_120 
2022-04-07 12:40:34,821 - processing completed: 323_120
2022-04-07 12:40:34,824 - processing started: 324_121 
2022-04-07 12:40:34,914 - processing completed: 324_121
2022-04-07 12:40:34,918 - processing started: 325_121 
2022-04-07 12:40:35,064 - processing completed: 325_121
2022-04-07 12:40:35,068 - processing started: 326_122 
2022-04-07 12:40:35,216 - processing completed: 326_122
2022-04-07 12:40:35,220 - processing started: 327_122 
2022-04-07 12:40:35,309 - processing completed: 327_122
2022-04-07 12:40:35,312 - processing started: 328_123 
2022-04-07 12:40:35,453 - processing completed: 328_123
2022-04-07 12:40:35,458 - processing started: 329_123 
2022-04-07 12:40:35,545 - processing completed: 329_123
2022-04-07 12:40:35,549 - processing started: 330_123 
2022-04-07 12:40:35,690 - processing completed: 330_123
2022-04-07 12:40:35,694 - processing started: 331_124 
2022-04-07 12:40:35,781 - processing completed: 331_124
2022-04-07 12:40:35,784 - processing started: 332_124 
2022-04-07 12:40:35,926 - processing completed: 332_124
2022-04-07 12:40:35,930 - processing started: 333_124 
2022-04-07 12:40:36,020 - processing completed: 333_124
2022-04-07 12:40:36,024 - processing started: 334_124 
2022-04-07 12:40:36,166 - processing completed: 334_124
2022-04-07 12:40:36,170 - processing started: 335_124 
2022-04-07 12:40:36,258 - processing completed: 335_124
2022-04-07 12:40:36,263 - processing started: 336_124 
2022-04-07 12:40:36,406 - processing completed: 336_124
2022-04-07 12:40:36,410 - processing started: 337_124 
2022-04-07 12:40:36,499 - processing completed: 337_124
2022-04-07 12:40:36,502 - processing started: 338_124 
2022-04-07 12:40:36,641 - processing completed: 338_124
2022-04-07 12:40:36,644 - processing started: 339_124 
2022-04-07 12:40:36,732 - processing completed: 339_124
2022-04-07 12:40:36,735 - processing started: 340_125 
2022-04-07 12:40:36,873 - processing completed: 340_125
2022-04-07 12:40:36,877 - processing started: 341_125 
2022-04-07 12:40:37,022 - processing completed: 341_125
2022-04-07 12:40:37,027 - processing started: 342_126 
2022-04-07 12:40:37,114 - processing completed: 342_126
2022-04-07 12:40:37,118 - processing started: 343_126 
2022-04-07 12:40:37,264 - processing completed: 343_126
2022-04-07 12:40:37,268 - processing started: 344_126 
2022-04-07 12:40:37,356 - processing completed: 344_126
2022-04-07 12:40:37,360 - processing started: 345_127 
2022-04-07 12:40:37,503 - processing completed: 345_127
2022-04-07 12:40:37,508 - processing started: 346_127 
2022-04-07 12:40:37,596 - processing completed: 346_127
2022-04-07 12:40:37,600 - processing started: 347_128 
2022-04-07 12:40:37,740 - processing completed: 347_128
2022-04-07 12:40:37,744 - processing started: 348_128 
2022-04-07 12:40:37,831 - processing completed: 348_128
2022-04-07 12:40:37,834 - processing started: 349_129 
2022-04-07 12:40:37,978 - processing completed: 349_129
2022-04-07 12:40:37,982 - processing started: 350_129 
2022-04-07 12:40:38,069 - processing completed: 350_129
2022-04-07 12:40:38,072 - processing started: 351_129 
2022-04-07 12:40:38,215 - processing completed: 351_129
2022-04-07 12:40:38,218 - processing started: 352_130 
2022-04-07 12:40:38,305 - processing completed: 352_130
2022-04-07 12:40:38,308 - processing started: 353_130 
2022-04-07 12:40:38,450 - processing completed: 353_130
2022-04-07 12:40:38,455 - processing started: 354_131 
2022-04-07 12:40:38,543 - processing completed: 354_131
2022-04-07 12:40:38,547 - processing started: 355_131 
2022-04-07 12:40:38,685 - processing completed: 355_131
2022-04-07 12:40:38,689 - processing started: 356_132 
2022-04-07 12:40:38,832 - processing completed: 356_132
2022-04-07 12:40:38,836 - processing started: 357_132 
2022-04-07 12:40:38,928 - processing completed: 357_132
2022-04-07 12:40:38,933 - processing started: 358_133 
2022-04-07 12:40:39,078 - processing completed: 358_133
2022-04-07 12:40:39,082 - processing started: 359_133 
2022-04-07 12:40:39,170 - processing completed: 359_133
2022-04-07 12:40:39,174 - processing started: 360_134 
2022-04-07 12:40:39,328 - processing completed: 360_134
2022-04-07 12:40:39,332 - processing started: 361_134 
2022-04-07 12:40:39,423 - processing completed: 361_134
2022-04-07 12:40:39,427 - processing started: 362_134 
2022-04-07 12:40:39,572 - processing completed: 362_134
2022-04-07 12:40:39,577 - processing started: 363_134 
2022-04-07 12:40:39,663 - processing completed: 363_134
2022-04-07 12:40:39,668 - processing started: 364_134 
2022-04-07 12:40:39,805 - processing completed: 364_134
2022-04-07 12:40:39,810 - processing started: 365_135 
2022-04-07 12:40:39,896 - processing completed: 365_135
2022-04-07 12:40:39,900 - processing started: 366_135 
2022-04-07 12:40:40,042 - processing completed: 366_135
2022-04-07 12:40:40,047 - processing started: 367_135 
2022-04-07 12:40:40,132 - processing completed: 367_135
2022-04-07 12:40:40,136 - processing started: 368_136 
2022-04-07 12:40:40,273 - processing completed: 368_136
2022-04-07 12:40:40,277 - processing started: 369_136 
2022-04-07 12:40:40,365 - processing completed: 369_136
2022-04-07 12:40:40,369 - processing started: 370_137 
2022-04-07 12:40:40,515 - processing completed: 370_137
2022-04-07 12:40:40,519 - processing started: 371_137 
2022-04-07 12:40:40,659 - processing completed: 371_137
2022-04-07 12:40:40,663 - processing started: 372_138 
2022-04-07 12:40:40,749 - processing completed: 372_138
2022-04-07 12:40:40,752 - processing started: 373_138 
2022-04-07 12:40:40,893 - processing completed: 373_138
2022-04-07 12:40:40,896 - processing started: 374_139 
2022-04-07 12:40:40,988 - processing completed: 374_139
2022-04-07 12:40:40,992 - processing started: 375_139 
2022-04-07 12:40:41,135 - processing completed: 375_139
2022-04-07 12:40:41,140 - processing started: 376_140 
2022-04-07 12:40:41,226 - processing completed: 376_140
2022-04-07 12:40:41,231 - processing started: 377_140 
2022-04-07 12:40:41,374 - processing completed: 377_140
2022-04-07 12:40:41,378 - processing started: 378_140 
2022-04-07 12:40:41,470 - processing completed: 378_140
2022-04-07 12:40:41,474 - processing started: 379_141 
2022-04-07 12:40:41,614 - processing completed: 379_141
2022-04-07 12:40:41,618 - processing started: 380_141 
2022-04-07 12:40:41,705 - processing completed: 380_141
2022-04-07 12:40:41,709 - processing started: 381_142 
2022-04-07 12:40:41,848 - processing completed: 381_142
2022-04-07 12:40:41,852 - processing started: 382_142 
2022-04-07 12:40:41,941 - processing completed: 382_142
2022-04-07 12:40:41,945 - processing started: 383_143 
2022-04-07 12:40:42,086 - processing completed: 383_143
2022-04-07 12:40:42,090 - processing started: 384_143 
2022-04-07 12:40:42,178 - processing completed: 384_143
2022-04-07 12:40:42,182 - processing started: 385_144 
2022-04-07 12:40:42,319 - processing completed: 385_144
2022-04-07 12:40:42,324 - processing started: 386_144 
2022-04-07 12:40:42,469 - processing completed: 386_144
2022-04-07 12:40:42,473 - processing started: 387_144 
2022-04-07 12:40:42,563 - processing completed: 387_144
2022-04-07 12:40:42,567 - processing started: 388_145 
2022-04-07 12:40:42,709 - processing completed: 388_145
2022-04-07 12:40:42,713 - processing started: 389_145 
2022-04-07 12:40:42,801 - processing completed: 389_145
2022-04-07 12:40:42,805 - processing started: 390_145 
2022-04-07 12:40:42,950 - processing completed: 390_145
2022-04-07 12:40:42,955 - processing started: 391_145 
2022-04-07 12:40:43,042 - processing completed: 391_145
2022-04-07 12:40:43,046 - processing started: 392_145 
2022-04-07 12:40:43,185 - processing completed: 392_145
2022-04-07 12:40:43,190 - processing started: 393_146 
2022-04-07 12:40:43,276 - processing completed: 393_146
2022-04-07 12:40:43,280 - processing started: 394_146 
2022-04-07 12:40:43,420 - processing completed: 394_146
2022-04-07 12:40:43,424 - processing started: 395_147 
2022-04-07 12:40:43,514 - processing completed: 395_147
2022-04-07 12:40:43,518 - processing started: 396_147 
2022-04-07 12:40:43,660 - processing completed: 396_147
2022-04-07 12:40:43,664 - processing started: 397_147 
2022-04-07 12:40:43,753 - processing completed: 397_147
2022-04-07 12:40:43,758 - processing started: 398_147 
2022-04-07 12:40:43,897 - processing completed: 398_147
2022-04-07 12:40:43,902 - processing started: 399_148 
2022-04-07 12:40:43,993 - processing completed: 399_148
2022-04-07 12:40:43,997 - processing started: 400_148 
2022-04-07 12:40:44,137 - processing completed: 400_148
2022-04-07 12:40:44,141 - processing started: 401_149 
2022-04-07 12:40:44,284 - processing completed: 401_149
2022-04-07 12:40:44,287 - processing started: 402_149 
2022-04-07 12:40:44,377 - processing completed: 402_149
2022-04-07 12:40:44,380 - processing started: 403_149 
2022-04-07 12:40:44,527 - processing completed: 403_149
2022-04-07 12:40:44,532 - processing started: 404_149 
2022-04-07 12:40:44,624 - processing completed: 404_149
2022-04-07 12:40:44,627 - processing started: 405_150 
2022-04-07 12:40:44,770 - processing completed: 405_150
2022-04-07 12:40:44,774 - processing started: 406_150 
2022-04-07 12:40:44,864 - processing completed: 406_150
2022-04-07 12:40:44,868 - processing started: 407_151 
2022-04-07 12:40:45,016 - processing completed: 407_151
2022-04-07 12:40:45,019 - processing started: 408_151 
2022-04-07 12:40:45,109 - processing completed: 408_151
2022-04-07 12:40:45,112 - processing started: 409_152 
2022-04-07 12:40:45,253 - processing completed: 409_152
2022-04-07 12:40:45,257 - processing started: 410_152 
2022-04-07 12:40:45,346 - processing completed: 410_152
2022-04-07 12:40:45,350 - processing started: 411_153 
2022-04-07 12:40:45,512 - processing completed: 411_153
2022-04-07 12:40:45,515 - processing started: 412_153 
2022-04-07 12:40:45,605 - processing completed: 412_153
2022-04-07 12:40:45,609 - processing started: 413_154 
2022-04-07 12:40:45,750 - processing completed: 413_154
2022-04-07 12:40:45,754 - processing started: 414_154 
2022-04-07 12:40:45,843 - processing completed: 414_154
2022-04-07 12:40:45,846 - processing started: 415_155 
2022-04-07 12:40:45,990 - processing completed: 415_155
2022-04-07 12:40:45,994 - processing started: 416_155 
2022-04-07 12:40:46,139 - processing completed: 416_155
2022-04-07 12:40:46,143 - processing started: 417_156 
2022-04-07 12:40:46,231 - processing completed: 417_156
2022-04-07 12:40:46,234 - processing started: 418_156 
2022-04-07 12:40:46,382 - processing completed: 418_156
2022-04-07 12:40:46,385 - processing started: 419_156 
2022-04-07 12:40:46,477 - processing completed: 419_156
2022-04-07 12:40:46,481 - processing started: 420_157 
2022-04-07 12:40:46,625 - processing completed: 420_157
2022-04-07 12:40:46,629 - processing started: 421_157 
2022-04-07 12:40:46,717 - processing completed: 421_157
2022-04-07 12:40:46,721 - processing started: 422_157 
2022-04-07 12:40:46,860 - processing completed: 422_157
2022-04-07 12:40:46,865 - processing started: 423_158 
2022-04-07 12:40:46,954 - processing completed: 423_158
2022-04-07 12:40:46,958 - processing started: 424_158 
2022-04-07 12:40:47,097 - processing completed: 424_158
2022-04-07 12:40:47,101 - processing started: 425_159 
2022-04-07 12:40:47,189 - processing completed: 425_159
2022-04-07 12:40:47,192 - processing started: 426_159 
2022-04-07 12:40:47,333 - processing completed: 426_159
2022-04-07 12:40:47,337 - processing started: 427_159 
2022-04-07 12:40:47,426 - processing completed: 427_159
2022-04-07 12:40:47,429 - processing started: 428_160 
2022-04-07 12:40:47,571 - processing completed: 428_160
2022-04-07 12:40:47,576 - processing started: 429_160 
2022-04-07 12:40:47,664 - processing completed: 429_160
2022-04-07 12:40:47,667 - processing started: 430_160 
2022-04-07 12:40:47,808 - processing completed: 430_160
2022-04-07 12:40:47,813 - processing started: 431_161 
2022-04-07 12:40:47,957 - processing completed: 431_161
2022-04-07 12:40:47,961 - processing started: 432_161 
2022-04-07 12:40:48,048 - processing completed: 432_161
2022-04-07 12:40:48,053 - processing started: 433_162 
2022-04-07 12:40:48,196 - processing completed: 433_162
2022-04-07 12:40:48,201 - processing started: 434_162 
2022-04-07 12:40:48,288 - processing completed: 434_162
2022-04-07 12:40:48,291 - processing started: 435_163 
2022-04-07 12:40:48,434 - processing completed: 435_163
2022-04-07 12:40:48,439 - processing started: 436_163 
2022-04-07 12:40:48,529 - processing completed: 436_163
2022-04-07 12:40:48,532 - processing started: 437_164 
2022-04-07 12:40:48,671 - processing completed: 437_164
2022-04-07 12:40:48,676 - processing started: 438_164 
2022-04-07 12:40:48,764 - processing completed: 438_164
2022-04-07 12:40:48,769 - processing started: 439_164 
2022-04-07 12:40:48,908 - processing completed: 439_164
2022-04-07 12:40:48,913 - processing started: 440_165 
2022-04-07 12:40:49,003 - processing completed: 440_165
2022-04-07 12:40:49,007 - processing started: 441_165 
2022-04-07 12:40:49,147 - processing completed: 441_165
2022-04-07 12:40:49,151 - processing started: 442_166 
2022-04-07 12:40:49,238 - processing completed: 442_166
2022-04-07 12:40:49,242 - processing started: 443_166 
2022-04-07 12:40:49,381 - processing completed: 443_166
2022-04-07 12:40:49,385 - processing started: 444_167 
2022-04-07 12:40:49,529 - processing completed: 444_167
2022-04-07 12:40:49,534 - processing started: 445_167 
2022-04-07 12:40:49,619 - processing completed: 445_167
2022-04-07 12:40:49,623 - processing started: 446_167 
2022-04-07 12:40:49,771 - processing completed: 446_167
2022-04-07 12:40:49,776 - processing started: 447_167 
2022-04-07 12:40:49,868 - processing completed: 447_167
2022-04-07 12:40:49,872 - processing started: 448_168 
2022-04-07 12:40:50,014 - processing completed: 448_168
2022-04-07 12:40:50,018 - processing started: 449_168 
2022-04-07 12:40:50,106 - processing completed: 449_168
2022-04-07 12:40:50,110 - processing started: 450_168 
2022-04-07 12:40:50,252 - processing completed: 450_168
2022-04-07 12:40:50,256 - processing started: 451_168 
2022-04-07 12:40:50,343 - processing completed: 451_168
2022-04-07 12:40:50,347 - processing started: 452_169 
2022-04-07 12:40:50,496 - processing completed: 452_169
2022-04-07 12:40:50,501 - processing started: 453_169 
2022-04-07 12:40:50,586 - processing completed: 453_169
2022-04-07 12:40:50,590 - processing started: 454_170 
2022-04-07 12:40:50,730 - processing completed: 454_170
2022-04-07 12:40:50,734 - processing started: 455_170 
2022-04-07 12:40:50,821 - processing completed: 455_170
2022-04-07 12:40:50,825 - processing started: 456_171 
2022-04-07 12:40:50,970 - processing completed: 456_171
2022-04-07 12:40:50,974 - processing started: 457_171 
2022-04-07 12:40:51,062 - processing completed: 457_171
2022-04-07 12:40:51,066 - processing started: 458_171 
2022-04-07 12:40:51,214 - processing completed: 458_171
2022-04-07 12:40:51,219 - processing started: 459_172 
2022-04-07 12:40:51,364 - processing completed: 459_172
2022-04-07 12:40:51,368 - processing started: 460_172 
2022-04-07 12:40:51,457 - processing completed: 460_172
2022-04-07 12:40:51,461 - processing started: 461_173 
2022-04-07 12:40:51,602 - processing completed: 461_173
2022-04-07 12:40:51,606 - processing started: 462_173 
2022-04-07 12:40:51,693 - processing completed: 462_173
2022-04-07 12:40:51,697 - processing started: 463_173 
2022-04-07 12:40:51,841 - processing completed: 463_173
2022-04-07 12:40:51,845 - processing started: 464_174 
2022-04-07 12:40:51,933 - processing completed: 464_174
2022-04-07 12:40:51,938 - processing started: 465_174 
2022-04-07 12:40:52,081 - processing completed: 465_174
2022-04-07 12:40:52,085 - processing started: 466_174 
2022-04-07 12:40:52,173 - processing completed: 466_174
2022-04-07 12:40:52,176 - processing started: 467_174 
2022-04-07 12:40:52,316 - processing completed: 467_174
2022-04-07 12:40:52,320 - processing started: 468_175 
2022-04-07 12:40:52,407 - processing completed: 468_175
2022-04-07 12:40:52,412 - processing started: 469_175 
2022-04-07 12:40:52,554 - processing completed: 469_175
2022-04-07 12:40:52,558 - processing started: 470_176 
2022-04-07 12:40:52,645 - processing completed: 470_176
2022-04-07 12:40:52,649 - processing started: 471_176 
2022-04-07 12:40:52,790 - processing completed: 471_176
2022-04-07 12:40:52,795 - processing started: 472_177 
2022-04-07 12:40:52,882 - processing completed: 472_177
2022-04-07 12:40:52,886 - processing started: 473_177 
2022-04-07 12:40:53,032 - processing completed: 473_177
2022-04-07 12:40:53,035 - processing started: 474_178 
2022-04-07 12:40:53,175 - processing completed: 474_178
2022-04-07 12:40:53,178 - processing started: 475_178 
2022-04-07 12:40:53,265 - processing completed: 475_178
2022-04-07 12:40:53,268 - processing started: 476_178 
2022-04-07 12:40:53,408 - processing completed: 476_178
2022-04-07 12:40:53,412 - processing started: 477_179 
2022-04-07 12:40:53,501 - processing completed: 477_179
2022-04-07 12:40:53,505 - processing started: 478_179 
2022-04-07 12:40:53,648 - processing completed: 478_179
2022-04-07 12:40:53,651 - processing started: 479_180 
2022-04-07 12:40:53,738 - processing completed: 479_180
2022-04-07 12:40:53,742 - processing started: 480_180 
2022-04-07 12:40:53,882 - processing completed: 480_180
2022-04-07 12:40:53,886 - processing started: 481_180 
2022-04-07 12:40:53,977 - processing completed: 481_180
2022-04-07 12:40:53,981 - processing started: 482_180 
2022-04-07 12:40:54,125 - processing completed: 482_180
2022-04-07 12:40:54,128 - processing started: 483_181 
2022-04-07 12:40:54,216 - processing completed: 483_181
2022-04-07 12:40:54,219 - processing started: 484_181 
2022-04-07 12:40:54,358 - processing completed: 484_181
2022-04-07 12:40:54,362 - processing started: 485_182 
2022-04-07 12:40:54,450 - processing completed: 485_182
2022-04-07 12:40:54,455 - processing started: 486_182 
2022-04-07 12:40:54,594 - processing completed: 486_182
2022-04-07 12:40:54,599 - processing started: 487_182 
2022-04-07 12:40:54,686 - processing completed: 487_182
2022-04-07 12:40:54,690 - processing started: 488_183 
2022-04-07 12:40:54,834 - processing completed: 488_183
2022-04-07 12:40:54,838 - processing started: 489_183 
2022-04-07 12:40:54,985 - processing completed: 489_183
2022-04-07 12:40:54,988 - processing started: 490_183 
2022-04-07 12:40:55,078 - processing completed: 490_183
2022-04-07 12:40:55,082 - processing started: 491_183 
2022-04-07 12:40:55,227 - processing completed: 491_183
2022-04-07 12:40:55,231 - processing started: 492_184 
2022-04-07 12:40:55,320 - processing completed: 492_184
2022-04-07 12:40:55,324 - processing started: 493_184 
2022-04-07 12:40:55,469 - processing completed: 493_184
2022-04-07 12:40:55,473 - processing started: 494_184 
2022-04-07 12:40:55,561 - processing completed: 494_184
2022-04-07 12:40:55,565 - processing started: 495_185 
2022-04-07 12:40:55,708 - processing completed: 495_185
2022-04-07 12:40:55,713 - processing started: 496_185 
2022-04-07 12:40:55,802 - processing completed: 496_185
2022-04-07 12:40:55,806 - processing started: 497_186 
2022-04-07 12:40:55,952 - processing completed: 497_186
2022-04-07 12:40:55,956 - processing started: 498_186 
2022-04-07 12:40:56,047 - processing completed: 498_186
2022-04-07 12:40:56,051 - processing started: 499_187 
2022-04-07 12:40:56,196 - processing completed: 499_187
2022-04-07 12:40:56,200 - processing started: 500_187 
2022-04-07 12:40:56,289 - processing completed: 500_187
2022-04-07 12:40:56,292 - processing started: 501_188 
2022-04-07 12:40:56,435 - processing completed: 501_188
2022-04-07 12:40:56,438 - processing started: 502_188 
2022-04-07 12:40:56,529 - processing completed: 502_188
2022-04-07 12:40:56,533 - processing started: 503_188 
2022-04-07 12:40:56,673 - processing completed: 503_188
2022-04-07 12:40:56,676 - processing started: 504_188 
2022-04-07 12:40:56,826 - processing completed: 504_188
2022-04-07 12:40:56,830 - processing started: 505_189 
2022-04-07 12:40:56,900 - processing completed: 505_189
2022-04-07 12:40:56,903 - processing started: 506_189 
2022-04-07 12:40:57,033 - processing completed: 506_189
2022-04-07 12:40:57,036 - processing started: 507_190 
2022-04-07 12:40:57,126 - processing completed: 507_190
2022-04-07 12:40:57,130 - processing started: 508_190 
2022-04-07 12:40:57,276 - processing completed: 508_190
2022-04-07 12:40:57,280 - processing started: 509_191 
2022-04-07 12:40:57,369 - processing completed: 509_191
2022-04-07 12:40:57,373 - processing started: 510_191 
2022-04-07 12:40:57,519 - processing completed: 510_191
2022-04-07 12:40:57,524 - processing started: 511_192 
2022-04-07 12:40:57,612 - processing completed: 511_192
2022-04-07 12:40:57,615 - processing started: 512_192 
2022-04-07 12:40:57,755 - processing completed: 512_192
2022-04-07 12:40:57,759 - processing started: 513_192 
2022-04-07 12:40:57,847 - processing completed: 513_192
2022-04-07 12:40:57,851 - processing started: 514_192 
2022-04-07 12:40:57,992 - processing completed: 514_192
2022-04-07 12:40:57,996 - processing started: 515_193 
2022-04-07 12:40:58,084 - processing completed: 515_193
2022-04-07 12:40:58,089 - processing started: 516_193 
2022-04-07 12:40:58,230 - processing completed: 516_193
2022-04-07 12:40:58,234 - processing started: 517_194 
2022-04-07 12:40:58,321 - processing completed: 517_194
2022-04-07 12:40:58,325 - processing started: 518_194 
2022-04-07 12:40:58,469 - processing completed: 518_194
2022-04-07 12:40:58,474 - processing started: 519_195 
2022-04-07 12:40:58,614 - processing completed: 519_195
2022-04-07 12:40:58,618 - processing started: 520_195 
2022-04-07 12:40:58,705 - processing completed: 520_195
2022-04-07 12:40:58,708 - processing started: 521_196 
2022-04-07 12:40:58,849 - processing completed: 521_196
2022-04-07 12:40:58,852 - processing started: 522_196 
2022-04-07 12:40:58,941 - processing completed: 522_196
2022-04-07 12:40:58,945 - processing started: 523_196 
2022-04-07 12:40:59,088 - processing completed: 523_196
2022-04-07 12:40:59,092 - processing started: 524_196 
2022-04-07 12:40:59,178 - processing completed: 524_196
2022-04-07 12:40:59,182 - processing started: 525_196 
2022-04-07 12:40:59,329 - processing completed: 525_196
2022-04-07 12:40:59,333 - processing started: 526_196 
2022-04-07 12:40:59,421 - processing completed: 526_196
2022-04-07 12:40:59,424 - processing started: 527_197 
2022-04-07 12:40:59,564 - processing completed: 527_197
2022-04-07 12:40:59,568 - processing started: 528_197 
2022-04-07 12:40:59,656 - processing completed: 528_197
2022-04-07 12:40:59,659 - processing started: 529_197 
2022-04-07 12:40:59,799 - processing completed: 529_197
2022-04-07 12:40:59,802 - processing started: 530_197 
2022-04-07 12:40:59,891 - processing completed: 530_197
2022-04-07 12:40:59,894 - processing started: 531_197 
2022-04-07 12:41:00,040 - processing completed: 531_197
2022-04-07 12:41:00,044 - processing started: 532_198 
2022-04-07 12:41:00,131 - processing completed: 532_198
2022-04-07 12:41:00,135 - processing started: 533_198 
2022-04-07 12:41:00,273 - processing completed: 533_198
2022-04-07 12:41:00,276 - processing started: 534_199 
2022-04-07 12:41:00,430 - processing completed: 534_199
2022-04-07 12:41:00,434 - processing started: 535_199 
2022-04-07 12:41:00,523 - processing completed: 535_199
2022-04-07 12:41:00,527 - processing started: 536_200 
2022-04-07 12:41:00,671 - processing completed: 536_200
2022-04-07 12:41:00,675 - processing started: 537_200 
2022-04-07 12:41:00,763 - processing completed: 537_200
2022-04-07 12:41:00,767 - processing started: 538_201 
2022-04-07 12:41:00,911 - processing completed: 538_201
2022-04-07 12:41:00,916 - processing started: 539_201 
2022-04-07 12:41:01,004 - processing completed: 539_201
2022-04-07 12:41:01,008 - processing started: 540_202 
2022-04-07 12:41:01,149 - processing completed: 540_202
2022-04-07 12:41:01,153 - processing started: 541_202 
2022-04-07 12:41:01,240 - processing completed: 541_202
2022-04-07 12:41:01,245 - processing started: 542_203 
2022-04-07 12:41:01,382 - processing completed: 542_203
2022-04-07 12:41:01,386 - processing started: 543_203 
2022-04-07 12:41:01,476 - processing completed: 543_203
2022-04-07 12:41:01,481 - processing started: 544_204 
2022-04-07 12:41:01,620 - processing completed: 544_204
2022-04-07 12:41:01,624 - processing started: 545_204 
2022-04-07 12:41:01,711 - processing completed: 545_204
2022-04-07 12:41:01,715 - processing started: 546_205 
2022-04-07 12:41:01,853 - processing completed: 546_205
2022-04-07 12:41:01,857 - processing started: 547_205 
2022-04-07 12:41:01,946 - processing completed: 547_205
2022-04-07 12:41:01,949 - processing started: 548_206 
2022-04-07 12:41:02,087 - processing completed: 548_206
2022-04-07 12:41:02,091 - processing started: 549_206 
2022-04-07 12:41:02,232 - processing completed: 549_206
2022-04-07 12:41:02,236 - processing started: 550_207 
2022-04-07 12:41:02,323 - processing completed: 550_207
2022-04-07 12:41:02,328 - processing started: 551_207 
2022-04-07 12:41:02,475 - processing completed: 551_207
2022-04-07 12:41:02,480 - processing started: 552_207 
2022-04-07 12:41:02,569 - processing completed: 552_207
2022-04-07 12:41:02,573 - processing started: 553_207 
2022-04-07 12:41:02,720 - processing completed: 553_207
2022-04-07 12:41:02,725 - processing started: 554_208 
2022-04-07 12:41:02,811 - processing completed: 554_208
2022-04-07 12:41:02,814 - processing started: 555_208 
2022-04-07 12:41:02,953 - processing completed: 555_208
2022-04-07 12:41:02,958 - processing started: 556_209 
2022-04-07 12:41:03,045 - processing completed: 556_209
2022-04-07 12:41:03,049 - processing started: 557_209 
2022-04-07 12:41:03,186 - processing completed: 557_209
2022-04-07 12:41:03,191 - processing started: 558_210 
2022-04-07 12:41:03,278 - processing completed: 558_210
2022-04-07 12:41:03,282 - processing started: 559_210 
2022-04-07 12:41:03,420 - processing completed: 559_210
2022-04-07 12:41:03,424 - processing started: 560_211 
2022-04-07 12:41:03,513 - processing completed: 560_211
2022-04-07 12:41:03,516 - processing started: 561_211 
2022-04-07 12:41:03,659 - processing completed: 561_211
2022-04-07 12:41:03,663 - processing started: 562_212 
2022-04-07 12:41:03,750 - processing completed: 562_212
2022-04-07 12:41:03,753 - processing started: 563_212 
2022-04-07 12:41:03,891 - processing completed: 563_212
2022-04-07 12:41:03,895 - processing started: 564_213 
2022-04-07 12:41:04,041 - processing completed: 564_213
2022-04-07 12:41:04,045 - processing started: 565_213 
2022-04-07 12:41:04,132 - processing completed: 565_213
2022-04-07 12:41:04,136 - processing started: 566_214 
2022-04-07 12:41:04,274 - processing completed: 566_214
2022-04-07 12:41:04,279 - processing started: 567_214 
2022-04-07 12:41:04,366 - processing completed: 567_214
2022-04-07 12:41:04,370 - processing started: 568_214 
2022-04-07 12:41:04,517 - processing completed: 568_214
2022-04-07 12:41:04,522 - processing started: 569_214 
2022-04-07 12:41:04,609 - processing completed: 569_214
2022-04-07 12:41:04,613 - processing started: 570_214 
2022-04-07 12:41:04,755 - processing completed: 570_214
2022-04-07 12:41:04,759 - processing started: 571_215 
2022-04-07 12:41:04,848 - processing completed: 571_215
2022-04-07 12:41:04,852 - processing started: 572_215 
2022-04-07 12:41:04,994 - processing completed: 572_215
2022-04-07 12:41:04,998 - processing started: 573_216 
2022-04-07 12:41:05,087 - processing completed: 573_216
2022-04-07 12:41:05,090 - processing started: 574_216 
2022-04-07 12:41:05,230 - processing completed: 574_216
2022-04-07 12:41:05,234 - processing started: 575_217 
2022-04-07 12:41:05,324 - processing completed: 575_217
2022-04-07 12:41:05,328 - processing started: 576_217 
2022-04-07 12:41:05,472 - processing completed: 576_217
2022-04-07 12:41:05,476 - processing started: 577_218 
2022-04-07 12:41:05,620 - processing completed: 577_218
2022-04-07 12:41:05,624 - processing started: 578_218 
2022-04-07 12:41:05,713 - processing completed: 578_218
2022-04-07 12:41:05,717 - processing started: 579_219 
2022-04-07 12:41:05,859 - processing completed: 579_219
2022-04-07 12:41:05,863 - processing started: 580_219 
2022-04-07 12:41:05,953 - processing completed: 580_219
2022-04-07 12:41:05,957 - processing started: 581_220 
2022-04-07 12:41:06,099 - processing completed: 581_220
2022-04-07 12:41:06,103 - processing started: 582_220 
2022-04-07 12:41:06,192 - processing completed: 582_220
2022-04-07 12:41:06,196 - processing started: 583_220 
2022-04-07 12:41:06,340 - processing completed: 583_220
2022-04-07 12:41:06,344 - processing started: 584_221 
2022-04-07 12:41:06,434 - processing completed: 584_221
2022-04-07 12:41:06,439 - processing started: 585_221 
2022-04-07 12:41:06,583 - processing completed: 585_221
2022-04-07 12:41:06,587 - processing started: 586_221 
2022-04-07 12:41:06,676 - processing completed: 586_221
2022-04-07 12:41:06,680 - processing started: 587_222 
2022-04-07 12:41:06,822 - processing completed: 587_222
2022-04-07 12:41:06,826 - processing started: 588_222 
2022-04-07 12:41:06,915 - processing completed: 588_222
2022-04-07 12:41:06,920 - processing started: 589_222 
2022-04-07 12:41:07,061 - processing completed: 589_222
2022-04-07 12:41:07,065 - processing started: 590_222 
2022-04-07 12:41:07,152 - processing completed: 590_222
2022-04-07 12:41:07,156 - processing started: 591_223 
2022-04-07 12:41:07,279 - processing completed: 591_223
2022-04-07 12:41:07,282 - processing started: 592_223 
2022-04-07 12:41:07,405 - processing completed: 592_223
2022-04-07 12:41:07,409 - processing started: 593_223 
2022-04-07 12:41:07,482 - processing completed: 593_223
2022-04-07 12:41:07,486 - processing started: 594_224 
2022-04-07 12:41:07,648 - processing completed: 594_224
2022-04-07 12:41:07,651 - processing started: 595_224 
2022-04-07 12:41:07,758 - processing completed: 595_224
2022-04-07 12:41:07,762 - processing started: 596_224 
2022-04-07 12:41:07,922 - processing completed: 596_224
2022-04-07 12:41:07,925 - processing started: 597_225 
2022-04-07 12:41:07,997 - processing completed: 597_225
2022-04-07 12:41:08,000 - processing started: 598_225 
2022-04-07 12:41:08,125 - processing completed: 598_225
2022-04-07 12:41:08,128 - processing started: 599_225 
2022-04-07 12:41:08,243 - processing completed: 599_225
2022-04-07 12:41:08,247 - processing started: 600_225 
2022-04-07 12:41:08,371 - processing completed: 600_225
2022-04-07 12:41:08,375 - processing started: 601_225 
2022-04-07 12:41:08,450 - processing completed: 601_225
2022-04-07 12:41:08,454 - processing started: 602_226 
2022-04-07 12:41:08,582 - processing completed: 602_226
2022-04-07 12:41:08,586 - processing started: 603_226 
2022-04-07 12:41:08,658 - processing completed: 603_226
2022-04-07 12:41:08,661 - processing started: 604_226 
2022-04-07 12:41:08,789 - processing completed: 604_226
2022-04-07 12:41:08,793 - processing started: 605_227 
2022-04-07 12:41:08,882 - processing completed: 605_227
2022-04-07 12:41:08,886 - processing started: 606_227 
2022-04-07 12:41:09,025 - processing completed: 606_227
2022-04-07 12:41:09,029 - processing started: 607_227 
2022-04-07 12:41:09,170 - processing completed: 607_227
2022-04-07 12:41:09,174 - processing started: 608_227 
2022-04-07 12:41:09,261 - processing completed: 608_227
2022-04-07 12:41:09,265 - processing started: 609_227 
2022-04-07 12:41:09,397 - processing completed: 609_227
2022-04-07 12:41:09,402 - processing started: 610_227 
2022-04-07 12:41:09,478 - processing completed: 610_227
2022-04-07 12:41:09,481 - processing started: 611_227 
2022-04-07 12:41:09,652 - processing completed: 611_227
2022-04-07 12:41:09,657 - processing started: 612_227 
2022-04-07 12:41:09,773 - processing completed: 612_227
2022-04-07 12:41:09,777 - processing started: 613_227 
2022-04-07 12:41:09,906 - processing completed: 613_227
2022-04-07 12:41:09,912 - processing started: 614_227 
2022-04-07 12:41:09,987 - processing completed: 614_227
2022-04-07 12:41:09,991 - processing started: 615_228 
2022-04-07 12:41:10,121 - processing completed: 615_228
2022-04-07 12:41:10,125 - processing started: 616_228 
2022-04-07 12:41:10,196 - processing completed: 616_228
2022-04-07 12:41:10,199 - processing started: 617_229 
2022-04-07 12:41:10,324 - processing completed: 617_229
2022-04-07 12:41:10,327 - processing started: 618_229 
2022-04-07 12:41:10,399 - processing completed: 618_229
2022-04-07 12:41:10,402 - processing started: 619_230 
2022-04-07 12:41:10,533 - processing completed: 619_230
2022-04-07 12:41:10,536 - processing started: 620_230 
2022-04-07 12:41:10,608 - processing completed: 620_230
2022-04-07 12:41:10,612 - processing started: 621_230 
2022-04-07 12:41:10,740 - processing completed: 621_230
2022-04-07 12:41:10,744 - processing started: 622_230 
2022-04-07 12:41:10,879 - processing completed: 622_230
2022-04-07 12:41:10,883 - processing started: 623_231 
2022-04-07 12:41:10,959 - processing completed: 623_231
2022-04-07 12:41:10,963 - processing started: 624_231 
2022-04-07 12:41:11,089 - processing completed: 624_231
2022-04-07 12:41:11,092 - processing started: 625_232 
2022-04-07 12:41:11,162 - processing completed: 625_232
2022-04-07 12:41:11,165 - processing started: 626_232 
2022-04-07 12:41:11,289 - processing completed: 626_232
2022-04-07 12:41:11,292 - processing started: 627_232 
2022-04-07 12:41:11,362 - processing completed: 627_232
2022-04-07 12:41:11,366 - processing started: 628_232 
2022-04-07 12:41:11,496 - processing completed: 628_232
2022-04-07 12:41:11,499 - processing started: 629_232 
2022-04-07 12:41:11,571 - processing completed: 629_232
2022-04-07 12:41:11,574 - processing started: 630_232 
2022-04-07 12:41:11,699 - processing completed: 630_232
2022-04-07 12:41:11,702 - processing started: 631_233 
2022-04-07 12:41:11,774 - processing completed: 631_233
2022-04-07 12:41:11,777 - processing started: 632_233 
2022-04-07 12:41:11,902 - processing completed: 632_233
2022-04-07 12:41:11,906 - processing started: 633_234 
2022-04-07 12:41:11,979 - processing completed: 633_234
2022-04-07 12:41:11,982 - processing started: 634_234 
2022-04-07 12:41:12,111 - processing completed: 634_234
2022-04-07 12:41:12,114 - processing started: 635_234 
2022-04-07 12:41:12,185 - processing completed: 635_234
2022-04-07 12:41:12,188 - processing started: 636_234 
2022-04-07 12:41:12,312 - processing completed: 636_234
2022-04-07 12:41:12,315 - processing started: 637_234 
2022-04-07 12:41:12,441 - processing completed: 637_234
2022-04-07 12:41:12,444 - processing started: 638_235 
2022-04-07 12:41:12,538 - processing completed: 638_235
2022-04-07 12:41:12,542 - processing started: 639_235 
2022-04-07 12:41:12,688 - processing completed: 639_235
2022-04-07 12:41:12,692 - processing started: 640_236 
2022-04-07 12:41:12,784 - processing completed: 640_236
2022-04-07 12:41:12,788 - processing started: 641_236 
2022-04-07 12:41:12,934 - processing completed: 641_236
2022-04-07 12:41:12,938 - processing started: 642_236 
2022-04-07 12:41:13,031 - processing completed: 642_236
2022-04-07 12:41:13,035 - processing started: 643_237 
2022-04-07 12:41:13,181 - processing completed: 643_237
2022-04-07 12:41:13,186 - processing started: 644_237 
2022-04-07 12:41:13,278 - processing completed: 644_237
2022-04-07 12:41:13,283 - processing started: 645_238 
2022-04-07 12:41:13,428 - processing completed: 645_238
2022-04-07 12:41:13,432 - processing started: 646_238 
2022-04-07 12:41:13,524 - processing completed: 646_238
2022-04-07 12:41:13,528 - processing started: 647_239 
2022-04-07 12:41:13,675 - processing completed: 647_239
2022-04-07 12:41:13,680 - processing started: 648_239 
2022-04-07 12:41:13,772 - processing completed: 648_239
2022-04-07 12:41:13,776 - processing started: 649_240 
2022-04-07 12:41:13,918 - processing completed: 649_240
2022-04-07 12:41:13,924 - processing started: 650_240 
2022-04-07 12:41:14,015 - processing completed: 650_240
2022-04-07 12:41:14,019 - processing started: 651_240 
2022-04-07 12:41:14,162 - processing completed: 651_240
2022-04-07 12:41:14,166 - processing started: 652_240 
2022-04-07 12:41:14,308 - processing completed: 652_240
2022-04-07 12:41:14,312 - processing started: 653_241 
2022-04-07 12:41:14,404 - processing completed: 653_241
2022-04-07 12:41:14,408 - processing started: 654_241 
2022-04-07 12:41:14,554 - processing completed: 654_241
2022-04-07 12:41:14,559 - processing started: 655_242 
2022-04-07 12:41:14,649 - processing completed: 655_242
2022-04-07 12:41:14,653 - processing started: 656_242 
2022-04-07 12:41:14,797 - processing completed: 656_242
2022-04-07 12:41:14,802 - processing started: 657_242 
2022-04-07 12:41:14,891 - processing completed: 657_242
2022-04-07 12:41:14,895 - processing started: 658_243 
2022-04-07 12:41:15,039 - processing completed: 658_243
2022-04-07 12:41:15,044 - processing started: 659_243 
2022-04-07 12:41:15,131 - processing completed: 659_243
2022-04-07 12:41:15,136 - processing started: 660_243 
2022-04-07 12:41:15,275 - processing completed: 660_243
2022-04-07 12:41:15,279 - processing started: 661_244 
2022-04-07 12:41:15,337 - processing completed: 661_244
2022-04-07 12:41:15,340 - processing started: 662_244 
2022-04-07 12:41:15,460 - processing completed: 662_244
2022-04-07 12:41:15,464 - processing started: 663_244 
2022-04-07 12:41:15,524 - processing completed: 663_244
2022-04-07 12:41:15,528 - processing started: 664_245 
2022-04-07 12:41:15,635 - processing completed: 664_245
2022-04-07 12:41:15,639 - processing started: 665_245 
2022-04-07 12:41:15,697 - processing completed: 665_245
2022-04-07 12:41:15,700 - processing started: 666_246 
2022-04-07 12:41:15,811 - processing completed: 666_246
2022-04-07 12:41:15,814 - processing started: 667_246 
2022-04-07 12:41:15,924 - processing completed: 667_246
2022-04-07 12:41:15,927 - processing started: 668_247 
2022-04-07 12:41:15,989 - processing completed: 668_247
2022-04-07 12:41:15,992 - processing started: 669_247 
2022-04-07 12:41:16,103 - processing completed: 669_247
2022-04-07 12:41:16,107 - processing started: 670_248 
2022-04-07 12:41:16,163 - processing completed: 670_248
2022-04-07 12:41:16,165 - processing started: 671_248 
2022-04-07 12:41:16,279 - processing completed: 671_248
2022-04-07 12:41:16,283 - processing started: 672_248 
2022-04-07 12:41:16,341 - processing completed: 672_248
2022-04-07 12:41:16,344 - processing started: 673_249 
2022-04-07 12:41:16,463 - processing completed: 673_249
2022-04-07 12:41:16,467 - processing started: 674_249 
2022-04-07 12:41:16,526 - processing completed: 674_249
2022-04-07 12:41:16,529 - processing started: 675_250 
2022-04-07 12:41:16,643 - processing completed: 675_250
2022-04-07 12:41:16,646 - processing started: 676_250 
2022-04-07 12:41:16,706 - processing completed: 676_250
2022-04-07 12:41:16,709 - processing started: 677_251 
2022-04-07 12:41:16,822 - processing completed: 677_251
2022-04-07 12:41:16,825 - processing started: 678_251 
2022-04-07 12:41:16,886 - processing completed: 678_251
2022-04-07 12:41:16,889 - processing started: 679_251 
2022-04-07 12:41:17,008 - processing completed: 679_251
2022-04-07 12:41:17,011 - processing started: 680_252 
2022-04-07 12:41:17,071 - processing completed: 680_252
2022-04-07 12:41:17,075 - processing started: 681_252 
2022-04-07 12:41:17,188 - processing completed: 681_252
2022-04-07 12:41:17,191 - processing started: 682_252 
2022-04-07 12:41:17,307 - processing completed: 682_252
2022-04-07 12:41:17,310 - processing started: 683_252 
2022-04-07 12:41:17,368 - processing completed: 683_252
2022-04-07 12:41:17,371 - processing started: 684_253 
2022-04-07 12:41:17,504 - processing completed: 684_253
2022-04-07 12:41:17,508 - processing started: 685_253 
2022-04-07 12:41:17,585 - processing completed: 685_253
2022-04-07 12:41:17,587 - processing started: 686_254 
2022-04-07 12:41:17,724 - processing completed: 686_254
2022-04-07 12:41:17,727 - processing started: 687_254 
2022-04-07 12:41:17,806 - processing completed: 687_254
2022-04-07 12:41:17,809 - processing started: 688_255 
2022-04-07 12:41:17,945 - processing completed: 688_255
2022-04-07 12:41:17,949 - processing started: 689_255 
2022-04-07 12:41:18,029 - processing completed: 689_255
2022-04-07 12:41:18,032 - processing started: 690_256 
2022-04-07 12:41:18,171 - processing completed: 690_256
2022-04-07 12:41:18,175 - processing started: 691_256 
2022-04-07 12:41:18,259 - processing completed: 691_256
2022-04-07 12:41:18,263 - processing started: 692_257 
2022-04-07 12:41:18,401 - processing completed: 692_257
2022-04-07 12:41:18,404 - processing started: 693_257 
2022-04-07 12:41:18,487 - processing completed: 693_257
2022-04-07 12:41:18,491 - processing started: 694_257 
2022-04-07 12:41:18,625 - processing completed: 694_257
2022-04-07 12:41:18,628 - processing started: 695_257 
2022-04-07 12:41:18,711 - processing completed: 695_257
2022-04-07 12:41:18,714 - processing started: 696_258 
2022-04-07 12:41:18,847 - processing completed: 696_258
2022-04-07 12:41:18,850 - processing started: 697_258 
2022-04-07 12:41:18,988 - processing completed: 697_258
2022-04-07 12:41:18,992 - processing started: 698_258 
2022-04-07 12:41:19,070 - processing completed: 698_258
2022-04-07 12:41:19,073 - processing started: 699_259 
2022-04-07 12:41:19,199 - processing completed: 699_259
2022-04-07 12:41:19,202 - processing started: 700_259 
2022-04-07 12:41:19,271 - processing completed: 700_259
2022-04-07 12:41:19,275 - processing started: 701_260 
2022-04-07 12:41:19,409 - processing completed: 701_260
2022-04-07 12:41:19,413 - processing started: 702_260 
2022-04-07 12:41:19,496 - processing completed: 702_260
2022-04-07 12:41:19,499 - processing started: 703_260 
2022-04-07 12:41:19,635 - processing completed: 703_260
2022-04-07 12:41:19,639 - processing started: 704_261 
2022-04-07 12:41:19,720 - processing completed: 704_261
2022-04-07 12:41:19,724 - processing started: 705_261 
2022-04-07 12:41:19,862 - processing completed: 705_261
2022-04-07 12:41:19,865 - processing started: 706_261 
2022-04-07 12:41:19,953 - processing completed: 706_261
2022-04-07 12:41:19,957 - processing started: 707_262 
2022-04-07 12:41:20,084 - processing completed: 707_262
2022-04-07 12:41:20,088 - processing started: 708_262 
2022-04-07 12:41:20,162 - processing completed: 708_262
2022-04-07 12:41:20,165 - processing started: 709_262 
2022-04-07 12:41:20,297 - processing completed: 709_262
2022-04-07 12:41:20,300 - processing started: 710_263 
2022-04-07 12:41:20,433 - processing completed: 710_263
2022-04-07 12:41:20,437 - processing started: 711_263 
2022-04-07 12:41:20,515 - processing completed: 711_263
2022-04-07 12:41:20,519 - processing started: 712_264 
2022-04-07 12:41:20,645 - processing completed: 712_264
2022-04-07 12:41:20,649 - processing started: 713_264 
2022-04-07 12:41:20,720 - processing completed: 713_264
2022-04-07 12:41:20,724 - processing started: 714_264 
2022-04-07 12:41:20,848 - processing completed: 714_264
2022-04-07 12:41:20,852 - processing started: 715_265 
2022-04-07 12:41:20,923 - processing completed: 715_265
2022-04-07 12:41:20,927 - processing started: 716_265 
2022-04-07 12:41:21,054 - processing completed: 716_265
2022-04-07 12:41:21,057 - processing started: 717_265 
2022-04-07 12:41:21,128 - processing completed: 717_265
2022-04-07 12:41:21,132 - processing started: 718_266 
2022-04-07 12:41:21,257 - processing completed: 718_266
2022-04-07 12:41:21,261 - processing started: 719_266 
2022-04-07 12:41:21,332 - processing completed: 719_266
2022-04-07 12:41:21,336 - processing started: 720_267 
2022-04-07 12:41:21,471 - processing completed: 720_267
2022-04-07 12:41:21,475 - processing started: 721_267 
2022-04-07 12:41:21,547 - processing completed: 721_267
2022-04-07 12:41:21,552 - processing started: 722_267 
2022-04-07 12:41:21,676 - processing completed: 722_267
2022-04-07 12:41:21,680 - processing started: 723_267 
2022-04-07 12:41:21,750 - processing completed: 723_267
2022-04-07 12:41:21,754 - processing started: 724_267 
2022-04-07 12:41:21,876 - processing completed: 724_267
2022-04-07 12:41:21,879 - processing started: 725_267 
2022-04-07 12:41:22,007 - processing completed: 725_267
2022-04-07 12:41:22,010 - processing started: 726_268 
2022-04-07 12:41:22,084 - processing completed: 726_268
2022-04-07 12:41:22,088 - processing started: 727_268 
2022-04-07 12:41:22,220 - processing completed: 727_268
2022-04-07 12:41:22,224 - processing started: 728_268 
2022-04-07 12:41:22,299 - processing completed: 728_268
2022-04-07 12:41:22,303 - processing started: 729_268 
2022-04-07 12:41:22,427 - processing completed: 729_268
2022-04-07 12:41:22,431 - processing started: 730_268 
2022-04-07 12:41:22,504 - processing completed: 730_268
2022-04-07 12:41:22,508 - processing started: 731_268 
2022-04-07 12:41:22,640 - processing completed: 731_268
2022-04-07 12:41:22,644 - processing started: 732_268 
2022-04-07 12:41:22,715 - processing completed: 732_268
2022-04-07 12:41:22,718 - processing started: 733_268 
2022-04-07 12:41:22,845 - processing completed: 733_268
2022-04-07 12:41:22,848 - processing started: 734_268 
2022-04-07 12:41:22,920 - processing completed: 734_268
2022-04-07 12:41:22,923 - processing started: 735_269 
2022-04-07 12:41:23,050 - processing completed: 735_269
2022-04-07 12:41:23,053 - processing started: 736_269 
2022-04-07 12:41:23,126 - processing completed: 736_269
2022-04-07 12:41:23,130 - processing started: 737_269 
2022-04-07 12:41:23,255 - processing completed: 737_269
2022-04-07 12:41:23,259 - processing started: 738_270 
2022-04-07 12:41:23,338 - processing completed: 738_270
2022-04-07 12:41:23,341 - processing started: 739_270 
2022-04-07 12:41:23,473 - processing completed: 739_270
2022-04-07 12:41:23,476 - processing started: 740_271 
2022-04-07 12:41:23,611 - processing completed: 740_271
2022-04-07 12:41:23,615 - processing started: 741_271 
2022-04-07 12:41:23,695 - processing completed: 741_271
2022-04-07 12:41:23,698 - processing started: 742_272 
2022-04-07 12:41:23,819 - processing completed: 742_272
2022-04-07 12:41:23,822 - processing started: 743_272 
2022-04-07 12:41:23,888 - processing completed: 743_272
2022-04-07 12:41:23,892 - processing started: 744_272 
2022-04-07 12:41:24,020 - processing completed: 744_272
2022-04-07 12:41:24,023 - processing started: 745_273 
2022-04-07 12:41:24,099 - processing completed: 745_273
2022-04-07 12:41:24,103 - processing started: 746_273 
2022-04-07 12:41:24,232 - processing completed: 746_273
2022-04-07 12:41:24,236 - processing started: 747_274 
2022-04-07 12:41:24,303 - processing completed: 747_274
2022-04-07 12:41:24,306 - processing started: 748_274 
2022-04-07 12:41:24,429 - processing completed: 748_274
2022-04-07 12:41:24,433 - processing started: 749_274 
2022-04-07 12:41:24,501 - processing completed: 749_274
2022-04-07 12:41:24,504 - processing started: 750_274 
2022-04-07 12:41:24,625 - processing completed: 750_274
2022-04-07 12:41:24,629 - processing started: 751_275 
2022-04-07 12:41:24,701 - processing completed: 751_275
2022-04-07 12:41:24,704 - processing started: 752_275 
2022-04-07 12:41:24,826 - processing completed: 752_275
2022-04-07 12:41:24,830 - processing started: 753_275 
2022-04-07 12:41:24,901 - processing completed: 753_275
2022-04-07 12:41:24,906 - processing started: 754_275 
2022-04-07 12:41:25,031 - processing completed: 754_275
2022-04-07 12:41:25,035 - processing started: 755_276 
2022-04-07 12:41:25,161 - processing completed: 755_276
2022-04-07 12:41:25,165 - processing started: 756_276 
2022-04-07 12:41:25,236 - processing completed: 756_276
2022-04-07 12:41:25,239 - processing started: 757_276 
2022-04-07 12:41:25,366 - processing completed: 757_276
2022-04-07 12:41:25,370 - processing started: 758_277 
2022-04-07 12:41:25,447 - processing completed: 758_277
2022-04-07 12:41:25,450 - processing started: 759_277 
2022-04-07 12:41:25,582 - processing completed: 759_277
2022-04-07 12:41:25,586 - processing started: 760_278 
2022-04-07 12:41:25,662 - processing completed: 760_278
2022-04-07 12:41:25,665 - processing started: 761_278 
2022-04-07 12:41:25,798 - processing completed: 761_278
2022-04-07 12:41:25,801 - processing started: 762_278 
2022-04-07 12:41:25,879 - processing completed: 762_278
2022-04-07 12:41:25,882 - processing started: 763_279 
2022-04-07 12:41:26,016 - processing completed: 763_279
2022-04-07 12:41:26,020 - processing started: 764_279 
2022-04-07 12:41:26,093 - processing completed: 764_279
2022-04-07 12:41:26,096 - processing started: 765_280 
2022-04-07 12:41:26,209 - processing completed: 765_280
2022-04-07 12:41:26,212 - processing started: 766_280 
2022-04-07 12:41:26,278 - processing completed: 766_280
2022-04-07 12:41:26,281 - processing started: 767_280 
2022-04-07 12:41:26,398 - processing completed: 767_280
2022-04-07 12:41:26,401 - processing started: 768_281 
2022-04-07 12:41:26,468 - processing completed: 768_281
2022-04-07 12:41:26,471 - processing started: 769_281 
2022-04-07 12:41:26,589 - processing completed: 769_281
2022-04-07 12:41:26,592 - processing started: 770_282 
2022-04-07 12:41:26,709 - processing completed: 770_282
2022-04-07 12:41:26,712 - processing started: 771_282 
2022-04-07 12:41:26,774 - processing completed: 771_282
2022-04-07 12:41:26,778 - processing started: 772_283 
2022-04-07 12:41:26,901 - processing completed: 772_283
2022-04-07 12:41:26,905 - processing started: 773_283 
2022-04-07 12:41:26,976 - processing completed: 773_283
2022-04-07 12:41:26,979 - processing started: 774_284 
2022-04-07 12:41:27,093 - processing completed: 774_284
2022-04-07 12:41:27,096 - processing started: 775_284 
2022-04-07 12:41:27,153 - processing completed: 775_284
2022-04-07 12:41:27,157 - processing started: 776_285 
2022-04-07 12:41:27,273 - processing completed: 776_285
2022-04-07 12:41:27,276 - processing started: 777_285 
2022-04-07 12:41:27,341 - processing completed: 777_285
2022-04-07 12:41:27,344 - processing started: 778_285 
2022-04-07 12:41:27,470 - processing completed: 778_285
2022-04-07 12:41:27,473 - processing started: 779_286 
2022-04-07 12:41:27,598 - processing completed: 779_286
2022-04-07 12:41:27,602 - processing started: 780_286 
2022-04-07 12:41:27,782 - processing completed: 780_286
2022-04-07 12:41:27,786 - processing started: 781_287 
2022-04-07 12:41:27,848 - processing completed: 781_287
2022-04-07 12:41:27,851 - processing started: 782_287 
2022-04-07 12:41:27,967 - processing completed: 782_287
2022-04-07 12:41:27,971 - processing started: 783_288 
2022-04-07 12:41:28,032 - processing completed: 783_288
2022-04-07 12:41:28,035 - processing started: 784_288 
2022-04-07 12:41:28,147 - processing completed: 784_288
2022-04-07 12:41:28,151 - processing started: 785_289 
2022-04-07 12:41:28,265 - processing completed: 785_289
2022-04-07 12:41:28,268 - processing started: 786_289 
2022-04-07 12:41:28,330 - processing completed: 786_289
2022-04-07 12:41:28,333 - processing started: 787_290 
2022-04-07 12:41:28,456 - processing completed: 787_290
2022-04-07 12:41:28,458 - processing started: 788_290 
2022-04-07 12:41:28,522 - processing completed: 788_290
2022-04-07 12:41:28,525 - processing started: 789_290 
2022-04-07 12:41:28,642 - processing completed: 789_290
2022-04-07 12:41:28,645 - processing started: 790_290 
2022-04-07 12:41:28,706 - processing completed: 790_290
2022-04-07 12:41:28,709 - processing started: 791_291 
2022-04-07 12:41:28,826 - processing completed: 791_291
2022-04-07 12:41:28,829 - processing started: 792_291 
2022-04-07 12:41:28,890 - processing completed: 792_291
2022-04-07 12:41:28,892 - processing started: 793_292 
2022-04-07 12:41:29,010 - processing completed: 793_292
2022-04-07 12:41:29,013 - processing started: 794_292 
2022-04-07 12:41:29,075 - processing completed: 794_292
2022-04-07 12:41:29,078 - processing started: 795_292 
2022-04-07 12:41:29,193 - processing completed: 795_292
2022-04-07 12:41:29,196 - processing started: 796_293 
2022-04-07 12:41:29,234 - processing completed: 796_293
2022-04-07 12:41:29,236 - processing started: 797_293 
2022-04-07 12:41:29,325 - processing completed: 797_293
2022-04-07 12:41:29,328 - processing started: 798_294 
2022-04-07 12:41:29,366 - processing completed: 798_294
2022-04-07 12:41:29,369 - processing started: 799_294 
2022-04-07 12:41:29,463 - processing completed: 799_294
2022-04-07 12:41:29,466 - processing started: 800_295 
2022-04-07 12:41:29,582 - processing completed: 800_295
2022-04-07 12:41:29,585 - processing started: 801_295 
2022-04-07 12:41:29,644 - processing completed: 801_295
2022-04-07 12:41:29,647 - processing started: 802_296 
2022-04-07 12:41:29,766 - processing completed: 802_296
2022-04-07 12:41:29,769 - processing started: 803_296 
2022-04-07 12:41:29,833 - processing completed: 803_296
2022-04-07 12:41:29,836 - processing started: 804_296 
2022-04-07 12:41:29,959 - processing completed: 804_296
2022-04-07 12:41:29,961 - processing started: 805_297 
2022-04-07 12:41:30,084 - processing completed: 805_297
2022-04-07 12:41:30,088 - processing started: 806_297 
2022-04-07 12:41:30,263 - processing completed: 806_297
2022-04-07 12:41:30,267 - processing started: 807_298 
2022-04-07 12:41:30,329 - processing completed: 807_298
2022-04-07 12:41:30,331 - processing started: 808_298 
2022-04-07 12:41:30,449 - processing completed: 808_298
2022-04-07 12:41:30,452 - processing started: 809_298 
2022-04-07 12:41:30,516 - processing completed: 809_298
2022-04-07 12:41:30,518 - processing started: 810_299 
2022-04-07 12:41:30,632 - processing completed: 810_299
2022-04-07 12:41:30,634 - processing started: 811_299 
2022-04-07 12:41:30,694 - processing completed: 811_299
2022-04-07 12:41:30,697 - processing started: 0_0 
2022-04-07 12:41:30,697 - Closing connection (200): Normal shutdown
2022-04-07 12:41:30,698 - Closing channel (200): 'Normal shutdown' on <Channel number=1 OPEN conn=<SelectConnection OPEN transport=<pika.adapters.utils.io_services_utils._AsyncPlaintextTransport object at 0x11d757910> params=<ConnectionParameters host=localhost port=5672 virtual_host=/ ssl=False>>>
2022-04-07 12:41:30,698 - Received <Channel.CloseOk> on <Channel number=1 CLOSING conn=<SelectConnection OPEN transport=<pika.adapters.utils.io_services_utils._AsyncPlaintextTransport object at 0x11d757910> params=<ConnectionParameters host=localhost port=5672 virtual_host=/ ssl=False>>>
2022-04-07 12:41:30,698 - Closing connection (200): 'Normal shutdown'
2022-04-07 12:41:30,699 - Aborting transport connection: state=1; <socket.socket fd=9, family=AddressFamily.AF_INET, type=SocketKind.SOCK_STREAM, proto=6, laddr=('127.0.0.1', 61577), raddr=('127.0.0.1', 5672)>
2022-04-07 12:41:30,699 - _AsyncTransportBase._initate_abort(): Initiating abrupt asynchronous transport shutdown: state=1; error=None; <socket.socket fd=9, family=AddressFamily.AF_INET, type=SocketKind.SOCK_STREAM, proto=6, laddr=('127.0.0.1', 61577), raddr=('127.0.0.1', 5672)>
2022-04-07 12:41:30,699 - Deactivating transport: state=1; <socket.socket fd=9, family=AddressFamily.AF_INET, type=SocketKind.SOCK_STREAM, proto=6, laddr=('127.0.0.1', 61577), raddr=('127.0.0.1', 5672)>
2022-04-07 12:41:30,699 - AMQP stack terminated, failed to connect, or aborted: opened=True, error-arg=None; pending-error=ConnectionClosedByClient: (200) 'Normal shutdown'
2022-04-07 12:41:30,699 - Stack terminated due to ConnectionClosedByClient: (200) 'Normal shutdown'
2022-04-07 12:41:30,699 - Closing transport socket and unlinking: state=3; <socket.socket fd=9, family=AddressFamily.AF_INET, type=SocketKind.SOCK_STREAM, proto=6, laddr=('127.0.0.1', 61577), raddr=('127.0.0.1', 5672)>
2022-04-07 12:41:30,700 - User-initiated close: result=BlockingConnection__OnClosedArgs(connection=<SelectConnection CLOSED transport=None params=<ConnectionParameters host=localhost port=5672 virtual_host=/ ssl=False>>, error=ConnectionClosedByClient: (200) 'Normal shutdown')
2022-04-07 12:41:30,700 - PID 8808 completed loading and processing
2022-04-07 12:41:30,702 - Pika version 1.2.0 connecting to ('::1', 5672, 0, 0)
2022-04-07 12:41:30,702 - Socket failed to connect: <socket.socket fd=9, family=AddressFamily.AF_INET6, type=SocketKind.SOCK_STREAM, proto=6, laddr=('::1', 61587, 0, 0)>; error=61 (Connection refused)
2022-04-07 12:41:30,703 - TCP Connection attempt failed: ConnectionRefusedError(61, 'Connection refused'); dest=(<AddressFamily.AF_INET6: 30>, <SocketKind.SOCK_STREAM: 1>, 6, '', ('::1', 5672, 0, 0))
2022-04-07 12:41:30,703 - AMQPConnector - reporting failure: AMQPConnectorSocketConnectError: ConnectionRefusedError(61, 'Connection refused')
2022-04-07 12:41:30,703 - Pika version 1.2.0 connecting to ('127.0.0.1', 5672)
2022-04-07 12:41:30,703 - Socket connected: <socket.socket fd=9, family=AddressFamily.AF_INET, type=SocketKind.SOCK_STREAM, proto=6, laddr=('127.0.0.1', 61588), raddr=('127.0.0.1', 5672)>
2022-04-07 12:41:30,703 - Streaming transport linked up: (<pika.adapters.utils.io_services_utils._AsyncPlaintextTransport object at 0x11e200be0>, _StreamingProtocolShim: <SelectConnection PROTOCOL transport=<pika.adapters.utils.io_services_utils._AsyncPlaintextTransport object at 0x11e200be0> params=<ConnectionParameters host=localhost port=5672 virtual_host=/ ssl=False>>).
2022-04-07 12:41:30,718 - AMQPConnector - reporting success: <SelectConnection OPEN transport=<pika.adapters.utils.io_services_utils._AsyncPlaintextTransport object at 0x11e200be0> params=<ConnectionParameters host=localhost port=5672 virtual_host=/ ssl=False>>
2022-04-07 12:41:30,718 - AMQPConnectionWorkflow - reporting success: <SelectConnection OPEN transport=<pika.adapters.utils.io_services_utils._AsyncPlaintextTransport object at 0x11e200be0> params=<ConnectionParameters host=localhost port=5672 virtual_host=/ ssl=False>>
2022-04-07 12:41:30,718 - Connection workflow succeeded: <SelectConnection OPEN transport=<pika.adapters.utils.io_services_utils._AsyncPlaintextTransport object at 0x11e200be0> params=<ConnectionParameters host=localhost port=5672 virtual_host=/ ssl=False>>
2022-04-07 12:41:30,718 - Created channel=1
2022-04-07 12:41:30,720 - Closing connection (200): Normal shutdown
2022-04-07 12:41:30,720 - Closing channel (200): 'Normal shutdown' on <Channel number=1 OPEN conn=<SelectConnection OPEN transport=<pika.adapters.utils.io_services_utils._AsyncPlaintextTransport object at 0x11e200be0> params=<ConnectionParameters host=localhost port=5672 virtual_host=/ ssl=False>>>
2022-04-07 12:41:30,720 - Received <Channel.CloseOk> on <Channel number=1 CLOSING conn=<SelectConnection OPEN transport=<pika.adapters.utils.io_services_utils._AsyncPlaintextTransport object at 0x11e200be0> params=<ConnectionParameters host=localhost port=5672 virtual_host=/ ssl=False>>>
2022-04-07 12:41:30,720 - Closing connection (200): 'Normal shutdown'
2022-04-07 12:41:30,721 - Aborting transport connection: state=1; <socket.socket fd=9, family=AddressFamily.AF_INET, type=SocketKind.SOCK_STREAM, proto=6, laddr=('127.0.0.1', 61588), raddr=('127.0.0.1', 5672)>
2022-04-07 12:41:30,721 - _AsyncTransportBase._initate_abort(): Initiating abrupt asynchronous transport shutdown: state=1; error=None; <socket.socket fd=9, family=AddressFamily.AF_INET, type=SocketKind.SOCK_STREAM, proto=6, laddr=('127.0.0.1', 61588), raddr=('127.0.0.1', 5672)>
2022-04-07 12:41:30,721 - Deactivating transport: state=1; <socket.socket fd=9, family=AddressFamily.AF_INET, type=SocketKind.SOCK_STREAM, proto=6, laddr=('127.0.0.1', 61588), raddr=('127.0.0.1', 5672)>
2022-04-07 12:41:30,721 - AMQP stack terminated, failed to connect, or aborted: opened=True, error-arg=None; pending-error=ConnectionClosedByClient: (200) 'Normal shutdown'
2022-04-07 12:41:30,721 - Stack terminated due to ConnectionClosedByClient: (200) 'Normal shutdown'
2022-04-07 12:41:30,721 - Closing transport socket and unlinking: state=3; <socket.socket fd=9, family=AddressFamily.AF_INET, type=SocketKind.SOCK_STREAM, proto=6, laddr=('127.0.0.1', 61588), raddr=('127.0.0.1', 5672)>
2022-04-07 12:41:30,721 - User-initiated close: result=BlockingConnection__OnClosedArgs(connection=<SelectConnection CLOSED transport=None params=<ConnectionParameters host=localhost port=5672 virtual_host=/ ssl=False>>, error=ConnectionClosedByClient: (200) 'Normal shutdown')
