2022-04-07 12:34:35,386 - PID 7683 started loading and processing
2022-04-07 12:34:35,389 - Pika version 1.2.0 connecting to ('::1', 5672, 0, 0)
2022-04-07 12:34:35,389 - Socket failed to connect: <socket.socket fd=9, family=AddressFamily.AF_INET6, type=SocketKind.SOCK_STREAM, proto=6, laddr=('::1', 61495, 0, 0)>; error=61 (Connection refused)
2022-04-07 12:34:35,389 - TCP Connection attempt failed: ConnectionRefusedError(61, 'Connection refused'); dest=(<AddressFamily.AF_INET6: 30>, <SocketKind.SOCK_STREAM: 1>, 6, '', ('::1', 5672, 0, 0))
2022-04-07 12:34:35,389 - AMQPConnector - reporting failure: AMQPConnectorSocketConnectError: ConnectionRefusedError(61, 'Connection refused')
2022-04-07 12:34:35,389 - Pika version 1.2.0 connecting to ('127.0.0.1', 5672)
2022-04-07 12:34:35,390 - Socket connected: <socket.socket fd=9, family=AddressFamily.AF_INET, type=SocketKind.SOCK_STREAM, proto=6, laddr=('127.0.0.1', 61496), raddr=('127.0.0.1', 5672)>
2022-04-07 12:34:35,391 - Streaming transport linked up: (<pika.adapters.utils.io_services_utils._AsyncPlaintextTransport object at 0x116569910>, _StreamingProtocolShim: <SelectConnection PROTOCOL transport=<pika.adapters.utils.io_services_utils._AsyncPlaintextTransport object at 0x116569910> params=<ConnectionParameters host=localhost port=5672 virtual_host=/ ssl=False>>).
2022-04-07 12:34:35,395 - AMQPConnector - reporting success: <SelectConnection OPEN transport=<pika.adapters.utils.io_services_utils._AsyncPlaintextTransport object at 0x116569910> params=<ConnectionParameters host=localhost port=5672 virtual_host=/ ssl=False>>
2022-04-07 12:34:35,396 - AMQPConnectionWorkflow - reporting success: <SelectConnection OPEN transport=<pika.adapters.utils.io_services_utils._AsyncPlaintextTransport object at 0x116569910> params=<ConnectionParameters host=localhost port=5672 virtual_host=/ ssl=False>>
2022-04-07 12:34:35,396 - Connection workflow succeeded: <SelectConnection OPEN transport=<pika.adapters.utils.io_services_utils._AsyncPlaintextTransport object at 0x116569910> params=<ConnectionParameters host=localhost port=5672 virtual_host=/ ssl=False>>
2022-04-07 12:34:35,396 - Created channel=1
2022-04-07 12:34:35,421 - Logging before start consuming
2022-04-07 12:34:35,421 - processing started: 0_000 
2022-04-07 12:34:35,583 - processing completed: 0_000
2022-04-07 12:34:35,597 - processing started: 1_000 
2022-04-07 12:34:35,792 - processing completed: 1_000
2022-04-07 12:34:35,798 - processing started: 2_000 
2022-04-07 12:34:36,007 - processing completed: 2_000
2022-04-07 12:34:36,012 - processing started: 3_001 
2022-04-07 12:34:36,160 - processing completed: 3_001
2022-04-07 12:34:36,166 - processing started: 4_001 
2022-04-07 12:34:36,367 - processing completed: 4_001
2022-04-07 12:34:36,372 - processing started: 5_002 
2022-04-07 12:34:36,531 - processing completed: 5_002
2022-04-07 12:34:36,537 - processing started: 6_002 
2022-04-07 12:34:36,757 - processing completed: 6_002
2022-04-07 12:34:36,762 - processing started: 7_003 
2022-04-07 12:34:36,908 - processing completed: 7_003
2022-04-07 12:34:36,914 - processing started: 8_003 
2022-04-07 12:34:37,115 - processing completed: 8_003
2022-04-07 12:34:37,120 - processing started: 9_003 
2022-04-07 12:34:37,260 - processing completed: 9_003
2022-04-07 12:34:37,266 - processing started: 10_004 
2022-04-07 12:34:37,469 - processing completed: 10_004
2022-04-07 12:34:37,474 - processing started: 11_004 
2022-04-07 12:34:37,511 - processing completed: 11_004
2022-04-07 12:34:37,514 - processing started: 12_005 
2022-04-07 12:34:37,712 - processing completed: 12_005
2022-04-07 12:34:37,717 - processing started: 13_005 
2022-04-07 12:34:37,855 - processing completed: 13_005
2022-04-07 12:34:37,861 - processing started: 14_005 
2022-04-07 12:34:38,071 - processing completed: 14_005
2022-04-07 12:34:38,076 - processing started: 15_005 
2022-04-07 12:34:38,215 - processing completed: 15_005
2022-04-07 12:34:38,220 - processing started: 16_006 
2022-04-07 12:34:38,419 - processing completed: 16_006
2022-04-07 12:34:38,425 - processing started: 17_006 
2022-04-07 12:34:38,561 - processing completed: 17_006
2022-04-07 12:34:38,565 - processing started: 18_007 
2022-04-07 12:34:38,711 - processing completed: 18_007
2022-04-07 12:34:38,717 - processing started: 19_007 
2022-04-07 12:34:38,917 - processing completed: 19_007
2022-04-07 12:34:38,922 - processing started: 20_008 
2022-04-07 12:34:39,044 - processing completed: 20_008
2022-04-07 12:34:39,049 - processing started: 21_008 
2022-04-07 12:34:39,253 - processing completed: 21_008
2022-04-07 12:34:39,258 - processing started: 22_009 
2022-04-07 12:34:39,400 - processing completed: 22_009
2022-04-07 12:34:39,405 - processing started: 23_009 
2022-04-07 12:34:39,622 - processing completed: 23_009
2022-04-07 12:34:39,627 - processing started: 24_009 
2022-04-07 12:34:39,782 - processing completed: 24_009
2022-04-07 12:34:39,788 - processing started: 25_010 
2022-04-07 12:34:39,992 - processing completed: 25_010
2022-04-07 12:34:39,997 - processing started: 26_010 
2022-04-07 12:34:40,144 - processing completed: 26_010
2022-04-07 12:34:40,150 - processing started: 27_011 
2022-04-07 12:34:40,373 - processing completed: 27_011
2022-04-07 12:34:40,379 - processing started: 28_011 
2022-04-07 12:34:40,537 - processing completed: 28_011
2022-04-07 12:34:40,543 - processing started: 29_012 
2022-04-07 12:34:40,651 - processing completed: 29_012
2022-04-07 12:34:40,654 - processing started: 30_012 
2022-04-07 12:34:40,713 - processing completed: 30_012
2022-04-07 12:34:40,716 - processing started: 31_013 
2022-04-07 12:34:40,875 - processing completed: 31_013
2022-04-07 12:34:40,880 - processing started: 32_013 
2022-04-07 12:34:41,044 - processing completed: 32_013
2022-04-07 12:34:41,048 - processing started: 33_014 
2022-04-07 12:34:41,125 - processing completed: 33_014
2022-04-07 12:34:41,129 - processing started: 34_014 
2022-04-07 12:34:41,264 - processing completed: 34_014
2022-04-07 12:34:41,268 - processing started: 35_014 
2022-04-07 12:34:41,341 - processing completed: 35_014
2022-04-07 12:34:41,345 - processing started: 36_014 
2022-04-07 12:34:41,475 - processing completed: 36_014
2022-04-07 12:34:41,479 - processing started: 37_014 
2022-04-07 12:34:41,565 - processing completed: 37_014
2022-04-07 12:34:41,569 - processing started: 38_015 
2022-04-07 12:34:41,709 - processing completed: 38_015
2022-04-07 12:34:41,712 - processing started: 39_015 
2022-04-07 12:34:41,788 - processing completed: 39_015
2022-04-07 12:34:41,793 - processing started: 40_015 
2022-04-07 12:34:41,933 - processing completed: 40_015
2022-04-07 12:34:41,936 - processing started: 41_015 
2022-04-07 12:34:42,017 - processing completed: 41_015
2022-04-07 12:34:42,021 - processing started: 42_015 
2022-04-07 12:34:42,151 - processing completed: 42_015
2022-04-07 12:34:42,155 - processing started: 43_016 
2022-04-07 12:34:42,230 - processing completed: 43_016
2022-04-07 12:34:42,233 - processing started: 44_016 
2022-04-07 12:34:42,367 - processing completed: 44_016
2022-04-07 12:34:42,371 - processing started: 45_017 
2022-04-07 12:34:42,454 - processing completed: 45_017
2022-04-07 12:34:42,459 - processing started: 46_017 
2022-04-07 12:34:42,601 - processing completed: 46_017
2022-04-07 12:34:42,606 - processing started: 47_017 
2022-04-07 12:34:42,747 - processing completed: 47_017
2022-04-07 12:34:42,751 - processing started: 48_018 
2022-04-07 12:34:42,829 - processing completed: 48_018
2022-04-07 12:34:42,847 - processing started: 49_018 
2022-04-07 12:34:42,980 - processing completed: 49_018
2022-04-07 12:34:42,984 - processing started: 50_019 
2022-04-07 12:34:43,067 - processing completed: 50_019
2022-04-07 12:34:43,071 - processing started: 51_019 
2022-04-07 12:34:43,202 - processing completed: 51_019
2022-04-07 12:34:43,206 - processing started: 52_020 
2022-04-07 12:34:43,283 - processing completed: 52_020
2022-04-07 12:34:43,286 - processing started: 53_020 
2022-04-07 12:34:43,459 - processing completed: 53_020
2022-04-07 12:34:43,464 - processing started: 54_021 
2022-04-07 12:34:43,559 - processing completed: 54_021
2022-04-07 12:34:43,564 - processing started: 55_021 
2022-04-07 12:34:43,735 - processing completed: 55_021
2022-04-07 12:34:43,739 - processing started: 56_022 
2022-04-07 12:34:43,872 - processing completed: 56_022
2022-04-07 12:34:43,878 - processing started: 57_022 
2022-04-07 12:34:44,041 - processing completed: 57_022
2022-04-07 12:34:44,044 - processing started: 58_022 
2022-04-07 12:34:44,175 - processing completed: 58_022
2022-04-07 12:34:44,182 - processing started: 59_023 
2022-04-07 12:34:44,360 - processing completed: 59_023
2022-04-07 12:34:44,365 - processing started: 60_023 
2022-04-07 12:34:44,517 - processing completed: 60_023
2022-04-07 12:34:44,520 - processing started: 61_023 
2022-04-07 12:34:44,602 - processing completed: 61_023
2022-04-07 12:34:44,605 - processing started: 62_023 
2022-04-07 12:34:44,744 - processing completed: 62_023
2022-04-07 12:34:44,747 - processing started: 63_024 
2022-04-07 12:34:44,832 - processing completed: 63_024
2022-04-07 12:34:44,837 - processing started: 64_024 
2022-04-07 12:34:44,974 - processing completed: 64_024
2022-04-07 12:34:44,978 - processing started: 65_024 
2022-04-07 12:34:45,070 - processing completed: 65_024
2022-04-07 12:34:45,073 - processing started: 66_025 
2022-04-07 12:34:45,211 - processing completed: 66_025
2022-04-07 12:34:45,215 - processing started: 67_025 
2022-04-07 12:34:45,295 - processing completed: 67_025
2022-04-07 12:34:45,299 - processing started: 68_026 
2022-04-07 12:34:45,435 - processing completed: 68_026
2022-04-07 12:34:45,439 - processing started: 69_026 
2022-04-07 12:34:45,526 - processing completed: 69_026
2022-04-07 12:34:45,531 - processing started: 70_027 
2022-04-07 12:34:45,668 - processing completed: 70_027
2022-04-07 12:34:45,671 - processing started: 71_027 
2022-04-07 12:34:45,750 - processing completed: 71_027
2022-04-07 12:34:45,754 - processing started: 72_028 
2022-04-07 12:34:45,885 - processing completed: 72_028
2022-04-07 12:34:45,889 - processing started: 73_028 
2022-04-07 12:34:45,963 - processing completed: 73_028
2022-04-07 12:34:45,966 - processing started: 74_028 
2022-04-07 12:34:46,109 - processing completed: 74_028
2022-04-07 12:34:46,112 - processing started: 75_029 
2022-04-07 12:34:46,248 - processing completed: 75_029
2022-04-07 12:34:46,251 - processing started: 76_029 
2022-04-07 12:34:46,332 - processing completed: 76_029
2022-04-07 12:34:46,335 - processing started: 77_030 
2022-04-07 12:34:46,475 - processing completed: 77_030
2022-04-07 12:34:46,479 - processing started: 78_030 
2022-04-07 12:34:46,560 - processing completed: 78_030
2022-04-07 12:34:46,563 - processing started: 79_030 
2022-04-07 12:34:46,699 - processing completed: 79_030
2022-04-07 12:34:46,702 - processing started: 80_031 
2022-04-07 12:34:46,787 - processing completed: 80_031
2022-04-07 12:34:46,790 - processing started: 81_031 
2022-04-07 12:34:46,944 - processing completed: 81_031
2022-04-07 12:34:46,948 - processing started: 82_031 
2022-04-07 12:34:47,036 - processing completed: 82_031
2022-04-07 12:34:47,040 - processing started: 83_032 
2022-04-07 12:34:47,215 - processing completed: 83_032
2022-04-07 12:34:47,219 - processing started: 84_032 
2022-04-07 12:34:47,336 - processing completed: 84_032
2022-04-07 12:34:47,340 - processing started: 85_032 
2022-04-07 12:34:47,508 - processing completed: 85_032
2022-04-07 12:34:47,512 - processing started: 86_032 
2022-04-07 12:34:47,627 - processing completed: 86_032
2022-04-07 12:34:47,631 - processing started: 87_032 
2022-04-07 12:34:47,815 - processing completed: 87_032
2022-04-07 12:34:47,819 - processing started: 88_033 
2022-04-07 12:34:47,898 - processing completed: 88_033
2022-04-07 12:34:47,901 - processing started: 89_033 
2022-04-07 12:34:48,040 - processing completed: 89_033
2022-04-07 12:34:48,043 - processing started: 90_033 
2022-04-07 12:34:48,186 - processing completed: 90_033
2022-04-07 12:34:48,190 - processing started: 91_033 
2022-04-07 12:34:48,273 - processing completed: 91_033
2022-04-07 12:34:48,276 - processing started: 92_033 
2022-04-07 12:34:48,416 - processing completed: 92_033
2022-04-07 12:34:48,419 - processing started: 93_034 
2022-04-07 12:34:48,504 - processing completed: 93_034
2022-04-07 12:34:48,507 - processing started: 94_034 
2022-04-07 12:34:48,648 - processing completed: 94_034
2022-04-07 12:34:48,652 - processing started: 95_035 
2022-04-07 12:34:48,733 - processing completed: 95_035
2022-04-07 12:34:48,737 - processing started: 96_035 
2022-04-07 12:34:48,878 - processing completed: 96_035
2022-04-07 12:34:48,882 - processing started: 97_035 
2022-04-07 12:34:48,962 - processing completed: 97_035
2022-04-07 12:34:48,965 - processing started: 98_035 
2022-04-07 12:34:49,107 - processing completed: 98_035
2022-04-07 12:34:49,112 - processing started: 99_036 
2022-04-07 12:34:49,201 - processing completed: 99_036
2022-04-07 12:34:49,204 - processing started: 100_036 
2022-04-07 12:34:49,342 - processing completed: 100_036
2022-04-07 12:34:49,345 - processing started: 101_037 
2022-04-07 12:34:49,429 - processing completed: 101_037
2022-04-07 12:34:49,433 - processing started: 102_037 
2022-04-07 12:34:49,579 - processing completed: 102_037
2022-04-07 12:34:49,582 - processing started: 103_037 
2022-04-07 12:34:49,666 - processing completed: 103_037
2022-04-07 12:34:49,669 - processing started: 104_038 
2022-04-07 12:34:49,806 - processing completed: 104_038
2022-04-07 12:34:49,809 - processing started: 105_038 
2022-04-07 12:34:49,957 - processing completed: 105_038
2022-04-07 12:34:49,960 - processing started: 106_039 
2022-04-07 12:34:50,048 - processing completed: 106_039
2022-04-07 12:34:50,052 - processing started: 107_039 
2022-04-07 12:34:50,196 - processing completed: 107_039
2022-04-07 12:34:50,199 - processing started: 108_039 
2022-04-07 12:34:50,283 - processing completed: 108_039
2022-04-07 12:34:50,286 - processing started: 109_040 
2022-04-07 12:34:50,428 - processing completed: 109_040
2022-04-07 12:34:50,432 - processing started: 110_040 
2022-04-07 12:34:50,515 - processing completed: 110_040
2022-04-07 12:34:50,518 - processing started: 111_040 
2022-04-07 12:34:50,657 - processing completed: 111_040
2022-04-07 12:34:50,660 - processing started: 112_040 
2022-04-07 12:34:50,741 - processing completed: 112_040
2022-04-07 12:34:50,744 - processing started: 113_040 
2022-04-07 12:34:50,885 - processing completed: 113_040
2022-04-07 12:34:50,888 - processing started: 114_040 
2022-04-07 12:34:50,973 - processing completed: 114_040
2022-04-07 12:34:50,976 - processing started: 115_040 
2022-04-07 12:34:51,117 - processing completed: 115_040
2022-04-07 12:34:51,121 - processing started: 116_041 
2022-04-07 12:34:51,203 - processing completed: 116_041
2022-04-07 12:34:51,206 - processing started: 117_041 
2022-04-07 12:34:51,342 - processing completed: 117_041
2022-04-07 12:34:51,346 - processing started: 118_042 
2022-04-07 12:34:51,425 - processing completed: 118_042
2022-04-07 12:34:51,428 - processing started: 119_042 
2022-04-07 12:34:51,563 - processing completed: 119_042
2022-04-07 12:34:51,566 - processing started: 120_042 
2022-04-07 12:34:51,701 - processing completed: 120_042
2022-04-07 12:34:51,705 - processing started: 121_042 
2022-04-07 12:34:51,786 - processing completed: 121_042
2022-04-07 12:34:51,789 - processing started: 122_043 
2022-04-07 12:34:51,927 - processing completed: 122_043
2022-04-07 12:34:51,931 - processing started: 123_043 
2022-04-07 12:34:52,021 - processing completed: 123_043
2022-04-07 12:34:52,025 - processing started: 124_044 
2022-04-07 12:34:52,174 - processing completed: 124_044
2022-04-07 12:34:52,177 - processing started: 125_044 
2022-04-07 12:34:52,258 - processing completed: 125_044
2022-04-07 12:34:52,261 - processing started: 126_044 
2022-04-07 12:34:52,394 - processing completed: 126_044
2022-04-07 12:34:52,397 - processing started: 127_045 
2022-04-07 12:34:52,477 - processing completed: 127_045
2022-04-07 12:34:52,480 - processing started: 128_045 
2022-04-07 12:34:52,623 - processing completed: 128_045
2022-04-07 12:34:52,626 - processing started: 129_045 
2022-04-07 12:34:52,710 - processing completed: 129_045
2022-04-07 12:34:52,713 - processing started: 130_046 
2022-04-07 12:34:52,861 - processing completed: 130_046
2022-04-07 12:34:52,866 - processing started: 131_046 
2022-04-07 12:34:52,946 - processing completed: 131_046
2022-04-07 12:34:52,949 - processing started: 132_047 
2022-04-07 12:34:53,100 - processing completed: 132_047
2022-04-07 12:34:53,104 - processing started: 133_047 
2022-04-07 12:34:53,189 - processing completed: 133_047
2022-04-07 12:34:53,192 - processing started: 134_048 
2022-04-07 12:34:53,343 - processing completed: 134_048
2022-04-07 12:34:53,346 - processing started: 135_048 
2022-04-07 12:34:53,483 - processing completed: 135_048
2022-04-07 12:34:53,486 - processing started: 136_048 
2022-04-07 12:34:53,569 - processing completed: 136_048
2022-04-07 12:34:53,572 - processing started: 137_049 
2022-04-07 12:34:53,714 - processing completed: 137_049
2022-04-07 12:34:53,717 - processing started: 138_049 
2022-04-07 12:34:53,806 - processing completed: 138_049
2022-04-07 12:34:53,810 - processing started: 139_049 
2022-04-07 12:34:53,973 - processing completed: 139_049
2022-04-07 12:34:53,977 - processing started: 140_050 
2022-04-07 12:34:54,066 - processing completed: 140_050
2022-04-07 12:34:54,069 - processing started: 141_050 
2022-04-07 12:34:54,217 - processing completed: 141_050
2022-04-07 12:34:54,220 - processing started: 142_050 
2022-04-07 12:34:54,303 - processing completed: 142_050
2022-04-07 12:34:54,306 - processing started: 143_051 
2022-04-07 12:34:54,458 - processing completed: 143_051
2022-04-07 12:34:54,461 - processing started: 144_051 
2022-04-07 12:34:54,551 - processing completed: 144_051
2022-04-07 12:34:54,555 - processing started: 145_051 
2022-04-07 12:34:54,702 - processing completed: 145_051
2022-04-07 12:34:54,705 - processing started: 146_051 
2022-04-07 12:34:54,794 - processing completed: 146_051
2022-04-07 12:34:54,797 - processing started: 147_051 
2022-04-07 12:34:54,941 - processing completed: 147_051
2022-04-07 12:34:54,944 - processing started: 148_052 
2022-04-07 12:34:55,034 - processing completed: 148_052
2022-04-07 12:34:55,038 - processing started: 149_052 
2022-04-07 12:34:55,184 - processing completed: 149_052
2022-04-07 12:34:55,187 - processing started: 150_053 
2022-04-07 12:34:55,337 - processing completed: 150_053
2022-04-07 12:34:55,341 - processing started: 151_053 
2022-04-07 12:34:55,428 - processing completed: 151_053
2022-04-07 12:34:55,432 - processing started: 152_054 
2022-04-07 12:34:55,581 - processing completed: 152_054
2022-04-07 12:34:55,584 - processing started: 153_054 
2022-04-07 12:34:55,673 - processing completed: 153_054
2022-04-07 12:34:55,676 - processing started: 154_055 
2022-04-07 12:34:55,825 - processing completed: 154_055
2022-04-07 12:34:55,829 - processing started: 155_055 
2022-04-07 12:34:55,913 - processing completed: 155_055
2022-04-07 12:34:55,916 - processing started: 156_056 
2022-04-07 12:34:56,059 - processing completed: 156_056
2022-04-07 12:34:56,062 - processing started: 157_056 
2022-04-07 12:34:56,151 - processing completed: 157_056
2022-04-07 12:34:56,155 - processing started: 158_057 
2022-04-07 12:34:56,314 - processing completed: 158_057
2022-04-07 12:34:56,319 - processing started: 159_057 
2022-04-07 12:34:56,407 - processing completed: 159_057
2022-04-07 12:34:56,411 - processing started: 160_058 
2022-04-07 12:34:56,612 - processing completed: 160_058
2022-04-07 12:34:56,616 - processing started: 161_058 
2022-04-07 12:34:56,745 - processing completed: 161_058
2022-04-07 12:34:56,750 - processing started: 162_058 
2022-04-07 12:34:56,948 - processing completed: 162_058
2022-04-07 12:34:56,952 - processing started: 163_059 
2022-04-07 12:34:57,031 - processing completed: 163_059
2022-04-07 12:34:57,035 - processing started: 164_059 
2022-04-07 12:34:57,167 - processing completed: 164_059
2022-04-07 12:34:57,170 - processing started: 165_060 
2022-04-07 12:34:57,302 - processing completed: 165_060
2022-04-07 12:34:57,306 - processing started: 166_060 
2022-04-07 12:34:57,381 - processing completed: 166_060
2022-04-07 12:34:57,385 - processing started: 167_060 
2022-04-07 12:34:57,521 - processing completed: 167_060
2022-04-07 12:34:57,524 - processing started: 168_061 
2022-04-07 12:34:57,607 - processing completed: 168_061
2022-04-07 12:34:57,610 - processing started: 169_061 
2022-04-07 12:34:57,758 - processing completed: 169_061
2022-04-07 12:34:57,761 - processing started: 170_062 
2022-04-07 12:34:57,843 - processing completed: 170_062
2022-04-07 12:34:57,847 - processing started: 171_062 
2022-04-07 12:34:58,033 - processing completed: 171_062
2022-04-07 12:34:58,037 - processing started: 172_062 
2022-04-07 12:34:58,121 - processing completed: 172_062
2022-04-07 12:34:58,124 - processing started: 173_063 
2022-04-07 12:34:58,341 - processing completed: 173_063
2022-04-07 12:34:58,346 - processing started: 174_063 
2022-04-07 12:34:58,505 - processing completed: 174_063
2022-04-07 12:34:58,510 - processing started: 175_064 
2022-04-07 12:34:58,719 - processing completed: 175_064
2022-04-07 12:34:58,724 - processing started: 176_064 
2022-04-07 12:34:58,874 - processing completed: 176_064
2022-04-07 12:34:58,879 - processing started: 177_064 
2022-04-07 12:34:59,097 - processing completed: 177_064
2022-04-07 12:34:59,102 - processing started: 178_064 
2022-04-07 12:34:59,247 - processing completed: 178_064
2022-04-07 12:34:59,252 - processing started: 179_065 
2022-04-07 12:34:59,460 - processing completed: 179_065
2022-04-07 12:34:59,466 - processing started: 180_065 
2022-04-07 12:34:59,686 - processing completed: 180_065
2022-04-07 12:34:59,691 - processing started: 181_066 
2022-04-07 12:34:59,841 - processing completed: 181_066
2022-04-07 12:34:59,846 - processing started: 182_066 
2022-04-07 12:35:00,065 - processing completed: 182_066
2022-04-07 12:35:00,070 - processing started: 183_066 
2022-04-07 12:35:00,233 - processing completed: 183_066
2022-04-07 12:35:00,239 - processing started: 184_066 
2022-04-07 12:35:00,459 - processing completed: 184_066
2022-04-07 12:35:00,464 - processing started: 185_066 
2022-04-07 12:35:00,616 - processing completed: 185_066
2022-04-07 12:35:00,621 - processing started: 186_066 
2022-04-07 12:35:00,832 - processing completed: 186_066
2022-04-07 12:35:00,838 - processing started: 187_066 
2022-04-07 12:35:00,958 - processing completed: 187_066
2022-04-07 12:35:00,963 - processing started: 188_067 
2022-04-07 12:35:01,061 - processing completed: 188_067
2022-04-07 12:35:01,064 - processing started: 189_067 
2022-04-07 12:35:01,215 - processing completed: 189_067
2022-04-07 12:35:01,220 - processing started: 190_067 
2022-04-07 12:35:01,381 - processing completed: 190_067
2022-04-07 12:35:01,385 - processing started: 191_067 
2022-04-07 12:35:01,538 - processing completed: 191_067
2022-04-07 12:35:01,543 - processing started: 192_067 
2022-04-07 12:35:01,748 - processing completed: 192_067
2022-04-07 12:35:01,754 - processing started: 193_068 
2022-04-07 12:35:01,908 - processing completed: 193_068
2022-04-07 12:35:01,912 - processing started: 194_068 
2022-04-07 12:35:02,016 - processing completed: 194_068
2022-04-07 12:35:02,021 - processing started: 195_069 
2022-04-07 12:35:02,180 - processing completed: 195_069
2022-04-07 12:35:02,184 - processing started: 196_069 
2022-04-07 12:35:02,284 - processing completed: 196_069
2022-04-07 12:35:02,288 - processing started: 197_069 
2022-04-07 12:35:02,451 - processing completed: 197_069
2022-04-07 12:35:02,455 - processing started: 198_069 
2022-04-07 12:35:02,569 - processing completed: 198_069
2022-04-07 12:35:02,575 - processing started: 199_070 
2022-04-07 12:35:02,785 - processing completed: 199_070
2022-04-07 12:35:02,790 - processing started: 200_070 
2022-04-07 12:35:02,827 - processing completed: 200_070
2022-04-07 12:35:02,830 - processing started: 201_071 
2022-04-07 12:35:03,041 - processing completed: 201_071
2022-04-07 12:35:03,046 - processing started: 202_071 
2022-04-07 12:35:03,194 - processing completed: 202_071
2022-04-07 12:35:03,200 - processing started: 203_072 
2022-04-07 12:35:03,399 - processing completed: 203_072
2022-04-07 12:35:03,404 - processing started: 204_072 
2022-04-07 12:35:03,554 - processing completed: 204_072
2022-04-07 12:35:03,559 - processing started: 205_072 
2022-04-07 12:35:03,762 - processing completed: 205_072
2022-04-07 12:35:03,767 - processing started: 206_072 
2022-04-07 12:35:03,914 - processing completed: 206_072
2022-04-07 12:35:03,920 - processing started: 207_073 
2022-04-07 12:35:04,120 - processing completed: 207_073
2022-04-07 12:35:04,126 - processing started: 208_073 
2022-04-07 12:35:04,327 - processing completed: 208_073
2022-04-07 12:35:04,332 - processing started: 209_074 
2022-04-07 12:35:04,476 - processing completed: 209_074
2022-04-07 12:35:04,483 - processing started: 210_074 
2022-04-07 12:35:04,691 - processing completed: 210_074
2022-04-07 12:35:04,696 - processing started: 211_075 
2022-04-07 12:35:04,845 - processing completed: 211_075
2022-04-07 12:35:04,850 - processing started: 212_075 
2022-04-07 12:35:05,057 - processing completed: 212_075
2022-04-07 12:35:05,062 - processing started: 213_076 
2022-04-07 12:35:05,205 - processing completed: 213_076
2022-04-07 12:35:05,210 - processing started: 214_076 
2022-04-07 12:35:05,412 - processing completed: 214_076
2022-04-07 12:35:05,417 - processing started: 215_077 
2022-04-07 12:35:05,520 - processing completed: 215_077
2022-04-07 12:35:05,524 - processing started: 216_077 
2022-04-07 12:35:05,729 - processing completed: 216_077
2022-04-07 12:35:05,734 - processing started: 217_077 
2022-04-07 12:35:05,879 - processing completed: 217_077
2022-04-07 12:35:05,884 - processing started: 218_078 
2022-04-07 12:35:06,092 - processing completed: 218_078
2022-04-07 12:35:06,097 - processing started: 219_078 
2022-04-07 12:35:06,246 - processing completed: 219_078
2022-04-07 12:35:06,252 - processing started: 220_079 
2022-04-07 12:35:06,460 - processing completed: 220_079
2022-04-07 12:35:06,465 - processing started: 221_079 
2022-04-07 12:35:06,612 - processing completed: 221_079
2022-04-07 12:35:06,618 - processing started: 222_079 
2022-04-07 12:35:06,819 - processing completed: 222_079
2022-04-07 12:35:06,825 - processing started: 223_080 
2022-04-07 12:35:06,946 - processing completed: 223_080
2022-04-07 12:35:06,950 - processing started: 224_080 
2022-04-07 12:35:07,022 - processing completed: 224_080
2022-04-07 12:35:07,026 - processing started: 225_081 
2022-04-07 12:35:07,174 - processing completed: 225_081
2022-04-07 12:35:07,178 - processing started: 226_081 
2022-04-07 12:35:07,270 - processing completed: 226_081
2022-04-07 12:35:07,274 - processing started: 227_081 
2022-04-07 12:35:07,422 - processing completed: 227_081
2022-04-07 12:35:07,427 - processing started: 228_081 
2022-04-07 12:35:07,519 - processing completed: 228_081
2022-04-07 12:35:07,523 - processing started: 229_081 
2022-04-07 12:35:07,669 - processing completed: 229_081
2022-04-07 12:35:07,674 - processing started: 230_081 
2022-04-07 12:35:07,764 - processing completed: 230_081
2022-04-07 12:35:07,768 - processing started: 231_081 
2022-04-07 12:35:07,921 - processing completed: 231_081
2022-04-07 12:35:07,925 - processing started: 232_082 
2022-04-07 12:35:08,017 - processing completed: 232_082
2022-04-07 12:35:08,021 - processing started: 233_082 
2022-04-07 12:35:08,166 - processing completed: 233_082
2022-04-07 12:35:08,171 - processing started: 234_082 
2022-04-07 12:35:08,261 - processing completed: 234_082
2022-04-07 12:35:08,265 - processing started: 235_082 
2022-04-07 12:35:08,409 - processing completed: 235_082
2022-04-07 12:35:08,413 - processing started: 236_083 
2022-04-07 12:35:08,505 - processing completed: 236_083
2022-04-07 12:35:08,510 - processing started: 237_083 
2022-04-07 12:35:08,654 - processing completed: 237_083
2022-04-07 12:35:08,658 - processing started: 238_084 
2022-04-07 12:35:08,801 - processing completed: 238_084
2022-04-07 12:35:08,806 - processing started: 239_084 
2022-04-07 12:35:08,898 - processing completed: 239_084
2022-04-07 12:35:08,902 - processing started: 240_085 
2022-04-07 12:35:09,050 - processing completed: 240_085
2022-04-07 12:35:09,055 - processing started: 241_085 
2022-04-07 12:35:09,143 - processing completed: 241_085
2022-04-07 12:35:09,147 - processing started: 242_086 
2022-04-07 12:35:09,311 - processing completed: 242_086
2022-04-07 12:35:09,315 - processing started: 243_086 
2022-04-07 12:35:09,422 - processing completed: 243_086
2022-04-07 12:35:09,425 - processing started: 244_087 
2022-04-07 12:35:09,574 - processing completed: 244_087
2022-04-07 12:35:09,578 - processing started: 245_087 
2022-04-07 12:35:09,668 - processing completed: 245_087
2022-04-07 12:35:09,671 - processing started: 246_088 
2022-04-07 12:35:09,821 - processing completed: 246_088
2022-04-07 12:35:09,824 - processing started: 247_088 
2022-04-07 12:35:09,919 - processing completed: 247_088
2022-04-07 12:35:09,923 - processing started: 248_088 
2022-04-07 12:35:10,071 - processing completed: 248_088
2022-04-07 12:35:10,075 - processing started: 249_089 
2022-04-07 12:35:10,133 - processing completed: 249_089
2022-04-07 12:35:10,136 - processing started: 250_089 
2022-04-07 12:35:10,246 - processing completed: 250_089
2022-04-07 12:35:10,249 - processing started: 251_089 
2022-04-07 12:35:10,309 - processing completed: 251_089
2022-04-07 12:35:10,311 - processing started: 252_090 
2022-04-07 12:35:10,430 - processing completed: 252_090
2022-04-07 12:35:10,433 - processing started: 253_090 
2022-04-07 12:35:10,549 - processing completed: 253_090
2022-04-07 12:35:10,553 - processing started: 254_091 
2022-04-07 12:35:10,612 - processing completed: 254_091
2022-04-07 12:35:10,615 - processing started: 255_091 
2022-04-07 12:35:10,732 - processing completed: 255_091
2022-04-07 12:35:10,736 - processing started: 256_092 
2022-04-07 12:35:10,798 - processing completed: 256_092
2022-04-07 12:35:10,800 - processing started: 257_092 
2022-04-07 12:35:10,924 - processing completed: 257_092
2022-04-07 12:35:10,928 - processing started: 258_093 
2022-04-07 12:35:11,003 - processing completed: 258_093
2022-04-07 12:35:11,006 - processing started: 259_093 
2022-04-07 12:35:11,137 - processing completed: 259_093
2022-04-07 12:35:11,141 - processing started: 260_094 
2022-04-07 12:35:11,213 - processing completed: 260_094
2022-04-07 12:35:11,217 - processing started: 261_094 
2022-04-07 12:35:11,344 - processing completed: 261_094
2022-04-07 12:35:11,349 - processing started: 262_094 
2022-04-07 12:35:11,423 - processing completed: 262_094
2022-04-07 12:35:11,428 - processing started: 263_095 
2022-04-07 12:35:11,566 - processing completed: 263_095
2022-04-07 12:35:11,570 - processing started: 264_095 
2022-04-07 12:35:11,641 - processing completed: 264_095
2022-04-07 12:35:11,645 - processing started: 265_096 
2022-04-07 12:35:11,774 - processing completed: 265_096
2022-04-07 12:35:11,778 - processing started: 266_096 
2022-04-07 12:35:11,851 - processing completed: 266_096
2022-04-07 12:35:11,855 - processing started: 267_097 
2022-04-07 12:35:11,982 - processing completed: 267_097
2022-04-07 12:35:11,985 - processing started: 268_097 
2022-04-07 12:35:12,112 - processing completed: 268_097
2022-04-07 12:35:12,115 - processing started: 269_098 
2022-04-07 12:35:12,187 - processing completed: 269_098
2022-04-07 12:35:12,191 - processing started: 270_098 
2022-04-07 12:35:12,320 - processing completed: 270_098
2022-04-07 12:35:12,323 - processing started: 271_098 
2022-04-07 12:35:12,397 - processing completed: 271_098
2022-04-07 12:35:12,399 - processing started: 272_099 
2022-04-07 12:35:12,522 - processing completed: 272_099
2022-04-07 12:35:12,525 - processing started: 273_099 
2022-04-07 12:35:12,592 - processing completed: 273_099
2022-04-07 12:35:12,595 - processing started: 274_100 
2022-04-07 12:35:12,744 - processing completed: 274_100
2022-04-07 12:35:12,748 - processing started: 275_100 
2022-04-07 12:35:12,841 - processing completed: 275_100
2022-04-07 12:35:12,845 - processing started: 276_101 
2022-04-07 12:35:12,965 - processing completed: 276_101
2022-04-07 12:35:12,968 - processing started: 277_101 
2022-04-07 12:35:13,034 - processing completed: 277_101
2022-04-07 12:35:13,037 - processing started: 278_102 
2022-04-07 12:35:13,157 - processing completed: 278_102
2022-04-07 12:35:13,160 - processing started: 279_102 
2022-04-07 12:35:13,226 - processing completed: 279_102
2022-04-07 12:35:13,229 - processing started: 280_103 
2022-04-07 12:35:13,344 - processing completed: 280_103
2022-04-07 12:35:13,347 - processing started: 281_103 
2022-04-07 12:35:13,412 - processing completed: 281_103
2022-04-07 12:35:13,414 - processing started: 282_103 
2022-04-07 12:35:13,537 - processing completed: 282_103
2022-04-07 12:35:13,542 - processing started: 283_104 
2022-04-07 12:35:13,662 - processing completed: 283_104
2022-04-07 12:35:13,665 - processing started: 284_104 
2022-04-07 12:35:13,726 - processing completed: 284_104
2022-04-07 12:35:13,729 - processing started: 285_105 
2022-04-07 12:35:13,850 - processing completed: 285_105
2022-04-07 12:35:13,853 - processing started: 286_105 
2022-04-07 12:35:13,920 - processing completed: 286_105
2022-04-07 12:35:13,923 - processing started: 287_106 
2022-04-07 12:35:14,043 - processing completed: 287_106
2022-04-07 12:35:14,047 - processing started: 288_106 
2022-04-07 12:35:14,109 - processing completed: 288_106
2022-04-07 12:35:14,112 - processing started: 289_107 
2022-04-07 12:35:14,231 - processing completed: 289_107
2022-04-07 12:35:14,235 - processing started: 290_107 
2022-04-07 12:35:14,297 - processing completed: 290_107
2022-04-07 12:35:14,300 - processing started: 291_107 
2022-04-07 12:35:14,420 - processing completed: 291_107
2022-04-07 12:35:14,424 - processing started: 292_108 
2022-04-07 12:35:14,483 - processing completed: 292_108
2022-04-07 12:35:14,486 - processing started: 293_108 
2022-04-07 12:35:14,604 - processing completed: 293_108
2022-04-07 12:35:14,607 - processing started: 294_108 
2022-04-07 12:35:14,671 - processing completed: 294_108
2022-04-07 12:35:14,674 - processing started: 295_109 
2022-04-07 12:35:14,783 - processing completed: 295_109
2022-04-07 12:35:14,787 - processing started: 296_109 
2022-04-07 12:35:14,847 - processing completed: 296_109
2022-04-07 12:35:14,850 - processing started: 297_110 
2022-04-07 12:35:14,972 - processing completed: 297_110
2022-04-07 12:35:14,976 - processing started: 298_110 
2022-04-07 12:35:15,098 - processing completed: 298_110
2022-04-07 12:35:15,101 - processing started: 299_110 
2022-04-07 12:35:15,165 - processing completed: 299_110
2022-04-07 12:35:15,169 - processing started: 300_111 
2022-04-07 12:35:15,283 - processing completed: 300_111
2022-04-07 12:35:15,286 - processing started: 301_111 
2022-04-07 12:35:15,349 - processing completed: 301_111
2022-04-07 12:35:15,353 - processing started: 302_112 
2022-04-07 12:35:15,469 - processing completed: 302_112
2022-04-07 12:35:15,472 - processing started: 303_112 
2022-04-07 12:35:15,536 - processing completed: 303_112
2022-04-07 12:35:15,540 - processing started: 304_113 
2022-04-07 12:35:15,654 - processing completed: 304_113
2022-04-07 12:35:15,657 - processing started: 305_113 
2022-04-07 12:35:15,719 - processing completed: 305_113
2022-04-07 12:35:15,722 - processing started: 306_114 
2022-04-07 12:35:15,874 - processing completed: 306_114
2022-04-07 12:35:15,878 - processing started: 307_114 
2022-04-07 12:35:15,973 - processing completed: 307_114
2022-04-07 12:35:15,977 - processing started: 308_115 
2022-04-07 12:35:16,126 - processing completed: 308_115
2022-04-07 12:35:16,131 - processing started: 309_115 
2022-04-07 12:35:16,227 - processing completed: 309_115
2022-04-07 12:35:16,232 - processing started: 310_116 
2022-04-07 12:35:16,379 - processing completed: 310_116
2022-04-07 12:35:16,384 - processing started: 311_116 
2022-04-07 12:35:16,479 - processing completed: 311_116
2022-04-07 12:35:16,484 - processing started: 312_117 
2022-04-07 12:35:16,633 - processing completed: 312_117
2022-04-07 12:35:16,637 - processing started: 313_117 
2022-04-07 12:35:16,788 - processing completed: 313_117
2022-04-07 12:35:16,792 - processing started: 314_117 
2022-04-07 12:35:16,886 - processing completed: 314_117
2022-04-07 12:35:16,890 - processing started: 315_117 
2022-04-07 12:35:17,041 - processing completed: 315_117
2022-04-07 12:35:17,045 - processing started: 316_118 
2022-04-07 12:35:17,140 - processing completed: 316_118
2022-04-07 12:35:17,145 - processing started: 317_118 
2022-04-07 12:35:17,292 - processing completed: 317_118
2022-04-07 12:35:17,296 - processing started: 318_119 
2022-04-07 12:35:17,389 - processing completed: 318_119
2022-04-07 12:35:17,393 - processing started: 319_119 
2022-04-07 12:35:17,540 - processing completed: 319_119
2022-04-07 12:35:17,545 - processing started: 320_120 
2022-04-07 12:35:17,617 - processing completed: 320_120
2022-04-07 12:35:17,620 - processing started: 321_120 
2022-04-07 12:35:17,746 - processing completed: 321_120
2022-04-07 12:35:17,750 - processing started: 322_120 
2022-04-07 12:35:17,824 - processing completed: 322_120
2022-04-07 12:35:17,827 - processing started: 323_120 
2022-04-07 12:35:17,957 - processing completed: 323_120
2022-04-07 12:35:17,960 - processing started: 324_121 
2022-04-07 12:35:18,055 - processing completed: 324_121
2022-04-07 12:35:18,058 - processing started: 325_121 
2022-04-07 12:35:18,204 - processing completed: 325_121
2022-04-07 12:35:18,207 - processing started: 326_122 
2022-04-07 12:35:18,358 - processing completed: 326_122
2022-04-07 12:35:18,362 - processing started: 327_122 
2022-04-07 12:35:18,452 - processing completed: 327_122
2022-04-07 12:35:18,455 - processing started: 328_123 
2022-04-07 12:35:18,605 - processing completed: 328_123
2022-04-07 12:35:18,609 - processing started: 329_123 
2022-04-07 12:35:18,702 - processing completed: 329_123
2022-04-07 12:35:18,706 - processing started: 330_123 
2022-04-07 12:35:18,855 - processing completed: 330_123
2022-04-07 12:35:18,859 - processing started: 331_124 
2022-04-07 12:35:18,950 - processing completed: 331_124
2022-04-07 12:35:18,954 - processing started: 332_124 
2022-04-07 12:35:19,101 - processing completed: 332_124
2022-04-07 12:35:19,105 - processing started: 333_124 
2022-04-07 12:35:19,197 - processing completed: 333_124
2022-04-07 12:35:19,200 - processing started: 334_124 
2022-04-07 12:35:19,348 - processing completed: 334_124
2022-04-07 12:35:19,353 - processing started: 335_124 
2022-04-07 12:35:19,444 - processing completed: 335_124
2022-04-07 12:35:19,449 - processing started: 336_124 
2022-04-07 12:35:19,599 - processing completed: 336_124
2022-04-07 12:35:19,603 - processing started: 337_124 
2022-04-07 12:35:19,695 - processing completed: 337_124
2022-04-07 12:35:19,699 - processing started: 338_124 
2022-04-07 12:35:19,843 - processing completed: 338_124
2022-04-07 12:35:19,847 - processing started: 339_124 
2022-04-07 12:35:19,939 - processing completed: 339_124
2022-04-07 12:35:19,943 - processing started: 340_125 
2022-04-07 12:35:20,093 - processing completed: 340_125
2022-04-07 12:35:20,097 - processing started: 341_125 
2022-04-07 12:35:20,245 - processing completed: 341_125
2022-04-07 12:35:20,250 - processing started: 342_126 
2022-04-07 12:35:20,340 - processing completed: 342_126
2022-04-07 12:35:20,343 - processing started: 343_126 
2022-04-07 12:35:20,489 - processing completed: 343_126
2022-04-07 12:35:20,493 - processing started: 344_126 
2022-04-07 12:35:20,586 - processing completed: 344_126
2022-04-07 12:35:20,590 - processing started: 345_127 
2022-04-07 12:35:20,739 - processing completed: 345_127
2022-04-07 12:35:20,744 - processing started: 346_127 
2022-04-07 12:35:20,834 - processing completed: 346_127
2022-04-07 12:35:20,838 - processing started: 347_128 
2022-04-07 12:35:20,988 - processing completed: 347_128
2022-04-07 12:35:20,993 - processing started: 348_128 
2022-04-07 12:35:21,085 - processing completed: 348_128
2022-04-07 12:35:21,088 - processing started: 349_129 
2022-04-07 12:35:21,236 - processing completed: 349_129
2022-04-07 12:35:21,240 - processing started: 350_129 
2022-04-07 12:35:21,331 - processing completed: 350_129
2022-04-07 12:35:21,334 - processing started: 351_129 
2022-04-07 12:35:21,478 - processing completed: 351_129
2022-04-07 12:35:21,482 - processing started: 352_130 
2022-04-07 12:35:21,573 - processing completed: 352_130
2022-04-07 12:35:21,576 - processing started: 353_130 
2022-04-07 12:35:21,720 - processing completed: 353_130
2022-04-07 12:35:21,724 - processing started: 354_131 
2022-04-07 12:35:21,815 - processing completed: 354_131
2022-04-07 12:35:21,819 - processing started: 355_131 
2022-04-07 12:35:21,966 - processing completed: 355_131
2022-04-07 12:35:21,971 - processing started: 356_132 
2022-04-07 12:35:22,133 - processing completed: 356_132
2022-04-07 12:35:22,137 - processing started: 357_132 
2022-04-07 12:35:22,230 - processing completed: 357_132
2022-04-07 12:35:22,235 - processing started: 358_133 
2022-04-07 12:35:22,388 - processing completed: 358_133
2022-04-07 12:35:22,393 - processing started: 359_133 
2022-04-07 12:35:22,483 - processing completed: 359_133
2022-04-07 12:35:22,488 - processing started: 360_134 
2022-04-07 12:35:22,636 - processing completed: 360_134
2022-04-07 12:35:22,641 - processing started: 361_134 
2022-04-07 12:35:22,731 - processing completed: 361_134
2022-04-07 12:35:22,736 - processing started: 362_134 
2022-04-07 12:35:22,881 - processing completed: 362_134
2022-04-07 12:35:22,886 - processing started: 363_134 
2022-04-07 12:35:22,976 - processing completed: 363_134
2022-04-07 12:35:22,981 - processing started: 364_134 
2022-04-07 12:35:23,129 - processing completed: 364_134
2022-04-07 12:35:23,133 - processing started: 365_135 
2022-04-07 12:35:23,225 - processing completed: 365_135
2022-04-07 12:35:23,229 - processing started: 366_135 
2022-04-07 12:35:23,377 - processing completed: 366_135
2022-04-07 12:35:23,381 - processing started: 367_135 
2022-04-07 12:35:23,472 - processing completed: 367_135
2022-04-07 12:35:23,476 - processing started: 368_136 
2022-04-07 12:35:23,622 - processing completed: 368_136
2022-04-07 12:35:23,626 - processing started: 369_136 
2022-04-07 12:35:23,718 - processing completed: 369_136
2022-04-07 12:35:23,721 - processing started: 370_137 
2022-04-07 12:35:23,865 - processing completed: 370_137
2022-04-07 12:35:23,869 - processing started: 371_137 
2022-04-07 12:35:24,012 - processing completed: 371_137
2022-04-07 12:35:24,016 - processing started: 372_138 
2022-04-07 12:35:24,107 - processing completed: 372_138
2022-04-07 12:35:24,111 - processing started: 373_138 
2022-04-07 12:35:24,261 - processing completed: 373_138
2022-04-07 12:35:24,264 - processing started: 374_139 
2022-04-07 12:35:24,357 - processing completed: 374_139
2022-04-07 12:35:24,361 - processing started: 375_139 
2022-04-07 12:35:24,506 - processing completed: 375_139
2022-04-07 12:35:24,511 - processing started: 376_140 
2022-04-07 12:35:24,602 - processing completed: 376_140
2022-04-07 12:35:24,606 - processing started: 377_140 
2022-04-07 12:35:24,752 - processing completed: 377_140
2022-04-07 12:35:24,756 - processing started: 378_140 
2022-04-07 12:35:24,849 - processing completed: 378_140
2022-04-07 12:35:24,853 - processing started: 379_141 
2022-04-07 12:35:24,999 - processing completed: 379_141
2022-04-07 12:35:25,004 - processing started: 380_141 
2022-04-07 12:35:25,103 - processing completed: 380_141
2022-04-07 12:35:25,108 - processing started: 381_142 
2022-04-07 12:35:25,257 - processing completed: 381_142
2022-04-07 12:35:25,261 - processing started: 382_142 
2022-04-07 12:35:25,352 - processing completed: 382_142
2022-04-07 12:35:25,356 - processing started: 383_143 
2022-04-07 12:35:25,501 - processing completed: 383_143
2022-04-07 12:35:25,506 - processing started: 384_143 
2022-04-07 12:35:25,598 - processing completed: 384_143
2022-04-07 12:35:25,602 - processing started: 385_144 
2022-04-07 12:35:25,746 - processing completed: 385_144
2022-04-07 12:35:25,750 - processing started: 386_144 
2022-04-07 12:35:25,895 - processing completed: 386_144
2022-04-07 12:35:25,899 - processing started: 387_144 
2022-04-07 12:35:25,992 - processing completed: 387_144
2022-04-07 12:35:25,996 - processing started: 388_145 
2022-04-07 12:35:26,147 - processing completed: 388_145
2022-04-07 12:35:26,151 - processing started: 389_145 
2022-04-07 12:35:26,243 - processing completed: 389_145
2022-04-07 12:35:26,248 - processing started: 390_145 
2022-04-07 12:35:26,395 - processing completed: 390_145
2022-04-07 12:35:26,400 - processing started: 391_145 
2022-04-07 12:35:26,490 - processing completed: 391_145
2022-04-07 12:35:26,494 - processing started: 392_145 
2022-04-07 12:35:26,642 - processing completed: 392_145
2022-04-07 12:35:26,647 - processing started: 393_146 
2022-04-07 12:35:26,737 - processing completed: 393_146
2022-04-07 12:35:26,741 - processing started: 394_146 
2022-04-07 12:35:26,888 - processing completed: 394_146
2022-04-07 12:35:26,892 - processing started: 395_147 
2022-04-07 12:35:26,988 - processing completed: 395_147
2022-04-07 12:35:26,992 - processing started: 396_147 
2022-04-07 12:35:27,139 - processing completed: 396_147
2022-04-07 12:35:27,143 - processing started: 397_147 
2022-04-07 12:35:27,236 - processing completed: 397_147
2022-04-07 12:35:27,241 - processing started: 398_147 
2022-04-07 12:35:27,387 - processing completed: 398_147
2022-04-07 12:35:27,391 - processing started: 399_148 
2022-04-07 12:35:27,483 - processing completed: 399_148
2022-04-07 12:35:27,486 - processing started: 400_148 
2022-04-07 12:35:27,633 - processing completed: 400_148
2022-04-07 12:35:27,637 - processing started: 401_149 
2022-04-07 12:35:27,782 - processing completed: 401_149
2022-04-07 12:35:27,786 - processing started: 402_149 
2022-04-07 12:35:27,879 - processing completed: 402_149
2022-04-07 12:35:27,882 - processing started: 403_149 
2022-04-07 12:35:28,030 - processing completed: 403_149
2022-04-07 12:35:28,034 - processing started: 404_149 
2022-04-07 12:35:28,126 - processing completed: 404_149
2022-04-07 12:35:28,129 - processing started: 405_150 
2022-04-07 12:35:28,279 - processing completed: 405_150
2022-04-07 12:35:28,283 - processing started: 406_150 
2022-04-07 12:35:28,377 - processing completed: 406_150
2022-04-07 12:35:28,381 - processing started: 407_151 
2022-04-07 12:35:28,531 - processing completed: 407_151
2022-04-07 12:35:28,535 - processing started: 408_151 
2022-04-07 12:35:28,627 - processing completed: 408_151
2022-04-07 12:35:28,631 - processing started: 409_152 
2022-04-07 12:35:28,778 - processing completed: 409_152
2022-04-07 12:35:28,782 - processing started: 410_152 
2022-04-07 12:35:28,876 - processing completed: 410_152
2022-04-07 12:35:28,879 - processing started: 411_153 
2022-04-07 12:35:29,052 - processing completed: 411_153
2022-04-07 12:35:29,055 - processing started: 412_153 
2022-04-07 12:35:29,149 - processing completed: 412_153
2022-04-07 12:35:29,153 - processing started: 413_154 
2022-04-07 12:35:29,309 - processing completed: 413_154
2022-04-07 12:35:29,312 - processing started: 414_154 
2022-04-07 12:35:29,410 - processing completed: 414_154
2022-04-07 12:35:29,413 - processing started: 415_155 
2022-04-07 12:35:29,567 - processing completed: 415_155
2022-04-07 12:35:29,571 - processing started: 416_155 
2022-04-07 12:35:29,717 - processing completed: 416_155
2022-04-07 12:35:29,721 - processing started: 417_156 
2022-04-07 12:35:29,812 - processing completed: 417_156
2022-04-07 12:35:29,815 - processing started: 418_156 
2022-04-07 12:35:29,965 - processing completed: 418_156
2022-04-07 12:35:29,969 - processing started: 419_156 
2022-04-07 12:35:30,063 - processing completed: 419_156
2022-04-07 12:35:30,067 - processing started: 420_157 
2022-04-07 12:35:30,217 - processing completed: 420_157
2022-04-07 12:35:30,221 - processing started: 421_157 
2022-04-07 12:35:30,315 - processing completed: 421_157
2022-04-07 12:35:30,318 - processing started: 422_157 
2022-04-07 12:35:30,468 - processing completed: 422_157
2022-04-07 12:35:30,472 - processing started: 423_158 
2022-04-07 12:35:30,564 - processing completed: 423_158
2022-04-07 12:35:30,569 - processing started: 424_158 
2022-04-07 12:35:30,713 - processing completed: 424_158
2022-04-07 12:35:30,716 - processing started: 425_159 
2022-04-07 12:35:30,809 - processing completed: 425_159
2022-04-07 12:35:30,812 - processing started: 426_159 
2022-04-07 12:35:30,960 - processing completed: 426_159
2022-04-07 12:35:30,964 - processing started: 427_159 
2022-04-07 12:35:31,060 - processing completed: 427_159
2022-04-07 12:35:31,064 - processing started: 428_160 
2022-04-07 12:35:31,211 - processing completed: 428_160
2022-04-07 12:35:31,215 - processing started: 429_160 
2022-04-07 12:35:31,306 - processing completed: 429_160
2022-04-07 12:35:31,310 - processing started: 430_160 
2022-04-07 12:35:31,455 - processing completed: 430_160
2022-04-07 12:35:31,460 - processing started: 431_161 
2022-04-07 12:35:31,607 - processing completed: 431_161
2022-04-07 12:35:31,611 - processing started: 432_161 
2022-04-07 12:35:31,702 - processing completed: 432_161
2022-04-07 12:35:31,707 - processing started: 433_162 
2022-04-07 12:35:31,855 - processing completed: 433_162
2022-04-07 12:35:31,860 - processing started: 434_162 
2022-04-07 12:35:31,951 - processing completed: 434_162
2022-04-07 12:35:31,954 - processing started: 435_163 
2022-04-07 12:35:32,107 - processing completed: 435_163
2022-04-07 12:35:32,111 - processing started: 436_163 
2022-04-07 12:35:32,204 - processing completed: 436_163
2022-04-07 12:35:32,207 - processing started: 437_164 
2022-04-07 12:35:32,355 - processing completed: 437_164
2022-04-07 12:35:32,359 - processing started: 438_164 
2022-04-07 12:35:32,450 - processing completed: 438_164
2022-04-07 12:35:32,454 - processing started: 439_164 
2022-04-07 12:35:32,616 - processing completed: 439_164
2022-04-07 12:35:32,621 - processing started: 440_165 
2022-04-07 12:35:32,720 - processing completed: 440_165
2022-04-07 12:35:32,725 - processing started: 441_165 
2022-04-07 12:35:32,871 - processing completed: 441_165
2022-04-07 12:35:32,875 - processing started: 442_166 
2022-04-07 12:35:32,966 - processing completed: 442_166
2022-04-07 12:35:32,971 - processing started: 443_166 
2022-04-07 12:35:33,118 - processing completed: 443_166
2022-04-07 12:35:33,122 - processing started: 444_167 
2022-04-07 12:35:33,212 - processing completed: 444_167
2022-04-07 12:35:33,217 - processing started: 445_167 
2022-04-07 12:35:33,362 - processing completed: 445_167
2022-04-07 12:35:33,366 - processing started: 446_167 
2022-04-07 12:35:33,512 - processing completed: 446_167
2022-04-07 12:35:33,517 - processing started: 447_167 
2022-04-07 12:35:33,608 - processing completed: 447_167
2022-04-07 12:35:33,612 - processing started: 448_168 
2022-04-07 12:35:33,764 - processing completed: 448_168
2022-04-07 12:35:33,768 - processing started: 449_168 
2022-04-07 12:35:33,859 - processing completed: 449_168
2022-04-07 12:35:33,864 - processing started: 450_168 
2022-04-07 12:35:34,016 - processing completed: 450_168
2022-04-07 12:35:34,021 - processing started: 451_168 
2022-04-07 12:35:34,114 - processing completed: 451_168
2022-04-07 12:35:34,117 - processing started: 452_169 
2022-04-07 12:35:34,266 - processing completed: 452_169
2022-04-07 12:35:34,270 - processing started: 453_169 
2022-04-07 12:35:34,359 - processing completed: 453_169
2022-04-07 12:35:34,363 - processing started: 454_170 
2022-04-07 12:35:34,515 - processing completed: 454_170
2022-04-07 12:35:34,519 - processing started: 455_170 
2022-04-07 12:35:34,611 - processing completed: 455_170
2022-04-07 12:35:34,615 - processing started: 456_171 
2022-04-07 12:35:34,765 - processing completed: 456_171
2022-04-07 12:35:34,770 - processing started: 457_171 
2022-04-07 12:35:34,865 - processing completed: 457_171
2022-04-07 12:35:34,869 - processing started: 458_171 
2022-04-07 12:35:35,017 - processing completed: 458_171
2022-04-07 12:35:35,022 - processing started: 459_172 
2022-04-07 12:35:35,167 - processing completed: 459_172
2022-04-07 12:35:35,171 - processing started: 460_172 
2022-04-07 12:35:35,264 - processing completed: 460_172
2022-04-07 12:35:35,268 - processing started: 461_173 
2022-04-07 12:35:35,417 - processing completed: 461_173
2022-04-07 12:35:35,420 - processing started: 462_173 
2022-04-07 12:35:35,512 - processing completed: 462_173
2022-04-07 12:35:35,516 - processing started: 463_173 
2022-04-07 12:35:35,667 - processing completed: 463_173
2022-04-07 12:35:35,672 - processing started: 464_174 
2022-04-07 12:35:35,763 - processing completed: 464_174
2022-04-07 12:35:35,767 - processing started: 465_174 
2022-04-07 12:35:35,918 - processing completed: 465_174
2022-04-07 12:35:35,921 - processing started: 466_174 
2022-04-07 12:35:36,013 - processing completed: 466_174
2022-04-07 12:35:36,016 - processing started: 467_174 
2022-04-07 12:35:36,164 - processing completed: 467_174
2022-04-07 12:35:36,168 - processing started: 468_175 
2022-04-07 12:35:36,258 - processing completed: 468_175
2022-04-07 12:35:36,262 - processing started: 469_175 
2022-04-07 12:35:36,410 - processing completed: 469_175
2022-04-07 12:35:36,415 - processing started: 470_176 
2022-04-07 12:35:36,506 - processing completed: 470_176
2022-04-07 12:35:36,510 - processing started: 471_176 
2022-04-07 12:35:36,655 - processing completed: 471_176
2022-04-07 12:35:36,660 - processing started: 472_177 
2022-04-07 12:35:36,752 - processing completed: 472_177
2022-04-07 12:35:36,756 - processing started: 473_177 
2022-04-07 12:35:36,905 - processing completed: 473_177
2022-04-07 12:35:36,908 - processing started: 474_178 
2022-04-07 12:35:37,060 - processing completed: 474_178
2022-04-07 12:35:37,064 - processing started: 475_178 
2022-04-07 12:35:37,154 - processing completed: 475_178
2022-04-07 12:35:37,158 - processing started: 476_178 
2022-04-07 12:35:37,309 - processing completed: 476_178
2022-04-07 12:35:37,312 - processing started: 477_179 
2022-04-07 12:35:37,405 - processing completed: 477_179
2022-04-07 12:35:37,408 - processing started: 478_179 
2022-04-07 12:35:37,561 - processing completed: 478_179
2022-04-07 12:35:37,564 - processing started: 479_180 
2022-04-07 12:35:37,658 - processing completed: 479_180
2022-04-07 12:35:37,662 - processing started: 480_180 
2022-04-07 12:35:37,812 - processing completed: 480_180
2022-04-07 12:35:37,816 - processing started: 481_180 
2022-04-07 12:35:37,909 - processing completed: 481_180
2022-04-07 12:35:37,913 - processing started: 482_180 
2022-04-07 12:35:38,063 - processing completed: 482_180
2022-04-07 12:35:38,067 - processing started: 483_181 
2022-04-07 12:35:38,159 - processing completed: 483_181
2022-04-07 12:35:38,163 - processing started: 484_181 
2022-04-07 12:35:38,308 - processing completed: 484_181
2022-04-07 12:35:38,312 - processing started: 485_182 
2022-04-07 12:35:38,403 - processing completed: 485_182
2022-04-07 12:35:38,407 - processing started: 486_182 
2022-04-07 12:35:38,552 - processing completed: 486_182
2022-04-07 12:35:38,557 - processing started: 487_182 
2022-04-07 12:35:38,648 - processing completed: 487_182
2022-04-07 12:35:38,652 - processing started: 488_183 
2022-04-07 12:35:38,799 - processing completed: 488_183
2022-04-07 12:35:38,803 - processing started: 489_183 
2022-04-07 12:35:38,953 - processing completed: 489_183
2022-04-07 12:35:38,957 - processing started: 490_183 
2022-04-07 12:35:39,050 - processing completed: 490_183
2022-04-07 12:35:39,054 - processing started: 491_183 
2022-04-07 12:35:39,204 - processing completed: 491_183
2022-04-07 12:35:39,208 - processing started: 492_184 
2022-04-07 12:35:39,301 - processing completed: 492_184
2022-04-07 12:35:39,304 - processing started: 493_184 
2022-04-07 12:35:39,450 - processing completed: 493_184
2022-04-07 12:35:39,454 - processing started: 494_184 
2022-04-07 12:35:39,546 - processing completed: 494_184
2022-04-07 12:35:39,550 - processing started: 495_185 
2022-04-07 12:35:39,697 - processing completed: 495_185
2022-04-07 12:35:39,701 - processing started: 496_185 
2022-04-07 12:35:39,793 - processing completed: 496_185
2022-04-07 12:35:39,797 - processing started: 497_186 
2022-04-07 12:35:39,946 - processing completed: 497_186
2022-04-07 12:35:39,951 - processing started: 498_186 
2022-04-07 12:35:40,045 - processing completed: 498_186
2022-04-07 12:35:40,049 - processing started: 499_187 
2022-04-07 12:35:40,194 - processing completed: 499_187
2022-04-07 12:35:40,199 - processing started: 500_187 
2022-04-07 12:35:40,291 - processing completed: 500_187
2022-04-07 12:35:40,294 - processing started: 501_188 
2022-04-07 12:35:40,442 - processing completed: 501_188
2022-04-07 12:35:40,446 - processing started: 502_188 
2022-04-07 12:35:40,540 - processing completed: 502_188
2022-04-07 12:35:40,544 - processing started: 503_188 
2022-04-07 12:35:40,689 - processing completed: 503_188
2022-04-07 12:35:40,692 - processing started: 504_188 
2022-04-07 12:35:40,840 - processing completed: 504_188
2022-04-07 12:35:40,844 - processing started: 505_189 
2022-04-07 12:35:40,915 - processing completed: 505_189
2022-04-07 12:35:40,919 - processing started: 506_189 
2022-04-07 12:35:41,055 - processing completed: 506_189
2022-04-07 12:35:41,058 - processing started: 507_190 
2022-04-07 12:35:41,151 - processing completed: 507_190
2022-04-07 12:35:41,155 - processing started: 508_190 
2022-04-07 12:35:41,301 - processing completed: 508_190
2022-04-07 12:35:41,305 - processing started: 509_191 
2022-04-07 12:35:41,398 - processing completed: 509_191
2022-04-07 12:35:41,402 - processing started: 510_191 
2022-04-07 12:35:41,550 - processing completed: 510_191
2022-04-07 12:35:41,554 - processing started: 511_192 
2022-04-07 12:35:41,643 - processing completed: 511_192
2022-04-07 12:35:41,647 - processing started: 512_192 
2022-04-07 12:35:41,793 - processing completed: 512_192
2022-04-07 12:35:41,797 - processing started: 513_192 
2022-04-07 12:35:41,889 - processing completed: 513_192
2022-04-07 12:35:41,893 - processing started: 514_192 
2022-04-07 12:35:42,041 - processing completed: 514_192
2022-04-07 12:35:42,045 - processing started: 515_193 
2022-04-07 12:35:42,138 - processing completed: 515_193
2022-04-07 12:35:42,143 - processing started: 516_193 
2022-04-07 12:35:42,289 - processing completed: 516_193
2022-04-07 12:35:42,294 - processing started: 517_194 
2022-04-07 12:35:42,385 - processing completed: 517_194
2022-04-07 12:35:42,389 - processing started: 518_194 
2022-04-07 12:35:42,532 - processing completed: 518_194
2022-04-07 12:35:42,537 - processing started: 519_195 
2022-04-07 12:35:42,684 - processing completed: 519_195
2022-04-07 12:35:42,689 - processing started: 520_195 
2022-04-07 12:35:42,779 - processing completed: 520_195
2022-04-07 12:35:42,783 - processing started: 521_196 
2022-04-07 12:35:42,929 - processing completed: 521_196
2022-04-07 12:35:42,933 - processing started: 522_196 
2022-04-07 12:35:43,025 - processing completed: 522_196
2022-04-07 12:35:43,030 - processing started: 523_196 
2022-04-07 12:35:43,192 - processing completed: 523_196
2022-04-07 12:35:43,196 - processing started: 524_196 
2022-04-07 12:35:43,289 - processing completed: 524_196
2022-04-07 12:35:43,293 - processing started: 525_196 
2022-04-07 12:35:43,441 - processing completed: 525_196
2022-04-07 12:35:43,445 - processing started: 526_196 
2022-04-07 12:35:43,538 - processing completed: 526_196
2022-04-07 12:35:43,542 - processing started: 527_197 
2022-04-07 12:35:43,691 - processing completed: 527_197
2022-04-07 12:35:43,694 - processing started: 528_197 
2022-04-07 12:35:43,787 - processing completed: 528_197
2022-04-07 12:35:43,790 - processing started: 529_197 
2022-04-07 12:35:43,933 - processing completed: 529_197
2022-04-07 12:35:43,937 - processing started: 530_197 
2022-04-07 12:35:44,031 - processing completed: 530_197
2022-04-07 12:35:44,034 - processing started: 531_197 
2022-04-07 12:35:44,180 - processing completed: 531_197
2022-04-07 12:35:44,183 - processing started: 532_198 
2022-04-07 12:35:44,274 - processing completed: 532_198
2022-04-07 12:35:44,277 - processing started: 533_198 
2022-04-07 12:35:44,435 - processing completed: 533_198
2022-04-07 12:35:44,439 - processing started: 534_199 
2022-04-07 12:35:44,585 - processing completed: 534_199
2022-04-07 12:35:44,589 - processing started: 535_199 
2022-04-07 12:35:44,682 - processing completed: 535_199
2022-04-07 12:35:44,686 - processing started: 536_200 
2022-04-07 12:35:44,834 - processing completed: 536_200
2022-04-07 12:35:44,838 - processing started: 537_200 
2022-04-07 12:35:44,930 - processing completed: 537_200
2022-04-07 12:35:44,934 - processing started: 538_201 
2022-04-07 12:35:45,087 - processing completed: 538_201
2022-04-07 12:35:45,091 - processing started: 539_201 
2022-04-07 12:35:45,180 - processing completed: 539_201
2022-04-07 12:35:45,185 - processing started: 540_202 
2022-04-07 12:35:45,332 - processing completed: 540_202
2022-04-07 12:35:45,336 - processing started: 541_202 
2022-04-07 12:35:45,429 - processing completed: 541_202
2022-04-07 12:35:45,433 - processing started: 542_203 
2022-04-07 12:35:45,584 - processing completed: 542_203
2022-04-07 12:35:45,588 - processing started: 543_203 
2022-04-07 12:35:45,677 - processing completed: 543_203
2022-04-07 12:35:45,681 - processing started: 544_204 
2022-04-07 12:35:45,831 - processing completed: 544_204
2022-04-07 12:35:45,835 - processing started: 545_204 
2022-04-07 12:35:45,925 - processing completed: 545_204
2022-04-07 12:35:45,929 - processing started: 546_205 
2022-04-07 12:35:46,080 - processing completed: 546_205
2022-04-07 12:35:46,085 - processing started: 547_205 
2022-04-07 12:35:46,174 - processing completed: 547_205
2022-04-07 12:35:46,177 - processing started: 548_206 
2022-04-07 12:35:46,320 - processing completed: 548_206
2022-04-07 12:35:46,324 - processing started: 549_206 
2022-04-07 12:35:46,473 - processing completed: 549_206
2022-04-07 12:35:46,477 - processing started: 550_207 
2022-04-07 12:35:46,569 - processing completed: 550_207
2022-04-07 12:35:46,573 - processing started: 551_207 
2022-04-07 12:35:46,722 - processing completed: 551_207
2022-04-07 12:35:46,726 - processing started: 552_207 
2022-04-07 12:35:46,816 - processing completed: 552_207
2022-04-07 12:35:46,819 - processing started: 553_207 
2022-04-07 12:35:46,973 - processing completed: 553_207
2022-04-07 12:35:46,978 - processing started: 554_208 
2022-04-07 12:35:47,070 - processing completed: 554_208
2022-04-07 12:35:47,073 - processing started: 555_208 
2022-04-07 12:35:47,217 - processing completed: 555_208
2022-04-07 12:35:47,221 - processing started: 556_209 
2022-04-07 12:35:47,312 - processing completed: 556_209
2022-04-07 12:35:47,315 - processing started: 557_209 
2022-04-07 12:35:47,464 - processing completed: 557_209
2022-04-07 12:35:47,468 - processing started: 558_210 
2022-04-07 12:35:47,559 - processing completed: 558_210
2022-04-07 12:35:47,563 - processing started: 559_210 
2022-04-07 12:35:47,710 - processing completed: 559_210
2022-04-07 12:35:47,713 - processing started: 560_211 
2022-04-07 12:35:47,806 - processing completed: 560_211
2022-04-07 12:35:47,809 - processing started: 561_211 
2022-04-07 12:35:47,951 - processing completed: 561_211
2022-04-07 12:35:47,955 - processing started: 562_212 
2022-04-07 12:35:48,049 - processing completed: 562_212
2022-04-07 12:35:48,052 - processing started: 563_212 
2022-04-07 12:35:48,197 - processing completed: 563_212
2022-04-07 12:35:48,201 - processing started: 564_213 
2022-04-07 12:35:48,347 - processing completed: 564_213
2022-04-07 12:35:48,351 - processing started: 565_213 
2022-04-07 12:35:48,443 - processing completed: 565_213
2022-04-07 12:35:48,447 - processing started: 566_214 
2022-04-07 12:35:48,597 - processing completed: 566_214
2022-04-07 12:35:48,602 - processing started: 567_214 
2022-04-07 12:35:48,693 - processing completed: 567_214
2022-04-07 12:35:48,697 - processing started: 568_214 
2022-04-07 12:35:48,844 - processing completed: 568_214
2022-04-07 12:35:48,849 - processing started: 569_214 
2022-04-07 12:35:48,940 - processing completed: 569_214
2022-04-07 12:35:48,944 - processing started: 570_214 
2022-04-07 12:35:49,095 - processing completed: 570_214
2022-04-07 12:35:49,100 - processing started: 571_215 
2022-04-07 12:35:49,190 - processing completed: 571_215
2022-04-07 12:35:49,194 - processing started: 572_215 
2022-04-07 12:35:49,338 - processing completed: 572_215
2022-04-07 12:35:49,342 - processing started: 573_216 
2022-04-07 12:35:49,431 - processing completed: 573_216
2022-04-07 12:35:49,435 - processing started: 574_216 
2022-04-07 12:35:49,586 - processing completed: 574_216
2022-04-07 12:35:49,591 - processing started: 575_217 
2022-04-07 12:35:49,681 - processing completed: 575_217
2022-04-07 12:35:49,685 - processing started: 576_217 
2022-04-07 12:35:49,827 - processing completed: 576_217
2022-04-07 12:35:49,831 - processing started: 577_218 
2022-04-07 12:35:49,922 - processing completed: 577_218
2022-04-07 12:35:49,926 - processing started: 578_218 
2022-04-07 12:35:50,070 - processing completed: 578_218
2022-04-07 12:35:50,075 - processing started: 579_219 
2022-04-07 12:35:50,217 - processing completed: 579_219
2022-04-07 12:35:50,221 - processing started: 580_219 
2022-04-07 12:35:50,311 - processing completed: 580_219
2022-04-07 12:35:50,315 - processing started: 581_220 
2022-04-07 12:35:50,466 - processing completed: 581_220
2022-04-07 12:35:50,471 - processing started: 582_220 
2022-04-07 12:35:50,567 - processing completed: 582_220
2022-04-07 12:35:50,571 - processing started: 583_220 
2022-04-07 12:35:50,719 - processing completed: 583_220
2022-04-07 12:35:50,723 - processing started: 584_221 
2022-04-07 12:35:50,816 - processing completed: 584_221
2022-04-07 12:35:50,820 - processing started: 585_221 
2022-04-07 12:35:50,966 - processing completed: 585_221
2022-04-07 12:35:50,971 - processing started: 586_221 
2022-04-07 12:35:51,061 - processing completed: 586_221
2022-04-07 12:35:51,065 - processing started: 587_222 
2022-04-07 12:35:51,209 - processing completed: 587_222
2022-04-07 12:35:51,213 - processing started: 588_222 
2022-04-07 12:35:51,302 - processing completed: 588_222
2022-04-07 12:35:51,307 - processing started: 589_222 
2022-04-07 12:35:51,455 - processing completed: 589_222
2022-04-07 12:35:51,459 - processing started: 590_222 
2022-04-07 12:35:51,551 - processing completed: 590_222
2022-04-07 12:35:51,556 - processing started: 591_223 
2022-04-07 12:35:51,687 - processing completed: 591_223
2022-04-07 12:35:51,690 - processing started: 592_223 
2022-04-07 12:35:51,818 - processing completed: 592_223
2022-04-07 12:35:51,821 - processing started: 593_223 
2022-04-07 12:35:51,894 - processing completed: 593_223
2022-04-07 12:35:51,898 - processing started: 594_224 
2022-04-07 12:35:52,067 - processing completed: 594_224
2022-04-07 12:35:52,071 - processing started: 595_224 
2022-04-07 12:35:52,177 - processing completed: 595_224
2022-04-07 12:35:52,181 - processing started: 596_224 
2022-04-07 12:35:52,345 - processing completed: 596_224
2022-04-07 12:35:52,348 - processing started: 597_225 
2022-04-07 12:35:52,420 - processing completed: 597_225
2022-04-07 12:35:52,423 - processing started: 598_225 
2022-04-07 12:35:52,558 - processing completed: 598_225
2022-04-07 12:35:52,562 - processing started: 599_225 
2022-04-07 12:35:52,683 - processing completed: 599_225
2022-04-07 12:35:52,687 - processing started: 600_225 
2022-04-07 12:35:52,819 - processing completed: 600_225
2022-04-07 12:35:52,824 - processing started: 601_225 
2022-04-07 12:35:52,899 - processing completed: 601_225
2022-04-07 12:35:52,902 - processing started: 602_226 
2022-04-07 12:35:53,036 - processing completed: 602_226
2022-04-07 12:35:53,039 - processing started: 603_226 
2022-04-07 12:35:53,115 - processing completed: 603_226
2022-04-07 12:35:53,118 - processing started: 604_226 
2022-04-07 12:35:53,250 - processing completed: 604_226
2022-04-07 12:35:53,253 - processing started: 605_227 
2022-04-07 12:35:53,347 - processing completed: 605_227
2022-04-07 12:35:53,352 - processing started: 606_227 
2022-04-07 12:35:53,497 - processing completed: 606_227
2022-04-07 12:35:53,501 - processing started: 607_227 
2022-04-07 12:35:53,649 - processing completed: 607_227
2022-04-07 12:35:53,653 - processing started: 608_227 
2022-04-07 12:35:53,744 - processing completed: 608_227
2022-04-07 12:35:53,749 - processing started: 609_227 
2022-04-07 12:35:53,888 - processing completed: 609_227
2022-04-07 12:35:53,892 - processing started: 610_227 
2022-04-07 12:35:53,968 - processing completed: 610_227
2022-04-07 12:35:53,972 - processing started: 611_227 
2022-04-07 12:35:54,149 - processing completed: 611_227
2022-04-07 12:35:54,154 - processing started: 612_227 
2022-04-07 12:35:54,274 - processing completed: 612_227
2022-04-07 12:35:54,278 - processing started: 613_227 
2022-04-07 12:35:54,411 - processing completed: 613_227
2022-04-07 12:35:54,415 - processing started: 614_227 
2022-04-07 12:35:54,491 - processing completed: 614_227
2022-04-07 12:35:54,495 - processing started: 615_228 
2022-04-07 12:35:54,630 - processing completed: 615_228
2022-04-07 12:35:54,634 - processing started: 616_228 
2022-04-07 12:35:54,708 - processing completed: 616_228
2022-04-07 12:35:54,711 - processing started: 617_229 
2022-04-07 12:35:54,843 - processing completed: 617_229
2022-04-07 12:35:54,847 - processing started: 618_229 
2022-04-07 12:35:54,924 - processing completed: 618_229
2022-04-07 12:35:54,928 - processing started: 619_230 
2022-04-07 12:35:55,060 - processing completed: 619_230
2022-04-07 12:35:55,064 - processing started: 620_230 
2022-04-07 12:35:55,139 - processing completed: 620_230
2022-04-07 12:35:55,143 - processing started: 621_230 
2022-04-07 12:35:55,276 - processing completed: 621_230
2022-04-07 12:35:55,280 - processing started: 622_230 
2022-04-07 12:35:55,409 - processing completed: 622_230
2022-04-07 12:35:55,413 - processing started: 623_231 
2022-04-07 12:35:55,483 - processing completed: 623_231
2022-04-07 12:35:55,486 - processing started: 624_231 
2022-04-07 12:35:55,620 - processing completed: 624_231
2022-04-07 12:35:55,623 - processing started: 625_232 
2022-04-07 12:35:55,696 - processing completed: 625_232
2022-04-07 12:35:55,698 - processing started: 626_232 
2022-04-07 12:35:55,826 - processing completed: 626_232
2022-04-07 12:35:55,829 - processing started: 627_232 
2022-04-07 12:35:55,901 - processing completed: 627_232
2022-04-07 12:35:55,905 - processing started: 628_232 
2022-04-07 12:35:56,036 - processing completed: 628_232
2022-04-07 12:35:56,040 - processing started: 629_232 
2022-04-07 12:35:56,111 - processing completed: 629_232
2022-04-07 12:35:56,114 - processing started: 630_232 
2022-04-07 12:35:56,242 - processing completed: 630_232
2022-04-07 12:35:56,245 - processing started: 631_233 
2022-04-07 12:35:56,318 - processing completed: 631_233
2022-04-07 12:35:56,321 - processing started: 632_233 
2022-04-07 12:35:56,448 - processing completed: 632_233
2022-04-07 12:35:56,452 - processing started: 633_234 
2022-04-07 12:35:56,525 - processing completed: 633_234
2022-04-07 12:35:56,528 - processing started: 634_234 
2022-04-07 12:35:56,655 - processing completed: 634_234
2022-04-07 12:35:56,658 - processing started: 635_234 
2022-04-07 12:35:56,730 - processing completed: 635_234
2022-04-07 12:35:56,734 - processing started: 636_234 
2022-04-07 12:35:56,859 - processing completed: 636_234
2022-04-07 12:35:56,862 - processing started: 637_234 
2022-04-07 12:35:56,994 - processing completed: 637_234
2022-04-07 12:35:56,997 - processing started: 638_235 
2022-04-07 12:35:57,092 - processing completed: 638_235
2022-04-07 12:35:57,096 - processing started: 639_235 
2022-04-07 12:35:57,246 - processing completed: 639_235
2022-04-07 12:35:57,251 - processing started: 640_236 
2022-04-07 12:35:57,344 - processing completed: 640_236
2022-04-07 12:35:57,348 - processing started: 641_236 
2022-04-07 12:35:57,496 - processing completed: 641_236
2022-04-07 12:35:57,500 - processing started: 642_236 
2022-04-07 12:35:57,599 - processing completed: 642_236
2022-04-07 12:35:57,602 - processing started: 643_237 
2022-04-07 12:35:57,750 - processing completed: 643_237
2022-04-07 12:35:57,754 - processing started: 644_237 
2022-04-07 12:35:57,849 - processing completed: 644_237
2022-04-07 12:35:57,854 - processing started: 645_238 
2022-04-07 12:35:58,001 - processing completed: 645_238
2022-04-07 12:35:58,005 - processing started: 646_238 
2022-04-07 12:35:58,099 - processing completed: 646_238
2022-04-07 12:35:58,103 - processing started: 647_239 
2022-04-07 12:35:58,250 - processing completed: 647_239
2022-04-07 12:35:58,254 - processing started: 648_239 
2022-04-07 12:35:58,348 - processing completed: 648_239
2022-04-07 12:35:58,351 - processing started: 649_240 
2022-04-07 12:35:58,498 - processing completed: 649_240
2022-04-07 12:35:58,502 - processing started: 650_240 
2022-04-07 12:35:58,598 - processing completed: 650_240
2022-04-07 12:35:58,601 - processing started: 651_240 
2022-04-07 12:35:58,746 - processing completed: 651_240
2022-04-07 12:35:58,751 - processing started: 652_240 
2022-04-07 12:35:58,898 - processing completed: 652_240
2022-04-07 12:35:58,902 - processing started: 653_241 
2022-04-07 12:35:58,998 - processing completed: 653_241
2022-04-07 12:35:59,002 - processing started: 654_241 
2022-04-07 12:35:59,156 - processing completed: 654_241
2022-04-07 12:35:59,161 - processing started: 655_242 
2022-04-07 12:35:59,256 - processing completed: 655_242
2022-04-07 12:35:59,260 - processing started: 656_242 
2022-04-07 12:35:59,408 - processing completed: 656_242
2022-04-07 12:35:59,412 - processing started: 657_242 
2022-04-07 12:35:59,509 - processing completed: 657_242
2022-04-07 12:35:59,513 - processing started: 658_243 
2022-04-07 12:35:59,662 - processing completed: 658_243
2022-04-07 12:35:59,666 - processing started: 659_243 
2022-04-07 12:35:59,760 - processing completed: 659_243
2022-04-07 12:35:59,764 - processing started: 660_243 
2022-04-07 12:35:59,910 - processing completed: 660_243
2022-04-07 12:35:59,914 - processing started: 661_244 
2022-04-07 12:35:59,977 - processing completed: 661_244
2022-04-07 12:35:59,980 - processing started: 662_244 
2022-04-07 12:36:00,111 - processing completed: 662_244
2022-04-07 12:36:00,116 - processing started: 663_244 
2022-04-07 12:36:00,184 - processing completed: 663_244
2022-04-07 12:36:00,187 - processing started: 664_245 
2022-04-07 12:36:00,300 - processing completed: 664_245
2022-04-07 12:36:00,303 - processing started: 665_245 
2022-04-07 12:36:00,365 - processing completed: 665_245
2022-04-07 12:36:00,368 - processing started: 666_246 
2022-04-07 12:36:00,484 - processing completed: 666_246
2022-04-07 12:36:00,487 - processing started: 667_246 
2022-04-07 12:36:00,607 - processing completed: 667_246
2022-04-07 12:36:00,610 - processing started: 668_247 
2022-04-07 12:36:00,673 - processing completed: 668_247
2022-04-07 12:36:00,677 - processing started: 669_247 
2022-04-07 12:36:00,794 - processing completed: 669_247
2022-04-07 12:36:00,798 - processing started: 670_248 
2022-04-07 12:36:00,858 - processing completed: 670_248
2022-04-07 12:36:00,861 - processing started: 671_248 
2022-04-07 12:36:00,978 - processing completed: 671_248
2022-04-07 12:36:00,981 - processing started: 672_248 
2022-04-07 12:36:01,042 - processing completed: 672_248
2022-04-07 12:36:01,046 - processing started: 673_249 
2022-04-07 12:36:01,169 - processing completed: 673_249
2022-04-07 12:36:01,172 - processing started: 674_249 
2022-04-07 12:36:01,234 - processing completed: 674_249
2022-04-07 12:36:01,238 - processing started: 675_250 
2022-04-07 12:36:01,357 - processing completed: 675_250
2022-04-07 12:36:01,360 - processing started: 676_250 
2022-04-07 12:36:01,424 - processing completed: 676_250
2022-04-07 12:36:01,428 - processing started: 677_251 
2022-04-07 12:36:01,560 - processing completed: 677_251
2022-04-07 12:36:01,563 - processing started: 678_251 
2022-04-07 12:36:01,629 - processing completed: 678_251
2022-04-07 12:36:01,632 - processing started: 679_251 
2022-04-07 12:36:01,752 - processing completed: 679_251
2022-04-07 12:36:01,755 - processing started: 680_252 
2022-04-07 12:36:01,821 - processing completed: 680_252
2022-04-07 12:36:01,825 - processing started: 681_252 
2022-04-07 12:36:01,943 - processing completed: 681_252
2022-04-07 12:36:01,946 - processing started: 682_252 
2022-04-07 12:36:02,066 - processing completed: 682_252
2022-04-07 12:36:02,069 - processing started: 683_252 
2022-04-07 12:36:02,130 - processing completed: 683_252
2022-04-07 12:36:02,133 - processing started: 684_253 
2022-04-07 12:36:02,274 - processing completed: 684_253
2022-04-07 12:36:02,278 - processing started: 685_253 
2022-04-07 12:36:02,358 - processing completed: 685_253
2022-04-07 12:36:02,361 - processing started: 686_254 
2022-04-07 12:36:02,503 - processing completed: 686_254
2022-04-07 12:36:02,508 - processing started: 687_254 
2022-04-07 12:36:02,590 - processing completed: 687_254
2022-04-07 12:36:02,593 - processing started: 688_255 
2022-04-07 12:36:02,733 - processing completed: 688_255
2022-04-07 12:36:02,737 - processing started: 689_255 
2022-04-07 12:36:02,820 - processing completed: 689_255
2022-04-07 12:36:02,823 - processing started: 690_256 
2022-04-07 12:36:02,970 - processing completed: 690_256
2022-04-07 12:36:02,974 - processing started: 691_256 
2022-04-07 12:36:03,064 - processing completed: 691_256
2022-04-07 12:36:03,068 - processing started: 692_257 
2022-04-07 12:36:03,207 - processing completed: 692_257
2022-04-07 12:36:03,210 - processing started: 693_257 
2022-04-07 12:36:03,296 - processing completed: 693_257
2022-04-07 12:36:03,299 - processing started: 694_257 
2022-04-07 12:36:03,440 - processing completed: 694_257
2022-04-07 12:36:03,443 - processing started: 695_257 
2022-04-07 12:36:03,527 - processing completed: 695_257
2022-04-07 12:36:03,530 - processing started: 696_258 
2022-04-07 12:36:03,666 - processing completed: 696_258
2022-04-07 12:36:03,669 - processing started: 697_258 
2022-04-07 12:36:03,805 - processing completed: 697_258
2022-04-07 12:36:03,808 - processing started: 698_258 
2022-04-07 12:36:03,891 - processing completed: 698_258
2022-04-07 12:36:03,894 - processing started: 699_259 
2022-04-07 12:36:04,024 - processing completed: 699_259
2022-04-07 12:36:04,028 - processing started: 700_259 
2022-04-07 12:36:04,099 - processing completed: 700_259
2022-04-07 12:36:04,102 - processing started: 701_260 
2022-04-07 12:36:04,237 - processing completed: 701_260
2022-04-07 12:36:04,241 - processing started: 702_260 
2022-04-07 12:36:04,325 - processing completed: 702_260
2022-04-07 12:36:04,328 - processing started: 703_260 
2022-04-07 12:36:04,472 - processing completed: 703_260
2022-04-07 12:36:04,476 - processing started: 704_261 
2022-04-07 12:36:04,559 - processing completed: 704_261
2022-04-07 12:36:04,563 - processing started: 705_261 
2022-04-07 12:36:04,704 - processing completed: 705_261
2022-04-07 12:36:04,707 - processing started: 706_261 
2022-04-07 12:36:04,794 - processing completed: 706_261
2022-04-07 12:36:04,797 - processing started: 707_262 
2022-04-07 12:36:04,926 - processing completed: 707_262
2022-04-07 12:36:04,930 - processing started: 708_262 
2022-04-07 12:36:05,006 - processing completed: 708_262
2022-04-07 12:36:05,009 - processing started: 709_262 
2022-04-07 12:36:05,145 - processing completed: 709_262
2022-04-07 12:36:05,148 - processing started: 710_263 
2022-04-07 12:36:05,227 - processing completed: 710_263
2022-04-07 12:36:05,230 - processing started: 711_263 
2022-04-07 12:36:05,361 - processing completed: 711_263
2022-04-07 12:36:05,364 - processing started: 712_264 
2022-04-07 12:36:05,494 - processing completed: 712_264
2022-04-07 12:36:05,498 - processing started: 713_264 
2022-04-07 12:36:05,572 - processing completed: 713_264
2022-04-07 12:36:05,576 - processing started: 714_264 
2022-04-07 12:36:05,704 - processing completed: 714_264
2022-04-07 12:36:05,708 - processing started: 715_265 
2022-04-07 12:36:05,782 - processing completed: 715_265
2022-04-07 12:36:05,786 - processing started: 716_265 
2022-04-07 12:36:05,914 - processing completed: 716_265
2022-04-07 12:36:05,917 - processing started: 717_265 
2022-04-07 12:36:05,992 - processing completed: 717_265
2022-04-07 12:36:05,996 - processing started: 718_266 
2022-04-07 12:36:06,128 - processing completed: 718_266
2022-04-07 12:36:06,132 - processing started: 719_266 
2022-04-07 12:36:06,207 - processing completed: 719_266
2022-04-07 12:36:06,211 - processing started: 720_267 
2022-04-07 12:36:06,340 - processing completed: 720_267
2022-04-07 12:36:06,343 - processing started: 721_267 
2022-04-07 12:36:06,418 - processing completed: 721_267
2022-04-07 12:36:06,422 - processing started: 722_267 
2022-04-07 12:36:06,555 - processing completed: 722_267
2022-04-07 12:36:06,559 - processing started: 723_267 
2022-04-07 12:36:06,632 - processing completed: 723_267
2022-04-07 12:36:06,636 - processing started: 724_267 
2022-04-07 12:36:06,762 - processing completed: 724_267
2022-04-07 12:36:06,766 - processing started: 725_267 
2022-04-07 12:36:06,898 - processing completed: 725_267
2022-04-07 12:36:06,901 - processing started: 726_268 
2022-04-07 12:36:06,978 - processing completed: 726_268
2022-04-07 12:36:06,982 - processing started: 727_268 
2022-04-07 12:36:07,120 - processing completed: 727_268
2022-04-07 12:36:07,123 - processing started: 728_268 
2022-04-07 12:36:07,202 - processing completed: 728_268
2022-04-07 12:36:07,206 - processing started: 729_268 
2022-04-07 12:36:07,333 - processing completed: 729_268
2022-04-07 12:36:07,337 - processing started: 730_268 
2022-04-07 12:36:07,412 - processing completed: 730_268
2022-04-07 12:36:07,415 - processing started: 731_268 
2022-04-07 12:36:07,551 - processing completed: 731_268
2022-04-07 12:36:07,556 - processing started: 732_268 
2022-04-07 12:36:07,632 - processing completed: 732_268
2022-04-07 12:36:07,635 - processing started: 733_268 
2022-04-07 12:36:07,764 - processing completed: 733_268
2022-04-07 12:36:07,768 - processing started: 734_268 
2022-04-07 12:36:07,842 - processing completed: 734_268
2022-04-07 12:36:07,845 - processing started: 735_269 
2022-04-07 12:36:07,975 - processing completed: 735_269
2022-04-07 12:36:07,978 - processing started: 736_269 
2022-04-07 12:36:08,056 - processing completed: 736_269
2022-04-07 12:36:08,060 - processing started: 737_269 
2022-04-07 12:36:08,190 - processing completed: 737_269
2022-04-07 12:36:08,193 - processing started: 738_270 
2022-04-07 12:36:08,276 - processing completed: 738_270
2022-04-07 12:36:08,279 - processing started: 739_270 
2022-04-07 12:36:08,412 - processing completed: 739_270
2022-04-07 12:36:08,415 - processing started: 740_271 
2022-04-07 12:36:08,555 - processing completed: 740_271
2022-04-07 12:36:08,559 - processing started: 741_271 
2022-04-07 12:36:08,643 - processing completed: 741_271
2022-04-07 12:36:08,647 - processing started: 742_272 
2022-04-07 12:36:08,771 - processing completed: 742_272
2022-04-07 12:36:08,774 - processing started: 743_272 
2022-04-07 12:36:08,842 - processing completed: 743_272
2022-04-07 12:36:08,846 - processing started: 744_272 
2022-04-07 12:36:08,973 - processing completed: 744_272
2022-04-07 12:36:08,976 - processing started: 745_273 
2022-04-07 12:36:09,054 - processing completed: 745_273
2022-04-07 12:36:09,058 - processing started: 746_273 
2022-04-07 12:36:09,190 - processing completed: 746_273
2022-04-07 12:36:09,194 - processing started: 747_274 
2022-04-07 12:36:09,263 - processing completed: 747_274
2022-04-07 12:36:09,265 - processing started: 748_274 
2022-04-07 12:36:09,389 - processing completed: 748_274
2022-04-07 12:36:09,394 - processing started: 749_274 
2022-04-07 12:36:09,461 - processing completed: 749_274
2022-04-07 12:36:09,464 - processing started: 750_274 
2022-04-07 12:36:09,591 - processing completed: 750_274
2022-04-07 12:36:09,595 - processing started: 751_275 
2022-04-07 12:36:09,671 - processing completed: 751_275
2022-04-07 12:36:09,674 - processing started: 752_275 
2022-04-07 12:36:09,800 - processing completed: 752_275
2022-04-07 12:36:09,803 - processing started: 753_275 
2022-04-07 12:36:09,876 - processing completed: 753_275
2022-04-07 12:36:09,880 - processing started: 754_275 
2022-04-07 12:36:10,006 - processing completed: 754_275
2022-04-07 12:36:10,010 - processing started: 755_276 
2022-04-07 12:36:10,137 - processing completed: 755_276
2022-04-07 12:36:10,141 - processing started: 756_276 
2022-04-07 12:36:10,214 - processing completed: 756_276
2022-04-07 12:36:10,217 - processing started: 757_276 
2022-04-07 12:36:10,345 - processing completed: 757_276
2022-04-07 12:36:10,349 - processing started: 758_277 
2022-04-07 12:36:10,426 - processing completed: 758_277
2022-04-07 12:36:10,429 - processing started: 759_277 
2022-04-07 12:36:10,565 - processing completed: 759_277
2022-04-07 12:36:10,568 - processing started: 760_278 
2022-04-07 12:36:10,646 - processing completed: 760_278
2022-04-07 12:36:10,649 - processing started: 761_278 
2022-04-07 12:36:10,785 - processing completed: 761_278
2022-04-07 12:36:10,788 - processing started: 762_278 
2022-04-07 12:36:10,868 - processing completed: 762_278
2022-04-07 12:36:10,871 - processing started: 763_279 
2022-04-07 12:36:11,006 - processing completed: 763_279
2022-04-07 12:36:11,010 - processing started: 764_279 
2022-04-07 12:36:11,087 - processing completed: 764_279
2022-04-07 12:36:11,090 - processing started: 765_280 
2022-04-07 12:36:11,208 - processing completed: 765_280
2022-04-07 12:36:11,211 - processing started: 766_280 
2022-04-07 12:36:11,279 - processing completed: 766_280
2022-04-07 12:36:11,281 - processing started: 767_280 
2022-04-07 12:36:11,401 - processing completed: 767_280
2022-04-07 12:36:11,405 - processing started: 768_281 
2022-04-07 12:36:11,473 - processing completed: 768_281
2022-04-07 12:36:11,476 - processing started: 769_281 
2022-04-07 12:36:11,604 - processing completed: 769_281
2022-04-07 12:36:11,607 - processing started: 770_282 
2022-04-07 12:36:11,728 - processing completed: 770_282
2022-04-07 12:36:11,731 - processing started: 771_282 
2022-04-07 12:36:11,795 - processing completed: 771_282
2022-04-07 12:36:11,799 - processing started: 772_283 
2022-04-07 12:36:11,926 - processing completed: 772_283
2022-04-07 12:36:11,929 - processing started: 773_283 
2022-04-07 12:36:12,002 - processing completed: 773_283
2022-04-07 12:36:12,006 - processing started: 774_284 
2022-04-07 12:36:12,125 - processing completed: 774_284
2022-04-07 12:36:12,128 - processing started: 775_284 
2022-04-07 12:36:12,189 - processing completed: 775_284
2022-04-07 12:36:12,193 - processing started: 776_285 
2022-04-07 12:36:12,311 - processing completed: 776_285
2022-04-07 12:36:12,315 - processing started: 777_285 
2022-04-07 12:36:12,381 - processing completed: 777_285
2022-04-07 12:36:12,384 - processing started: 778_285 
2022-04-07 12:36:12,507 - processing completed: 778_285
2022-04-07 12:36:12,510 - processing started: 779_286 
2022-04-07 12:36:12,639 - processing completed: 779_286
2022-04-07 12:36:12,643 - processing started: 780_286 
2022-04-07 12:36:12,826 - processing completed: 780_286
2022-04-07 12:36:12,830 - processing started: 781_287 
2022-04-07 12:36:12,892 - processing completed: 781_287
2022-04-07 12:36:12,895 - processing started: 782_287 
2022-04-07 12:36:13,015 - processing completed: 782_287
2022-04-07 12:36:13,019 - processing started: 783_288 
2022-04-07 12:36:13,082 - processing completed: 783_288
2022-04-07 12:36:13,085 - processing started: 784_288 
2022-04-07 12:36:13,200 - processing completed: 784_288
2022-04-07 12:36:13,203 - processing started: 785_289 
2022-04-07 12:36:13,321 - processing completed: 785_289
2022-04-07 12:36:13,324 - processing started: 786_289 
2022-04-07 12:36:13,387 - processing completed: 786_289
2022-04-07 12:36:13,391 - processing started: 787_290 
2022-04-07 12:36:13,512 - processing completed: 787_290
2022-04-07 12:36:13,515 - processing started: 788_290 
2022-04-07 12:36:13,579 - processing completed: 788_290
2022-04-07 12:36:13,582 - processing started: 789_290 
2022-04-07 12:36:13,701 - processing completed: 789_290
2022-04-07 12:36:13,704 - processing started: 790_290 
2022-04-07 12:36:13,767 - processing completed: 790_290
2022-04-07 12:36:13,770 - processing started: 791_291 
2022-04-07 12:36:13,889 - processing completed: 791_291
2022-04-07 12:36:13,891 - processing started: 792_291 
2022-04-07 12:36:13,953 - processing completed: 792_291
2022-04-07 12:36:13,956 - processing started: 793_292 
2022-04-07 12:36:14,080 - processing completed: 793_292
2022-04-07 12:36:14,083 - processing started: 794_292 
2022-04-07 12:36:14,145 - processing completed: 794_292
2022-04-07 12:36:14,149 - processing started: 795_292 
2022-04-07 12:36:14,265 - processing completed: 795_292
2022-04-07 12:36:14,268 - processing started: 796_293 
2022-04-07 12:36:14,307 - processing completed: 796_293
2022-04-07 12:36:14,309 - processing started: 797_293 
2022-04-07 12:36:14,400 - processing completed: 797_293
2022-04-07 12:36:14,403 - processing started: 798_294 
2022-04-07 12:36:14,441 - processing completed: 798_294
2022-04-07 12:36:14,444 - processing started: 799_294 
2022-04-07 12:36:14,538 - processing completed: 799_294
2022-04-07 12:36:14,541 - processing started: 800_295 
2022-04-07 12:36:14,660 - processing completed: 800_295
2022-04-07 12:36:14,663 - processing started: 801_295 
2022-04-07 12:36:14,723 - processing completed: 801_295
2022-04-07 12:36:14,726 - processing started: 802_296 
2022-04-07 12:36:14,849 - processing completed: 802_296
2022-04-07 12:36:14,852 - processing started: 803_296 
2022-04-07 12:36:14,922 - processing completed: 803_296
2022-04-07 12:36:14,926 - processing started: 804_296 
2022-04-07 12:36:15,052 - processing completed: 804_296
2022-04-07 12:36:15,055 - processing started: 805_297 
2022-04-07 12:36:15,184 - processing completed: 805_297
2022-04-07 12:36:15,188 - processing started: 806_297 
2022-04-07 12:36:15,372 - processing completed: 806_297
2022-04-07 12:36:15,377 - processing started: 807_298 
2022-04-07 12:36:15,441 - processing completed: 807_298
2022-04-07 12:36:15,444 - processing started: 808_298 
2022-04-07 12:36:15,571 - processing completed: 808_298
2022-04-07 12:36:15,574 - processing started: 809_298 
2022-04-07 12:36:15,640 - processing completed: 809_298
2022-04-07 12:36:15,643 - processing started: 810_299 
2022-04-07 12:36:15,762 - processing completed: 810_299
2022-04-07 12:36:15,765 - processing started: 811_299 
2022-04-07 12:36:15,826 - processing completed: 811_299
2022-04-07 12:36:15,829 - processing started: 0_0 
2022-04-07 12:36:15,830 - Closing connection (200): Normal shutdown
2022-04-07 12:36:15,830 - Closing channel (200): 'Normal shutdown' on <Channel number=1 OPEN conn=<SelectConnection OPEN transport=<pika.adapters.utils.io_services_utils._AsyncPlaintextTransport object at 0x116569910> params=<ConnectionParameters host=localhost port=5672 virtual_host=/ ssl=False>>>
2022-04-07 12:36:15,830 - Received <Channel.CloseOk> on <Channel number=1 CLOSING conn=<SelectConnection OPEN transport=<pika.adapters.utils.io_services_utils._AsyncPlaintextTransport object at 0x116569910> params=<ConnectionParameters host=localhost port=5672 virtual_host=/ ssl=False>>>
2022-04-07 12:36:15,831 - Closing connection (200): 'Normal shutdown'
2022-04-07 12:36:15,831 - Aborting transport connection: state=1; <socket.socket fd=9, family=AddressFamily.AF_INET, type=SocketKind.SOCK_STREAM, proto=6, laddr=('127.0.0.1', 61496), raddr=('127.0.0.1', 5672)>
2022-04-07 12:36:15,831 - _AsyncTransportBase._initate_abort(): Initiating abrupt asynchronous transport shutdown: state=1; error=None; <socket.socket fd=9, family=AddressFamily.AF_INET, type=SocketKind.SOCK_STREAM, proto=6, laddr=('127.0.0.1', 61496), raddr=('127.0.0.1', 5672)>
2022-04-07 12:36:15,831 - Deactivating transport: state=1; <socket.socket fd=9, family=AddressFamily.AF_INET, type=SocketKind.SOCK_STREAM, proto=6, laddr=('127.0.0.1', 61496), raddr=('127.0.0.1', 5672)>
2022-04-07 12:36:15,831 - AMQP stack terminated, failed to connect, or aborted: opened=True, error-arg=None; pending-error=ConnectionClosedByClient: (200) 'Normal shutdown'
2022-04-07 12:36:15,832 - Stack terminated due to ConnectionClosedByClient: (200) 'Normal shutdown'
2022-04-07 12:36:15,832 - Closing transport socket and unlinking: state=3; <socket.socket fd=9, family=AddressFamily.AF_INET, type=SocketKind.SOCK_STREAM, proto=6, laddr=('127.0.0.1', 61496), raddr=('127.0.0.1', 5672)>
2022-04-07 12:36:15,832 - User-initiated close: result=BlockingConnection__OnClosedArgs(connection=<SelectConnection CLOSED transport=None params=<ConnectionParameters host=localhost port=5672 virtual_host=/ ssl=False>>, error=ConnectionClosedByClient: (200) 'Normal shutdown')
2022-04-07 12:36:15,832 - PID 7683 completed loading and processing
2022-04-07 12:36:15,834 - Pika version 1.2.0 connecting to ('::1', 5672, 0, 0)
2022-04-07 12:36:15,835 - Socket failed to connect: <socket.socket fd=9, family=AddressFamily.AF_INET6, type=SocketKind.SOCK_STREAM, proto=6, laddr=('::1', 61506, 0, 0)>; error=61 (Connection refused)
2022-04-07 12:36:15,835 - TCP Connection attempt failed: ConnectionRefusedError(61, 'Connection refused'); dest=(<AddressFamily.AF_INET6: 30>, <SocketKind.SOCK_STREAM: 1>, 6, '', ('::1', 5672, 0, 0))
2022-04-07 12:36:15,835 - AMQPConnector - reporting failure: AMQPConnectorSocketConnectError: ConnectionRefusedError(61, 'Connection refused')
2022-04-07 12:36:15,835 - Pika version 1.2.0 connecting to ('127.0.0.1', 5672)
2022-04-07 12:36:15,836 - Socket connected: <socket.socket fd=9, family=AddressFamily.AF_INET, type=SocketKind.SOCK_STREAM, proto=6, laddr=('127.0.0.1', 61507), raddr=('127.0.0.1', 5672)>
2022-04-07 12:36:15,836 - Streaming transport linked up: (<pika.adapters.utils.io_services_utils._AsyncPlaintextTransport object at 0x11700a550>, _StreamingProtocolShim: <SelectConnection PROTOCOL transport=<pika.adapters.utils.io_services_utils._AsyncPlaintextTransport object at 0x11700a550> params=<ConnectionParameters host=localhost port=5672 virtual_host=/ ssl=False>>).
2022-04-07 12:36:15,851 - AMQPConnector - reporting success: <SelectConnection OPEN transport=<pika.adapters.utils.io_services_utils._AsyncPlaintextTransport object at 0x11700a550> params=<ConnectionParameters host=localhost port=5672 virtual_host=/ ssl=False>>
2022-04-07 12:36:15,851 - AMQPConnectionWorkflow - reporting success: <SelectConnection OPEN transport=<pika.adapters.utils.io_services_utils._AsyncPlaintextTransport object at 0x11700a550> params=<ConnectionParameters host=localhost port=5672 virtual_host=/ ssl=False>>
2022-04-07 12:36:15,851 - Connection workflow succeeded: <SelectConnection OPEN transport=<pika.adapters.utils.io_services_utils._AsyncPlaintextTransport object at 0x11700a550> params=<ConnectionParameters host=localhost port=5672 virtual_host=/ ssl=False>>
2022-04-07 12:36:15,851 - Created channel=1
2022-04-07 12:36:15,853 - Closing connection (200): Normal shutdown
2022-04-07 12:36:15,853 - Closing channel (200): 'Normal shutdown' on <Channel number=1 OPEN conn=<SelectConnection OPEN transport=<pika.adapters.utils.io_services_utils._AsyncPlaintextTransport object at 0x11700a550> params=<ConnectionParameters host=localhost port=5672 virtual_host=/ ssl=False>>>
2022-04-07 12:36:15,854 - Received <Channel.CloseOk> on <Channel number=1 CLOSING conn=<SelectConnection OPEN transport=<pika.adapters.utils.io_services_utils._AsyncPlaintextTransport object at 0x11700a550> params=<ConnectionParameters host=localhost port=5672 virtual_host=/ ssl=False>>>
2022-04-07 12:36:15,854 - Closing connection (200): 'Normal shutdown'
2022-04-07 12:36:15,854 - Aborting transport connection: state=1; <socket.socket fd=9, family=AddressFamily.AF_INET, type=SocketKind.SOCK_STREAM, proto=6, laddr=('127.0.0.1', 61507), raddr=('127.0.0.1', 5672)>
2022-04-07 12:36:15,854 - _AsyncTransportBase._initate_abort(): Initiating abrupt asynchronous transport shutdown: state=1; error=None; <socket.socket fd=9, family=AddressFamily.AF_INET, type=SocketKind.SOCK_STREAM, proto=6, laddr=('127.0.0.1', 61507), raddr=('127.0.0.1', 5672)>
2022-04-07 12:36:15,854 - Deactivating transport: state=1; <socket.socket fd=9, family=AddressFamily.AF_INET, type=SocketKind.SOCK_STREAM, proto=6, laddr=('127.0.0.1', 61507), raddr=('127.0.0.1', 5672)>
2022-04-07 12:36:15,855 - AMQP stack terminated, failed to connect, or aborted: opened=True, error-arg=None; pending-error=ConnectionClosedByClient: (200) 'Normal shutdown'
2022-04-07 12:36:15,855 - Stack terminated due to ConnectionClosedByClient: (200) 'Normal shutdown'
2022-04-07 12:36:15,855 - Closing transport socket and unlinking: state=3; <socket.socket fd=9, family=AddressFamily.AF_INET, type=SocketKind.SOCK_STREAM, proto=6, laddr=('127.0.0.1', 61507), raddr=('127.0.0.1', 5672)>
2022-04-07 12:36:15,855 - User-initiated close: result=BlockingConnection__OnClosedArgs(connection=<SelectConnection CLOSED transport=None params=<ConnectionParameters host=localhost port=5672 virtual_host=/ ssl=False>>, error=ConnectionClosedByClient: (200) 'Normal shutdown')
