2022-04-01 06:08:02,800 - PID 29819 started loading and processing
2022-04-01 06:08:02,806 - Pika version 1.2.0 connecting to ('::1', 5672, 0, 0)
2022-04-01 06:08:02,806 - Socket failed to connect: <socket.socket fd=22, family=AddressFamily.AF_INET6, type=SocketKind.SOCK_STREAM, proto=6, laddr=('::1', 61808, 0, 0)>; error=61 (Connection refused)
2022-04-01 06:08:02,806 - TCP Connection attempt failed: ConnectionRefusedError(61, 'Connection refused'); dest=(<AddressFamily.AF_INET6: 30>, <SocketKind.SOCK_STREAM: 1>, 6, '', ('::1', 5672, 0, 0))
2022-04-01 06:08:02,807 - AMQPConnector - reporting failure: AMQPConnectorSocketConnectError: ConnectionRefusedError(61, 'Connection refused')
2022-04-01 06:08:02,807 - Pika version 1.2.0 connecting to ('127.0.0.1', 5672)
2022-04-01 06:08:02,807 - Socket connected: <socket.socket fd=22, family=AddressFamily.AF_INET, type=SocketKind.SOCK_STREAM, proto=6, laddr=('127.0.0.1', 61809), raddr=('127.0.0.1', 5672)>
2022-04-01 06:08:02,808 - Streaming transport linked up: (<pika.adapters.utils.io_services_utils._AsyncPlaintextTransport object at 0x120f6f280>, _StreamingProtocolShim: <SelectConnection PROTOCOL transport=<pika.adapters.utils.io_services_utils._AsyncPlaintextTransport object at 0x120f6f280> params=<ConnectionParameters host=localhost port=5672 virtual_host=/ ssl=False>>).
2022-04-01 06:08:02,812 - AMQPConnector - reporting success: <SelectConnection OPEN transport=<pika.adapters.utils.io_services_utils._AsyncPlaintextTransport object at 0x120f6f280> params=<ConnectionParameters host=localhost port=5672 virtual_host=/ ssl=False>>
2022-04-01 06:08:02,812 - AMQPConnectionWorkflow - reporting success: <SelectConnection OPEN transport=<pika.adapters.utils.io_services_utils._AsyncPlaintextTransport object at 0x120f6f280> params=<ConnectionParameters host=localhost port=5672 virtual_host=/ ssl=False>>
2022-04-01 06:08:02,812 - Connection workflow succeeded: <SelectConnection OPEN transport=<pika.adapters.utils.io_services_utils._AsyncPlaintextTransport object at 0x120f6f280> params=<ConnectionParameters host=localhost port=5672 virtual_host=/ ssl=False>>
2022-04-01 06:08:02,812 - Created channel=1
2022-04-01 06:08:02,814 - Logging before start consuming
2022-04-01 06:08:05,913 - processing started: 0_000 
2022-04-01 06:08:06,115 - processing completed: 0_000
2022-04-01 06:08:06,140 - processing started: 2_000 
2022-04-01 06:08:06,374 - processing completed: 2_000
2022-04-01 06:08:06,380 - processing started: 4_001 
2022-04-01 06:08:06,631 - processing completed: 4_001
2022-04-01 06:08:06,637 - processing started: 6_002 
2022-04-01 06:08:06,816 - processing completed: 6_002
2022-04-01 06:08:06,821 - processing started: 8_003 
2022-04-01 06:08:07,062 - processing completed: 8_003
2022-04-01 06:08:07,068 - processing started: 10_004 
2022-04-01 06:08:07,252 - processing completed: 10_004
2022-04-01 06:08:07,259 - processing started: 12_005 
2022-04-01 06:08:07,519 - processing completed: 12_005
2022-04-01 06:08:07,533 - processing started: 14_005 
2022-04-01 06:08:07,721 - processing completed: 14_005
2022-04-01 06:08:07,727 - processing started: 16_006 
2022-04-01 06:08:07,976 - processing completed: 16_006
2022-04-01 06:08:07,983 - processing started: 18_007 
2022-04-01 06:08:08,163 - processing completed: 18_007
2022-04-01 06:08:08,169 - processing started: 20_008 
2022-04-01 06:08:08,391 - processing completed: 20_008
2022-04-01 06:08:08,398 - processing started: 22_009 
2022-04-01 06:08:08,611 - processing completed: 22_009
2022-04-01 06:08:08,618 - processing started: 24_009 
2022-04-01 06:08:08,863 - processing completed: 24_009
2022-04-01 06:08:08,870 - processing started: 26_010 
2022-04-01 06:08:09,080 - processing completed: 26_010
2022-04-01 06:08:09,087 - processing started: 28_011 
2022-04-01 06:08:09,399 - processing completed: 28_011
2022-04-01 06:08:09,416 - processing started: 30_012 
2022-04-01 06:08:09,516 - processing completed: 30_012
2022-04-01 06:08:09,521 - processing started: 32_013 
2022-04-01 06:08:09,775 - processing completed: 32_013
2022-04-01 06:08:09,781 - processing started: 34_014 
2022-04-01 06:08:09,971 - processing completed: 34_014
2022-04-01 06:08:09,975 - processing started: 36_014 
2022-04-01 06:08:10,110 - processing completed: 36_014
2022-04-01 06:08:10,121 - processing started: 38_015 
2022-04-01 06:08:10,340 - processing completed: 38_015
2022-04-01 06:08:10,345 - processing started: 40_015 
2022-04-01 06:08:10,479 - processing completed: 40_015
2022-04-01 06:08:10,484 - processing started: 42_015 
2022-04-01 06:08:10,710 - processing completed: 42_015
2022-04-01 06:08:10,717 - processing started: 44_016 
2022-04-01 06:08:10,875 - processing completed: 44_016
2022-04-01 06:08:10,882 - processing started: 46_017 
2022-04-01 06:08:11,131 - processing completed: 46_017
2022-04-01 06:08:11,140 - processing started: 48_018 
2022-04-01 06:08:11,344 - processing completed: 48_018
2022-04-01 06:08:11,352 - processing started: 50_019 
2022-04-01 06:08:11,619 - processing completed: 50_019
2022-04-01 06:08:11,625 - processing started: 52_020 
2022-04-01 06:08:11,781 - processing completed: 52_020
2022-04-01 06:08:11,787 - processing started: 54_021 
2022-04-01 06:08:11,993 - processing completed: 54_021
2022-04-01 06:08:11,998 - processing started: 56_022 
2022-04-01 06:08:12,192 - processing completed: 56_022
2022-04-01 06:08:12,199 - processing started: 58_022 
2022-04-01 06:08:12,455 - processing completed: 58_022
2022-04-01 06:08:12,462 - processing started: 60_023 
2022-04-01 06:08:12,615 - processing completed: 60_023
2022-04-01 06:08:12,620 - processing started: 62_023 
2022-04-01 06:08:12,826 - processing completed: 62_023
2022-04-01 06:08:12,831 - processing started: 64_024 
2022-04-01 06:08:13,065 - processing completed: 64_024
2022-04-01 06:08:13,071 - processing started: 66_025 
2022-04-01 06:08:13,218 - processing completed: 66_025
2022-04-01 06:08:13,224 - processing started: 68_026 
2022-04-01 06:08:13,454 - processing completed: 68_026
2022-04-01 06:08:13,459 - processing started: 70_027 
2022-04-01 06:08:13,588 - processing completed: 70_027
2022-04-01 06:08:13,593 - processing started: 72_028 
2022-04-01 06:08:13,792 - processing completed: 72_028
2022-04-01 06:08:13,797 - processing started: 74_028 
2022-04-01 06:08:13,920 - processing completed: 74_028
2022-04-01 06:08:13,925 - processing started: 76_029 
2022-04-01 06:08:14,134 - processing completed: 76_029
2022-04-01 06:08:14,139 - processing started: 78_030 
2022-04-01 06:08:14,272 - processing completed: 78_030
2022-04-01 06:08:14,277 - processing started: 80_031 
2022-04-01 06:08:14,477 - processing completed: 80_031
2022-04-01 06:08:14,482 - processing started: 82_031 
2022-04-01 06:08:14,622 - processing completed: 82_031
2022-04-01 06:08:14,627 - processing started: 84_032 
2022-04-01 06:08:14,865 - processing completed: 84_032
2022-04-01 06:08:14,872 - processing started: 86_032 
2022-04-01 06:08:15,059 - processing completed: 86_032
2022-04-01 06:08:15,065 - processing started: 88_033 
2022-04-01 06:08:15,263 - processing completed: 88_033
2022-04-01 06:08:15,267 - processing started: 90_033 
2022-04-01 06:08:15,378 - processing completed: 90_033
2022-04-01 06:08:15,384 - processing started: 92_033 
2022-04-01 06:08:15,572 - processing completed: 92_033
2022-04-01 06:08:15,576 - processing started: 94_034 
2022-04-01 06:08:15,762 - processing completed: 94_034
2022-04-01 06:08:15,767 - processing started: 96_035 
2022-04-01 06:08:15,877 - processing completed: 96_035
2022-04-01 06:08:15,882 - processing started: 98_035 
2022-04-01 06:08:16,055 - processing completed: 98_035
2022-04-01 06:08:16,059 - processing started: 100_036 
2022-04-01 06:08:16,170 - processing completed: 100_036
2022-04-01 06:08:16,176 - processing started: 102_037 
2022-04-01 06:08:16,384 - processing completed: 102_037
2022-04-01 06:08:16,389 - processing started: 104_038 
2022-04-01 06:08:16,507 - processing completed: 104_038
2022-04-01 06:08:16,513 - processing started: 106_039 
2022-04-01 06:08:16,697 - processing completed: 106_039
2022-04-01 06:08:16,702 - processing started: 108_039 
2022-04-01 06:08:16,822 - processing completed: 108_039
2022-04-01 06:08:16,826 - processing started: 110_040 
2022-04-01 06:08:17,010 - processing completed: 110_040
2022-04-01 06:08:17,015 - processing started: 112_040 
2022-04-01 06:08:17,159 - processing completed: 112_040
2022-04-01 06:08:17,164 - processing started: 114_040 
2022-04-01 06:08:17,361 - processing completed: 114_040
2022-04-01 06:08:17,366 - processing started: 116_041 
2022-04-01 06:08:17,492 - processing completed: 116_041
2022-04-01 06:08:17,496 - processing started: 118_042 
2022-04-01 06:08:17,684 - processing completed: 118_042
2022-04-01 06:08:17,689 - processing started: 120_042 
2022-04-01 06:08:17,802 - processing completed: 120_042
2022-04-01 06:08:17,807 - processing started: 122_043 
2022-04-01 06:08:17,975 - processing completed: 122_043
2022-04-01 06:08:17,981 - processing started: 124_044 
2022-04-01 06:08:18,160 - processing completed: 124_044
2022-04-01 06:08:18,164 - processing started: 126_044 
2022-04-01 06:08:18,275 - processing completed: 126_044
2022-04-01 06:08:18,279 - processing started: 128_045 
2022-04-01 06:08:18,470 - processing completed: 128_045
2022-04-01 06:08:18,475 - processing started: 130_046 
2022-04-01 06:08:18,595 - processing completed: 130_046
2022-04-01 06:08:18,600 - processing started: 132_047 
2022-04-01 06:08:18,791 - processing completed: 132_047
2022-04-01 06:08:18,796 - processing started: 134_048 
2022-04-01 06:08:18,913 - processing completed: 134_048
2022-04-01 06:08:18,917 - processing started: 136_048 
2022-04-01 06:08:19,119 - processing completed: 136_048
2022-04-01 06:08:19,124 - processing started: 138_049 
2022-04-01 06:08:19,252 - processing completed: 138_049
2022-04-01 06:08:19,257 - processing started: 140_050 
2022-04-01 06:08:19,464 - processing completed: 140_050
2022-04-01 06:08:19,469 - processing started: 142_050 
2022-04-01 06:08:19,592 - processing completed: 142_050
2022-04-01 06:08:19,597 - processing started: 144_051 
2022-04-01 06:08:19,788 - processing completed: 144_051
2022-04-01 06:08:19,793 - processing started: 146_051 
2022-04-01 06:08:19,912 - processing completed: 146_051
2022-04-01 06:08:19,916 - processing started: 148_052 
2022-04-01 06:08:20,100 - processing completed: 148_052
2022-04-01 06:08:20,105 - processing started: 150_053 
2022-04-01 06:08:20,226 - processing completed: 150_053
2022-04-01 06:08:20,231 - processing started: 152_054 
2022-04-01 06:08:20,408 - processing completed: 152_054
2022-04-01 06:08:20,414 - processing started: 154_055 
2022-04-01 06:08:20,616 - processing completed: 154_055
2022-04-01 06:08:20,621 - processing started: 156_056 
2022-04-01 06:08:20,745 - processing completed: 156_056
2022-04-01 06:08:20,749 - processing started: 158_057 
2022-04-01 06:08:20,935 - processing completed: 158_057
2022-04-01 06:08:20,940 - processing started: 160_058 
2022-04-01 06:08:21,162 - processing completed: 160_058
2022-04-01 06:08:21,169 - processing started: 162_058 
2022-04-01 06:08:21,453 - processing completed: 162_058
2022-04-01 06:08:21,461 - processing started: 164_059 
2022-04-01 06:08:21,585 - processing completed: 164_059
2022-04-01 06:08:21,590 - processing started: 166_060 
2022-04-01 06:08:21,784 - processing completed: 166_060
2022-04-01 06:08:21,790 - processing started: 168_061 
2022-04-01 06:08:21,901 - processing completed: 168_061
2022-04-01 06:08:21,905 - processing started: 170_062 
2022-04-01 06:08:22,080 - processing completed: 170_062
2022-04-01 06:08:22,084 - processing started: 172_062 
2022-04-01 06:08:22,194 - processing completed: 172_062
2022-04-01 06:08:22,198 - processing started: 174_063 
2022-04-01 06:08:22,463 - processing completed: 174_063
2022-04-01 06:08:22,470 - processing started: 176_064 
2022-04-01 06:08:22,689 - processing completed: 176_064
2022-04-01 06:08:22,697 - processing started: 178_064 
2022-04-01 06:08:22,964 - processing completed: 178_064
2022-04-01 06:08:22,970 - processing started: 180_065 
2022-04-01 06:08:23,256 - processing completed: 180_065
2022-04-01 06:08:23,263 - processing started: 182_066 
2022-04-01 06:08:23,471 - processing completed: 182_066
2022-04-01 06:08:23,477 - processing started: 184_066 
2022-04-01 06:08:23,735 - processing completed: 184_066
2022-04-01 06:08:23,742 - processing started: 186_066 
2022-04-01 06:08:23,923 - processing completed: 186_066
2022-04-01 06:08:23,928 - processing started: 188_067 
2022-04-01 06:08:24,034 - processing completed: 188_067
2022-04-01 06:08:24,037 - processing started: 190_067 
2022-04-01 06:08:24,174 - processing completed: 190_067
2022-04-01 06:08:24,179 - processing started: 192_067 
2022-04-01 06:08:24,430 - processing completed: 192_067
2022-04-01 06:08:24,437 - processing started: 194_068 
2022-04-01 06:08:24,568 - processing completed: 194_068
2022-04-01 06:08:24,573 - processing started: 196_069 
2022-04-01 06:08:24,757 - processing completed: 196_069
2022-04-01 06:08:24,763 - processing started: 198_069 
2022-04-01 06:08:24,906 - processing completed: 198_069
2022-04-01 06:08:24,911 - processing started: 200_070 
2022-04-01 06:08:25,018 - processing completed: 200_070
2022-04-01 06:08:25,021 - processing started: 202_071 
2022-04-01 06:08:25,219 - processing completed: 202_071
2022-04-01 06:08:25,226 - processing started: 204_072 
2022-04-01 06:08:25,485 - processing completed: 204_072
2022-04-01 06:08:25,492 - processing started: 206_072 
2022-04-01 06:08:25,703 - processing completed: 206_072
2022-04-01 06:08:25,710 - processing started: 208_073 
2022-04-01 06:08:25,966 - processing completed: 208_073
2022-04-01 06:08:25,973 - processing started: 210_074 
2022-04-01 06:08:26,233 - processing completed: 210_074
2022-04-01 06:08:26,240 - processing started: 212_075 
2022-04-01 06:08:26,430 - processing completed: 212_075
2022-04-01 06:08:26,437 - processing started: 214_076 
2022-04-01 06:08:26,702 - processing completed: 214_076
2022-04-01 06:08:26,711 - processing started: 216_077 
2022-04-01 06:08:26,903 - processing completed: 216_077
2022-04-01 06:08:26,911 - processing started: 218_078 
2022-04-01 06:08:27,150 - processing completed: 218_078
2022-04-01 06:08:27,156 - processing started: 220_079 
2022-04-01 06:08:27,340 - processing completed: 220_079
2022-04-01 06:08:27,346 - processing started: 222_079 
2022-04-01 06:08:27,595 - processing completed: 222_079
2022-04-01 06:08:27,602 - processing started: 224_080 
2022-04-01 06:08:27,691 - processing completed: 224_080
2022-04-01 06:08:27,695 - processing started: 226_081 
2022-04-01 06:08:27,880 - processing completed: 226_081
2022-04-01 06:08:27,886 - processing started: 228_081 
2022-04-01 06:08:28,020 - processing completed: 228_081
2022-04-01 06:08:28,025 - processing started: 230_081 
2022-04-01 06:08:28,230 - processing completed: 230_081
2022-04-01 06:08:28,235 - processing started: 232_082 
2022-04-01 06:08:28,361 - processing completed: 232_082
2022-04-01 06:08:28,367 - processing started: 234_082 
2022-04-01 06:08:28,563 - processing completed: 234_082
2022-04-01 06:08:28,567 - processing started: 236_083 
2022-04-01 06:08:28,692 - processing completed: 236_083
2022-04-01 06:08:28,698 - processing started: 238_084 
2022-04-01 06:08:28,901 - processing completed: 238_084
2022-04-01 06:08:28,909 - processing started: 240_085 
2022-04-01 06:08:29,120 - processing completed: 240_085
2022-04-01 06:08:29,126 - processing started: 242_086 
2022-04-01 06:08:29,262 - processing completed: 242_086
2022-04-01 06:08:29,267 - processing started: 244_087 
2022-04-01 06:08:29,453 - processing completed: 244_087
2022-04-01 06:08:29,458 - processing started: 246_088 
2022-04-01 06:08:29,588 - processing completed: 246_088
2022-04-01 06:08:29,594 - processing started: 248_088 
2022-04-01 06:08:29,782 - processing completed: 248_088
2022-04-01 06:08:29,787 - processing started: 250_089 
2022-04-01 06:08:29,866 - processing completed: 250_089
2022-04-01 06:08:29,869 - processing started: 252_090 
2022-04-01 06:08:30,020 - processing completed: 252_090
2022-04-01 06:08:30,025 - processing started: 254_091 
2022-04-01 06:08:30,111 - processing completed: 254_091
2022-04-01 06:08:30,115 - processing started: 256_092 
2022-04-01 06:08:30,268 - processing completed: 256_092
2022-04-01 06:08:30,272 - processing started: 258_093 
2022-04-01 06:08:30,398 - processing completed: 258_093
2022-04-01 06:08:30,404 - processing started: 260_094 
2022-04-01 06:08:30,585 - processing completed: 260_094
2022-04-01 06:08:30,591 - processing started: 262_094 
2022-04-01 06:08:30,713 - processing completed: 262_094
2022-04-01 06:08:30,718 - processing started: 264_095 
2022-04-01 06:08:30,901 - processing completed: 264_095
2022-04-01 06:08:30,908 - processing started: 266_096 
2022-04-01 06:08:31,014 - processing completed: 266_096
2022-04-01 06:08:31,020 - processing started: 268_097 
2022-04-01 06:08:31,203 - processing completed: 268_097
2022-04-01 06:08:31,207 - processing started: 270_098 
2022-04-01 06:08:31,389 - processing completed: 270_098
2022-04-01 06:08:31,393 - processing started: 272_099 
2022-04-01 06:08:31,502 - processing completed: 272_099
2022-04-01 06:08:31,507 - processing started: 274_100 
2022-04-01 06:08:31,721 - processing completed: 274_100
2022-04-01 06:08:31,726 - processing started: 276_101 
2022-04-01 06:08:31,821 - processing completed: 276_101
2022-04-01 06:08:31,826 - processing started: 278_102 
2022-04-01 06:08:31,993 - processing completed: 278_102
2022-04-01 06:08:31,997 - processing started: 280_103 
2022-04-01 06:08:32,087 - processing completed: 280_103
2022-04-01 06:08:32,093 - processing started: 282_103 
2022-04-01 06:08:32,280 - processing completed: 282_103
2022-04-01 06:08:32,286 - processing started: 284_104 
2022-04-01 06:08:32,409 - processing completed: 284_104
2022-04-01 06:08:32,414 - processing started: 286_105 
2022-04-01 06:08:32,606 - processing completed: 286_105
2022-04-01 06:08:32,611 - processing started: 288_106 
2022-04-01 06:08:32,708 - processing completed: 288_106
2022-04-01 06:08:32,714 - processing started: 290_107 
2022-04-01 06:08:32,884 - processing completed: 290_107
2022-04-01 06:08:32,890 - processing started: 292_108 
2022-04-01 06:08:32,983 - processing completed: 292_108
2022-04-01 06:08:32,987 - processing started: 294_108 
2022-04-01 06:08:33,148 - processing completed: 294_108
2022-04-01 06:08:33,152 - processing started: 296_109 
2022-04-01 06:08:33,238 - processing completed: 296_109
2022-04-01 06:08:33,242 - processing started: 298_110 
2022-04-01 06:08:33,415 - processing completed: 298_110
2022-04-01 06:08:33,421 - processing started: 300_111 
2022-04-01 06:08:33,582 - processing completed: 300_111
2022-04-01 06:08:33,588 - processing started: 302_112 
2022-04-01 06:08:33,682 - processing completed: 302_112
2022-04-01 06:08:33,686 - processing started: 304_113 
2022-04-01 06:08:33,848 - processing completed: 304_113
2022-04-01 06:08:33,851 - processing started: 306_114 
2022-04-01 06:08:33,990 - processing completed: 306_114
2022-04-01 06:08:33,995 - processing started: 308_115 
2022-04-01 06:08:34,209 - processing completed: 308_115
2022-04-01 06:08:34,219 - processing started: 310_116 
2022-04-01 06:08:34,399 - processing completed: 310_116
2022-04-01 06:08:34,406 - processing started: 312_117 
2022-04-01 06:08:34,650 - processing completed: 312_117
2022-04-01 06:08:34,657 - processing started: 314_117 
2022-04-01 06:08:34,797 - processing completed: 314_117
2022-04-01 06:08:34,804 - processing started: 316_118 
2022-04-01 06:08:35,011 - processing completed: 316_118
2022-04-01 06:08:35,018 - processing started: 318_119 
2022-04-01 06:08:35,159 - processing completed: 318_119
2022-04-01 06:08:35,167 - processing started: 320_120 
2022-04-01 06:08:35,342 - processing completed: 320_120
2022-04-01 06:08:35,347 - processing started: 322_120 
2022-04-01 06:08:35,452 - processing completed: 322_120
2022-04-01 06:08:35,458 - processing started: 324_121 
2022-04-01 06:08:35,676 - processing completed: 324_121
2022-04-01 06:08:35,682 - processing started: 326_122 
2022-04-01 06:08:35,822 - processing completed: 326_122
2022-04-01 06:08:35,828 - processing started: 328_123 
2022-04-01 06:08:36,045 - processing completed: 328_123
2022-04-01 06:08:36,053 - processing started: 330_123 
2022-04-01 06:08:36,302 - processing completed: 330_123
2022-04-01 06:08:36,308 - processing started: 332_124 
2022-04-01 06:08:36,439 - processing completed: 332_124
2022-04-01 06:08:36,445 - processing started: 334_124 
2022-04-01 06:08:36,702 - processing completed: 334_124
2022-04-01 06:08:36,708 - processing started: 336_124 
2022-04-01 06:08:36,839 - processing completed: 336_124
2022-04-01 06:08:36,845 - processing started: 338_124 
2022-04-01 06:08:37,044 - processing completed: 338_124
2022-04-01 06:08:37,049 - processing started: 340_125 
2022-04-01 06:08:37,180 - processing completed: 340_125
2022-04-01 06:08:37,187 - processing started: 342_126 
2022-04-01 06:08:37,383 - processing completed: 342_126
2022-04-01 06:08:37,388 - processing started: 344_126 
2022-04-01 06:08:37,520 - processing completed: 344_126
2022-04-01 06:08:37,525 - processing started: 346_127 
2022-04-01 06:08:37,736 - processing completed: 346_127
2022-04-01 06:08:37,742 - processing started: 348_128 
2022-04-01 06:08:37,872 - processing completed: 348_128
2022-04-01 06:08:37,877 - processing started: 350_129 
2022-04-01 06:08:38,072 - processing completed: 350_129
2022-04-01 06:08:38,077 - processing started: 352_130 
2022-04-01 06:08:38,233 - processing completed: 352_130
2022-04-01 06:08:38,238 - processing started: 354_131 
2022-04-01 06:08:38,442 - processing completed: 354_131
2022-04-01 06:08:38,449 - processing started: 356_132 
2022-04-01 06:08:38,583 - processing completed: 356_132
2022-04-01 06:08:38,589 - processing started: 358_133 
2022-04-01 06:08:38,815 - processing completed: 358_133
2022-04-01 06:08:38,821 - processing started: 360_134 
2022-04-01 06:08:39,024 - processing completed: 360_134
2022-04-01 06:08:39,030 - processing started: 362_134 
2022-04-01 06:08:39,152 - processing completed: 362_134
2022-04-01 06:08:39,157 - processing started: 364_134 
2022-04-01 06:08:39,345 - processing completed: 364_134
2022-04-01 06:08:39,351 - processing started: 366_135 
2022-04-01 06:08:39,476 - processing completed: 366_135
2022-04-01 06:08:39,483 - processing started: 368_136 
2022-04-01 06:08:39,675 - processing completed: 368_136
2022-04-01 06:08:39,680 - processing started: 370_137 
2022-04-01 06:08:39,822 - processing completed: 370_137
2022-04-01 06:08:39,827 - processing started: 372_138 
2022-04-01 06:08:40,020 - processing completed: 372_138
2022-04-01 06:08:40,025 - processing started: 374_139 
2022-04-01 06:08:40,154 - processing completed: 374_139
2022-04-01 06:08:40,159 - processing started: 376_140 
2022-04-01 06:08:40,368 - processing completed: 376_140
2022-04-01 06:08:40,374 - processing started: 378_140 
2022-04-01 06:08:40,503 - processing completed: 378_140
2022-04-01 06:08:40,509 - processing started: 380_141 
2022-04-01 06:08:40,706 - processing completed: 380_141
2022-04-01 06:08:40,712 - processing started: 382_142 
2022-04-01 06:08:40,857 - processing completed: 382_142
2022-04-01 06:08:40,865 - processing started: 384_143 
2022-04-01 06:08:41,065 - processing completed: 384_143
2022-04-01 06:08:41,071 - processing started: 386_144 
2022-04-01 06:08:41,198 - processing completed: 386_144
2022-04-01 06:08:41,202 - processing started: 388_145 
2022-04-01 06:08:41,393 - processing completed: 388_145
2022-04-01 06:08:41,399 - processing started: 390_145 
2022-04-01 06:08:41,598 - processing completed: 390_145
2022-04-01 06:08:41,603 - processing started: 392_145 
2022-04-01 06:08:41,733 - processing completed: 392_145
2022-04-01 06:08:41,738 - processing started: 394_146 
2022-04-01 06:08:41,941 - processing completed: 394_146
2022-04-01 06:08:41,946 - processing started: 396_147 
2022-04-01 06:08:42,075 - processing completed: 396_147
2022-04-01 06:08:42,081 - processing started: 398_147 
2022-04-01 06:08:42,280 - processing completed: 398_147
2022-04-01 06:08:42,285 - processing started: 400_148 
2022-04-01 06:08:42,440 - processing completed: 400_148
2022-04-01 06:08:42,445 - processing started: 402_149 
2022-04-01 06:08:42,664 - processing completed: 402_149
2022-04-01 06:08:42,671 - processing started: 404_149 
2022-04-01 06:08:42,799 - processing completed: 404_149
2022-04-01 06:08:42,804 - processing started: 406_150 
2022-04-01 06:08:43,042 - processing completed: 406_150
2022-04-01 06:08:43,050 - processing started: 408_151 
2022-04-01 06:08:43,188 - processing completed: 408_151
2022-04-01 06:08:43,195 - processing started: 410_152 
2022-04-01 06:08:43,380 - processing completed: 410_152
2022-04-01 06:08:43,385 - processing started: 412_153 
2022-04-01 06:08:43,507 - processing completed: 412_153
2022-04-01 06:08:43,510 - processing started: 414_154 
2022-04-01 06:08:43,705 - processing completed: 414_154
2022-04-01 06:08:43,709 - processing started: 416_155 
2022-04-01 06:08:43,841 - processing completed: 416_155
2022-04-01 06:08:43,845 - processing started: 418_156 
2022-04-01 06:08:44,040 - processing completed: 418_156
2022-04-01 06:08:44,044 - processing started: 420_157 
2022-04-01 06:08:44,257 - processing completed: 420_157
2022-04-01 06:08:44,262 - processing started: 422_157 
2022-04-01 06:08:44,392 - processing completed: 422_157
2022-04-01 06:08:44,397 - processing started: 424_158 
2022-04-01 06:08:44,616 - processing completed: 424_158
2022-04-01 06:08:44,622 - processing started: 426_159 
2022-04-01 06:08:44,757 - processing completed: 426_159
2022-04-01 06:08:44,764 - processing started: 428_160 
2022-04-01 06:08:44,963 - processing completed: 428_160
2022-04-01 06:08:44,968 - processing started: 430_160 
2022-04-01 06:08:45,105 - processing completed: 430_160
2022-04-01 06:08:45,113 - processing started: 432_161 
2022-04-01 06:08:45,326 - processing completed: 432_161
2022-04-01 06:08:45,332 - processing started: 434_162 
2022-04-01 06:08:45,456 - processing completed: 434_162
2022-04-01 06:08:45,461 - processing started: 436_163 
2022-04-01 06:08:45,647 - processing completed: 436_163
2022-04-01 06:08:45,651 - processing started: 438_164 
2022-04-01 06:08:45,774 - processing completed: 438_164
2022-04-01 06:08:45,779 - processing started: 440_165 
2022-04-01 06:08:45,969 - processing completed: 440_165
2022-04-01 06:08:45,975 - processing started: 442_166 
2022-04-01 06:08:46,098 - processing completed: 442_166
2022-04-01 06:08:46,104 - processing started: 444_167 
2022-04-01 06:08:46,313 - processing completed: 444_167
2022-04-01 06:08:46,320 - processing started: 446_167 
2022-04-01 06:08:46,512 - processing completed: 446_167
2022-04-01 06:08:46,518 - processing started: 448_168 
2022-04-01 06:08:46,666 - processing completed: 448_168
2022-04-01 06:08:46,671 - processing started: 450_168 
2022-04-01 06:08:46,897 - processing completed: 450_168
2022-04-01 06:08:46,905 - processing started: 452_169 
2022-04-01 06:08:47,036 - processing completed: 452_169
2022-04-01 06:08:47,041 - processing started: 454_170 
2022-04-01 06:08:47,257 - processing completed: 454_170
2022-04-01 06:08:47,263 - processing started: 456_171 
2022-04-01 06:08:47,403 - processing completed: 456_171
2022-04-01 06:08:47,409 - processing started: 458_171 
2022-04-01 06:08:47,645 - processing completed: 458_171
2022-04-01 06:08:47,652 - processing started: 460_172 
2022-04-01 06:08:47,806 - processing completed: 460_172
2022-04-01 06:08:47,812 - processing started: 462_173 
2022-04-01 06:08:48,015 - processing completed: 462_173
2022-04-01 06:08:48,021 - processing started: 464_174 
2022-04-01 06:08:48,150 - processing completed: 464_174
2022-04-01 06:08:48,155 - processing started: 466_174 
2022-04-01 06:08:48,350 - processing completed: 466_174
2022-04-01 06:08:48,355 - processing started: 468_175 
2022-04-01 06:08:48,484 - processing completed: 468_175
2022-04-01 06:08:48,490 - processing started: 470_176 
2022-04-01 06:08:48,695 - processing completed: 470_176
2022-04-01 06:08:48,701 - processing started: 472_177 
2022-04-01 06:08:48,858 - processing completed: 472_177
2022-04-01 06:08:48,864 - processing started: 474_178 
2022-04-01 06:08:49,079 - processing completed: 474_178
2022-04-01 06:08:49,084 - processing started: 476_178 
2022-04-01 06:08:49,291 - processing completed: 476_178
2022-04-01 06:08:49,295 - processing started: 478_179 
2022-04-01 06:08:49,428 - processing completed: 478_179
2022-04-01 06:08:49,433 - processing started: 480_180 
2022-04-01 06:08:49,643 - processing completed: 480_180
2022-04-01 06:08:49,649 - processing started: 482_180 
2022-04-01 06:08:49,775 - processing completed: 482_180
2022-04-01 06:08:49,779 - processing started: 484_181 
2022-04-01 06:08:49,968 - processing completed: 484_181
2022-04-01 06:08:49,973 - processing started: 486_182 
2022-04-01 06:08:50,099 - processing completed: 486_182
2022-04-01 06:08:50,105 - processing started: 488_183 
2022-04-01 06:08:50,295 - processing completed: 488_183
2022-04-01 06:08:50,300 - processing started: 490_183 
2022-04-01 06:08:50,429 - processing completed: 490_183
2022-04-01 06:08:50,434 - processing started: 492_184 
2022-04-01 06:08:50,636 - processing completed: 492_184
2022-04-01 06:08:50,641 - processing started: 494_184 
2022-04-01 06:08:50,769 - processing completed: 494_184
2022-04-01 06:08:50,775 - processing started: 496_185 
2022-04-01 06:08:50,985 - processing completed: 496_185
2022-04-01 06:08:50,992 - processing started: 498_186 
2022-04-01 06:08:51,141 - processing completed: 498_186
2022-04-01 06:08:51,148 - processing started: 500_187 
2022-04-01 06:08:51,352 - processing completed: 500_187
2022-04-01 06:08:51,357 - processing started: 502_188 
2022-04-01 06:08:51,505 - processing completed: 502_188
2022-04-01 06:08:51,510 - processing started: 504_188 
2022-04-01 06:08:51,733 - processing completed: 504_188
2022-04-01 06:08:51,740 - processing started: 506_189 
2022-04-01 06:08:51,919 - processing completed: 506_189
2022-04-01 06:08:51,923 - processing started: 508_190 
2022-04-01 06:08:52,051 - processing completed: 508_190
2022-04-01 06:08:52,056 - processing started: 510_191 
2022-04-01 06:08:52,258 - processing completed: 510_191
2022-04-01 06:08:52,263 - processing started: 512_192 
2022-04-01 06:08:52,389 - processing completed: 512_192
2022-04-01 06:08:52,395 - processing started: 514_192 
2022-04-01 06:08:52,591 - processing completed: 514_192
2022-04-01 06:08:52,597 - processing started: 516_193 
2022-04-01 06:08:52,725 - processing completed: 516_193
2022-04-01 06:08:52,731 - processing started: 518_194 
2022-04-01 06:08:52,949 - processing completed: 518_194
2022-04-01 06:08:52,963 - processing started: 520_195 
2022-04-01 06:08:53,111 - processing completed: 520_195
2022-04-01 06:08:53,117 - processing started: 522_196 
2022-04-01 06:08:53,325 - processing completed: 522_196
2022-04-01 06:08:53,331 - processing started: 524_196 
2022-04-01 06:08:53,460 - processing completed: 524_196
2022-04-01 06:08:53,466 - processing started: 526_196 
2022-04-01 06:08:53,699 - processing completed: 526_196
2022-04-01 06:08:53,704 - processing started: 528_197 
2022-04-01 06:08:53,853 - processing completed: 528_197
2022-04-01 06:08:53,858 - processing started: 530_197 
2022-04-01 06:08:54,055 - processing completed: 530_197
2022-04-01 06:08:54,060 - processing started: 532_198 
2022-04-01 06:08:54,186 - processing completed: 532_198
2022-04-01 06:08:54,190 - processing started: 534_199 
2022-04-01 06:08:54,389 - processing completed: 534_199
2022-04-01 06:08:54,393 - processing started: 536_200 
2022-04-01 06:08:54,592 - processing completed: 536_200
2022-04-01 06:08:54,598 - processing started: 538_201 
2022-04-01 06:08:54,724 - processing completed: 538_201
2022-04-01 06:08:54,730 - processing started: 540_202 
2022-04-01 06:08:54,941 - processing completed: 540_202
2022-04-01 06:08:54,946 - processing started: 542_203 
2022-04-01 06:08:55,074 - processing completed: 542_203
2022-04-01 06:08:55,079 - processing started: 544_204 
2022-04-01 06:08:55,292 - processing completed: 544_204
2022-04-01 06:08:55,297 - processing started: 546_205 
2022-04-01 06:08:55,424 - processing completed: 546_205
2022-04-01 06:08:55,430 - processing started: 548_206 
2022-04-01 06:08:55,630 - processing completed: 548_206
2022-04-01 06:08:55,635 - processing started: 550_207 
2022-04-01 06:08:55,769 - processing completed: 550_207
2022-04-01 06:08:55,774 - processing started: 552_207 
2022-04-01 06:08:55,988 - processing completed: 552_207
2022-04-01 06:08:55,992 - processing started: 554_208 
2022-04-01 06:08:56,116 - processing completed: 554_208
2022-04-01 06:08:56,121 - processing started: 556_209 
2022-04-01 06:08:56,311 - processing completed: 556_209
2022-04-01 06:08:56,317 - processing started: 558_210 
2022-04-01 06:08:56,444 - processing completed: 558_210
2022-04-01 06:08:56,450 - processing started: 560_211 
2022-04-01 06:08:56,644 - processing completed: 560_211
2022-04-01 06:08:56,648 - processing started: 562_212 
2022-04-01 06:08:56,774 - processing completed: 562_212
2022-04-01 06:08:56,779 - processing started: 564_213 
2022-04-01 06:08:57,001 - processing completed: 564_213
2022-04-01 06:08:57,007 - processing started: 566_214 
2022-04-01 06:08:57,207 - processing completed: 566_214
2022-04-01 06:08:57,212 - processing started: 568_214 
2022-04-01 06:08:57,354 - processing completed: 568_214
2022-04-01 06:08:57,360 - processing started: 570_214 
2022-04-01 06:08:57,587 - processing completed: 570_214
2022-04-01 06:08:57,593 - processing started: 572_215 
2022-04-01 06:08:57,723 - processing completed: 572_215
2022-04-01 06:08:57,729 - processing started: 574_216 
2022-04-01 06:08:57,943 - processing completed: 574_216
2022-04-01 06:08:57,949 - processing started: 576_217 
2022-04-01 06:08:58,084 - processing completed: 576_217
2022-04-01 06:08:58,089 - processing started: 578_218 
2022-04-01 06:08:58,282 - processing completed: 578_218
2022-04-01 06:08:58,289 - processing started: 580_219 
2022-04-01 06:08:58,413 - processing completed: 580_219
2022-04-01 06:08:58,418 - processing started: 582_220 
2022-04-01 06:08:58,618 - processing completed: 582_220
2022-04-01 06:08:58,625 - processing started: 584_221 
2022-04-01 06:08:58,753 - processing completed: 584_221
2022-04-01 06:08:58,759 - processing started: 586_221 
2022-04-01 06:08:58,950 - processing completed: 586_221
2022-04-01 06:08:58,957 - processing started: 588_222 
2022-04-01 06:08:59,091 - processing completed: 588_222
2022-04-01 06:08:59,097 - processing started: 590_222 
2022-04-01 06:08:59,293 - processing completed: 590_222
2022-04-01 06:08:59,298 - processing started: 592_223 
2022-04-01 06:08:59,421 - processing completed: 592_223
2022-04-01 06:08:59,426 - processing started: 594_224 
2022-04-01 06:08:59,663 - processing completed: 594_224
2022-04-01 06:08:59,669 - processing started: 596_224 
2022-04-01 06:08:59,890 - processing completed: 596_224
2022-04-01 06:08:59,895 - processing started: 598_225 
2022-04-01 06:09:00,004 - processing completed: 598_225
2022-04-01 06:09:00,008 - processing started: 600_225 
2022-04-01 06:09:00,202 - processing completed: 600_225
2022-04-01 06:09:00,207 - processing started: 602_226 
2022-04-01 06:09:00,316 - processing completed: 602_226
2022-04-01 06:09:00,320 - processing started: 604_226 
2022-04-01 06:09:00,490 - processing completed: 604_226
2022-04-01 06:09:00,494 - processing started: 606_227 
2022-04-01 06:09:00,617 - processing completed: 606_227
2022-04-01 06:09:00,622 - processing started: 608_227 
2022-04-01 06:09:00,816 - processing completed: 608_227
2022-04-01 06:09:00,821 - processing started: 610_227 
2022-04-01 06:09:00,925 - processing completed: 610_227
2022-04-01 06:09:00,929 - processing started: 612_227 
2022-04-01 06:09:01,185 - processing completed: 612_227
2022-04-01 06:09:01,191 - processing started: 614_227 
2022-04-01 06:09:01,306 - processing completed: 614_227
2022-04-01 06:09:01,311 - processing started: 616_228 
2022-04-01 06:09:01,484 - processing completed: 616_228
2022-04-01 06:09:01,490 - processing started: 618_229 
2022-04-01 06:09:01,623 - processing completed: 618_229
2022-04-01 06:09:01,630 - processing started: 620_230 
2022-04-01 06:09:01,810 - processing completed: 620_230
2022-04-01 06:09:01,816 - processing started: 622_230 
2022-04-01 06:09:01,931 - processing completed: 622_230
2022-04-01 06:09:01,938 - processing started: 624_231 
2022-04-01 06:09:02,139 - processing completed: 624_231
2022-04-01 06:09:02,144 - processing started: 626_232 
2022-04-01 06:09:02,333 - processing completed: 626_232
2022-04-01 06:09:02,337 - processing started: 628_232 
2022-04-01 06:09:02,434 - processing completed: 628_232
2022-04-01 06:09:02,440 - processing started: 630_232 
2022-04-01 06:09:02,617 - processing completed: 630_232
2022-04-01 06:09:02,621 - processing started: 632_233 
2022-04-01 06:09:02,724 - processing completed: 632_233
2022-04-01 06:09:02,730 - processing started: 634_234 
2022-04-01 06:09:02,896 - processing completed: 634_234
2022-04-01 06:09:02,900 - processing started: 636_234 
2022-04-01 06:09:02,998 - processing completed: 636_234
2022-04-01 06:09:03,003 - processing started: 638_235 
2022-04-01 06:09:03,205 - processing completed: 638_235
2022-04-01 06:09:03,212 - processing started: 640_236 
2022-04-01 06:09:03,352 - processing completed: 640_236
2022-04-01 06:09:03,358 - processing started: 642_236 
2022-04-01 06:09:03,576 - processing completed: 642_236
2022-04-01 06:09:03,581 - processing started: 644_237 
2022-04-01 06:09:03,726 - processing completed: 644_237
2022-04-01 06:09:03,732 - processing started: 646_238 
2022-04-01 06:09:03,949 - processing completed: 646_238
2022-04-01 06:09:03,955 - processing started: 648_239 
2022-04-01 06:09:04,097 - processing completed: 648_239
2022-04-01 06:09:04,102 - processing started: 650_240 
2022-04-01 06:09:04,308 - processing completed: 650_240
2022-04-01 06:09:04,313 - processing started: 652_240 
2022-04-01 06:09:04,466 - processing completed: 652_240
2022-04-01 06:09:04,470 - processing started: 654_241 
2022-04-01 06:09:04,677 - processing completed: 654_241
2022-04-01 06:09:04,684 - processing started: 656_242 
2022-04-01 06:09:04,887 - processing completed: 656_242
2022-04-01 06:09:04,893 - processing started: 658_243 
2022-04-01 06:09:05,024 - processing completed: 658_243
2022-04-01 06:09:05,031 - processing started: 660_243 
2022-04-01 06:09:05,230 - processing completed: 660_243
2022-04-01 06:09:05,235 - processing started: 662_244 
2022-04-01 06:09:05,325 - processing completed: 662_244
2022-04-01 06:09:05,330 - processing started: 664_245 
2022-04-01 06:09:05,505 - processing completed: 664_245
2022-04-01 06:09:05,510 - processing started: 666_246 
2022-04-01 06:09:05,616 - processing completed: 666_246
2022-04-01 06:09:05,620 - processing started: 668_247 
2022-04-01 06:09:05,778 - processing completed: 668_247
2022-04-01 06:09:05,782 - processing started: 670_248 
2022-04-01 06:09:05,870 - processing completed: 670_248
2022-04-01 06:09:05,873 - processing started: 672_248 
2022-04-01 06:09:06,041 - processing completed: 672_248
2022-04-01 06:09:06,045 - processing started: 674_249 
2022-04-01 06:09:06,139 - processing completed: 674_249
2022-04-01 06:09:06,144 - processing started: 676_250 
2022-04-01 06:09:06,304 - processing completed: 676_250
2022-04-01 06:09:06,308 - processing started: 678_251 
2022-04-01 06:09:06,390 - processing completed: 678_251
2022-04-01 06:09:06,394 - processing started: 680_252 
2022-04-01 06:09:06,555 - processing completed: 680_252
2022-04-01 06:09:06,560 - processing started: 682_252 
2022-04-01 06:09:06,646 - processing completed: 682_252
2022-04-01 06:09:06,650 - processing started: 684_253 
2022-04-01 06:09:06,821 - processing completed: 684_253
2022-04-01 06:09:06,826 - processing started: 686_254 
2022-04-01 06:09:07,013 - processing completed: 686_254
2022-04-01 06:09:07,018 - processing started: 688_255 
2022-04-01 06:09:07,147 - processing completed: 688_255
2022-04-01 06:09:07,152 - processing started: 690_256 
2022-04-01 06:09:07,349 - processing completed: 690_256
2022-04-01 06:09:07,354 - processing started: 692_257 
2022-04-01 06:09:07,490 - processing completed: 692_257
2022-04-01 06:09:07,494 - processing started: 694_257 
2022-04-01 06:09:07,727 - processing completed: 694_257
2022-04-01 06:09:07,731 - processing started: 696_258 
2022-04-01 06:09:07,848 - processing completed: 696_258
2022-04-01 06:09:07,853 - processing started: 698_258 
2022-04-01 06:09:08,049 - processing completed: 698_258
2022-04-01 06:09:08,055 - processing started: 700_259 
2022-04-01 06:09:08,160 - processing completed: 700_259
2022-04-01 06:09:08,165 - processing started: 702_260 
2022-04-01 06:09:08,362 - processing completed: 702_260
2022-04-01 06:09:08,366 - processing started: 704_261 
2022-04-01 06:09:08,487 - processing completed: 704_261
2022-04-01 06:09:08,492 - processing started: 706_261 
2022-04-01 06:09:08,707 - processing completed: 706_261
2022-04-01 06:09:08,712 - processing started: 708_262 
2022-04-01 06:09:08,822 - processing completed: 708_262
2022-04-01 06:09:08,826 - processing started: 710_263 
2022-04-01 06:09:09,012 - processing completed: 710_263
2022-04-01 06:09:09,017 - processing started: 712_264 
2022-04-01 06:09:09,205 - processing completed: 712_264
2022-04-01 06:09:09,210 - processing started: 714_264 
2022-04-01 06:09:09,338 - processing completed: 714_264
2022-04-01 06:09:09,343 - processing started: 716_265 
2022-04-01 06:09:09,534 - processing completed: 716_265
2022-04-01 06:09:09,540 - processing started: 718_266 
2022-04-01 06:09:09,654 - processing completed: 718_266
2022-04-01 06:09:09,660 - processing started: 720_267 
2022-04-01 06:09:09,858 - processing completed: 720_267
2022-04-01 06:09:09,863 - processing started: 722_267 
2022-04-01 06:09:09,972 - processing completed: 722_267
2022-04-01 06:09:09,977 - processing started: 724_267 
2022-04-01 06:09:10,157 - processing completed: 724_267
2022-04-01 06:09:10,162 - processing started: 726_268 
2022-04-01 06:09:10,272 - processing completed: 726_268
2022-04-01 06:09:10,278 - processing started: 728_268 
2022-04-01 06:09:10,461 - processing completed: 728_268
2022-04-01 06:09:10,467 - processing started: 730_268 
2022-04-01 06:09:10,572 - processing completed: 730_268
2022-04-01 06:09:10,577 - processing started: 732_268 
2022-04-01 06:09:10,751 - processing completed: 732_268
2022-04-01 06:09:10,757 - processing started: 734_268 
2022-04-01 06:09:10,875 - processing completed: 734_268
2022-04-01 06:09:10,879 - processing started: 736_269 
2022-04-01 06:09:11,054 - processing completed: 736_269
2022-04-01 06:09:11,061 - processing started: 738_270 
2022-04-01 06:09:11,181 - processing completed: 738_270
2022-04-01 06:09:11,185 - processing started: 740_271 
2022-04-01 06:09:11,410 - processing completed: 740_271
2022-04-01 06:09:11,415 - processing started: 742_272 
2022-04-01 06:09:11,610 - processing completed: 742_272
2022-04-01 06:09:11,615 - processing started: 744_272 
2022-04-01 06:09:11,726 - processing completed: 744_272
2022-04-01 06:09:11,731 - processing started: 746_273 
2022-04-01 06:09:11,925 - processing completed: 746_273
2022-04-01 06:09:11,930 - processing started: 748_274 
2022-04-01 06:09:12,029 - processing completed: 748_274
2022-04-01 06:09:12,034 - processing started: 750_274 
2022-04-01 06:09:12,213 - processing completed: 750_274
2022-04-01 06:09:12,219 - processing started: 752_275 
2022-04-01 06:09:12,324 - processing completed: 752_275
2022-04-01 06:09:12,328 - processing started: 754_275 
2022-04-01 06:09:12,503 - processing completed: 754_275
2022-04-01 06:09:12,509 - processing started: 756_276 
2022-04-01 06:09:12,611 - processing completed: 756_276
2022-04-01 06:09:12,615 - processing started: 758_277 
2022-04-01 06:09:12,801 - processing completed: 758_277
2022-04-01 06:09:12,805 - processing started: 760_278 
2022-04-01 06:09:12,929 - processing completed: 760_278
2022-04-01 06:09:12,933 - processing started: 762_278 
2022-04-01 06:09:13,137 - processing completed: 762_278
2022-04-01 06:09:13,144 - processing started: 764_279 
2022-04-01 06:09:13,266 - processing completed: 764_279
2022-04-01 06:09:13,271 - processing started: 766_280 
2022-04-01 06:09:13,451 - processing completed: 766_280
2022-04-01 06:09:13,455 - processing started: 768_281 
2022-04-01 06:09:13,554 - processing completed: 768_281
2022-04-01 06:09:13,558 - processing started: 770_282 
2022-04-01 06:09:13,723 - processing completed: 770_282
2022-04-01 06:09:13,727 - processing started: 772_283 
2022-04-01 06:09:13,896 - processing completed: 772_283
2022-04-01 06:09:13,900 - processing started: 774_284 
2022-04-01 06:09:14,001 - processing completed: 774_284
2022-04-01 06:09:14,006 - processing started: 776_285 
2022-04-01 06:09:14,177 - processing completed: 776_285
2022-04-01 06:09:14,182 - processing started: 778_285 
2022-04-01 06:09:14,278 - processing completed: 778_285
2022-04-01 06:09:14,282 - processing started: 780_286 
2022-04-01 06:09:14,538 - processing completed: 780_286
2022-04-01 06:09:14,546 - processing started: 782_287 
2022-04-01 06:09:14,636 - processing completed: 782_287
2022-04-01 06:09:14,640 - processing started: 784_288 
2022-04-01 06:09:14,796 - processing completed: 784_288
2022-04-01 06:09:14,802 - processing started: 786_289 
2022-04-01 06:09:14,891 - processing completed: 786_289
2022-04-01 06:09:14,897 - processing started: 788_290 
2022-04-01 06:09:15,092 - processing completed: 788_290
2022-04-01 06:09:15,097 - processing started: 790_290 
2022-04-01 06:09:15,217 - processing completed: 790_290
2022-04-01 06:09:15,224 - processing started: 792_291 
2022-04-01 06:09:15,397 - processing completed: 792_291
2022-04-01 06:09:15,401 - processing started: 794_292 
2022-04-01 06:09:15,493 - processing completed: 794_292
2022-04-01 06:09:15,499 - processing started: 796_293 
2022-04-01 06:09:15,627 - processing completed: 796_293
2022-04-01 06:09:15,630 - processing started: 798_294 
2022-04-01 06:09:15,684 - processing completed: 798_294
2022-04-01 06:09:15,688 - processing started: 800_295 
2022-04-01 06:09:15,844 - processing completed: 800_295
2022-04-01 06:09:15,848 - processing started: 802_296 
2022-04-01 06:09:16,018 - processing completed: 802_296
2022-04-01 06:09:16,022 - processing started: 804_296 
2022-04-01 06:09:16,110 - processing completed: 804_296
2022-04-01 06:09:16,114 - processing started: 806_297 
2022-04-01 06:09:16,391 - processing completed: 806_297
2022-04-01 06:09:16,398 - processing started: 808_298 
2022-04-01 06:09:16,488 - processing completed: 808_298
2022-04-01 06:09:16,493 - processing started: 810_299 
2022-04-01 06:09:16,659 - processing completed: 810_299
2022-04-01 06:09:16,663 - processing started: 0_0 
2022-04-01 06:09:16,664 - Closing connection (200): Normal shutdown
2022-04-01 06:09:16,665 - Closing channel (200): 'Normal shutdown' on <Channel number=1 OPEN conn=<SelectConnection OPEN transport=<pika.adapters.utils.io_services_utils._AsyncPlaintextTransport object at 0x120f6f280> params=<ConnectionParameters host=localhost port=5672 virtual_host=/ ssl=False>>>
2022-04-01 06:09:16,665 - Received <Channel.CloseOk> on <Channel number=1 CLOSING conn=<SelectConnection OPEN transport=<pika.adapters.utils.io_services_utils._AsyncPlaintextTransport object at 0x120f6f280> params=<ConnectionParameters host=localhost port=5672 virtual_host=/ ssl=False>>>
2022-04-01 06:09:16,666 - Closing connection (200): 'Normal shutdown'
2022-04-01 06:09:16,666 - Aborting transport connection: state=1; <socket.socket fd=22, family=AddressFamily.AF_INET, type=SocketKind.SOCK_STREAM, proto=6, laddr=('127.0.0.1', 61809), raddr=('127.0.0.1', 5672)>
2022-04-01 06:09:16,666 - _AsyncTransportBase._initate_abort(): Initiating abrupt asynchronous transport shutdown: state=1; error=None; <socket.socket fd=22, family=AddressFamily.AF_INET, type=SocketKind.SOCK_STREAM, proto=6, laddr=('127.0.0.1', 61809), raddr=('127.0.0.1', 5672)>
2022-04-01 06:09:16,667 - Deactivating transport: state=1; <socket.socket fd=22, family=AddressFamily.AF_INET, type=SocketKind.SOCK_STREAM, proto=6, laddr=('127.0.0.1', 61809), raddr=('127.0.0.1', 5672)>
2022-04-01 06:09:16,667 - AMQP stack terminated, failed to connect, or aborted: opened=True, error-arg=None; pending-error=ConnectionClosedByClient: (200) 'Normal shutdown'
2022-04-01 06:09:16,667 - Stack terminated due to ConnectionClosedByClient: (200) 'Normal shutdown'
2022-04-01 06:09:16,667 - Closing transport socket and unlinking: state=3; <socket.socket fd=22, family=AddressFamily.AF_INET, type=SocketKind.SOCK_STREAM, proto=6, laddr=('127.0.0.1', 61809), raddr=('127.0.0.1', 5672)>
2022-04-01 06:09:16,668 - User-initiated close: result=BlockingConnection__OnClosedArgs(connection=<SelectConnection CLOSED transport=None params=<ConnectionParameters host=localhost port=5672 virtual_host=/ ssl=False>>, error=ConnectionClosedByClient: (200) 'Normal shutdown')
2022-04-01 06:09:16,668 - PID 29819 completed loading and processing
