2022-04-01 06:08:11,799 - Pika version 1.2.0 connecting to ('::1', 5672, 0, 0)
2022-04-01 06:08:11,800 - Socket failed to connect: <socket.socket fd=9, family=AddressFamily.AF_INET6, type=SocketKind.SOCK_STREAM, proto=6, laddr=('::1', 61827, 0, 0)>; error=61 (Connection refused)
2022-04-01 06:08:11,800 - TCP Connection attempt failed: ConnectionRefusedError(61, 'Connection refused'); dest=(<AddressFamily.AF_INET6: 30>, <SocketKind.SOCK_STREAM: 1>, 6, '', ('::1', 5672, 0, 0))
2022-04-01 06:08:11,800 - AMQPConnector - reporting failure: AMQPConnectorSocketConnectError: ConnectionRefusedError(61, 'Connection refused')
2022-04-01 06:08:11,801 - Pika version 1.2.0 connecting to ('127.0.0.1', 5672)
2022-04-01 06:08:11,801 - Socket connected: <socket.socket fd=9, family=AddressFamily.AF_INET, type=SocketKind.SOCK_STREAM, proto=6, laddr=('127.0.0.1', 61828), raddr=('127.0.0.1', 5672)>
2022-04-01 06:08:11,802 - Streaming transport linked up: (<pika.adapters.utils.io_services_utils._AsyncPlaintextTransport object at 0x123eaecd0>, _StreamingProtocolShim: <SelectConnection PROTOCOL transport=<pika.adapters.utils.io_services_utils._AsyncPlaintextTransport object at 0x123eaecd0> params=<ConnectionParameters host=localhost port=5672 virtual_host=/ ssl=False>>).
2022-04-01 06:08:11,808 - AMQPConnector - reporting success: <SelectConnection OPEN transport=<pika.adapters.utils.io_services_utils._AsyncPlaintextTransport object at 0x123eaecd0> params=<ConnectionParameters host=localhost port=5672 virtual_host=/ ssl=False>>
2022-04-01 06:08:11,808 - AMQPConnectionWorkflow - reporting success: <SelectConnection OPEN transport=<pika.adapters.utils.io_services_utils._AsyncPlaintextTransport object at 0x123eaecd0> params=<ConnectionParameters host=localhost port=5672 virtual_host=/ ssl=False>>
2022-04-01 06:08:11,808 - Connection workflow succeeded: <SelectConnection OPEN transport=<pika.adapters.utils.io_services_utils._AsyncPlaintextTransport object at 0x123eaecd0> params=<ConnectionParameters host=localhost port=5672 virtual_host=/ ssl=False>>
2022-04-01 06:08:11,808 - Created channel=1
2022-04-01 06:08:12,322 - image: 61_023 arrived at table_manipulation
2022-04-01 06:08:12,322 - adding: 61_023 to LSH
2022-04-01 06:08:12,322 - added: 61_023 to LSH
2022-04-01 06:08:13,061 - image: 25_010 arrived at table_manipulation
2022-04-01 06:08:13,061 - adding: 25_010 to LSH
2022-04-01 06:08:13,061 - added: 25_010 to LSH
2022-04-01 06:08:13,074 - image: 36_014 arrived at table_manipulation
2022-04-01 06:08:13,074 - adding: 36_014 to LSH
2022-04-01 06:08:13,074 - added: 36_014 to LSH
2022-04-01 06:08:13,393 - image: 64_024 arrived at table_manipulation
2022-04-01 06:08:13,393 - adding: 64_024 to LSH
2022-04-01 06:08:13,393 - added: 64_024 to LSH
2022-04-01 06:08:14,092 - image: 72_028 arrived at table_manipulation
2022-04-01 06:08:14,092 - adding: 72_028 to LSH
2022-04-01 06:08:14,092 - added: 72_028 to LSH
2022-04-01 06:08:14,732 - image: 80_031 arrived at table_manipulation
2022-04-01 06:08:14,732 - adding: 80_031 to LSH
2022-04-01 06:08:14,732 - added: 80_031 to LSH
2022-04-01 06:08:15,042 - image: 57_022 arrived at table_manipulation
2022-04-01 06:08:15,042 - adding: 57_022 to LSH
2022-04-01 06:08:15,042 - added: 57_022 to LSH
2022-04-01 06:08:15,051 - image: 73_028 arrived at table_manipulation
2022-04-01 06:08:15,051 - adding: 73_028 to LSH
2022-04-01 06:08:15,051 - added: 73_028 to LSH
2022-04-01 06:08:15,724 - image: 97_035 arrived at table_manipulation
2022-04-01 06:08:15,724 - adding: 97_035 to LSH
2022-04-01 06:08:15,724 - added: 97_035 to LSH
2022-04-01 06:08:16,311 - image: 98_035 arrived at table_manipulation
2022-04-01 06:08:16,312 - adding: 98_035 to LSH
2022-04-01 06:08:16,312 - added: 98_035 to LSH
2022-04-01 06:08:16,931 - image: 106_039 arrived at table_manipulation
2022-04-01 06:08:16,931 - adding: 106_039 to LSH
2022-04-01 06:08:16,931 - added: 106_039 to LSH
2022-04-01 06:08:17,044 - image: 78_030 arrived at table_manipulation
2022-04-01 06:08:17,045 - adding: 78_030 to LSH
2022-04-01 06:08:17,045 - added: 78_030 to LSH
2022-04-01 06:08:17,187 - image: 115_040 arrived at table_manipulation
2022-04-01 06:08:17,188 - adding: 115_040 to LSH
2022-04-01 06:08:17,188 - added: 115_040 to LSH
2022-04-01 06:08:17,754 - image: 116_041 arrived at table_manipulation
2022-04-01 06:08:17,755 - adding: 116_041 to LSH
2022-04-01 06:08:17,755 - added: 116_041 to LSH
2022-04-01 06:08:18,397 - image: 124_044 arrived at table_manipulation
2022-04-01 06:08:18,397 - adding: 124_044 to LSH
2022-04-01 06:08:18,397 - added: 124_044 to LSH
2022-04-01 06:08:18,951 - image: 137_049 arrived at table_manipulation
2022-04-01 06:08:18,951 - adding: 137_049 to LSH
2022-04-01 06:08:18,952 - added: 137_049 to LSH
2022-04-01 06:08:19,081 - image: 111_040 arrived at table_manipulation
2022-04-01 06:08:19,081 - adding: 111_040 to LSH
2022-04-01 06:08:19,081 - added: 111_040 to LSH
2022-04-01 06:08:19,205 - image: 134_048 arrived at table_manipulation
2022-04-01 06:08:19,205 - adding: 134_048 to LSH
2022-04-01 06:08:19,205 - added: 134_048 to LSH
2022-04-01 06:08:19,878 - image: 142_050 arrived at table_manipulation
2022-04-01 06:08:19,878 - adding: 142_050 to LSH
2022-04-01 06:08:19,878 - added: 142_050 to LSH
2022-04-01 06:08:20,463 - image: 155_055 arrived at table_manipulation
2022-04-01 06:08:20,463 - adding: 155_055 to LSH
2022-04-01 06:08:20,464 - added: 155_055 to LSH
2022-04-01 06:08:20,961 - image: 120_042 arrived at table_manipulation
2022-04-01 06:08:20,961 - adding: 120_042 to LSH
2022-04-01 06:08:20,961 - added: 120_042 to LSH
2022-04-01 06:08:20,971 - image: 141_050 arrived at table_manipulation
2022-04-01 06:08:20,971 - adding: 141_050 to LSH
2022-04-01 06:08:20,971 - added: 141_050 to LSH
2022-04-01 06:08:21,446 - image: 160_058 arrived at table_manipulation
2022-04-01 06:08:21,446 - adding: 160_058 to LSH
2022-04-01 06:08:21,446 - added: 160_058 to LSH
2022-04-01 06:08:22,083 - image: 173_063 arrived at table_manipulation
2022-04-01 06:08:22,083 - adding: 173_063 to LSH
2022-04-01 06:08:22,083 - added: 173_063 to LSH
2022-04-01 06:08:22,919 - image: 176_064 arrived at table_manipulation
2022-04-01 06:08:22,919 - adding: 176_064 to LSH
2022-04-01 06:08:22,919 - added: 176_064 to LSH
2022-04-01 06:08:23,102 - image: 159_057 arrived at table_manipulation
2022-04-01 06:08:23,102 - adding: 159_057 to LSH
2022-04-01 06:08:23,102 - added: 159_057 to LSH
2022-04-01 06:08:23,408 - image: 183_066 arrived at table_manipulation
2022-04-01 06:08:23,408 - adding: 183_066 to LSH
2022-04-01 06:08:23,408 - added: 183_066 to LSH
2022-04-01 06:08:24,132 - image: 186_066 arrived at table_manipulation
2022-04-01 06:08:24,132 - adding: 186_066 to LSH
2022-04-01 06:08:24,132 - added: 186_066 to LSH
2022-04-01 06:08:24,842 - image: 197_069 arrived at table_manipulation
2022-04-01 06:08:24,842 - adding: 197_069 to LSH
2022-04-01 06:08:24,842 - added: 197_069 to LSH
2022-04-01 06:08:25,513 - image: 203_072 arrived at table_manipulation
2022-04-01 06:08:25,513 - adding: 203_072 to LSH
2022-04-01 06:08:25,513 - added: 203_072 to LSH
2022-04-01 06:08:25,580 - image: 178_064 arrived at table_manipulation
2022-04-01 06:08:25,580 - adding: 178_064 to LSH
2022-04-01 06:08:25,580 - added: 178_064 to LSH
2022-04-01 06:08:25,930 - image: 206_072 arrived at table_manipulation
2022-04-01 06:08:25,930 - adding: 206_072 to LSH
2022-04-01 06:08:25,930 - added: 206_072 to LSH
2022-04-01 06:08:26,919 - image: 214_076 arrived at table_manipulation
2022-04-01 06:08:26,919 - adding: 214_076 to LSH
2022-04-01 06:08:26,920 - added: 214_076 to LSH
2022-04-01 06:08:27,584 - image: 221_079 arrived at table_manipulation
2022-04-01 06:08:27,585 - adding: 221_079 to LSH
2022-04-01 06:08:27,585 - added: 221_079 to LSH
2022-04-01 06:08:28,106 - image: 199_070 arrived at table_manipulation
2022-04-01 06:08:28,106 - adding: 199_070 to LSH
2022-04-01 06:08:28,106 - added: 199_070 to LSH
2022-04-01 06:08:28,113 - image: 226_081 arrived at table_manipulation
2022-04-01 06:08:28,113 - adding: 226_081 to LSH
2022-04-01 06:08:28,113 - added: 226_081 to LSH
2022-04-01 06:08:28,579 - image: 233_082 arrived at table_manipulation
2022-04-01 06:08:28,579 - adding: 233_082 to LSH
2022-04-01 06:08:28,579 - added: 233_082 to LSH
2022-04-01 06:08:29,146 - image: 239_084 arrived at table_manipulation
2022-04-01 06:08:29,146 - adding: 239_084 to LSH
2022-04-01 06:08:29,146 - added: 239_084 to LSH
2022-04-01 06:08:29,897 - image: 247_088 arrived at table_manipulation
2022-04-01 06:08:29,897 - adding: 247_088 to LSH
2022-04-01 06:08:29,898 - added: 247_088 to LSH
2022-04-01 06:08:30,330 - image: 219_078 arrived at table_manipulation
2022-04-01 06:08:30,331 - adding: 219_078 to LSH
2022-04-01 06:08:30,331 - added: 219_078 to LSH
2022-04-01 06:08:30,340 - image: 235_082 arrived at table_manipulation
2022-04-01 06:08:30,340 - adding: 235_082 to LSH
2022-04-01 06:08:30,340 - added: 235_082 to LSH
2022-04-01 06:08:30,711 - image: 256_092 arrived at table_manipulation
2022-04-01 06:08:30,711 - adding: 256_092 to LSH
2022-04-01 06:08:30,711 - added: 256_092 to LSH
2022-04-01 06:08:31,354 - image: 264_095 arrived at table_manipulation
2022-04-01 06:08:31,355 - adding: 264_095 to LSH
2022-04-01 06:08:31,355 - added: 264_095 to LSH
2022-04-01 06:08:31,904 - image: 272_099 arrived at table_manipulation
2022-04-01 06:08:31,904 - adding: 272_099 to LSH
2022-04-01 06:08:31,904 - added: 272_099 to LSH
2022-04-01 06:08:32,364 - image: 242_086 arrived at table_manipulation
2022-04-01 06:08:32,364 - adding: 242_086 to LSH
2022-04-01 06:08:32,364 - added: 242_086 to LSH
2022-04-01 06:08:32,376 - image: 259_093 arrived at table_manipulation
2022-04-01 06:08:32,376 - adding: 259_093 to LSH
2022-04-01 06:08:32,376 - added: 259_093 to LSH
2022-04-01 06:08:32,854 - image: 283_104 arrived at table_manipulation
2022-04-01 06:08:32,854 - adding: 283_104 to LSH
2022-04-01 06:08:32,854 - added: 283_104 to LSH
2022-04-01 06:08:33,429 - image: 290_107 arrived at table_manipulation
2022-04-01 06:08:33,429 - adding: 290_107 to LSH
2022-04-01 06:08:33,429 - added: 290_107 to LSH
2022-04-01 06:08:34,053 - image: 298_110 arrived at table_manipulation
2022-04-01 06:08:34,053 - adding: 298_110 to LSH
2022-04-01 06:08:34,054 - added: 298_110 to LSH
2022-04-01 06:08:34,274 - image: 273_099 arrived at table_manipulation
2022-04-01 06:08:34,274 - adding: 273_099 to LSH
2022-04-01 06:08:34,274 - added: 273_099 to LSH
2022-04-01 06:08:34,324 - image: 301_111 arrived at table_manipulation
2022-04-01 06:08:34,324 - adding: 301_111 to LSH
2022-04-01 06:08:34,325 - added: 301_111 to LSH
2022-04-01 06:08:34,923 - image: 308_115 arrived at table_manipulation
2022-04-01 06:08:34,923 - adding: 308_115 to LSH
2022-04-01 06:08:34,923 - added: 308_115 to LSH
2022-04-01 06:08:35,548 - image: 316_118 arrived at table_manipulation
2022-04-01 06:08:35,548 - adding: 316_118 to LSH
2022-04-01 06:08:35,548 - added: 316_118 to LSH
2022-04-01 06:08:36,082 - image: 288_106 arrived at table_manipulation
2022-04-01 06:08:36,082 - adding: 288_106 to LSH
2022-04-01 06:08:36,082 - added: 288_106 to LSH
2022-04-01 06:08:36,090 - image: 303_112 arrived at table_manipulation
2022-04-01 06:08:36,090 - adding: 303_112 to LSH
2022-04-01 06:08:36,090 - added: 303_112 to LSH
2022-04-01 06:08:36,365 - image: 326_122 arrived at table_manipulation
2022-04-01 06:08:36,366 - adding: 326_122 to LSH
2022-04-01 06:08:36,366 - added: 326_122 to LSH
2022-04-01 06:08:37,002 - image: 334_124 arrived at table_manipulation
2022-04-01 06:08:37,003 - adding: 334_124 to LSH
2022-04-01 06:08:37,003 - added: 334_124 to LSH
2022-04-01 06:08:37,518 - image: 341_125 arrived at table_manipulation
2022-04-01 06:08:37,518 - adding: 341_125 to LSH
2022-04-01 06:08:37,518 - added: 341_125 to LSH
2022-04-01 06:08:38,156 - image: 312_117 arrived at table_manipulation
2022-04-01 06:08:38,156 - adding: 312_117 to LSH
2022-04-01 06:08:38,156 - added: 312_117 to LSH
2022-04-01 06:08:38,166 - image: 327_122 arrived at table_manipulation
2022-04-01 06:08:38,166 - adding: 327_122 to LSH
2022-04-01 06:08:38,166 - added: 327_122 to LSH
2022-04-01 06:08:38,481 - image: 352_130 arrived at table_manipulation
2022-04-01 06:08:38,481 - adding: 352_130 to LSH
2022-04-01 06:08:38,481 - added: 352_130 to LSH
2022-04-01 06:08:39,054 - image: 359_133 arrived at table_manipulation
2022-04-01 06:08:39,054 - adding: 359_133 to LSH
2022-04-01 06:08:39,055 - added: 359_133 to LSH
2022-04-01 06:08:39,791 - image: 367_135 arrived at table_manipulation
2022-04-01 06:08:39,791 - adding: 367_135 to LSH
2022-04-01 06:08:39,791 - added: 367_135 to LSH
2022-04-01 06:08:40,243 - image: 339_124 arrived at table_manipulation
2022-04-01 06:08:40,243 - adding: 339_124 to LSH
2022-04-01 06:08:40,243 - added: 339_124 to LSH
2022-04-01 06:08:40,252 - image: 354_131 arrived at table_manipulation
2022-04-01 06:08:40,252 - adding: 354_131 to LSH
2022-04-01 06:08:40,252 - added: 354_131 to LSH
2022-04-01 06:08:40,621 - image: 377_140 arrived at table_manipulation
2022-04-01 06:08:40,621 - adding: 377_140 to LSH
2022-04-01 06:08:40,621 - added: 377_140 to LSH
2022-04-01 06:08:41,311 - image: 385_144 arrived at table_manipulation
2022-04-01 06:08:41,311 - adding: 385_144 to LSH
2022-04-01 06:08:41,311 - added: 385_144 to LSH
2022-04-01 06:08:41,985 - image: 392_145 arrived at table_manipulation
2022-04-01 06:08:41,986 - adding: 392_145 to LSH
2022-04-01 06:08:41,986 - added: 392_145 to LSH
2022-04-01 06:08:42,383 - image: 366_135 arrived at table_manipulation
2022-04-01 06:08:42,384 - adding: 366_135 to LSH
2022-04-01 06:08:42,384 - added: 366_135 to LSH
2022-04-01 06:08:42,393 - image: 381_142 arrived at table_manipulation
2022-04-01 06:08:42,393 - adding: 381_142 to LSH
2022-04-01 06:08:42,393 - added: 381_142 to LSH
2022-04-01 06:08:42,915 - image: 403_149 arrived at table_manipulation
2022-04-01 06:08:42,915 - adding: 403_149 to LSH
2022-04-01 06:08:42,916 - added: 403_149 to LSH
2022-04-01 06:08:43,600 - image: 410_152 arrived at table_manipulation
2022-04-01 06:08:43,600 - adding: 410_152 to LSH
2022-04-01 06:08:43,600 - added: 410_152 to LSH
2022-04-01 06:08:44,271 - image: 418_156 arrived at table_manipulation
2022-04-01 06:08:44,271 - adding: 418_156 to LSH
2022-04-01 06:08:44,271 - added: 418_156 to LSH
2022-04-01 06:08:44,468 - image: 393_146 arrived at table_manipulation
2022-04-01 06:08:44,468 - adding: 393_146 to LSH
2022-04-01 06:08:44,468 - added: 393_146 to LSH
2022-04-01 06:08:44,550 - image: 421_157 arrived at table_manipulation
2022-04-01 06:08:44,550 - adding: 421_157 to LSH
2022-04-01 06:08:44,550 - added: 421_157 to LSH
2022-04-01 06:08:45,220 - image: 428_160 arrived at table_manipulation
2022-04-01 06:08:45,221 - adding: 428_160 to LSH
2022-04-01 06:08:45,221 - added: 428_160 to LSH
2022-04-01 06:08:45,870 - image: 436_163 arrived at table_manipulation
2022-04-01 06:08:45,871 - adding: 436_163 to LSH
2022-04-01 06:08:45,871 - added: 436_163 to LSH
2022-04-01 06:08:46,416 - image: 443_166 arrived at table_manipulation
2022-04-01 06:08:46,416 - adding: 443_166 to LSH
2022-04-01 06:08:46,416 - added: 443_166 to LSH
2022-04-01 06:08:46,642 - image: 417_156 arrived at table_manipulation
2022-04-01 06:08:46,642 - adding: 417_156 to LSH
2022-04-01 06:08:46,642 - added: 417_156 to LSH
2022-04-01 06:08:46,791 - image: 446_167 arrived at table_manipulation
2022-04-01 06:08:46,791 - adding: 446_167 to LSH
2022-04-01 06:08:46,791 - added: 446_167 to LSH
2022-04-01 06:08:47,530 - image: 454_170 arrived at table_manipulation
2022-04-01 06:08:47,530 - adding: 454_170 to LSH
2022-04-01 06:08:47,531 - added: 454_170 to LSH
2022-04-01 06:08:48,112 - image: 461_173 arrived at table_manipulation
2022-04-01 06:08:48,112 - adding: 461_173 to LSH
2022-04-01 06:08:48,113 - added: 461_173 to LSH
2022-04-01 06:08:48,822 - image: 469_175 arrived at table_manipulation
2022-04-01 06:08:48,822 - adding: 469_175 to LSH
2022-04-01 06:08:48,823 - added: 469_175 to LSH
2022-04-01 06:08:48,839 - image: 444_167 arrived at table_manipulation
2022-04-01 06:08:48,839 - adding: 444_167 to LSH
2022-04-01 06:08:48,839 - added: 444_167 to LSH
2022-04-01 06:08:49,114 - image: 472_177 arrived at table_manipulation
2022-04-01 06:08:49,114 - adding: 472_177 to LSH
2022-04-01 06:08:49,114 - added: 472_177 to LSH
2022-04-01 06:08:49,753 - image: 479_180 arrived at table_manipulation
2022-04-01 06:08:49,753 - adding: 479_180 to LSH
2022-04-01 06:08:49,753 - added: 479_180 to LSH
2022-04-01 06:08:50,400 - image: 487_182 arrived at table_manipulation
2022-04-01 06:08:50,400 - adding: 487_182 to LSH
2022-04-01 06:08:50,400 - added: 487_182 to LSH
2022-04-01 06:08:50,980 - image: 456_171 arrived at table_manipulation
2022-04-01 06:08:50,981 - adding: 456_171 to LSH
2022-04-01 06:08:50,981 - added: 456_171 to LSH
2022-04-01 06:08:50,990 - image: 471_176 arrived at table_manipulation
2022-04-01 06:08:50,990 - adding: 471_176 to LSH
2022-04-01 06:08:50,990 - added: 471_176 to LSH
2022-04-01 06:08:51,252 - image: 497_186 arrived at table_manipulation
2022-04-01 06:08:51,252 - adding: 497_186 to LSH
2022-04-01 06:08:51,252 - added: 497_186 to LSH
2022-04-01 06:08:51,984 - image: 504_188 arrived at table_manipulation
2022-04-01 06:08:51,984 - adding: 504_188 to LSH
2022-04-01 06:08:51,984 - added: 504_188 to LSH
2022-04-01 06:08:52,616 - image: 512_192 arrived at table_manipulation
2022-04-01 06:08:52,616 - adding: 512_192 to LSH
2022-04-01 06:08:52,616 - added: 512_192 to LSH
2022-04-01 06:08:53,053 - image: 486_182 arrived at table_manipulation
2022-04-01 06:08:53,053 - adding: 486_182 to LSH
2022-04-01 06:08:53,053 - added: 486_182 to LSH
2022-04-01 06:08:53,063 - image: 501_188 arrived at table_manipulation
2022-04-01 06:08:53,063 - adding: 501_188 to LSH
2022-04-01 06:08:53,064 - added: 501_188 to LSH
2022-04-01 06:08:53,601 - image: 523_196 arrived at table_manipulation
2022-04-01 06:08:53,601 - adding: 523_196 to LSH
2022-04-01 06:08:53,601 - added: 523_196 to LSH
2022-04-01 06:08:54,288 - image: 530_197 arrived at table_manipulation
2022-04-01 06:08:54,288 - adding: 530_197 to LSH
2022-04-01 06:08:54,288 - added: 530_197 to LSH
2022-04-01 06:08:54,971 - image: 538_201 arrived at table_manipulation
2022-04-01 06:08:54,971 - adding: 538_201 to LSH
2022-04-01 06:08:54,971 - added: 538_201 to LSH
2022-04-01 06:08:55,166 - image: 513_192 arrived at table_manipulation
2022-04-01 06:08:55,166 - adding: 513_192 to LSH
2022-04-01 06:08:55,166 - added: 513_192 to LSH
2022-04-01 06:08:55,204 - image: 541_202 arrived at table_manipulation
2022-04-01 06:08:55,204 - adding: 541_202 to LSH
2022-04-01 06:08:55,204 - added: 541_202 to LSH
2022-04-01 06:08:55,883 - image: 548_206 arrived at table_manipulation
2022-04-01 06:08:55,883 - adding: 548_206 to LSH
2022-04-01 06:08:55,883 - added: 548_206 to LSH
2022-04-01 06:08:56,534 - image: 556_209 arrived at table_manipulation
2022-04-01 06:08:56,535 - adding: 556_209 to LSH
2022-04-01 06:08:56,535 - added: 556_209 to LSH
2022-04-01 06:08:57,121 - image: 563_212 arrived at table_manipulation
2022-04-01 06:08:57,121 - adding: 563_212 to LSH
2022-04-01 06:08:57,121 - added: 563_212 to LSH
2022-04-01 06:08:57,342 - image: 537_200 arrived at table_manipulation
2022-04-01 06:08:57,342 - adding: 537_200 to LSH
2022-04-01 06:08:57,342 - added: 537_200 to LSH
2022-04-01 06:08:57,461 - image: 566_214 arrived at table_manipulation
2022-04-01 06:08:57,461 - adding: 566_214 to LSH
2022-04-01 06:08:57,461 - added: 566_214 to LSH
2022-04-01 06:08:58,196 - image: 574_216 arrived at table_manipulation
2022-04-01 06:08:58,196 - adding: 574_216 to LSH
2022-04-01 06:08:58,196 - added: 574_216 to LSH
2022-04-01 06:08:58,717 - image: 581_220 arrived at table_manipulation
2022-04-01 06:08:58,717 - adding: 581_220 to LSH
2022-04-01 06:08:58,717 - added: 581_220 to LSH
2022-04-01 06:08:59,401 - image: 552_207 arrived at table_manipulation
2022-04-01 06:08:59,401 - adding: 552_207 to LSH
2022-04-01 06:08:59,402 - added: 552_207 to LSH
2022-04-01 06:08:59,411 - image: 567_214 arrived at table_manipulation
2022-04-01 06:08:59,411 - adding: 567_214 to LSH
2022-04-01 06:08:59,411 - added: 567_214 to LSH
2022-04-01 06:08:59,692 - image: 593_223 arrived at table_manipulation
2022-04-01 06:08:59,692 - adding: 593_223 to LSH
2022-04-01 06:08:59,692 - added: 593_223 to LSH
2022-04-01 06:09:00,300 - image: 599_225 arrived at table_manipulation
2022-04-01 06:09:00,300 - adding: 599_225 to LSH
2022-04-01 06:09:00,300 - added: 599_225 to LSH
2022-04-01 06:09:00,937 - image: 607_227 arrived at table_manipulation
2022-04-01 06:09:00,937 - adding: 607_227 to LSH
2022-04-01 06:09:00,937 - added: 607_227 to LSH
2022-04-01 06:09:01,534 - image: 576_217 arrived at table_manipulation
2022-04-01 06:09:01,534 - adding: 576_217 to LSH
2022-04-01 06:09:01,534 - added: 576_217 to LSH
2022-04-01 06:09:01,544 - image: 590_222 arrived at table_manipulation
2022-04-01 06:09:01,544 - adding: 590_222 to LSH
2022-04-01 06:09:01,544 - added: 590_222 to LSH
2022-04-01 06:09:01,791 - image: 617_229 arrived at table_manipulation
2022-04-01 06:09:01,792 - adding: 617_229 to LSH
2022-04-01 06:09:01,792 - added: 617_229 to LSH
2022-04-01 06:09:02,478 - image: 625_232 arrived at table_manipulation
2022-04-01 06:09:02,478 - adding: 625_232 to LSH
2022-04-01 06:09:02,478 - added: 625_232 to LSH
2022-04-01 06:09:03,009 - image: 632_233 arrived at table_manipulation
2022-04-01 06:09:03,010 - adding: 632_233 to LSH
2022-04-01 06:09:03,010 - added: 632_233 to LSH
2022-04-01 06:09:03,537 - image: 600_225 arrived at table_manipulation
2022-04-01 06:09:03,537 - adding: 600_225 to LSH
2022-04-01 06:09:03,538 - added: 600_225 to LSH
2022-04-01 06:09:03,546 - image: 615_228 arrived at table_manipulation
2022-04-01 06:09:03,547 - adding: 615_228 to LSH
2022-04-01 06:09:03,547 - added: 615_228 to LSH
2022-04-01 06:09:03,882 - image: 643_237 arrived at table_manipulation
2022-04-01 06:09:03,882 - adding: 643_237 to LSH
2022-04-01 06:09:03,882 - added: 643_237 to LSH
2022-04-01 06:09:04,568 - image: 650_240 arrived at table_manipulation
2022-04-01 06:09:04,568 - adding: 650_240 to LSH
2022-04-01 06:09:04,568 - added: 650_240 to LSH
2022-04-01 06:09:05,265 - image: 658_243 arrived at table_manipulation
2022-04-01 06:09:05,265 - adding: 658_243 to LSH
2022-04-01 06:09:05,265 - added: 658_243 to LSH
2022-04-01 06:09:05,503 - image: 633_234 arrived at table_manipulation
2022-04-01 06:09:05,503 - adding: 633_234 to LSH
2022-04-01 06:09:05,503 - added: 633_234 to LSH
2022-04-01 06:09:05,512 - image: 645_238 arrived at table_manipulation
2022-04-01 06:09:05,512 - adding: 645_238 to LSH
2022-04-01 06:09:05,512 - added: 645_238 to LSH
2022-04-01 06:09:06,103 - image: 669_247 arrived at table_manipulation
2022-04-01 06:09:06,103 - adding: 669_247 to LSH
2022-04-01 06:09:06,103 - added: 669_247 to LSH
2022-04-01 06:09:06,710 - image: 677_251 arrived at table_manipulation
2022-04-01 06:09:06,710 - adding: 677_251 to LSH
2022-04-01 06:09:06,710 - added: 677_251 to LSH
2022-04-01 06:09:07,262 - image: 682_252 arrived at table_manipulation
2022-04-01 06:09:07,262 - adding: 682_252 to LSH
2022-04-01 06:09:07,263 - added: 682_252 to LSH
2022-04-01 06:09:07,475 - image: 657_242 arrived at table_manipulation
2022-04-01 06:09:07,475 - adding: 657_242 to LSH
2022-04-01 06:09:07,475 - added: 657_242 to LSH
2022-04-01 06:09:07,516 - image: 687_254 arrived at table_manipulation
2022-04-01 06:09:07,516 - adding: 687_254 to LSH
2022-04-01 06:09:07,516 - added: 687_254 to LSH
2022-04-01 06:09:08,160 - image: 694_257 arrived at table_manipulation
2022-04-01 06:09:08,160 - adding: 694_257 to LSH
2022-04-01 06:09:08,160 - added: 694_257 to LSH
2022-04-01 06:09:08,750 - image: 701_260 arrived at table_manipulation
2022-04-01 06:09:08,750 - adding: 701_260 to LSH
2022-04-01 06:09:08,750 - added: 701_260 to LSH
2022-04-01 06:09:09,302 - image: 673_249 arrived at table_manipulation
2022-04-01 06:09:09,302 - adding: 673_249 to LSH
2022-04-01 06:09:09,302 - added: 673_249 to LSH
2022-04-01 06:09:09,311 - image: 686_254 arrived at table_manipulation
2022-04-01 06:09:09,312 - adding: 686_254 to LSH
2022-04-01 06:09:09,312 - added: 686_254 to LSH
2022-04-01 06:09:09,622 - image: 712_264 arrived at table_manipulation
2022-04-01 06:09:09,623 - adding: 712_264 to LSH
2022-04-01 06:09:09,623 - added: 712_264 to LSH
2022-04-01 06:09:10,213 - image: 719_266 arrived at table_manipulation
2022-04-01 06:09:10,213 - adding: 719_266 to LSH
2022-04-01 06:09:10,213 - added: 719_266 to LSH
2022-04-01 06:09:10,789 - image: 727_268 arrived at table_manipulation
2022-04-01 06:09:10,789 - adding: 727_268 to LSH
2022-04-01 06:09:10,789 - added: 727_268 to LSH
2022-04-01 06:09:11,265 - image: 696_258 arrived at table_manipulation
2022-04-01 06:09:11,265 - adding: 696_258 to LSH
2022-04-01 06:09:11,266 - added: 696_258 to LSH
2022-04-01 06:09:11,282 - image: 711_263 arrived at table_manipulation
2022-04-01 06:09:11,282 - adding: 711_263 to LSH
2022-04-01 06:09:11,283 - added: 711_263 to LSH
2022-04-01 06:09:11,647 - image: 737_269 arrived at table_manipulation
2022-04-01 06:09:11,647 - adding: 737_269 to LSH
2022-04-01 06:09:11,647 - added: 737_269 to LSH
2022-04-01 06:09:12,237 - image: 745_273 arrived at table_manipulation
2022-04-01 06:09:12,237 - adding: 745_273 to LSH
2022-04-01 06:09:12,237 - added: 745_273 to LSH
2022-04-01 06:09:12,801 - image: 752_275 arrived at table_manipulation
2022-04-01 06:09:12,801 - adding: 752_275 to LSH
2022-04-01 06:09:12,801 - added: 752_275 to LSH
2022-04-01 06:09:13,158 - image: 726_268 arrived at table_manipulation
2022-04-01 06:09:13,158 - adding: 726_268 to LSH
2022-04-01 06:09:13,158 - added: 726_268 to LSH
2022-04-01 06:09:13,168 - image: 741_271 arrived at table_manipulation
2022-04-01 06:09:13,169 - adding: 741_271 to LSH
2022-04-01 06:09:13,169 - added: 741_271 to LSH
2022-04-01 06:09:13,673 - image: 763_279 arrived at table_manipulation
2022-04-01 06:09:13,673 - adding: 763_279 to LSH
2022-04-01 06:09:13,673 - added: 763_279 to LSH
2022-04-01 06:09:14,265 - image: 771_282 arrived at table_manipulation
2022-04-01 06:09:14,265 - adding: 771_282 to LSH
2022-04-01 06:09:14,265 - added: 771_282 to LSH
2022-04-01 06:09:14,842 - image: 778_285 arrived at table_manipulation
2022-04-01 06:09:14,842 - adding: 778_285 to LSH
2022-04-01 06:09:14,842 - added: 778_285 to LSH
2022-04-01 06:09:15,045 - image: 753_275 arrived at table_manipulation
2022-04-01 06:09:15,046 - adding: 753_275 to LSH
2022-04-01 06:09:15,046 - added: 753_275 to LSH
2022-04-01 06:09:15,111 - image: 780_286 arrived at table_manipulation
2022-04-01 06:09:15,111 - adding: 780_286 to LSH
2022-04-01 06:09:15,111 - added: 780_286 to LSH
2022-04-01 06:09:15,788 - image: 788_290 arrived at table_manipulation
2022-04-01 06:09:15,788 - adding: 788_290 to LSH
2022-04-01 06:09:15,788 - added: 788_290 to LSH
2022-04-01 06:09:16,359 - image: 796_293 arrived at table_manipulation
2022-04-01 06:09:16,359 - adding: 796_293 to LSH
2022-04-01 06:09:16,360 - added: 796_293 to LSH
2022-04-01 06:09:16,905 - image: 769_281 arrived at table_manipulation
2022-04-01 06:09:16,905 - adding: 769_281 to LSH
2022-04-01 06:09:16,905 - added: 769_281 to LSH
2022-04-01 06:09:16,915 - image: 782_287 arrived at table_manipulation
2022-04-01 06:09:16,915 - adding: 782_287 to LSH
2022-04-01 06:09:16,915 - added: 782_287 to LSH
2022-04-01 06:09:17,261 - image: 806_297 arrived at table_manipulation
2022-04-01 06:09:17,261 - adding: 806_297 to LSH
2022-04-01 06:09:17,261 - added: 806_297 to LSH
2022-04-01 06:09:22,034 - image: 792_291 arrived at table_manipulation
2022-04-01 06:09:22,034 - adding: 792_291 to LSH
2022-04-01 06:09:22,034 - added: 792_291 to LSH
2022-04-01 06:09:22,041 - image: 807_298 arrived at table_manipulation
2022-04-01 06:09:22,041 - adding: 807_298 to LSH
2022-04-01 06:09:22,041 - added: 807_298 to LSH
2022-04-01 07:02:10,658 - image: 3_001 arrived at table_manipulation
2022-04-01 07:02:10,664 - adding: 3_001 to LSH
2022-04-01 07:02:10,667 - added: 3_001 to LSH
2022-04-01 07:02:12,354 - image: 8_003 arrived at table_manipulation
2022-04-01 07:02:12,360 - adding: 8_003 to LSH
2022-04-01 07:02:12,360 - added: 8_003 to LSH
2022-04-01 07:02:12,380 - image: 15_005 arrived at table_manipulation
2022-04-01 07:02:12,380 - adding: 15_005 to LSH
2022-04-01 07:02:12,380 - added: 15_005 to LSH
2022-04-01 07:02:13,881 - image: 19_007 arrived at table_manipulation
2022-04-01 07:02:13,882 - adding: 19_007 to LSH
2022-04-01 07:02:13,882 - added: 19_007 to LSH
2022-04-01 07:02:13,891 - image: 22_009 arrived at table_manipulation
2022-04-01 07:02:13,891 - adding: 22_009 to LSH
2022-04-01 07:02:13,891 - added: 22_009 to LSH
2022-04-01 07:02:15,153 - image: 70_027 arrived at table_manipulation
2022-04-01 07:02:15,153 - adding: 70_027 to LSH
2022-04-01 07:02:15,153 - added: 70_027 to LSH
2022-04-01 07:02:15,599 - image: 26_010 arrived at table_manipulation
2022-04-01 07:02:15,600 - adding: 26_010 to LSH
2022-04-01 07:02:15,600 - added: 26_010 to LSH
2022-04-01 07:02:16,070 - image: 78_030 arrived at table_manipulation
2022-04-01 07:02:16,070 - adding: 78_030 to LSH
2022-04-01 07:02:16,071 - added: 78_030 to LSH
2022-04-01 07:02:17,334 - image: 30_012 arrived at table_manipulation
2022-04-01 07:02:17,335 - adding: 30_012 to LSH
2022-04-01 07:02:17,335 - added: 30_012 to LSH
2022-04-01 07:02:17,345 - image: 36_014 arrived at table_manipulation
2022-04-01 07:02:17,346 - adding: 36_014 to LSH
2022-04-01 07:02:17,346 - added: 36_014 to LSH
2022-04-01 07:02:18,293 - image: 98_035 arrived at table_manipulation
2022-04-01 07:02:18,293 - adding: 98_035 to LSH
2022-04-01 07:02:18,293 - added: 98_035 to LSH
2022-04-01 07:02:19,077 - image: 40_015 arrived at table_manipulation
2022-04-01 07:02:19,077 - adding: 40_015 to LSH
2022-04-01 07:02:19,077 - added: 40_015 to LSH
2022-04-01 07:02:19,182 - image: 106_039 arrived at table_manipulation
2022-04-01 07:02:19,182 - adding: 106_039 to LSH
2022-04-01 07:02:19,182 - added: 106_039 to LSH
2022-04-01 07:02:20,456 - image: 118_042 arrived at table_manipulation
2022-04-01 07:02:20,456 - adding: 118_042 to LSH
2022-04-01 07:02:20,457 - added: 118_042 to LSH
2022-04-01 07:02:20,744 - image: 50_019 arrived at table_manipulation
2022-04-01 07:02:20,744 - adding: 50_019 to LSH
2022-04-01 07:02:20,744 - added: 50_019 to LSH
2022-04-01 07:02:21,333 - image: 126_044 arrived at table_manipulation
2022-04-01 07:02:21,334 - adding: 126_044 to LSH
2022-04-01 07:02:21,334 - added: 126_044 to LSH
2022-04-01 07:02:22,372 - image: 61_023 arrived at table_manipulation
2022-04-01 07:02:22,372 - adding: 61_023 to LSH
2022-04-01 07:02:22,372 - added: 61_023 to LSH
2022-04-01 07:02:22,381 - image: 136_048 arrived at table_manipulation
2022-04-01 07:02:22,381 - adding: 136_048 to LSH
2022-04-01 07:02:22,381 - added: 136_048 to LSH
2022-04-01 07:02:23,438 - image: 146_051 arrived at table_manipulation
2022-04-01 07:02:23,438 - adding: 146_051 to LSH
2022-04-01 07:02:23,439 - added: 146_051 to LSH
2022-04-01 07:02:24,108 - image: 79_030 arrived at table_manipulation
2022-04-01 07:02:24,108 - adding: 79_030 to LSH
2022-04-01 07:02:24,108 - added: 79_030 to LSH
2022-04-01 07:02:24,305 - image: 154_055 arrived at table_manipulation
2022-04-01 07:02:24,305 - adding: 154_055 to LSH
2022-04-01 07:02:24,305 - added: 154_055 to LSH
2022-04-01 07:02:26,037 - image: 166_060 arrived at table_manipulation
2022-04-01 07:02:26,037 - adding: 166_060 to LSH
2022-04-01 07:02:26,038 - added: 166_060 to LSH
2022-04-01 07:02:26,039 - image: 99_036 arrived at table_manipulation
2022-04-01 07:02:26,039 - adding: 99_036 to LSH
2022-04-01 07:02:26,039 - added: 99_036 to LSH
2022-04-01 07:02:26,461 - image: 179_065 arrived at table_manipulation
2022-04-01 07:02:26,461 - adding: 179_065 to LSH
2022-04-01 07:02:26,461 - added: 179_065 to LSH
2022-04-01 07:02:27,501 - image: 109_040 arrived at table_manipulation
2022-04-01 07:02:27,501 - adding: 109_040 to LSH
2022-04-01 07:02:27,501 - added: 109_040 to LSH
2022-04-01 07:02:27,511 - image: 121_042 arrived at table_manipulation
2022-04-01 07:02:27,511 - adding: 121_042 to LSH
2022-04-01 07:02:27,511 - added: 121_042 to LSH
2022-04-01 07:02:28,604 - image: 196_069 arrived at table_manipulation
2022-04-01 07:02:28,604 - adding: 196_069 to LSH
2022-04-01 07:02:28,604 - added: 196_069 to LSH
2022-04-01 07:02:29,216 - image: 129_045 arrived at table_manipulation
2022-04-01 07:02:29,216 - adding: 129_045 to LSH
2022-04-01 07:02:29,216 - added: 129_045 to LSH
2022-04-01 07:02:29,515 - image: 205_072 arrived at table_manipulation
2022-04-01 07:02:29,516 - adding: 205_072 to LSH
2022-04-01 07:02:29,516 - added: 205_072 to LSH
2022-04-01 07:02:30,837 - image: 217_077 arrived at table_manipulation
2022-04-01 07:02:30,837 - adding: 217_077 to LSH
2022-04-01 07:02:30,837 - added: 217_077 to LSH
2022-04-01 07:02:31,031 - image: 149_052 arrived at table_manipulation
2022-04-01 07:02:31,032 - adding: 149_052 to LSH
2022-04-01 07:02:31,032 - added: 149_052 to LSH
2022-04-01 07:02:31,732 - image: 224_080 arrived at table_manipulation
2022-04-01 07:02:31,732 - adding: 224_080 to LSH
2022-04-01 07:02:31,732 - added: 224_080 to LSH
2022-04-01 07:02:32,691 - image: 157_056 arrived at table_manipulation
2022-04-01 07:02:32,691 - adding: 157_056 to LSH
2022-04-01 07:02:32,691 - added: 157_056 to LSH
2022-04-01 07:02:32,701 - image: 162_058 arrived at table_manipulation
2022-04-01 07:02:32,701 - adding: 162_058 to LSH
2022-04-01 07:02:32,701 - added: 162_058 to LSH
2022-04-01 07:02:33,894 - image: 244_087 arrived at table_manipulation
2022-04-01 07:02:33,894 - adding: 244_087 to LSH
2022-04-01 07:02:33,894 - added: 244_087 to LSH
2022-04-01 07:02:34,409 - image: 172_062 arrived at table_manipulation
2022-04-01 07:02:34,409 - adding: 172_062 to LSH
2022-04-01 07:02:34,409 - added: 172_062 to LSH
2022-04-01 07:02:34,774 - image: 255_091 arrived at table_manipulation
2022-04-01 07:02:34,774 - adding: 255_091 to LSH
2022-04-01 07:02:34,774 - added: 255_091 to LSH
2022-04-01 07:02:36,036 - image: 267_097 arrived at table_manipulation
2022-04-01 07:02:36,036 - adding: 267_097 to LSH
2022-04-01 07:02:36,036 - added: 267_097 to LSH
2022-04-01 07:02:36,149 - image: 195_069 arrived at table_manipulation
2022-04-01 07:02:36,149 - adding: 195_069 to LSH
2022-04-01 07:02:36,150 - added: 195_069 to LSH
2022-04-01 07:02:36,922 - image: 272_099 arrived at table_manipulation
2022-04-01 07:02:36,922 - adding: 272_099 to LSH
2022-04-01 07:02:36,922 - added: 272_099 to LSH
2022-04-01 07:02:37,878 - image: 202_071 arrived at table_manipulation
2022-04-01 07:02:37,878 - adding: 202_071 to LSH
2022-04-01 07:02:37,878 - added: 202_071 to LSH
2022-04-01 07:02:37,888 - image: 214_076 arrived at table_manipulation
2022-04-01 07:02:37,888 - adding: 214_076 to LSH
2022-04-01 07:02:37,888 - added: 214_076 to LSH
2022-04-01 07:02:39,098 - image: 292_108 arrived at table_manipulation
2022-04-01 07:02:39,098 - adding: 292_108 to LSH
2022-04-01 07:02:39,099 - added: 292_108 to LSH
2022-04-01 07:02:39,623 - image: 223_080 arrived at table_manipulation
2022-04-01 07:02:39,623 - adding: 223_080 to LSH
2022-04-01 07:02:39,623 - added: 223_080 to LSH
2022-04-01 07:02:39,983 - image: 300_111 arrived at table_manipulation
2022-04-01 07:02:39,983 - adding: 300_111 to LSH
2022-04-01 07:02:39,983 - added: 300_111 to LSH
2022-04-01 07:02:41,240 - image: 312_117 arrived at table_manipulation
2022-04-01 07:02:41,240 - adding: 312_117 to LSH
2022-04-01 07:02:41,240 - added: 312_117 to LSH
2022-04-01 07:02:41,362 - image: 243_086 arrived at table_manipulation
2022-04-01 07:02:41,362 - adding: 243_086 to LSH
2022-04-01 07:02:41,362 - added: 243_086 to LSH
2022-04-01 07:02:42,128 - image: 320_120 arrived at table_manipulation
2022-04-01 07:02:42,128 - adding: 320_120 to LSH
2022-04-01 07:02:42,128 - added: 320_120 to LSH
2022-04-01 07:02:43,088 - image: 248_088 arrived at table_manipulation
2022-04-01 07:02:43,088 - adding: 248_088 to LSH
2022-04-01 07:02:43,089 - added: 248_088 to LSH
2022-04-01 07:02:43,100 - image: 260_094 arrived at table_manipulation
2022-04-01 07:02:43,100 - adding: 260_094 to LSH
2022-04-01 07:02:43,100 - added: 260_094 to LSH
2022-04-01 07:02:44,296 - image: 340_125 arrived at table_manipulation
2022-04-01 07:02:44,296 - adding: 340_125 to LSH
2022-04-01 07:02:44,296 - added: 340_125 to LSH
2022-04-01 07:02:44,933 - image: 271_098 arrived at table_manipulation
2022-04-01 07:02:44,933 - adding: 271_098 to LSH
2022-04-01 07:02:44,933 - added: 271_098 to LSH
2022-04-01 07:02:45,173 - image: 348_128 arrived at table_manipulation
2022-04-01 07:02:45,174 - adding: 348_128 to LSH
2022-04-01 07:02:45,174 - added: 348_128 to LSH
2022-04-01 07:02:46,438 - image: 360_134 arrived at table_manipulation
2022-04-01 07:02:46,438 - adding: 360_134 to LSH
2022-04-01 07:02:46,438 - added: 360_134 to LSH
2022-04-01 07:02:46,621 - image: 291_107 arrived at table_manipulation
2022-04-01 07:02:46,621 - adding: 291_107 to LSH
2022-04-01 07:02:46,621 - added: 291_107 to LSH
2022-04-01 07:02:47,362 - image: 368_136 arrived at table_manipulation
2022-04-01 07:02:47,362 - adding: 368_136 to LSH
2022-04-01 07:02:47,363 - added: 368_136 to LSH
2022-04-01 07:02:48,452 - image: 299_110 arrived at table_manipulation
2022-04-01 07:02:48,453 - adding: 299_110 to LSH
2022-04-01 07:02:48,453 - added: 299_110 to LSH
2022-04-01 07:02:48,464 - image: 311_116 arrived at table_manipulation
2022-04-01 07:02:48,464 - adding: 311_116 to LSH
2022-04-01 07:02:48,465 - added: 311_116 to LSH
2022-04-01 07:02:49,586 - image: 388_145 arrived at table_manipulation
2022-04-01 07:02:49,586 - adding: 388_145 to LSH
2022-04-01 07:02:49,586 - added: 388_145 to LSH
2022-04-01 07:02:50,187 - image: 319_119 arrived at table_manipulation
2022-04-01 07:02:50,187 - adding: 319_119 to LSH
2022-04-01 07:02:50,187 - added: 319_119 to LSH
2022-04-01 07:02:50,493 - image: 396_147 arrived at table_manipulation
2022-04-01 07:02:50,493 - adding: 396_147 to LSH
2022-04-01 07:02:50,493 - added: 396_147 to LSH
2022-04-01 07:02:51,813 - image: 408_151 arrived at table_manipulation
2022-04-01 07:02:51,813 - adding: 408_151 to LSH
2022-04-01 07:02:51,813 - added: 408_151 to LSH
2022-04-01 07:02:51,963 - image: 339_124 arrived at table_manipulation
2022-04-01 07:02:51,963 - adding: 339_124 to LSH
2022-04-01 07:02:51,963 - added: 339_124 to LSH
2022-04-01 07:02:52,714 - image: 416_155 arrived at table_manipulation
2022-04-01 07:02:52,714 - adding: 416_155 to LSH
2022-04-01 07:02:52,715 - added: 416_155 to LSH
2022-04-01 07:02:53,781 - image: 347_128 arrived at table_manipulation
2022-04-01 07:02:53,781 - adding: 347_128 to LSH
2022-04-01 07:02:53,781 - added: 347_128 to LSH
2022-04-01 07:02:53,800 - image: 359_133 arrived at table_manipulation
2022-04-01 07:02:53,800 - adding: 359_133 to LSH
2022-04-01 07:02:53,800 - added: 359_133 to LSH
2022-04-01 07:02:54,944 - image: 436_163 arrived at table_manipulation
2022-04-01 07:02:54,945 - adding: 436_163 to LSH
2022-04-01 07:02:54,945 - added: 436_163 to LSH
2022-04-01 07:02:55,532 - image: 367_135 arrived at table_manipulation
2022-04-01 07:02:55,532 - adding: 367_135 to LSH
2022-04-01 07:02:55,532 - added: 367_135 to LSH
2022-04-01 07:02:55,839 - image: 444_167 arrived at table_manipulation
2022-04-01 07:02:55,839 - adding: 444_167 to LSH
2022-04-01 07:02:55,839 - added: 444_167 to LSH
2022-04-01 07:02:57,113 - image: 456_171 arrived at table_manipulation
2022-04-01 07:02:57,113 - adding: 456_171 to LSH
2022-04-01 07:02:57,113 - added: 456_171 to LSH
2022-04-01 07:02:57,270 - image: 387_144 arrived at table_manipulation
2022-04-01 07:02:57,270 - adding: 387_144 to LSH
2022-04-01 07:02:57,271 - added: 387_144 to LSH
2022-04-01 07:02:58,039 - image: 464_174 arrived at table_manipulation
2022-04-01 07:02:58,039 - adding: 464_174 to LSH
2022-04-01 07:02:58,039 - added: 464_174 to LSH
2022-04-01 07:02:58,998 - image: 395_147 arrived at table_manipulation
2022-04-01 07:02:58,998 - adding: 395_147 to LSH
2022-04-01 07:02:58,998 - added: 395_147 to LSH
2022-04-01 07:02:59,017 - image: 407_151 arrived at table_manipulation
2022-04-01 07:02:59,017 - adding: 407_151 to LSH
2022-04-01 07:02:59,017 - added: 407_151 to LSH
2022-04-01 07:03:00,267 - image: 484_181 arrived at table_manipulation
2022-04-01 07:03:00,267 - adding: 484_181 to LSH
2022-04-01 07:03:00,267 - added: 484_181 to LSH
2022-04-01 07:03:00,760 - image: 415_155 arrived at table_manipulation
2022-04-01 07:03:00,761 - adding: 415_155 to LSH
2022-04-01 07:03:00,761 - added: 415_155 to LSH
2022-04-01 07:03:01,176 - image: 492_184 arrived at table_manipulation
2022-04-01 07:03:01,176 - adding: 492_184 to LSH
2022-04-01 07:03:01,177 - added: 492_184 to LSH
2022-04-01 07:03:02,495 - image: 504_188 arrived at table_manipulation
2022-04-01 07:03:02,495 - adding: 504_188 to LSH
2022-04-01 07:03:02,495 - added: 504_188 to LSH
2022-04-01 07:03:02,552 - image: 435_163 arrived at table_manipulation
2022-04-01 07:03:02,552 - adding: 435_163 to LSH
2022-04-01 07:03:02,552 - added: 435_163 to LSH
2022-04-01 07:03:03,402 - image: 512_192 arrived at table_manipulation
2022-04-01 07:03:03,402 - adding: 512_192 to LSH
2022-04-01 07:03:03,402 - added: 512_192 to LSH
2022-04-01 07:03:04,293 - image: 520_195 arrived at table_manipulation
2022-04-01 07:03:04,294 - adding: 520_195 to LSH
2022-04-01 07:03:04,294 - added: 520_195 to LSH
2022-04-01 07:03:04,303 - image: 455_170 arrived at table_manipulation
2022-04-01 07:03:04,303 - adding: 455_170 to LSH
2022-04-01 07:03:04,303 - added: 455_170 to LSH
2022-04-01 07:03:05,639 - image: 532_198 arrived at table_manipulation
2022-04-01 07:03:05,639 - adding: 532_198 to LSH
2022-04-01 07:03:05,639 - added: 532_198 to LSH
2022-04-01 07:03:06,141 - image: 463_173 arrived at table_manipulation
2022-04-01 07:03:06,141 - adding: 463_173 to LSH
2022-04-01 07:03:06,141 - added: 463_173 to LSH
2022-04-01 07:03:06,565 - image: 540_202 arrived at table_manipulation
2022-04-01 07:03:06,565 - adding: 540_202 to LSH
2022-04-01 07:03:06,565 - added: 540_202 to LSH
2022-04-01 07:03:07,910 - image: 552_207 arrived at table_manipulation
2022-04-01 07:03:07,911 - adding: 552_207 to LSH
2022-04-01 07:03:07,911 - added: 552_207 to LSH
2022-04-01 07:03:07,946 - image: 483_181 arrived at table_manipulation
2022-04-01 07:03:07,946 - adding: 483_181 to LSH
2022-04-01 07:03:07,946 - added: 483_181 to LSH
2022-04-01 07:03:08,825 - image: 560_211 arrived at table_manipulation
2022-04-01 07:03:08,826 - adding: 560_211 to LSH
2022-04-01 07:03:08,826 - added: 560_211 to LSH
2022-04-01 07:03:09,674 - image: 493_184 arrived at table_manipulation
2022-04-01 07:03:09,675 - adding: 493_184 to LSH
2022-04-01 07:03:09,675 - added: 493_184 to LSH
2022-04-01 07:03:09,734 - image: 568_214 arrived at table_manipulation
2022-04-01 07:03:09,734 - adding: 568_214 to LSH
2022-04-01 07:03:09,734 - added: 568_214 to LSH
2022-04-01 07:03:11,070 - image: 580_219 arrived at table_manipulation
2022-04-01 07:03:11,070 - adding: 580_219 to LSH
2022-04-01 07:03:11,070 - added: 580_219 to LSH
2022-04-01 07:03:11,433 - image: 513_192 arrived at table_manipulation
2022-04-01 07:03:11,433 - adding: 513_192 to LSH
2022-04-01 07:03:11,433 - added: 513_192 to LSH
2022-04-01 07:03:11,986 - image: 588_222 arrived at table_manipulation
2022-04-01 07:03:11,986 - adding: 588_222 to LSH
2022-04-01 07:03:11,986 - added: 588_222 to LSH
2022-04-01 07:03:13,183 - image: 521_196 arrived at table_manipulation
2022-04-01 07:03:13,183 - adding: 521_196 to LSH
2022-04-01 07:03:13,183 - added: 521_196 to LSH
2022-04-01 07:03:13,191 - image: 533_198 arrived at table_manipulation
2022-04-01 07:03:13,192 - adding: 533_198 to LSH
2022-04-01 07:03:13,192 - added: 533_198 to LSH
2022-04-01 07:03:14,153 - image: 608_227 arrived at table_manipulation
2022-04-01 07:03:14,153 - adding: 608_227 to LSH
2022-04-01 07:03:14,153 - added: 608_227 to LSH
2022-04-01 07:03:14,871 - image: 541_202 arrived at table_manipulation
2022-04-01 07:03:14,871 - adding: 541_202 to LSH
2022-04-01 07:03:14,871 - added: 541_202 to LSH
2022-04-01 07:03:14,945 - image: 619_230 arrived at table_manipulation
2022-04-01 07:03:14,945 - adding: 619_230 to LSH
2022-04-01 07:03:14,945 - added: 619_230 to LSH
2022-04-01 07:03:16,082 - image: 631_233 arrived at table_manipulation
2022-04-01 07:03:16,082 - adding: 631_233 to LSH
2022-04-01 07:03:16,082 - added: 631_233 to LSH
2022-04-01 07:03:16,436 - image: 561_211 arrived at table_manipulation
2022-04-01 07:03:16,436 - adding: 561_211 to LSH
2022-04-01 07:03:16,436 - added: 561_211 to LSH
2022-04-01 07:03:16,821 - image: 636_234 arrived at table_manipulation
2022-04-01 07:03:16,821 - adding: 636_234 to LSH
2022-04-01 07:03:16,821 - added: 636_234 to LSH
2022-04-01 07:03:17,884 - image: 648_239 arrived at table_manipulation
2022-04-01 07:03:17,885 - adding: 648_239 to LSH
2022-04-01 07:03:17,885 - added: 648_239 to LSH
2022-04-01 07:03:17,950 - image: 579_219 arrived at table_manipulation
2022-04-01 07:03:17,950 - adding: 579_219 to LSH
2022-04-01 07:03:17,950 - added: 579_219 to LSH
2022-04-01 07:03:18,612 - image: 659_243 arrived at table_manipulation
2022-04-01 07:03:18,612 - adding: 659_243 to LSH
2022-04-01 07:03:18,612 - added: 659_243 to LSH
2022-04-01 07:03:19,391 - image: 587_222 arrived at table_manipulation
2022-04-01 07:03:19,391 - adding: 587_222 to LSH
2022-04-01 07:03:19,391 - added: 587_222 to LSH
2022-04-01 07:03:19,399 - image: 596_224 arrived at table_manipulation
2022-04-01 07:03:19,399 - adding: 596_224 to LSH
2022-04-01 07:03:19,399 - added: 596_224 to LSH
2022-04-01 07:03:20,404 - image: 674_249 arrived at table_manipulation
2022-04-01 07:03:20,405 - adding: 674_249 to LSH
2022-04-01 07:03:20,405 - added: 674_249 to LSH
2022-04-01 07:03:20,842 - image: 604_226 arrived at table_manipulation
2022-04-01 07:03:20,842 - adding: 604_226 to LSH
2022-04-01 07:03:20,842 - added: 604_226 to LSH
2022-04-01 07:03:21,128 - image: 687_254 arrived at table_manipulation
2022-04-01 07:03:21,128 - adding: 687_254 to LSH
2022-04-01 07:03:21,128 - added: 687_254 to LSH
2022-04-01 07:03:22,229 - image: 699_259 arrived at table_manipulation
2022-04-01 07:03:22,229 - adding: 699_259 to LSH
2022-04-01 07:03:22,229 - added: 699_259 to LSH
2022-04-01 07:03:22,371 - image: 624_231 arrived at table_manipulation
2022-04-01 07:03:22,372 - adding: 624_231 to LSH
2022-04-01 07:03:22,372 - added: 624_231 to LSH
2022-04-01 07:03:22,986 - image: 707_262 arrived at table_manipulation
2022-04-01 07:03:22,986 - adding: 707_262 to LSH
2022-04-01 07:03:22,987 - added: 707_262 to LSH
2022-04-01 07:03:23,850 - image: 632_233 arrived at table_manipulation
2022-04-01 07:03:23,850 - adding: 632_233 to LSH
2022-04-01 07:03:23,851 - added: 632_233 to LSH
2022-04-01 07:03:23,858 - image: 647_239 arrived at table_manipulation
2022-04-01 07:03:23,858 - adding: 647_239 to LSH
2022-04-01 07:03:23,859 - added: 647_239 to LSH
2022-04-01 07:03:24,871 - image: 727_268 arrived at table_manipulation
2022-04-01 07:03:24,871 - adding: 727_268 to LSH
2022-04-01 07:03:24,871 - added: 727_268 to LSH
2022-04-01 07:03:25,412 - image: 655_242 arrived at table_manipulation
2022-04-01 07:03:25,412 - adding: 655_242 to LSH
2022-04-01 07:03:25,412 - added: 655_242 to LSH
2022-04-01 07:03:25,637 - image: 730_268 arrived at table_manipulation
2022-04-01 07:03:25,638 - adding: 730_268 to LSH
2022-04-01 07:03:25,638 - added: 730_268 to LSH
2022-04-01 07:03:26,729 - image: 742_272 arrived at table_manipulation
2022-04-01 07:03:26,730 - adding: 742_272 to LSH
2022-04-01 07:03:26,730 - added: 742_272 to LSH
2022-04-01 07:03:26,887 - image: 677_251 arrived at table_manipulation
2022-04-01 07:03:26,887 - adding: 677_251 to LSH
2022-04-01 07:03:26,888 - added: 677_251 to LSH
2022-04-01 07:03:27,485 - image: 750_274 arrived at table_manipulation
2022-04-01 07:03:27,485 - adding: 750_274 to LSH
2022-04-01 07:03:27,485 - added: 750_274 to LSH
2022-04-01 07:03:28,355 - image: 680_252 arrived at table_manipulation
2022-04-01 07:03:28,355 - adding: 680_252 to LSH
2022-04-01 07:03:28,355 - added: 680_252 to LSH
2022-04-01 07:03:28,363 - image: 692_257 arrived at table_manipulation
2022-04-01 07:03:28,363 - adding: 692_257 to LSH
2022-04-01 07:03:28,363 - added: 692_257 to LSH
2022-04-01 07:03:29,328 - image: 770_282 arrived at table_manipulation
2022-04-01 07:03:29,328 - adding: 770_282 to LSH
2022-04-01 07:03:29,328 - added: 770_282 to LSH
2022-04-01 07:03:29,883 - image: 698_258 arrived at table_manipulation
2022-04-01 07:03:29,883 - adding: 698_258 to LSH
2022-04-01 07:03:29,883 - added: 698_258 to LSH
2022-04-01 07:03:30,070 - image: 783_288 arrived at table_manipulation
2022-04-01 07:03:30,070 - adding: 783_288 to LSH
2022-04-01 07:03:30,070 - added: 783_288 to LSH
2022-04-01 07:03:31,173 - image: 790_290 arrived at table_manipulation
2022-04-01 07:03:31,173 - adding: 790_290 to LSH
2022-04-01 07:03:31,173 - added: 790_290 to LSH
2022-04-01 07:03:31,363 - image: 718_266 arrived at table_manipulation
2022-04-01 07:03:31,364 - adding: 718_266 to LSH
2022-04-01 07:03:31,364 - added: 718_266 to LSH
2022-04-01 07:03:31,927 - image: 798_294 arrived at table_manipulation
2022-04-01 07:03:31,928 - adding: 798_294 to LSH
2022-04-01 07:03:31,928 - added: 798_294 to LSH
2022-04-01 07:03:32,874 - image: 0_0 arrived at table_manipulation
2022-04-01 07:03:32,946 - image: 736_269 arrived at table_manipulation
2022-04-01 07:03:32,946 - adding: 736_269 to LSH
2022-04-01 07:03:32,946 - added: 736_269 to LSH
2022-04-01 07:03:34,392 - image: 753_275 arrived at table_manipulation
2022-04-01 07:03:34,392 - adding: 753_275 to LSH
2022-04-01 07:03:34,392 - added: 753_275 to LSH
2022-04-01 07:03:35,794 - image: 765_280 arrived at table_manipulation
2022-04-01 07:03:35,794 - adding: 765_280 to LSH
2022-04-01 07:03:35,794 - added: 765_280 to LSH
2022-04-01 07:03:35,802 - image: 777_285 arrived at table_manipulation
2022-04-01 07:03:35,802 - adding: 777_285 to LSH
2022-04-01 07:03:35,802 - added: 777_285 to LSH
2022-04-01 07:03:37,221 - image: 789_290 arrived at table_manipulation
2022-04-01 07:03:37,221 - adding: 789_290 to LSH
2022-04-01 07:03:37,221 - added: 789_290 to LSH
2022-04-01 07:03:38,667 - image: 794_292 arrived at table_manipulation
2022-04-01 07:03:38,667 - adding: 794_292 to LSH
2022-04-01 07:03:38,667 - added: 794_292 to LSH
2022-04-01 07:03:40,958 - image: 808_298 arrived at table_manipulation
2022-04-01 07:03:40,958 - adding: 808_298 to LSH
2022-04-01 07:03:40,958 - added: 808_298 to LSH
2022-04-01 09:37:08,946 - image: 5_002 arrived at table_manipulation
2022-04-01 09:37:08,946 - adding: 5_002 to LSH
2022-04-01 09:37:08,946 - added: 5_002 to LSH
2022-04-01 09:37:10,630 - image: 10_004 arrived at table_manipulation
2022-04-01 09:37:10,630 - adding: 10_004 to LSH
2022-04-01 09:37:10,631 - added: 10_004 to LSH
2022-04-01 09:37:12,257 - image: 19_007 arrived at table_manipulation
2022-04-01 09:37:12,257 - adding: 19_007 to LSH
2022-04-01 09:37:12,257 - added: 19_007 to LSH
2022-04-01 09:37:12,292 - image: 56_022 arrived at table_manipulation
2022-04-01 09:37:12,292 - adding: 56_022 to LSH
2022-04-01 09:37:12,292 - added: 56_022 to LSH
2022-04-01 09:37:13,830 - image: 70_027 arrived at table_manipulation
2022-04-01 09:37:13,830 - adding: 70_027 to LSH
2022-04-01 09:37:13,830 - added: 70_027 to LSH
2022-04-01 09:37:14,004 - image: 33_014 arrived at table_manipulation
2022-04-01 09:37:14,004 - adding: 33_014 to LSH
2022-04-01 09:37:14,004 - added: 33_014 to LSH
2022-04-01 09:37:15,206 - image: 87_032 arrived at table_manipulation
2022-04-01 09:37:15,206 - adding: 87_032 to LSH
2022-04-01 09:37:15,206 - added: 87_032 to LSH
2022-04-01 09:37:15,770 - image: 39_015 arrived at table_manipulation
2022-04-01 09:37:15,771 - adding: 39_015 to LSH
2022-04-01 09:37:15,771 - added: 39_015 to LSH
2022-04-01 09:37:16,563 - image: 94_034 arrived at table_manipulation
2022-04-01 09:37:16,563 - adding: 94_034 to LSH
2022-04-01 09:37:16,564 - added: 94_034 to LSH
2022-04-01 09:37:17,559 - image: 40_015 arrived at table_manipulation
2022-04-01 09:37:17,560 - adding: 40_015 to LSH
2022-04-01 09:37:17,560 - added: 40_015 to LSH
2022-04-01 09:37:17,924 - image: 111_040 arrived at table_manipulation
2022-04-01 09:37:17,925 - adding: 111_040 to LSH
2022-04-01 09:37:17,925 - added: 111_040 to LSH
2022-04-01 09:37:19,199 - image: 51_019 arrived at table_manipulation
2022-04-01 09:37:19,200 - adding: 51_019 to LSH
2022-04-01 09:37:19,200 - added: 51_019 to LSH
2022-04-01 09:37:19,222 - image: 123_043 arrived at table_manipulation
2022-04-01 09:37:19,222 - adding: 123_043 to LSH
2022-04-01 09:37:19,222 - added: 123_043 to LSH
2022-04-01 09:37:20,703 - image: 137_049 arrived at table_manipulation
2022-04-01 09:37:20,703 - adding: 137_049 to LSH
2022-04-01 09:37:20,703 - added: 137_049 to LSH
2022-04-01 09:37:20,853 - image: 69_026 arrived at table_manipulation
2022-04-01 09:37:20,853 - adding: 69_026 to LSH
2022-04-01 09:37:20,853 - added: 69_026 to LSH
2022-04-01 09:37:22,007 - image: 149_052 arrived at table_manipulation
2022-04-01 09:37:22,007 - adding: 149_052 to LSH
2022-04-01 09:37:22,008 - added: 149_052 to LSH
2022-04-01 09:37:22,573 - image: 81_031 arrived at table_manipulation
2022-04-01 09:37:22,573 - adding: 81_031 to LSH
2022-04-01 09:37:22,573 - added: 81_031 to LSH
2022-04-01 09:37:23,309 - image: 161_058 arrived at table_manipulation
2022-04-01 09:37:23,309 - adding: 161_058 to LSH
2022-04-01 09:37:23,309 - added: 161_058 to LSH
2022-04-01 09:37:24,298 - image: 93_034 arrived at table_manipulation
2022-04-01 09:37:24,298 - adding: 93_034 to LSH
2022-04-01 09:37:24,298 - added: 93_034 to LSH
2022-04-01 09:37:24,594 - image: 173_063 arrived at table_manipulation
2022-04-01 09:37:24,595 - adding: 173_063 to LSH
2022-04-01 09:37:24,595 - added: 173_063 to LSH
2022-04-01 09:37:25,981 - image: 100_036 arrived at table_manipulation
2022-04-01 09:37:25,982 - adding: 100_036 to LSH
2022-04-01 09:37:25,982 - added: 100_036 to LSH
2022-04-01 09:37:25,992 - image: 114_040 arrived at table_manipulation
2022-04-01 09:37:25,992 - adding: 114_040 to LSH
2022-04-01 09:37:25,992 - added: 114_040 to LSH
2022-04-01 09:37:27,386 - image: 196_069 arrived at table_manipulation
2022-04-01 09:37:27,386 - adding: 196_069 to LSH
2022-04-01 09:37:27,387 - added: 196_069 to LSH
2022-04-01 09:37:27,748 - image: 126_044 arrived at table_manipulation
2022-04-01 09:37:27,748 - adding: 126_044 to LSH
2022-04-01 09:37:27,748 - added: 126_044 to LSH
2022-04-01 09:37:28,709 - image: 209_074 arrived at table_manipulation
2022-04-01 09:37:28,709 - adding: 209_074 to LSH
2022-04-01 09:37:28,710 - added: 209_074 to LSH
2022-04-01 09:37:29,498 - image: 138_049 arrived at table_manipulation
2022-04-01 09:37:29,498 - adding: 138_049 to LSH
2022-04-01 09:37:29,498 - added: 138_049 to LSH
2022-04-01 09:37:30,054 - image: 221_079 arrived at table_manipulation
2022-04-01 09:37:30,054 - adding: 221_079 to LSH
2022-04-01 09:37:30,054 - added: 221_079 to LSH
2022-04-01 09:37:31,251 - image: 150_053 arrived at table_manipulation
2022-04-01 09:37:31,251 - adding: 150_053 to LSH
2022-04-01 09:37:31,251 - added: 150_053 to LSH
2022-04-01 09:37:31,384 - image: 233_082 arrived at table_manipulation
2022-04-01 09:37:31,384 - adding: 233_082 to LSH
2022-04-01 09:37:31,384 - added: 233_082 to LSH
2022-04-01 09:37:32,905 - image: 247_088 arrived at table_manipulation
2022-04-01 09:37:32,906 - adding: 247_088 to LSH
2022-04-01 09:37:32,906 - added: 247_088 to LSH
2022-04-01 09:37:32,928 - image: 179_065 arrived at table_manipulation
2022-04-01 09:37:32,929 - adding: 179_065 to LSH
2022-04-01 09:37:32,929 - added: 179_065 to LSH
2022-04-01 09:37:34,228 - image: 259_093 arrived at table_manipulation
2022-04-01 09:37:34,228 - adding: 259_093 to LSH
2022-04-01 09:37:34,229 - added: 259_093 to LSH
2022-04-01 09:37:34,656 - image: 193_068 arrived at table_manipulation
2022-04-01 09:37:34,657 - adding: 193_068 to LSH
2022-04-01 09:37:34,657 - added: 193_068 to LSH
2022-04-01 09:37:35,598 - image: 271_098 arrived at table_manipulation
2022-04-01 09:37:35,598 - adding: 271_098 to LSH
2022-04-01 09:37:35,598 - added: 271_098 to LSH
2022-04-01 09:37:36,399 - image: 204_072 arrived at table_manipulation
2022-04-01 09:37:36,399 - adding: 204_072 to LSH
2022-04-01 09:37:36,399 - added: 204_072 to LSH
2022-04-01 09:37:36,969 - image: 283_104 arrived at table_manipulation
2022-04-01 09:37:36,969 - adding: 283_104 to LSH
2022-04-01 09:37:36,969 - added: 283_104 to LSH
2022-04-01 09:37:38,139 - image: 216_077 arrived at table_manipulation
2022-04-01 09:37:38,140 - adding: 216_077 to LSH
2022-04-01 09:37:38,140 - added: 216_077 to LSH
2022-04-01 09:37:38,311 - image: 295_109 arrived at table_manipulation
2022-04-01 09:37:38,311 - adding: 295_109 to LSH
2022-04-01 09:37:38,311 - added: 295_109 to LSH
2022-04-01 09:37:39,814 - image: 309_115 arrived at table_manipulation
2022-04-01 09:37:39,814 - adding: 309_115 to LSH
2022-04-01 09:37:39,815 - added: 309_115 to LSH
2022-04-01 09:37:39,870 - image: 242_086 arrived at table_manipulation
2022-04-01 09:37:39,870 - adding: 242_086 to LSH
2022-04-01 09:37:39,871 - added: 242_086 to LSH
2022-04-01 09:37:41,125 - image: 321_120 arrived at table_manipulation
2022-04-01 09:37:41,125 - adding: 321_120 to LSH
2022-04-01 09:37:41,125 - added: 321_120 to LSH
2022-04-01 09:37:41,587 - image: 255_091 arrived at table_manipulation
2022-04-01 09:37:41,587 - adding: 255_091 to LSH
2022-04-01 09:37:41,587 - added: 255_091 to LSH
2022-04-01 09:37:42,465 - image: 333_124 arrived at table_manipulation
2022-04-01 09:37:42,465 - adding: 333_124 to LSH
2022-04-01 09:37:42,466 - added: 333_124 to LSH
2022-04-01 09:37:43,328 - image: 268_097 arrived at table_manipulation
2022-04-01 09:37:43,328 - adding: 268_097 to LSH
2022-04-01 09:37:43,328 - added: 268_097 to LSH
2022-04-01 09:37:43,839 - image: 345_127 arrived at table_manipulation
2022-04-01 09:37:43,840 - adding: 345_127 to LSH
2022-04-01 09:37:43,840 - added: 345_127 to LSH
2022-04-01 09:37:45,119 - image: 280_103 arrived at table_manipulation
2022-04-01 09:37:45,120 - adding: 280_103 to LSH
2022-04-01 09:37:45,120 - added: 280_103 to LSH
2022-04-01 09:37:45,163 - image: 357_132 arrived at table_manipulation
2022-04-01 09:37:45,164 - adding: 357_132 to LSH
2022-04-01 09:37:45,164 - added: 357_132 to LSH
2022-04-01 09:37:46,720 - image: 371_137 arrived at table_manipulation
2022-04-01 09:37:46,720 - adding: 371_137 to LSH
2022-04-01 09:37:46,720 - added: 371_137 to LSH
2022-04-01 09:37:46,872 - image: 306_114 arrived at table_manipulation
2022-04-01 09:37:46,873 - adding: 306_114 to LSH
2022-04-01 09:37:46,873 - added: 306_114 to LSH
2022-04-01 09:37:48,080 - image: 383_143 arrived at table_manipulation
2022-04-01 09:37:48,080 - adding: 383_143 to LSH
2022-04-01 09:37:48,080 - added: 383_143 to LSH
2022-04-01 09:37:48,606 - image: 318_119 arrived at table_manipulation
2022-04-01 09:37:48,606 - adding: 318_119 to LSH
2022-04-01 09:37:48,606 - added: 318_119 to LSH
2022-04-01 09:37:49,452 - image: 395_147 arrived at table_manipulation
2022-04-01 09:37:49,452 - adding: 395_147 to LSH
2022-04-01 09:37:49,453 - added: 395_147 to LSH
2022-04-01 09:37:50,342 - image: 332_124 arrived at table_manipulation
2022-04-01 09:37:50,342 - adding: 332_124 to LSH
2022-04-01 09:37:50,342 - added: 332_124 to LSH
2022-04-01 09:37:50,825 - image: 407_151 arrived at table_manipulation
2022-04-01 09:37:50,825 - adding: 407_151 to LSH
2022-04-01 09:37:50,825 - added: 407_151 to LSH
2022-04-01 09:37:52,122 - image: 344_126 arrived at table_manipulation
2022-04-01 09:37:52,123 - adding: 344_126 to LSH
2022-04-01 09:37:52,123 - added: 344_126 to LSH
2022-04-01 09:37:52,170 - image: 419_156 arrived at table_manipulation
2022-04-01 09:37:52,171 - adding: 419_156 to LSH
2022-04-01 09:37:52,171 - added: 419_156 to LSH
2022-04-01 09:37:53,721 - image: 433_162 arrived at table_manipulation
2022-04-01 09:37:53,722 - adding: 433_162 to LSH
2022-04-01 09:37:53,722 - added: 433_162 to LSH
2022-04-01 09:37:53,875 - image: 370_137 arrived at table_manipulation
2022-04-01 09:37:53,875 - adding: 370_137 to LSH
2022-04-01 09:37:53,875 - added: 370_137 to LSH
2022-04-01 09:37:55,088 - image: 445_167 arrived at table_manipulation
2022-04-01 09:37:55,088 - adding: 445_167 to LSH
2022-04-01 09:37:55,088 - added: 445_167 to LSH
2022-04-01 09:37:55,614 - image: 382_142 arrived at table_manipulation
2022-04-01 09:37:55,614 - adding: 382_142 to LSH
2022-04-01 09:37:55,614 - added: 382_142 to LSH
2022-04-01 09:37:56,446 - image: 457_171 arrived at table_manipulation
2022-04-01 09:37:56,446 - adding: 457_171 to LSH
2022-04-01 09:37:56,446 - added: 457_171 to LSH
2022-04-01 09:37:57,361 - image: 394_146 arrived at table_manipulation
2022-04-01 09:37:57,361 - adding: 394_146 to LSH
2022-04-01 09:37:57,361 - added: 394_146 to LSH
2022-04-01 09:37:57,815 - image: 469_175 arrived at table_manipulation
2022-04-01 09:37:57,816 - adding: 469_175 to LSH
2022-04-01 09:37:57,816 - added: 469_175 to LSH
2022-04-01 09:37:59,101 - image: 408_151 arrived at table_manipulation
2022-04-01 09:37:59,102 - adding: 408_151 to LSH
2022-04-01 09:37:59,102 - added: 408_151 to LSH
2022-04-01 09:37:59,142 - image: 481_180 arrived at table_manipulation
2022-04-01 09:37:59,142 - adding: 481_180 to LSH
2022-04-01 09:37:59,142 - added: 481_180 to LSH
2022-04-01 09:38:00,717 - image: 495_185 arrived at table_manipulation
2022-04-01 09:38:00,717 - adding: 495_185 to LSH
2022-04-01 09:38:00,717 - added: 495_185 to LSH
2022-04-01 09:38:00,868 - image: 434_162 arrived at table_manipulation
2022-04-01 09:38:00,869 - adding: 434_162 to LSH
2022-04-01 09:38:00,869 - added: 434_162 to LSH
2022-04-01 09:38:02,128 - image: 508_190 arrived at table_manipulation
2022-04-01 09:38:02,128 - adding: 508_190 to LSH
2022-04-01 09:38:02,128 - added: 508_190 to LSH
2022-04-01 09:38:02,604 - image: 448_168 arrived at table_manipulation
2022-04-01 09:38:02,604 - adding: 448_168 to LSH
2022-04-01 09:38:02,604 - added: 448_168 to LSH
2022-04-01 09:38:03,552 - image: 520_195 arrived at table_manipulation
2022-04-01 09:38:03,552 - adding: 520_195 to LSH
2022-04-01 09:38:03,552 - added: 520_195 to LSH
2022-04-01 09:38:04,382 - image: 460_172 arrived at table_manipulation
2022-04-01 09:38:04,382 - adding: 460_172 to LSH
2022-04-01 09:38:04,382 - added: 460_172 to LSH
2022-04-01 09:38:05,005 - image: 532_198 arrived at table_manipulation
2022-04-01 09:38:05,005 - adding: 532_198 to LSH
2022-04-01 09:38:05,006 - added: 532_198 to LSH
2022-04-01 09:38:06,137 - image: 474_178 arrived at table_manipulation
2022-04-01 09:38:06,138 - adding: 474_178 to LSH
2022-04-01 09:38:06,138 - added: 474_178 to LSH
2022-04-01 09:38:06,429 - image: 543_203 arrived at table_manipulation
2022-04-01 09:38:06,430 - adding: 543_203 to LSH
2022-04-01 09:38:06,430 - added: 543_203 to LSH
2022-04-01 09:38:07,879 - image: 486_182 arrived at table_manipulation
2022-04-01 09:38:07,879 - adding: 486_182 to LSH
2022-04-01 09:38:07,879 - added: 486_182 to LSH
2022-04-01 09:38:07,900 - image: 500_187 arrived at table_manipulation
2022-04-01 09:38:07,900 - adding: 500_187 to LSH
2022-04-01 09:38:07,900 - added: 500_187 to LSH
2022-04-01 09:38:09,473 - image: 569_214 arrived at table_manipulation
2022-04-01 09:38:09,474 - adding: 569_214 to LSH
2022-04-01 09:38:09,474 - added: 569_214 to LSH
2022-04-01 09:38:09,657 - image: 514_192 arrived at table_manipulation
2022-04-01 09:38:09,657 - adding: 514_192 to LSH
2022-04-01 09:38:09,657 - added: 514_192 to LSH
2022-04-01 09:38:10,838 - image: 582_220 arrived at table_manipulation
2022-04-01 09:38:10,839 - adding: 582_220 to LSH
2022-04-01 09:38:10,839 - added: 582_220 to LSH
2022-04-01 09:38:11,416 - image: 526_196 arrived at table_manipulation
2022-04-01 09:38:11,416 - adding: 526_196 to LSH
2022-04-01 09:38:11,416 - added: 526_196 to LSH
2022-04-01 09:38:12,231 - image: 593_223 arrived at table_manipulation
2022-04-01 09:38:12,231 - adding: 593_223 to LSH
2022-04-01 09:38:12,231 - added: 593_223 to LSH
2022-04-01 09:38:13,186 - image: 537_200 arrived at table_manipulation
2022-04-01 09:38:13,186 - adding: 537_200 to LSH
2022-04-01 09:38:13,186 - added: 537_200 to LSH
2022-04-01 09:38:13,605 - image: 606_227 arrived at table_manipulation
2022-04-01 09:38:13,605 - adding: 606_227 to LSH
2022-04-01 09:38:13,605 - added: 606_227 to LSH
2022-04-01 09:38:14,882 - image: 549_206 arrived at table_manipulation
2022-04-01 09:38:14,882 - adding: 549_206 to LSH
2022-04-01 09:38:14,882 - added: 549_206 to LSH
2022-04-01 09:38:14,891 - image: 564_213 arrived at table_manipulation
2022-04-01 09:38:14,891 - adding: 564_213 to LSH
2022-04-01 09:38:14,892 - added: 564_213 to LSH
2022-04-01 09:38:16,248 - image: 632_233 arrived at table_manipulation
2022-04-01 09:38:16,248 - adding: 632_233 to LSH
2022-04-01 09:38:16,249 - added: 632_233 to LSH
2022-04-01 09:38:16,429 - image: 577_218 arrived at table_manipulation
2022-04-01 09:38:16,429 - adding: 577_218 to LSH
2022-04-01 09:38:16,429 - added: 577_218 to LSH
2022-04-01 09:38:17,374 - image: 644_237 arrived at table_manipulation
2022-04-01 09:38:17,375 - adding: 644_237 to LSH
2022-04-01 09:38:17,375 - added: 644_237 to LSH
2022-04-01 09:38:17,944 - image: 587_222 arrived at table_manipulation
2022-04-01 09:38:17,945 - adding: 587_222 to LSH
2022-04-01 09:38:17,945 - added: 587_222 to LSH
2022-04-01 09:38:18,487 - image: 656_242 arrived at table_manipulation
2022-04-01 09:38:18,487 - adding: 656_242 to LSH
2022-04-01 09:38:18,487 - added: 656_242 to LSH
2022-04-01 09:38:19,413 - image: 599_225 arrived at table_manipulation
2022-04-01 09:38:19,413 - adding: 599_225 to LSH
2022-04-01 09:38:19,413 - added: 599_225 to LSH
2022-04-01 09:38:19,578 - image: 668_247 arrived at table_manipulation
2022-04-01 09:38:19,578 - adding: 668_247 to LSH
2022-04-01 09:38:19,578 - added: 668_247 to LSH
2022-04-01 09:38:20,842 - image: 679_251 arrived at table_manipulation
2022-04-01 09:38:20,842 - adding: 679_251 to LSH
2022-04-01 09:38:20,842 - added: 679_251 to LSH
2022-04-01 09:38:20,900 - image: 625_232 arrived at table_manipulation
2022-04-01 09:38:20,900 - adding: 625_232 to LSH
2022-04-01 09:38:20,900 - added: 625_232 to LSH
2022-04-01 09:38:21,966 - image: 694_257 arrived at table_manipulation
2022-04-01 09:38:21,966 - adding: 694_257 to LSH
2022-04-01 09:38:21,966 - added: 694_257 to LSH
2022-04-01 09:38:22,370 - image: 637_234 arrived at table_manipulation
2022-04-01 09:38:22,370 - adding: 637_234 to LSH
2022-04-01 09:38:22,370 - added: 637_234 to LSH
2022-04-01 09:38:23,088 - image: 706_261 arrived at table_manipulation
2022-04-01 09:38:23,088 - adding: 706_261 to LSH
2022-04-01 09:38:23,088 - added: 706_261 to LSH
2022-04-01 09:38:23,933 - image: 649_240 arrived at table_manipulation
2022-04-01 09:38:23,933 - adding: 649_240 to LSH
2022-04-01 09:38:23,933 - added: 649_240 to LSH
2022-04-01 09:38:24,217 - image: 715_265 arrived at table_manipulation
2022-04-01 09:38:24,217 - adding: 715_265 to LSH
2022-04-01 09:38:24,217 - added: 715_265 to LSH
2022-04-01 09:38:25,410 - image: 661_244 arrived at table_manipulation
2022-04-01 09:38:25,410 - adding: 661_244 to LSH
2022-04-01 09:38:25,411 - added: 661_244 to LSH
2022-04-01 09:38:25,421 - image: 678_251 arrived at table_manipulation
2022-04-01 09:38:25,421 - adding: 678_251 to LSH
2022-04-01 09:38:25,421 - added: 678_251 to LSH
2022-04-01 09:38:26,646 - image: 741_271 arrived at table_manipulation
2022-04-01 09:38:26,646 - adding: 741_271 to LSH
2022-04-01 09:38:26,646 - added: 741_271 to LSH
2022-04-01 09:38:26,905 - image: 687_254 arrived at table_manipulation
2022-04-01 09:38:26,905 - adding: 687_254 to LSH
2022-04-01 09:38:26,905 - added: 687_254 to LSH
2022-04-01 09:38:27,784 - image: 753_275 arrived at table_manipulation
2022-04-01 09:38:27,784 - adding: 753_275 to LSH
2022-04-01 09:38:27,784 - added: 753_275 to LSH
2022-04-01 09:38:28,453 - image: 699_259 arrived at table_manipulation
2022-04-01 09:38:28,453 - adding: 699_259 to LSH
2022-04-01 09:38:28,453 - added: 699_259 to LSH
2022-04-01 09:38:28,928 - image: 765_280 arrived at table_manipulation
2022-04-01 09:38:28,928 - adding: 765_280 to LSH
2022-04-01 09:38:28,928 - added: 765_280 to LSH
2022-04-01 09:38:30,033 - image: 714_264 arrived at table_manipulation
2022-04-01 09:38:30,033 - adding: 714_264 to LSH
2022-04-01 09:38:30,033 - added: 714_264 to LSH
2022-04-01 09:38:30,146 - image: 780_286 arrived at table_manipulation
2022-04-01 09:38:30,146 - adding: 780_286 to LSH
2022-04-01 09:38:30,146 - added: 780_286 to LSH
2022-04-01 09:38:31,734 - image: 791_291 arrived at table_manipulation
2022-04-01 09:38:31,735 - adding: 791_291 to LSH
2022-04-01 09:38:31,735 - added: 791_291 to LSH
2022-04-01 09:38:31,849 - image: 737_269 arrived at table_manipulation
2022-04-01 09:38:31,850 - adding: 737_269 to LSH
2022-04-01 09:38:31,850 - added: 737_269 to LSH
2022-04-01 09:38:33,244 - image: 803_296 arrived at table_manipulation
2022-04-01 09:38:33,245 - adding: 803_296 to LSH
2022-04-01 09:38:33,245 - added: 803_296 to LSH
2022-04-01 09:38:33,920 - image: 752_275 arrived at table_manipulation
2022-04-01 09:38:33,921 - adding: 752_275 to LSH
2022-04-01 09:38:33,921 - added: 752_275 to LSH
2022-04-01 09:38:36,167 - image: 762_278 arrived at table_manipulation
2022-04-01 09:38:36,167 - adding: 762_278 to LSH
2022-04-01 09:38:36,168 - added: 762_278 to LSH
2022-04-01 09:38:36,196 - image: 774_284 arrived at table_manipulation
2022-04-01 09:38:36,196 - adding: 774_284 to LSH
2022-04-01 09:38:36,196 - added: 774_284 to LSH
2022-04-01 09:38:38,625 - image: 786_289 arrived at table_manipulation
2022-04-01 09:38:38,625 - adding: 786_289 to LSH
2022-04-01 09:38:38,626 - added: 786_289 to LSH
2022-04-01 09:38:40,772 - image: 793_292 arrived at table_manipulation
2022-04-01 09:38:40,772 - adding: 793_292 to LSH
2022-04-01 09:38:40,772 - added: 793_292 to LSH
2022-04-01 09:38:44,788 - image: 810_299 arrived at table_manipulation
2022-04-01 09:38:44,789 - adding: 810_299 to LSH
2022-04-01 09:38:44,789 - added: 810_299 to LSH
