2022-04-01 06:08:04,514 - PID 29825 started feature extraction
2022-04-01 06:08:04,521 - Pika version 1.2.0 connecting to ('::1', 5672, 0, 0)
2022-04-01 06:08:04,521 - Socket failed to connect: <socket.socket fd=22, family=AddressFamily.AF_INET6, type=SocketKind.SOCK_STREAM, proto=6, laddr=('::1', 61816, 0, 0)>; error=61 (Connection refused)
2022-04-01 06:08:04,521 - TCP Connection attempt failed: ConnectionRefusedError(61, 'Connection refused'); dest=(<AddressFamily.AF_INET6: 30>, <SocketKind.SOCK_STREAM: 1>, 6, '', ('::1', 5672, 0, 0))
2022-04-01 06:08:04,522 - AMQPConnector - reporting failure: AMQPConnectorSocketConnectError: ConnectionRefusedError(61, 'Connection refused')
2022-04-01 06:08:04,522 - Pika version 1.2.0 connecting to ('127.0.0.1', 5672)
2022-04-01 06:08:04,522 - Socket connected: <socket.socket fd=22, family=AddressFamily.AF_INET, type=SocketKind.SOCK_STREAM, proto=6, laddr=('127.0.0.1', 61819), raddr=('127.0.0.1', 5672)>
2022-04-01 06:08:04,523 - Streaming transport linked up: (<pika.adapters.utils.io_services_utils._AsyncPlaintextTransport object at 0x11f912490>, _StreamingProtocolShim: <SelectConnection PROTOCOL transport=<pika.adapters.utils.io_services_utils._AsyncPlaintextTransport object at 0x11f912490> params=<ConnectionParameters host=localhost port=5672 virtual_host=/ ssl=False>>).
2022-04-01 06:08:04,527 - AMQPConnector - reporting success: <SelectConnection OPEN transport=<pika.adapters.utils.io_services_utils._AsyncPlaintextTransport object at 0x11f912490> params=<ConnectionParameters host=localhost port=5672 virtual_host=/ ssl=False>>
2022-04-01 06:08:04,528 - AMQPConnectionWorkflow - reporting success: <SelectConnection OPEN transport=<pika.adapters.utils.io_services_utils._AsyncPlaintextTransport object at 0x11f912490> params=<ConnectionParameters host=localhost port=5672 virtual_host=/ ssl=False>>
2022-04-01 06:08:04,528 - Connection workflow succeeded: <SelectConnection OPEN transport=<pika.adapters.utils.io_services_utils._AsyncPlaintextTransport object at 0x11f912490> params=<ConnectionParameters host=localhost port=5672 virtual_host=/ ssl=False>>
2022-04-01 06:08:04,528 - Created channel=1
2022-04-01 06:08:06,381 - image 3_001 arrived at feature extraction
2022-04-01 06:08:06,382 - Extracting started: [('3', '001')] being feature-extracted
2022-04-01 06:08:07,447 - Extracting completed: [('3', '001')] have been feature-extracted
2022-04-01 06:08:07,447 - hashing: 3_001 started
2022-04-01 06:08:07,447 - hashing: 3_001 completed
2022-04-01 06:08:07,469 - image 4_001 arrived at feature extraction
2022-04-01 06:08:07,470 - Extracting started: [('4', '001')] being feature-extracted
2022-04-01 06:08:07,670 - Extracting completed: [('4', '001')] have been feature-extracted
2022-04-01 06:08:07,670 - hashing: 4_001 started
2022-04-01 06:08:07,670 - hashing: 4_001 completed
2022-04-01 06:08:07,678 - image 9_003 arrived at feature extraction
2022-04-01 06:08:07,678 - Extracting started: [('9', '003')] being feature-extracted
2022-04-01 06:08:07,859 - Extracting completed: [('9', '003')] have been feature-extracted
2022-04-01 06:08:07,859 - hashing: 9_003 started
2022-04-01 06:08:07,859 - hashing: 9_003 completed
2022-04-01 06:08:07,861 - image 10_004 arrived at feature extraction
2022-04-01 06:08:07,861 - Extracting started: [('10', '004')] being feature-extracted
2022-04-01 06:08:08,048 - Extracting completed: [('10', '004')] have been feature-extracted
2022-04-01 06:08:08,048 - hashing: 10_004 started
2022-04-01 06:08:08,048 - hashing: 10_004 completed
2022-04-01 06:08:08,055 - image 15_005 arrived at feature extraction
2022-04-01 06:08:08,056 - Extracting started: [('15', '005')] being feature-extracted
2022-04-01 06:08:08,233 - Extracting completed: [('15', '005')] have been feature-extracted
2022-04-01 06:08:08,233 - hashing: 15_005 started
2022-04-01 06:08:08,234 - hashing: 15_005 completed
2022-04-01 06:08:08,242 - image 19_007 arrived at feature extraction
2022-04-01 06:08:08,242 - Extracting started: [('19', '007')] being feature-extracted
2022-04-01 06:08:08,420 - Extracting completed: [('19', '007')] have been feature-extracted
2022-04-01 06:08:08,420 - hashing: 19_007 started
2022-04-01 06:08:08,420 - hashing: 19_007 completed
2022-04-01 06:08:08,423 - image 18_007 arrived at feature extraction
2022-04-01 06:08:08,423 - Extracting started: [('18', '007')] being feature-extracted
2022-04-01 06:08:08,626 - Extracting completed: [('18', '007')] have been feature-extracted
2022-04-01 06:08:08,626 - hashing: 18_007 started
2022-04-01 06:08:08,626 - hashing: 18_007 completed
2022-04-01 06:08:08,636 - image 22_009 arrived at feature extraction
2022-04-01 06:08:08,636 - Extracting started: [('22', '009')] being feature-extracted
2022-04-01 06:08:08,822 - Extracting completed: [('22', '009')] have been feature-extracted
2022-04-01 06:08:08,822 - hashing: 22_009 started
2022-04-01 06:08:08,822 - hashing: 22_009 completed
2022-04-01 06:08:08,877 - image 24_009 arrived at feature extraction
2022-04-01 06:08:08,877 - Extracting started: [('24', '009')] being feature-extracted
2022-04-01 06:08:09,089 - Extracting completed: [('24', '009')] have been feature-extracted
2022-04-01 06:08:09,089 - hashing: 24_009 started
2022-04-01 06:08:09,089 - hashing: 24_009 completed
2022-04-01 06:08:09,156 - image 31_013 arrived at feature extraction
2022-04-01 06:08:09,157 - Extracting started: [('31', '013')] being feature-extracted
2022-04-01 06:08:09,394 - Extracting completed: [('31', '013')] have been feature-extracted
2022-04-01 06:08:09,394 - hashing: 31_013 started
2022-04-01 06:08:09,394 - hashing: 31_013 completed
2022-04-01 06:08:09,532 - image 30_012 arrived at feature extraction
2022-04-01 06:08:09,532 - Extracting started: [('30', '012')] being feature-extracted
2022-04-01 06:08:09,770 - Extracting completed: [('30', '012')] have been feature-extracted
2022-04-01 06:08:09,770 - hashing: 30_012 started
2022-04-01 06:08:09,770 - hashing: 30_012 completed
2022-04-01 06:08:09,791 - image 32_013 arrived at feature extraction
2022-04-01 06:08:09,791 - Extracting started: [('32', '013')] being feature-extracted
2022-04-01 06:08:10,028 - Extracting completed: [('32', '013')] have been feature-extracted
2022-04-01 06:08:10,028 - hashing: 32_013 started
2022-04-01 06:08:10,029 - hashing: 32_013 completed
2022-04-01 06:08:10,038 - image 41_015 arrived at feature extraction
2022-04-01 06:08:10,038 - Extracting started: [('41', '015')] being feature-extracted
2022-04-01 06:08:10,301 - Extracting completed: [('41', '015')] have been feature-extracted
2022-04-01 06:08:10,301 - hashing: 41_015 started
2022-04-01 06:08:10,301 - hashing: 41_015 completed
2022-04-01 06:08:10,354 - image 38_015 arrived at feature extraction
2022-04-01 06:08:10,354 - Extracting started: [('38', '015')] being feature-extracted
2022-04-01 06:08:10,640 - Extracting completed: [('38', '015')] have been feature-extracted
2022-04-01 06:08:10,640 - hashing: 38_015 started
2022-04-01 06:08:10,640 - hashing: 38_015 completed
2022-04-01 06:08:10,650 - image 47_017 arrived at feature extraction
2022-04-01 06:08:10,651 - Extracting started: [('47', '017')] being feature-extracted
2022-04-01 06:08:10,936 - Extracting completed: [('47', '017')] have been feature-extracted
2022-04-01 06:08:10,937 - hashing: 47_017 started
2022-04-01 06:08:10,937 - hashing: 47_017 completed
2022-04-01 06:08:10,950 - image 44_016 arrived at feature extraction
2022-04-01 06:08:10,950 - Extracting started: [('44', '016')] being feature-extracted
2022-04-01 06:08:11,265 - Extracting completed: [('44', '016')] have been feature-extracted
2022-04-01 06:08:11,266 - hashing: 44_016 started
2022-04-01 06:08:11,266 - hashing: 44_016 completed
2022-04-01 06:08:11,282 - image 53_020 arrived at feature extraction
2022-04-01 06:08:11,282 - Extracting started: [('53', '020')] being feature-extracted
2022-04-01 06:08:11,611 - Extracting completed: [('53', '020')] have been feature-extracted
2022-04-01 06:08:11,611 - hashing: 53_020 started
2022-04-01 06:08:11,611 - hashing: 53_020 completed
2022-04-01 06:08:11,635 - image 50_019 arrived at feature extraction
2022-04-01 06:08:11,636 - Extracting started: [('50', '019')] being feature-extracted
2022-04-01 06:08:11,912 - Extracting completed: [('50', '019')] have been feature-extracted
2022-04-01 06:08:11,929 - hashing: 50_019 started
2022-04-01 06:08:11,929 - hashing: 50_019 completed
2022-04-01 06:08:11,942 - image 59_023 arrived at feature extraction
2022-04-01 06:08:11,942 - Extracting started: [('59', '023')] being feature-extracted
2022-04-01 06:08:12,186 - Extracting completed: [('59', '023')] have been feature-extracted
2022-04-01 06:08:12,186 - hashing: 59_023 started
2022-04-01 06:08:12,186 - hashing: 59_023 completed
2022-04-01 06:08:12,207 - image 56_022 arrived at feature extraction
2022-04-01 06:08:12,207 - Extracting started: [('56', '022')] being feature-extracted
2022-04-01 06:08:12,444 - Extracting completed: [('56', '022')] have been feature-extracted
2022-04-01 06:08:12,444 - hashing: 56_022 started
2022-04-01 06:08:12,444 - hashing: 56_022 completed
2022-04-01 06:08:12,491 - image 65_024 arrived at feature extraction
2022-04-01 06:08:12,491 - Extracting started: [('65', '024')] being feature-extracted
2022-04-01 06:08:12,739 - Extracting completed: [('65', '024')] have been feature-extracted
2022-04-01 06:08:12,739 - hashing: 65_024 started
2022-04-01 06:08:12,739 - hashing: 65_024 completed
2022-04-01 06:08:12,841 - image 62_023 arrived at feature extraction
2022-04-01 06:08:12,841 - Extracting started: [('62', '023')] being feature-extracted
2022-04-01 06:08:13,107 - Extracting completed: [('62', '023')] have been feature-extracted
2022-04-01 06:08:13,107 - hashing: 62_023 started
2022-04-01 06:08:13,107 - hashing: 62_023 completed
2022-04-01 06:08:13,121 - image 64_024 arrived at feature extraction
2022-04-01 06:08:13,121 - Extracting started: [('64', '024')] being feature-extracted
2022-04-01 06:08:13,381 - Extracting completed: [('64', '024')] have been feature-extracted
2022-04-01 06:08:13,381 - hashing: 64_024 started
2022-04-01 06:08:13,382 - hashing: 64_024 completed
2022-04-01 06:08:13,392 - image 75_029 arrived at feature extraction
2022-04-01 06:08:13,392 - Extracting started: [('75', '029')] being feature-extracted
2022-04-01 06:08:13,638 - Extracting completed: [('75', '029')] have been feature-extracted
2022-04-01 06:08:13,639 - hashing: 75_029 started
2022-04-01 06:08:13,639 - hashing: 75_029 completed
2022-04-01 06:08:13,650 - image 70_027 arrived at feature extraction
2022-04-01 06:08:13,650 - Extracting started: [('70', '027')] being feature-extracted
2022-04-01 06:08:13,886 - Extracting completed: [('70', '027')] have been feature-extracted
2022-04-01 06:08:13,887 - hashing: 70_027 started
2022-04-01 06:08:13,887 - hashing: 70_027 completed
2022-04-01 06:08:13,928 - image 81_031 arrived at feature extraction
2022-04-01 06:08:13,928 - Extracting started: [('81', '031')] being feature-extracted
2022-04-01 06:08:14,184 - Extracting completed: [('81', '031')] have been feature-extracted
2022-04-01 06:08:14,184 - hashing: 81_031 started
2022-04-01 06:08:14,184 - hashing: 81_031 completed
2022-04-01 06:08:14,194 - image 76_029 arrived at feature extraction
2022-04-01 06:08:14,194 - Extracting started: [('76', '029')] being feature-extracted
2022-04-01 06:08:14,433 - Extracting completed: [('76', '029')] have been feature-extracted
2022-04-01 06:08:14,433 - hashing: 76_029 started
2022-04-01 06:08:14,434 - hashing: 76_029 completed
2022-04-01 06:08:14,491 - image 80_031 arrived at feature extraction
2022-04-01 06:08:14,491 - Extracting started: [('80', '031')] being feature-extracted
2022-04-01 06:08:14,729 - Extracting completed: [('80', '031')] have been feature-extracted
2022-04-01 06:08:14,729 - hashing: 80_031 started
2022-04-01 06:08:14,729 - hashing: 80_031 completed
2022-04-01 06:08:14,797 - image 89_033 arrived at feature extraction
2022-04-01 06:08:14,798 - Extracting started: [('89', '033')] being feature-extracted
2022-04-01 06:08:15,037 - Extracting completed: [('89', '033')] have been feature-extracted
2022-04-01 06:08:15,037 - hashing: 89_033 started
2022-04-01 06:08:15,037 - hashing: 89_033 completed
2022-04-01 06:08:15,073 - image 86_032 arrived at feature extraction
2022-04-01 06:08:15,074 - Extracting started: [('86', '032')] being feature-extracted
2022-04-01 06:08:15,316 - Extracting completed: [('86', '032')] have been feature-extracted
2022-04-01 06:08:15,316 - hashing: 86_032 started
2022-04-01 06:08:15,316 - hashing: 86_032 completed
2022-04-01 06:08:15,333 - image 95_035 arrived at feature extraction
2022-04-01 06:08:15,333 - Extracting started: [('95', '035')] being feature-extracted
2022-04-01 06:08:15,556 - Extracting completed: [('95', '035')] have been feature-extracted
2022-04-01 06:08:15,556 - hashing: 95_035 started
2022-04-01 06:08:15,556 - hashing: 95_035 completed
2022-04-01 06:08:15,584 - image 92_033 arrived at feature extraction
2022-04-01 06:08:15,585 - Extracting started: [('92', '033')] being feature-extracted
2022-04-01 06:08:15,799 - Extracting completed: [('92', '033')] have been feature-extracted
2022-04-01 06:08:15,799 - hashing: 92_033 started
2022-04-01 06:08:15,799 - hashing: 92_033 completed
2022-04-01 06:08:15,808 - image 101_037 arrived at feature extraction
2022-04-01 06:08:15,809 - Extracting started: [('101', '037')] being feature-extracted
2022-04-01 06:08:16,009 - Extracting completed: [('101', '037')] have been feature-extracted
2022-04-01 06:08:16,009 - hashing: 101_037 started
2022-04-01 06:08:16,009 - hashing: 101_037 completed
2022-04-01 06:08:16,068 - image 98_035 arrived at feature extraction
2022-04-01 06:08:16,068 - Extracting started: [('98', '035')] being feature-extracted
2022-04-01 06:08:16,300 - Extracting completed: [('98', '035')] have been feature-extracted
2022-04-01 06:08:16,300 - hashing: 98_035 started
2022-04-01 06:08:16,300 - hashing: 98_035 completed
2022-04-01 06:08:16,311 - image 107_039 arrived at feature extraction
2022-04-01 06:08:16,311 - Extracting started: [('107', '039')] being feature-extracted
2022-04-01 06:08:16,521 - Extracting completed: [('107', '039')] have been feature-extracted
2022-04-01 06:08:16,521 - hashing: 107_039 started
2022-04-01 06:08:16,521 - hashing: 107_039 completed
2022-04-01 06:08:16,530 - image 104_038 arrived at feature extraction
2022-04-01 06:08:16,531 - Extracting started: [('104', '038')] being feature-extracted
2022-04-01 06:08:16,739 - Extracting completed: [('104', '038')] have been feature-extracted
2022-04-01 06:08:16,739 - hashing: 104_038 started
2022-04-01 06:08:16,739 - hashing: 104_038 completed
2022-04-01 06:08:16,749 - image 113_040 arrived at feature extraction
2022-04-01 06:08:16,749 - Extracting started: [('113', '040')] being feature-extracted
2022-04-01 06:08:16,959 - Extracting completed: [('113', '040')] have been feature-extracted
2022-04-01 06:08:16,959 - hashing: 113_040 started
2022-04-01 06:08:16,959 - hashing: 113_040 completed
2022-04-01 06:08:17,025 - image 110_040 arrived at feature extraction
2022-04-01 06:08:17,026 - Extracting started: [('110', '040')] being feature-extracted
2022-04-01 06:08:17,272 - Extracting completed: [('110', '040')] have been feature-extracted
2022-04-01 06:08:17,272 - hashing: 110_040 started
2022-04-01 06:08:17,273 - hashing: 110_040 completed
2022-04-01 06:08:17,285 - image 119_042 arrived at feature extraction
2022-04-01 06:08:17,285 - Extracting started: [('119', '042')] being feature-extracted
2022-04-01 06:08:17,513 - Extracting completed: [('119', '042')] have been feature-extracted
2022-04-01 06:08:17,513 - hashing: 119_042 started
2022-04-01 06:08:17,513 - hashing: 119_042 completed
2022-04-01 06:08:17,523 - image 116_041 arrived at feature extraction
2022-04-01 06:08:17,523 - Extracting started: [('116', '041')] being feature-extracted
2022-04-01 06:08:17,752 - Extracting completed: [('116', '041')] have been feature-extracted
2022-04-01 06:08:17,752 - hashing: 116_041 started
2022-04-01 06:08:17,752 - hashing: 116_041 completed
2022-04-01 06:08:17,800 - image 125_044 arrived at feature extraction
2022-04-01 06:08:17,801 - Extracting started: [('125', '044')] being feature-extracted
2022-04-01 06:08:18,008 - Extracting completed: [('125', '044')] have been feature-extracted
2022-04-01 06:08:18,008 - hashing: 125_044 started
2022-04-01 06:08:18,008 - hashing: 125_044 completed
2022-04-01 06:08:18,017 - image 122_043 arrived at feature extraction
2022-04-01 06:08:18,018 - Extracting started: [('122', '043')] being feature-extracted
2022-04-01 06:08:18,224 - Extracting completed: [('122', '043')] have been feature-extracted
2022-04-01 06:08:18,224 - hashing: 122_043 started
2022-04-01 06:08:18,225 - hashing: 122_043 completed
2022-04-01 06:08:18,234 - image 131_046 arrived at feature extraction
2022-04-01 06:08:18,234 - Extracting started: [('131', '046')] being feature-extracted
2022-04-01 06:08:18,460 - Extracting completed: [('131', '046')] have been feature-extracted
2022-04-01 06:08:18,460 - hashing: 131_046 started
2022-04-01 06:08:18,460 - hashing: 131_046 completed
2022-04-01 06:08:18,483 - image 128_045 arrived at feature extraction
2022-04-01 06:08:18,483 - Extracting started: [('128', '045')] being feature-extracted
2022-04-01 06:08:18,699 - Extracting completed: [('128', '045')] have been feature-extracted
2022-04-01 06:08:18,699 - hashing: 128_045 started
2022-04-01 06:08:18,699 - hashing: 128_045 completed
2022-04-01 06:08:18,724 - image 137_049 arrived at feature extraction
2022-04-01 06:08:18,725 - Extracting started: [('137', '049')] being feature-extracted
2022-04-01 06:08:18,942 - Extracting completed: [('137', '049')] have been feature-extracted
2022-04-01 06:08:18,942 - hashing: 137_049 started
2022-04-01 06:08:18,942 - hashing: 137_049 completed
2022-04-01 06:08:18,951 - image 134_048 arrived at feature extraction
2022-04-01 06:08:18,951 - Extracting started: [('134', '048')] being feature-extracted
2022-04-01 06:08:19,195 - Extracting completed: [('134', '048')] have been feature-extracted
2022-04-01 06:08:19,195 - hashing: 134_048 started
2022-04-01 06:08:19,195 - hashing: 134_048 completed
2022-04-01 06:08:19,204 - image 143_051 arrived at feature extraction
2022-04-01 06:08:19,205 - Extracting started: [('143', '051')] being feature-extracted
2022-04-01 06:08:19,447 - Extracting completed: [('143', '051')] have been feature-extracted
2022-04-01 06:08:19,447 - hashing: 143_051 started
2022-04-01 06:08:19,447 - hashing: 143_051 completed
2022-04-01 06:08:19,477 - image 140_050 arrived at feature extraction
2022-04-01 06:08:19,478 - Extracting started: [('140', '050')] being feature-extracted
2022-04-01 06:08:19,711 - Extracting completed: [('140', '050')] have been feature-extracted
2022-04-01 06:08:19,711 - hashing: 140_050 started
2022-04-01 06:08:19,712 - hashing: 140_050 completed
2022-04-01 06:08:19,725 - image 149_052 arrived at feature extraction
2022-04-01 06:08:19,725 - Extracting started: [('149', '052')] being feature-extracted
2022-04-01 06:08:19,940 - Extracting completed: [('149', '052')] have been feature-extracted
2022-04-01 06:08:19,940 - hashing: 149_052 started
2022-04-01 06:08:19,941 - hashing: 149_052 completed
2022-04-01 06:08:19,950 - image 146_051 arrived at feature extraction
2022-04-01 06:08:19,950 - Extracting started: [('146', '051')] being feature-extracted
2022-04-01 06:08:20,172 - Extracting completed: [('146', '051')] have been feature-extracted
2022-04-01 06:08:20,172 - hashing: 146_051 started
2022-04-01 06:08:20,172 - hashing: 146_051 completed
2022-04-01 06:08:20,228 - image 155_055 arrived at feature extraction
2022-04-01 06:08:20,228 - Extracting started: [('155', '055')] being feature-extracted
2022-04-01 06:08:20,450 - Extracting completed: [('155', '055')] have been feature-extracted
2022-04-01 06:08:20,450 - hashing: 155_055 started
2022-04-01 06:08:20,450 - hashing: 155_055 completed
2022-04-01 06:08:20,463 - image 152_054 arrived at feature extraction
2022-04-01 06:08:20,463 - Extracting started: [('152', '054')] being feature-extracted
2022-04-01 06:08:20,680 - Extracting completed: [('152', '054')] have been feature-extracted
2022-04-01 06:08:20,680 - hashing: 152_054 started
2022-04-01 06:08:20,681 - hashing: 152_054 completed
2022-04-01 06:08:20,742 - image 161_058 arrived at feature extraction
2022-04-01 06:08:20,743 - Extracting started: [('161', '058')] being feature-extracted
2022-04-01 06:08:20,967 - Extracting completed: [('161', '058')] have been feature-extracted
2022-04-01 06:08:20,967 - hashing: 161_058 started
2022-04-01 06:08:20,967 - hashing: 161_058 completed
2022-04-01 06:08:20,979 - image 158_057 arrived at feature extraction
2022-04-01 06:08:20,979 - Extracting started: [('158', '057')] being feature-extracted
2022-04-01 06:08:21,209 - Extracting completed: [('158', '057')] have been feature-extracted
2022-04-01 06:08:21,210 - hashing: 158_057 started
2022-04-01 06:08:21,210 - hashing: 158_057 completed
2022-04-01 06:08:21,276 - image 167_060 arrived at feature extraction
2022-04-01 06:08:21,277 - Extracting started: [('167', '060')] being feature-extracted
2022-04-01 06:08:21,542 - Extracting completed: [('167', '060')] have been feature-extracted
2022-04-01 06:08:21,542 - hashing: 167_060 started
2022-04-01 06:08:21,542 - hashing: 167_060 completed
2022-04-01 06:08:21,600 - image 164_059 arrived at feature extraction
2022-04-01 06:08:21,601 - Extracting started: [('164', '059')] being feature-extracted
2022-04-01 06:08:21,830 - Extracting completed: [('164', '059')] have been feature-extracted
2022-04-01 06:08:21,830 - hashing: 164_059 started
2022-04-01 06:08:21,830 - hashing: 164_059 completed
2022-04-01 06:08:21,872 - image 173_063 arrived at feature extraction
2022-04-01 06:08:21,872 - Extracting started: [('173', '063')] being feature-extracted
2022-04-01 06:08:22,080 - Extracting completed: [('173', '063')] have been feature-extracted
2022-04-01 06:08:22,080 - hashing: 173_063 started
2022-04-01 06:08:22,080 - hashing: 173_063 completed
2022-04-01 06:08:22,150 - image 175_064 arrived at feature extraction
2022-04-01 06:08:22,151 - Extracting started: [('175', '064')] being feature-extracted
2022-04-01 06:08:22,360 - Extracting completed: [('175', '064')] have been feature-extracted
2022-04-01 06:08:22,360 - hashing: 175_064 started
2022-04-01 06:08:22,360 - hashing: 175_064 completed
2022-04-01 06:08:22,479 - image 174_063 arrived at feature extraction
2022-04-01 06:08:22,479 - Extracting started: [('174', '063')] being feature-extracted
2022-04-01 06:08:22,698 - Extracting completed: [('174', '063')] have been feature-extracted
2022-04-01 06:08:22,698 - hashing: 174_063 started
2022-04-01 06:08:22,698 - hashing: 174_063 completed
2022-04-01 06:08:22,971 - image 181_066 arrived at feature extraction
2022-04-01 06:08:22,972 - Extracting started: [('181', '066')] being feature-extracted
2022-04-01 06:08:23,191 - Extracting completed: [('181', '066')] have been feature-extracted
2022-04-01 06:08:23,191 - hashing: 181_066 started
2022-04-01 06:08:23,191 - hashing: 181_066 completed
2022-04-01 06:08:23,270 - image 180_065 arrived at feature extraction
2022-04-01 06:08:23,271 - Extracting started: [('180', '065')] being feature-extracted
2022-04-01 06:08:23,470 - Extracting completed: [('180', '065')] have been feature-extracted
2022-04-01 06:08:23,470 - hashing: 180_065 started
2022-04-01 06:08:23,470 - hashing: 180_065 completed
2022-04-01 06:08:23,648 - image 187_066 arrived at feature extraction
2022-04-01 06:08:23,648 - Extracting started: [('187', '066')] being feature-extracted
2022-04-01 06:08:23,842 - Extracting completed: [('187', '066')] have been feature-extracted
2022-04-01 06:08:23,842 - hashing: 187_066 started
2022-04-01 06:08:23,842 - hashing: 187_066 completed
2022-04-01 06:08:23,934 - image 186_066 arrived at feature extraction
2022-04-01 06:08:23,935 - Extracting started: [('186', '066')] being feature-extracted
2022-04-01 06:08:24,129 - Extracting completed: [('186', '066')] have been feature-extracted
2022-04-01 06:08:24,129 - hashing: 186_066 started
2022-04-01 06:08:24,130 - hashing: 186_066 completed
2022-04-01 06:08:24,186 - image 190_067 arrived at feature extraction
2022-04-01 06:08:24,186 - Extracting started: [('190', '067')] being feature-extracted
2022-04-01 06:08:24,378 - Extracting completed: [('190', '067')] have been feature-extracted
2022-04-01 06:08:24,378 - hashing: 190_067 started
2022-04-01 06:08:24,378 - hashing: 190_067 completed
2022-04-01 06:08:24,454 - image 195_069 arrived at feature extraction
2022-04-01 06:08:24,454 - Extracting started: [('195', '069')] being feature-extracted
2022-04-01 06:08:24,635 - Extracting completed: [('195', '069')] have been feature-extracted
2022-04-01 06:08:24,635 - hashing: 195_069 started
2022-04-01 06:08:24,635 - hashing: 195_069 completed
2022-04-01 06:08:24,769 - image 196_069 arrived at feature extraction
2022-04-01 06:08:24,770 - Extracting started: [('196', '069')] being feature-extracted
2022-04-01 06:08:24,969 - Extracting completed: [('196', '069')] have been feature-extracted
2022-04-01 06:08:24,969 - hashing: 196_069 started
2022-04-01 06:08:24,969 - hashing: 196_069 completed
2022-04-01 06:08:25,029 - image 200_070 arrived at feature extraction
2022-04-01 06:08:25,030 - Extracting started: [('200', '070')] being feature-extracted
2022-04-01 06:08:25,221 - Extracting completed: [('200', '070')] have been feature-extracted
2022-04-01 06:08:25,222 - hashing: 200_070 started
2022-04-01 06:08:25,222 - hashing: 200_070 completed
2022-04-01 06:08:25,314 - image 203_072 arrived at feature extraction
2022-04-01 06:08:25,315 - Extracting started: [('203', '072')] being feature-extracted
2022-04-01 06:08:25,510 - Extracting completed: [('203', '072')] have been feature-extracted
2022-04-01 06:08:25,510 - hashing: 203_072 started
2022-04-01 06:08:25,510 - hashing: 203_072 completed
2022-04-01 06:08:25,717 - image 206_072 arrived at feature extraction
2022-04-01 06:08:25,717 - Extracting started: [('206', '072')] being feature-extracted
2022-04-01 06:08:25,927 - Extracting completed: [('206', '072')] have been feature-extracted
2022-04-01 06:08:25,927 - hashing: 206_072 started
2022-04-01 06:08:25,927 - hashing: 206_072 completed
2022-04-01 06:08:26,066 - image 209_074 arrived at feature extraction
2022-04-01 06:08:26,067 - Extracting started: [('209', '074')] being feature-extracted
2022-04-01 06:08:26,266 - Extracting completed: [('209', '074')] have been feature-extracted
2022-04-01 06:08:26,266 - hashing: 209_074 started
2022-04-01 06:08:26,267 - hashing: 209_074 completed
2022-04-01 06:08:26,444 - image 212_075 arrived at feature extraction
2022-04-01 06:08:26,444 - Extracting started: [('212', '075')] being feature-extracted
2022-04-01 06:08:26,639 - Extracting completed: [('212', '075')] have been feature-extracted
2022-04-01 06:08:26,640 - hashing: 212_075 started
2022-04-01 06:08:26,640 - hashing: 212_075 completed
2022-04-01 06:08:26,759 - image 215_077 arrived at feature extraction
2022-04-01 06:08:26,759 - Extracting started: [('215', '077')] being feature-extracted
2022-04-01 06:08:26,959 - Extracting completed: [('215', '077')] have been feature-extracted
2022-04-01 06:08:26,959 - hashing: 215_077 started
2022-04-01 06:08:26,960 - hashing: 215_077 completed
2022-04-01 06:08:27,162 - image 218_078 arrived at feature extraction
2022-04-01 06:08:27,162 - Extracting started: [('218', '078')] being feature-extracted
2022-04-01 06:08:27,340 - Extracting completed: [('218', '078')] have been feature-extracted
2022-04-01 06:08:27,340 - hashing: 218_078 started
2022-04-01 06:08:27,340 - hashing: 218_078 completed
2022-04-01 06:08:27,393 - image 221_079 arrived at feature extraction
2022-04-01 06:08:27,394 - Extracting started: [('221', '079')] being feature-extracted
2022-04-01 06:08:27,582 - Extracting completed: [('221', '079')] have been feature-extracted
2022-04-01 06:08:27,582 - hashing: 221_079 started
2022-04-01 06:08:27,582 - hashing: 221_079 completed
2022-04-01 06:08:27,678 - image 225_081 arrived at feature extraction
2022-04-01 06:08:27,679 - Extracting started: [('225', '081')] being feature-extracted
2022-04-01 06:08:27,875 - Extracting completed: [('225', '081')] have been feature-extracted
2022-04-01 06:08:27,875 - hashing: 225_081 started
2022-04-01 06:08:27,875 - hashing: 225_081 completed
2022-04-01 06:08:27,892 - image 226_081 arrived at feature extraction
2022-04-01 06:08:27,893 - Extracting started: [('226', '081')] being feature-extracted
2022-04-01 06:08:28,109 - Extracting completed: [('226', '081')] have been feature-extracted
2022-04-01 06:08:28,110 - hashing: 226_081 started
2022-04-01 06:08:28,110 - hashing: 226_081 completed
2022-04-01 06:08:28,229 - image 231_081 arrived at feature extraction
2022-04-01 06:08:28,230 - Extracting started: [('231', '081')] being feature-extracted
2022-04-01 06:08:28,434 - Extracting completed: [('231', '081')] have been feature-extracted
2022-04-01 06:08:28,434 - hashing: 231_081 started
2022-04-01 06:08:28,434 - hashing: 231_081 completed
2022-04-01 06:08:28,443 - image 232_082 arrived at feature extraction
2022-04-01 06:08:28,443 - Extracting started: [('232', '082')] being feature-extracted
2022-04-01 06:08:28,654 - Extracting completed: [('232', '082')] have been feature-extracted
2022-04-01 06:08:28,654 - hashing: 232_082 started
2022-04-01 06:08:28,654 - hashing: 232_082 completed
2022-04-01 06:08:28,692 - image 237_083 arrived at feature extraction
2022-04-01 06:08:28,693 - Extracting started: [('237', '083')] being feature-extracted
2022-04-01 06:08:28,910 - Extracting completed: [('237', '083')] have been feature-extracted
2022-04-01 06:08:28,910 - hashing: 237_083 started
2022-04-01 06:08:28,910 - hashing: 237_083 completed
2022-04-01 06:08:28,919 - image 238_084 arrived at feature extraction
2022-04-01 06:08:28,919 - Extracting started: [('238', '084')] being feature-extracted
2022-04-01 06:08:29,140 - Extracting completed: [('238', '084')] have been feature-extracted
2022-04-01 06:08:29,140 - hashing: 238_084 started
2022-04-01 06:08:29,141 - hashing: 238_084 completed
2022-04-01 06:08:29,273 - image 243_086 arrived at feature extraction
2022-04-01 06:08:29,274 - Extracting started: [('243', '086')] being feature-extracted
2022-04-01 06:08:29,469 - Extracting completed: [('243', '086')] have been feature-extracted
2022-04-01 06:08:29,469 - hashing: 243_086 started
2022-04-01 06:08:29,469 - hashing: 243_086 completed
2022-04-01 06:08:29,478 - image 245_087 arrived at feature extraction
2022-04-01 06:08:29,479 - Extracting started: [('245', '087')] being feature-extracted
2022-04-01 06:08:29,679 - Extracting completed: [('245', '087')] have been feature-extracted
2022-04-01 06:08:29,679 - hashing: 245_087 started
2022-04-01 06:08:29,679 - hashing: 245_087 completed
2022-04-01 06:08:29,756 - image 249_089 arrived at feature extraction
2022-04-01 06:08:29,757 - Extracting started: [('249', '089')] being feature-extracted
2022-04-01 06:08:29,966 - Extracting completed: [('249', '089')] have been feature-extracted
2022-04-01 06:08:29,966 - hashing: 249_089 started
2022-04-01 06:08:29,966 - hashing: 249_089 completed
2022-04-01 06:08:29,975 - image 250_089 arrived at feature extraction
2022-04-01 06:08:29,975 - Extracting started: [('250', '089')] being feature-extracted
2022-04-01 06:08:30,199 - Extracting completed: [('250', '089')] have been feature-extracted
2022-04-01 06:08:30,199 - hashing: 250_089 started
2022-04-01 06:08:30,200 - hashing: 250_089 completed
2022-04-01 06:08:30,209 - image 255_091 arrived at feature extraction
2022-04-01 06:08:30,209 - Extracting started: [('255', '091')] being feature-extracted
2022-04-01 06:08:30,454 - Extracting completed: [('255', '091')] have been feature-extracted
2022-04-01 06:08:30,454 - hashing: 255_091 started
2022-04-01 06:08:30,455 - hashing: 255_091 completed
2022-04-01 06:08:30,464 - image 256_092 arrived at feature extraction
2022-04-01 06:08:30,464 - Extracting started: [('256', '092')] being feature-extracted
2022-04-01 06:08:30,698 - Extracting completed: [('256', '092')] have been feature-extracted
2022-04-01 06:08:30,699 - hashing: 256_092 started
2022-04-01 06:08:30,699 - hashing: 256_092 completed
2022-04-01 06:08:30,710 - image 261_094 arrived at feature extraction
2022-04-01 06:08:30,710 - Extracting started: [('261', '094')] being feature-extracted
2022-04-01 06:08:30,935 - Extracting completed: [('261', '094')] have been feature-extracted
2022-04-01 06:08:30,935 - hashing: 261_094 started
2022-04-01 06:08:30,936 - hashing: 261_094 completed
2022-04-01 06:08:30,946 - image 262_094 arrived at feature extraction
2022-04-01 06:08:30,946 - Extracting started: [('262', '094')] being feature-extracted
2022-04-01 06:08:31,178 - Extracting completed: [('262', '094')] have been feature-extracted
2022-04-01 06:08:31,178 - hashing: 262_094 started
2022-04-01 06:08:31,178 - hashing: 262_094 completed
2022-04-01 06:08:31,187 - image 267_097 arrived at feature extraction
2022-04-01 06:08:31,188 - Extracting started: [('267', '097')] being feature-extracted
2022-04-01 06:08:31,407 - Extracting completed: [('267', '097')] have been feature-extracted
2022-04-01 06:08:31,407 - hashing: 267_097 started
2022-04-01 06:08:31,407 - hashing: 267_097 completed
2022-04-01 06:08:31,416 - image 269_098 arrived at feature extraction
2022-04-01 06:08:31,416 - Extracting started: [('269', '098')] being feature-extracted
2022-04-01 06:08:31,672 - Extracting completed: [('269', '098')] have been feature-extracted
2022-04-01 06:08:31,672 - hashing: 269_098 started
2022-04-01 06:08:31,672 - hashing: 269_098 completed
2022-04-01 06:08:31,681 - image 272_099 arrived at feature extraction
2022-04-01 06:08:31,681 - Extracting started: [('272', '099')] being feature-extracted
2022-04-01 06:08:31,893 - Extracting completed: [('272', '099')] have been feature-extracted
2022-04-01 06:08:31,894 - hashing: 272_099 started
2022-04-01 06:08:31,894 - hashing: 272_099 completed
2022-04-01 06:08:31,903 - image 275_100 arrived at feature extraction
2022-04-01 06:08:31,904 - Extracting started: [('275', '100')] being feature-extracted
2022-04-01 06:08:32,128 - Extracting completed: [('275', '100')] have been feature-extracted
2022-04-01 06:08:32,129 - hashing: 275_100 started
2022-04-01 06:08:32,129 - hashing: 275_100 completed
2022-04-01 06:08:32,149 - image 278_102 arrived at feature extraction
2022-04-01 06:08:32,149 - Extracting started: [('278', '102')] being feature-extracted
2022-04-01 06:08:32,429 - Extracting completed: [('278', '102')] have been feature-extracted
2022-04-01 06:08:32,430 - hashing: 278_102 started
2022-04-01 06:08:32,430 - hashing: 278_102 completed
2022-04-01 06:08:32,441 - image 281_103 arrived at feature extraction
2022-04-01 06:08:32,441 - Extracting started: [('281', '103')] being feature-extracted
2022-04-01 06:08:32,690 - Extracting completed: [('281', '103')] have been feature-extracted
2022-04-01 06:08:32,690 - hashing: 281_103 started
2022-04-01 06:08:32,690 - hashing: 281_103 completed
2022-04-01 06:08:32,700 - image 284_104 arrived at feature extraction
2022-04-01 06:08:32,700 - Extracting started: [('284', '104')] being feature-extracted
2022-04-01 06:08:32,930 - Extracting completed: [('284', '104')] have been feature-extracted
2022-04-01 06:08:32,930 - hashing: 284_104 started
2022-04-01 06:08:32,930 - hashing: 284_104 completed
2022-04-01 06:08:32,940 - image 287_106 arrived at feature extraction
2022-04-01 06:08:32,940 - Extracting started: [('287', '106')] being feature-extracted
2022-04-01 06:08:33,165 - Extracting completed: [('287', '106')] have been feature-extracted
2022-04-01 06:08:33,165 - hashing: 287_106 started
2022-04-01 06:08:33,165 - hashing: 287_106 completed
2022-04-01 06:08:33,175 - image 290_107 arrived at feature extraction
2022-04-01 06:08:33,175 - Extracting started: [('290', '107')] being feature-extracted
2022-04-01 06:08:33,416 - Extracting completed: [('290', '107')] have been feature-extracted
2022-04-01 06:08:33,416 - hashing: 290_107 started
2022-04-01 06:08:33,417 - hashing: 290_107 completed
2022-04-01 06:08:33,428 - image 293_108 arrived at feature extraction
2022-04-01 06:08:33,429 - Extracting started: [('293', '108')] being feature-extracted
2022-04-01 06:08:33,661 - Extracting completed: [('293', '108')] have been feature-extracted
2022-04-01 06:08:33,661 - hashing: 293_108 started
2022-04-01 06:08:33,661 - hashing: 293_108 completed
2022-04-01 06:08:33,672 - image 296_109 arrived at feature extraction
2022-04-01 06:08:33,672 - Extracting started: [('296', '109')] being feature-extracted
2022-04-01 06:08:33,898 - Extracting completed: [('296', '109')] have been feature-extracted
2022-04-01 06:08:33,898 - hashing: 296_109 started
2022-04-01 06:08:33,898 - hashing: 296_109 completed
2022-04-01 06:08:33,915 - image 299_110 arrived at feature extraction
2022-04-01 06:08:33,915 - Extracting started: [('299', '110')] being feature-extracted
2022-04-01 06:08:34,140 - Extracting completed: [('299', '110')] have been feature-extracted
2022-04-01 06:08:34,140 - hashing: 299_110 started
2022-04-01 06:08:34,140 - hashing: 299_110 completed
2022-04-01 06:08:34,143 - image 302_112 arrived at feature extraction
2022-04-01 06:08:34,143 - Extracting started: [('302', '112')] being feature-extracted
2022-04-01 06:08:34,414 - Extracting completed: [('302', '112')] have been feature-extracted
2022-04-01 06:08:34,414 - hashing: 302_112 started
2022-04-01 06:08:34,414 - hashing: 302_112 completed
2022-04-01 06:08:34,428 - image 305_113 arrived at feature extraction
2022-04-01 06:08:34,428 - Extracting started: [('305', '113')] being feature-extracted
2022-04-01 06:08:34,677 - Extracting completed: [('305', '113')] have been feature-extracted
2022-04-01 06:08:34,677 - hashing: 305_113 started
2022-04-01 06:08:34,677 - hashing: 305_113 completed
2022-04-01 06:08:34,688 - image 308_115 arrived at feature extraction
2022-04-01 06:08:34,688 - Extracting started: [('308', '115')] being feature-extracted
2022-04-01 06:08:34,912 - Extracting completed: [('308', '115')] have been feature-extracted
2022-04-01 06:08:34,913 - hashing: 308_115 started
2022-04-01 06:08:34,913 - hashing: 308_115 completed
2022-04-01 06:08:34,923 - image 311_116 arrived at feature extraction
2022-04-01 06:08:34,923 - Extracting started: [('311', '116')] being feature-extracted
2022-04-01 06:08:35,146 - Extracting completed: [('311', '116')] have been feature-extracted
2022-04-01 06:08:35,146 - hashing: 311_116 started
2022-04-01 06:08:35,146 - hashing: 311_116 completed
2022-04-01 06:08:35,156 - image 314_117 arrived at feature extraction
2022-04-01 06:08:35,157 - Extracting started: [('314', '117')] being feature-extracted
2022-04-01 06:08:35,380 - Extracting completed: [('314', '117')] have been feature-extracted
2022-04-01 06:08:35,381 - hashing: 314_117 started
2022-04-01 06:08:35,381 - hashing: 314_117 completed
2022-04-01 06:08:35,390 - image 317_118 arrived at feature extraction
2022-04-01 06:08:35,391 - Extracting started: [('317', '118')] being feature-extracted
2022-04-01 06:08:35,624 - Extracting completed: [('317', '118')] have been feature-extracted
2022-04-01 06:08:35,624 - hashing: 317_118 started
2022-04-01 06:08:35,624 - hashing: 317_118 completed
2022-04-01 06:08:35,636 - image 320_120 arrived at feature extraction
2022-04-01 06:08:35,636 - Extracting started: [('320', '120')] being feature-extracted
2022-04-01 06:08:35,858 - Extracting completed: [('320', '120')] have been feature-extracted
2022-04-01 06:08:35,858 - hashing: 320_120 started
2022-04-01 06:08:35,858 - hashing: 320_120 completed
2022-04-01 06:08:35,868 - image 323_120 arrived at feature extraction
2022-04-01 06:08:35,868 - Extracting started: [('323', '120')] being feature-extracted
2022-04-01 06:08:36,106 - Extracting completed: [('323', '120')] have been feature-extracted
2022-04-01 06:08:36,106 - hashing: 323_120 started
2022-04-01 06:08:36,106 - hashing: 323_120 completed
2022-04-01 06:08:36,119 - image 326_122 arrived at feature extraction
2022-04-01 06:08:36,119 - Extracting started: [('326', '122')] being feature-extracted
2022-04-01 06:08:36,362 - Extracting completed: [('326', '122')] have been feature-extracted
2022-04-01 06:08:36,363 - hashing: 326_122 started
2022-04-01 06:08:36,363 - hashing: 326_122 completed
2022-04-01 06:08:36,365 - image 329_123 arrived at feature extraction
2022-04-01 06:08:36,366 - Extracting started: [('329', '123')] being feature-extracted
2022-04-01 06:08:36,607 - Extracting completed: [('329', '123')] have been feature-extracted
2022-04-01 06:08:36,608 - hashing: 329_123 started
2022-04-01 06:08:36,608 - hashing: 329_123 completed
2022-04-01 06:08:36,620 - image 332_124 arrived at feature extraction
2022-04-01 06:08:36,621 - Extracting started: [('332', '124')] being feature-extracted
2022-04-01 06:08:36,864 - Extracting completed: [('332', '124')] have been feature-extracted
2022-04-01 06:08:36,864 - hashing: 332_124 started
2022-04-01 06:08:36,864 - hashing: 332_124 completed
2022-04-01 06:08:36,873 - image 335_124 arrived at feature extraction
2022-04-01 06:08:36,874 - Extracting started: [('335', '124')] being feature-extracted
2022-04-01 06:08:37,083 - Extracting completed: [('335', '124')] have been feature-extracted
2022-04-01 06:08:37,083 - hashing: 335_124 started
2022-04-01 06:08:37,083 - hashing: 335_124 completed
2022-04-01 06:08:37,092 - image 338_124 arrived at feature extraction
2022-04-01 06:08:37,092 - Extracting started: [('338', '124')] being feature-extracted
2022-04-01 06:08:37,299 - Extracting completed: [('338', '124')] have been feature-extracted
2022-04-01 06:08:37,299 - hashing: 338_124 started
2022-04-01 06:08:37,299 - hashing: 338_124 completed
2022-04-01 06:08:37,309 - image 341_125 arrived at feature extraction
2022-04-01 06:08:37,309 - Extracting started: [('341', '125')] being feature-extracted
2022-04-01 06:08:37,515 - Extracting completed: [('341', '125')] have been feature-extracted
2022-04-01 06:08:37,515 - hashing: 341_125 started
2022-04-01 06:08:37,515 - hashing: 341_125 completed
2022-04-01 06:08:37,533 - image 344_126 arrived at feature extraction
2022-04-01 06:08:37,533 - Extracting started: [('344', '126')] being feature-extracted
2022-04-01 06:08:37,755 - Extracting completed: [('344', '126')] have been feature-extracted
2022-04-01 06:08:37,756 - hashing: 344_126 started
2022-04-01 06:08:37,756 - hashing: 344_126 completed
2022-04-01 06:08:37,764 - image 347_128 arrived at feature extraction
2022-04-01 06:08:37,765 - Extracting started: [('347', '128')] being feature-extracted
2022-04-01 06:08:37,976 - Extracting completed: [('347', '128')] have been feature-extracted
2022-04-01 06:08:37,976 - hashing: 347_128 started
2022-04-01 06:08:37,977 - hashing: 347_128 completed
2022-04-01 06:08:38,085 - image 350_129 arrived at feature extraction
2022-04-01 06:08:38,085 - Extracting started: [('350', '129')] being feature-extracted
2022-04-01 06:08:38,332 - Extracting completed: [('350', '129')] have been feature-extracted
2022-04-01 06:08:38,332 - hashing: 350_129 started
2022-04-01 06:08:38,332 - hashing: 350_129 completed
2022-04-01 06:08:38,342 - image 353_130 arrived at feature extraction
2022-04-01 06:08:38,342 - Extracting started: [('353', '130')] being feature-extracted
2022-04-01 06:08:38,561 - Extracting completed: [('353', '130')] have been feature-extracted
2022-04-01 06:08:38,561 - hashing: 353_130 started
2022-04-01 06:08:38,561 - hashing: 353_130 completed
2022-04-01 06:08:38,596 - image 356_132 arrived at feature extraction
2022-04-01 06:08:38,597 - Extracting started: [('356', '132')] being feature-extracted
2022-04-01 06:08:38,832 - Extracting completed: [('356', '132')] have been feature-extracted
2022-04-01 06:08:38,832 - hashing: 356_132 started
2022-04-01 06:08:38,832 - hashing: 356_132 completed
2022-04-01 06:08:38,842 - image 359_133 arrived at feature extraction
2022-04-01 06:08:38,842 - Extracting started: [('359', '133')] being feature-extracted
2022-04-01 06:08:39,052 - Extracting completed: [('359', '133')] have been feature-extracted
2022-04-01 06:08:39,052 - hashing: 359_133 started
2022-04-01 06:08:39,052 - hashing: 359_133 completed
2022-04-01 06:08:39,165 - image 362_134 arrived at feature extraction
2022-04-01 06:08:39,165 - Extracting started: [('362', '134')] being feature-extracted
2022-04-01 06:08:39,371 - Extracting completed: [('362', '134')] have been feature-extracted
2022-04-01 06:08:39,371 - hashing: 362_134 started
2022-04-01 06:08:39,371 - hashing: 362_134 completed
2022-04-01 06:08:39,380 - image 365_135 arrived at feature extraction
2022-04-01 06:08:39,380 - Extracting started: [('365', '135')] being feature-extracted
2022-04-01 06:08:39,582 - Extracting completed: [('365', '135')] have been feature-extracted
2022-04-01 06:08:39,583 - hashing: 365_135 started
2022-04-01 06:08:39,583 - hashing: 365_135 completed
2022-04-01 06:08:39,687 - image 368_136 arrived at feature extraction
2022-04-01 06:08:39,688 - Extracting started: [('368', '136')] being feature-extracted
2022-04-01 06:08:39,908 - Extracting completed: [('368', '136')] have been feature-extracted
2022-04-01 06:08:39,908 - hashing: 368_136 started
2022-04-01 06:08:39,908 - hashing: 368_136 completed
2022-04-01 06:08:39,917 - image 371_137 arrived at feature extraction
2022-04-01 06:08:39,917 - Extracting started: [('371', '137')] being feature-extracted
2022-04-01 06:08:40,129 - Extracting completed: [('371', '137')] have been feature-extracted
2022-04-01 06:08:40,129 - hashing: 371_137 started
2022-04-01 06:08:40,129 - hashing: 371_137 completed
2022-04-01 06:08:40,167 - image 374_139 arrived at feature extraction
2022-04-01 06:08:40,167 - Extracting started: [('374', '139')] being feature-extracted
2022-04-01 06:08:40,395 - Extracting completed: [('374', '139')] have been feature-extracted
2022-04-01 06:08:40,396 - hashing: 374_139 started
2022-04-01 06:08:40,396 - hashing: 374_139 completed
2022-04-01 06:08:40,405 - image 377_140 arrived at feature extraction
2022-04-01 06:08:40,405 - Extracting started: [('377', '140')] being feature-extracted
2022-04-01 06:08:40,618 - Extracting completed: [('377', '140')] have been feature-extracted
2022-04-01 06:08:40,618 - hashing: 377_140 started
2022-04-01 06:08:40,618 - hashing: 377_140 completed
2022-04-01 06:08:40,721 - image 380_141 arrived at feature extraction
2022-04-01 06:08:40,721 - Extracting started: [('380', '141')] being feature-extracted
2022-04-01 06:08:40,954 - Extracting completed: [('380', '141')] have been feature-extracted
2022-04-01 06:08:40,955 - hashing: 380_141 started
2022-04-01 06:08:40,955 - hashing: 380_141 completed
2022-04-01 06:08:40,964 - image 383_143 arrived at feature extraction
2022-04-01 06:08:40,964 - Extracting started: [('383', '143')] being feature-extracted
2022-04-01 06:08:41,180 - Extracting completed: [('383', '143')] have been feature-extracted
2022-04-01 06:08:41,180 - hashing: 383_143 started
2022-04-01 06:08:41,180 - hashing: 383_143 completed
2022-04-01 06:08:41,209 - image 386_144 arrived at feature extraction
2022-04-01 06:08:41,210 - Extracting started: [('386', '144')] being feature-extracted
2022-04-01 06:08:41,416 - Extracting completed: [('386', '144')] have been feature-extracted
2022-04-01 06:08:41,416 - hashing: 386_144 started
2022-04-01 06:08:41,416 - hashing: 386_144 completed
2022-04-01 06:08:41,426 - image 389_145 arrived at feature extraction
2022-04-01 06:08:41,426 - Extracting started: [('389', '145')] being feature-extracted
2022-04-01 06:08:41,635 - Extracting completed: [('389', '145')] have been feature-extracted
2022-04-01 06:08:41,635 - hashing: 389_145 started
2022-04-01 06:08:41,635 - hashing: 389_145 completed
2022-04-01 06:08:41,745 - image 392_145 arrived at feature extraction
2022-04-01 06:08:41,746 - Extracting started: [('392', '145')] being feature-extracted
2022-04-01 06:08:41,976 - Extracting completed: [('392', '145')] have been feature-extracted
2022-04-01 06:08:41,976 - hashing: 392_145 started
2022-04-01 06:08:41,976 - hashing: 392_145 completed
2022-04-01 06:08:41,985 - image 395_147 arrived at feature extraction
2022-04-01 06:08:41,986 - Extracting started: [('395', '147')] being feature-extracted
2022-04-01 06:08:42,193 - Extracting completed: [('395', '147')] have been feature-extracted
2022-04-01 06:08:42,193 - hashing: 395_147 started
2022-04-01 06:08:42,193 - hashing: 395_147 completed
2022-04-01 06:08:42,293 - image 398_147 arrived at feature extraction
2022-04-01 06:08:42,294 - Extracting started: [('398', '147')] being feature-extracted
2022-04-01 06:08:42,536 - Extracting completed: [('398', '147')] have been feature-extracted
2022-04-01 06:08:42,536 - hashing: 398_147 started
2022-04-01 06:08:42,536 - hashing: 398_147 completed
2022-04-01 06:08:42,546 - image 401_149 arrived at feature extraction
2022-04-01 06:08:42,546 - Extracting started: [('401', '149')] being feature-extracted
2022-04-01 06:08:42,763 - Extracting completed: [('401', '149')] have been feature-extracted
2022-04-01 06:08:42,763 - hashing: 401_149 started
2022-04-01 06:08:42,763 - hashing: 401_149 completed
2022-04-01 06:08:42,812 - image 404_149 arrived at feature extraction
2022-04-01 06:08:42,812 - Extracting started: [('404', '149')] being feature-extracted
2022-04-01 06:08:43,045 - Extracting completed: [('404', '149')] have been feature-extracted
2022-04-01 06:08:43,046 - hashing: 404_149 started
2022-04-01 06:08:43,046 - hashing: 404_149 completed
2022-04-01 06:08:43,068 - image 407_151 arrived at feature extraction
2022-04-01 06:08:43,068 - Extracting started: [('407', '151')] being feature-extracted
2022-04-01 06:08:43,283 - Extracting completed: [('407', '151')] have been feature-extracted
2022-04-01 06:08:43,283 - hashing: 407_151 started
2022-04-01 06:08:43,283 - hashing: 407_151 completed
2022-04-01 06:08:43,392 - image 410_152 arrived at feature extraction
2022-04-01 06:08:43,393 - Extracting started: [('410', '152')] being feature-extracted
2022-04-01 06:08:43,590 - Extracting completed: [('410', '152')] have been feature-extracted
2022-04-01 06:08:43,590 - hashing: 410_152 started
2022-04-01 06:08:43,590 - hashing: 410_152 completed
2022-04-01 06:08:43,600 - image 413_154 arrived at feature extraction
2022-04-01 06:08:43,600 - Extracting started: [('413', '154')] being feature-extracted
2022-04-01 06:08:43,813 - Extracting completed: [('413', '154')] have been feature-extracted
2022-04-01 06:08:43,814 - hashing: 413_154 started
2022-04-01 06:08:43,814 - hashing: 413_154 completed
2022-04-01 06:08:43,852 - image 416_155 arrived at feature extraction
2022-04-01 06:08:43,853 - Extracting started: [('416', '155')] being feature-extracted
2022-04-01 06:08:44,063 - Extracting completed: [('416', '155')] have been feature-extracted
2022-04-01 06:08:44,063 - hashing: 416_155 started
2022-04-01 06:08:44,063 - hashing: 416_155 completed
2022-04-01 06:08:44,085 - image 419_156 arrived at feature extraction
2022-04-01 06:08:44,085 - Extracting started: [('419', '156')] being feature-extracted
2022-04-01 06:08:44,303 - Extracting completed: [('419', '156')] have been feature-extracted
2022-04-01 06:08:44,303 - hashing: 419_156 started
2022-04-01 06:08:44,304 - hashing: 419_156 completed
2022-04-01 06:08:44,405 - image 422_157 arrived at feature extraction
2022-04-01 06:08:44,406 - Extracting started: [('422', '157')] being feature-extracted
2022-04-01 06:08:44,664 - Extracting completed: [('422', '157')] have been feature-extracted
2022-04-01 06:08:44,664 - hashing: 422_157 started
2022-04-01 06:08:44,664 - hashing: 422_157 completed
2022-04-01 06:08:44,673 - image 425_159 arrived at feature extraction
2022-04-01 06:08:44,673 - Extracting started: [('425', '159')] being feature-extracted
2022-04-01 06:08:44,886 - Extracting completed: [('425', '159')] have been feature-extracted
2022-04-01 06:08:44,886 - hashing: 425_159 started
2022-04-01 06:08:44,886 - hashing: 425_159 completed
2022-04-01 06:08:44,975 - image 428_160 arrived at feature extraction
2022-04-01 06:08:44,976 - Extracting started: [('428', '160')] being feature-extracted
2022-04-01 06:08:45,209 - Extracting completed: [('428', '160')] have been feature-extracted
2022-04-01 06:08:45,209 - hashing: 428_160 started
2022-04-01 06:08:45,209 - hashing: 428_160 completed
2022-04-01 06:08:45,220 - image 431_161 arrived at feature extraction
2022-04-01 06:08:45,221 - Extracting started: [('431', '161')] being feature-extracted
2022-04-01 06:08:45,428 - Extracting completed: [('431', '161')] have been feature-extracted
2022-04-01 06:08:45,428 - hashing: 431_161 started
2022-04-01 06:08:45,428 - hashing: 431_161 completed
2022-04-01 06:08:45,470 - image 434_162 arrived at feature extraction
2022-04-01 06:08:45,470 - Extracting started: [('434', '162')] being feature-extracted
2022-04-01 06:08:45,669 - Extracting completed: [('434', '162')] have been feature-extracted
2022-04-01 06:08:45,669 - hashing: 434_162 started
2022-04-01 06:08:45,670 - hashing: 434_162 completed
2022-04-01 06:08:45,694 - image 437_164 arrived at feature extraction
2022-04-01 06:08:45,694 - Extracting started: [('437', '164')] being feature-extracted
2022-04-01 06:08:45,899 - Extracting completed: [('437', '164')] have been feature-extracted
2022-04-01 06:08:45,900 - hashing: 437_164 started
2022-04-01 06:08:45,900 - hashing: 437_164 completed
2022-04-01 06:08:45,982 - image 440_165 arrived at feature extraction
2022-04-01 06:08:45,982 - Extracting started: [('440', '165')] being feature-extracted
2022-04-01 06:08:46,183 - Extracting completed: [('440', '165')] have been feature-extracted
2022-04-01 06:08:46,183 - hashing: 440_165 started
2022-04-01 06:08:46,183 - hashing: 440_165 completed
2022-04-01 06:08:46,193 - image 443_166 arrived at feature extraction
2022-04-01 06:08:46,193 - Extracting started: [('443', '166')] being feature-extracted
2022-04-01 06:08:46,413 - Extracting completed: [('443', '166')] have been feature-extracted
2022-04-01 06:08:46,413 - hashing: 443_166 started
2022-04-01 06:08:46,413 - hashing: 443_166 completed
2022-04-01 06:08:46,526 - image 446_167 arrived at feature extraction
2022-04-01 06:08:46,526 - Extracting started: [('446', '167')] being feature-extracted
2022-04-01 06:08:46,777 - Extracting completed: [('446', '167')] have been feature-extracted
2022-04-01 06:08:46,777 - hashing: 446_167 started
2022-04-01 06:08:46,777 - hashing: 446_167 completed
2022-04-01 06:08:46,791 - image 449_168 arrived at feature extraction
2022-04-01 06:08:46,791 - Extracting started: [('449', '168')] being feature-extracted
2022-04-01 06:08:47,013 - Extracting completed: [('449', '168')] have been feature-extracted
2022-04-01 06:08:47,014 - hashing: 449_168 started
2022-04-01 06:08:47,014 - hashing: 449_168 completed
2022-04-01 06:08:47,049 - image 452_169 arrived at feature extraction
2022-04-01 06:08:47,049 - Extracting started: [('452', '169')] being feature-extracted
2022-04-01 06:08:47,281 - Extracting completed: [('452', '169')] have been feature-extracted
2022-04-01 06:08:47,281 - hashing: 452_169 started
2022-04-01 06:08:47,281 - hashing: 452_169 completed
2022-04-01 06:08:47,305 - image 455_170 arrived at feature extraction
2022-04-01 06:08:47,305 - Extracting started: [('455', '170')] being feature-extracted
2022-04-01 06:08:47,532 - Extracting completed: [('455', '170')] have been feature-extracted
2022-04-01 06:08:47,532 - hashing: 455_170 started
2022-04-01 06:08:47,532 - hashing: 455_170 completed
2022-04-01 06:08:47,661 - image 458_171 arrived at feature extraction
2022-04-01 06:08:47,662 - Extracting started: [('458', '171')] being feature-extracted
2022-04-01 06:08:47,891 - Extracting completed: [('458', '171')] have been feature-extracted
2022-04-01 06:08:47,891 - hashing: 458_171 started
2022-04-01 06:08:47,891 - hashing: 458_171 completed
2022-04-01 06:08:47,900 - image 461_173 arrived at feature extraction
2022-04-01 06:08:47,901 - Extracting started: [('461', '173')] being feature-extracted
2022-04-01 06:08:48,109 - Extracting completed: [('461', '173')] have been feature-extracted
2022-04-01 06:08:48,110 - hashing: 461_173 started
2022-04-01 06:08:48,110 - hashing: 461_173 completed
2022-04-01 06:08:48,163 - image 464_174 arrived at feature extraction
2022-04-01 06:08:48,164 - Extracting started: [('464', '174')] being feature-extracted
2022-04-01 06:08:48,374 - Extracting completed: [('464', '174')] have been feature-extracted
2022-04-01 06:08:48,375 - hashing: 464_174 started
2022-04-01 06:08:48,375 - hashing: 464_174 completed
2022-04-01 06:08:48,384 - image 467_174 arrived at feature extraction
2022-04-01 06:08:48,384 - Extracting started: [('467', '174')] being feature-extracted
2022-04-01 06:08:48,594 - Extracting completed: [('467', '174')] have been feature-extracted
2022-04-01 06:08:48,594 - hashing: 467_174 started
2022-04-01 06:08:48,594 - hashing: 467_174 completed
2022-04-01 06:08:48,712 - image 470_176 arrived at feature extraction
2022-04-01 06:08:48,713 - Extracting started: [('470', '176')] being feature-extracted
2022-04-01 06:08:48,956 - Extracting completed: [('470', '176')] have been feature-extracted
2022-04-01 06:08:48,957 - hashing: 470_176 started
2022-04-01 06:08:48,957 - hashing: 470_176 completed
2022-04-01 06:08:48,966 - image 473_177 arrived at feature extraction
2022-04-01 06:08:48,966 - Extracting started: [('473', '177')] being feature-extracted
2022-04-01 06:08:49,191 - Extracting completed: [('473', '177')] have been feature-extracted
2022-04-01 06:08:49,191 - hashing: 473_177 started
2022-04-01 06:08:49,192 - hashing: 473_177 completed
2022-04-01 06:08:49,304 - image 476_178 arrived at feature extraction
2022-04-01 06:08:49,304 - Extracting started: [('476', '178')] being feature-extracted
2022-04-01 06:08:49,524 - Extracting completed: [('476', '178')] have been feature-extracted
2022-04-01 06:08:49,524 - hashing: 476_178 started
2022-04-01 06:08:49,524 - hashing: 476_178 completed
2022-04-01 06:08:49,534 - image 479_180 arrived at feature extraction
2022-04-01 06:08:49,534 - Extracting started: [('479', '180')] being feature-extracted
2022-04-01 06:08:49,750 - Extracting completed: [('479', '180')] have been feature-extracted
2022-04-01 06:08:49,750 - hashing: 479_180 started
2022-04-01 06:08:49,750 - hashing: 479_180 completed
2022-04-01 06:08:49,787 - image 482_180 arrived at feature extraction
2022-04-01 06:08:49,787 - Extracting started: [('482', '180')] being feature-extracted
2022-04-01 06:08:49,991 - Extracting completed: [('482', '180')] have been feature-extracted
2022-04-01 06:08:49,991 - hashing: 482_180 started
2022-04-01 06:08:49,991 - hashing: 482_180 completed
2022-04-01 06:08:49,999 - image 485_182 arrived at feature extraction
2022-04-01 06:08:50,000 - Extracting started: [('485', '182')] being feature-extracted
2022-04-01 06:08:50,211 - Extracting completed: [('485', '182')] have been feature-extracted
2022-04-01 06:08:50,211 - hashing: 485_182 started
2022-04-01 06:08:50,211 - hashing: 485_182 completed
2022-04-01 06:08:50,308 - image 488_183 arrived at feature extraction
2022-04-01 06:08:50,308 - Extracting started: [('488', '183')] being feature-extracted
2022-04-01 06:08:50,518 - Extracting completed: [('488', '183')] have been feature-extracted
2022-04-01 06:08:50,518 - hashing: 488_183 started
2022-04-01 06:08:50,518 - hashing: 488_183 completed
2022-04-01 06:08:50,528 - image 491_183 arrived at feature extraction
2022-04-01 06:08:50,528 - Extracting started: [('491', '183')] being feature-extracted
2022-04-01 06:08:50,737 - Extracting completed: [('491', '183')] have been feature-extracted
2022-04-01 06:08:50,737 - hashing: 491_183 started
2022-04-01 06:08:50,737 - hashing: 491_183 completed
2022-04-01 06:08:50,782 - image 494_184 arrived at feature extraction
2022-04-01 06:08:50,783 - Extracting started: [('494', '184')] being feature-extracted
2022-04-01 06:08:51,008 - Extracting completed: [('494', '184')] have been feature-extracted
2022-04-01 06:08:51,008 - hashing: 494_184 started
2022-04-01 06:08:51,008 - hashing: 494_184 completed
2022-04-01 06:08:51,022 - image 497_186 arrived at feature extraction
2022-04-01 06:08:51,023 - Extracting started: [('497', '186')] being feature-extracted
2022-04-01 06:08:51,249 - Extracting completed: [('497', '186')] have been feature-extracted
2022-04-01 06:08:51,249 - hashing: 497_186 started
2022-04-01 06:08:51,249 - hashing: 497_186 completed
2022-04-01 06:08:51,364 - image 500_187 arrived at feature extraction
2022-04-01 06:08:51,365 - Extracting started: [('500', '187')] being feature-extracted
2022-04-01 06:08:51,604 - Extracting completed: [('500', '187')] have been feature-extracted
2022-04-01 06:08:51,604 - hashing: 500_187 started
2022-04-01 06:08:51,605 - hashing: 500_187 completed
2022-04-01 06:08:51,615 - image 503_188 arrived at feature extraction
2022-04-01 06:08:51,615 - Extracting started: [('503', '188')] being feature-extracted
2022-04-01 06:08:51,854 - Extracting completed: [('503', '188')] have been feature-extracted
2022-04-01 06:08:51,855 - hashing: 503_188 started
2022-04-01 06:08:51,855 - hashing: 503_188 completed
2022-04-01 06:08:51,931 - image 506_189 arrived at feature extraction
2022-04-01 06:08:51,932 - Extracting started: [('506', '189')] being feature-extracted
2022-04-01 06:08:52,139 - Extracting completed: [('506', '189')] have been feature-extracted
2022-04-01 06:08:52,139 - hashing: 506_189 started
2022-04-01 06:08:52,140 - hashing: 506_189 completed
2022-04-01 06:08:52,149 - image 509_191 arrived at feature extraction
2022-04-01 06:08:52,149 - Extracting started: [('509', '191')] being feature-extracted
2022-04-01 06:08:52,357 - Extracting completed: [('509', '191')] have been feature-extracted
2022-04-01 06:08:52,358 - hashing: 509_191 started
2022-04-01 06:08:52,358 - hashing: 509_191 completed
2022-04-01 06:08:52,402 - image 512_192 arrived at feature extraction
2022-04-01 06:08:52,403 - Extracting started: [('512', '192')] being feature-extracted
2022-04-01 06:08:52,613 - Extracting completed: [('512', '192')] have been feature-extracted
2022-04-01 06:08:52,613 - hashing: 512_192 started
2022-04-01 06:08:52,614 - hashing: 512_192 completed
2022-04-01 06:08:52,627 - image 515_193 arrived at feature extraction
2022-04-01 06:08:52,628 - Extracting started: [('515', '193')] being feature-extracted
2022-04-01 06:08:52,847 - Extracting completed: [('515', '193')] have been feature-extracted
2022-04-01 06:08:52,847 - hashing: 515_193 started
2022-04-01 06:08:52,848 - hashing: 515_193 completed
2022-04-01 06:08:52,971 - image 518_194 arrived at feature extraction
2022-04-01 06:08:52,971 - Extracting started: [('518', '194')] being feature-extracted
2022-04-01 06:08:53,213 - Extracting completed: [('518', '194')] have been feature-extracted
2022-04-01 06:08:53,213 - hashing: 518_194 started
2022-04-01 06:08:53,214 - hashing: 518_194 completed
2022-04-01 06:08:53,223 - image 521_196 arrived at feature extraction
2022-04-01 06:08:53,224 - Extracting started: [('521', '196')] being feature-extracted
2022-04-01 06:08:53,438 - Extracting completed: [('521', '196')] have been feature-extracted
2022-04-01 06:08:53,438 - hashing: 521_196 started
2022-04-01 06:08:53,439 - hashing: 521_196 completed
2022-04-01 06:08:53,474 - image 524_196 arrived at feature extraction
2022-04-01 06:08:53,474 - Extracting started: [('524', '196')] being feature-extracted
2022-04-01 06:08:53,722 - Extracting completed: [('524', '196')] have been feature-extracted
2022-04-01 06:08:53,722 - hashing: 524_196 started
2022-04-01 06:08:53,722 - hashing: 524_196 completed
2022-04-01 06:08:53,731 - image 527_197 arrived at feature extraction
2022-04-01 06:08:53,732 - Extracting started: [('527', '197')] being feature-extracted
2022-04-01 06:08:53,955 - Extracting completed: [('527', '197')] have been feature-extracted
2022-04-01 06:08:53,955 - hashing: 527_197 started
2022-04-01 06:08:53,955 - hashing: 527_197 completed
2022-04-01 06:08:54,067 - image 530_197 arrived at feature extraction
2022-04-01 06:08:54,068 - Extracting started: [('530', '197')] being feature-extracted
2022-04-01 06:08:54,275 - Extracting completed: [('530', '197')] have been feature-extracted
2022-04-01 06:08:54,275 - hashing: 530_197 started
2022-04-01 06:08:54,275 - hashing: 530_197 completed
2022-04-01 06:08:54,288 - image 533_198 arrived at feature extraction
2022-04-01 06:08:54,288 - Extracting started: [('533', '198')] being feature-extracted
2022-04-01 06:08:54,498 - Extracting completed: [('533', '198')] have been feature-extracted
2022-04-01 06:08:54,498 - hashing: 533_198 started
2022-04-01 06:08:54,498 - hashing: 533_198 completed
2022-04-01 06:08:54,606 - image 536_200 arrived at feature extraction
2022-04-01 06:08:54,606 - Extracting started: [('536', '200')] being feature-extracted
2022-04-01 06:08:54,825 - Extracting completed: [('536', '200')] have been feature-extracted
2022-04-01 06:08:54,825 - hashing: 536_200 started
2022-04-01 06:08:54,825 - hashing: 536_200 completed
2022-04-01 06:08:54,836 - image 539_201 arrived at feature extraction
2022-04-01 06:08:54,836 - Extracting started: [('539', '201')] being feature-extracted
2022-04-01 06:08:55,040 - Extracting completed: [('539', '201')] have been feature-extracted
2022-04-01 06:08:55,041 - hashing: 539_201 started
2022-04-01 06:08:55,041 - hashing: 539_201 completed
2022-04-01 06:08:55,088 - image 542_203 arrived at feature extraction
2022-04-01 06:08:55,088 - Extracting started: [('542', '203')] being feature-extracted
2022-04-01 06:08:55,314 - Extracting completed: [('542', '203')] have been feature-extracted
2022-04-01 06:08:55,314 - hashing: 542_203 started
2022-04-01 06:08:55,314 - hashing: 542_203 completed
2022-04-01 06:08:55,323 - image 545_204 arrived at feature extraction
2022-04-01 06:08:55,323 - Extracting started: [('545', '204')] being feature-extracted
2022-04-01 06:08:55,542 - Extracting completed: [('545', '204')] have been feature-extracted
2022-04-01 06:08:55,543 - hashing: 545_204 started
2022-04-01 06:08:55,543 - hashing: 545_204 completed
2022-04-01 06:08:55,643 - image 548_206 arrived at feature extraction
2022-04-01 06:08:55,643 - Extracting started: [('548', '206')] being feature-extracted
2022-04-01 06:08:55,868 - Extracting completed: [('548', '206')] have been feature-extracted
2022-04-01 06:08:55,868 - hashing: 548_206 started
2022-04-01 06:08:55,868 - hashing: 548_206 completed
2022-04-01 06:08:55,881 - image 551_207 arrived at feature extraction
2022-04-01 06:08:55,881 - Extracting started: [('551', '207')] being feature-extracted
2022-04-01 06:08:56,096 - Extracting completed: [('551', '207')] have been feature-extracted
2022-04-01 06:08:56,096 - hashing: 551_207 started
2022-04-01 06:08:56,096 - hashing: 551_207 completed
2022-04-01 06:08:56,128 - image 554_208 arrived at feature extraction
2022-04-01 06:08:56,129 - Extracting started: [('554', '208')] being feature-extracted
2022-04-01 06:08:56,329 - Extracting completed: [('554', '208')] have been feature-extracted
2022-04-01 06:08:56,329 - hashing: 554_208 started
2022-04-01 06:08:56,329 - hashing: 554_208 completed
2022-04-01 06:08:56,349 - image 557_209 arrived at feature extraction
2022-04-01 06:08:56,349 - Extracting started: [('557', '209')] being feature-extracted
2022-04-01 06:08:56,556 - Extracting completed: [('557', '209')] have been feature-extracted
2022-04-01 06:08:56,556 - hashing: 557_209 started
2022-04-01 06:08:56,556 - hashing: 557_209 completed
2022-04-01 06:08:56,655 - image 560_211 arrived at feature extraction
2022-04-01 06:08:56,656 - Extracting started: [('560', '211')] being feature-extracted
2022-04-01 06:08:56,866 - Extracting completed: [('560', '211')] have been feature-extracted
2022-04-01 06:08:56,867 - hashing: 560_211 started
2022-04-01 06:08:56,867 - hashing: 560_211 completed
2022-04-01 06:08:56,878 - image 563_212 arrived at feature extraction
2022-04-01 06:08:56,879 - Extracting started: [('563', '212')] being feature-extracted
2022-04-01 06:08:57,118 - Extracting completed: [('563', '212')] have been feature-extracted
2022-04-01 06:08:57,118 - hashing: 563_212 started
2022-04-01 06:08:57,118 - hashing: 563_212 completed
2022-04-01 06:08:57,220 - image 566_214 arrived at feature extraction
2022-04-01 06:08:57,220 - Extracting started: [('566', '214')] being feature-extracted
2022-04-01 06:08:57,451 - Extracting completed: [('566', '214')] have been feature-extracted
2022-04-01 06:08:57,451 - hashing: 566_214 started
2022-04-01 06:08:57,451 - hashing: 566_214 completed
2022-04-01 06:08:57,461 - image 569_214 arrived at feature extraction
2022-04-01 06:08:57,461 - Extracting started: [('569', '214')] being feature-extracted
2022-04-01 06:08:57,684 - Extracting completed: [('569', '214')] have been feature-extracted
2022-04-01 06:08:57,684 - hashing: 569_214 started
2022-04-01 06:08:57,684 - hashing: 569_214 completed
2022-04-01 06:08:57,736 - image 572_215 arrived at feature extraction
2022-04-01 06:08:57,737 - Extracting started: [('572', '215')] being feature-extracted
2022-04-01 06:08:57,956 - Extracting completed: [('572', '215')] have been feature-extracted
2022-04-01 06:08:57,956 - hashing: 572_215 started
2022-04-01 06:08:57,956 - hashing: 572_215 completed
2022-04-01 06:08:57,979 - image 575_217 arrived at feature extraction
2022-04-01 06:08:57,980 - Extracting started: [('575', '217')] being feature-extracted
2022-04-01 06:08:58,206 - Extracting completed: [('575', '217')] have been feature-extracted
2022-04-01 06:08:58,206 - hashing: 575_217 started
2022-04-01 06:08:58,206 - hashing: 575_217 completed
2022-04-01 06:08:58,295 - image 578_218 arrived at feature extraction
2022-04-01 06:08:58,296 - Extracting started: [('578', '218')] being feature-extracted
2022-04-01 06:08:58,496 - Extracting completed: [('578', '218')] have been feature-extracted
2022-04-01 06:08:58,496 - hashing: 578_218 started
2022-04-01 06:08:58,496 - hashing: 578_218 completed
2022-04-01 06:08:58,505 - image 581_220 arrived at feature extraction
2022-04-01 06:08:58,506 - Extracting started: [('581', '220')] being feature-extracted
2022-04-01 06:08:58,714 - Extracting completed: [('581', '220')] have been feature-extracted
2022-04-01 06:08:58,714 - hashing: 581_220 started
2022-04-01 06:08:58,714 - hashing: 581_220 completed
2022-04-01 06:08:58,766 - image 584_221 arrived at feature extraction
2022-04-01 06:08:58,766 - Extracting started: [('584', '221')] being feature-extracted
2022-04-01 06:08:58,973 - Extracting completed: [('584', '221')] have been feature-extracted
2022-04-01 06:08:58,973 - hashing: 584_221 started
2022-04-01 06:08:58,973 - hashing: 584_221 completed
2022-04-01 06:08:58,986 - image 587_222 arrived at feature extraction
2022-04-01 06:08:58,987 - Extracting started: [('587', '222')] being feature-extracted
2022-04-01 06:08:59,208 - Extracting completed: [('587', '222')] have been feature-extracted
2022-04-01 06:08:59,208 - hashing: 587_222 started
2022-04-01 06:08:59,208 - hashing: 587_222 completed
2022-04-01 06:08:59,302 - image 591_223 arrived at feature extraction
2022-04-01 06:08:59,303 - Extracting started: [('591', '223')] being feature-extracted
2022-04-01 06:08:59,551 - Extracting completed: [('591', '223')] have been feature-extracted
2022-04-01 06:08:59,551 - hashing: 591_223 started
2022-04-01 06:08:59,551 - hashing: 591_223 completed
2022-04-01 06:08:59,562 - image 592_223 arrived at feature extraction
2022-04-01 06:08:59,562 - Extracting started: [('592', '223')] being feature-extracted
2022-04-01 06:08:59,781 - Extracting completed: [('592', '223')] have been feature-extracted
2022-04-01 06:08:59,782 - hashing: 592_223 started
2022-04-01 06:08:59,782 - hashing: 592_223 completed
2022-04-01 06:08:59,846 - image 597_225 arrived at feature extraction
2022-04-01 06:08:59,846 - Extracting started: [('597', '225')] being feature-extracted
2022-04-01 06:09:00,064 - Extracting completed: [('597', '225')] have been feature-extracted
2022-04-01 06:09:00,065 - hashing: 597_225 started
2022-04-01 06:09:00,065 - hashing: 597_225 completed
2022-04-01 06:09:00,075 - image 599_225 arrived at feature extraction
2022-04-01 06:09:00,075 - Extracting started: [('599', '225')] being feature-extracted
2022-04-01 06:09:00,297 - Extracting completed: [('599', '225')] have been feature-extracted
2022-04-01 06:09:00,297 - hashing: 599_225 started
2022-04-01 06:09:00,297 - hashing: 599_225 completed
2022-04-01 06:09:00,329 - image 602_226 arrived at feature extraction
2022-04-01 06:09:00,329 - Extracting started: [('602', '226')] being feature-extracted
2022-04-01 06:09:00,528 - Extracting completed: [('602', '226')] have been feature-extracted
2022-04-01 06:09:00,528 - hashing: 602_226 started
2022-04-01 06:09:00,528 - hashing: 602_226 completed
2022-04-01 06:09:00,537 - image 605_227 arrived at feature extraction
2022-04-01 06:09:00,538 - Extracting started: [('605', '227')] being feature-extracted
2022-04-01 06:09:00,747 - Extracting completed: [('605', '227')] have been feature-extracted
2022-04-01 06:09:00,747 - hashing: 605_227 started
2022-04-01 06:09:00,747 - hashing: 605_227 completed
2022-04-01 06:09:00,828 - image 608_227 arrived at feature extraction
2022-04-01 06:09:00,828 - Extracting started: [('608', '227')] being feature-extracted
2022-04-01 06:09:01,035 - Extracting completed: [('608', '227')] have been feature-extracted
2022-04-01 06:09:01,035 - hashing: 608_227 started
2022-04-01 06:09:01,035 - hashing: 608_227 completed
2022-04-01 06:09:01,044 - image 611_227 arrived at feature extraction
2022-04-01 06:09:01,044 - Extracting started: [('611', '227')] being feature-extracted
2022-04-01 06:09:01,267 - Extracting completed: [('611', '227')] have been feature-extracted
2022-04-01 06:09:01,267 - hashing: 611_227 started
2022-04-01 06:09:01,267 - hashing: 611_227 completed
2022-04-01 06:09:01,318 - image 614_227 arrived at feature extraction
2022-04-01 06:09:01,319 - Extracting started: [('614', '227')] being feature-extracted
2022-04-01 06:09:01,551 - Extracting completed: [('614', '227')] have been feature-extracted
2022-04-01 06:09:01,551 - hashing: 614_227 started
2022-04-01 06:09:01,551 - hashing: 614_227 completed
2022-04-01 06:09:01,563 - image 617_229 arrived at feature extraction
2022-04-01 06:09:01,564 - Extracting started: [('617', '229')] being feature-extracted
2022-04-01 06:09:01,788 - Extracting completed: [('617', '229')] have been feature-extracted
2022-04-01 06:09:01,789 - hashing: 617_229 started
2022-04-01 06:09:01,789 - hashing: 617_229 completed
2022-04-01 06:09:01,824 - image 620_230 arrived at feature extraction
2022-04-01 06:09:01,825 - Extracting started: [('620', '230')] being feature-extracted
2022-04-01 06:09:02,076 - Extracting completed: [('620', '230')] have been feature-extracted
2022-04-01 06:09:02,076 - hashing: 620_230 started
2022-04-01 06:09:02,076 - hashing: 620_230 completed
2022-04-01 06:09:02,088 - image 623_231 arrived at feature extraction
2022-04-01 06:09:02,089 - Extracting started: [('623', '231')] being feature-extracted
2022-04-01 06:09:02,318 - Extracting completed: [('623', '231')] have been feature-extracted
2022-04-01 06:09:02,319 - hashing: 623_231 started
2022-04-01 06:09:02,319 - hashing: 623_231 completed
2022-04-01 06:09:02,345 - image 626_232 arrived at feature extraction
2022-04-01 06:09:02,346 - Extracting started: [('626', '232')] being feature-extracted
2022-04-01 06:09:02,553 - Extracting completed: [('626', '232')] have been feature-extracted
2022-04-01 06:09:02,554 - hashing: 626_232 started
2022-04-01 06:09:02,554 - hashing: 626_232 completed
2022-04-01 06:09:02,563 - image 629_232 arrived at feature extraction
2022-04-01 06:09:02,563 - Extracting started: [('629', '232')] being feature-extracted
2022-04-01 06:09:02,778 - Extracting completed: [('629', '232')] have been feature-extracted
2022-04-01 06:09:02,778 - hashing: 629_232 started
2022-04-01 06:09:02,778 - hashing: 629_232 completed
2022-04-01 06:09:02,788 - image 632_233 arrived at feature extraction
2022-04-01 06:09:02,788 - Extracting started: [('632', '233')] being feature-extracted
2022-04-01 06:09:02,999 - Extracting completed: [('632', '233')] have been feature-extracted
2022-04-01 06:09:02,999 - hashing: 632_233 started
2022-04-01 06:09:02,999 - hashing: 632_233 completed
2022-04-01 06:09:03,009 - image 635_234 arrived at feature extraction
2022-04-01 06:09:03,009 - Extracting started: [('635', '234')] being feature-extracted
2022-04-01 06:09:03,236 - Extracting completed: [('635', '234')] have been feature-extracted
2022-04-01 06:09:03,237 - hashing: 635_234 started
2022-04-01 06:09:03,237 - hashing: 635_234 completed
2022-04-01 06:09:03,247 - image 638_235 arrived at feature extraction
2022-04-01 06:09:03,248 - Extracting started: [('638', '235')] being feature-extracted
2022-04-01 06:09:03,461 - Extracting completed: [('638', '235')] have been feature-extracted
2022-04-01 06:09:03,461 - hashing: 638_235 started
2022-04-01 06:09:03,461 - hashing: 638_235 completed
2022-04-01 06:09:03,471 - image 641_236 arrived at feature extraction
2022-04-01 06:09:03,471 - Extracting started: [('641', '236')] being feature-extracted
2022-04-01 06:09:03,721 - Extracting completed: [('641', '236')] have been feature-extracted
2022-04-01 06:09:03,721 - hashing: 641_236 started
2022-04-01 06:09:03,721 - hashing: 641_236 completed
2022-04-01 06:09:03,740 - image 644_237 arrived at feature extraction
2022-04-01 06:09:03,740 - Extracting started: [('644', '237')] being feature-extracted
2022-04-01 06:09:03,974 - Extracting completed: [('644', '237')] have been feature-extracted
2022-04-01 06:09:03,975 - hashing: 644_237 started
2022-04-01 06:09:03,975 - hashing: 644_237 completed
2022-04-01 06:09:03,987 - image 647_239 arrived at feature extraction
2022-04-01 06:09:03,987 - Extracting started: [('647', '239')] being feature-extracted
2022-04-01 06:09:04,216 - Extracting completed: [('647', '239')] have been feature-extracted
2022-04-01 06:09:04,216 - hashing: 647_239 started
2022-04-01 06:09:04,216 - hashing: 647_239 completed
2022-04-01 06:09:04,321 - image 650_240 arrived at feature extraction
2022-04-01 06:09:04,321 - Extracting started: [('650', '240')] being feature-extracted
2022-04-01 06:09:04,558 - Extracting completed: [('650', '240')] have been feature-extracted
2022-04-01 06:09:04,558 - hashing: 650_240 started
2022-04-01 06:09:04,558 - hashing: 650_240 completed
2022-04-01 06:09:04,568 - image 653_241 arrived at feature extraction
2022-04-01 06:09:04,568 - Extracting started: [('653', '241')] being feature-extracted
2022-04-01 06:09:04,789 - Extracting completed: [('653', '241')] have been feature-extracted
2022-04-01 06:09:04,789 - hashing: 653_241 started
2022-04-01 06:09:04,789 - hashing: 653_241 completed
2022-04-01 06:09:04,900 - image 656_242 arrived at feature extraction
2022-04-01 06:09:04,901 - Extracting started: [('656', '242')] being feature-extracted
2022-04-01 06:09:05,116 - Extracting completed: [('656', '242')] have been feature-extracted
2022-04-01 06:09:05,116 - hashing: 656_242 started
2022-04-01 06:09:05,116 - hashing: 656_242 completed
2022-04-01 06:09:05,126 - image 659_243 arrived at feature extraction
2022-04-01 06:09:05,126 - Extracting started: [('659', '243')] being feature-extracted
2022-04-01 06:09:05,340 - Extracting completed: [('659', '243')] have been feature-extracted
2022-04-01 06:09:05,340 - hashing: 659_243 started
2022-04-01 06:09:05,340 - hashing: 659_243 completed
2022-04-01 06:09:05,350 - image 663_244 arrived at feature extraction
2022-04-01 06:09:05,350 - Extracting started: [('663', '244')] being feature-extracted
2022-04-01 06:09:05,601 - Extracting completed: [('663', '244')] have been feature-extracted
2022-04-01 06:09:05,601 - hashing: 663_244 started
2022-04-01 06:09:05,601 - hashing: 663_244 completed
2022-04-01 06:09:05,612 - image 664_245 arrived at feature extraction
2022-04-01 06:09:05,612 - Extracting started: [('664', '245')] being feature-extracted
2022-04-01 06:09:05,839 - Extracting completed: [('664', '245')] have been feature-extracted
2022-04-01 06:09:05,839 - hashing: 664_245 started
2022-04-01 06:09:05,839 - hashing: 664_245 completed
2022-04-01 06:09:05,848 - image 669_247 arrived at feature extraction
2022-04-01 06:09:05,849 - Extracting started: [('669', '247')] being feature-extracted
2022-04-01 06:09:06,090 - Extracting completed: [('669', '247')] have been feature-extracted
2022-04-01 06:09:06,090 - hashing: 669_247 started
2022-04-01 06:09:06,090 - hashing: 669_247 completed
2022-04-01 06:09:06,101 - image 670_248 arrived at feature extraction
2022-04-01 06:09:06,102 - Extracting started: [('670', '248')] being feature-extracted
2022-04-01 06:09:06,322 - Extracting completed: [('670', '248')] have been feature-extracted
2022-04-01 06:09:06,322 - hashing: 670_248 started
2022-04-01 06:09:06,322 - hashing: 670_248 completed
2022-04-01 06:09:06,337 - image 675_250 arrived at feature extraction
2022-04-01 06:09:06,337 - Extracting started: [('675', '250')] being feature-extracted
2022-04-01 06:09:06,550 - Extracting completed: [('675', '250')] have been feature-extracted
2022-04-01 06:09:06,550 - hashing: 675_250 started
2022-04-01 06:09:06,550 - hashing: 675_250 completed
2022-04-01 06:09:06,553 - image 676_250 arrived at feature extraction
2022-04-01 06:09:06,553 - Extracting started: [('676', '250')] being feature-extracted
2022-04-01 06:09:06,770 - Extracting completed: [('676', '250')] have been feature-extracted
2022-04-01 06:09:06,771 - hashing: 676_250 started
2022-04-01 06:09:06,771 - hashing: 676_250 completed
2022-04-01 06:09:06,786 - image 681_252 arrived at feature extraction
2022-04-01 06:09:06,787 - Extracting started: [('681', '252')] being feature-extracted
2022-04-01 06:09:06,997 - Extracting completed: [('681', '252')] have been feature-extracted
2022-04-01 06:09:06,997 - hashing: 681_252 started
2022-04-01 06:09:06,997 - hashing: 681_252 completed
2022-04-01 06:09:07,000 - image 682_252 arrived at feature extraction
2022-04-01 06:09:07,001 - Extracting started: [('682', '252')] being feature-extracted
2022-04-01 06:09:07,246 - Extracting completed: [('682', '252')] have been feature-extracted
2022-04-01 06:09:07,246 - hashing: 682_252 started
2022-04-01 06:09:07,246 - hashing: 682_252 completed
2022-04-01 06:09:07,262 - image 687_254 arrived at feature extraction
2022-04-01 06:09:07,263 - Extracting started: [('687', '254')] being feature-extracted
2022-04-01 06:09:07,502 - Extracting completed: [('687', '254')] have been feature-extracted
2022-04-01 06:09:07,502 - hashing: 687_254 started
2022-04-01 06:09:07,502 - hashing: 687_254 completed
2022-04-01 06:09:07,515 - image 689_255 arrived at feature extraction
2022-04-01 06:09:07,516 - Extracting started: [('689', '255')] being feature-extracted
2022-04-01 06:09:07,770 - Extracting completed: [('689', '255')] have been feature-extracted
2022-04-01 06:09:07,770 - hashing: 689_255 started
2022-04-01 06:09:07,770 - hashing: 689_255 completed
2022-04-01 06:09:07,780 - image 692_257 arrived at feature extraction
2022-04-01 06:09:07,781 - Extracting started: [('692', '257')] being feature-extracted
2022-04-01 06:09:08,010 - Extracting completed: [('692', '257')] have been feature-extracted
2022-04-01 06:09:08,010 - hashing: 692_257 started
2022-04-01 06:09:08,010 - hashing: 692_257 completed
2022-04-01 06:09:08,013 - image 695_257 arrived at feature extraction
2022-04-01 06:09:08,014 - Extracting started: [('695', '257')] being feature-extracted
2022-04-01 06:09:08,236 - Extracting completed: [('695', '257')] have been feature-extracted
2022-04-01 06:09:08,237 - hashing: 695_257 started
2022-04-01 06:09:08,237 - hashing: 695_257 completed
2022-04-01 06:09:08,253 - image 699_259 arrived at feature extraction
2022-04-01 06:09:08,253 - Extracting started: [('699', '259')] being feature-extracted
2022-04-01 06:09:08,487 - Extracting completed: [('699', '259')] have been feature-extracted
2022-04-01 06:09:08,487 - hashing: 699_259 started
2022-04-01 06:09:08,487 - hashing: 699_259 completed
2022-04-01 06:09:08,490 - image 701_260 arrived at feature extraction
2022-04-01 06:09:08,490 - Extracting started: [('701', '260')] being feature-extracted
2022-04-01 06:09:08,733 - Extracting completed: [('701', '260')] have been feature-extracted
2022-04-01 06:09:08,733 - hashing: 701_260 started
2022-04-01 06:09:08,733 - hashing: 701_260 completed
2022-04-01 06:09:08,749 - image 704_261 arrived at feature extraction
2022-04-01 06:09:08,749 - Extracting started: [('704', '261')] being feature-extracted
2022-04-01 06:09:08,976 - Extracting completed: [('704', '261')] have been feature-extracted
2022-04-01 06:09:08,977 - hashing: 704_261 started
2022-04-01 06:09:08,977 - hashing: 704_261 completed
2022-04-01 06:09:08,979 - image 707_262 arrived at feature extraction
2022-04-01 06:09:08,979 - Extracting started: [('707', '262')] being feature-extracted
2022-04-01 06:09:09,204 - Extracting completed: [('707', '262')] have been feature-extracted
2022-04-01 06:09:09,204 - hashing: 707_262 started
2022-04-01 06:09:09,204 - hashing: 707_262 completed
2022-04-01 06:09:09,215 - image 710_263 arrived at feature extraction
2022-04-01 06:09:09,216 - Extracting started: [('710', '263')] being feature-extracted
2022-04-01 06:09:09,468 - Extracting completed: [('710', '263')] have been feature-extracted
2022-04-01 06:09:09,468 - hashing: 710_263 started
2022-04-01 06:09:09,468 - hashing: 710_263 completed
2022-04-01 06:09:09,478 - image 713_264 arrived at feature extraction
2022-04-01 06:09:09,479 - Extracting started: [('713', '264')] being feature-extracted
2022-04-01 06:09:09,723 - Extracting completed: [('713', '264')] have been feature-extracted
2022-04-01 06:09:09,723 - hashing: 713_264 started
2022-04-01 06:09:09,723 - hashing: 713_264 completed
2022-04-01 06:09:09,743 - image 716_265 arrived at feature extraction
2022-04-01 06:09:09,744 - Extracting started: [('716', '265')] being feature-extracted
2022-04-01 06:09:09,976 - Extracting completed: [('716', '265')] have been feature-extracted
2022-04-01 06:09:09,977 - hashing: 716_265 started
2022-04-01 06:09:09,977 - hashing: 716_265 completed
2022-04-01 06:09:09,987 - image 719_266 arrived at feature extraction
2022-04-01 06:09:09,987 - Extracting started: [('719', '266')] being feature-extracted
2022-04-01 06:09:10,203 - Extracting completed: [('719', '266')] have been feature-extracted
2022-04-01 06:09:10,204 - hashing: 719_266 started
2022-04-01 06:09:10,204 - hashing: 719_266 completed
2022-04-01 06:09:10,213 - image 722_267 arrived at feature extraction
2022-04-01 06:09:10,214 - Extracting started: [('722', '267')] being feature-extracted
2022-04-01 06:09:10,427 - Extracting completed: [('722', '267')] have been feature-extracted
2022-04-01 06:09:10,427 - hashing: 722_267 started
2022-04-01 06:09:10,427 - hashing: 722_267 completed
2022-04-01 06:09:10,430 - image 725_267 arrived at feature extraction
2022-04-01 06:09:10,430 - Extracting started: [('725', '267')] being feature-extracted
2022-04-01 06:09:10,638 - Extracting completed: [('725', '267')] have been feature-extracted
2022-04-01 06:09:10,638 - hashing: 725_267 started
2022-04-01 06:09:10,639 - hashing: 725_267 completed
2022-04-01 06:09:10,655 - image 728_268 arrived at feature extraction
2022-04-01 06:09:10,655 - Extracting started: [('728', '268')] being feature-extracted
2022-04-01 06:09:10,889 - Extracting completed: [('728', '268')] have been feature-extracted
2022-04-01 06:09:10,889 - hashing: 728_268 started
2022-04-01 06:09:10,889 - hashing: 728_268 completed
2022-04-01 06:09:10,898 - image 731_268 arrived at feature extraction
2022-04-01 06:09:10,898 - Extracting started: [('731', '268')] being feature-extracted
2022-04-01 06:09:11,115 - Extracting completed: [('731', '268')] have been feature-extracted
2022-04-01 06:09:11,115 - hashing: 731_268 started
2022-04-01 06:09:11,115 - hashing: 731_268 completed
2022-04-01 06:09:11,125 - image 734_268 arrived at feature extraction
2022-04-01 06:09:11,125 - Extracting started: [('734', '268')] being feature-extracted
2022-04-01 06:09:11,382 - Extracting completed: [('734', '268')] have been feature-extracted
2022-04-01 06:09:11,383 - hashing: 734_268 started
2022-04-01 06:09:11,383 - hashing: 734_268 completed
2022-04-01 06:09:11,386 - image 737_269 arrived at feature extraction
2022-04-01 06:09:11,386 - Extracting started: [('737', '269')] being feature-extracted
2022-04-01 06:09:11,628 - Extracting completed: [('737', '269')] have been feature-extracted
2022-04-01 06:09:11,628 - hashing: 737_269 started
2022-04-01 06:09:11,628 - hashing: 737_269 completed
2022-04-01 06:09:11,646 - image 740_271 arrived at feature extraction
2022-04-01 06:09:11,647 - Extracting started: [('740', '271')] being feature-extracted
2022-04-01 06:09:11,882 - Extracting completed: [('740', '271')] have been feature-extracted
2022-04-01 06:09:11,882 - hashing: 740_271 started
2022-04-01 06:09:11,882 - hashing: 740_271 completed
2022-04-01 06:09:11,885 - image 743_272 arrived at feature extraction
2022-04-01 06:09:11,885 - Extracting started: [('743', '272')] being feature-extracted
2022-04-01 06:09:12,096 - Extracting completed: [('743', '272')] have been feature-extracted
2022-04-01 06:09:12,096 - hashing: 743_272 started
2022-04-01 06:09:12,096 - hashing: 743_272 completed
2022-04-01 06:09:12,112 - image 746_273 arrived at feature extraction
2022-04-01 06:09:12,112 - Extracting started: [('746', '273')] being feature-extracted
2022-04-01 06:09:12,346 - Extracting completed: [('746', '273')] have been feature-extracted
2022-04-01 06:09:12,346 - hashing: 746_273 started
2022-04-01 06:09:12,346 - hashing: 746_273 completed
2022-04-01 06:09:12,355 - image 749_274 arrived at feature extraction
2022-04-01 06:09:12,355 - Extracting started: [('749', '274')] being feature-extracted
2022-04-01 06:09:12,571 - Extracting completed: [('749', '274')] have been feature-extracted
2022-04-01 06:09:12,571 - hashing: 749_274 started
2022-04-01 06:09:12,571 - hashing: 749_274 completed
2022-04-01 06:09:12,581 - image 752_275 arrived at feature extraction
2022-04-01 06:09:12,581 - Extracting started: [('752', '275')] being feature-extracted
2022-04-01 06:09:12,798 - Extracting completed: [('752', '275')] have been feature-extracted
2022-04-01 06:09:12,798 - hashing: 752_275 started
2022-04-01 06:09:12,798 - hashing: 752_275 completed
2022-04-01 06:09:12,800 - image 755_276 arrived at feature extraction
2022-04-01 06:09:12,800 - Extracting started: [('755', '276')] being feature-extracted
2022-04-01 06:09:13,018 - Extracting completed: [('755', '276')] have been feature-extracted
2022-04-01 06:09:13,018 - hashing: 755_276 started
2022-04-01 06:09:13,019 - hashing: 755_276 completed
2022-04-01 06:09:13,036 - image 758_277 arrived at feature extraction
2022-04-01 06:09:13,036 - Extracting started: [('758', '277')] being feature-extracted
2022-04-01 06:09:13,299 - Extracting completed: [('758', '277')] have been feature-extracted
2022-04-01 06:09:13,299 - hashing: 758_277 started
2022-04-01 06:09:13,299 - hashing: 758_277 completed
2022-04-01 06:09:13,310 - image 761_278 arrived at feature extraction
2022-04-01 06:09:13,310 - Extracting started: [('761', '278')] being feature-extracted
2022-04-01 06:09:13,545 - Extracting completed: [('761', '278')] have been feature-extracted
2022-04-01 06:09:13,545 - hashing: 761_278 started
2022-04-01 06:09:13,545 - hashing: 761_278 completed
2022-04-01 06:09:13,556 - image 765_280 arrived at feature extraction
2022-04-01 06:09:13,556 - Extracting started: [('765', '280')] being feature-extracted
2022-04-01 06:09:13,779 - Extracting completed: [('765', '280')] have been feature-extracted
2022-04-01 06:09:13,779 - hashing: 765_280 started
2022-04-01 06:09:13,779 - hashing: 765_280 completed
2022-04-01 06:09:13,789 - image 766_280 arrived at feature extraction
2022-04-01 06:09:13,789 - Extracting started: [('766', '280')] being feature-extracted
2022-04-01 06:09:14,016 - Extracting completed: [('766', '280')] have been feature-extracted
2022-04-01 06:09:14,017 - hashing: 766_280 started
2022-04-01 06:09:14,017 - hashing: 766_280 completed
2022-04-01 06:09:14,026 - image 771_282 arrived at feature extraction
2022-04-01 06:09:14,027 - Extracting started: [('771', '282')] being feature-extracted
2022-04-01 06:09:14,254 - Extracting completed: [('771', '282')] have been feature-extracted
2022-04-01 06:09:14,254 - hashing: 771_282 started
2022-04-01 06:09:14,254 - hashing: 771_282 completed
2022-04-01 06:09:14,264 - image 773_283 arrived at feature extraction
2022-04-01 06:09:14,264 - Extracting started: [('773', '283')] being feature-extracted
2022-04-01 06:09:14,486 - Extracting completed: [('773', '283')] have been feature-extracted
2022-04-01 06:09:14,486 - hashing: 773_283 started
2022-04-01 06:09:14,486 - hashing: 773_283 completed
2022-04-01 06:09:14,496 - image 777_285 arrived at feature extraction
2022-04-01 06:09:14,497 - Extracting started: [('777', '285')] being feature-extracted
2022-04-01 06:09:14,722 - Extracting completed: [('777', '285')] have been feature-extracted
2022-04-01 06:09:14,722 - hashing: 777_285 started
2022-04-01 06:09:14,722 - hashing: 777_285 completed
2022-04-01 06:09:14,733 - image 779_286 arrived at feature extraction
2022-04-01 06:09:14,734 - Extracting started: [('779', '286')] being feature-extracted
2022-04-01 06:09:14,953 - Extracting completed: [('779', '286')] have been feature-extracted
2022-04-01 06:09:14,953 - hashing: 779_286 started
2022-04-01 06:09:14,953 - hashing: 779_286 completed
2022-04-01 06:09:14,963 - image 783_288 arrived at feature extraction
2022-04-01 06:09:14,963 - Extracting started: [('783', '288')] being feature-extracted
2022-04-01 06:09:15,270 - Extracting completed: [('783', '288')] have been feature-extracted
2022-04-01 06:09:15,270 - hashing: 783_288 started
2022-04-01 06:09:15,270 - hashing: 783_288 completed
2022-04-01 06:09:15,289 - image 784_288 arrived at feature extraction
2022-04-01 06:09:15,289 - Extracting started: [('784', '288')] being feature-extracted
2022-04-01 06:09:15,524 - Extracting completed: [('784', '288')] have been feature-extracted
2022-04-01 06:09:15,525 - hashing: 784_288 started
2022-04-01 06:09:15,525 - hashing: 784_288 completed
2022-04-01 06:09:15,537 - image 788_290 arrived at feature extraction
2022-04-01 06:09:15,537 - Extracting started: [('788', '290')] being feature-extracted
2022-04-01 06:09:15,778 - Extracting completed: [('788', '290')] have been feature-extracted
2022-04-01 06:09:15,778 - hashing: 788_290 started
2022-04-01 06:09:15,778 - hashing: 788_290 completed
2022-04-01 06:09:15,788 - image 791_291 arrived at feature extraction
2022-04-01 06:09:15,788 - Extracting started: [('791', '291')] being feature-extracted
2022-04-01 06:09:16,009 - Extracting completed: [('791', '291')] have been feature-extracted
2022-04-01 06:09:16,009 - hashing: 791_291 started
2022-04-01 06:09:16,009 - hashing: 791_291 completed
2022-04-01 06:09:16,019 - image 794_292 arrived at feature extraction
2022-04-01 06:09:16,020 - Extracting started: [('794', '292')] being feature-extracted
2022-04-01 06:09:16,247 - Extracting completed: [('794', '292')] have been feature-extracted
2022-04-01 06:09:16,247 - hashing: 794_292 started
2022-04-01 06:09:16,247 - hashing: 794_292 completed
2022-04-01 06:09:16,257 - image 797_293 arrived at feature extraction
2022-04-01 06:09:16,257 - Extracting started: [('797', '293')] being feature-extracted
2022-04-01 06:09:16,502 - Extracting completed: [('797', '293')] have been feature-extracted
2022-04-01 06:09:16,502 - hashing: 797_293 started
2022-04-01 06:09:16,503 - hashing: 797_293 completed
2022-04-01 06:09:16,514 - image 800_295 arrived at feature extraction
2022-04-01 06:09:16,514 - Extracting started: [('800', '295')] being feature-extracted
2022-04-01 06:09:16,744 - Extracting completed: [('800', '295')] have been feature-extracted
2022-04-01 06:09:16,744 - hashing: 800_295 started
2022-04-01 06:09:16,744 - hashing: 800_295 completed
2022-04-01 06:09:16,755 - image 803_296 arrived at feature extraction
2022-04-01 06:09:16,755 - Extracting started: [('803', '296')] being feature-extracted
2022-04-01 06:09:17,025 - Extracting completed: [('803', '296')] have been feature-extracted
2022-04-01 06:09:17,025 - hashing: 803_296 started
2022-04-01 06:09:17,025 - hashing: 803_296 completed
2022-04-01 06:09:17,028 - image 806_297 arrived at feature extraction
2022-04-01 06:09:17,029 - Extracting started: [('806', '297')] being feature-extracted
2022-04-01 06:09:17,257 - Extracting completed: [('806', '297')] have been feature-extracted
2022-04-01 06:09:17,257 - hashing: 806_297 started
2022-04-01 06:09:17,258 - hashing: 806_297 completed
2022-04-01 06:09:17,261 - image 809_298 arrived at feature extraction
2022-04-01 06:09:17,261 - Extracting started: [('809', '298')] being feature-extracted
2022-04-01 06:09:17,490 - Extracting completed: [('809', '298')] have been feature-extracted
2022-04-01 06:09:17,490 - hashing: 809_298 started
2022-04-01 06:09:17,490 - hashing: 809_298 completed
2022-04-01 06:09:17,492 - image 0_0 arrived at feature extraction
2022-04-01 06:09:17,494 - Closing connection (200): Normal shutdown
2022-04-01 06:09:17,494 - Closing channel (200): 'Normal shutdown' on <Channel number=1 OPEN conn=<SelectConnection OPEN transport=<pika.adapters.utils.io_services_utils._AsyncPlaintextTransport object at 0x11f912490> params=<ConnectionParameters host=localhost port=5672 virtual_host=/ ssl=False>>>
2022-04-01 06:09:17,494 - Received <Channel.CloseOk> on <Channel number=1 CLOSING conn=<SelectConnection OPEN transport=<pika.adapters.utils.io_services_utils._AsyncPlaintextTransport object at 0x11f912490> params=<ConnectionParameters host=localhost port=5672 virtual_host=/ ssl=False>>>
2022-04-01 06:09:17,495 - Closing connection (200): 'Normal shutdown'
2022-04-01 06:09:17,496 - Aborting transport connection: state=1; <socket.socket fd=22, family=AddressFamily.AF_INET, type=SocketKind.SOCK_STREAM, proto=6, laddr=('127.0.0.1', 61819), raddr=('127.0.0.1', 5672)>
2022-04-01 06:09:17,496 - _AsyncTransportBase._initate_abort(): Initiating abrupt asynchronous transport shutdown: state=1; error=None; <socket.socket fd=22, family=AddressFamily.AF_INET, type=SocketKind.SOCK_STREAM, proto=6, laddr=('127.0.0.1', 61819), raddr=('127.0.0.1', 5672)>
2022-04-01 06:09:17,496 - Deactivating transport: state=1; <socket.socket fd=22, family=AddressFamily.AF_INET, type=SocketKind.SOCK_STREAM, proto=6, laddr=('127.0.0.1', 61819), raddr=('127.0.0.1', 5672)>
2022-04-01 06:09:17,496 - AMQP stack terminated, failed to connect, or aborted: opened=True, error-arg=None; pending-error=ConnectionClosedByClient: (200) 'Normal shutdown'
2022-04-01 06:09:17,497 - Stack terminated due to ConnectionClosedByClient: (200) 'Normal shutdown'
2022-04-01 06:09:17,497 - Closing transport socket and unlinking: state=3; <socket.socket fd=22, family=AddressFamily.AF_INET, type=SocketKind.SOCK_STREAM, proto=6, laddr=('127.0.0.1', 61819), raddr=('127.0.0.1', 5672)>
2022-04-01 06:09:17,498 - User-initiated close: result=BlockingConnection__OnClosedArgs(connection=<SelectConnection CLOSED transport=None params=<ConnectionParameters host=localhost port=5672 virtual_host=/ ssl=False>>, error=ConnectionClosedByClient: (200) 'Normal shutdown')
2022-04-01 06:09:17,498 - PID 29825 completed feature extraction
