2022-04-01 06:04:56,231 - PID 27312 started loading and processing
2022-04-01 06:04:56,238 - Pika version 1.2.0 connecting to ('::1', 5672, 0, 0)
2022-04-01 06:04:56,239 - Socket failed to connect: <socket.socket fd=22, family=AddressFamily.AF_INET6, type=SocketKind.SOCK_STREAM, proto=6, laddr=('::1', 61724, 0, 0)>; error=61 (Connection refused)
2022-04-01 06:04:56,239 - TCP Connection attempt failed: ConnectionRefusedError(61, 'Connection refused'); dest=(<AddressFamily.AF_INET6: 30>, <SocketKind.SOCK_STREAM: 1>, 6, '', ('::1', 5672, 0, 0))
2022-04-01 06:04:56,239 - AMQPConnector - reporting failure: AMQPConnectorSocketConnectError: ConnectionRefusedError(61, 'Connection refused')
2022-04-01 06:04:56,239 - Pika version 1.2.0 connecting to ('127.0.0.1', 5672)
2022-04-01 06:04:56,240 - Socket connected: <socket.socket fd=22, family=AddressFamily.AF_INET, type=SocketKind.SOCK_STREAM, proto=6, laddr=('127.0.0.1', 61725), raddr=('127.0.0.1', 5672)>
2022-04-01 06:04:56,240 - Streaming transport linked up: (<pika.adapters.utils.io_services_utils._AsyncPlaintextTransport object at 0x117f79280>, _StreamingProtocolShim: <SelectConnection PROTOCOL transport=<pika.adapters.utils.io_services_utils._AsyncPlaintextTransport object at 0x117f79280> params=<ConnectionParameters host=localhost port=5672 virtual_host=/ ssl=False>>).
2022-04-01 06:04:56,244 - AMQPConnector - reporting success: <SelectConnection OPEN transport=<pika.adapters.utils.io_services_utils._AsyncPlaintextTransport object at 0x117f79280> params=<ConnectionParameters host=localhost port=5672 virtual_host=/ ssl=False>>
2022-04-01 06:04:56,244 - AMQPConnectionWorkflow - reporting success: <SelectConnection OPEN transport=<pika.adapters.utils.io_services_utils._AsyncPlaintextTransport object at 0x117f79280> params=<ConnectionParameters host=localhost port=5672 virtual_host=/ ssl=False>>
2022-04-01 06:04:56,244 - Connection workflow succeeded: <SelectConnection OPEN transport=<pika.adapters.utils.io_services_utils._AsyncPlaintextTransport object at 0x117f79280> params=<ConnectionParameters host=localhost port=5672 virtual_host=/ ssl=False>>
2022-04-01 06:04:56,244 - Created channel=1
2022-04-01 06:04:56,246 - Logging before start consuming
2022-04-01 06:04:59,135 - processing started: 1_000 
2022-04-01 06:04:59,321 - processing completed: 1_000
2022-04-01 06:04:59,341 - processing started: 3_001 
2022-04-01 06:04:59,573 - processing completed: 3_001
2022-04-01 06:04:59,579 - processing started: 5_002 
2022-04-01 06:04:59,836 - processing completed: 5_002
2022-04-01 06:04:59,842 - processing started: 7_003 
2022-04-01 06:05:00,009 - processing completed: 7_003
2022-04-01 06:05:00,015 - processing started: 9_003 
2022-04-01 06:05:00,256 - processing completed: 9_003
2022-04-01 06:05:00,262 - processing started: 11_004 
2022-04-01 06:05:00,305 - processing completed: 11_004
2022-04-01 06:05:00,307 - processing started: 13_005 
2022-04-01 06:05:00,552 - processing completed: 13_005
2022-04-01 06:05:00,558 - processing started: 15_005 
2022-04-01 06:05:00,752 - processing completed: 15_005
2022-04-01 06:05:00,759 - processing started: 17_006 
2022-04-01 06:05:00,927 - processing completed: 17_006
2022-04-01 06:05:00,931 - processing started: 19_007 
2022-04-01 06:05:01,109 - processing completed: 19_007
2022-04-01 06:05:01,115 - processing started: 21_008 
2022-04-01 06:05:01,375 - processing completed: 21_008
2022-04-01 06:05:01,383 - processing started: 23_009 
2022-04-01 06:05:01,575 - processing completed: 23_009
2022-04-01 06:05:01,582 - processing started: 25_010 
2022-04-01 06:05:01,849 - processing completed: 25_010
2022-04-01 06:05:01,856 - processing started: 27_011 
2022-04-01 06:05:02,043 - processing completed: 27_011
2022-04-01 06:05:02,051 - processing started: 29_012 
2022-04-01 06:05:02,205 - processing completed: 29_012
2022-04-01 06:05:02,209 - processing started: 31_013 
2022-04-01 06:05:02,360 - processing completed: 31_013
2022-04-01 06:05:02,365 - processing started: 33_014 
2022-04-01 06:05:02,548 - processing completed: 33_014
2022-04-01 06:05:02,553 - processing started: 35_014 
2022-04-01 06:05:02,785 - processing completed: 35_014
2022-04-01 06:05:02,790 - processing started: 37_014 
2022-04-01 06:05:02,905 - processing completed: 37_014
2022-04-01 06:05:02,910 - processing started: 39_015 
2022-04-01 06:05:03,117 - processing completed: 39_015
2022-04-01 06:05:03,124 - processing started: 41_015 
2022-04-01 06:05:03,226 - processing completed: 41_015
2022-04-01 06:05:03,230 - processing started: 43_016 
2022-04-01 06:05:03,423 - processing completed: 43_016
2022-04-01 06:05:03,429 - processing started: 45_017 
2022-04-01 06:05:03,592 - processing completed: 45_017
2022-04-01 06:05:03,597 - processing started: 47_017 
2022-04-01 06:05:03,833 - processing completed: 47_017
2022-04-01 06:05:03,840 - processing started: 49_018 
2022-04-01 06:05:03,980 - processing completed: 49_018
2022-04-01 06:05:03,985 - processing started: 51_019 
2022-04-01 06:05:04,211 - processing completed: 51_019
2022-04-01 06:05:04,216 - processing started: 53_020 
2022-04-01 06:05:04,389 - processing completed: 53_020
2022-04-01 06:05:04,397 - processing started: 55_021 
2022-04-01 06:05:04,657 - processing completed: 55_021
2022-04-01 06:05:04,663 - processing started: 57_022 
2022-04-01 06:05:04,823 - processing completed: 57_022
2022-04-01 06:05:04,829 - processing started: 59_023 
2022-04-01 06:05:05,051 - processing completed: 59_023
2022-04-01 06:05:05,056 - processing started: 61_023 
2022-04-01 06:05:05,182 - processing completed: 61_023
2022-04-01 06:05:05,187 - processing started: 63_024 
2022-04-01 06:05:05,389 - processing completed: 63_024
2022-04-01 06:05:05,395 - processing started: 65_024 
2022-04-01 06:05:05,606 - processing completed: 65_024
2022-04-01 06:05:05,610 - processing started: 67_025 
2022-04-01 06:05:05,746 - processing completed: 67_025
2022-04-01 06:05:05,752 - processing started: 69_026 
2022-04-01 06:05:05,966 - processing completed: 69_026
2022-04-01 06:05:05,970 - processing started: 71_027 
2022-04-01 06:05:06,102 - processing completed: 71_027
2022-04-01 06:05:06,108 - processing started: 73_028 
2022-04-01 06:05:06,350 - processing completed: 73_028
2022-04-01 06:05:06,357 - processing started: 75_029 
2022-04-01 06:05:06,501 - processing completed: 75_029
2022-04-01 06:05:06,508 - processing started: 77_030 
2022-04-01 06:05:06,721 - processing completed: 77_030
2022-04-01 06:05:06,725 - processing started: 79_030 
2022-04-01 06:05:06,852 - processing completed: 79_030
2022-04-01 06:05:06,857 - processing started: 81_031 
2022-04-01 06:05:07,067 - processing completed: 81_031
2022-04-01 06:05:07,071 - processing started: 83_032 
2022-04-01 06:05:07,259 - processing completed: 83_032
2022-04-01 06:05:07,266 - processing started: 85_032 
2022-04-01 06:05:07,516 - processing completed: 85_032
2022-04-01 06:05:07,521 - processing started: 87_032 
2022-04-01 06:05:07,726 - processing completed: 87_032
2022-04-01 06:05:07,734 - processing started: 89_033 
2022-04-01 06:05:07,932 - processing completed: 89_033
2022-04-01 06:05:07,936 - processing started: 91_033 
2022-04-01 06:05:08,064 - processing completed: 91_033
2022-04-01 06:05:08,070 - processing started: 93_034 
2022-04-01 06:05:08,293 - processing completed: 93_034
2022-04-01 06:05:08,297 - processing started: 95_035 
2022-04-01 06:05:08,479 - processing completed: 95_035
2022-04-01 06:05:08,484 - processing started: 97_035 
2022-04-01 06:05:08,615 - processing completed: 97_035
2022-04-01 06:05:08,620 - processing started: 99_036 
2022-04-01 06:05:08,813 - processing completed: 99_036
2022-04-01 06:05:08,817 - processing started: 101_037 
2022-04-01 06:05:08,935 - processing completed: 101_037
2022-04-01 06:05:08,939 - processing started: 103_037 
2022-04-01 06:05:09,121 - processing completed: 103_037
2022-04-01 06:05:09,125 - processing started: 105_038 
2022-04-01 06:05:09,245 - processing completed: 105_038
2022-04-01 06:05:09,250 - processing started: 107_039 
2022-04-01 06:05:09,437 - processing completed: 107_039
2022-04-01 06:05:09,441 - processing started: 109_040 
2022-04-01 06:05:09,554 - processing completed: 109_040
2022-04-01 06:05:09,558 - processing started: 111_040 
2022-04-01 06:05:09,746 - processing completed: 111_040
2022-04-01 06:05:09,751 - processing started: 113_040 
2022-04-01 06:05:09,864 - processing completed: 113_040
2022-04-01 06:05:09,869 - processing started: 115_040 
2022-04-01 06:05:10,050 - processing completed: 115_040
2022-04-01 06:05:10,054 - processing started: 117_041 
2022-04-01 06:05:10,205 - processing completed: 117_041
2022-04-01 06:05:10,211 - processing started: 119_042 
2022-04-01 06:05:10,414 - processing completed: 119_042
2022-04-01 06:05:10,418 - processing started: 121_042 
2022-04-01 06:05:10,541 - processing completed: 121_042
2022-04-01 06:05:10,546 - processing started: 123_043 
2022-04-01 06:05:10,737 - processing completed: 123_043
2022-04-01 06:05:10,742 - processing started: 125_044 
2022-04-01 06:05:10,917 - processing completed: 125_044
2022-04-01 06:05:10,921 - processing started: 127_045 
2022-04-01 06:05:11,031 - processing completed: 127_045
2022-04-01 06:05:11,037 - processing started: 129_045 
2022-04-01 06:05:11,215 - processing completed: 129_045
2022-04-01 06:05:11,219 - processing started: 131_046 
2022-04-01 06:05:11,335 - processing completed: 131_046
2022-04-01 06:05:11,340 - processing started: 133_047 
2022-04-01 06:05:11,532 - processing completed: 133_047
2022-04-01 06:05:11,535 - processing started: 135_048 
2022-04-01 06:05:11,655 - processing completed: 135_048
2022-04-01 06:05:11,660 - processing started: 137_049 
2022-04-01 06:05:11,850 - processing completed: 137_049
2022-04-01 06:05:11,854 - processing started: 139_049 
2022-04-01 06:05:11,975 - processing completed: 139_049
2022-04-01 06:05:11,980 - processing started: 141_050 
2022-04-01 06:05:12,186 - processing completed: 141_050
2022-04-01 06:05:12,192 - processing started: 143_051 
2022-04-01 06:05:12,320 - processing completed: 143_051
2022-04-01 06:05:12,325 - processing started: 145_051 
2022-04-01 06:05:12,533 - processing completed: 145_051
2022-04-01 06:05:12,539 - processing started: 147_051 
2022-04-01 06:05:12,660 - processing completed: 147_051
2022-04-01 06:05:12,664 - processing started: 149_052 
2022-04-01 06:05:12,851 - processing completed: 149_052
2022-04-01 06:05:12,855 - processing started: 151_053 
2022-04-01 06:05:12,993 - processing completed: 151_053
2022-04-01 06:05:12,999 - processing started: 153_054 
2022-04-01 06:05:13,184 - processing completed: 153_054
2022-04-01 06:05:13,188 - processing started: 155_055 
2022-04-01 06:05:13,372 - processing completed: 155_055
2022-04-01 06:05:13,376 - processing started: 157_056 
2022-04-01 06:05:13,508 - processing completed: 157_056
2022-04-01 06:05:13,513 - processing started: 159_057 
2022-04-01 06:05:13,707 - processing completed: 159_057
2022-04-01 06:05:13,712 - processing started: 161_058 
2022-04-01 06:05:13,894 - processing completed: 161_058
2022-04-01 06:05:13,899 - processing started: 163_059 
2022-04-01 06:05:14,093 - processing completed: 163_059
2022-04-01 06:05:14,099 - processing started: 165_060 
2022-04-01 06:05:14,229 - processing completed: 165_060
2022-04-01 06:05:14,233 - processing started: 167_060 
2022-04-01 06:05:14,412 - processing completed: 167_060
2022-04-01 06:05:14,416 - processing started: 169_061 
2022-04-01 06:05:14,539 - processing completed: 169_061
2022-04-01 06:05:14,544 - processing started: 171_062 
2022-04-01 06:05:14,748 - processing completed: 171_062
2022-04-01 06:05:14,754 - processing started: 173_063 
2022-04-01 06:05:14,971 - processing completed: 173_063
2022-04-01 06:05:14,979 - processing started: 175_064 
2022-04-01 06:05:15,246 - processing completed: 175_064
2022-04-01 06:05:15,252 - processing started: 177_064 
2022-04-01 06:05:15,474 - processing completed: 177_064
2022-04-01 06:05:15,481 - processing started: 179_065 
2022-04-01 06:05:15,764 - processing completed: 179_065
2022-04-01 06:05:15,771 - processing started: 181_066 
2022-04-01 06:05:16,050 - processing completed: 181_066
2022-04-01 06:05:16,057 - processing started: 183_066 
2022-04-01 06:05:16,278 - processing completed: 183_066
2022-04-01 06:05:16,286 - processing started: 185_066 
2022-04-01 06:05:16,570 - processing completed: 185_066
2022-04-01 06:05:16,578 - processing started: 187_066 
2022-04-01 06:05:16,738 - processing completed: 187_066
2022-04-01 06:05:16,743 - processing started: 189_067 
2022-04-01 06:05:16,994 - processing completed: 189_067
2022-04-01 06:05:17,001 - processing started: 191_067 
2022-04-01 06:05:17,198 - processing completed: 191_067
2022-04-01 06:05:17,204 - processing started: 193_068 
2022-04-01 06:05:17,403 - processing completed: 193_068
2022-04-01 06:05:17,408 - processing started: 195_069 
2022-04-01 06:05:17,536 - processing completed: 195_069
2022-04-01 06:05:17,541 - processing started: 197_069 
2022-04-01 06:05:17,748 - processing completed: 197_069
2022-04-01 06:05:17,754 - processing started: 199_070 
2022-04-01 06:05:17,940 - processing completed: 199_070
2022-04-01 06:05:17,945 - processing started: 201_071 
2022-04-01 06:05:18,196 - processing completed: 201_071
2022-04-01 06:05:18,203 - processing started: 203_072 
2022-04-01 06:05:18,394 - processing completed: 203_072
2022-04-01 06:05:18,401 - processing started: 205_072 
2022-04-01 06:05:18,660 - processing completed: 205_072
2022-04-01 06:05:18,667 - processing started: 207_073 
2022-04-01 06:05:18,885 - processing completed: 207_073
2022-04-01 06:05:18,894 - processing started: 209_074 
2022-04-01 06:05:19,163 - processing completed: 209_074
2022-04-01 06:05:19,171 - processing started: 211_075 
2022-04-01 06:05:19,434 - processing completed: 211_075
2022-04-01 06:05:19,441 - processing started: 213_076 
2022-04-01 06:05:19,627 - processing completed: 213_076
2022-04-01 06:05:19,634 - processing started: 215_077 
2022-04-01 06:05:19,851 - processing completed: 215_077
2022-04-01 06:05:19,857 - processing started: 217_077 
2022-04-01 06:05:20,047 - processing completed: 217_077
2022-04-01 06:05:20,055 - processing started: 219_078 
2022-04-01 06:05:20,304 - processing completed: 219_078
2022-04-01 06:05:20,309 - processing started: 221_079 
2022-04-01 06:05:20,496 - processing completed: 221_079
2022-04-01 06:05:20,503 - processing started: 223_080 
2022-04-01 06:05:20,660 - processing completed: 223_080
2022-04-01 06:05:20,664 - processing started: 225_081 
2022-04-01 06:05:20,788 - processing completed: 225_081
2022-04-01 06:05:20,792 - processing started: 227_081 
2022-04-01 06:05:21,016 - processing completed: 227_081
2022-04-01 06:05:21,022 - processing started: 229_081 
2022-04-01 06:05:21,158 - processing completed: 229_081
2022-04-01 06:05:21,165 - processing started: 231_081 
2022-04-01 06:05:21,365 - processing completed: 231_081
2022-04-01 06:05:21,372 - processing started: 233_082 
2022-04-01 06:05:21,501 - processing completed: 233_082
2022-04-01 06:05:21,507 - processing started: 235_082 
2022-04-01 06:05:21,701 - processing completed: 235_082
2022-04-01 06:05:21,707 - processing started: 237_083 
2022-04-01 06:05:21,833 - processing completed: 237_083
2022-04-01 06:05:21,838 - processing started: 239_084 
2022-04-01 06:05:22,038 - processing completed: 239_084
2022-04-01 06:05:22,046 - processing started: 241_085 
2022-04-01 06:05:22,245 - processing completed: 241_085
2022-04-01 06:05:22,252 - processing started: 243_086 
2022-04-01 06:05:22,395 - processing completed: 243_086
2022-04-01 06:05:22,399 - processing started: 245_087 
2022-04-01 06:05:22,582 - processing completed: 245_087
2022-04-01 06:05:22,587 - processing started: 247_088 
2022-04-01 06:05:22,721 - processing completed: 247_088
2022-04-01 06:05:22,727 - processing started: 249_089 
2022-04-01 06:05:22,872 - processing completed: 249_089
2022-04-01 06:05:22,876 - processing started: 251_089 
2022-04-01 06:05:22,971 - processing completed: 251_089
2022-04-01 06:05:22,976 - processing started: 253_090 
2022-04-01 06:05:23,148 - processing completed: 253_090
2022-04-01 06:05:23,153 - processing started: 255_091 
2022-04-01 06:05:23,240 - processing completed: 255_091
2022-04-01 06:05:23,246 - processing started: 257_092 
2022-04-01 06:05:23,398 - processing completed: 257_092
2022-04-01 06:05:23,403 - processing started: 259_093 
2022-04-01 06:05:23,526 - processing completed: 259_093
2022-04-01 06:05:23,532 - processing started: 261_094 
2022-04-01 06:05:23,723 - processing completed: 261_094
2022-04-01 06:05:23,729 - processing started: 263_095 
2022-04-01 06:05:23,842 - processing completed: 263_095
2022-04-01 06:05:23,850 - processing started: 265_096 
2022-04-01 06:05:24,037 - processing completed: 265_096
2022-04-01 06:05:24,043 - processing started: 267_097 
2022-04-01 06:05:24,169 - processing completed: 267_097
2022-04-01 06:05:24,173 - processing started: 269_098 
2022-04-01 06:05:24,354 - processing completed: 269_098
2022-04-01 06:05:24,360 - processing started: 271_098 
2022-04-01 06:05:24,531 - processing completed: 271_098
2022-04-01 06:05:24,536 - processing started: 273_099 
2022-04-01 06:05:24,625 - processing completed: 273_099
2022-04-01 06:05:24,630 - processing started: 275_100 
2022-04-01 06:05:24,836 - processing completed: 275_100
2022-04-01 06:05:24,841 - processing started: 277_101 
2022-04-01 06:05:24,941 - processing completed: 277_101
2022-04-01 06:05:24,945 - processing started: 279_102 
2022-04-01 06:05:25,111 - processing completed: 279_102
2022-04-01 06:05:25,115 - processing started: 281_103 
2022-04-01 06:05:25,218 - processing completed: 281_103
2022-04-01 06:05:25,222 - processing started: 283_104 
2022-04-01 06:05:25,381 - processing completed: 283_104
2022-04-01 06:05:25,386 - processing started: 285_105 
2022-04-01 06:05:25,481 - processing completed: 285_105
2022-04-01 06:05:25,486 - processing started: 287_106 
2022-04-01 06:05:25,678 - processing completed: 287_106
2022-04-01 06:05:25,686 - processing started: 289_107 
2022-04-01 06:05:25,792 - processing completed: 289_107
2022-04-01 06:05:25,799 - processing started: 291_107 
2022-04-01 06:05:25,967 - processing completed: 291_107
2022-04-01 06:05:25,972 - processing started: 293_108 
2022-04-01 06:05:26,066 - processing completed: 293_108
2022-04-01 06:05:26,070 - processing started: 295_109 
2022-04-01 06:05:26,222 - processing completed: 295_109
2022-04-01 06:05:26,228 - processing started: 297_110 
2022-04-01 06:05:26,328 - processing completed: 297_110
2022-04-01 06:05:26,335 - processing started: 299_110 
2022-04-01 06:05:26,502 - processing completed: 299_110
2022-04-01 06:05:26,507 - processing started: 301_111 
2022-04-01 06:05:26,679 - processing completed: 301_111
2022-04-01 06:05:26,684 - processing started: 303_112 
2022-04-01 06:05:26,784 - processing completed: 303_112
2022-04-01 06:05:26,789 - processing started: 305_113 
2022-04-01 06:05:26,949 - processing completed: 305_113
2022-04-01 06:05:26,954 - processing started: 307_114 
2022-04-01 06:05:27,095 - processing completed: 307_114
2022-04-01 06:05:27,099 - processing started: 309_115 
2022-04-01 06:05:27,319 - processing completed: 309_115
2022-04-01 06:05:27,325 - processing started: 311_116 
2022-04-01 06:05:27,499 - processing completed: 311_116
2022-04-01 06:05:27,507 - processing started: 313_117 
2022-04-01 06:05:27,738 - processing completed: 313_117
2022-04-01 06:05:27,745 - processing started: 315_117 
2022-04-01 06:05:27,888 - processing completed: 315_117
2022-04-01 06:05:27,893 - processing started: 317_118 
2022-04-01 06:05:28,102 - processing completed: 317_118
2022-04-01 06:05:28,111 - processing started: 319_119 
2022-04-01 06:05:28,260 - processing completed: 319_119
2022-04-01 06:05:28,266 - processing started: 321_120 
2022-04-01 06:05:28,451 - processing completed: 321_120
2022-04-01 06:05:28,456 - processing started: 323_120 
2022-04-01 06:05:28,564 - processing completed: 323_120
2022-04-01 06:05:28,569 - processing started: 325_121 
2022-04-01 06:05:28,775 - processing completed: 325_121
2022-04-01 06:05:28,782 - processing started: 327_122 
2022-04-01 06:05:28,927 - processing completed: 327_122
2022-04-01 06:05:28,931 - processing started: 329_123 
2022-04-01 06:05:29,135 - processing completed: 329_123
2022-04-01 06:05:29,141 - processing started: 331_124 
2022-04-01 06:05:29,381 - processing completed: 331_124
2022-04-01 06:05:29,388 - processing started: 333_124 
2022-04-01 06:05:29,533 - processing completed: 333_124
2022-04-01 06:05:29,541 - processing started: 335_124 
2022-04-01 06:05:29,763 - processing completed: 335_124
2022-04-01 06:05:29,772 - processing started: 337_124 
2022-04-01 06:05:29,913 - processing completed: 337_124
2022-04-01 06:05:29,920 - processing started: 339_124 
2022-04-01 06:05:30,116 - processing completed: 339_124
2022-04-01 06:05:30,122 - processing started: 341_125 
2022-04-01 06:05:30,256 - processing completed: 341_125
2022-04-01 06:05:30,262 - processing started: 343_126 
2022-04-01 06:05:30,471 - processing completed: 343_126
2022-04-01 06:05:30,478 - processing started: 345_127 
2022-04-01 06:05:30,611 - processing completed: 345_127
2022-04-01 06:05:30,618 - processing started: 347_128 
2022-04-01 06:05:30,820 - processing completed: 347_128
2022-04-01 06:05:30,825 - processing started: 349_129 
2022-04-01 06:05:30,963 - processing completed: 349_129
2022-04-01 06:05:30,968 - processing started: 351_129 
2022-04-01 06:05:31,173 - processing completed: 351_129
2022-04-01 06:05:31,178 - processing started: 353_130 
2022-04-01 06:05:31,312 - processing completed: 353_130
2022-04-01 06:05:31,317 - processing started: 355_131 
2022-04-01 06:05:31,566 - processing completed: 355_131
2022-04-01 06:05:31,573 - processing started: 357_132 
2022-04-01 06:05:31,731 - processing completed: 357_132
2022-04-01 06:05:31,738 - processing started: 359_133 
2022-04-01 06:05:31,957 - processing completed: 359_133
2022-04-01 06:05:31,963 - processing started: 361_134 
2022-04-01 06:05:32,175 - processing completed: 361_134
2022-04-01 06:05:32,182 - processing started: 363_134 
2022-04-01 06:05:32,310 - processing completed: 363_134
2022-04-01 06:05:32,315 - processing started: 365_135 
2022-04-01 06:05:32,507 - processing completed: 365_135
2022-04-01 06:05:32,513 - processing started: 367_135 
2022-04-01 06:05:32,643 - processing completed: 367_135
2022-04-01 06:05:32,649 - processing started: 369_136 
2022-04-01 06:05:32,849 - processing completed: 369_136
2022-04-01 06:05:32,853 - processing started: 371_137 
2022-04-01 06:05:32,980 - processing completed: 371_137
2022-04-01 06:05:32,985 - processing started: 373_138 
2022-04-01 06:05:33,181 - processing completed: 373_138
2022-04-01 06:05:33,187 - processing started: 375_139 
2022-04-01 06:05:33,334 - processing completed: 375_139
2022-04-01 06:05:33,339 - processing started: 377_140 
2022-04-01 06:05:33,546 - processing completed: 377_140
2022-04-01 06:05:33,551 - processing started: 379_141 
2022-04-01 06:05:33,695 - processing completed: 379_141
2022-04-01 06:05:33,700 - processing started: 381_142 
2022-04-01 06:05:33,904 - processing completed: 381_142
2022-04-01 06:05:33,909 - processing started: 383_143 
2022-04-01 06:05:34,047 - processing completed: 383_143
2022-04-01 06:05:34,055 - processing started: 385_144 
2022-04-01 06:05:34,261 - processing completed: 385_144
2022-04-01 06:05:34,269 - processing started: 387_144 
2022-04-01 06:05:34,397 - processing completed: 387_144
2022-04-01 06:05:34,401 - processing started: 389_145 
2022-04-01 06:05:34,590 - processing completed: 389_145
2022-04-01 06:05:34,595 - processing started: 391_145 
2022-04-01 06:05:34,799 - processing completed: 391_145
2022-04-01 06:05:34,805 - processing started: 393_146 
2022-04-01 06:05:34,936 - processing completed: 393_146
2022-04-01 06:05:34,942 - processing started: 395_147 
2022-04-01 06:05:35,136 - processing completed: 395_147
2022-04-01 06:05:35,143 - processing started: 397_147 
2022-04-01 06:05:35,273 - processing completed: 397_147
2022-04-01 06:05:35,279 - processing started: 399_148 
2022-04-01 06:05:35,478 - processing completed: 399_148
2022-04-01 06:05:35,484 - processing started: 401_149 
2022-04-01 06:05:35,638 - processing completed: 401_149
2022-04-01 06:05:35,645 - processing started: 403_149 
2022-04-01 06:05:35,856 - processing completed: 403_149
2022-04-01 06:05:35,863 - processing started: 405_150 
2022-04-01 06:05:36,005 - processing completed: 405_150
2022-04-01 06:05:36,010 - processing started: 407_151 
2022-04-01 06:05:36,233 - processing completed: 407_151
2022-04-01 06:05:36,239 - processing started: 409_152 
2022-04-01 06:05:36,378 - processing completed: 409_152
2022-04-01 06:05:36,383 - processing started: 411_153 
2022-04-01 06:05:36,602 - processing completed: 411_153
2022-04-01 06:05:36,606 - processing started: 413_154 
2022-04-01 06:05:36,736 - processing completed: 413_154
2022-04-01 06:05:36,741 - processing started: 415_155 
2022-04-01 06:05:36,944 - processing completed: 415_155
2022-04-01 06:05:36,950 - processing started: 417_156 
2022-04-01 06:05:37,084 - processing completed: 417_156
2022-04-01 06:05:37,089 - processing started: 419_156 
2022-04-01 06:05:37,291 - processing completed: 419_156
2022-04-01 06:05:37,297 - processing started: 421_157 
2022-04-01 06:05:37,503 - processing completed: 421_157
2022-04-01 06:05:37,508 - processing started: 423_158 
2022-04-01 06:05:37,647 - processing completed: 423_158
2022-04-01 06:05:37,655 - processing started: 425_159 
2022-04-01 06:05:37,870 - processing completed: 425_159
2022-04-01 06:05:37,877 - processing started: 427_159 
2022-04-01 06:05:38,027 - processing completed: 427_159
2022-04-01 06:05:38,034 - processing started: 429_160 
2022-04-01 06:05:38,232 - processing completed: 429_160
2022-04-01 06:05:38,237 - processing started: 431_161 
2022-04-01 06:05:38,384 - processing completed: 431_161
2022-04-01 06:05:38,390 - processing started: 433_162 
2022-04-01 06:05:38,595 - processing completed: 433_162
2022-04-01 06:05:38,599 - processing started: 435_163 
2022-04-01 06:05:38,726 - processing completed: 435_163
2022-04-01 06:05:38,732 - processing started: 437_164 
2022-04-01 06:05:38,921 - processing completed: 437_164
2022-04-01 06:05:38,927 - processing started: 439_164 
2022-04-01 06:05:39,068 - processing completed: 439_164
2022-04-01 06:05:39,073 - processing started: 441_165 
2022-04-01 06:05:39,264 - processing completed: 441_165
2022-04-01 06:05:39,270 - processing started: 443_166 
2022-04-01 06:05:39,401 - processing completed: 443_166
2022-04-01 06:05:39,406 - processing started: 445_167 
2022-04-01 06:05:39,607 - processing completed: 445_167
2022-04-01 06:05:39,614 - processing started: 447_167 
2022-04-01 06:05:39,815 - processing completed: 447_167
2022-04-01 06:05:39,820 - processing started: 449_168 
2022-04-01 06:05:39,968 - processing completed: 449_168
2022-04-01 06:05:39,974 - processing started: 451_168 
2022-04-01 06:05:40,203 - processing completed: 451_168
2022-04-01 06:05:40,208 - processing started: 453_169 
2022-04-01 06:05:40,338 - processing completed: 453_169
2022-04-01 06:05:40,343 - processing started: 455_170 
2022-04-01 06:05:40,555 - processing completed: 455_170
2022-04-01 06:05:40,560 - processing started: 457_171 
2022-04-01 06:05:40,703 - processing completed: 457_171
2022-04-01 06:05:40,708 - processing started: 459_172 
2022-04-01 06:05:40,903 - processing completed: 459_172
2022-04-01 06:05:40,909 - processing started: 461_173 
2022-04-01 06:05:41,038 - processing completed: 461_173
2022-04-01 06:05:41,043 - processing started: 463_173 
2022-04-01 06:05:41,261 - processing completed: 463_173
2022-04-01 06:05:41,267 - processing started: 465_174 
2022-04-01 06:05:41,398 - processing completed: 465_174
2022-04-01 06:05:41,403 - processing started: 467_174 
2022-04-01 06:05:41,606 - processing completed: 467_174
2022-04-01 06:05:41,611 - processing started: 469_175 
2022-04-01 06:05:41,744 - processing completed: 469_175
2022-04-01 06:05:41,750 - processing started: 471_176 
2022-04-01 06:05:41,948 - processing completed: 471_176
2022-04-01 06:05:41,954 - processing started: 473_177 
2022-04-01 06:05:42,111 - processing completed: 473_177
2022-04-01 06:05:42,117 - processing started: 475_178 
2022-04-01 06:05:42,361 - processing completed: 475_178
2022-04-01 06:05:42,367 - processing started: 477_179 
2022-04-01 06:05:42,571 - processing completed: 477_179
2022-04-01 06:05:42,576 - processing started: 479_180 
2022-04-01 06:05:42,712 - processing completed: 479_180
2022-04-01 06:05:42,718 - processing started: 481_180 
2022-04-01 06:05:42,920 - processing completed: 481_180
2022-04-01 06:05:42,926 - processing started: 483_181 
2022-04-01 06:05:43,056 - processing completed: 483_181
2022-04-01 06:05:43,061 - processing started: 485_182 
2022-04-01 06:05:43,249 - processing completed: 485_182
2022-04-01 06:05:43,254 - processing started: 487_182 
2022-04-01 06:05:43,384 - processing completed: 487_182
2022-04-01 06:05:43,390 - processing started: 489_183 
2022-04-01 06:05:43,597 - processing completed: 489_183
2022-04-01 06:05:43,602 - processing started: 491_183 
2022-04-01 06:05:43,731 - processing completed: 491_183
2022-04-01 06:05:43,736 - processing started: 493_184 
2022-04-01 06:05:43,935 - processing completed: 493_184
2022-04-01 06:05:43,940 - processing started: 495_185 
2022-04-01 06:05:44,077 - processing completed: 495_185
2022-04-01 06:05:44,083 - processing started: 497_186 
2022-04-01 06:05:44,302 - processing completed: 497_186
2022-04-01 06:05:44,309 - processing started: 499_187 
2022-04-01 06:05:44,471 - processing completed: 499_187
2022-04-01 06:05:44,476 - processing started: 501_188 
2022-04-01 06:05:44,681 - processing completed: 501_188
2022-04-01 06:05:44,687 - processing started: 503_188 
2022-04-01 06:05:44,836 - processing completed: 503_188
2022-04-01 06:05:44,841 - processing started: 505_189 
2022-04-01 06:05:45,022 - processing completed: 505_189
2022-04-01 06:05:45,026 - processing started: 507_190 
2022-04-01 06:05:45,232 - processing completed: 507_190
2022-04-01 06:05:45,239 - processing started: 509_191 
2022-04-01 06:05:45,366 - processing completed: 509_191
2022-04-01 06:05:45,371 - processing started: 511_192 
2022-04-01 06:05:45,592 - processing completed: 511_192
2022-04-01 06:05:45,597 - processing started: 513_192 
2022-04-01 06:05:45,725 - processing completed: 513_192
2022-04-01 06:05:45,729 - processing started: 515_193 
2022-04-01 06:05:45,924 - processing completed: 515_193
2022-04-01 06:05:45,930 - processing started: 517_194 
2022-04-01 06:05:46,067 - processing completed: 517_194
2022-04-01 06:05:46,073 - processing started: 519_195 
2022-04-01 06:05:46,275 - processing completed: 519_195
2022-04-01 06:05:46,280 - processing started: 521_196 
2022-04-01 06:05:46,438 - processing completed: 521_196
2022-04-01 06:05:46,444 - processing started: 523_196 
2022-04-01 06:05:46,667 - processing completed: 523_196
2022-04-01 06:05:46,673 - processing started: 525_196 
2022-04-01 06:05:46,812 - processing completed: 525_196
2022-04-01 06:05:46,818 - processing started: 527_197 
2022-04-01 06:05:47,031 - processing completed: 527_197
2022-04-01 06:05:47,037 - processing started: 529_197 
2022-04-01 06:05:47,173 - processing completed: 529_197
2022-04-01 06:05:47,179 - processing started: 531_197 
2022-04-01 06:05:47,373 - processing completed: 531_197
2022-04-01 06:05:47,378 - processing started: 533_198 
2022-04-01 06:05:47,508 - processing completed: 533_198
2022-04-01 06:05:47,512 - processing started: 535_199 
2022-04-01 06:05:47,761 - processing completed: 535_199
2022-04-01 06:05:47,766 - processing started: 537_200 
2022-04-01 06:05:47,999 - processing completed: 537_200
2022-04-01 06:05:48,006 - processing started: 539_201 
2022-04-01 06:05:48,140 - processing completed: 539_201
2022-04-01 06:05:48,145 - processing started: 541_202 
2022-04-01 06:05:48,347 - processing completed: 541_202
2022-04-01 06:05:48,353 - processing started: 543_203 
2022-04-01 06:05:48,501 - processing completed: 543_203
2022-04-01 06:05:48,510 - processing started: 545_204 
2022-04-01 06:05:48,749 - processing completed: 545_204
2022-04-01 06:05:48,756 - processing started: 547_205 
2022-04-01 06:05:48,895 - processing completed: 547_205
2022-04-01 06:05:48,900 - processing started: 549_206 
2022-04-01 06:05:49,106 - processing completed: 549_206
2022-04-01 06:05:49,112 - processing started: 551_207 
2022-04-01 06:05:49,255 - processing completed: 551_207
2022-04-01 06:05:49,262 - processing started: 553_207 
2022-04-01 06:05:49,464 - processing completed: 553_207
2022-04-01 06:05:49,471 - processing started: 555_208 
2022-04-01 06:05:49,597 - processing completed: 555_208
2022-04-01 06:05:49,603 - processing started: 557_209 
2022-04-01 06:05:49,794 - processing completed: 557_209
2022-04-01 06:05:49,799 - processing started: 559_210 
2022-04-01 06:05:49,925 - processing completed: 559_210
2022-04-01 06:05:49,931 - processing started: 561_211 
2022-04-01 06:05:50,125 - processing completed: 561_211
2022-04-01 06:05:50,130 - processing started: 563_212 
2022-04-01 06:05:50,258 - processing completed: 563_212
2022-04-01 06:05:50,264 - processing started: 565_213 
2022-04-01 06:05:50,466 - processing completed: 565_213
2022-04-01 06:05:50,473 - processing started: 567_214 
2022-04-01 06:05:50,686 - processing completed: 567_214
2022-04-01 06:05:50,692 - processing started: 569_214 
2022-04-01 06:05:50,847 - processing completed: 569_214
2022-04-01 06:05:50,854 - processing started: 571_215 
2022-04-01 06:05:51,068 - processing completed: 571_215
2022-04-01 06:05:51,073 - processing started: 573_216 
2022-04-01 06:05:51,212 - processing completed: 573_216
2022-04-01 06:05:51,217 - processing started: 575_217 
2022-04-01 06:05:51,436 - processing completed: 575_217
2022-04-01 06:05:51,442 - processing started: 577_218 
2022-04-01 06:05:51,581 - processing completed: 577_218
2022-04-01 06:05:51,587 - processing started: 579_219 
2022-04-01 06:05:51,783 - processing completed: 579_219
2022-04-01 06:05:51,790 - processing started: 581_220 
2022-04-01 06:05:51,928 - processing completed: 581_220
2022-04-01 06:05:51,934 - processing started: 583_220 
2022-04-01 06:05:52,133 - processing completed: 583_220
2022-04-01 06:05:52,138 - processing started: 585_221 
2022-04-01 06:05:52,271 - processing completed: 585_221
2022-04-01 06:05:52,276 - processing started: 587_222 
2022-04-01 06:05:52,472 - processing completed: 587_222
2022-04-01 06:05:52,477 - processing started: 589_222 
2022-04-01 06:05:52,608 - processing completed: 589_222
2022-04-01 06:05:52,613 - processing started: 591_223 
2022-04-01 06:05:52,784 - processing completed: 591_223
2022-04-01 06:05:52,788 - processing started: 593_223 
2022-04-01 06:05:52,898 - processing completed: 593_223
2022-04-01 06:05:52,904 - processing started: 595_224 
2022-04-01 06:05:53,193 - processing completed: 595_224
2022-04-01 06:05:53,199 - processing started: 597_225 
2022-04-01 06:05:53,376 - processing completed: 597_225
2022-04-01 06:05:53,381 - processing started: 599_225 
2022-04-01 06:05:53,556 - processing completed: 599_225
2022-04-01 06:05:53,562 - processing started: 601_225 
2022-04-01 06:05:53,757 - processing completed: 601_225
2022-04-01 06:05:53,762 - processing started: 603_226 
2022-04-01 06:05:53,872 - processing completed: 603_226
2022-04-01 06:05:53,877 - processing started: 605_227 
2022-04-01 06:05:54,070 - processing completed: 605_227
2022-04-01 06:05:54,076 - processing started: 607_227 
2022-04-01 06:05:54,216 - processing completed: 607_227
2022-04-01 06:05:54,221 - processing started: 609_227 
2022-04-01 06:05:54,400 - processing completed: 609_227
2022-04-01 06:05:54,405 - processing started: 611_227 
2022-04-01 06:05:54,581 - processing completed: 611_227
2022-04-01 06:05:54,587 - processing started: 613_227 
2022-04-01 06:05:54,776 - processing completed: 613_227
2022-04-01 06:05:54,780 - processing started: 615_228 
2022-04-01 06:05:54,894 - processing completed: 615_228
2022-04-01 06:05:54,900 - processing started: 617_229 
2022-04-01 06:05:55,072 - processing completed: 617_229
2022-04-01 06:05:55,077 - processing started: 619_230 
2022-04-01 06:05:55,215 - processing completed: 619_230
2022-04-01 06:05:55,222 - processing started: 621_230 
2022-04-01 06:05:55,409 - processing completed: 621_230
2022-04-01 06:05:55,414 - processing started: 623_231 
2022-04-01 06:05:55,546 - processing completed: 623_231
2022-04-01 06:05:55,550 - processing started: 625_232 
2022-04-01 06:05:55,741 - processing completed: 625_232
2022-04-01 06:05:55,745 - processing started: 627_232 
2022-04-01 06:05:55,926 - processing completed: 627_232
2022-04-01 06:05:55,931 - processing started: 629_232 
2022-04-01 06:05:56,035 - processing completed: 629_232
2022-04-01 06:05:56,040 - processing started: 631_233 
2022-04-01 06:05:56,225 - processing completed: 631_233
2022-04-01 06:05:56,229 - processing started: 633_234 
2022-04-01 06:05:56,345 - processing completed: 633_234
2022-04-01 06:05:56,351 - processing started: 635_234 
2022-04-01 06:05:56,535 - processing completed: 635_234
2022-04-01 06:05:56,540 - processing started: 637_234 
2022-04-01 06:05:56,648 - processing completed: 637_234
2022-04-01 06:05:56,652 - processing started: 639_235 
2022-04-01 06:05:56,869 - processing completed: 639_235
2022-04-01 06:05:56,876 - processing started: 641_236 
2022-04-01 06:05:57,012 - processing completed: 641_236
2022-04-01 06:05:57,018 - processing started: 643_237 
2022-04-01 06:05:57,273 - processing completed: 643_237
2022-04-01 06:05:57,279 - processing started: 645_238 
2022-04-01 06:05:57,427 - processing completed: 645_238
2022-04-01 06:05:57,432 - processing started: 647_239 
2022-04-01 06:05:57,656 - processing completed: 647_239
2022-04-01 06:05:57,661 - processing started: 649_240 
2022-04-01 06:05:57,809 - processing completed: 649_240
2022-04-01 06:05:57,816 - processing started: 651_240 
2022-04-01 06:05:58,020 - processing completed: 651_240
2022-04-01 06:05:58,026 - processing started: 653_241 
2022-04-01 06:05:58,169 - processing completed: 653_241
2022-04-01 06:05:58,174 - processing started: 655_242 
2022-04-01 06:05:58,405 - processing completed: 655_242
2022-04-01 06:05:58,411 - processing started: 657_242 
2022-04-01 06:05:58,627 - processing completed: 657_242
2022-04-01 06:05:58,635 - processing started: 659_243 
2022-04-01 06:05:58,775 - processing completed: 659_243
2022-04-01 06:05:58,781 - processing started: 661_244 
2022-04-01 06:05:58,949 - processing completed: 661_244
2022-04-01 06:05:58,955 - processing started: 663_244 
2022-04-01 06:05:59,052 - processing completed: 663_244
2022-04-01 06:05:59,057 - processing started: 665_245 
2022-04-01 06:05:59,249 - processing completed: 665_245
2022-04-01 06:05:59,255 - processing started: 667_246 
2022-04-01 06:05:59,352 - processing completed: 667_246
2022-04-01 06:05:59,356 - processing started: 669_247 
2022-04-01 06:05:59,529 - processing completed: 669_247
2022-04-01 06:05:59,534 - processing started: 671_248 
2022-04-01 06:05:59,624 - processing completed: 671_248
2022-04-01 06:05:59,629 - processing started: 673_249 
2022-04-01 06:05:59,807 - processing completed: 673_249
2022-04-01 06:05:59,811 - processing started: 675_250 
2022-04-01 06:05:59,901 - processing completed: 675_250
2022-04-01 06:05:59,906 - processing started: 677_251 
2022-04-01 06:06:00,071 - processing completed: 677_251
2022-04-01 06:06:00,076 - processing started: 679_251 
2022-04-01 06:06:00,169 - processing completed: 679_251
2022-04-01 06:06:00,174 - processing started: 681_252 
2022-04-01 06:06:00,340 - processing completed: 681_252
2022-04-01 06:06:00,345 - processing started: 683_252 
2022-04-01 06:06:00,436 - processing completed: 683_252
2022-04-01 06:06:00,440 - processing started: 685_253 
2022-04-01 06:06:00,625 - processing completed: 685_253
2022-04-01 06:06:00,629 - processing started: 687_254 
2022-04-01 06:06:00,811 - processing completed: 687_254
2022-04-01 06:06:00,816 - processing started: 689_255 
2022-04-01 06:06:00,930 - processing completed: 689_255
2022-04-01 06:06:00,934 - processing started: 691_256 
2022-04-01 06:06:01,127 - processing completed: 691_256
2022-04-01 06:06:01,132 - processing started: 693_257 
2022-04-01 06:06:01,253 - processing completed: 693_257
2022-04-01 06:06:01,258 - processing started: 695_257 
2022-04-01 06:06:01,507 - processing completed: 695_257
2022-04-01 06:06:01,512 - processing started: 697_258 
2022-04-01 06:06:01,646 - processing completed: 697_258
2022-04-01 06:06:01,650 - processing started: 699_259 
2022-04-01 06:06:01,841 - processing completed: 699_259
2022-04-01 06:06:01,846 - processing started: 701_260 
2022-04-01 06:06:01,965 - processing completed: 701_260
2022-04-01 06:06:01,970 - processing started: 703_260 
2022-04-01 06:06:02,173 - processing completed: 703_260
2022-04-01 06:06:02,178 - processing started: 705_261 
2022-04-01 06:06:02,319 - processing completed: 705_261
2022-04-01 06:06:02,324 - processing started: 707_262 
2022-04-01 06:06:02,510 - processing completed: 707_262
2022-04-01 06:06:02,515 - processing started: 709_262 
2022-04-01 06:06:02,647 - processing completed: 709_262
2022-04-01 06:06:02,652 - processing started: 711_263 
2022-04-01 06:06:02,853 - processing completed: 711_263
2022-04-01 06:06:02,858 - processing started: 713_264 
2022-04-01 06:06:03,047 - processing completed: 713_264
2022-04-01 06:06:03,051 - processing started: 715_265 
2022-04-01 06:06:03,165 - processing completed: 715_265
2022-04-01 06:06:03,170 - processing started: 717_265 
2022-04-01 06:06:03,400 - processing completed: 717_265
2022-04-01 06:06:03,405 - processing started: 719_266 
2022-04-01 06:06:03,529 - processing completed: 719_266
2022-04-01 06:06:03,534 - processing started: 721_267 
2022-04-01 06:06:03,750 - processing completed: 721_267
2022-04-01 06:06:03,754 - processing started: 723_267 
2022-04-01 06:06:03,885 - processing completed: 723_267
2022-04-01 06:06:03,889 - processing started: 725_267 
2022-04-01 06:06:04,078 - processing completed: 725_267
2022-04-01 06:06:04,082 - processing started: 727_268 
2022-04-01 06:06:04,202 - processing completed: 727_268
2022-04-01 06:06:04,207 - processing started: 729_268 
2022-04-01 06:06:04,395 - processing completed: 729_268
2022-04-01 06:06:04,401 - processing started: 731_268 
2022-04-01 06:06:04,518 - processing completed: 731_268
2022-04-01 06:06:04,523 - processing started: 733_268 
2022-04-01 06:06:04,709 - processing completed: 733_268
2022-04-01 06:06:04,714 - processing started: 735_269 
2022-04-01 06:06:04,829 - processing completed: 735_269
2022-04-01 06:06:04,834 - processing started: 737_269 
2022-04-01 06:06:05,023 - processing completed: 737_269
2022-04-01 06:06:05,030 - processing started: 739_270 
2022-04-01 06:06:05,161 - processing completed: 739_270
2022-04-01 06:06:05,166 - processing started: 741_271 
2022-04-01 06:06:05,382 - processing completed: 741_271
2022-04-01 06:06:05,387 - processing started: 743_272 
2022-04-01 06:06:05,589 - processing completed: 743_272
2022-04-01 06:06:05,594 - processing started: 745_273 
2022-04-01 06:06:05,715 - processing completed: 745_273
2022-04-01 06:06:05,720 - processing started: 747_274 
2022-04-01 06:06:05,910 - processing completed: 747_274
2022-04-01 06:06:05,914 - processing started: 749_274 
2022-04-01 06:06:06,018 - processing completed: 749_274
2022-04-01 06:06:06,023 - processing started: 751_275 
2022-04-01 06:06:06,204 - processing completed: 751_275
2022-04-01 06:06:06,208 - processing started: 753_275 
2022-04-01 06:06:06,332 - processing completed: 753_275
2022-04-01 06:06:06,339 - processing started: 755_276 
2022-04-01 06:06:06,527 - processing completed: 755_276
2022-04-01 06:06:06,532 - processing started: 757_276 
2022-04-01 06:06:06,641 - processing completed: 757_276
2022-04-01 06:06:06,646 - processing started: 759_277 
2022-04-01 06:06:06,835 - processing completed: 759_277
2022-04-01 06:06:06,840 - processing started: 761_278 
2022-04-01 06:06:06,963 - processing completed: 761_278
2022-04-01 06:06:06,968 - processing started: 763_279 
2022-04-01 06:06:07,183 - processing completed: 763_279
2022-04-01 06:06:07,188 - processing started: 765_280 
2022-04-01 06:06:07,286 - processing completed: 765_280
2022-04-01 06:06:07,291 - processing started: 767_280 
2022-04-01 06:06:07,475 - processing completed: 767_280
2022-04-01 06:06:07,482 - processing started: 769_281 
2022-04-01 06:06:07,583 - processing completed: 769_281
2022-04-01 06:06:07,587 - processing started: 771_282 
2022-04-01 06:06:07,761 - processing completed: 771_282
2022-04-01 06:06:07,766 - processing started: 773_283 
2022-04-01 06:06:07,944 - processing completed: 773_283
2022-04-01 06:06:07,949 - processing started: 775_284 
2022-04-01 06:06:08,045 - processing completed: 775_284
2022-04-01 06:06:08,052 - processing started: 777_285 
2022-04-01 06:06:08,230 - processing completed: 777_285
2022-04-01 06:06:08,233 - processing started: 779_286 
2022-04-01 06:06:08,420 - processing completed: 779_286
2022-04-01 06:06:08,427 - processing started: 781_287 
2022-04-01 06:06:08,592 - processing completed: 781_287
2022-04-01 06:06:08,596 - processing started: 783_288 
2022-04-01 06:06:08,685 - processing completed: 783_288
2022-04-01 06:06:08,690 - processing started: 785_289 
2022-04-01 06:06:08,850 - processing completed: 785_289
2022-04-01 06:06:08,855 - processing started: 787_290 
2022-04-01 06:06:08,963 - processing completed: 787_290
2022-04-01 06:06:08,967 - processing started: 789_290 
2022-04-01 06:06:09,179 - processing completed: 789_290
2022-04-01 06:06:09,185 - processing started: 791_291 
2022-04-01 06:06:09,288 - processing completed: 791_291
2022-04-01 06:06:09,292 - processing started: 793_292 
2022-04-01 06:06:09,471 - processing completed: 793_292
2022-04-01 06:06:09,475 - processing started: 795_292 
2022-04-01 06:06:09,566 - processing completed: 795_292
2022-04-01 06:06:09,573 - processing started: 797_293 
2022-04-01 06:06:09,708 - processing completed: 797_293
2022-04-01 06:06:09,712 - processing started: 799_294 
2022-04-01 06:06:09,774 - processing completed: 799_294
2022-04-01 06:06:09,778 - processing started: 801_295 
2022-04-01 06:06:09,943 - processing completed: 801_295
2022-04-01 06:06:09,948 - processing started: 803_296 
2022-04-01 06:06:10,134 - processing completed: 803_296
2022-04-01 06:06:10,139 - processing started: 805_297 
2022-04-01 06:06:10,344 - processing completed: 805_297
2022-04-01 06:06:10,351 - processing started: 807_298 
2022-04-01 06:06:10,531 - processing completed: 807_298
2022-04-01 06:06:10,536 - processing started: 809_298 
2022-04-01 06:06:10,642 - processing completed: 809_298
2022-04-01 06:06:10,647 - processing started: 811_299 
2022-04-01 06:06:10,833 - processing completed: 811_299
2022-04-01 06:06:10,839 - processing started: 0_0 
2022-04-01 06:06:10,841 - Closing connection (200): Normal shutdown
2022-04-01 06:06:10,841 - Closing channel (200): 'Normal shutdown' on <Channel number=1 OPEN conn=<SelectConnection OPEN transport=<pika.adapters.utils.io_services_utils._AsyncPlaintextTransport object at 0x117f79280> params=<ConnectionParameters host=localhost port=5672 virtual_host=/ ssl=False>>>
2022-04-01 06:06:10,842 - Received <Channel.CloseOk> on <Channel number=1 CLOSING conn=<SelectConnection OPEN transport=<pika.adapters.utils.io_services_utils._AsyncPlaintextTransport object at 0x117f79280> params=<ConnectionParameters host=localhost port=5672 virtual_host=/ ssl=False>>>
2022-04-01 06:06:10,842 - Closing connection (200): 'Normal shutdown'
2022-04-01 06:06:10,843 - Aborting transport connection: state=1; <socket.socket fd=22, family=AddressFamily.AF_INET, type=SocketKind.SOCK_STREAM, proto=6, laddr=('127.0.0.1', 61725), raddr=('127.0.0.1', 5672)>
2022-04-01 06:06:10,843 - _AsyncTransportBase._initate_abort(): Initiating abrupt asynchronous transport shutdown: state=1; error=None; <socket.socket fd=22, family=AddressFamily.AF_INET, type=SocketKind.SOCK_STREAM, proto=6, laddr=('127.0.0.1', 61725), raddr=('127.0.0.1', 5672)>
2022-04-01 06:06:10,843 - Deactivating transport: state=1; <socket.socket fd=22, family=AddressFamily.AF_INET, type=SocketKind.SOCK_STREAM, proto=6, laddr=('127.0.0.1', 61725), raddr=('127.0.0.1', 5672)>
2022-04-01 06:06:10,844 - AMQP stack terminated, failed to connect, or aborted: opened=True, error-arg=None; pending-error=ConnectionClosedByClient: (200) 'Normal shutdown'
2022-04-01 06:06:10,844 - Stack terminated due to ConnectionClosedByClient: (200) 'Normal shutdown'
2022-04-01 06:06:10,844 - Closing transport socket and unlinking: state=3; <socket.socket fd=22, family=AddressFamily.AF_INET, type=SocketKind.SOCK_STREAM, proto=6, laddr=('127.0.0.1', 61725), raddr=('127.0.0.1', 5672)>
2022-04-01 06:06:10,844 - User-initiated close: result=BlockingConnection__OnClosedArgs(connection=<SelectConnection CLOSED transport=None params=<ConnectionParameters host=localhost port=5672 virtual_host=/ ssl=False>>, error=ConnectionClosedByClient: (200) 'Normal shutdown')
2022-04-01 06:06:10,845 - PID 27312 completed loading and processing
