2022-04-01 01:54:04,885 - PID 58988 started loading and processing
2022-04-01 01:54:04,893 - Pika version 1.2.0 connecting to ('::1', 5672, 0, 0)
2022-04-01 01:54:04,894 - Socket failed to connect: <socket.socket fd=22, family=AddressFamily.AF_INET6, type=SocketKind.SOCK_STREAM, proto=6, laddr=('::1', 59658, 0, 0)>; error=61 (Connection refused)
2022-04-01 01:54:04,894 - TCP Connection attempt failed: ConnectionRefusedError(61, 'Connection refused'); dest=(<AddressFamily.AF_INET6: 30>, <SocketKind.SOCK_STREAM: 1>, 6, '', ('::1', 5672, 0, 0))
2022-04-01 01:54:04,894 - AMQPConnector - reporting failure: AMQPConnectorSocketConnectError: ConnectionRefusedError(61, 'Connection refused')
2022-04-01 01:54:04,894 - Pika version 1.2.0 connecting to ('127.0.0.1', 5672)
2022-04-01 01:54:04,894 - Socket connected: <socket.socket fd=22, family=AddressFamily.AF_INET, type=SocketKind.SOCK_STREAM, proto=6, laddr=('127.0.0.1', 59660), raddr=('127.0.0.1', 5672)>
2022-04-01 01:54:04,895 - Streaming transport linked up: (<pika.adapters.utils.io_services_utils._AsyncPlaintextTransport object at 0x122570280>, _StreamingProtocolShim: <SelectConnection PROTOCOL transport=<pika.adapters.utils.io_services_utils._AsyncPlaintextTransport object at 0x122570280> params=<ConnectionParameters host=localhost port=5672 virtual_host=/ ssl=False>>).
2022-04-01 01:54:04,902 - AMQPConnector - reporting success: <SelectConnection OPEN transport=<pika.adapters.utils.io_services_utils._AsyncPlaintextTransport object at 0x122570280> params=<ConnectionParameters host=localhost port=5672 virtual_host=/ ssl=False>>
2022-04-01 01:54:04,902 - AMQPConnectionWorkflow - reporting success: <SelectConnection OPEN transport=<pika.adapters.utils.io_services_utils._AsyncPlaintextTransport object at 0x122570280> params=<ConnectionParameters host=localhost port=5672 virtual_host=/ ssl=False>>
2022-04-01 01:54:04,903 - Connection workflow succeeded: <SelectConnection OPEN transport=<pika.adapters.utils.io_services_utils._AsyncPlaintextTransport object at 0x122570280> params=<ConnectionParameters host=localhost port=5672 virtual_host=/ ssl=False>>
2022-04-01 01:54:04,903 - Created channel=1
2022-04-01 01:54:04,905 - Logging before start consuming
2022-04-01 01:54:06,081 - processing started: 0_000 
2022-04-01 01:54:06,298 - processing completed: 0_000
2022-04-01 01:54:06,325 - processing started: 2_000 
2022-04-01 01:54:06,555 - processing completed: 2_000
2022-04-01 01:54:06,569 - processing started: 4_001 
2022-04-01 01:54:06,780 - processing completed: 4_001
2022-04-01 01:54:06,785 - processing started: 6_002 
2022-04-01 01:54:06,932 - processing completed: 6_002
2022-04-01 01:54:06,937 - processing started: 8_003 
2022-04-01 01:54:07,173 - processing completed: 8_003
2022-04-01 01:54:07,179 - processing started: 10_004 
2022-04-01 01:54:07,352 - processing completed: 10_004
2022-04-01 01:54:07,357 - processing started: 12_005 
2022-04-01 01:54:07,594 - processing completed: 12_005
2022-04-01 01:54:07,600 - processing started: 14_005 
2022-04-01 01:54:07,771 - processing completed: 14_005
2022-04-01 01:54:07,778 - processing started: 16_006 
2022-04-01 01:54:08,009 - processing completed: 16_006
2022-04-01 01:54:08,015 - processing started: 18_007 
2022-04-01 01:54:08,178 - processing completed: 18_007
2022-04-01 01:54:08,183 - processing started: 20_008 
2022-04-01 01:54:08,400 - processing completed: 20_008
2022-04-01 01:54:08,406 - processing started: 22_009 
2022-04-01 01:54:08,605 - processing completed: 22_009
2022-04-01 01:54:08,611 - processing started: 24_009 
2022-04-01 01:54:08,871 - processing completed: 24_009
2022-04-01 01:54:08,878 - processing started: 26_010 
2022-04-01 01:54:09,070 - processing completed: 26_010
2022-04-01 01:54:09,076 - processing started: 28_011 
2022-04-01 01:54:09,355 - processing completed: 28_011
2022-04-01 01:54:09,363 - processing started: 30_012 
2022-04-01 01:54:09,456 - processing completed: 30_012
2022-04-01 01:54:09,460 - processing started: 32_013 
2022-04-01 01:54:09,693 - processing completed: 32_013
2022-04-01 01:54:09,699 - processing started: 34_014 
2022-04-01 01:54:09,896 - processing completed: 34_014
2022-04-01 01:54:09,900 - processing started: 36_014 
2022-04-01 01:54:09,994 - processing completed: 36_014
2022-04-01 01:54:09,999 - processing started: 38_015 
2022-04-01 01:54:10,158 - processing completed: 38_015
2022-04-01 01:54:10,162 - processing started: 40_015 
2022-04-01 01:54:10,257 - processing completed: 40_015
2022-04-01 01:54:10,261 - processing started: 42_015 
2022-04-01 01:54:10,425 - processing completed: 42_015
2022-04-01 01:54:10,429 - processing started: 44_016 
2022-04-01 01:54:10,526 - processing completed: 44_016
2022-04-01 01:54:10,530 - processing started: 46_017 
2022-04-01 01:54:10,709 - processing completed: 46_017
2022-04-01 01:54:10,715 - processing started: 48_018 
2022-04-01 01:54:10,826 - processing completed: 48_018
2022-04-01 01:54:10,831 - processing started: 50_019 
2022-04-01 01:54:11,018 - processing completed: 50_019
2022-04-01 01:54:11,022 - processing started: 52_020 
2022-04-01 01:54:11,123 - processing completed: 52_020
2022-04-01 01:54:11,128 - processing started: 54_021 
2022-04-01 01:54:11,322 - processing completed: 54_021
2022-04-01 01:54:11,328 - processing started: 56_022 
2022-04-01 01:54:11,484 - processing completed: 56_022
2022-04-01 01:54:11,489 - processing started: 58_022 
2022-04-01 01:54:11,708 - processing completed: 58_022
2022-04-01 01:54:11,714 - processing started: 60_023 
2022-04-01 01:54:11,814 - processing completed: 60_023
2022-04-01 01:54:11,817 - processing started: 62_023 
2022-04-01 01:54:11,981 - processing completed: 62_023
2022-04-01 01:54:11,985 - processing started: 64_024 
2022-04-01 01:54:12,142 - processing completed: 64_024
2022-04-01 01:54:12,146 - processing started: 66_025 
2022-04-01 01:54:12,250 - processing completed: 66_025
2022-04-01 01:54:12,254 - processing started: 68_026 
2022-04-01 01:54:12,422 - processing completed: 68_026
2022-04-01 01:54:12,425 - processing started: 70_027 
2022-04-01 01:54:12,529 - processing completed: 70_027
2022-04-01 01:54:12,533 - processing started: 72_028 
2022-04-01 01:54:12,695 - processing completed: 72_028
2022-04-01 01:54:12,700 - processing started: 74_028 
2022-04-01 01:54:12,813 - processing completed: 74_028
2022-04-01 01:54:12,817 - processing started: 76_029 
2022-04-01 01:54:12,998 - processing completed: 76_029
2022-04-01 01:54:13,003 - processing started: 78_030 
2022-04-01 01:54:13,113 - processing completed: 78_030
2022-04-01 01:54:13,118 - processing started: 80_031 
2022-04-01 01:54:13,299 - processing completed: 80_031
2022-04-01 01:54:13,303 - processing started: 82_031 
2022-04-01 01:54:13,419 - processing completed: 82_031
2022-04-01 01:54:13,423 - processing started: 84_032 
2022-04-01 01:54:13,651 - processing completed: 84_032
2022-04-01 01:54:13,656 - processing started: 86_032 
2022-04-01 01:54:13,816 - processing completed: 86_032
2022-04-01 01:54:13,821 - processing started: 88_033 
2022-04-01 01:54:14,005 - processing completed: 88_033
2022-04-01 01:54:14,009 - processing started: 90_033 
2022-04-01 01:54:14,126 - processing completed: 90_033
2022-04-01 01:54:14,131 - processing started: 92_033 
2022-04-01 01:54:14,304 - processing completed: 92_033
2022-04-01 01:54:14,309 - processing started: 94_034 
2022-04-01 01:54:14,522 - processing completed: 94_034
2022-04-01 01:54:14,527 - processing started: 96_035 
2022-04-01 01:54:14,644 - processing completed: 96_035
2022-04-01 01:54:14,650 - processing started: 98_035 
2022-04-01 01:54:14,842 - processing completed: 98_035
2022-04-01 01:54:14,846 - processing started: 100_036 
2022-04-01 01:54:14,960 - processing completed: 100_036
2022-04-01 01:54:14,965 - processing started: 102_037 
2022-04-01 01:54:15,154 - processing completed: 102_037
2022-04-01 01:54:15,159 - processing started: 104_038 
2022-04-01 01:54:15,274 - processing completed: 104_038
2022-04-01 01:54:15,278 - processing started: 106_039 
2022-04-01 01:54:15,464 - processing completed: 106_039
2022-04-01 01:54:15,468 - processing started: 108_039 
2022-04-01 01:54:15,587 - processing completed: 108_039
2022-04-01 01:54:15,591 - processing started: 110_040 
2022-04-01 01:54:15,778 - processing completed: 110_040
2022-04-01 01:54:15,782 - processing started: 112_040 
2022-04-01 01:54:15,896 - processing completed: 112_040
2022-04-01 01:54:15,900 - processing started: 114_040 
2022-04-01 01:54:16,083 - processing completed: 114_040
2022-04-01 01:54:16,087 - processing started: 116_041 
2022-04-01 01:54:16,243 - processing completed: 116_041
2022-04-01 01:54:16,249 - processing started: 118_042 
2022-04-01 01:54:16,441 - processing completed: 118_042
2022-04-01 01:54:16,446 - processing started: 120_042 
2022-04-01 01:54:16,561 - processing completed: 120_042
2022-04-01 01:54:16,566 - processing started: 122_043 
2022-04-01 01:54:16,738 - processing completed: 122_043
2022-04-01 01:54:16,743 - processing started: 124_044 
2022-04-01 01:54:16,920 - processing completed: 124_044
2022-04-01 01:54:16,924 - processing started: 126_044 
2022-04-01 01:54:17,028 - processing completed: 126_044
2022-04-01 01:54:17,033 - processing started: 128_045 
2022-04-01 01:54:17,210 - processing completed: 128_045
2022-04-01 01:54:17,214 - processing started: 130_046 
2022-04-01 01:54:17,326 - processing completed: 130_046
2022-04-01 01:54:17,330 - processing started: 132_047 
2022-04-01 01:54:17,518 - processing completed: 132_047
2022-04-01 01:54:17,523 - processing started: 134_048 
2022-04-01 01:54:17,632 - processing completed: 134_048
2022-04-01 01:54:17,635 - processing started: 136_048 
2022-04-01 01:54:17,808 - processing completed: 136_048
2022-04-01 01:54:17,812 - processing started: 138_049 
2022-04-01 01:54:17,955 - processing completed: 138_049
2022-04-01 01:54:17,960 - processing started: 140_050 
2022-04-01 01:54:18,142 - processing completed: 140_050
2022-04-01 01:54:18,146 - processing started: 142_050 
2022-04-01 01:54:18,254 - processing completed: 142_050
2022-04-01 01:54:18,259 - processing started: 144_051 
2022-04-01 01:54:18,435 - processing completed: 144_051
2022-04-01 01:54:18,440 - processing started: 146_051 
2022-04-01 01:54:18,548 - processing completed: 146_051
2022-04-01 01:54:18,551 - processing started: 148_052 
2022-04-01 01:54:18,724 - processing completed: 148_052
2022-04-01 01:54:18,728 - processing started: 150_053 
2022-04-01 01:54:18,836 - processing completed: 150_053
2022-04-01 01:54:18,841 - processing started: 152_054 
2022-04-01 01:54:19,005 - processing completed: 152_054
2022-04-01 01:54:19,010 - processing started: 154_055 
2022-04-01 01:54:19,197 - processing completed: 154_055
2022-04-01 01:54:19,202 - processing started: 156_056 
2022-04-01 01:54:19,314 - processing completed: 156_056
2022-04-01 01:54:19,317 - processing started: 158_057 
2022-04-01 01:54:19,494 - processing completed: 158_057
2022-04-01 01:54:19,499 - processing started: 160_058 
2022-04-01 01:54:19,705 - processing completed: 160_058
2022-04-01 01:54:19,711 - processing started: 162_058 
2022-04-01 01:54:19,952 - processing completed: 162_058
2022-04-01 01:54:19,958 - processing started: 164_059 
2022-04-01 01:54:20,062 - processing completed: 164_059
2022-04-01 01:54:20,066 - processing started: 166_060 
2022-04-01 01:54:20,222 - processing completed: 166_060
2022-04-01 01:54:20,227 - processing started: 168_061 
2022-04-01 01:54:20,332 - processing completed: 168_061
2022-04-01 01:54:20,336 - processing started: 170_062 
2022-04-01 01:54:20,500 - processing completed: 170_062
2022-04-01 01:54:20,504 - processing started: 172_062 
2022-04-01 01:54:20,609 - processing completed: 172_062
2022-04-01 01:54:20,614 - processing started: 174_063 
2022-04-01 01:54:20,875 - processing completed: 174_063
2022-04-01 01:54:20,881 - processing started: 176_064 
2022-04-01 01:54:21,077 - processing completed: 176_064
2022-04-01 01:54:21,083 - processing started: 178_064 
2022-04-01 01:54:21,368 - processing completed: 178_064
2022-04-01 01:54:21,377 - processing started: 180_065 
2022-04-01 01:54:21,649 - processing completed: 180_065
2022-04-01 01:54:21,656 - processing started: 182_066 
2022-04-01 01:54:21,865 - processing completed: 182_066
2022-04-01 01:54:21,872 - processing started: 184_066 
2022-04-01 01:54:22,141 - processing completed: 184_066
2022-04-01 01:54:22,147 - processing started: 186_066 
2022-04-01 01:54:22,350 - processing completed: 186_066
2022-04-01 01:54:22,356 - processing started: 188_067 
2022-04-01 01:54:22,470 - processing completed: 188_067
2022-04-01 01:54:22,473 - processing started: 190_067 
2022-04-01 01:54:22,620 - processing completed: 190_067
2022-04-01 01:54:22,624 - processing started: 192_067 
2022-04-01 01:54:22,925 - processing completed: 192_067
2022-04-01 01:54:22,933 - processing started: 194_068 
2022-04-01 01:54:23,083 - processing completed: 194_068
2022-04-01 01:54:23,089 - processing started: 196_069 
2022-04-01 01:54:23,305 - processing completed: 196_069
2022-04-01 01:54:23,311 - processing started: 198_069 
2022-04-01 01:54:23,455 - processing completed: 198_069
2022-04-01 01:54:23,460 - processing started: 200_070 
2022-04-01 01:54:23,571 - processing completed: 200_070
2022-04-01 01:54:23,574 - processing started: 202_071 
2022-04-01 01:54:23,785 - processing completed: 202_071
2022-04-01 01:54:23,792 - processing started: 204_072 
2022-04-01 01:54:24,063 - processing completed: 204_072
2022-04-01 01:54:24,069 - processing started: 206_072 
2022-04-01 01:54:24,279 - processing completed: 206_072
2022-04-01 01:54:24,286 - processing started: 208_073 
2022-04-01 01:54:24,563 - processing completed: 208_073
2022-04-01 01:54:24,571 - processing started: 210_074 
2022-04-01 01:54:24,877 - processing completed: 210_074
2022-04-01 01:54:24,885 - processing started: 212_075 
2022-04-01 01:54:25,097 - processing completed: 212_075
2022-04-01 01:54:25,103 - processing started: 214_076 
2022-04-01 01:54:25,368 - processing completed: 214_076
2022-04-01 01:54:25,375 - processing started: 216_077 
2022-04-01 01:54:25,581 - processing completed: 216_077
2022-04-01 01:54:25,586 - processing started: 218_078 
2022-04-01 01:54:25,853 - processing completed: 218_078
2022-04-01 01:54:25,859 - processing started: 220_079 
2022-04-01 01:54:26,070 - processing completed: 220_079
2022-04-01 01:54:26,076 - processing started: 222_079 
2022-04-01 01:54:26,372 - processing completed: 222_079
2022-04-01 01:54:26,381 - processing started: 224_080 
2022-04-01 01:54:26,481 - processing completed: 224_080
2022-04-01 01:54:26,485 - processing started: 226_081 
2022-04-01 01:54:26,687 - processing completed: 226_081
2022-04-01 01:54:26,692 - processing started: 228_081 
2022-04-01 01:54:26,819 - processing completed: 228_081
2022-04-01 01:54:26,824 - processing started: 230_081 
2022-04-01 01:54:27,014 - processing completed: 230_081
2022-04-01 01:54:27,019 - processing started: 232_082 
2022-04-01 01:54:27,149 - processing completed: 232_082
2022-04-01 01:54:27,155 - processing started: 234_082 
2022-04-01 01:54:27,343 - processing completed: 234_082
2022-04-01 01:54:27,347 - processing started: 236_083 
2022-04-01 01:54:27,475 - processing completed: 236_083
2022-04-01 01:54:27,479 - processing started: 238_084 
2022-04-01 01:54:27,674 - processing completed: 238_084
2022-04-01 01:54:27,680 - processing started: 240_085 
2022-04-01 01:54:27,878 - processing completed: 240_085
2022-04-01 01:54:27,884 - processing started: 242_086 
2022-04-01 01:54:28,045 - processing completed: 242_086
2022-04-01 01:54:28,051 - processing started: 244_087 
2022-04-01 01:54:28,264 - processing completed: 244_087
2022-04-01 01:54:28,270 - processing started: 246_088 
2022-04-01 01:54:28,400 - processing completed: 246_088
2022-04-01 01:54:28,404 - processing started: 248_088 
2022-04-01 01:54:28,592 - processing completed: 248_088
2022-04-01 01:54:28,596 - processing started: 250_089 
2022-04-01 01:54:28,673 - processing completed: 250_089
2022-04-01 01:54:28,676 - processing started: 252_090 
2022-04-01 01:54:28,818 - processing completed: 252_090
2022-04-01 01:54:28,822 - processing started: 254_091 
2022-04-01 01:54:28,900 - processing completed: 254_091
2022-04-01 01:54:28,905 - processing started: 256_092 
2022-04-01 01:54:29,050 - processing completed: 256_092
2022-04-01 01:54:29,054 - processing started: 258_093 
2022-04-01 01:54:29,151 - processing completed: 258_093
2022-04-01 01:54:29,158 - processing started: 260_094 
2022-04-01 01:54:29,325 - processing completed: 260_094
2022-04-01 01:54:29,329 - processing started: 262_094 
2022-04-01 01:54:29,425 - processing completed: 262_094
2022-04-01 01:54:29,430 - processing started: 264_095 
2022-04-01 01:54:29,619 - processing completed: 264_095
2022-04-01 01:54:29,625 - processing started: 266_096 
2022-04-01 01:54:29,730 - processing completed: 266_096
2022-04-01 01:54:29,735 - processing started: 268_097 
2022-04-01 01:54:29,907 - processing completed: 268_097
2022-04-01 01:54:29,911 - processing started: 270_098 
2022-04-01 01:54:30,076 - processing completed: 270_098
2022-04-01 01:54:30,081 - processing started: 272_099 
2022-04-01 01:54:30,164 - processing completed: 272_099
2022-04-01 01:54:30,168 - processing started: 274_100 
2022-04-01 01:54:30,364 - processing completed: 274_100
2022-04-01 01:54:30,370 - processing started: 276_101 
2022-04-01 01:54:30,464 - processing completed: 276_101
2022-04-01 01:54:30,469 - processing started: 278_102 
2022-04-01 01:54:30,623 - processing completed: 278_102
2022-04-01 01:54:30,626 - processing started: 280_103 
2022-04-01 01:54:30,704 - processing completed: 280_103
2022-04-01 01:54:30,709 - processing started: 282_103 
2022-04-01 01:54:30,865 - processing completed: 282_103
2022-04-01 01:54:30,869 - processing started: 284_104 
2022-04-01 01:54:30,952 - processing completed: 284_104
2022-04-01 01:54:30,956 - processing started: 286_105 
2022-04-01 01:54:31,106 - processing completed: 286_105
2022-04-01 01:54:31,110 - processing started: 288_106 
2022-04-01 01:54:31,191 - processing completed: 288_106
2022-04-01 01:54:31,196 - processing started: 290_107 
2022-04-01 01:54:31,374 - processing completed: 290_107
2022-04-01 01:54:31,379 - processing started: 292_108 
2022-04-01 01:54:31,469 - processing completed: 292_108
2022-04-01 01:54:31,473 - processing started: 294_108 
2022-04-01 01:54:31,628 - processing completed: 294_108
2022-04-01 01:54:31,632 - processing started: 296_109 
2022-04-01 01:54:31,713 - processing completed: 296_109
2022-04-01 01:54:31,717 - processing started: 298_110 
2022-04-01 01:54:31,864 - processing completed: 298_110
2022-04-01 01:54:31,869 - processing started: 300_111 
2022-04-01 01:54:32,013 - processing completed: 300_111
2022-04-01 01:54:32,017 - processing started: 302_112 
2022-04-01 01:54:32,098 - processing completed: 302_112
2022-04-01 01:54:32,102 - processing started: 304_113 
2022-04-01 01:54:32,247 - processing completed: 304_113
2022-04-01 01:54:32,251 - processing started: 306_114 
2022-04-01 01:54:32,376 - processing completed: 306_114
2022-04-01 01:54:32,381 - processing started: 308_115 
2022-04-01 01:54:32,568 - processing completed: 308_115
2022-04-01 01:54:32,575 - processing started: 310_116 
2022-04-01 01:54:32,700 - processing completed: 310_116
2022-04-01 01:54:32,704 - processing started: 312_117 
2022-04-01 01:54:32,891 - processing completed: 312_117
2022-04-01 01:54:32,896 - processing started: 314_117 
2022-04-01 01:54:33,034 - processing completed: 314_117
2022-04-01 01:54:33,039 - processing started: 316_118 
2022-04-01 01:54:33,254 - processing completed: 316_118
2022-04-01 01:54:33,261 - processing started: 318_119 
2022-04-01 01:54:33,389 - processing completed: 318_119
2022-04-01 01:54:33,394 - processing started: 320_120 
2022-04-01 01:54:33,554 - processing completed: 320_120
2022-04-01 01:54:33,559 - processing started: 322_120 
2022-04-01 01:54:33,677 - processing completed: 322_120
2022-04-01 01:54:33,681 - processing started: 324_121 
2022-04-01 01:54:33,867 - processing completed: 324_121
2022-04-01 01:54:33,873 - processing started: 326_122 
2022-04-01 01:54:34,003 - processing completed: 326_122
2022-04-01 01:54:34,008 - processing started: 328_123 
2022-04-01 01:54:34,194 - processing completed: 328_123
2022-04-01 01:54:34,200 - processing started: 330_123 
2022-04-01 01:54:34,394 - processing completed: 330_123
2022-04-01 01:54:34,399 - processing started: 332_124 
2022-04-01 01:54:34,524 - processing completed: 332_124
2022-04-01 01:54:34,529 - processing started: 334_124 
2022-04-01 01:54:34,756 - processing completed: 334_124
2022-04-01 01:54:34,763 - processing started: 336_124 
2022-04-01 01:54:34,900 - processing completed: 336_124
2022-04-01 01:54:34,906 - processing started: 338_124 
2022-04-01 01:54:35,100 - processing completed: 338_124
2022-04-01 01:54:35,105 - processing started: 340_125 
2022-04-01 01:54:35,232 - processing completed: 340_125
2022-04-01 01:54:35,237 - processing started: 342_126 
2022-04-01 01:54:35,422 - processing completed: 342_126
2022-04-01 01:54:35,426 - processing started: 344_126 
2022-04-01 01:54:35,555 - processing completed: 344_126
2022-04-01 01:54:35,559 - processing started: 346_127 
2022-04-01 01:54:35,750 - processing completed: 346_127
2022-04-01 01:54:35,756 - processing started: 348_128 
2022-04-01 01:54:35,886 - processing completed: 348_128
2022-04-01 01:54:35,891 - processing started: 350_129 
2022-04-01 01:54:36,083 - processing completed: 350_129
2022-04-01 01:54:36,088 - processing started: 352_130 
2022-04-01 01:54:36,214 - processing completed: 352_130
2022-04-01 01:54:36,219 - processing started: 354_131 
2022-04-01 01:54:36,412 - processing completed: 354_131
2022-04-01 01:54:36,418 - processing started: 356_132 
2022-04-01 01:54:36,567 - processing completed: 356_132
2022-04-01 01:54:36,572 - processing started: 358_133 
2022-04-01 01:54:36,770 - processing completed: 358_133
2022-04-01 01:54:36,776 - processing started: 360_134 
2022-04-01 01:54:36,972 - processing completed: 360_134
2022-04-01 01:54:36,977 - processing started: 362_134 
2022-04-01 01:54:37,104 - processing completed: 362_134
2022-04-01 01:54:37,109 - processing started: 364_134 
2022-04-01 01:54:37,295 - processing completed: 364_134
2022-04-01 01:54:37,301 - processing started: 366_135 
2022-04-01 01:54:37,426 - processing completed: 366_135
2022-04-01 01:54:37,431 - processing started: 368_136 
2022-04-01 01:54:37,619 - processing completed: 368_136
2022-04-01 01:54:37,624 - processing started: 370_137 
2022-04-01 01:54:37,755 - processing completed: 370_137
2022-04-01 01:54:37,759 - processing started: 372_138 
2022-04-01 01:54:37,948 - processing completed: 372_138
2022-04-01 01:54:37,953 - processing started: 374_139 
2022-04-01 01:54:38,080 - processing completed: 374_139
2022-04-01 01:54:38,085 - processing started: 376_140 
2022-04-01 01:54:38,308 - processing completed: 376_140
2022-04-01 01:54:38,315 - processing started: 378_140 
2022-04-01 01:54:38,447 - processing completed: 378_140
2022-04-01 01:54:38,452 - processing started: 380_141 
2022-04-01 01:54:38,641 - processing completed: 380_141
2022-04-01 01:54:38,646 - processing started: 382_142 
2022-04-01 01:54:38,774 - processing completed: 382_142
2022-04-01 01:54:38,779 - processing started: 384_143 
2022-04-01 01:54:38,965 - processing completed: 384_143
2022-04-01 01:54:38,969 - processing started: 386_144 
2022-04-01 01:54:39,099 - processing completed: 386_144
2022-04-01 01:54:39,103 - processing started: 388_145 
2022-04-01 01:54:39,291 - processing completed: 388_145
2022-04-01 01:54:39,296 - processing started: 390_145 
2022-04-01 01:54:39,482 - processing completed: 390_145
2022-04-01 01:54:39,487 - processing started: 392_145 
2022-04-01 01:54:39,611 - processing completed: 392_145
2022-04-01 01:54:39,617 - processing started: 394_146 
2022-04-01 01:54:39,802 - processing completed: 394_146
2022-04-01 01:54:39,807 - processing started: 396_147 
2022-04-01 01:54:39,947 - processing completed: 396_147
2022-04-01 01:54:39,954 - processing started: 398_147 
2022-04-01 01:54:40,175 - processing completed: 398_147
2022-04-01 01:54:40,182 - processing started: 400_148 
2022-04-01 01:54:40,312 - processing completed: 400_148
2022-04-01 01:54:40,316 - processing started: 402_149 
2022-04-01 01:54:40,503 - processing completed: 402_149
2022-04-01 01:54:40,508 - processing started: 404_149 
2022-04-01 01:54:40,631 - processing completed: 404_149
2022-04-01 01:54:40,635 - processing started: 406_150 
2022-04-01 01:54:40,824 - processing completed: 406_150
2022-04-01 01:54:40,828 - processing started: 408_151 
2022-04-01 01:54:40,954 - processing completed: 408_151
2022-04-01 01:54:40,958 - processing started: 410_152 
2022-04-01 01:54:41,143 - processing completed: 410_152
2022-04-01 01:54:41,148 - processing started: 412_153 
2022-04-01 01:54:41,286 - processing completed: 412_153
2022-04-01 01:54:41,291 - processing started: 414_154 
2022-04-01 01:54:41,477 - processing completed: 414_154
2022-04-01 01:54:41,482 - processing started: 416_155 
2022-04-01 01:54:41,620 - processing completed: 416_155
2022-04-01 01:54:41,625 - processing started: 418_156 
2022-04-01 01:54:41,834 - processing completed: 418_156
2022-04-01 01:54:41,839 - processing started: 420_157 
2022-04-01 01:54:42,036 - processing completed: 420_157
2022-04-01 01:54:42,041 - processing started: 422_157 
2022-04-01 01:54:42,164 - processing completed: 422_157
2022-04-01 01:54:42,170 - processing started: 424_158 
2022-04-01 01:54:42,359 - processing completed: 424_158
2022-04-01 01:54:42,363 - processing started: 426_159 
2022-04-01 01:54:42,493 - processing completed: 426_159
2022-04-01 01:54:42,498 - processing started: 428_160 
2022-04-01 01:54:42,682 - processing completed: 428_160
2022-04-01 01:54:42,688 - processing started: 430_160 
2022-04-01 01:54:42,814 - processing completed: 430_160
2022-04-01 01:54:42,820 - processing started: 432_161 
2022-04-01 01:54:43,004 - processing completed: 432_161
2022-04-01 01:54:43,010 - processing started: 434_162 
2022-04-01 01:54:43,134 - processing completed: 434_162
2022-04-01 01:54:43,138 - processing started: 436_163 
2022-04-01 01:54:43,340 - processing completed: 436_163
2022-04-01 01:54:43,345 - processing started: 438_164 
2022-04-01 01:54:43,503 - processing completed: 438_164
2022-04-01 01:54:43,508 - processing started: 440_165 
2022-04-01 01:54:43,702 - processing completed: 440_165
2022-04-01 01:54:43,708 - processing started: 442_166 
2022-04-01 01:54:43,836 - processing completed: 442_166
2022-04-01 01:54:43,841 - processing started: 444_167 
2022-04-01 01:54:44,026 - processing completed: 444_167
2022-04-01 01:54:44,032 - processing started: 446_167 
2022-04-01 01:54:44,230 - processing completed: 446_167
2022-04-01 01:54:44,234 - processing started: 448_168 
2022-04-01 01:54:44,358 - processing completed: 448_168
2022-04-01 01:54:44,363 - processing started: 450_168 
2022-04-01 01:54:44,555 - processing completed: 450_168
2022-04-01 01:54:44,560 - processing started: 452_169 
2022-04-01 01:54:44,686 - processing completed: 452_169
2022-04-01 01:54:44,691 - processing started: 454_170 
2022-04-01 01:54:44,879 - processing completed: 454_170
2022-04-01 01:54:44,884 - processing started: 456_171 
2022-04-01 01:54:45,012 - processing completed: 456_171
2022-04-01 01:54:45,017 - processing started: 458_171 
2022-04-01 01:54:45,240 - processing completed: 458_171
2022-04-01 01:54:45,246 - processing started: 460_172 
2022-04-01 01:54:45,375 - processing completed: 460_172
2022-04-01 01:54:45,379 - processing started: 462_173 
2022-04-01 01:54:45,572 - processing completed: 462_173
2022-04-01 01:54:45,578 - processing started: 464_174 
2022-04-01 01:54:45,704 - processing completed: 464_174
2022-04-01 01:54:45,709 - processing started: 466_174 
2022-04-01 01:54:45,893 - processing completed: 466_174
2022-04-01 01:54:45,898 - processing started: 468_175 
2022-04-01 01:54:46,023 - processing completed: 468_175
2022-04-01 01:54:46,029 - processing started: 470_176 
2022-04-01 01:54:46,212 - processing completed: 470_176
2022-04-01 01:54:46,217 - processing started: 472_177 
2022-04-01 01:54:46,344 - processing completed: 472_177
2022-04-01 01:54:46,349 - processing started: 474_178 
2022-04-01 01:54:46,533 - processing completed: 474_178
2022-04-01 01:54:46,538 - processing started: 476_178 
2022-04-01 01:54:46,735 - processing completed: 476_178
2022-04-01 01:54:46,740 - processing started: 478_179 
2022-04-01 01:54:46,895 - processing completed: 478_179
2022-04-01 01:54:46,900 - processing started: 480_180 
2022-04-01 01:54:47,096 - processing completed: 480_180
2022-04-01 01:54:47,102 - processing started: 482_180 
2022-04-01 01:54:47,229 - processing completed: 482_180
2022-04-01 01:54:47,233 - processing started: 484_181 
2022-04-01 01:54:47,423 - processing completed: 484_181
2022-04-01 01:54:47,428 - processing started: 486_182 
2022-04-01 01:54:47,551 - processing completed: 486_182
2022-04-01 01:54:47,557 - processing started: 488_183 
2022-04-01 01:54:47,748 - processing completed: 488_183
2022-04-01 01:54:47,753 - processing started: 490_183 
2022-04-01 01:54:47,879 - processing completed: 490_183
2022-04-01 01:54:47,884 - processing started: 492_184 
2022-04-01 01:54:48,083 - processing completed: 492_184
2022-04-01 01:54:48,088 - processing started: 494_184 
2022-04-01 01:54:48,214 - processing completed: 494_184
2022-04-01 01:54:48,220 - processing started: 496_185 
2022-04-01 01:54:48,408 - processing completed: 496_185
2022-04-01 01:54:48,413 - processing started: 498_186 
2022-04-01 01:54:48,538 - processing completed: 498_186
2022-04-01 01:54:48,543 - processing started: 500_187 
2022-04-01 01:54:48,763 - processing completed: 500_187
2022-04-01 01:54:48,768 - processing started: 502_188 
2022-04-01 01:54:48,907 - processing completed: 502_188
2022-04-01 01:54:48,914 - processing started: 504_188 
2022-04-01 01:54:49,110 - processing completed: 504_188
2022-04-01 01:54:49,116 - processing started: 506_189 
2022-04-01 01:54:49,281 - processing completed: 506_189
2022-04-01 01:54:49,285 - processing started: 508_190 
2022-04-01 01:54:49,409 - processing completed: 508_190
2022-04-01 01:54:49,415 - processing started: 510_191 
2022-04-01 01:54:49,601 - processing completed: 510_191
2022-04-01 01:54:49,606 - processing started: 512_192 
2022-04-01 01:54:49,730 - processing completed: 512_192
2022-04-01 01:54:49,735 - processing started: 514_192 
2022-04-01 01:54:49,949 - processing completed: 514_192
2022-04-01 01:54:49,953 - processing started: 516_193 
2022-04-01 01:54:50,077 - processing completed: 516_193
2022-04-01 01:54:50,082 - processing started: 518_194 
2022-04-01 01:54:50,275 - processing completed: 518_194
2022-04-01 01:54:50,283 - processing started: 520_195 
2022-04-01 01:54:50,424 - processing completed: 520_195
2022-04-01 01:54:50,429 - processing started: 522_196 
2022-04-01 01:54:50,627 - processing completed: 522_196
2022-04-01 01:54:50,633 - processing started: 524_196 
2022-04-01 01:54:50,762 - processing completed: 524_196
2022-04-01 01:54:50,767 - processing started: 526_196 
2022-04-01 01:54:50,959 - processing completed: 526_196
2022-04-01 01:54:50,965 - processing started: 528_197 
2022-04-01 01:54:51,094 - processing completed: 528_197
2022-04-01 01:54:51,099 - processing started: 530_197 
2022-04-01 01:54:51,292 - processing completed: 530_197
2022-04-01 01:54:51,297 - processing started: 532_198 
2022-04-01 01:54:51,424 - processing completed: 532_198
2022-04-01 01:54:51,429 - processing started: 534_199 
2022-04-01 01:54:51,619 - processing completed: 534_199
2022-04-01 01:54:51,624 - processing started: 536_200 
2022-04-01 01:54:51,822 - processing completed: 536_200
2022-04-01 01:54:51,827 - processing started: 538_201 
2022-04-01 01:54:51,957 - processing completed: 538_201
2022-04-01 01:54:51,963 - processing started: 540_202 
2022-04-01 01:54:52,210 - processing completed: 540_202
2022-04-01 01:54:52,216 - processing started: 542_203 
2022-04-01 01:54:52,351 - processing completed: 542_203
2022-04-01 01:54:52,356 - processing started: 544_204 
2022-04-01 01:54:52,550 - processing completed: 544_204
2022-04-01 01:54:52,556 - processing started: 546_205 
2022-04-01 01:54:52,685 - processing completed: 546_205
2022-04-01 01:54:52,690 - processing started: 548_206 
2022-04-01 01:54:52,879 - processing completed: 548_206
2022-04-01 01:54:52,884 - processing started: 550_207 
2022-04-01 01:54:53,016 - processing completed: 550_207
2022-04-01 01:54:53,020 - processing started: 552_207 
2022-04-01 01:54:53,212 - processing completed: 552_207
2022-04-01 01:54:53,218 - processing started: 554_208 
2022-04-01 01:54:53,350 - processing completed: 554_208
2022-04-01 01:54:53,355 - processing started: 556_209 
2022-04-01 01:54:53,544 - processing completed: 556_209
2022-04-01 01:54:53,549 - processing started: 558_210 
2022-04-01 01:54:53,680 - processing completed: 558_210
2022-04-01 01:54:53,685 - processing started: 560_211 
2022-04-01 01:54:53,903 - processing completed: 560_211
2022-04-01 01:54:53,911 - processing started: 562_212 
2022-04-01 01:54:54,059 - processing completed: 562_212
2022-04-01 01:54:54,065 - processing started: 564_213 
2022-04-01 01:54:54,268 - processing completed: 564_213
2022-04-01 01:54:54,274 - processing started: 566_214 
2022-04-01 01:54:54,468 - processing completed: 566_214
2022-04-01 01:54:54,473 - processing started: 568_214 
2022-04-01 01:54:54,602 - processing completed: 568_214
2022-04-01 01:54:54,608 - processing started: 570_214 
2022-04-01 01:54:54,805 - processing completed: 570_214
2022-04-01 01:54:54,810 - processing started: 572_215 
2022-04-01 01:54:54,937 - processing completed: 572_215
2022-04-01 01:54:54,943 - processing started: 574_216 
2022-04-01 01:54:55,142 - processing completed: 574_216
2022-04-01 01:54:55,147 - processing started: 576_217 
2022-04-01 01:54:55,275 - processing completed: 576_217
2022-04-01 01:54:55,281 - processing started: 578_218 
2022-04-01 01:54:55,482 - processing completed: 578_218
2022-04-01 01:54:55,488 - processing started: 580_219 
2022-04-01 01:54:55,631 - processing completed: 580_219
2022-04-01 01:54:55,637 - processing started: 582_220 
2022-04-01 01:54:55,848 - processing completed: 582_220
2022-04-01 01:54:55,854 - processing started: 584_221 
2022-04-01 01:54:55,982 - processing completed: 584_221
2022-04-01 01:54:55,988 - processing started: 586_221 
2022-04-01 01:54:56,176 - processing completed: 586_221
2022-04-01 01:54:56,181 - processing started: 588_222 
2022-04-01 01:54:56,304 - processing completed: 588_222
2022-04-01 01:54:56,310 - processing started: 590_222 
2022-04-01 01:54:56,499 - processing completed: 590_222
2022-04-01 01:54:56,504 - processing started: 592_223 
2022-04-01 01:54:56,601 - processing completed: 592_223
2022-04-01 01:54:56,606 - processing started: 594_224 
2022-04-01 01:54:56,819 - processing completed: 594_224
2022-04-01 01:54:56,824 - processing started: 596_224 
2022-04-01 01:54:57,033 - processing completed: 596_224
2022-04-01 01:54:57,038 - processing started: 598_225 
2022-04-01 01:54:57,138 - processing completed: 598_225
2022-04-01 01:54:57,142 - processing started: 600_225 
2022-04-01 01:54:57,331 - processing completed: 600_225
2022-04-01 01:54:57,335 - processing started: 602_226 
2022-04-01 01:54:57,444 - processing completed: 602_226
2022-04-01 01:54:57,448 - processing started: 604_226 
2022-04-01 01:54:57,634 - processing completed: 604_226
2022-04-01 01:54:57,638 - processing started: 606_227 
2022-04-01 01:54:57,769 - processing completed: 606_227
2022-04-01 01:54:57,774 - processing started: 608_227 
2022-04-01 01:54:57,969 - processing completed: 608_227
2022-04-01 01:54:57,974 - processing started: 610_227 
2022-04-01 01:54:58,082 - processing completed: 610_227
2022-04-01 01:54:58,086 - processing started: 612_227 
2022-04-01 01:54:58,323 - processing completed: 612_227
2022-04-01 01:54:58,328 - processing started: 614_227 
2022-04-01 01:54:58,433 - processing completed: 614_227
2022-04-01 01:54:58,437 - processing started: 616_228 
2022-04-01 01:54:58,608 - processing completed: 616_228
2022-04-01 01:54:58,611 - processing started: 618_229 
2022-04-01 01:54:58,717 - processing completed: 618_229
2022-04-01 01:54:58,721 - processing started: 620_230 
2022-04-01 01:54:58,883 - processing completed: 620_230
2022-04-01 01:54:58,887 - processing started: 622_230 
2022-04-01 01:54:59,040 - processing completed: 622_230
2022-04-01 01:54:59,045 - processing started: 624_231 
2022-04-01 01:54:59,230 - processing completed: 624_231
2022-04-01 01:54:59,235 - processing started: 626_232 
2022-04-01 01:54:59,404 - processing completed: 626_232
2022-04-01 01:54:59,408 - processing started: 628_232 
2022-04-01 01:54:59,508 - processing completed: 628_232
2022-04-01 01:54:59,512 - processing started: 630_232 
2022-04-01 01:54:59,683 - processing completed: 630_232
2022-04-01 01:54:59,688 - processing started: 632_233 
2022-04-01 01:54:59,788 - processing completed: 632_233
2022-04-01 01:54:59,791 - processing started: 634_234 
2022-04-01 01:54:59,956 - processing completed: 634_234
2022-04-01 01:54:59,960 - processing started: 636_234 
2022-04-01 01:55:00,060 - processing completed: 636_234
2022-04-01 01:55:00,064 - processing started: 638_235 
2022-04-01 01:55:00,260 - processing completed: 638_235
2022-04-01 01:55:00,265 - processing started: 640_236 
2022-04-01 01:55:00,394 - processing completed: 640_236
2022-04-01 01:55:00,398 - processing started: 642_236 
2022-04-01 01:55:00,592 - processing completed: 642_236
2022-04-01 01:55:00,597 - processing started: 644_237 
2022-04-01 01:55:00,751 - processing completed: 644_237
2022-04-01 01:55:00,756 - processing started: 646_238 
2022-04-01 01:55:00,976 - processing completed: 646_238
2022-04-01 01:55:00,981 - processing started: 648_239 
2022-04-01 01:55:01,113 - processing completed: 648_239
2022-04-01 01:55:01,118 - processing started: 650_240 
2022-04-01 01:55:01,315 - processing completed: 650_240
2022-04-01 01:55:01,320 - processing started: 652_240 
2022-04-01 01:55:01,448 - processing completed: 652_240
2022-04-01 01:55:01,452 - processing started: 654_241 
2022-04-01 01:55:01,649 - processing completed: 654_241
2022-04-01 01:55:01,654 - processing started: 656_242 
2022-04-01 01:55:01,858 - processing completed: 656_242
2022-04-01 01:55:01,863 - processing started: 658_243 
2022-04-01 01:55:01,992 - processing completed: 658_243
2022-04-01 01:55:01,997 - processing started: 660_243 
2022-04-01 01:55:02,194 - processing completed: 660_243
2022-04-01 01:55:02,198 - processing started: 662_244 
2022-04-01 01:55:02,285 - processing completed: 662_244
2022-04-01 01:55:02,289 - processing started: 664_245 
2022-04-01 01:55:02,433 - processing completed: 664_245
2022-04-01 01:55:02,437 - processing started: 666_246 
2022-04-01 01:55:02,539 - processing completed: 666_246
2022-04-01 01:55:02,543 - processing started: 668_247 
2022-04-01 01:55:02,703 - processing completed: 668_247
2022-04-01 01:55:02,707 - processing started: 670_248 
2022-04-01 01:55:02,790 - processing completed: 670_248
2022-04-01 01:55:02,793 - processing started: 672_248 
2022-04-01 01:55:02,941 - processing completed: 672_248
2022-04-01 01:55:02,946 - processing started: 674_249 
2022-04-01 01:55:03,033 - processing completed: 674_249
2022-04-01 01:55:03,038 - processing started: 676_250 
2022-04-01 01:55:03,179 - processing completed: 676_250
2022-04-01 01:55:03,183 - processing started: 678_251 
2022-04-01 01:55:03,265 - processing completed: 678_251
2022-04-01 01:55:03,269 - processing started: 680_252 
2022-04-01 01:55:03,412 - processing completed: 680_252
2022-04-01 01:55:03,417 - processing started: 682_252 
2022-04-01 01:55:03,494 - processing completed: 682_252
2022-04-01 01:55:03,498 - processing started: 684_253 
2022-04-01 01:55:03,654 - processing completed: 684_253
2022-04-01 01:55:03,659 - processing started: 686_254 
2022-04-01 01:55:03,829 - processing completed: 686_254
2022-04-01 01:55:03,833 - processing started: 688_255 
2022-04-01 01:55:03,941 - processing completed: 688_255
2022-04-01 01:55:03,946 - processing started: 690_256 
2022-04-01 01:55:04,160 - processing completed: 690_256
2022-04-01 01:55:04,165 - processing started: 692_257 
2022-04-01 01:55:04,293 - processing completed: 692_257
2022-04-01 01:55:04,298 - processing started: 694_257 
2022-04-01 01:55:04,481 - processing completed: 694_257
2022-04-01 01:55:04,486 - processing started: 696_258 
2022-04-01 01:55:04,597 - processing completed: 696_258
2022-04-01 01:55:04,601 - processing started: 698_258 
2022-04-01 01:55:04,779 - processing completed: 698_258
2022-04-01 01:55:04,784 - processing started: 700_259 
2022-04-01 01:55:04,881 - processing completed: 700_259
2022-04-01 01:55:04,885 - processing started: 702_260 
2022-04-01 01:55:05,068 - processing completed: 702_260
2022-04-01 01:55:05,072 - processing started: 704_261 
2022-04-01 01:55:05,191 - processing completed: 704_261
2022-04-01 01:55:05,196 - processing started: 706_261 
2022-04-01 01:55:05,383 - processing completed: 706_261
2022-04-01 01:55:05,387 - processing started: 708_262 
2022-04-01 01:55:05,491 - processing completed: 708_262
2022-04-01 01:55:05,495 - processing started: 710_263 
2022-04-01 01:55:05,665 - processing completed: 710_263
2022-04-01 01:55:05,670 - processing started: 712_264 
2022-04-01 01:55:05,838 - processing completed: 712_264
2022-04-01 01:55:05,843 - processing started: 714_264 
2022-04-01 01:55:05,970 - processing completed: 714_264
2022-04-01 01:55:05,976 - processing started: 716_265 
2022-04-01 01:55:06,165 - processing completed: 716_265
2022-04-01 01:55:06,170 - processing started: 718_266 
2022-04-01 01:55:06,277 - processing completed: 718_266
2022-04-01 01:55:06,283 - processing started: 720_267 
2022-04-01 01:55:06,457 - processing completed: 720_267
2022-04-01 01:55:06,461 - processing started: 722_267 
2022-04-01 01:55:06,563 - processing completed: 722_267
2022-04-01 01:55:06,567 - processing started: 724_267 
2022-04-01 01:55:06,733 - processing completed: 724_267
2022-04-01 01:55:06,738 - processing started: 726_268 
2022-04-01 01:55:06,845 - processing completed: 726_268
2022-04-01 01:55:06,850 - processing started: 728_268 
2022-04-01 01:55:07,023 - processing completed: 728_268
2022-04-01 01:55:07,028 - processing started: 730_268 
2022-04-01 01:55:07,130 - processing completed: 730_268
2022-04-01 01:55:07,135 - processing started: 732_268 
2022-04-01 01:55:07,303 - processing completed: 732_268
2022-04-01 01:55:07,307 - processing started: 734_268 
2022-04-01 01:55:07,410 - processing completed: 734_268
2022-04-01 01:55:07,415 - processing started: 736_269 
2022-04-01 01:55:07,583 - processing completed: 736_269
2022-04-01 01:55:07,588 - processing started: 738_270 
2022-04-01 01:55:07,727 - processing completed: 738_270
2022-04-01 01:55:07,732 - processing started: 740_271 
2022-04-01 01:55:07,930 - processing completed: 740_271
2022-04-01 01:55:07,935 - processing started: 742_272 
2022-04-01 01:55:08,101 - processing completed: 742_272
2022-04-01 01:55:08,105 - processing started: 744_272 
2022-04-01 01:55:08,204 - processing completed: 744_272
2022-04-01 01:55:08,209 - processing started: 746_273 
2022-04-01 01:55:08,384 - processing completed: 746_273
2022-04-01 01:55:08,390 - processing started: 748_274 
2022-04-01 01:55:08,487 - processing completed: 748_274
2022-04-01 01:55:08,491 - processing started: 750_274 
2022-04-01 01:55:08,654 - processing completed: 750_274
2022-04-01 01:55:08,659 - processing started: 752_275 
2022-04-01 01:55:08,758 - processing completed: 752_275
2022-04-01 01:55:08,762 - processing started: 754_275 
2022-04-01 01:55:08,932 - processing completed: 754_275
2022-04-01 01:55:08,938 - processing started: 756_276 
2022-04-01 01:55:09,036 - processing completed: 756_276
2022-04-01 01:55:09,040 - processing started: 758_277 
2022-04-01 01:55:09,215 - processing completed: 758_277
2022-04-01 01:55:09,220 - processing started: 760_278 
2022-04-01 01:55:09,341 - processing completed: 760_278
2022-04-01 01:55:09,346 - processing started: 762_278 
2022-04-01 01:55:09,593 - processing completed: 762_278
2022-04-01 01:55:09,599 - processing started: 764_279 
2022-04-01 01:55:09,711 - processing completed: 764_279
2022-04-01 01:55:09,716 - processing started: 766_280 
2022-04-01 01:55:09,876 - processing completed: 766_280
2022-04-01 01:55:09,881 - processing started: 768_281 
2022-04-01 01:55:09,973 - processing completed: 768_281
2022-04-01 01:55:09,976 - processing started: 770_282 
2022-04-01 01:55:10,127 - processing completed: 770_282
2022-04-01 01:55:10,130 - processing started: 772_283 
2022-04-01 01:55:10,291 - processing completed: 772_283
2022-04-01 01:55:10,295 - processing started: 774_284 
2022-04-01 01:55:10,378 - processing completed: 774_284
2022-04-01 01:55:10,383 - processing started: 776_285 
2022-04-01 01:55:10,537 - processing completed: 776_285
2022-04-01 01:55:10,541 - processing started: 778_285 
2022-04-01 01:55:10,633 - processing completed: 778_285
2022-04-01 01:55:10,636 - processing started: 780_286 
2022-04-01 01:55:10,870 - processing completed: 780_286
2022-04-01 01:55:10,876 - processing started: 782_287 
2022-04-01 01:55:10,961 - processing completed: 782_287
2022-04-01 01:55:10,965 - processing started: 784_288 
2022-04-01 01:55:11,108 - processing completed: 784_288
2022-04-01 01:55:11,112 - processing started: 786_289 
2022-04-01 01:55:11,209 - processing completed: 786_289
2022-04-01 01:55:11,215 - processing started: 788_290 
2022-04-01 01:55:11,387 - processing completed: 788_290
2022-04-01 01:55:11,391 - processing started: 790_290 
2022-04-01 01:55:11,474 - processing completed: 790_290
2022-04-01 01:55:11,478 - processing started: 792_291 
2022-04-01 01:55:11,625 - processing completed: 792_291
2022-04-01 01:55:11,630 - processing started: 794_292 
2022-04-01 01:55:11,713 - processing completed: 794_292
2022-04-01 01:55:11,718 - processing started: 796_293 
2022-04-01 01:55:11,826 - processing completed: 796_293
2022-04-01 01:55:11,829 - processing started: 798_294 
2022-04-01 01:55:11,878 - processing completed: 798_294
2022-04-01 01:55:11,880 - processing started: 800_295 
2022-04-01 01:55:12,019 - processing completed: 800_295
2022-04-01 01:55:12,023 - processing started: 802_296 
2022-04-01 01:55:12,171 - processing completed: 802_296
2022-04-01 01:55:12,174 - processing started: 804_296 
2022-04-01 01:55:12,254 - processing completed: 804_296
2022-04-01 01:55:12,258 - processing started: 806_297 
2022-04-01 01:55:12,486 - processing completed: 806_297
2022-04-01 01:55:12,491 - processing started: 808_298 
2022-04-01 01:55:12,570 - processing completed: 808_298
2022-04-01 01:55:12,574 - processing started: 810_299 
2022-04-01 01:55:12,720 - processing completed: 810_299
2022-04-01 01:55:12,724 - processing started: 0_0 
2022-04-01 01:55:12,724 - Closing connection (200): Normal shutdown
2022-04-01 01:55:12,725 - Closing channel (200): 'Normal shutdown' on <Channel number=1 OPEN conn=<SelectConnection OPEN transport=<pika.adapters.utils.io_services_utils._AsyncPlaintextTransport object at 0x122570280> params=<ConnectionParameters host=localhost port=5672 virtual_host=/ ssl=False>>>
2022-04-01 01:55:12,725 - Received <Channel.CloseOk> on <Channel number=1 CLOSING conn=<SelectConnection OPEN transport=<pika.adapters.utils.io_services_utils._AsyncPlaintextTransport object at 0x122570280> params=<ConnectionParameters host=localhost port=5672 virtual_host=/ ssl=False>>>
2022-04-01 01:55:12,726 - Closing connection (200): 'Normal shutdown'
2022-04-01 01:55:12,726 - Aborting transport connection: state=1; <socket.socket fd=22, family=AddressFamily.AF_INET, type=SocketKind.SOCK_STREAM, proto=6, laddr=('127.0.0.1', 59660), raddr=('127.0.0.1', 5672)>
2022-04-01 01:55:12,726 - _AsyncTransportBase._initate_abort(): Initiating abrupt asynchronous transport shutdown: state=1; error=None; <socket.socket fd=22, family=AddressFamily.AF_INET, type=SocketKind.SOCK_STREAM, proto=6, laddr=('127.0.0.1', 59660), raddr=('127.0.0.1', 5672)>
2022-04-01 01:55:12,727 - Deactivating transport: state=1; <socket.socket fd=22, family=AddressFamily.AF_INET, type=SocketKind.SOCK_STREAM, proto=6, laddr=('127.0.0.1', 59660), raddr=('127.0.0.1', 5672)>
2022-04-01 01:55:12,727 - AMQP stack terminated, failed to connect, or aborted: opened=True, error-arg=None; pending-error=ConnectionClosedByClient: (200) 'Normal shutdown'
2022-04-01 01:55:12,727 - Stack terminated due to ConnectionClosedByClient: (200) 'Normal shutdown'
2022-04-01 01:55:12,727 - Closing transport socket and unlinking: state=3; <socket.socket fd=22, family=AddressFamily.AF_INET, type=SocketKind.SOCK_STREAM, proto=6, laddr=('127.0.0.1', 59660), raddr=('127.0.0.1', 5672)>
2022-04-01 01:55:12,727 - User-initiated close: result=BlockingConnection__OnClosedArgs(connection=<SelectConnection CLOSED transport=None params=<ConnectionParameters host=localhost port=5672 virtual_host=/ ssl=False>>, error=ConnectionClosedByClient: (200) 'Normal shutdown')
2022-04-01 01:55:12,728 - PID 58988 completed loading and processing
