2022-04-01 01:54:04,886 - PID 58987 started loading and processing
2022-04-01 01:54:04,894 - Pika version 1.2.0 connecting to ('::1', 5672, 0, 0)
2022-04-01 01:54:04,894 - Socket failed to connect: <socket.socket fd=22, family=AddressFamily.AF_INET6, type=SocketKind.SOCK_STREAM, proto=6, laddr=('::1', 59659, 0, 0)>; error=61 (Connection refused)
2022-04-01 01:54:04,895 - TCP Connection attempt failed: ConnectionRefusedError(61, 'Connection refused'); dest=(<AddressFamily.AF_INET6: 30>, <SocketKind.SOCK_STREAM: 1>, 6, '', ('::1', 5672, 0, 0))
2022-04-01 01:54:04,895 - AMQPConnector - reporting failure: AMQPConnectorSocketConnectError: ConnectionRefusedError(61, 'Connection refused')
2022-04-01 01:54:04,895 - Pika version 1.2.0 connecting to ('127.0.0.1', 5672)
2022-04-01 01:54:04,895 - Socket connected: <socket.socket fd=22, family=AddressFamily.AF_INET, type=SocketKind.SOCK_STREAM, proto=6, laddr=('127.0.0.1', 59661), raddr=('127.0.0.1', 5672)>
2022-04-01 01:54:04,896 - Streaming transport linked up: (<pika.adapters.utils.io_services_utils._AsyncPlaintextTransport object at 0x12510bd30>, _StreamingProtocolShim: <SelectConnection PROTOCOL transport=<pika.adapters.utils.io_services_utils._AsyncPlaintextTransport object at 0x12510bd30> params=<ConnectionParameters host=localhost port=5672 virtual_host=/ ssl=False>>).
2022-04-01 01:54:04,902 - AMQPConnector - reporting success: <SelectConnection OPEN transport=<pika.adapters.utils.io_services_utils._AsyncPlaintextTransport object at 0x12510bd30> params=<ConnectionParameters host=localhost port=5672 virtual_host=/ ssl=False>>
2022-04-01 01:54:04,903 - AMQPConnectionWorkflow - reporting success: <SelectConnection OPEN transport=<pika.adapters.utils.io_services_utils._AsyncPlaintextTransport object at 0x12510bd30> params=<ConnectionParameters host=localhost port=5672 virtual_host=/ ssl=False>>
2022-04-01 01:54:04,903 - Connection workflow succeeded: <SelectConnection OPEN transport=<pika.adapters.utils.io_services_utils._AsyncPlaintextTransport object at 0x12510bd30> params=<ConnectionParameters host=localhost port=5672 virtual_host=/ ssl=False>>
2022-04-01 01:54:04,903 - Created channel=1
2022-04-01 01:54:04,905 - Logging before start consuming
2022-04-01 01:54:06,081 - processing started: 1_000 
2022-04-01 01:54:06,309 - processing completed: 1_000
2022-04-01 01:54:06,338 - processing started: 3_001 
2022-04-01 01:54:06,577 - processing completed: 3_001
2022-04-01 01:54:06,582 - processing started: 5_002 
2022-04-01 01:54:06,786 - processing completed: 5_002
2022-04-01 01:54:06,792 - processing started: 7_003 
2022-04-01 01:54:06,940 - processing completed: 7_003
2022-04-01 01:54:06,945 - processing started: 9_003 
2022-04-01 01:54:07,180 - processing completed: 9_003
2022-04-01 01:54:07,186 - processing started: 11_004 
2022-04-01 01:54:07,230 - processing completed: 11_004
2022-04-01 01:54:07,233 - processing started: 13_005 
2022-04-01 01:54:07,465 - processing completed: 13_005
2022-04-01 01:54:07,472 - processing started: 15_005 
2022-04-01 01:54:07,657 - processing completed: 15_005
2022-04-01 01:54:07,663 - processing started: 17_006 
2022-04-01 01:54:07,825 - processing completed: 17_006
2022-04-01 01:54:07,829 - processing started: 19_007 
2022-04-01 01:54:07,986 - processing completed: 19_007
2022-04-01 01:54:07,992 - processing started: 21_008 
2022-04-01 01:54:08,219 - processing completed: 21_008
2022-04-01 01:54:08,226 - processing started: 23_009 
2022-04-01 01:54:08,424 - processing completed: 23_009
2022-04-01 01:54:08,430 - processing started: 25_010 
2022-04-01 01:54:08,693 - processing completed: 25_010
2022-04-01 01:54:08,700 - processing started: 27_011 
2022-04-01 01:54:08,894 - processing completed: 27_011
2022-04-01 01:54:08,901 - processing started: 29_012 
2022-04-01 01:54:09,045 - processing completed: 29_012
2022-04-01 01:54:09,049 - processing started: 31_013 
2022-04-01 01:54:09,180 - processing completed: 31_013
2022-04-01 01:54:09,186 - processing started: 33_014 
2022-04-01 01:54:09,372 - processing completed: 33_014
2022-04-01 01:54:09,377 - processing started: 35_014 
2022-04-01 01:54:09,559 - processing completed: 35_014
2022-04-01 01:54:09,563 - processing started: 37_014 
2022-04-01 01:54:09,695 - processing completed: 37_014
2022-04-01 01:54:09,700 - processing started: 39_015 
2022-04-01 01:54:09,901 - processing completed: 39_015
2022-04-01 01:54:09,905 - processing started: 41_015 
2022-04-01 01:54:10,002 - processing completed: 41_015
2022-04-01 01:54:10,007 - processing started: 43_016 
2022-04-01 01:54:10,171 - processing completed: 43_016
2022-04-01 01:54:10,174 - processing started: 45_017 
2022-04-01 01:54:10,282 - processing completed: 45_017
2022-04-01 01:54:10,287 - processing started: 47_017 
2022-04-01 01:54:10,456 - processing completed: 47_017
2022-04-01 01:54:10,461 - processing started: 49_018 
2022-04-01 01:54:10,557 - processing completed: 49_018
2022-04-01 01:54:10,561 - processing started: 51_019 
2022-04-01 01:54:10,742 - processing completed: 51_019
2022-04-01 01:54:10,747 - processing started: 53_020 
2022-04-01 01:54:10,865 - processing completed: 53_020
2022-04-01 01:54:10,870 - processing started: 55_021 
2022-04-01 01:54:11,055 - processing completed: 55_021
2022-04-01 01:54:11,060 - processing started: 57_022 
2022-04-01 01:54:11,162 - processing completed: 57_022
2022-04-01 01:54:11,167 - processing started: 59_023 
2022-04-01 01:54:11,366 - processing completed: 59_023
2022-04-01 01:54:11,371 - processing started: 61_023 
2022-04-01 01:54:11,472 - processing completed: 61_023
2022-04-01 01:54:11,477 - processing started: 63_024 
2022-04-01 01:54:11,639 - processing completed: 63_024
2022-04-01 01:54:11,643 - processing started: 65_024 
2022-04-01 01:54:11,798 - processing completed: 65_024
2022-04-01 01:54:11,801 - processing started: 67_025 
2022-04-01 01:54:11,905 - processing completed: 67_025
2022-04-01 01:54:11,910 - processing started: 69_026 
2022-04-01 01:54:12,077 - processing completed: 69_026
2022-04-01 01:54:12,080 - processing started: 71_027 
2022-04-01 01:54:12,181 - processing completed: 71_027
2022-04-01 01:54:12,185 - processing started: 73_028 
2022-04-01 01:54:12,338 - processing completed: 73_028
2022-04-01 01:54:12,342 - processing started: 75_029 
2022-04-01 01:54:12,446 - processing completed: 75_029
2022-04-01 01:54:12,450 - processing started: 77_030 
2022-04-01 01:54:12,615 - processing completed: 77_030
2022-04-01 01:54:12,619 - processing started: 79_030 
2022-04-01 01:54:12,727 - processing completed: 79_030
2022-04-01 01:54:12,732 - processing started: 81_031 
2022-04-01 01:54:12,926 - processing completed: 81_031
2022-04-01 01:54:12,930 - processing started: 83_032 
2022-04-01 01:54:13,099 - processing completed: 83_032
2022-04-01 01:54:13,104 - processing started: 85_032 
2022-04-01 01:54:13,329 - processing completed: 85_032
2022-04-01 01:54:13,333 - processing started: 87_032 
2022-04-01 01:54:13,502 - processing completed: 87_032
2022-04-01 01:54:13,507 - processing started: 89_033 
2022-04-01 01:54:13,684 - processing completed: 89_033
2022-04-01 01:54:13,688 - processing started: 91_033 
2022-04-01 01:54:13,803 - processing completed: 91_033
2022-04-01 01:54:13,807 - processing started: 93_034 
2022-04-01 01:54:14,002 - processing completed: 93_034
2022-04-01 01:54:14,006 - processing started: 95_035 
2022-04-01 01:54:14,188 - processing completed: 95_035
2022-04-01 01:54:14,192 - processing started: 97_035 
2022-04-01 01:54:14,306 - processing completed: 97_035
2022-04-01 01:54:14,309 - processing started: 99_036 
2022-04-01 01:54:14,517 - processing completed: 99_036
2022-04-01 01:54:14,523 - processing started: 101_037 
2022-04-01 01:54:14,648 - processing completed: 101_037
2022-04-01 01:54:14,653 - processing started: 103_037 
2022-04-01 01:54:14,849 - processing completed: 103_037
2022-04-01 01:54:14,853 - processing started: 105_038 
2022-04-01 01:54:14,970 - processing completed: 105_038
2022-04-01 01:54:14,974 - processing started: 107_039 
2022-04-01 01:54:15,165 - processing completed: 107_039
2022-04-01 01:54:15,169 - processing started: 109_040 
2022-04-01 01:54:15,285 - processing completed: 109_040
2022-04-01 01:54:15,289 - processing started: 111_040 
2022-04-01 01:54:15,473 - processing completed: 111_040
2022-04-01 01:54:15,477 - processing started: 113_040 
2022-04-01 01:54:15,592 - processing completed: 113_040
2022-04-01 01:54:15,596 - processing started: 115_040 
2022-04-01 01:54:15,783 - processing completed: 115_040
2022-04-01 01:54:15,787 - processing started: 117_041 
2022-04-01 01:54:15,905 - processing completed: 117_041
2022-04-01 01:54:15,910 - processing started: 119_042 
2022-04-01 01:54:16,087 - processing completed: 119_042
2022-04-01 01:54:16,091 - processing started: 121_042 
2022-04-01 01:54:16,241 - processing completed: 121_042
2022-04-01 01:54:16,247 - processing started: 123_043 
2022-04-01 01:54:16,437 - processing completed: 123_043
2022-04-01 01:54:16,442 - processing started: 125_044 
2022-04-01 01:54:16,620 - processing completed: 125_044
2022-04-01 01:54:16,623 - processing started: 127_045 
2022-04-01 01:54:16,738 - processing completed: 127_045
2022-04-01 01:54:16,742 - processing started: 129_045 
2022-04-01 01:54:16,919 - processing completed: 129_045
2022-04-01 01:54:16,923 - processing started: 131_046 
2022-04-01 01:54:17,029 - processing completed: 131_046
2022-04-01 01:54:17,033 - processing started: 133_047 
2022-04-01 01:54:17,214 - processing completed: 133_047
2022-04-01 01:54:17,218 - processing started: 135_048 
2022-04-01 01:54:17,330 - processing completed: 135_048
2022-04-01 01:54:17,334 - processing started: 137_049 
2022-04-01 01:54:17,521 - processing completed: 137_049
2022-04-01 01:54:17,525 - processing started: 139_049 
2022-04-01 01:54:17,642 - processing completed: 139_049
2022-04-01 01:54:17,647 - processing started: 141_050 
2022-04-01 01:54:17,823 - processing completed: 141_050
2022-04-01 01:54:17,827 - processing started: 143_051 
2022-04-01 01:54:17,965 - processing completed: 143_051
2022-04-01 01:54:17,969 - processing started: 145_051 
2022-04-01 01:54:18,151 - processing completed: 145_051
2022-04-01 01:54:18,155 - processing started: 147_051 
2022-04-01 01:54:18,265 - processing completed: 147_051
2022-04-01 01:54:18,268 - processing started: 149_052 
2022-04-01 01:54:18,439 - processing completed: 149_052
2022-04-01 01:54:18,443 - processing started: 151_053 
2022-04-01 01:54:18,549 - processing completed: 151_053
2022-04-01 01:54:18,553 - processing started: 153_054 
2022-04-01 01:54:18,726 - processing completed: 153_054
2022-04-01 01:54:18,730 - processing started: 155_055 
2022-04-01 01:54:18,899 - processing completed: 155_055
2022-04-01 01:54:18,903 - processing started: 157_056 
2022-04-01 01:54:19,018 - processing completed: 157_056
2022-04-01 01:54:19,022 - processing started: 159_057 
2022-04-01 01:54:19,195 - processing completed: 159_057
2022-04-01 01:54:19,199 - processing started: 161_058 
2022-04-01 01:54:19,366 - processing completed: 161_058
2022-04-01 01:54:19,371 - processing started: 163_059 
2022-04-01 01:54:19,568 - processing completed: 163_059
2022-04-01 01:54:19,573 - processing started: 165_060 
2022-04-01 01:54:19,699 - processing completed: 165_060
2022-04-01 01:54:19,703 - processing started: 167_060 
2022-04-01 01:54:19,879 - processing completed: 167_060
2022-04-01 01:54:19,883 - processing started: 169_061 
2022-04-01 01:54:19,995 - processing completed: 169_061
2022-04-01 01:54:19,998 - processing started: 171_062 
2022-04-01 01:54:20,165 - processing completed: 171_062
2022-04-01 01:54:20,170 - processing started: 173_063 
2022-04-01 01:54:20,371 - processing completed: 173_063
2022-04-01 01:54:20,377 - processing started: 175_064 
2022-04-01 01:54:20,634 - processing completed: 175_064
2022-04-01 01:54:20,641 - processing started: 177_064 
2022-04-01 01:54:20,850 - processing completed: 177_064
2022-04-01 01:54:20,857 - processing started: 179_065 
2022-04-01 01:54:21,118 - processing completed: 179_065
2022-04-01 01:54:21,125 - processing started: 181_066 
2022-04-01 01:54:21,430 - processing completed: 181_066
2022-04-01 01:54:21,438 - processing started: 183_066 
2022-04-01 01:54:21,647 - processing completed: 183_066
2022-04-01 01:54:21,654 - processing started: 185_066 
2022-04-01 01:54:21,933 - processing completed: 185_066
2022-04-01 01:54:21,940 - processing started: 187_066 
2022-04-01 01:54:22,105 - processing completed: 187_066
2022-04-01 01:54:22,111 - processing started: 189_067 
2022-04-01 01:54:22,381 - processing completed: 189_067
2022-04-01 01:54:22,388 - processing started: 191_067 
2022-04-01 01:54:22,601 - processing completed: 191_067
2022-04-01 01:54:22,607 - processing started: 193_068 
2022-04-01 01:54:22,821 - processing completed: 193_068
2022-04-01 01:54:22,827 - processing started: 195_069 
2022-04-01 01:54:22,994 - processing completed: 195_069
2022-04-01 01:54:23,001 - processing started: 197_069 
2022-04-01 01:54:23,222 - processing completed: 197_069
2022-04-01 01:54:23,228 - processing started: 199_070 
2022-04-01 01:54:23,441 - processing completed: 199_070
2022-04-01 01:54:23,447 - processing started: 201_071 
2022-04-01 01:54:23,711 - processing completed: 201_071
2022-04-01 01:54:23,718 - processing started: 203_072 
2022-04-01 01:54:23,926 - processing completed: 203_072
2022-04-01 01:54:23,933 - processing started: 205_072 
2022-04-01 01:54:24,201 - processing completed: 205_072
2022-04-01 01:54:24,208 - processing started: 207_073 
2022-04-01 01:54:24,409 - processing completed: 207_073
2022-04-01 01:54:24,416 - processing started: 209_074 
2022-04-01 01:54:24,718 - processing completed: 209_074
2022-04-01 01:54:24,728 - processing started: 211_075 
2022-04-01 01:54:25,024 - processing completed: 211_075
2022-04-01 01:54:25,031 - processing started: 213_076 
2022-04-01 01:54:25,237 - processing completed: 213_076
2022-04-01 01:54:25,244 - processing started: 215_077 
2022-04-01 01:54:25,452 - processing completed: 215_077
2022-04-01 01:54:25,458 - processing started: 217_077 
2022-04-01 01:54:25,663 - processing completed: 217_077
2022-04-01 01:54:25,670 - processing started: 219_078 
2022-04-01 01:54:25,945 - processing completed: 219_078
2022-04-01 01:54:25,952 - processing started: 221_079 
2022-04-01 01:54:26,160 - processing completed: 221_079
2022-04-01 01:54:26,167 - processing started: 223_080 
2022-04-01 01:54:26,362 - processing completed: 223_080
2022-04-01 01:54:26,366 - processing started: 225_081 
2022-04-01 01:54:26,499 - processing completed: 225_081
2022-04-01 01:54:26,504 - processing started: 227_081 
2022-04-01 01:54:26,703 - processing completed: 227_081
2022-04-01 01:54:26,708 - processing started: 229_081 
2022-04-01 01:54:26,836 - processing completed: 229_081
2022-04-01 01:54:26,841 - processing started: 231_081 
2022-04-01 01:54:27,033 - processing completed: 231_081
2022-04-01 01:54:27,038 - processing started: 233_082 
2022-04-01 01:54:27,167 - processing completed: 233_082
2022-04-01 01:54:27,173 - processing started: 235_082 
2022-04-01 01:54:27,358 - processing completed: 235_082
2022-04-01 01:54:27,363 - processing started: 237_083 
2022-04-01 01:54:27,490 - processing completed: 237_083
2022-04-01 01:54:27,495 - processing started: 239_084 
2022-04-01 01:54:27,688 - processing completed: 239_084
2022-04-01 01:54:27,693 - processing started: 241_085 
2022-04-01 01:54:27,895 - processing completed: 241_085
2022-04-01 01:54:27,900 - processing started: 243_086 
2022-04-01 01:54:28,069 - processing completed: 243_086
2022-04-01 01:54:28,076 - processing started: 245_087 
2022-04-01 01:54:28,285 - processing completed: 245_087
2022-04-01 01:54:28,291 - processing started: 247_088 
2022-04-01 01:54:28,420 - processing completed: 247_088
2022-04-01 01:54:28,426 - processing started: 249_089 
2022-04-01 01:54:28,575 - processing completed: 249_089
2022-04-01 01:54:28,580 - processing started: 251_089 
2022-04-01 01:54:28,659 - processing completed: 251_089
2022-04-01 01:54:28,663 - processing started: 253_090 
2022-04-01 01:54:28,809 - processing completed: 253_090
2022-04-01 01:54:28,814 - processing started: 255_091 
2022-04-01 01:54:28,896 - processing completed: 255_091
2022-04-01 01:54:28,900 - processing started: 257_092 
2022-04-01 01:54:29,051 - processing completed: 257_092
2022-04-01 01:54:29,055 - processing started: 259_093 
2022-04-01 01:54:29,155 - processing completed: 259_093
2022-04-01 01:54:29,160 - processing started: 261_094 
2022-04-01 01:54:29,328 - processing completed: 261_094
2022-04-01 01:54:29,333 - processing started: 263_095 
2022-04-01 01:54:29,430 - processing completed: 263_095
2022-04-01 01:54:29,435 - processing started: 265_096 
2022-04-01 01:54:29,632 - processing completed: 265_096
2022-04-01 01:54:29,637 - processing started: 267_097 
2022-04-01 01:54:29,746 - processing completed: 267_097
2022-04-01 01:54:29,750 - processing started: 269_098 
2022-04-01 01:54:29,920 - processing completed: 269_098
2022-04-01 01:54:29,925 - processing started: 271_098 
2022-04-01 01:54:30,091 - processing completed: 271_098
2022-04-01 01:54:30,095 - processing started: 273_099 
2022-04-01 01:54:30,180 - processing completed: 273_099
2022-04-01 01:54:30,185 - processing started: 275_100 
2022-04-01 01:54:30,389 - processing completed: 275_100
2022-04-01 01:54:30,394 - processing started: 277_101 
2022-04-01 01:54:30,486 - processing completed: 277_101
2022-04-01 01:54:30,489 - processing started: 279_102 
2022-04-01 01:54:30,643 - processing completed: 279_102
2022-04-01 01:54:30,647 - processing started: 281_103 
2022-04-01 01:54:30,734 - processing completed: 281_103
2022-04-01 01:54:30,738 - processing started: 283_104 
2022-04-01 01:54:30,887 - processing completed: 283_104
2022-04-01 01:54:30,891 - processing started: 285_105 
2022-04-01 01:54:30,978 - processing completed: 285_105
2022-04-01 01:54:30,983 - processing started: 287_106 
2022-04-01 01:54:31,127 - processing completed: 287_106
2022-04-01 01:54:31,132 - processing started: 289_107 
2022-04-01 01:54:31,218 - processing completed: 289_107
2022-04-01 01:54:31,224 - processing started: 291_107 
2022-04-01 01:54:31,416 - processing completed: 291_107
2022-04-01 01:54:31,420 - processing started: 293_108 
2022-04-01 01:54:31,508 - processing completed: 293_108
2022-04-01 01:54:31,511 - processing started: 295_109 
2022-04-01 01:54:31,656 - processing completed: 295_109
2022-04-01 01:54:31,661 - processing started: 297_110 
2022-04-01 01:54:31,749 - processing completed: 297_110
2022-04-01 01:54:31,754 - processing started: 299_110 
2022-04-01 01:54:31,900 - processing completed: 299_110
2022-04-01 01:54:31,903 - processing started: 301_111 
2022-04-01 01:54:32,050 - processing completed: 301_111
2022-04-01 01:54:32,054 - processing started: 303_112 
2022-04-01 01:54:32,138 - processing completed: 303_112
2022-04-01 01:54:32,142 - processing started: 305_113 
2022-04-01 01:54:32,288 - processing completed: 305_113
2022-04-01 01:54:32,292 - processing started: 307_114 
2022-04-01 01:54:32,419 - processing completed: 307_114
2022-04-01 01:54:32,423 - processing started: 309_115 
2022-04-01 01:54:32,614 - processing completed: 309_115
2022-04-01 01:54:32,620 - processing started: 311_116 
2022-04-01 01:54:32,745 - processing completed: 311_116
2022-04-01 01:54:32,750 - processing started: 313_117 
2022-04-01 01:54:32,941 - processing completed: 313_117
2022-04-01 01:54:32,955 - processing started: 315_117 
2022-04-01 01:54:33,105 - processing completed: 315_117
2022-04-01 01:54:33,112 - processing started: 317_118 
2022-04-01 01:54:33,318 - processing completed: 317_118
2022-04-01 01:54:33,325 - processing started: 319_119 
2022-04-01 01:54:33,454 - processing completed: 319_119
2022-04-01 01:54:33,459 - processing started: 321_120 
2022-04-01 01:54:33,632 - processing completed: 321_120
2022-04-01 01:54:33,637 - processing started: 323_120 
2022-04-01 01:54:33,740 - processing completed: 323_120
2022-04-01 01:54:33,744 - processing started: 325_121 
2022-04-01 01:54:33,945 - processing completed: 325_121
2022-04-01 01:54:33,949 - processing started: 327_122 
2022-04-01 01:54:34,075 - processing completed: 327_122
2022-04-01 01:54:34,079 - processing started: 329_123 
2022-04-01 01:54:34,274 - processing completed: 329_123
2022-04-01 01:54:34,279 - processing started: 331_124 
2022-04-01 01:54:34,468 - processing completed: 331_124
2022-04-01 01:54:34,473 - processing started: 333_124 
2022-04-01 01:54:34,610 - processing completed: 333_124
2022-04-01 01:54:34,616 - processing started: 335_124 
2022-04-01 01:54:34,853 - processing completed: 335_124
2022-04-01 01:54:34,858 - processing started: 337_124 
2022-04-01 01:54:34,992 - processing completed: 337_124
2022-04-01 01:54:34,997 - processing started: 339_124 
2022-04-01 01:54:35,190 - processing completed: 339_124
2022-04-01 01:54:35,196 - processing started: 341_125 
2022-04-01 01:54:35,323 - processing completed: 341_125
2022-04-01 01:54:35,328 - processing started: 343_126 
2022-04-01 01:54:35,517 - processing completed: 343_126
2022-04-01 01:54:35,523 - processing started: 345_127 
2022-04-01 01:54:35,653 - processing completed: 345_127
2022-04-01 01:54:35,659 - processing started: 347_128 
2022-04-01 01:54:35,856 - processing completed: 347_128
2022-04-01 01:54:35,860 - processing started: 349_129 
2022-04-01 01:54:35,993 - processing completed: 349_129
2022-04-01 01:54:35,998 - processing started: 351_129 
2022-04-01 01:54:36,186 - processing completed: 351_129
2022-04-01 01:54:36,191 - processing started: 353_130 
2022-04-01 01:54:36,320 - processing completed: 353_130
2022-04-01 01:54:36,325 - processing started: 355_131 
2022-04-01 01:54:36,531 - processing completed: 355_131
2022-04-01 01:54:36,536 - processing started: 357_132 
2022-04-01 01:54:36,672 - processing completed: 357_132
2022-04-01 01:54:36,679 - processing started: 359_133 
2022-04-01 01:54:36,880 - processing completed: 359_133
2022-04-01 01:54:36,885 - processing started: 361_134 
2022-04-01 01:54:37,076 - processing completed: 361_134
2022-04-01 01:54:37,082 - processing started: 363_134 
2022-04-01 01:54:37,208 - processing completed: 363_134
2022-04-01 01:54:37,214 - processing started: 365_135 
2022-04-01 01:54:37,405 - processing completed: 365_135
2022-04-01 01:54:37,411 - processing started: 367_135 
2022-04-01 01:54:37,534 - processing completed: 367_135
2022-04-01 01:54:37,540 - processing started: 369_136 
2022-04-01 01:54:37,740 - processing completed: 369_136
2022-04-01 01:54:37,744 - processing started: 371_137 
2022-04-01 01:54:37,867 - processing completed: 371_137
2022-04-01 01:54:37,872 - processing started: 373_138 
2022-04-01 01:54:38,063 - processing completed: 373_138
2022-04-01 01:54:38,067 - processing started: 375_139 
2022-04-01 01:54:38,209 - processing completed: 375_139
2022-04-01 01:54:38,215 - processing started: 377_140 
2022-04-01 01:54:38,424 - processing completed: 377_140
2022-04-01 01:54:38,429 - processing started: 379_141 
2022-04-01 01:54:38,558 - processing completed: 379_141
2022-04-01 01:54:38,564 - processing started: 381_142 
2022-04-01 01:54:38,755 - processing completed: 381_142
2022-04-01 01:54:38,759 - processing started: 383_143 
2022-04-01 01:54:38,886 - processing completed: 383_143
2022-04-01 01:54:38,891 - processing started: 385_144 
2022-04-01 01:54:39,085 - processing completed: 385_144
2022-04-01 01:54:39,091 - processing started: 387_144 
2022-04-01 01:54:39,220 - processing completed: 387_144
2022-04-01 01:54:39,226 - processing started: 389_145 
2022-04-01 01:54:39,408 - processing completed: 389_145
2022-04-01 01:54:39,414 - processing started: 391_145 
2022-04-01 01:54:39,605 - processing completed: 391_145
2022-04-01 01:54:39,610 - processing started: 393_146 
2022-04-01 01:54:39,734 - processing completed: 393_146
2022-04-01 01:54:39,740 - processing started: 395_147 
2022-04-01 01:54:39,945 - processing completed: 395_147
2022-04-01 01:54:39,951 - processing started: 397_147 
2022-04-01 01:54:40,119 - processing completed: 397_147
2022-04-01 01:54:40,124 - processing started: 399_148 
2022-04-01 01:54:40,325 - processing completed: 399_148
2022-04-01 01:54:40,330 - processing started: 401_149 
2022-04-01 01:54:40,459 - processing completed: 401_149
2022-04-01 01:54:40,464 - processing started: 403_149 
2022-04-01 01:54:40,649 - processing completed: 403_149
2022-04-01 01:54:40,654 - processing started: 405_150 
2022-04-01 01:54:40,782 - processing completed: 405_150
2022-04-01 01:54:40,787 - processing started: 407_151 
2022-04-01 01:54:40,976 - processing completed: 407_151
2022-04-01 01:54:40,980 - processing started: 409_152 
2022-04-01 01:54:41,105 - processing completed: 409_152
2022-04-01 01:54:41,111 - processing started: 411_153 
2022-04-01 01:54:41,333 - processing completed: 411_153
2022-04-01 01:54:41,337 - processing started: 413_154 
2022-04-01 01:54:41,463 - processing completed: 413_154
2022-04-01 01:54:41,467 - processing started: 415_155 
2022-04-01 01:54:41,682 - processing completed: 415_155
2022-04-01 01:54:41,688 - processing started: 417_156 
2022-04-01 01:54:41,828 - processing completed: 417_156
2022-04-01 01:54:41,832 - processing started: 419_156 
2022-04-01 01:54:42,030 - processing completed: 419_156
2022-04-01 01:54:42,035 - processing started: 421_157 
2022-04-01 01:54:42,224 - processing completed: 421_157
2022-04-01 01:54:42,229 - processing started: 423_158 
2022-04-01 01:54:42,356 - processing completed: 423_158
2022-04-01 01:54:42,362 - processing started: 425_159 
2022-04-01 01:54:42,554 - processing completed: 425_159
2022-04-01 01:54:42,559 - processing started: 427_159 
2022-04-01 01:54:42,687 - processing completed: 427_159
2022-04-01 01:54:42,692 - processing started: 429_160 
2022-04-01 01:54:42,881 - processing completed: 429_160
2022-04-01 01:54:42,885 - processing started: 431_161 
2022-04-01 01:54:43,010 - processing completed: 431_161
2022-04-01 01:54:43,014 - processing started: 433_162 
2022-04-01 01:54:43,201 - processing completed: 433_162
2022-04-01 01:54:43,205 - processing started: 435_163 
2022-04-01 01:54:43,353 - processing completed: 435_163
2022-04-01 01:54:43,359 - processing started: 437_164 
2022-04-01 01:54:43,580 - processing completed: 437_164
2022-04-01 01:54:43,586 - processing started: 439_164 
2022-04-01 01:54:43,717 - processing completed: 439_164
2022-04-01 01:54:43,723 - processing started: 441_165 
2022-04-01 01:54:43,914 - processing completed: 441_165
2022-04-01 01:54:43,920 - processing started: 443_166 
2022-04-01 01:54:44,047 - processing completed: 443_166
2022-04-01 01:54:44,052 - processing started: 445_167 
2022-04-01 01:54:44,245 - processing completed: 445_167
2022-04-01 01:54:44,251 - processing started: 447_167 
2022-04-01 01:54:44,439 - processing completed: 447_167
2022-04-01 01:54:44,444 - processing started: 449_168 
2022-04-01 01:54:44,574 - processing completed: 449_168
2022-04-01 01:54:44,579 - processing started: 451_168 
2022-04-01 01:54:44,773 - processing completed: 451_168
2022-04-01 01:54:44,777 - processing started: 453_169 
2022-04-01 01:54:44,902 - processing completed: 453_169
2022-04-01 01:54:44,906 - processing started: 455_170 
2022-04-01 01:54:45,114 - processing completed: 455_170
2022-04-01 01:54:45,119 - processing started: 457_171 
2022-04-01 01:54:45,258 - processing completed: 457_171
2022-04-01 01:54:45,264 - processing started: 459_172 
2022-04-01 01:54:45,460 - processing completed: 459_172
2022-04-01 01:54:45,466 - processing started: 461_173 
2022-04-01 01:54:45,598 - processing completed: 461_173
2022-04-01 01:54:45,603 - processing started: 463_173 
2022-04-01 01:54:45,791 - processing completed: 463_173
2022-04-01 01:54:45,796 - processing started: 465_174 
2022-04-01 01:54:45,922 - processing completed: 465_174
2022-04-01 01:54:45,927 - processing started: 467_174 
2022-04-01 01:54:46,112 - processing completed: 467_174
2022-04-01 01:54:46,117 - processing started: 469_175 
2022-04-01 01:54:46,242 - processing completed: 469_175
2022-04-01 01:54:46,247 - processing started: 471_176 
2022-04-01 01:54:46,434 - processing completed: 471_176
2022-04-01 01:54:46,439 - processing started: 473_177 
2022-04-01 01:54:46,566 - processing completed: 473_177
2022-04-01 01:54:46,570 - processing started: 475_178 
2022-04-01 01:54:46,760 - processing completed: 475_178
2022-04-01 01:54:46,766 - processing started: 477_179 
2022-04-01 01:54:46,989 - processing completed: 477_179
2022-04-01 01:54:46,993 - processing started: 479_180 
2022-04-01 01:54:47,124 - processing completed: 479_180
2022-04-01 01:54:47,129 - processing started: 481_180 
2022-04-01 01:54:47,326 - processing completed: 481_180
2022-04-01 01:54:47,330 - processing started: 483_181 
2022-04-01 01:54:47,458 - processing completed: 483_181
2022-04-01 01:54:47,462 - processing started: 485_182 
2022-04-01 01:54:47,649 - processing completed: 485_182
2022-04-01 01:54:47,653 - processing started: 487_182 
2022-04-01 01:54:47,787 - processing completed: 487_182
2022-04-01 01:54:47,792 - processing started: 489_183 
2022-04-01 01:54:47,991 - processing completed: 489_183
2022-04-01 01:54:47,995 - processing started: 491_183 
2022-04-01 01:54:48,125 - processing completed: 491_183
2022-04-01 01:54:48,130 - processing started: 493_184 
2022-04-01 01:54:48,318 - processing completed: 493_184
2022-04-01 01:54:48,322 - processing started: 495_185 
2022-04-01 01:54:48,450 - processing completed: 495_185
2022-04-01 01:54:48,455 - processing started: 497_186 
2022-04-01 01:54:48,654 - processing completed: 497_186
2022-04-01 01:54:48,662 - processing started: 499_187 
2022-04-01 01:54:48,822 - processing completed: 499_187
2022-04-01 01:54:48,826 - processing started: 501_188 
2022-04-01 01:54:49,029 - processing completed: 501_188
2022-04-01 01:54:49,033 - processing started: 503_188 
2022-04-01 01:54:49,163 - processing completed: 503_188
2022-04-01 01:54:49,167 - processing started: 505_189 
2022-04-01 01:54:49,327 - processing completed: 505_189
2022-04-01 01:54:49,332 - processing started: 507_190 
2022-04-01 01:54:49,523 - processing completed: 507_190
2022-04-01 01:54:49,529 - processing started: 509_191 
2022-04-01 01:54:49,655 - processing completed: 509_191
2022-04-01 01:54:49,660 - processing started: 511_192 
2022-04-01 01:54:49,861 - processing completed: 511_192
2022-04-01 01:54:49,867 - processing started: 513_192 
2022-04-01 01:54:49,995 - processing completed: 513_192
2022-04-01 01:54:49,999 - processing started: 515_193 
2022-04-01 01:54:50,188 - processing completed: 515_193
2022-04-01 01:54:50,193 - processing started: 517_194 
2022-04-01 01:54:50,336 - processing completed: 517_194
2022-04-01 01:54:50,342 - processing started: 519_195 
2022-04-01 01:54:50,551 - processing completed: 519_195
2022-04-01 01:54:50,555 - processing started: 521_196 
2022-04-01 01:54:50,685 - processing completed: 521_196
2022-04-01 01:54:50,691 - processing started: 523_196 
2022-04-01 01:54:50,882 - processing completed: 523_196
2022-04-01 01:54:50,888 - processing started: 525_196 
2022-04-01 01:54:51,019 - processing completed: 525_196
2022-04-01 01:54:51,023 - processing started: 527_197 
2022-04-01 01:54:51,215 - processing completed: 527_197
2022-04-01 01:54:51,220 - processing started: 529_197 
2022-04-01 01:54:51,349 - processing completed: 529_197
2022-04-01 01:54:51,353 - processing started: 531_197 
2022-04-01 01:54:51,544 - processing completed: 531_197
2022-04-01 01:54:51,548 - processing started: 533_198 
2022-04-01 01:54:51,681 - processing completed: 533_198
2022-04-01 01:54:51,685 - processing started: 535_199 
2022-04-01 01:54:51,878 - processing completed: 535_199
2022-04-01 01:54:51,883 - processing started: 537_200 
2022-04-01 01:54:52,120 - processing completed: 537_200
2022-04-01 01:54:52,129 - processing started: 539_201 
2022-04-01 01:54:52,281 - processing completed: 539_201
2022-04-01 01:54:52,287 - processing started: 541_202 
2022-04-01 01:54:52,486 - processing completed: 541_202
2022-04-01 01:54:52,493 - processing started: 543_203 
2022-04-01 01:54:52,622 - processing completed: 543_203
2022-04-01 01:54:52,626 - processing started: 545_204 
2022-04-01 01:54:52,820 - processing completed: 545_204
2022-04-01 01:54:52,826 - processing started: 547_205 
2022-04-01 01:54:52,958 - processing completed: 547_205
2022-04-01 01:54:52,963 - processing started: 549_206 
2022-04-01 01:54:53,153 - processing completed: 549_206
2022-04-01 01:54:53,159 - processing started: 551_207 
2022-04-01 01:54:53,293 - processing completed: 551_207
2022-04-01 01:54:53,299 - processing started: 553_207 
2022-04-01 01:54:53,491 - processing completed: 553_207
2022-04-01 01:54:53,497 - processing started: 555_208 
2022-04-01 01:54:53,627 - processing completed: 555_208
2022-04-01 01:54:53,633 - processing started: 557_209 
2022-04-01 01:54:53,849 - processing completed: 557_209
2022-04-01 01:54:53,856 - processing started: 559_210 
2022-04-01 01:54:54,019 - processing completed: 559_210
2022-04-01 01:54:54,025 - processing started: 561_211 
2022-04-01 01:54:54,228 - processing completed: 561_211
2022-04-01 01:54:54,232 - processing started: 563_212 
2022-04-01 01:54:54,367 - processing completed: 563_212
2022-04-01 01:54:54,372 - processing started: 565_213 
2022-04-01 01:54:54,564 - processing completed: 565_213
2022-04-01 01:54:54,570 - processing started: 567_214 
2022-04-01 01:54:54,774 - processing completed: 567_214
2022-04-01 01:54:54,779 - processing started: 569_214 
2022-04-01 01:54:54,907 - processing completed: 569_214
2022-04-01 01:54:54,913 - processing started: 571_215 
2022-04-01 01:54:55,119 - processing completed: 571_215
2022-04-01 01:54:55,123 - processing started: 573_216 
2022-04-01 01:54:55,255 - processing completed: 573_216
2022-04-01 01:54:55,259 - processing started: 575_217 
2022-04-01 01:54:55,461 - processing completed: 575_217
2022-04-01 01:54:55,466 - processing started: 577_218 
2022-04-01 01:54:55,606 - processing completed: 577_218
2022-04-01 01:54:55,611 - processing started: 579_219 
2022-04-01 01:54:55,831 - processing completed: 579_219
2022-04-01 01:54:55,837 - processing started: 581_220 
2022-04-01 01:54:55,967 - processing completed: 581_220
2022-04-01 01:54:55,972 - processing started: 583_220 
2022-04-01 01:54:56,164 - processing completed: 583_220
2022-04-01 01:54:56,168 - processing started: 585_221 
2022-04-01 01:54:56,295 - processing completed: 585_221
2022-04-01 01:54:56,299 - processing started: 587_222 
2022-04-01 01:54:56,495 - processing completed: 587_222
2022-04-01 01:54:56,499 - processing started: 589_222 
2022-04-01 01:54:56,623 - processing completed: 589_222
2022-04-01 01:54:56,628 - processing started: 591_223 
2022-04-01 01:54:56,792 - processing completed: 591_223
2022-04-01 01:54:56,796 - processing started: 593_223 
2022-04-01 01:54:56,895 - processing completed: 593_223
2022-04-01 01:54:56,900 - processing started: 595_224 
2022-04-01 01:54:57,109 - processing completed: 595_224
2022-04-01 01:54:57,113 - processing started: 597_225 
2022-04-01 01:54:57,295 - processing completed: 597_225
2022-04-01 01:54:57,301 - processing started: 599_225 
2022-04-01 01:54:57,473 - processing completed: 599_225
2022-04-01 01:54:57,478 - processing started: 601_225 
2022-04-01 01:54:57,659 - processing completed: 601_225
2022-04-01 01:54:57,663 - processing started: 603_226 
2022-04-01 01:54:57,771 - processing completed: 603_226
2022-04-01 01:54:57,775 - processing started: 605_227 
2022-04-01 01:54:57,972 - processing completed: 605_227
2022-04-01 01:54:57,977 - processing started: 607_227 
2022-04-01 01:54:58,111 - processing completed: 607_227
2022-04-01 01:54:58,116 - processing started: 609_227 
2022-04-01 01:54:58,289 - processing completed: 609_227
2022-04-01 01:54:58,294 - processing started: 611_227 
2022-04-01 01:54:58,465 - processing completed: 611_227
2022-04-01 01:54:58,470 - processing started: 613_227 
2022-04-01 01:54:58,647 - processing completed: 613_227
2022-04-01 01:54:58,651 - processing started: 615_228 
2022-04-01 01:54:58,761 - processing completed: 615_228
2022-04-01 01:54:58,765 - processing started: 617_229 
2022-04-01 01:54:58,949 - processing completed: 617_229
2022-04-01 01:54:58,954 - processing started: 619_230 
2022-04-01 01:54:59,094 - processing completed: 619_230
2022-04-01 01:54:59,098 - processing started: 621_230 
2022-04-01 01:54:59,281 - processing completed: 621_230
2022-04-01 01:54:59,286 - processing started: 623_231 
2022-04-01 01:54:59,390 - processing completed: 623_231
2022-04-01 01:54:59,395 - processing started: 625_232 
2022-04-01 01:54:59,556 - processing completed: 625_232
2022-04-01 01:54:59,559 - processing started: 627_232 
2022-04-01 01:54:59,729 - processing completed: 627_232
2022-04-01 01:54:59,733 - processing started: 629_232 
2022-04-01 01:54:59,834 - processing completed: 629_232
2022-04-01 01:54:59,838 - processing started: 631_233 
2022-04-01 01:55:00,005 - processing completed: 631_233
2022-04-01 01:55:00,009 - processing started: 633_234 
2022-04-01 01:55:00,111 - processing completed: 633_234
2022-04-01 01:55:00,114 - processing started: 635_234 
2022-04-01 01:55:00,283 - processing completed: 635_234
2022-04-01 01:55:00,287 - processing started: 637_234 
2022-04-01 01:55:00,386 - processing completed: 637_234
2022-04-01 01:55:00,390 - processing started: 639_235 
2022-04-01 01:55:00,586 - processing completed: 639_235
2022-04-01 01:55:00,591 - processing started: 641_236 
2022-04-01 01:55:00,742 - processing completed: 641_236
2022-04-01 01:55:00,748 - processing started: 643_237 
2022-04-01 01:55:00,978 - processing completed: 643_237
2022-04-01 01:55:00,983 - processing started: 645_238 
2022-04-01 01:55:01,116 - processing completed: 645_238
2022-04-01 01:55:01,121 - processing started: 647_239 
2022-04-01 01:55:01,318 - processing completed: 647_239
2022-04-01 01:55:01,322 - processing started: 649_240 
2022-04-01 01:55:01,451 - processing completed: 649_240
2022-04-01 01:55:01,456 - processing started: 651_240 
2022-04-01 01:55:01,652 - processing completed: 651_240
2022-04-01 01:55:01,658 - processing started: 653_241 
2022-04-01 01:55:01,792 - processing completed: 653_241
2022-04-01 01:55:01,798 - processing started: 655_242 
2022-04-01 01:55:01,990 - processing completed: 655_242
2022-04-01 01:55:01,995 - processing started: 657_242 
2022-04-01 01:55:02,199 - processing completed: 657_242
2022-04-01 01:55:02,205 - processing started: 659_243 
2022-04-01 01:55:02,335 - processing completed: 659_243
2022-04-01 01:55:02,340 - processing started: 661_244 
2022-04-01 01:55:02,507 - processing completed: 661_244
2022-04-01 01:55:02,514 - processing started: 663_244 
2022-04-01 01:55:02,613 - processing completed: 663_244
2022-04-01 01:55:02,617 - processing started: 665_245 
2022-04-01 01:55:02,774 - processing completed: 665_245
2022-04-01 01:55:02,779 - processing started: 667_246 
2022-04-01 01:55:02,863 - processing completed: 667_246
2022-04-01 01:55:02,868 - processing started: 669_247 
2022-04-01 01:55:03,016 - processing completed: 669_247
2022-04-01 01:55:03,022 - processing started: 671_248 
2022-04-01 01:55:03,104 - processing completed: 671_248
2022-04-01 01:55:03,108 - processing started: 673_249 
2022-04-01 01:55:03,249 - processing completed: 673_249
2022-04-01 01:55:03,253 - processing started: 675_250 
2022-04-01 01:55:03,338 - processing completed: 675_250
2022-04-01 01:55:03,342 - processing started: 677_251 
2022-04-01 01:55:03,484 - processing completed: 677_251
2022-04-01 01:55:03,488 - processing started: 679_251 
2022-04-01 01:55:03,572 - processing completed: 679_251
2022-04-01 01:55:03,577 - processing started: 681_252 
2022-04-01 01:55:03,720 - processing completed: 681_252
2022-04-01 01:55:03,725 - processing started: 683_252 
2022-04-01 01:55:03,804 - processing completed: 683_252
2022-04-01 01:55:03,807 - processing started: 685_253 
2022-04-01 01:55:03,969 - processing completed: 685_253
2022-04-01 01:55:03,973 - processing started: 687_254 
2022-04-01 01:55:04,178 - processing completed: 687_254
2022-04-01 01:55:04,184 - processing started: 689_255 
2022-04-01 01:55:04,308 - processing completed: 689_255
2022-04-01 01:55:04,313 - processing started: 691_256 
2022-04-01 01:55:04,501 - processing completed: 691_256
2022-04-01 01:55:04,505 - processing started: 693_257 
2022-04-01 01:55:04,626 - processing completed: 693_257
2022-04-01 01:55:04,631 - processing started: 695_257 
2022-04-01 01:55:04,808 - processing completed: 695_257
2022-04-01 01:55:04,812 - processing started: 697_258 
2022-04-01 01:55:04,922 - processing completed: 697_258
2022-04-01 01:55:04,926 - processing started: 699_259 
2022-04-01 01:55:05,090 - processing completed: 699_259
2022-04-01 01:55:05,094 - processing started: 701_260 
2022-04-01 01:55:05,211 - processing completed: 701_260
2022-04-01 01:55:05,214 - processing started: 703_260 
2022-04-01 01:55:05,394 - processing completed: 703_260
2022-04-01 01:55:05,398 - processing started: 705_261 
2022-04-01 01:55:05,519 - processing completed: 705_261
2022-04-01 01:55:05,522 - processing started: 707_262 
2022-04-01 01:55:05,688 - processing completed: 707_262
2022-04-01 01:55:05,692 - processing started: 709_262 
2022-04-01 01:55:05,802 - processing completed: 709_262
2022-04-01 01:55:05,807 - processing started: 711_263 
2022-04-01 01:55:06,007 - processing completed: 711_263
2022-04-01 01:55:06,012 - processing started: 713_264 
2022-04-01 01:55:06,196 - processing completed: 713_264
2022-04-01 01:55:06,200 - processing started: 715_265 
2022-04-01 01:55:06,307 - processing completed: 715_265
2022-04-01 01:55:06,312 - processing started: 717_265 
2022-04-01 01:55:06,481 - processing completed: 717_265
2022-04-01 01:55:06,485 - processing started: 719_266 
2022-04-01 01:55:06,587 - processing completed: 719_266
2022-04-01 01:55:06,591 - processing started: 721_267 
2022-04-01 01:55:06,758 - processing completed: 721_267
2022-04-01 01:55:06,762 - processing started: 723_267 
2022-04-01 01:55:06,865 - processing completed: 723_267
2022-04-01 01:55:06,869 - processing started: 725_267 
2022-04-01 01:55:07,035 - processing completed: 725_267
2022-04-01 01:55:07,039 - processing started: 727_268 
2022-04-01 01:55:07,149 - processing completed: 727_268
2022-04-01 01:55:07,153 - processing started: 729_268 
2022-04-01 01:55:07,320 - processing completed: 729_268
2022-04-01 01:55:07,325 - processing started: 731_268 
2022-04-01 01:55:07,429 - processing completed: 731_268
2022-04-01 01:55:07,434 - processing started: 733_268 
2022-04-01 01:55:07,599 - processing completed: 733_268
2022-04-01 01:55:07,605 - processing started: 735_269 
2022-04-01 01:55:07,739 - processing completed: 735_269
2022-04-01 01:55:07,743 - processing started: 737_269 
2022-04-01 01:55:07,928 - processing completed: 737_269
2022-04-01 01:55:07,935 - processing started: 739_270 
2022-04-01 01:55:08,051 - processing completed: 739_270
2022-04-01 01:55:08,056 - processing started: 741_271 
2022-04-01 01:55:08,239 - processing completed: 741_271
2022-04-01 01:55:08,243 - processing started: 743_272 
2022-04-01 01:55:08,404 - processing completed: 743_272
2022-04-01 01:55:08,409 - processing started: 745_273 
2022-04-01 01:55:08,517 - processing completed: 745_273
2022-04-01 01:55:08,522 - processing started: 747_274 
2022-04-01 01:55:08,684 - processing completed: 747_274
2022-04-01 01:55:08,687 - processing started: 749_274 
2022-04-01 01:55:08,780 - processing completed: 749_274
2022-04-01 01:55:08,784 - processing started: 751_275 
2022-04-01 01:55:08,954 - processing completed: 751_275
2022-04-01 01:55:08,957 - processing started: 753_275 
2022-04-01 01:55:09,057 - processing completed: 753_275
2022-04-01 01:55:09,061 - processing started: 755_276 
2022-04-01 01:55:09,233 - processing completed: 755_276
2022-04-01 01:55:09,238 - processing started: 757_276 
2022-04-01 01:55:09,357 - processing completed: 757_276
2022-04-01 01:55:09,364 - processing started: 759_277 
2022-04-01 01:55:09,605 - processing completed: 759_277
2022-04-01 01:55:09,610 - processing started: 761_278 
2022-04-01 01:55:09,729 - processing completed: 761_278
2022-04-01 01:55:09,733 - processing started: 763_279 
2022-04-01 01:55:09,911 - processing completed: 763_279
2022-04-01 01:55:09,915 - processing started: 765_280 
2022-04-01 01:55:10,000 - processing completed: 765_280
2022-04-01 01:55:10,003 - processing started: 767_280 
2022-04-01 01:55:10,157 - processing completed: 767_280
2022-04-01 01:55:10,162 - processing started: 769_281 
2022-04-01 01:55:10,251 - processing completed: 769_281
2022-04-01 01:55:10,255 - processing started: 771_282 
2022-04-01 01:55:10,402 - processing completed: 771_282
2022-04-01 01:55:10,406 - processing started: 773_283 
2022-04-01 01:55:10,573 - processing completed: 773_283
2022-04-01 01:55:10,579 - processing started: 775_284 
2022-04-01 01:55:10,660 - processing completed: 775_284
2022-04-01 01:55:10,665 - processing started: 777_285 
2022-04-01 01:55:10,821 - processing completed: 777_285
2022-04-01 01:55:10,825 - processing started: 779_286 
2022-04-01 01:55:10,995 - processing completed: 779_286
2022-04-01 01:55:11,001 - processing started: 781_287 
2022-04-01 01:55:11,147 - processing completed: 781_287
2022-04-01 01:55:11,152 - processing started: 783_288 
2022-04-01 01:55:11,250 - processing completed: 783_288
2022-04-01 01:55:11,257 - processing started: 785_289 
2022-04-01 01:55:11,418 - processing completed: 785_289
2022-04-01 01:55:11,422 - processing started: 787_290 
2022-04-01 01:55:11,507 - processing completed: 787_290
2022-04-01 01:55:11,511 - processing started: 789_290 
2022-04-01 01:55:11,665 - processing completed: 789_290
2022-04-01 01:55:11,668 - processing started: 791_291 
2022-04-01 01:55:11,749 - processing completed: 791_291
2022-04-01 01:55:11,753 - processing started: 793_292 
2022-04-01 01:55:11,894 - processing completed: 793_292
2022-04-01 01:55:11,897 - processing started: 795_292 
2022-04-01 01:55:11,977 - processing completed: 795_292
2022-04-01 01:55:11,982 - processing started: 797_293 
2022-04-01 01:55:12,095 - processing completed: 797_293
2022-04-01 01:55:12,099 - processing started: 799_294 
2022-04-01 01:55:12,149 - processing completed: 799_294
2022-04-01 01:55:12,152 - processing started: 801_295 
2022-04-01 01:55:12,291 - processing completed: 801_295
2022-04-01 01:55:12,294 - processing started: 803_296 
2022-04-01 01:55:12,446 - processing completed: 803_296
2022-04-01 01:55:12,450 - processing started: 805_297 
2022-04-01 01:55:12,612 - processing completed: 805_297
2022-04-01 01:55:12,618 - processing started: 807_298 
2022-04-01 01:55:12,771 - processing completed: 807_298
2022-04-01 01:55:12,774 - processing started: 809_298 
2022-04-01 01:55:12,860 - processing completed: 809_298
2022-04-01 01:55:12,864 - processing started: 811_299 
2022-04-01 01:55:13,014 - processing completed: 811_299
2022-04-01 01:55:13,017 - processing started: 0_0 
2022-04-01 01:55:13,018 - Closing connection (200): Normal shutdown
2022-04-01 01:55:13,018 - Closing channel (200): 'Normal shutdown' on <Channel number=1 OPEN conn=<SelectConnection OPEN transport=<pika.adapters.utils.io_services_utils._AsyncPlaintextTransport object at 0x12510bd30> params=<ConnectionParameters host=localhost port=5672 virtual_host=/ ssl=False>>>
2022-04-01 01:55:13,019 - Received <Channel.CloseOk> on <Channel number=1 CLOSING conn=<SelectConnection OPEN transport=<pika.adapters.utils.io_services_utils._AsyncPlaintextTransport object at 0x12510bd30> params=<ConnectionParameters host=localhost port=5672 virtual_host=/ ssl=False>>>
2022-04-01 01:55:13,019 - Closing connection (200): 'Normal shutdown'
2022-04-01 01:55:13,020 - Aborting transport connection: state=1; <socket.socket fd=22, family=AddressFamily.AF_INET, type=SocketKind.SOCK_STREAM, proto=6, laddr=('127.0.0.1', 59661), raddr=('127.0.0.1', 5672)>
2022-04-01 01:55:13,020 - _AsyncTransportBase._initate_abort(): Initiating abrupt asynchronous transport shutdown: state=1; error=None; <socket.socket fd=22, family=AddressFamily.AF_INET, type=SocketKind.SOCK_STREAM, proto=6, laddr=('127.0.0.1', 59661), raddr=('127.0.0.1', 5672)>
2022-04-01 01:55:13,020 - Deactivating transport: state=1; <socket.socket fd=22, family=AddressFamily.AF_INET, type=SocketKind.SOCK_STREAM, proto=6, laddr=('127.0.0.1', 59661), raddr=('127.0.0.1', 5672)>
2022-04-01 01:55:13,020 - AMQP stack terminated, failed to connect, or aborted: opened=True, error-arg=None; pending-error=ConnectionClosedByClient: (200) 'Normal shutdown'
2022-04-01 01:55:13,020 - Stack terminated due to ConnectionClosedByClient: (200) 'Normal shutdown'
2022-04-01 01:55:13,020 - Closing transport socket and unlinking: state=3; <socket.socket fd=22, family=AddressFamily.AF_INET, type=SocketKind.SOCK_STREAM, proto=6, laddr=('127.0.0.1', 59661), raddr=('127.0.0.1', 5672)>
2022-04-01 01:55:13,020 - User-initiated close: result=BlockingConnection__OnClosedArgs(connection=<SelectConnection CLOSED transport=None params=<ConnectionParameters host=localhost port=5672 virtual_host=/ ssl=False>>, error=ConnectionClosedByClient: (200) 'Normal shutdown')
2022-04-01 01:55:13,021 - PID 58987 completed loading and processing
