2022-04-01 07:02:06,438 - PID 46304 started loading and processing
2022-04-01 07:02:06,445 - Pika version 1.2.0 connecting to ('::1', 5672, 0, 0)
2022-04-01 07:02:06,445 - Socket failed to connect: <socket.socket fd=22, family=AddressFamily.AF_INET6, type=SocketKind.SOCK_STREAM, proto=6, laddr=('::1', 62138, 0, 0)>; error=61 (Connection refused)
2022-04-01 07:02:06,445 - TCP Connection attempt failed: ConnectionRefusedError(61, 'Connection refused'); dest=(<AddressFamily.AF_INET6: 30>, <SocketKind.SOCK_STREAM: 1>, 6, '', ('::1', 5672, 0, 0))
2022-04-01 07:02:06,445 - AMQPConnector - reporting failure: AMQPConnectorSocketConnectError: ConnectionRefusedError(61, 'Connection refused')
2022-04-01 07:02:06,445 - Pika version 1.2.0 connecting to ('127.0.0.1', 5672)
2022-04-01 07:02:06,446 - Socket connected: <socket.socket fd=22, family=AddressFamily.AF_INET, type=SocketKind.SOCK_STREAM, proto=6, laddr=('127.0.0.1', 62140), raddr=('127.0.0.1', 5672)>
2022-04-01 07:02:06,446 - Streaming transport linked up: (<pika.adapters.utils.io_services_utils._AsyncPlaintextTransport object at 0x11d52d280>, _StreamingProtocolShim: <SelectConnection PROTOCOL transport=<pika.adapters.utils.io_services_utils._AsyncPlaintextTransport object at 0x11d52d280> params=<ConnectionParameters host=localhost port=5672 virtual_host=/ ssl=False>>).
2022-04-01 07:02:06,451 - AMQPConnector - reporting success: <SelectConnection OPEN transport=<pika.adapters.utils.io_services_utils._AsyncPlaintextTransport object at 0x11d52d280> params=<ConnectionParameters host=localhost port=5672 virtual_host=/ ssl=False>>
2022-04-01 07:02:06,451 - AMQPConnectionWorkflow - reporting success: <SelectConnection OPEN transport=<pika.adapters.utils.io_services_utils._AsyncPlaintextTransport object at 0x11d52d280> params=<ConnectionParameters host=localhost port=5672 virtual_host=/ ssl=False>>
2022-04-01 07:02:06,451 - Connection workflow succeeded: <SelectConnection OPEN transport=<pika.adapters.utils.io_services_utils._AsyncPlaintextTransport object at 0x11d52d280> params=<ConnectionParameters host=localhost port=5672 virtual_host=/ ssl=False>>
2022-04-01 07:02:06,452 - Created channel=1
2022-04-01 07:02:06,454 - Logging before start consuming
2022-04-01 07:02:07,137 - processing started: 0_000 
2022-04-01 07:02:07,330 - processing completed: 0_000
2022-04-01 07:02:07,350 - processing started: 2_000 
2022-04-01 07:02:07,557 - processing completed: 2_000
2022-04-01 07:02:07,563 - processing started: 4_001 
2022-04-01 07:02:07,773 - processing completed: 4_001
2022-04-01 07:02:07,779 - processing started: 6_002 
2022-04-01 07:02:07,922 - processing completed: 6_002
2022-04-01 07:02:07,927 - processing started: 8_003 
2022-04-01 07:02:08,156 - processing completed: 8_003
2022-04-01 07:02:08,162 - processing started: 10_004 
2022-04-01 07:02:08,328 - processing completed: 10_004
2022-04-01 07:02:08,333 - processing started: 12_005 
2022-04-01 07:02:08,559 - processing completed: 12_005
2022-04-01 07:02:08,565 - processing started: 14_005 
2022-04-01 07:02:08,745 - processing completed: 14_005
2022-04-01 07:02:08,750 - processing started: 16_006 
2022-04-01 07:02:08,979 - processing completed: 16_006
2022-04-01 07:02:08,985 - processing started: 18_007 
2022-04-01 07:02:09,164 - processing completed: 18_007
2022-04-01 07:02:09,170 - processing started: 20_008 
2022-04-01 07:02:09,389 - processing completed: 20_008
2022-04-01 07:02:09,394 - processing started: 22_009 
2022-04-01 07:02:09,568 - processing completed: 22_009
2022-04-01 07:02:09,574 - processing started: 24_009 
2022-04-01 07:02:09,812 - processing completed: 24_009
2022-04-01 07:02:09,818 - processing started: 26_010 
2022-04-01 07:02:09,998 - processing completed: 26_010
2022-04-01 07:02:10,006 - processing started: 28_011 
2022-04-01 07:02:10,267 - processing completed: 28_011
2022-04-01 07:02:10,273 - processing started: 30_012 
2022-04-01 07:02:10,352 - processing completed: 30_012
2022-04-01 07:02:10,355 - processing started: 32_013 
2022-04-01 07:02:10,554 - processing completed: 32_013
2022-04-01 07:02:10,558 - processing started: 34_014 
2022-04-01 07:02:10,770 - processing completed: 34_014
2022-04-01 07:02:10,775 - processing started: 36_014 
2022-04-01 07:02:10,880 - processing completed: 36_014
2022-04-01 07:02:10,885 - processing started: 38_015 
2022-04-01 07:02:11,061 - processing completed: 38_015
2022-04-01 07:02:11,088 - processing started: 40_015 
2022-04-01 07:02:11,186 - processing completed: 40_015
2022-04-01 07:02:11,190 - processing started: 42_015 
2022-04-01 07:02:11,374 - processing completed: 42_015
2022-04-01 07:02:11,380 - processing started: 44_016 
2022-04-01 07:02:11,476 - processing completed: 44_016
2022-04-01 07:02:11,481 - processing started: 46_017 
2022-04-01 07:02:11,659 - processing completed: 46_017
2022-04-01 07:02:11,664 - processing started: 48_018 
2022-04-01 07:02:11,776 - processing completed: 48_018
2022-04-01 07:02:11,781 - processing started: 50_019 
2022-04-01 07:02:11,970 - processing completed: 50_019
2022-04-01 07:02:11,975 - processing started: 52_020 
2022-04-01 07:02:12,070 - processing completed: 52_020
2022-04-01 07:02:12,074 - processing started: 54_021 
2022-04-01 07:02:12,237 - processing completed: 54_021
2022-04-01 07:02:12,242 - processing started: 56_022 
2022-04-01 07:02:12,400 - processing completed: 56_022
2022-04-01 07:02:12,405 - processing started: 58_022 
2022-04-01 07:02:12,605 - processing completed: 58_022
2022-04-01 07:02:12,611 - processing started: 60_023 
2022-04-01 07:02:12,710 - processing completed: 60_023
2022-04-01 07:02:12,713 - processing started: 62_023 
2022-04-01 07:02:12,869 - processing completed: 62_023
2022-04-01 07:02:12,872 - processing started: 64_024 
2022-04-01 07:02:13,030 - processing completed: 64_024
2022-04-01 07:02:13,034 - processing started: 66_025 
2022-04-01 07:02:13,139 - processing completed: 66_025
2022-04-01 07:02:13,144 - processing started: 68_026 
2022-04-01 07:02:13,310 - processing completed: 68_026
2022-04-01 07:02:13,313 - processing started: 70_027 
2022-04-01 07:02:13,424 - processing completed: 70_027
2022-04-01 07:02:13,428 - processing started: 72_028 
2022-04-01 07:02:13,587 - processing completed: 72_028
2022-04-01 07:02:13,591 - processing started: 74_028 
2022-04-01 07:02:13,692 - processing completed: 74_028
2022-04-01 07:02:13,696 - processing started: 76_029 
2022-04-01 07:02:13,876 - processing completed: 76_029
2022-04-01 07:02:13,881 - processing started: 78_030 
2022-04-01 07:02:13,996 - processing completed: 78_030
2022-04-01 07:02:14,001 - processing started: 80_031 
2022-04-01 07:02:14,194 - processing completed: 80_031
2022-04-01 07:02:14,198 - processing started: 82_031 
2022-04-01 07:02:14,318 - processing completed: 82_031
2022-04-01 07:02:14,322 - processing started: 84_032 
2022-04-01 07:02:14,556 - processing completed: 84_032
2022-04-01 07:02:14,561 - processing started: 86_032 
2022-04-01 07:02:14,725 - processing completed: 86_032
2022-04-01 07:02:14,730 - processing started: 88_033 
2022-04-01 07:02:14,899 - processing completed: 88_033
2022-04-01 07:02:14,903 - processing started: 90_033 
2022-04-01 07:02:15,016 - processing completed: 90_033
2022-04-01 07:02:15,020 - processing started: 92_033 
2022-04-01 07:02:15,198 - processing completed: 92_033
2022-04-01 07:02:15,202 - processing started: 94_034 
2022-04-01 07:02:15,379 - processing completed: 94_034
2022-04-01 07:02:15,383 - processing started: 96_035 
2022-04-01 07:02:15,494 - processing completed: 96_035
2022-04-01 07:02:15,500 - processing started: 98_035 
2022-04-01 07:02:15,706 - processing completed: 98_035
2022-04-01 07:02:15,711 - processing started: 100_036 
2022-04-01 07:02:15,831 - processing completed: 100_036
2022-04-01 07:02:15,836 - processing started: 102_037 
2022-04-01 07:02:16,022 - processing completed: 102_037
2022-04-01 07:02:16,027 - processing started: 104_038 
2022-04-01 07:02:16,147 - processing completed: 104_038
2022-04-01 07:02:16,152 - processing started: 106_039 
2022-04-01 07:02:16,335 - processing completed: 106_039
2022-04-01 07:02:16,340 - processing started: 108_039 
2022-04-01 07:02:16,461 - processing completed: 108_039
2022-04-01 07:02:16,464 - processing started: 110_040 
2022-04-01 07:02:16,645 - processing completed: 110_040
2022-04-01 07:02:16,649 - processing started: 112_040 
2022-04-01 07:02:16,763 - processing completed: 112_040
2022-04-01 07:02:16,768 - processing started: 114_040 
2022-04-01 07:02:16,949 - processing completed: 114_040
2022-04-01 07:02:16,953 - processing started: 116_041 
2022-04-01 07:02:17,069 - processing completed: 116_041
2022-04-01 07:02:17,073 - processing started: 118_042 
2022-04-01 07:02:17,248 - processing completed: 118_042
2022-04-01 07:02:17,255 - processing started: 120_042 
2022-04-01 07:02:17,389 - processing completed: 120_042
2022-04-01 07:02:17,394 - processing started: 122_043 
2022-04-01 07:02:17,575 - processing completed: 122_043
2022-04-01 07:02:17,580 - processing started: 124_044 
2022-04-01 07:02:17,769 - processing completed: 124_044
2022-04-01 07:02:17,773 - processing started: 126_044 
2022-04-01 07:02:17,881 - processing completed: 126_044
2022-04-01 07:02:17,885 - processing started: 128_045 
2022-04-01 07:02:18,060 - processing completed: 128_045
2022-04-01 07:02:18,064 - processing started: 130_046 
2022-04-01 07:02:18,176 - processing completed: 130_046
2022-04-01 07:02:18,181 - processing started: 132_047 
2022-04-01 07:02:18,362 - processing completed: 132_047
2022-04-01 07:02:18,367 - processing started: 134_048 
2022-04-01 07:02:18,478 - processing completed: 134_048
2022-04-01 07:02:18,482 - processing started: 136_048 
2022-04-01 07:02:18,661 - processing completed: 136_048
2022-04-01 07:02:18,665 - processing started: 138_049 
2022-04-01 07:02:18,785 - processing completed: 138_049
2022-04-01 07:02:18,789 - processing started: 140_050 
2022-04-01 07:02:18,964 - processing completed: 140_050
2022-04-01 07:02:18,967 - processing started: 142_050 
2022-04-01 07:02:19,104 - processing completed: 142_050
2022-04-01 07:02:19,109 - processing started: 144_051 
2022-04-01 07:02:19,302 - processing completed: 144_051
2022-04-01 07:02:19,306 - processing started: 146_051 
2022-04-01 07:02:19,422 - processing completed: 146_051
2022-04-01 07:02:19,426 - processing started: 148_052 
2022-04-01 07:02:19,598 - processing completed: 148_052
2022-04-01 07:02:19,603 - processing started: 150_053 
2022-04-01 07:02:19,717 - processing completed: 150_053
2022-04-01 07:02:19,722 - processing started: 152_054 
2022-04-01 07:02:19,893 - processing completed: 152_054
2022-04-01 07:02:19,898 - processing started: 154_055 
2022-04-01 07:02:20,083 - processing completed: 154_055
2022-04-01 07:02:20,087 - processing started: 156_056 
2022-04-01 07:02:20,203 - processing completed: 156_056
2022-04-01 07:02:20,207 - processing started: 158_057 
2022-04-01 07:02:20,381 - processing completed: 158_057
2022-04-01 07:02:20,385 - processing started: 160_058 
2022-04-01 07:02:20,562 - processing completed: 160_058
2022-04-01 07:02:20,568 - processing started: 162_058 
2022-04-01 07:02:20,838 - processing completed: 162_058
2022-04-01 07:02:20,845 - processing started: 164_059 
2022-04-01 07:02:20,961 - processing completed: 164_059
2022-04-01 07:02:20,967 - processing started: 166_060 
2022-04-01 07:02:21,132 - processing completed: 166_060
2022-04-01 07:02:21,137 - processing started: 168_061 
2022-04-01 07:02:21,251 - processing completed: 168_061
2022-04-01 07:02:21,255 - processing started: 170_062 
2022-04-01 07:02:21,421 - processing completed: 170_062
2022-04-01 07:02:21,425 - processing started: 172_062 
2022-04-01 07:02:21,536 - processing completed: 172_062
2022-04-01 07:02:21,540 - processing started: 174_063 
2022-04-01 07:02:21,803 - processing completed: 174_063
2022-04-01 07:02:21,809 - processing started: 176_064 
2022-04-01 07:02:22,017 - processing completed: 176_064
2022-04-01 07:02:22,023 - processing started: 178_064 
2022-04-01 07:02:22,289 - processing completed: 178_064
2022-04-01 07:02:22,295 - processing started: 180_065 
2022-04-01 07:02:22,601 - processing completed: 180_065
2022-04-01 07:02:22,608 - processing started: 182_066 
2022-04-01 07:02:22,828 - processing completed: 182_066
2022-04-01 07:02:22,834 - processing started: 184_066 
2022-04-01 07:02:23,110 - processing completed: 184_066
2022-04-01 07:02:23,116 - processing started: 186_066 
2022-04-01 07:02:23,323 - processing completed: 186_066
2022-04-01 07:02:23,328 - processing started: 188_067 
2022-04-01 07:02:23,443 - processing completed: 188_067
2022-04-01 07:02:23,445 - processing started: 190_067 
2022-04-01 07:02:23,593 - processing completed: 190_067
2022-04-01 07:02:23,598 - processing started: 192_067 
2022-04-01 07:02:23,869 - processing completed: 192_067
2022-04-01 07:02:23,876 - processing started: 194_068 
2022-04-01 07:02:24,020 - processing completed: 194_068
2022-04-01 07:02:24,025 - processing started: 196_069 
2022-04-01 07:02:24,264 - processing completed: 196_069
2022-04-01 07:02:24,270 - processing started: 198_069 
2022-04-01 07:02:24,419 - processing completed: 198_069
2022-04-01 07:02:24,424 - processing started: 200_070 
2022-04-01 07:02:24,536 - processing completed: 200_070
2022-04-01 07:02:24,539 - processing started: 202_071 
2022-04-01 07:02:24,747 - processing completed: 202_071
2022-04-01 07:02:24,753 - processing started: 204_072 
2022-04-01 07:02:25,024 - processing completed: 204_072
2022-04-01 07:02:25,030 - processing started: 206_072 
2022-04-01 07:02:25,241 - processing completed: 206_072
2022-04-01 07:02:25,247 - processing started: 208_073 
2022-04-01 07:02:25,505 - processing completed: 208_073
2022-04-01 07:02:25,511 - processing started: 210_074 
2022-04-01 07:02:25,786 - processing completed: 210_074
2022-04-01 07:02:25,793 - processing started: 212_075 
2022-04-01 07:02:26,053 - processing completed: 212_075
2022-04-01 07:02:26,060 - processing started: 214_076 
2022-04-01 07:02:26,352 - processing completed: 214_076
2022-04-01 07:02:26,359 - processing started: 216_077 
2022-04-01 07:02:26,561 - processing completed: 216_077
2022-04-01 07:02:26,566 - processing started: 218_078 
2022-04-01 07:02:26,833 - processing completed: 218_078
2022-04-01 07:02:26,840 - processing started: 220_079 
2022-04-01 07:02:27,047 - processing completed: 220_079
2022-04-01 07:02:27,054 - processing started: 222_079 
2022-04-01 07:02:27,326 - processing completed: 222_079
2022-04-01 07:02:27,333 - processing started: 224_080 
2022-04-01 07:02:27,428 - processing completed: 224_080
2022-04-01 07:02:27,434 - processing started: 226_081 
2022-04-01 07:02:27,658 - processing completed: 226_081
2022-04-01 07:02:27,664 - processing started: 228_081 
2022-04-01 07:02:27,798 - processing completed: 228_081
2022-04-01 07:02:27,804 - processing started: 230_081 
2022-04-01 07:02:27,998 - processing completed: 230_081
2022-04-01 07:02:28,003 - processing started: 232_082 
2022-04-01 07:02:28,135 - processing completed: 232_082
2022-04-01 07:02:28,141 - processing started: 234_082 
2022-04-01 07:02:28,336 - processing completed: 234_082
2022-04-01 07:02:28,341 - processing started: 236_083 
2022-04-01 07:02:28,471 - processing completed: 236_083
2022-04-01 07:02:28,476 - processing started: 238_084 
2022-04-01 07:02:28,667 - processing completed: 238_084
2022-04-01 07:02:28,673 - processing started: 240_085 
2022-04-01 07:02:28,869 - processing completed: 240_085
2022-04-01 07:02:28,875 - processing started: 242_086 
2022-04-01 07:02:29,023 - processing completed: 242_086
2022-04-01 07:02:29,028 - processing started: 244_087 
2022-04-01 07:02:29,254 - processing completed: 244_087
2022-04-01 07:02:29,261 - processing started: 246_088 
2022-04-01 07:02:29,409 - processing completed: 246_088
2022-04-01 07:02:29,414 - processing started: 248_088 
2022-04-01 07:02:29,611 - processing completed: 248_088
2022-04-01 07:02:29,615 - processing started: 250_089 
2022-04-01 07:02:29,697 - processing completed: 250_089
2022-04-01 07:02:29,701 - processing started: 252_090 
2022-04-01 07:02:29,843 - processing completed: 252_090
2022-04-01 07:02:29,847 - processing started: 254_091 
2022-04-01 07:02:29,928 - processing completed: 254_091
2022-04-01 07:02:29,931 - processing started: 256_092 
2022-04-01 07:02:30,076 - processing completed: 256_092
2022-04-01 07:02:30,079 - processing started: 258_093 
2022-04-01 07:02:30,181 - processing completed: 258_093
2022-04-01 07:02:30,185 - processing started: 260_094 
2022-04-01 07:02:30,350 - processing completed: 260_094
2022-04-01 07:02:30,356 - processing started: 262_094 
2022-04-01 07:02:30,467 - processing completed: 262_094
2022-04-01 07:02:30,472 - processing started: 264_095 
2022-04-01 07:02:30,635 - processing completed: 264_095
2022-04-01 07:02:30,640 - processing started: 266_096 
2022-04-01 07:02:30,741 - processing completed: 266_096
2022-04-01 07:02:30,746 - processing started: 268_097 
2022-04-01 07:02:30,907 - processing completed: 268_097
2022-04-01 07:02:30,911 - processing started: 270_098 
2022-04-01 07:02:31,098 - processing completed: 270_098
2022-04-01 07:02:31,103 - processing started: 272_099 
2022-04-01 07:02:31,191 - processing completed: 272_099
2022-04-01 07:02:31,196 - processing started: 274_100 
2022-04-01 07:02:31,393 - processing completed: 274_100
2022-04-01 07:02:31,398 - processing started: 276_101 
2022-04-01 07:02:31,488 - processing completed: 276_101
2022-04-01 07:02:31,493 - processing started: 278_102 
2022-04-01 07:02:31,641 - processing completed: 278_102
2022-04-01 07:02:31,645 - processing started: 280_103 
2022-04-01 07:02:31,723 - processing completed: 280_103
2022-04-01 07:02:31,728 - processing started: 282_103 
2022-04-01 07:02:31,875 - processing completed: 282_103
2022-04-01 07:02:31,879 - processing started: 284_104 
2022-04-01 07:02:31,961 - processing completed: 284_104
2022-04-01 07:02:31,965 - processing started: 286_105 
2022-04-01 07:02:32,111 - processing completed: 286_105
2022-04-01 07:02:32,115 - processing started: 288_106 
2022-04-01 07:02:32,195 - processing completed: 288_106
2022-04-01 07:02:32,200 - processing started: 290_107 
2022-04-01 07:02:32,343 - processing completed: 290_107
2022-04-01 07:02:32,348 - processing started: 292_108 
2022-04-01 07:02:32,425 - processing completed: 292_108
2022-04-01 07:02:32,429 - processing started: 294_108 
2022-04-01 07:02:32,568 - processing completed: 294_108
2022-04-01 07:02:32,571 - processing started: 296_109 
2022-04-01 07:02:32,657 - processing completed: 296_109
2022-04-01 07:02:32,662 - processing started: 298_110 
2022-04-01 07:02:32,834 - processing completed: 298_110
2022-04-01 07:02:32,839 - processing started: 300_111 
2022-04-01 07:02:32,985 - processing completed: 300_111
2022-04-01 07:02:32,989 - processing started: 302_112 
2022-04-01 07:02:33,073 - processing completed: 302_112
2022-04-01 07:02:33,077 - processing started: 304_113 
2022-04-01 07:02:33,218 - processing completed: 304_113
2022-04-01 07:02:33,222 - processing started: 306_114 
2022-04-01 07:02:33,348 - processing completed: 306_114
2022-04-01 07:02:33,353 - processing started: 308_115 
2022-04-01 07:02:33,541 - processing completed: 308_115
2022-04-01 07:02:33,546 - processing started: 310_116 
2022-04-01 07:02:33,672 - processing completed: 310_116
2022-04-01 07:02:33,677 - processing started: 312_117 
2022-04-01 07:02:33,861 - processing completed: 312_117
2022-04-01 07:02:33,866 - processing started: 314_117 
2022-04-01 07:02:33,990 - processing completed: 314_117
2022-04-01 07:02:33,994 - processing started: 316_118 
2022-04-01 07:02:34,180 - processing completed: 316_118
2022-04-01 07:02:34,185 - processing started: 318_119 
2022-04-01 07:02:34,310 - processing completed: 318_119
2022-04-01 07:02:34,316 - processing started: 320_120 
2022-04-01 07:02:34,502 - processing completed: 320_120
2022-04-01 07:02:34,506 - processing started: 322_120 
2022-04-01 07:02:34,609 - processing completed: 322_120
2022-04-01 07:02:34,615 - processing started: 324_121 
2022-04-01 07:02:34,813 - processing completed: 324_121
2022-04-01 07:02:34,818 - processing started: 326_122 
2022-04-01 07:02:34,943 - processing completed: 326_122
2022-04-01 07:02:34,948 - processing started: 328_123 
2022-04-01 07:02:35,134 - processing completed: 328_123
2022-04-01 07:02:35,140 - processing started: 330_123 
2022-04-01 07:02:35,332 - processing completed: 330_123
2022-04-01 07:02:35,337 - processing started: 332_124 
2022-04-01 07:02:35,461 - processing completed: 332_124
2022-04-01 07:02:35,466 - processing started: 334_124 
2022-04-01 07:02:35,656 - processing completed: 334_124
2022-04-01 07:02:35,662 - processing started: 336_124 
2022-04-01 07:02:35,791 - processing completed: 336_124
2022-04-01 07:02:35,796 - processing started: 338_124 
2022-04-01 07:02:35,982 - processing completed: 338_124
2022-04-01 07:02:35,987 - processing started: 340_125 
2022-04-01 07:02:36,130 - processing completed: 340_125
2022-04-01 07:02:36,136 - processing started: 342_126 
2022-04-01 07:02:36,343 - processing completed: 342_126
2022-04-01 07:02:36,349 - processing started: 344_126 
2022-04-01 07:02:36,482 - processing completed: 344_126
2022-04-01 07:02:36,487 - processing started: 346_127 
2022-04-01 07:02:36,678 - processing completed: 346_127
2022-04-01 07:02:36,683 - processing started: 348_128 
2022-04-01 07:02:36,811 - processing completed: 348_128
2022-04-01 07:02:36,816 - processing started: 350_129 
2022-04-01 07:02:37,001 - processing completed: 350_129
2022-04-01 07:02:37,007 - processing started: 352_130 
2022-04-01 07:02:37,130 - processing completed: 352_130
2022-04-01 07:02:37,135 - processing started: 354_131 
2022-04-01 07:02:37,318 - processing completed: 354_131
2022-04-01 07:02:37,324 - processing started: 356_132 
2022-04-01 07:02:37,451 - processing completed: 356_132
2022-04-01 07:02:37,456 - processing started: 358_133 
2022-04-01 07:02:37,644 - processing completed: 358_133
2022-04-01 07:02:37,649 - processing started: 360_134 
2022-04-01 07:02:37,849 - processing completed: 360_134
2022-04-01 07:02:37,854 - processing started: 362_134 
2022-04-01 07:02:37,997 - processing completed: 362_134
2022-04-01 07:02:38,002 - processing started: 364_134 
2022-04-01 07:02:38,202 - processing completed: 364_134
2022-04-01 07:02:38,208 - processing started: 366_135 
2022-04-01 07:02:38,343 - processing completed: 366_135
2022-04-01 07:02:38,349 - processing started: 368_136 
2022-04-01 07:02:38,543 - processing completed: 368_136
2022-04-01 07:02:38,548 - processing started: 370_137 
2022-04-01 07:02:38,670 - processing completed: 370_137
2022-04-01 07:02:38,674 - processing started: 372_138 
2022-04-01 07:02:38,860 - processing completed: 372_138
2022-04-01 07:02:38,865 - processing started: 374_139 
2022-04-01 07:02:38,989 - processing completed: 374_139
2022-04-01 07:02:38,994 - processing started: 376_140 
2022-04-01 07:02:39,181 - processing completed: 376_140
2022-04-01 07:02:39,187 - processing started: 378_140 
2022-04-01 07:02:39,314 - processing completed: 378_140
2022-04-01 07:02:39,319 - processing started: 380_141 
2022-04-01 07:02:39,501 - processing completed: 380_141
2022-04-01 07:02:39,507 - processing started: 382_142 
2022-04-01 07:02:39,656 - processing completed: 382_142
2022-04-01 07:02:39,664 - processing started: 384_143 
2022-04-01 07:02:39,864 - processing completed: 384_143
2022-04-01 07:02:39,870 - processing started: 386_144 
2022-04-01 07:02:39,998 - processing completed: 386_144
2022-04-01 07:02:40,003 - processing started: 388_145 
2022-04-01 07:02:40,188 - processing completed: 388_145
2022-04-01 07:02:40,194 - processing started: 390_145 
2022-04-01 07:02:40,379 - processing completed: 390_145
2022-04-01 07:02:40,384 - processing started: 392_145 
2022-04-01 07:02:40,508 - processing completed: 392_145
2022-04-01 07:02:40,513 - processing started: 394_146 
2022-04-01 07:02:40,698 - processing completed: 394_146
2022-04-01 07:02:40,703 - processing started: 396_147 
2022-04-01 07:02:40,827 - processing completed: 396_147
2022-04-01 07:02:40,833 - processing started: 398_147 
2022-04-01 07:02:41,027 - processing completed: 398_147
2022-04-01 07:02:41,033 - processing started: 400_148 
2022-04-01 07:02:41,158 - processing completed: 400_148
2022-04-01 07:02:41,163 - processing started: 402_149 
2022-04-01 07:02:41,380 - processing completed: 402_149
2022-04-01 07:02:41,386 - processing started: 404_149 
2022-04-01 07:02:41,531 - processing completed: 404_149
2022-04-01 07:02:41,537 - processing started: 406_150 
2022-04-01 07:02:41,734 - processing completed: 406_150
2022-04-01 07:02:41,740 - processing started: 408_151 
2022-04-01 07:02:41,865 - processing completed: 408_151
2022-04-01 07:02:41,870 - processing started: 410_152 
2022-04-01 07:02:42,056 - processing completed: 410_152
2022-04-01 07:02:42,060 - processing started: 412_153 
2022-04-01 07:02:42,187 - processing completed: 412_153
2022-04-01 07:02:42,192 - processing started: 414_154 
2022-04-01 07:02:42,377 - processing completed: 414_154
2022-04-01 07:02:42,381 - processing started: 416_155 
2022-04-01 07:02:42,513 - processing completed: 416_155
2022-04-01 07:02:42,518 - processing started: 418_156 
2022-04-01 07:02:42,710 - processing completed: 418_156
2022-04-01 07:02:42,715 - processing started: 420_157 
2022-04-01 07:02:42,902 - processing completed: 420_157
2022-04-01 07:02:42,906 - processing started: 422_157 
2022-04-01 07:02:43,044 - processing completed: 422_157
2022-04-01 07:02:43,050 - processing started: 424_158 
2022-04-01 07:02:43,288 - processing completed: 424_158
2022-04-01 07:02:43,293 - processing started: 426_159 
2022-04-01 07:02:43,421 - processing completed: 426_159
2022-04-01 07:02:43,427 - processing started: 428_160 
2022-04-01 07:02:43,617 - processing completed: 428_160
2022-04-01 07:02:43,622 - processing started: 430_160 
2022-04-01 07:02:43,750 - processing completed: 430_160
2022-04-01 07:02:43,756 - processing started: 432_161 
2022-04-01 07:02:43,944 - processing completed: 432_161
2022-04-01 07:02:43,948 - processing started: 434_162 
2022-04-01 07:02:44,072 - processing completed: 434_162
2022-04-01 07:02:44,077 - processing started: 436_163 
2022-04-01 07:02:44,268 - processing completed: 436_163
2022-04-01 07:02:44,273 - processing started: 438_164 
2022-04-01 07:02:44,398 - processing completed: 438_164
2022-04-01 07:02:44,403 - processing started: 440_165 
2022-04-01 07:02:44,589 - processing completed: 440_165
2022-04-01 07:02:44,594 - processing started: 442_166 
2022-04-01 07:02:44,718 - processing completed: 442_166
2022-04-01 07:02:44,723 - processing started: 444_167 
2022-04-01 07:02:44,922 - processing completed: 444_167
2022-04-01 07:02:44,929 - processing started: 446_167 
2022-04-01 07:02:45,140 - processing completed: 446_167
2022-04-01 07:02:45,145 - processing started: 448_168 
2022-04-01 07:02:45,276 - processing completed: 448_168
2022-04-01 07:02:45,282 - processing started: 450_168 
2022-04-01 07:02:45,473 - processing completed: 450_168
2022-04-01 07:02:45,479 - processing started: 452_169 
2022-04-01 07:02:45,602 - processing completed: 452_169
2022-04-01 07:02:45,606 - processing started: 454_170 
2022-04-01 07:02:45,806 - processing completed: 454_170
2022-04-01 07:02:45,811 - processing started: 456_171 
2022-04-01 07:02:45,941 - processing completed: 456_171
2022-04-01 07:02:45,947 - processing started: 458_171 
2022-04-01 07:02:46,138 - processing completed: 458_171
2022-04-01 07:02:46,144 - processing started: 460_172 
2022-04-01 07:02:46,267 - processing completed: 460_172
2022-04-01 07:02:46,272 - processing started: 462_173 
2022-04-01 07:02:46,462 - processing completed: 462_173
2022-04-01 07:02:46,466 - processing started: 464_174 
2022-04-01 07:02:46,612 - processing completed: 464_174
2022-04-01 07:02:46,618 - processing started: 466_174 
2022-04-01 07:02:46,829 - processing completed: 466_174
2022-04-01 07:02:46,833 - processing started: 468_175 
2022-04-01 07:02:46,961 - processing completed: 468_175
2022-04-01 07:02:46,966 - processing started: 470_176 
2022-04-01 07:02:47,156 - processing completed: 470_176
2022-04-01 07:02:47,161 - processing started: 472_177 
2022-04-01 07:02:47,290 - processing completed: 472_177
2022-04-01 07:02:47,295 - processing started: 474_178 
2022-04-01 07:02:47,487 - processing completed: 474_178
2022-04-01 07:02:47,492 - processing started: 476_178 
2022-04-01 07:02:47,687 - processing completed: 476_178
2022-04-01 07:02:47,691 - processing started: 478_179 
2022-04-01 07:02:47,822 - processing completed: 478_179
2022-04-01 07:02:47,826 - processing started: 480_180 
2022-04-01 07:02:48,018 - processing completed: 480_180
2022-04-01 07:02:48,023 - processing started: 482_180 
2022-04-01 07:02:48,151 - processing completed: 482_180
2022-04-01 07:02:48,155 - processing started: 484_181 
2022-04-01 07:02:48,346 - processing completed: 484_181
2022-04-01 07:02:48,352 - processing started: 486_182 
2022-04-01 07:02:48,511 - processing completed: 486_182
2022-04-01 07:02:48,517 - processing started: 488_183 
2022-04-01 07:02:48,726 - processing completed: 488_183
2022-04-01 07:02:48,732 - processing started: 490_183 
2022-04-01 07:02:48,865 - processing completed: 490_183
2022-04-01 07:02:48,870 - processing started: 492_184 
2022-04-01 07:02:49,061 - processing completed: 492_184
2022-04-01 07:02:49,065 - processing started: 494_184 
2022-04-01 07:02:49,195 - processing completed: 494_184
2022-04-01 07:02:49,201 - processing started: 496_185 
2022-04-01 07:02:49,392 - processing completed: 496_185
2022-04-01 07:02:49,397 - processing started: 498_186 
2022-04-01 07:02:49,533 - processing completed: 498_186
2022-04-01 07:02:49,539 - processing started: 500_187 
2022-04-01 07:02:49,738 - processing completed: 500_187
2022-04-01 07:02:49,743 - processing started: 502_188 
2022-04-01 07:02:49,873 - processing completed: 502_188
2022-04-01 07:02:49,878 - processing started: 504_188 
2022-04-01 07:02:50,069 - processing completed: 504_188
2022-04-01 07:02:50,075 - processing started: 506_189 
2022-04-01 07:02:50,281 - processing completed: 506_189
2022-04-01 07:02:50,285 - processing started: 508_190 
2022-04-01 07:02:50,421 - processing completed: 508_190
2022-04-01 07:02:50,426 - processing started: 510_191 
2022-04-01 07:02:50,626 - processing completed: 510_191
2022-04-01 07:02:50,630 - processing started: 512_192 
2022-04-01 07:02:50,758 - processing completed: 512_192
2022-04-01 07:02:50,764 - processing started: 514_192 
2022-04-01 07:02:50,953 - processing completed: 514_192
2022-04-01 07:02:50,958 - processing started: 516_193 
2022-04-01 07:02:51,090 - processing completed: 516_193
2022-04-01 07:02:51,095 - processing started: 518_194 
2022-04-01 07:02:51,289 - processing completed: 518_194
2022-04-01 07:02:51,294 - processing started: 520_195 
2022-04-01 07:02:51,423 - processing completed: 520_195
2022-04-01 07:02:51,429 - processing started: 522_196 
2022-04-01 07:02:51,625 - processing completed: 522_196
2022-04-01 07:02:51,630 - processing started: 524_196 
2022-04-01 07:02:51,768 - processing completed: 524_196
2022-04-01 07:02:51,774 - processing started: 526_196 
2022-04-01 07:02:51,996 - processing completed: 526_196
2022-04-01 07:02:52,002 - processing started: 528_197 
2022-04-01 07:02:52,139 - processing completed: 528_197
2022-04-01 07:02:52,143 - processing started: 530_197 
2022-04-01 07:02:52,344 - processing completed: 530_197
2022-04-01 07:02:52,348 - processing started: 532_198 
2022-04-01 07:02:52,478 - processing completed: 532_198
2022-04-01 07:02:52,482 - processing started: 534_199 
2022-04-01 07:02:52,673 - processing completed: 534_199
2022-04-01 07:02:52,678 - processing started: 536_200 
2022-04-01 07:02:52,879 - processing completed: 536_200
2022-04-01 07:02:52,884 - processing started: 538_201 
2022-04-01 07:02:53,017 - processing completed: 538_201
2022-04-01 07:02:53,024 - processing started: 540_202 
2022-04-01 07:02:53,219 - processing completed: 540_202
2022-04-01 07:02:53,224 - processing started: 542_203 
2022-04-01 07:02:53,354 - processing completed: 542_203
2022-04-01 07:02:53,360 - processing started: 544_204 
2022-04-01 07:02:53,550 - processing completed: 544_204
2022-04-01 07:02:53,556 - processing started: 546_205 
2022-04-01 07:02:53,685 - processing completed: 546_205
2022-04-01 07:02:53,690 - processing started: 548_206 
2022-04-01 07:02:53,933 - processing completed: 548_206
2022-04-01 07:02:53,939 - processing started: 550_207 
2022-04-01 07:02:54,074 - processing completed: 550_207
2022-04-01 07:02:54,079 - processing started: 552_207 
2022-04-01 07:02:54,277 - processing completed: 552_207
2022-04-01 07:02:54,282 - processing started: 554_208 
2022-04-01 07:02:54,411 - processing completed: 554_208
2022-04-01 07:02:54,416 - processing started: 556_209 
2022-04-01 07:02:54,605 - processing completed: 556_209
2022-04-01 07:02:54,611 - processing started: 558_210 
2022-04-01 07:02:54,744 - processing completed: 558_210
2022-04-01 07:02:54,749 - processing started: 560_211 
2022-04-01 07:02:54,938 - processing completed: 560_211
2022-04-01 07:02:54,942 - processing started: 562_212 
2022-04-01 07:02:55,072 - processing completed: 562_212
2022-04-01 07:02:55,077 - processing started: 564_213 
2022-04-01 07:02:55,268 - processing completed: 564_213
2022-04-01 07:02:55,273 - processing started: 566_214 
2022-04-01 07:02:55,471 - processing completed: 566_214
2022-04-01 07:02:55,477 - processing started: 568_214 
2022-04-01 07:02:55,631 - processing completed: 568_214
2022-04-01 07:02:55,637 - processing started: 570_214 
2022-04-01 07:02:55,836 - processing completed: 570_214
2022-04-01 07:02:55,842 - processing started: 572_215 
2022-04-01 07:02:55,971 - processing completed: 572_215
2022-04-01 07:02:55,977 - processing started: 574_216 
2022-04-01 07:02:56,160 - processing completed: 574_216
2022-04-01 07:02:56,165 - processing started: 576_217 
2022-04-01 07:02:56,290 - processing completed: 576_217
2022-04-01 07:02:56,295 - processing started: 578_218 
2022-04-01 07:02:56,480 - processing completed: 578_218
2022-04-01 07:02:56,486 - processing started: 580_219 
2022-04-01 07:02:56,610 - processing completed: 580_219
2022-04-01 07:02:56,616 - processing started: 582_220 
2022-04-01 07:02:56,812 - processing completed: 582_220
2022-04-01 07:02:56,817 - processing started: 584_221 
2022-04-01 07:02:56,953 - processing completed: 584_221
2022-04-01 07:02:56,960 - processing started: 586_221 
2022-04-01 07:02:57,151 - processing completed: 586_221
2022-04-01 07:02:57,155 - processing started: 588_222 
2022-04-01 07:02:57,309 - processing completed: 588_222
2022-04-01 07:02:57,316 - processing started: 590_222 
2022-04-01 07:02:57,517 - processing completed: 590_222
2022-04-01 07:02:57,522 - processing started: 592_223 
2022-04-01 07:02:57,628 - processing completed: 592_223
2022-04-01 07:02:57,633 - processing started: 594_224 
2022-04-01 07:02:57,856 - processing completed: 594_224
2022-04-01 07:02:57,861 - processing started: 596_224 
2022-04-01 07:02:58,083 - processing completed: 596_224
2022-04-01 07:02:58,088 - processing started: 598_225 
2022-04-01 07:02:58,193 - processing completed: 598_225
2022-04-01 07:02:58,197 - processing started: 600_225 
2022-04-01 07:02:58,370 - processing completed: 600_225
2022-04-01 07:02:58,374 - processing started: 602_226 
2022-04-01 07:02:58,482 - processing completed: 602_226
2022-04-01 07:02:58,487 - processing started: 604_226 
2022-04-01 07:02:58,656 - processing completed: 604_226
2022-04-01 07:02:58,660 - processing started: 606_227 
2022-04-01 07:02:58,789 - processing completed: 606_227
2022-04-01 07:02:58,794 - processing started: 608_227 
2022-04-01 07:02:59,001 - processing completed: 608_227
2022-04-01 07:02:59,007 - processing started: 610_227 
2022-04-01 07:02:59,138 - processing completed: 610_227
2022-04-01 07:02:59,142 - processing started: 612_227 
2022-04-01 07:02:59,388 - processing completed: 612_227
2022-04-01 07:02:59,393 - processing started: 614_227 
2022-04-01 07:02:59,500 - processing completed: 614_227
2022-04-01 07:02:59,505 - processing started: 616_228 
2022-04-01 07:02:59,670 - processing completed: 616_228
2022-04-01 07:02:59,674 - processing started: 618_229 
2022-04-01 07:02:59,780 - processing completed: 618_229
2022-04-01 07:02:59,785 - processing started: 620_230 
2022-04-01 07:02:59,953 - processing completed: 620_230
2022-04-01 07:02:59,958 - processing started: 622_230 
2022-04-01 07:03:00,068 - processing completed: 622_230
2022-04-01 07:03:00,072 - processing started: 624_231 
2022-04-01 07:03:00,241 - processing completed: 624_231
2022-04-01 07:03:00,245 - processing started: 626_232 
2022-04-01 07:03:00,411 - processing completed: 626_232
2022-04-01 07:03:00,415 - processing started: 628_232 
2022-04-01 07:03:00,515 - processing completed: 628_232
2022-04-01 07:03:00,520 - processing started: 630_232 
2022-04-01 07:03:00,685 - processing completed: 630_232
2022-04-01 07:03:00,689 - processing started: 632_233 
2022-04-01 07:03:00,809 - processing completed: 632_233
2022-04-01 07:03:00,815 - processing started: 634_234 
2022-04-01 07:03:00,989 - processing completed: 634_234
2022-04-01 07:03:00,993 - processing started: 636_234 
2022-04-01 07:03:01,096 - processing completed: 636_234
2022-04-01 07:03:01,100 - processing started: 638_235 
2022-04-01 07:03:01,300 - processing completed: 638_235
2022-04-01 07:03:01,305 - processing started: 640_236 
2022-04-01 07:03:01,435 - processing completed: 640_236
2022-04-01 07:03:01,440 - processing started: 642_236 
2022-04-01 07:03:01,630 - processing completed: 642_236
2022-04-01 07:03:01,634 - processing started: 644_237 
2022-04-01 07:03:01,765 - processing completed: 644_237
2022-04-01 07:03:01,771 - processing started: 646_238 
2022-04-01 07:03:01,965 - processing completed: 646_238
2022-04-01 07:03:01,971 - processing started: 648_239 
2022-04-01 07:03:02,105 - processing completed: 648_239
2022-04-01 07:03:02,110 - processing started: 650_240 
2022-04-01 07:03:02,314 - processing completed: 650_240
2022-04-01 07:03:02,319 - processing started: 652_240 
2022-04-01 07:03:02,449 - processing completed: 652_240
2022-04-01 07:03:02,454 - processing started: 654_241 
2022-04-01 07:03:02,691 - processing completed: 654_241
2022-04-01 07:03:02,696 - processing started: 656_242 
2022-04-01 07:03:02,899 - processing completed: 656_242
2022-04-01 07:03:02,905 - processing started: 658_243 
2022-04-01 07:03:03,037 - processing completed: 658_243
2022-04-01 07:03:03,041 - processing started: 660_243 
2022-04-01 07:03:03,237 - processing completed: 660_243
2022-04-01 07:03:03,242 - processing started: 662_244 
2022-04-01 07:03:03,328 - processing completed: 662_244
2022-04-01 07:03:03,332 - processing started: 664_245 
2022-04-01 07:03:03,486 - processing completed: 664_245
2022-04-01 07:03:03,489 - processing started: 666_246 
2022-04-01 07:03:03,575 - processing completed: 666_246
2022-04-01 07:03:03,578 - processing started: 668_247 
2022-04-01 07:03:03,728 - processing completed: 668_247
2022-04-01 07:03:03,732 - processing started: 670_248 
2022-04-01 07:03:03,813 - processing completed: 670_248
2022-04-01 07:03:03,816 - processing started: 672_248 
2022-04-01 07:03:03,962 - processing completed: 672_248
2022-04-01 07:03:03,966 - processing started: 674_249 
2022-04-01 07:03:04,048 - processing completed: 674_249
2022-04-01 07:03:04,052 - processing started: 676_250 
2022-04-01 07:03:04,202 - processing completed: 676_250
2022-04-01 07:03:04,207 - processing started: 678_251 
2022-04-01 07:03:04,309 - processing completed: 678_251
2022-04-01 07:03:04,314 - processing started: 680_252 
2022-04-01 07:03:04,480 - processing completed: 680_252
2022-04-01 07:03:04,485 - processing started: 682_252 
2022-04-01 07:03:04,569 - processing completed: 682_252
2022-04-01 07:03:04,572 - processing started: 684_253 
2022-04-01 07:03:04,746 - processing completed: 684_253
2022-04-01 07:03:04,750 - processing started: 686_254 
2022-04-01 07:03:04,927 - processing completed: 686_254
2022-04-01 07:03:04,932 - processing started: 688_255 
2022-04-01 07:03:05,042 - processing completed: 688_255
2022-04-01 07:03:05,046 - processing started: 690_256 
2022-04-01 07:03:05,236 - processing completed: 690_256
2022-04-01 07:03:05,240 - processing started: 692_257 
2022-04-01 07:03:05,352 - processing completed: 692_257
2022-04-01 07:03:05,356 - processing started: 694_257 
2022-04-01 07:03:05,540 - processing completed: 694_257
2022-04-01 07:03:05,543 - processing started: 696_258 
2022-04-01 07:03:05,655 - processing completed: 696_258
2022-04-01 07:03:05,659 - processing started: 698_258 
2022-04-01 07:03:05,834 - processing completed: 698_258
2022-04-01 07:03:05,839 - processing started: 700_259 
2022-04-01 07:03:05,937 - processing completed: 700_259
2022-04-01 07:03:05,940 - processing started: 702_260 
2022-04-01 07:03:06,136 - processing completed: 702_260
2022-04-01 07:03:06,141 - processing started: 704_261 
2022-04-01 07:03:06,270 - processing completed: 704_261
2022-04-01 07:03:06,275 - processing started: 706_261 
2022-04-01 07:03:06,471 - processing completed: 706_261
2022-04-01 07:03:06,475 - processing started: 708_262 
2022-04-01 07:03:06,585 - processing completed: 708_262
2022-04-01 07:03:06,589 - processing started: 710_263 
2022-04-01 07:03:06,758 - processing completed: 710_263
2022-04-01 07:03:06,762 - processing started: 712_264 
2022-04-01 07:03:06,933 - processing completed: 712_264
2022-04-01 07:03:06,938 - processing started: 714_264 
2022-04-01 07:03:07,046 - processing completed: 714_264
2022-04-01 07:03:07,051 - processing started: 716_265 
2022-04-01 07:03:07,221 - processing completed: 716_265
2022-04-01 07:03:07,225 - processing started: 718_266 
2022-04-01 07:03:07,327 - processing completed: 718_266
2022-04-01 07:03:07,332 - processing started: 720_267 
2022-04-01 07:03:07,507 - processing completed: 720_267
2022-04-01 07:03:07,511 - processing started: 722_267 
2022-04-01 07:03:07,618 - processing completed: 722_267
2022-04-01 07:03:07,623 - processing started: 724_267 
2022-04-01 07:03:07,793 - processing completed: 724_267
2022-04-01 07:03:07,798 - processing started: 726_268 
2022-04-01 07:03:07,915 - processing completed: 726_268
2022-04-01 07:03:07,921 - processing started: 728_268 
2022-04-01 07:03:08,123 - processing completed: 728_268
2022-04-01 07:03:08,129 - processing started: 730_268 
2022-04-01 07:03:08,237 - processing completed: 730_268
2022-04-01 07:03:08,243 - processing started: 732_268 
2022-04-01 07:03:08,414 - processing completed: 732_268
2022-04-01 07:03:08,420 - processing started: 734_268 
2022-04-01 07:03:08,521 - processing completed: 734_268
2022-04-01 07:03:08,524 - processing started: 736_269 
2022-04-01 07:03:08,701 - processing completed: 736_269
2022-04-01 07:03:08,706 - processing started: 738_270 
2022-04-01 07:03:08,825 - processing completed: 738_270
2022-04-01 07:03:08,829 - processing started: 740_271 
2022-04-01 07:03:09,005 - processing completed: 740_271
2022-04-01 07:03:09,010 - processing started: 742_272 
2022-04-01 07:03:09,175 - processing completed: 742_272
2022-04-01 07:03:09,179 - processing started: 744_272 
2022-04-01 07:03:09,277 - processing completed: 744_272
2022-04-01 07:03:09,281 - processing started: 746_273 
2022-04-01 07:03:09,451 - processing completed: 746_273
2022-04-01 07:03:09,456 - processing started: 748_274 
2022-04-01 07:03:09,549 - processing completed: 748_274
2022-04-01 07:03:09,554 - processing started: 750_274 
2022-04-01 07:03:09,751 - processing completed: 750_274
2022-04-01 07:03:09,756 - processing started: 752_275 
2022-04-01 07:03:09,861 - processing completed: 752_275
2022-04-01 07:03:09,866 - processing started: 754_275 
2022-04-01 07:03:10,042 - processing completed: 754_275
2022-04-01 07:03:10,047 - processing started: 756_276 
2022-04-01 07:03:10,150 - processing completed: 756_276
2022-04-01 07:03:10,153 - processing started: 758_277 
2022-04-01 07:03:10,327 - processing completed: 758_277
2022-04-01 07:03:10,331 - processing started: 760_278 
2022-04-01 07:03:10,438 - processing completed: 760_278
2022-04-01 07:03:10,442 - processing started: 762_278 
2022-04-01 07:03:10,613 - processing completed: 762_278
2022-04-01 07:03:10,618 - processing started: 764_279 
2022-04-01 07:03:10,720 - processing completed: 764_279
2022-04-01 07:03:10,725 - processing started: 766_280 
2022-04-01 07:03:10,878 - processing completed: 766_280
2022-04-01 07:03:10,882 - processing started: 768_281 
2022-04-01 07:03:10,976 - processing completed: 768_281
2022-04-01 07:03:10,980 - processing started: 770_282 
2022-04-01 07:03:11,128 - processing completed: 770_282
2022-04-01 07:03:11,131 - processing started: 772_283 
2022-04-01 07:03:11,297 - processing completed: 772_283
2022-04-01 07:03:11,301 - processing started: 774_284 
2022-04-01 07:03:11,396 - processing completed: 774_284
2022-04-01 07:03:11,402 - processing started: 776_285 
2022-04-01 07:03:11,579 - processing completed: 776_285
2022-04-01 07:03:11,583 - processing started: 778_285 
2022-04-01 07:03:11,676 - processing completed: 778_285
2022-04-01 07:03:11,680 - processing started: 780_286 
2022-04-01 07:03:11,919 - processing completed: 780_286
2022-04-01 07:03:11,925 - processing started: 782_287 
2022-04-01 07:03:12,008 - processing completed: 782_287
2022-04-01 07:03:12,012 - processing started: 784_288 
2022-04-01 07:03:12,151 - processing completed: 784_288
2022-04-01 07:03:12,155 - processing started: 786_289 
2022-04-01 07:03:12,238 - processing completed: 786_289
2022-04-01 07:03:12,243 - processing started: 788_290 
2022-04-01 07:03:12,386 - processing completed: 788_290
2022-04-01 07:03:12,390 - processing started: 790_290 
2022-04-01 07:03:12,471 - processing completed: 790_290
2022-04-01 07:03:12,474 - processing started: 792_291 
2022-04-01 07:03:12,614 - processing completed: 792_291
2022-04-01 07:03:12,618 - processing started: 794_292 
2022-04-01 07:03:12,700 - processing completed: 794_292
2022-04-01 07:03:12,705 - processing started: 796_293 
2022-04-01 07:03:12,822 - processing completed: 796_293
2022-04-01 07:03:12,825 - processing started: 798_294 
2022-04-01 07:03:12,877 - processing completed: 798_294
2022-04-01 07:03:12,881 - processing started: 800_295 
2022-04-01 07:03:13,022 - processing completed: 800_295
2022-04-01 07:03:13,026 - processing started: 802_296 
2022-04-01 07:03:13,204 - processing completed: 802_296
2022-04-01 07:03:13,208 - processing started: 804_296 
2022-04-01 07:03:13,299 - processing completed: 804_296
2022-04-01 07:03:13,303 - processing started: 806_297 
2022-04-01 07:03:13,543 - processing completed: 806_297
2022-04-01 07:03:13,548 - processing started: 808_298 
2022-04-01 07:03:13,632 - processing completed: 808_298
2022-04-01 07:03:13,635 - processing started: 810_299 
2022-04-01 07:03:13,774 - processing completed: 810_299
2022-04-01 07:03:13,778 - processing started: 0_0 
2022-04-01 07:03:13,779 - Closing connection (200): Normal shutdown
2022-04-01 07:03:13,779 - Closing channel (200): 'Normal shutdown' on <Channel number=1 OPEN conn=<SelectConnection OPEN transport=<pika.adapters.utils.io_services_utils._AsyncPlaintextTransport object at 0x11d52d280> params=<ConnectionParameters host=localhost port=5672 virtual_host=/ ssl=False>>>
2022-04-01 07:03:13,780 - Received <Channel.CloseOk> on <Channel number=1 CLOSING conn=<SelectConnection OPEN transport=<pika.adapters.utils.io_services_utils._AsyncPlaintextTransport object at 0x11d52d280> params=<ConnectionParameters host=localhost port=5672 virtual_host=/ ssl=False>>>
2022-04-01 07:03:13,780 - Closing connection (200): 'Normal shutdown'
2022-04-01 07:03:13,781 - Aborting transport connection: state=1; <socket.socket fd=22, family=AddressFamily.AF_INET, type=SocketKind.SOCK_STREAM, proto=6, laddr=('127.0.0.1', 62140), raddr=('127.0.0.1', 5672)>
2022-04-01 07:03:13,781 - _AsyncTransportBase._initate_abort(): Initiating abrupt asynchronous transport shutdown: state=1; error=None; <socket.socket fd=22, family=AddressFamily.AF_INET, type=SocketKind.SOCK_STREAM, proto=6, laddr=('127.0.0.1', 62140), raddr=('127.0.0.1', 5672)>
2022-04-01 07:03:13,781 - Deactivating transport: state=1; <socket.socket fd=22, family=AddressFamily.AF_INET, type=SocketKind.SOCK_STREAM, proto=6, laddr=('127.0.0.1', 62140), raddr=('127.0.0.1', 5672)>
2022-04-01 07:03:13,781 - AMQP stack terminated, failed to connect, or aborted: opened=True, error-arg=None; pending-error=ConnectionClosedByClient: (200) 'Normal shutdown'
2022-04-01 07:03:13,781 - Stack terminated due to ConnectionClosedByClient: (200) 'Normal shutdown'
2022-04-01 07:03:13,781 - Closing transport socket and unlinking: state=3; <socket.socket fd=22, family=AddressFamily.AF_INET, type=SocketKind.SOCK_STREAM, proto=6, laddr=('127.0.0.1', 62140), raddr=('127.0.0.1', 5672)>
2022-04-01 07:03:13,782 - User-initiated close: result=BlockingConnection__OnClosedArgs(connection=<SelectConnection CLOSED transport=None params=<ConnectionParameters host=localhost port=5672 virtual_host=/ ssl=False>>, error=ConnectionClosedByClient: (200) 'Normal shutdown')
2022-04-01 07:03:13,782 - PID 46304 completed loading and processing
