2022-04-01 07:02:06,438 - PID 46305 started loading and processing
2022-04-01 07:02:06,445 - Pika version 1.2.0 connecting to ('::1', 5672, 0, 0)
2022-04-01 07:02:06,445 - Socket failed to connect: <socket.socket fd=22, family=AddressFamily.AF_INET6, type=SocketKind.SOCK_STREAM, proto=6, laddr=('::1', 62139, 0, 0)>; error=61 (Connection refused)
2022-04-01 07:02:06,445 - TCP Connection attempt failed: ConnectionRefusedError(61, 'Connection refused'); dest=(<AddressFamily.AF_INET6: 30>, <SocketKind.SOCK_STREAM: 1>, 6, '', ('::1', 5672, 0, 0))
2022-04-01 07:02:06,445 - AMQPConnector - reporting failure: AMQPConnectorSocketConnectError: ConnectionRefusedError(61, 'Connection refused')
2022-04-01 07:02:06,445 - Pika version 1.2.0 connecting to ('127.0.0.1', 5672)
2022-04-01 07:02:06,446 - Socket connected: <socket.socket fd=22, family=AddressFamily.AF_INET, type=SocketKind.SOCK_STREAM, proto=6, laddr=('127.0.0.1', 62141), raddr=('127.0.0.1', 5672)>
2022-04-01 07:02:06,447 - Streaming transport linked up: (<pika.adapters.utils.io_services_utils._AsyncPlaintextTransport object at 0x122029280>, _StreamingProtocolShim: <SelectConnection PROTOCOL transport=<pika.adapters.utils.io_services_utils._AsyncPlaintextTransport object at 0x122029280> params=<ConnectionParameters host=localhost port=5672 virtual_host=/ ssl=False>>).
2022-04-01 07:02:06,451 - AMQPConnector - reporting success: <SelectConnection OPEN transport=<pika.adapters.utils.io_services_utils._AsyncPlaintextTransport object at 0x122029280> params=<ConnectionParameters host=localhost port=5672 virtual_host=/ ssl=False>>
2022-04-01 07:02:06,451 - AMQPConnectionWorkflow - reporting success: <SelectConnection OPEN transport=<pika.adapters.utils.io_services_utils._AsyncPlaintextTransport object at 0x122029280> params=<ConnectionParameters host=localhost port=5672 virtual_host=/ ssl=False>>
2022-04-01 07:02:06,451 - Connection workflow succeeded: <SelectConnection OPEN transport=<pika.adapters.utils.io_services_utils._AsyncPlaintextTransport object at 0x122029280> params=<ConnectionParameters host=localhost port=5672 virtual_host=/ ssl=False>>
2022-04-01 07:02:06,452 - Created channel=1
2022-04-01 07:02:06,454 - Logging before start consuming
2022-04-01 07:02:07,137 - processing started: 1_000 
2022-04-01 07:02:07,338 - processing completed: 1_000
2022-04-01 07:02:07,361 - processing started: 3_001 
2022-04-01 07:02:07,582 - processing completed: 3_001
2022-04-01 07:02:07,587 - processing started: 5_002 
2022-04-01 07:02:07,794 - processing completed: 5_002
2022-04-01 07:02:07,800 - processing started: 7_003 
2022-04-01 07:02:07,945 - processing completed: 7_003
2022-04-01 07:02:07,951 - processing started: 9_003 
2022-04-01 07:02:08,174 - processing completed: 9_003
2022-04-01 07:02:08,179 - processing started: 11_004 
2022-04-01 07:02:08,227 - processing completed: 11_004
2022-04-01 07:02:08,229 - processing started: 13_005 
2022-04-01 07:02:08,447 - processing completed: 13_005
2022-04-01 07:02:08,453 - processing started: 15_005 
2022-04-01 07:02:08,625 - processing completed: 15_005
2022-04-01 07:02:08,631 - processing started: 17_006 
2022-04-01 07:02:08,796 - processing completed: 17_006
2022-04-01 07:02:08,799 - processing started: 19_007 
2022-04-01 07:02:08,958 - processing completed: 19_007
2022-04-01 07:02:08,964 - processing started: 21_008 
2022-04-01 07:02:09,227 - processing completed: 21_008
2022-04-01 07:02:09,233 - processing started: 23_009 
2022-04-01 07:02:09,413 - processing completed: 23_009
2022-04-01 07:02:09,419 - processing started: 25_010 
2022-04-01 07:02:09,654 - processing completed: 25_010
2022-04-01 07:02:09,661 - processing started: 27_011 
2022-04-01 07:02:09,842 - processing completed: 27_011
2022-04-01 07:02:09,848 - processing started: 29_012 
2022-04-01 07:02:09,978 - processing completed: 29_012
2022-04-01 07:02:09,981 - processing started: 31_013 
2022-04-01 07:02:10,116 - processing completed: 31_013
2022-04-01 07:02:10,121 - processing started: 33_014 
2022-04-01 07:02:10,287 - processing completed: 33_014
2022-04-01 07:02:10,293 - processing started: 35_014 
2022-04-01 07:02:10,449 - processing completed: 35_014
2022-04-01 07:02:10,453 - processing started: 37_014 
2022-04-01 07:02:10,556 - processing completed: 37_014
2022-04-01 07:02:10,560 - processing started: 39_015 
2022-04-01 07:02:10,782 - processing completed: 39_015
2022-04-01 07:02:10,787 - processing started: 41_015 
2022-04-01 07:02:10,890 - processing completed: 41_015
2022-04-01 07:02:10,894 - processing started: 43_016 
2022-04-01 07:02:11,075 - processing completed: 43_016
2022-04-01 07:02:11,089 - processing started: 45_017 
2022-04-01 07:02:11,198 - processing completed: 45_017
2022-04-01 07:02:11,203 - processing started: 47_017 
2022-04-01 07:02:11,391 - processing completed: 47_017
2022-04-01 07:02:11,394 - processing started: 49_018 
2022-04-01 07:02:11,492 - processing completed: 49_018
2022-04-01 07:02:11,496 - processing started: 51_019 
2022-04-01 07:02:11,670 - processing completed: 51_019
2022-04-01 07:02:11,674 - processing started: 53_020 
2022-04-01 07:02:11,786 - processing completed: 53_020
2022-04-01 07:02:11,792 - processing started: 55_021 
2022-04-01 07:02:11,977 - processing completed: 55_021
2022-04-01 07:02:11,981 - processing started: 57_022 
2022-04-01 07:02:12,074 - processing completed: 57_022
2022-04-01 07:02:12,078 - processing started: 59_023 
2022-04-01 07:02:12,248 - processing completed: 59_023
2022-04-01 07:02:12,252 - processing started: 61_023 
2022-04-01 07:02:12,359 - processing completed: 61_023
2022-04-01 07:02:12,363 - processing started: 63_024 
2022-04-01 07:02:12,526 - processing completed: 63_024
2022-04-01 07:02:12,530 - processing started: 65_024 
2022-04-01 07:02:12,687 - processing completed: 65_024
2022-04-01 07:02:12,691 - processing started: 67_025 
2022-04-01 07:02:12,790 - processing completed: 67_025
2022-04-01 07:02:12,794 - processing started: 69_026 
2022-04-01 07:02:12,954 - processing completed: 69_026
2022-04-01 07:02:12,957 - processing started: 71_027 
2022-04-01 07:02:13,055 - processing completed: 71_027
2022-04-01 07:02:13,058 - processing started: 73_028 
2022-04-01 07:02:13,210 - processing completed: 73_028
2022-04-01 07:02:13,214 - processing started: 75_029 
2022-04-01 07:02:13,315 - processing completed: 75_029
2022-04-01 07:02:13,319 - processing started: 77_030 
2022-04-01 07:02:13,491 - processing completed: 77_030
2022-04-01 07:02:13,495 - processing started: 79_030 
2022-04-01 07:02:13,597 - processing completed: 79_030
2022-04-01 07:02:13,602 - processing started: 81_031 
2022-04-01 07:02:13,772 - processing completed: 81_031
2022-04-01 07:02:13,776 - processing started: 83_032 
2022-04-01 07:02:13,958 - processing completed: 83_032
2022-04-01 07:02:13,965 - processing started: 85_032 
2022-04-01 07:02:14,200 - processing completed: 85_032
2022-04-01 07:02:14,205 - processing started: 87_032 
2022-04-01 07:02:14,378 - processing completed: 87_032
2022-04-01 07:02:14,383 - processing started: 89_033 
2022-04-01 07:02:14,565 - processing completed: 89_033
2022-04-01 07:02:14,568 - processing started: 91_033 
2022-04-01 07:02:14,680 - processing completed: 91_033
2022-04-01 07:02:14,684 - processing started: 93_034 
2022-04-01 07:02:14,863 - processing completed: 93_034
2022-04-01 07:02:14,867 - processing started: 95_035 
2022-04-01 07:02:15,042 - processing completed: 95_035
2022-04-01 07:02:15,046 - processing started: 97_035 
2022-04-01 07:02:15,160 - processing completed: 97_035
2022-04-01 07:02:15,164 - processing started: 99_036 
2022-04-01 07:02:15,343 - processing completed: 99_036
2022-04-01 07:02:15,347 - processing started: 101_037 
2022-04-01 07:02:15,462 - processing completed: 101_037
2022-04-01 07:02:15,466 - processing started: 103_037 
2022-04-01 07:02:15,685 - processing completed: 103_037
2022-04-01 07:02:15,690 - processing started: 105_038 
2022-04-01 07:02:15,813 - processing completed: 105_038
2022-04-01 07:02:15,818 - processing started: 107_039 
2022-04-01 07:02:16,008 - processing completed: 107_039
2022-04-01 07:02:16,012 - processing started: 109_040 
2022-04-01 07:02:16,129 - processing completed: 109_040
2022-04-01 07:02:16,133 - processing started: 111_040 
2022-04-01 07:02:16,318 - processing completed: 111_040
2022-04-01 07:02:16,322 - processing started: 113_040 
2022-04-01 07:02:16,437 - processing completed: 113_040
2022-04-01 07:02:16,442 - processing started: 115_040 
2022-04-01 07:02:16,627 - processing completed: 115_040
2022-04-01 07:02:16,631 - processing started: 117_041 
2022-04-01 07:02:16,747 - processing completed: 117_041
2022-04-01 07:02:16,752 - processing started: 119_042 
2022-04-01 07:02:16,926 - processing completed: 119_042
2022-04-01 07:02:16,930 - processing started: 121_042 
2022-04-01 07:02:17,045 - processing completed: 121_042
2022-04-01 07:02:17,049 - processing started: 123_043 
2022-04-01 07:02:17,223 - processing completed: 123_043
2022-04-01 07:02:17,227 - processing started: 125_044 
2022-04-01 07:02:17,431 - processing completed: 125_044
2022-04-01 07:02:17,434 - processing started: 127_045 
2022-04-01 07:02:17,551 - processing completed: 127_045
2022-04-01 07:02:17,556 - processing started: 129_045 
2022-04-01 07:02:17,746 - processing completed: 129_045
2022-04-01 07:02:17,750 - processing started: 131_046 
2022-04-01 07:02:17,859 - processing completed: 131_046
2022-04-01 07:02:17,863 - processing started: 133_047 
2022-04-01 07:02:18,042 - processing completed: 133_047
2022-04-01 07:02:18,046 - processing started: 135_048 
2022-04-01 07:02:18,157 - processing completed: 135_048
2022-04-01 07:02:18,162 - processing started: 137_049 
2022-04-01 07:02:18,347 - processing completed: 137_049
2022-04-01 07:02:18,351 - processing started: 139_049 
2022-04-01 07:02:18,468 - processing completed: 139_049
2022-04-01 07:02:18,473 - processing started: 141_050 
2022-04-01 07:02:18,656 - processing completed: 141_050
2022-04-01 07:02:18,660 - processing started: 143_051 
2022-04-01 07:02:18,772 - processing completed: 143_051
2022-04-01 07:02:18,776 - processing started: 145_051 
2022-04-01 07:02:18,949 - processing completed: 145_051
2022-04-01 07:02:18,953 - processing started: 147_051 
2022-04-01 07:02:19,075 - processing completed: 147_051
2022-04-01 07:02:19,080 - processing started: 149_052 
2022-04-01 07:02:19,275 - processing completed: 149_052
2022-04-01 07:02:19,279 - processing started: 151_053 
2022-04-01 07:02:19,392 - processing completed: 151_053
2022-04-01 07:02:19,396 - processing started: 153_054 
2022-04-01 07:02:19,577 - processing completed: 153_054
2022-04-01 07:02:19,581 - processing started: 155_055 
2022-04-01 07:02:19,760 - processing completed: 155_055
2022-04-01 07:02:19,764 - processing started: 157_056 
2022-04-01 07:02:19,886 - processing completed: 157_056
2022-04-01 07:02:19,891 - processing started: 159_057 
2022-04-01 07:02:20,067 - processing completed: 159_057
2022-04-01 07:02:20,070 - processing started: 161_058 
2022-04-01 07:02:20,241 - processing completed: 161_058
2022-04-01 07:02:20,247 - processing started: 163_059 
2022-04-01 07:02:20,415 - processing completed: 163_059
2022-04-01 07:02:20,419 - processing started: 165_060 
2022-04-01 07:02:20,524 - processing completed: 165_060
2022-04-01 07:02:20,528 - processing started: 167_060 
2022-04-01 07:02:20,704 - processing completed: 167_060
2022-04-01 07:02:20,709 - processing started: 169_061 
2022-04-01 07:02:20,836 - processing completed: 169_061
2022-04-01 07:02:20,841 - processing started: 171_062 
2022-04-01 07:02:21,023 - processing completed: 171_062
2022-04-01 07:02:21,027 - processing started: 173_063 
2022-04-01 07:02:21,248 - processing completed: 173_063
2022-04-01 07:02:21,255 - processing started: 175_064 
2022-04-01 07:02:21,514 - processing completed: 175_064
2022-04-01 07:02:21,520 - processing started: 177_064 
2022-04-01 07:02:21,735 - processing completed: 177_064
2022-04-01 07:02:21,742 - processing started: 179_065 
2022-04-01 07:02:22,016 - processing completed: 179_065
2022-04-01 07:02:22,022 - processing started: 181_066 
2022-04-01 07:02:22,299 - processing completed: 181_066
2022-04-01 07:02:22,306 - processing started: 183_066 
2022-04-01 07:02:22,545 - processing completed: 183_066
2022-04-01 07:02:22,551 - processing started: 185_066 
2022-04-01 07:02:22,837 - processing completed: 185_066
2022-04-01 07:02:22,843 - processing started: 187_066 
2022-04-01 07:02:23,017 - processing completed: 187_066
2022-04-01 07:02:23,022 - processing started: 189_067 
2022-04-01 07:02:23,294 - processing completed: 189_067
2022-04-01 07:02:23,301 - processing started: 191_067 
2022-04-01 07:02:23,512 - processing completed: 191_067
2022-04-01 07:02:23,518 - processing started: 193_068 
2022-04-01 07:02:23,725 - processing completed: 193_068
2022-04-01 07:02:23,730 - processing started: 195_069 
2022-04-01 07:02:23,876 - processing completed: 195_069
2022-04-01 07:02:23,881 - processing started: 197_069 
2022-04-01 07:02:24,109 - processing completed: 197_069
2022-04-01 07:02:24,116 - processing started: 199_070 
2022-04-01 07:02:24,341 - processing completed: 199_070
2022-04-01 07:02:24,347 - processing started: 201_071 
2022-04-01 07:02:24,617 - processing completed: 201_071
2022-04-01 07:02:24,624 - processing started: 203_072 
2022-04-01 07:02:24,827 - processing completed: 203_072
2022-04-01 07:02:24,832 - processing started: 205_072 
2022-04-01 07:02:25,102 - processing completed: 205_072
2022-04-01 07:02:25,109 - processing started: 207_073 
2022-04-01 07:02:25,309 - processing completed: 207_073
2022-04-01 07:02:25,315 - processing started: 209_074 
2022-04-01 07:02:25,580 - processing completed: 209_074
2022-04-01 07:02:25,588 - processing started: 211_075 
2022-04-01 07:02:25,893 - processing completed: 211_075
2022-04-01 07:02:25,901 - processing started: 213_076 
2022-04-01 07:02:26,132 - processing completed: 213_076
2022-04-01 07:02:26,140 - processing started: 215_077 
2022-04-01 07:02:26,361 - processing completed: 215_077
2022-04-01 07:02:26,366 - processing started: 217_077 
2022-04-01 07:02:26,568 - processing completed: 217_077
2022-04-01 07:02:26,575 - processing started: 219_078 
2022-04-01 07:02:26,848 - processing completed: 219_078
2022-04-01 07:02:26,854 - processing started: 221_079 
2022-04-01 07:02:27,059 - processing completed: 221_079
2022-04-01 07:02:27,066 - processing started: 223_080 
2022-04-01 07:02:27,230 - processing completed: 223_080
2022-04-01 07:02:27,234 - processing started: 225_081 
2022-04-01 07:02:27,361 - processing completed: 225_081
2022-04-01 07:02:27,366 - processing started: 227_081 
2022-04-01 07:02:27,575 - processing completed: 227_081
2022-04-01 07:02:27,583 - processing started: 229_081 
2022-04-01 07:02:27,721 - processing completed: 229_081
2022-04-01 07:02:27,727 - processing started: 231_081 
2022-04-01 07:02:27,922 - processing completed: 231_081
2022-04-01 07:02:27,928 - processing started: 233_082 
2022-04-01 07:02:28,056 - processing completed: 233_082
2022-04-01 07:02:28,061 - processing started: 235_082 
2022-04-01 07:02:28,253 - processing completed: 235_082
2022-04-01 07:02:28,258 - processing started: 237_083 
2022-04-01 07:02:28,392 - processing completed: 237_083
2022-04-01 07:02:28,397 - processing started: 239_084 
2022-04-01 07:02:28,587 - processing completed: 239_084
2022-04-01 07:02:28,593 - processing started: 241_085 
2022-04-01 07:02:28,790 - processing completed: 241_085
2022-04-01 07:02:28,795 - processing started: 243_086 
2022-04-01 07:02:28,950 - processing completed: 243_086
2022-04-01 07:02:28,954 - processing started: 245_087 
2022-04-01 07:02:29,150 - processing completed: 245_087
2022-04-01 07:02:29,156 - processing started: 247_088 
2022-04-01 07:02:29,322 - processing completed: 247_088
2022-04-01 07:02:29,328 - processing started: 249_089 
2022-04-01 07:02:29,483 - processing completed: 249_089
2022-04-01 07:02:29,488 - processing started: 251_089 
2022-04-01 07:02:29,571 - processing completed: 251_089
2022-04-01 07:02:29,576 - processing started: 253_090 
2022-04-01 07:02:29,721 - processing completed: 253_090
2022-04-01 07:02:29,725 - processing started: 255_091 
2022-04-01 07:02:29,809 - processing completed: 255_091
2022-04-01 07:02:29,814 - processing started: 257_092 
2022-04-01 07:02:29,959 - processing completed: 257_092
2022-04-01 07:02:29,963 - processing started: 259_093 
2022-04-01 07:02:30,066 - processing completed: 259_093
2022-04-01 07:02:30,070 - processing started: 261_094 
2022-04-01 07:02:30,231 - processing completed: 261_094
2022-04-01 07:02:30,237 - processing started: 263_095 
2022-04-01 07:02:30,342 - processing completed: 263_095
2022-04-01 07:02:30,346 - processing started: 265_096 
2022-04-01 07:02:30,520 - processing completed: 265_096
2022-04-01 07:02:30,526 - processing started: 267_097 
2022-04-01 07:02:30,627 - processing completed: 267_097
2022-04-01 07:02:30,630 - processing started: 269_098 
2022-04-01 07:02:30,793 - processing completed: 269_098
2022-04-01 07:02:30,798 - processing started: 271_098 
2022-04-01 07:02:30,975 - processing completed: 271_098
2022-04-01 07:02:30,979 - processing started: 273_099 
2022-04-01 07:02:31,080 - processing completed: 273_099
2022-04-01 07:02:31,085 - processing started: 275_100 
2022-04-01 07:02:31,292 - processing completed: 275_100
2022-04-01 07:02:31,296 - processing started: 277_101 
2022-04-01 07:02:31,388 - processing completed: 277_101
2022-04-01 07:02:31,391 - processing started: 279_102 
2022-04-01 07:02:31,543 - processing completed: 279_102
2022-04-01 07:02:31,547 - processing started: 281_103 
2022-04-01 07:02:31,632 - processing completed: 281_103
2022-04-01 07:02:31,635 - processing started: 283_104 
2022-04-01 07:02:31,780 - processing completed: 283_104
2022-04-01 07:02:31,784 - processing started: 285_105 
2022-04-01 07:02:31,869 - processing completed: 285_105
2022-04-01 07:02:31,872 - processing started: 287_106 
2022-04-01 07:02:32,014 - processing completed: 287_106
2022-04-01 07:02:32,018 - processing started: 289_107 
2022-04-01 07:02:32,102 - processing completed: 289_107
2022-04-01 07:02:32,106 - processing started: 291_107 
2022-04-01 07:02:32,254 - processing completed: 291_107
2022-04-01 07:02:32,258 - processing started: 293_108 
2022-04-01 07:02:32,338 - processing completed: 293_108
2022-04-01 07:02:32,342 - processing started: 295_109 
2022-04-01 07:02:32,474 - processing completed: 295_109
2022-04-01 07:02:32,479 - processing started: 297_110 
2022-04-01 07:02:32,563 - processing completed: 297_110
2022-04-01 07:02:32,568 - processing started: 299_110 
2022-04-01 07:02:32,741 - processing completed: 299_110
2022-04-01 07:02:32,746 - processing started: 301_111 
2022-04-01 07:02:32,903 - processing completed: 301_111
2022-04-01 07:02:32,908 - processing started: 303_112 
2022-04-01 07:02:32,994 - processing completed: 303_112
2022-04-01 07:02:32,998 - processing started: 305_113 
2022-04-01 07:02:33,143 - processing completed: 305_113
2022-04-01 07:02:33,147 - processing started: 307_114 
2022-04-01 07:02:33,274 - processing completed: 307_114
2022-04-01 07:02:33,278 - processing started: 309_115 
2022-04-01 07:02:33,461 - processing completed: 309_115
2022-04-01 07:02:33,468 - processing started: 311_116 
2022-04-01 07:02:33,592 - processing completed: 311_116
2022-04-01 07:02:33,597 - processing started: 313_117 
2022-04-01 07:02:33,781 - processing completed: 313_117
2022-04-01 07:02:33,786 - processing started: 315_117 
2022-04-01 07:02:33,909 - processing completed: 315_117
2022-04-01 07:02:33,916 - processing started: 317_118 
2022-04-01 07:02:34,101 - processing completed: 317_118
2022-04-01 07:02:34,106 - processing started: 319_119 
2022-04-01 07:02:34,230 - processing completed: 319_119
2022-04-01 07:02:34,235 - processing started: 321_120 
2022-04-01 07:02:34,417 - processing completed: 321_120
2022-04-01 07:02:34,423 - processing started: 323_120 
2022-04-01 07:02:34,531 - processing completed: 323_120
2022-04-01 07:02:34,535 - processing started: 325_121 
2022-04-01 07:02:34,736 - processing completed: 325_121
2022-04-01 07:02:34,742 - processing started: 327_122 
2022-04-01 07:02:34,868 - processing completed: 327_122
2022-04-01 07:02:34,872 - processing started: 329_123 
2022-04-01 07:02:35,055 - processing completed: 329_123
2022-04-01 07:02:35,061 - processing started: 331_124 
2022-04-01 07:02:35,250 - processing completed: 331_124
2022-04-01 07:02:35,256 - processing started: 333_124 
2022-04-01 07:02:35,380 - processing completed: 333_124
2022-04-01 07:02:35,385 - processing started: 335_124 
2022-04-01 07:02:35,571 - processing completed: 335_124
2022-04-01 07:02:35,577 - processing started: 337_124 
2022-04-01 07:02:35,705 - processing completed: 337_124
2022-04-01 07:02:35,712 - processing started: 339_124 
2022-04-01 07:02:35,898 - processing completed: 339_124
2022-04-01 07:02:35,902 - processing started: 341_125 
2022-04-01 07:02:36,027 - processing completed: 341_125
2022-04-01 07:02:36,031 - processing started: 343_126 
2022-04-01 07:02:36,247 - processing completed: 343_126
2022-04-01 07:02:36,254 - processing started: 345_127 
2022-04-01 07:02:36,386 - processing completed: 345_127
2022-04-01 07:02:36,391 - processing started: 347_128 
2022-04-01 07:02:36,585 - processing completed: 347_128
2022-04-01 07:02:36,591 - processing started: 349_129 
2022-04-01 07:02:36,717 - processing completed: 349_129
2022-04-01 07:02:36,722 - processing started: 351_129 
2022-04-01 07:02:36,905 - processing completed: 351_129
2022-04-01 07:02:36,910 - processing started: 353_130 
2022-04-01 07:02:37,037 - processing completed: 353_130
2022-04-01 07:02:37,042 - processing started: 355_131 
2022-04-01 07:02:37,226 - processing completed: 355_131
2022-04-01 07:02:37,231 - processing started: 357_132 
2022-04-01 07:02:37,359 - processing completed: 357_132
2022-04-01 07:02:37,363 - processing started: 359_133 
2022-04-01 07:02:37,548 - processing completed: 359_133
2022-04-01 07:02:37,555 - processing started: 361_134 
2022-04-01 07:02:37,742 - processing completed: 361_134
2022-04-01 07:02:37,747 - processing started: 363_134 
2022-04-01 07:02:37,886 - processing completed: 363_134
2022-04-01 07:02:37,892 - processing started: 365_135 
2022-04-01 07:02:38,091 - processing completed: 365_135
2022-04-01 07:02:38,096 - processing started: 367_135 
2022-04-01 07:02:38,238 - processing completed: 367_135
2022-04-01 07:02:38,244 - processing started: 369_136 
2022-04-01 07:02:38,443 - processing completed: 369_136
2022-04-01 07:02:38,448 - processing started: 371_137 
2022-04-01 07:02:38,574 - processing completed: 371_137
2022-04-01 07:02:38,579 - processing started: 373_138 
2022-04-01 07:02:38,768 - processing completed: 373_138
2022-04-01 07:02:38,772 - processing started: 375_139 
2022-04-01 07:02:38,898 - processing completed: 375_139
2022-04-01 07:02:38,903 - processing started: 377_140 
2022-04-01 07:02:39,086 - processing completed: 377_140
2022-04-01 07:02:39,091 - processing started: 379_141 
2022-04-01 07:02:39,219 - processing completed: 379_141
2022-04-01 07:02:39,223 - processing started: 381_142 
2022-04-01 07:02:39,406 - processing completed: 381_142
2022-04-01 07:02:39,411 - processing started: 383_143 
2022-04-01 07:02:39,538 - processing completed: 383_143
2022-04-01 07:02:39,544 - processing started: 385_144 
2022-04-01 07:02:39,764 - processing completed: 385_144
2022-04-01 07:02:39,769 - processing started: 387_144 
2022-04-01 07:02:39,899 - processing completed: 387_144
2022-04-01 07:02:39,906 - processing started: 389_145 
2022-04-01 07:02:40,091 - processing completed: 389_145
2022-04-01 07:02:40,096 - processing started: 391_145 
2022-04-01 07:02:40,284 - processing completed: 391_145
2022-04-01 07:02:40,289 - processing started: 393_146 
2022-04-01 07:02:40,413 - processing completed: 393_146
2022-04-01 07:02:40,418 - processing started: 395_147 
2022-04-01 07:02:40,604 - processing completed: 395_147
2022-04-01 07:02:40,609 - processing started: 397_147 
2022-04-01 07:02:40,734 - processing completed: 397_147
2022-04-01 07:02:40,740 - processing started: 399_148 
2022-04-01 07:02:40,927 - processing completed: 399_148
2022-04-01 07:02:40,933 - processing started: 401_149 
2022-04-01 07:02:41,064 - processing completed: 401_149
2022-04-01 07:02:41,069 - processing started: 403_149 
2022-04-01 07:02:41,258 - processing completed: 403_149
2022-04-01 07:02:41,264 - processing started: 405_150 
2022-04-01 07:02:41,410 - processing completed: 405_150
2022-04-01 07:02:41,416 - processing started: 407_151 
2022-04-01 07:02:41,619 - processing completed: 407_151
2022-04-01 07:02:41,623 - processing started: 409_152 
2022-04-01 07:02:41,754 - processing completed: 409_152
2022-04-01 07:02:41,758 - processing started: 411_153 
2022-04-01 07:02:41,966 - processing completed: 411_153
2022-04-01 07:02:41,970 - processing started: 413_154 
2022-04-01 07:02:42,096 - processing completed: 413_154
2022-04-01 07:02:42,100 - processing started: 415_155 
2022-04-01 07:02:42,289 - processing completed: 415_155
2022-04-01 07:02:42,294 - processing started: 417_156 
2022-04-01 07:02:42,421 - processing completed: 417_156
2022-04-01 07:02:42,426 - processing started: 419_156 
2022-04-01 07:02:42,626 - processing completed: 419_156
2022-04-01 07:02:42,631 - processing started: 421_157 
2022-04-01 07:02:42,820 - processing completed: 421_157
2022-04-01 07:02:42,824 - processing started: 423_158 
2022-04-01 07:02:42,948 - processing completed: 423_158
2022-04-01 07:02:42,953 - processing started: 425_159 
2022-04-01 07:02:43,188 - processing completed: 425_159
2022-04-01 07:02:43,193 - processing started: 427_159 
2022-04-01 07:02:43,328 - processing completed: 427_159
2022-04-01 07:02:43,332 - processing started: 429_160 
2022-04-01 07:02:43,524 - processing completed: 429_160
2022-04-01 07:02:43,529 - processing started: 431_161 
2022-04-01 07:02:43,653 - processing completed: 431_161
2022-04-01 07:02:43,657 - processing started: 433_162 
2022-04-01 07:02:43,843 - processing completed: 433_162
2022-04-01 07:02:43,847 - processing started: 435_163 
2022-04-01 07:02:43,973 - processing completed: 435_163
2022-04-01 07:02:43,978 - processing started: 437_164 
2022-04-01 07:02:44,163 - processing completed: 437_164
2022-04-01 07:02:44,168 - processing started: 439_164 
2022-04-01 07:02:44,298 - processing completed: 439_164
2022-04-01 07:02:44,303 - processing started: 441_165 
2022-04-01 07:02:44,488 - processing completed: 441_165
2022-04-01 07:02:44,493 - processing started: 443_166 
2022-04-01 07:02:44,619 - processing completed: 443_166
2022-04-01 07:02:44,624 - processing started: 445_167 
2022-04-01 07:02:44,807 - processing completed: 445_167
2022-04-01 07:02:44,812 - processing started: 447_167 
2022-04-01 07:02:45,031 - processing completed: 447_167
2022-04-01 07:02:45,038 - processing started: 449_168 
2022-04-01 07:02:45,171 - processing completed: 449_168
2022-04-01 07:02:45,176 - processing started: 451_168 
2022-04-01 07:02:45,373 - processing completed: 451_168
2022-04-01 07:02:45,378 - processing started: 453_169 
2022-04-01 07:02:45,501 - processing completed: 453_169
2022-04-01 07:02:45,506 - processing started: 455_170 
2022-04-01 07:02:45,690 - processing completed: 455_170
2022-04-01 07:02:45,695 - processing started: 457_171 
2022-04-01 07:02:45,831 - processing completed: 457_171
2022-04-01 07:02:45,836 - processing started: 459_172 
2022-04-01 07:02:46,026 - processing completed: 459_172
2022-04-01 07:02:46,031 - processing started: 461_173 
2022-04-01 07:02:46,159 - processing completed: 461_173
2022-04-01 07:02:46,164 - processing started: 463_173 
2022-04-01 07:02:46,352 - processing completed: 463_173
2022-04-01 07:02:46,357 - processing started: 465_174 
2022-04-01 07:02:46,481 - processing completed: 465_174
2022-04-01 07:02:46,485 - processing started: 467_174 
2022-04-01 07:02:46,715 - processing completed: 467_174
2022-04-01 07:02:46,719 - processing started: 469_175 
2022-04-01 07:02:46,851 - processing completed: 469_175
2022-04-01 07:02:46,856 - processing started: 471_176 
2022-04-01 07:02:47,048 - processing completed: 471_176
2022-04-01 07:02:47,053 - processing started: 473_177 
2022-04-01 07:02:47,184 - processing completed: 473_177
2022-04-01 07:02:47,189 - processing started: 475_178 
2022-04-01 07:02:47,378 - processing completed: 475_178
2022-04-01 07:02:47,382 - processing started: 477_179 
2022-04-01 07:02:47,576 - processing completed: 477_179
2022-04-01 07:02:47,580 - processing started: 479_180 
2022-04-01 07:02:47,713 - processing completed: 479_180
2022-04-01 07:02:47,718 - processing started: 481_180 
2022-04-01 07:02:47,909 - processing completed: 481_180
2022-04-01 07:02:47,914 - processing started: 483_181 
2022-04-01 07:02:48,043 - processing completed: 483_181
2022-04-01 07:02:48,047 - processing started: 485_182 
2022-04-01 07:02:48,239 - processing completed: 485_182
2022-04-01 07:02:48,244 - processing started: 487_182 
2022-04-01 07:02:48,385 - processing completed: 487_182
2022-04-01 07:02:48,391 - processing started: 489_183 
2022-04-01 07:02:48,616 - processing completed: 489_183
2022-04-01 07:02:48,620 - processing started: 491_183 
2022-04-01 07:02:48,761 - processing completed: 491_183
2022-04-01 07:02:48,766 - processing started: 493_184 
2022-04-01 07:02:48,959 - processing completed: 493_184
2022-04-01 07:02:48,963 - processing started: 495_185 
2022-04-01 07:02:49,093 - processing completed: 495_185
2022-04-01 07:02:49,098 - processing started: 497_186 
2022-04-01 07:02:49,293 - processing completed: 497_186
2022-04-01 07:02:49,299 - processing started: 499_187 
2022-04-01 07:02:49,427 - processing completed: 499_187
2022-04-01 07:02:49,431 - processing started: 501_188 
2022-04-01 07:02:49,630 - processing completed: 501_188
2022-04-01 07:02:49,635 - processing started: 503_188 
2022-04-01 07:02:49,771 - processing completed: 503_188
2022-04-01 07:02:49,775 - processing started: 505_189 
2022-04-01 07:02:49,936 - processing completed: 505_189
2022-04-01 07:02:49,940 - processing started: 507_190 
2022-04-01 07:02:50,148 - processing completed: 507_190
2022-04-01 07:02:50,155 - processing started: 509_191 
2022-04-01 07:02:50,301 - processing completed: 509_191
2022-04-01 07:02:50,306 - processing started: 511_192 
2022-04-01 07:02:50,506 - processing completed: 511_192
2022-04-01 07:02:50,512 - processing started: 513_192 
2022-04-01 07:02:50,646 - processing completed: 513_192
2022-04-01 07:02:50,651 - processing started: 515_193 
2022-04-01 07:02:50,844 - processing completed: 515_193
2022-04-01 07:02:50,850 - processing started: 517_194 
2022-04-01 07:02:50,979 - processing completed: 517_194
2022-04-01 07:02:50,983 - processing started: 519_195 
2022-04-01 07:02:51,177 - processing completed: 519_195
2022-04-01 07:02:51,182 - processing started: 521_196 
2022-04-01 07:02:51,313 - processing completed: 521_196
2022-04-01 07:02:51,319 - processing started: 523_196 
2022-04-01 07:02:51,511 - processing completed: 523_196
2022-04-01 07:02:51,515 - processing started: 525_196 
2022-04-01 07:02:51,649 - processing completed: 525_196
2022-04-01 07:02:51,655 - processing started: 527_197 
2022-04-01 07:02:51,851 - processing completed: 527_197
2022-04-01 07:02:51,856 - processing started: 529_197 
2022-04-01 07:02:52,005 - processing completed: 529_197
2022-04-01 07:02:52,010 - processing started: 531_197 
2022-04-01 07:02:52,215 - processing completed: 531_197
2022-04-01 07:02:52,222 - processing started: 533_198 
2022-04-01 07:02:52,356 - processing completed: 533_198
2022-04-01 07:02:52,361 - processing started: 535_199 
2022-04-01 07:02:52,550 - processing completed: 535_199
2022-04-01 07:02:52,556 - processing started: 537_200 
2022-04-01 07:02:52,752 - processing completed: 537_200
2022-04-01 07:02:52,757 - processing started: 539_201 
2022-04-01 07:02:52,889 - processing completed: 539_201
2022-04-01 07:02:52,894 - processing started: 541_202 
2022-04-01 07:02:53,099 - processing completed: 541_202
2022-04-01 07:02:53,104 - processing started: 543_203 
2022-04-01 07:02:53,233 - processing completed: 543_203
2022-04-01 07:02:53,239 - processing started: 545_204 
2022-04-01 07:02:53,432 - processing completed: 545_204
2022-04-01 07:02:53,437 - processing started: 547_205 
2022-04-01 07:02:53,566 - processing completed: 547_205
2022-04-01 07:02:53,571 - processing started: 549_206 
2022-04-01 07:02:53,779 - processing completed: 549_206
2022-04-01 07:02:53,786 - processing started: 551_207 
2022-04-01 07:02:53,933 - processing completed: 551_207
2022-04-01 07:02:53,940 - processing started: 553_207 
2022-04-01 07:02:54,140 - processing completed: 553_207
2022-04-01 07:02:54,146 - processing started: 555_208 
2022-04-01 07:02:54,279 - processing completed: 555_208
2022-04-01 07:02:54,284 - processing started: 557_209 
2022-04-01 07:02:54,473 - processing completed: 557_209
2022-04-01 07:02:54,479 - processing started: 559_210 
2022-04-01 07:02:54,608 - processing completed: 559_210
2022-04-01 07:02:54,613 - processing started: 561_211 
2022-04-01 07:02:54,804 - processing completed: 561_211
2022-04-01 07:02:54,808 - processing started: 563_212 
2022-04-01 07:02:54,939 - processing completed: 563_212
2022-04-01 07:02:54,945 - processing started: 565_213 
2022-04-01 07:02:55,133 - processing completed: 565_213
2022-04-01 07:02:55,138 - processing started: 567_214 
2022-04-01 07:02:55,331 - processing completed: 567_214
2022-04-01 07:02:55,335 - processing started: 569_214 
2022-04-01 07:02:55,471 - processing completed: 569_214
2022-04-01 07:02:55,477 - processing started: 571_215 
2022-04-01 07:02:55,693 - processing completed: 571_215
2022-04-01 07:02:55,698 - processing started: 573_216 
2022-04-01 07:02:55,830 - processing completed: 573_216
2022-04-01 07:02:55,834 - processing started: 575_217 
2022-04-01 07:02:56,027 - processing completed: 575_217
2022-04-01 07:02:56,031 - processing started: 577_218 
2022-04-01 07:02:56,159 - processing completed: 577_218
2022-04-01 07:02:56,164 - processing started: 579_219 
2022-04-01 07:02:56,350 - processing completed: 579_219
2022-04-01 07:02:56,355 - processing started: 581_220 
2022-04-01 07:02:56,481 - processing completed: 581_220
2022-04-01 07:02:56,486 - processing started: 583_220 
2022-04-01 07:02:56,672 - processing completed: 583_220
2022-04-01 07:02:56,676 - processing started: 585_221 
2022-04-01 07:02:56,809 - processing completed: 585_221
2022-04-01 07:02:56,814 - processing started: 587_222 
2022-04-01 07:02:57,010 - processing completed: 587_222
2022-04-01 07:02:57,014 - processing started: 589_222 
2022-04-01 07:02:57,141 - processing completed: 589_222
2022-04-01 07:02:57,146 - processing started: 591_223 
2022-04-01 07:02:57,329 - processing completed: 591_223
2022-04-01 07:02:57,333 - processing started: 593_223 
2022-04-01 07:02:57,438 - processing completed: 593_223
2022-04-01 07:02:57,444 - processing started: 595_224 
2022-04-01 07:02:57,670 - processing completed: 595_224
2022-04-01 07:02:57,675 - processing started: 597_225 
2022-04-01 07:02:57,847 - processing completed: 597_225
2022-04-01 07:02:57,851 - processing started: 599_225 
2022-04-01 07:02:58,020 - processing completed: 599_225
2022-04-01 07:02:58,026 - processing started: 601_225 
2022-04-01 07:02:58,194 - processing completed: 601_225
2022-04-01 07:02:58,198 - processing started: 603_226 
2022-04-01 07:02:58,305 - processing completed: 603_226
2022-04-01 07:02:58,309 - processing started: 605_227 
2022-04-01 07:02:58,501 - processing completed: 605_227
2022-04-01 07:02:58,507 - processing started: 607_227 
2022-04-01 07:02:58,638 - processing completed: 607_227
2022-04-01 07:02:58,642 - processing started: 609_227 
2022-04-01 07:02:58,810 - processing completed: 609_227
2022-04-01 07:02:58,814 - processing started: 611_227 
2022-04-01 07:02:59,001 - processing completed: 611_227
2022-04-01 07:02:59,009 - processing started: 613_227 
2022-04-01 07:02:59,208 - processing completed: 613_227
2022-04-01 07:02:59,213 - processing started: 615_228 
2022-04-01 07:02:59,328 - processing completed: 615_228
2022-04-01 07:02:59,334 - processing started: 617_229 
2022-04-01 07:02:59,502 - processing completed: 617_229
2022-04-01 07:02:59,507 - processing started: 619_230 
2022-04-01 07:02:59,612 - processing completed: 619_230
2022-04-01 07:02:59,616 - processing started: 621_230 
2022-04-01 07:02:59,783 - processing completed: 621_230
2022-04-01 07:02:59,788 - processing started: 623_231 
2022-04-01 07:02:59,889 - processing completed: 623_231
2022-04-01 07:02:59,894 - processing started: 625_232 
2022-04-01 07:03:00,052 - processing completed: 625_232
2022-04-01 07:03:00,056 - processing started: 627_232 
2022-04-01 07:03:00,231 - processing completed: 627_232
2022-04-01 07:03:00,236 - processing started: 629_232 
2022-04-01 07:03:00,338 - processing completed: 629_232
2022-04-01 07:03:00,342 - processing started: 631_233 
2022-04-01 07:03:00,503 - processing completed: 631_233
2022-04-01 07:03:00,507 - processing started: 633_234 
2022-04-01 07:03:00,606 - processing completed: 633_234
2022-04-01 07:03:00,610 - processing started: 635_234 
2022-04-01 07:03:00,801 - processing completed: 635_234
2022-04-01 07:03:00,808 - processing started: 637_234 
2022-04-01 07:03:00,912 - processing completed: 637_234
2022-04-01 07:03:00,916 - processing started: 639_235 
2022-04-01 07:03:01,115 - processing completed: 639_235
2022-04-01 07:03:01,121 - processing started: 641_236 
2022-04-01 07:03:01,254 - processing completed: 641_236
2022-04-01 07:03:01,258 - processing started: 643_237 
2022-04-01 07:03:01,449 - processing completed: 643_237
2022-04-01 07:03:01,454 - processing started: 645_238 
2022-04-01 07:03:01,582 - processing completed: 645_238
2022-04-01 07:03:01,586 - processing started: 647_239 
2022-04-01 07:03:01,777 - processing completed: 647_239
2022-04-01 07:03:01,781 - processing started: 649_240 
2022-04-01 07:03:01,912 - processing completed: 649_240
2022-04-01 07:03:01,918 - processing started: 651_240 
2022-04-01 07:03:02,112 - processing completed: 651_240
2022-04-01 07:03:02,117 - processing started: 653_241 
2022-04-01 07:03:02,254 - processing completed: 653_241
2022-04-01 07:03:02,259 - processing started: 655_242 
2022-04-01 07:03:02,449 - processing completed: 655_242
2022-04-01 07:03:02,454 - processing started: 657_242 
2022-04-01 07:03:02,686 - processing completed: 657_242
2022-04-01 07:03:02,693 - processing started: 659_243 
2022-04-01 07:03:02,828 - processing completed: 659_243
2022-04-01 07:03:02,834 - processing started: 661_244 
2022-04-01 07:03:02,987 - processing completed: 661_244
2022-04-01 07:03:02,992 - processing started: 663_244 
2022-04-01 07:03:03,078 - processing completed: 663_244
2022-04-01 07:03:03,082 - processing started: 665_245 
2022-04-01 07:03:03,233 - processing completed: 665_245
2022-04-01 07:03:03,238 - processing started: 667_246 
2022-04-01 07:03:03,320 - processing completed: 667_246
2022-04-01 07:03:03,324 - processing started: 669_247 
2022-04-01 07:03:03,478 - processing completed: 669_247
2022-04-01 07:03:03,482 - processing started: 671_248 
2022-04-01 07:03:03,562 - processing completed: 671_248
2022-04-01 07:03:03,565 - processing started: 673_249 
2022-04-01 07:03:03,712 - processing completed: 673_249
2022-04-01 07:03:03,717 - processing started: 675_250 
2022-04-01 07:03:03,802 - processing completed: 675_250
2022-04-01 07:03:03,808 - processing started: 677_251 
2022-04-01 07:03:03,958 - processing completed: 677_251
2022-04-01 07:03:03,962 - processing started: 679_251 
2022-04-01 07:03:04,047 - processing completed: 679_251
2022-04-01 07:03:04,052 - processing started: 681_252 
2022-04-01 07:03:04,204 - processing completed: 681_252
2022-04-01 07:03:04,210 - processing started: 683_252 
2022-04-01 07:03:04,304 - processing completed: 683_252
2022-04-01 07:03:04,309 - processing started: 685_253 
2022-04-01 07:03:04,500 - processing completed: 685_253
2022-04-01 07:03:04,505 - processing started: 687_254 
2022-04-01 07:03:04,687 - processing completed: 687_254
2022-04-01 07:03:04,691 - processing started: 689_255 
2022-04-01 07:03:04,802 - processing completed: 689_255
2022-04-01 07:03:04,806 - processing started: 691_256 
2022-04-01 07:03:04,984 - processing completed: 691_256
2022-04-01 07:03:04,988 - processing started: 693_257 
2022-04-01 07:03:05,098 - processing completed: 693_257
2022-04-01 07:03:05,103 - processing started: 695_257 
2022-04-01 07:03:05,283 - processing completed: 695_257
2022-04-01 07:03:05,287 - processing started: 697_258 
2022-04-01 07:03:05,397 - processing completed: 697_258
2022-04-01 07:03:05,401 - processing started: 699_259 
2022-04-01 07:03:05,566 - processing completed: 699_259
2022-04-01 07:03:05,569 - processing started: 701_260 
2022-04-01 07:03:05,680 - processing completed: 701_260
2022-04-01 07:03:05,684 - processing started: 703_260 
2022-04-01 07:03:05,864 - processing completed: 703_260
2022-04-01 07:03:05,867 - processing started: 705_261 
2022-04-01 07:03:05,986 - processing completed: 705_261
2022-04-01 07:03:05,990 - processing started: 707_262 
2022-04-01 07:03:06,182 - processing completed: 707_262
2022-04-01 07:03:06,187 - processing started: 709_262 
2022-04-01 07:03:06,305 - processing completed: 709_262
2022-04-01 07:03:06,309 - processing started: 711_263 
2022-04-01 07:03:06,486 - processing completed: 711_263
2022-04-01 07:03:06,490 - processing started: 713_264 
2022-04-01 07:03:06,661 - processing completed: 713_264
2022-04-01 07:03:06,665 - processing started: 715_265 
2022-04-01 07:03:06,767 - processing completed: 715_265
2022-04-01 07:03:06,771 - processing started: 717_265 
2022-04-01 07:03:06,943 - processing completed: 717_265
2022-04-01 07:03:06,964 - processing started: 719_266 
2022-04-01 07:03:07,073 - processing completed: 719_266
2022-04-01 07:03:07,077 - processing started: 721_267 
2022-04-01 07:03:07,245 - processing completed: 721_267
2022-04-01 07:03:07,248 - processing started: 723_267 
2022-04-01 07:03:07,348 - processing completed: 723_267
2022-04-01 07:03:07,352 - processing started: 725_267 
2022-04-01 07:03:07,522 - processing completed: 725_267
2022-04-01 07:03:07,526 - processing started: 727_268 
2022-04-01 07:03:07,639 - processing completed: 727_268
2022-04-01 07:03:07,644 - processing started: 729_268 
2022-04-01 07:03:07,808 - processing completed: 729_268
2022-04-01 07:03:07,813 - processing started: 731_268 
2022-04-01 07:03:07,930 - processing completed: 731_268
2022-04-01 07:03:07,936 - processing started: 733_268 
2022-04-01 07:03:08,121 - processing completed: 733_268
2022-04-01 07:03:08,126 - processing started: 735_269 
2022-04-01 07:03:08,235 - processing completed: 735_269
2022-04-01 07:03:08,240 - processing started: 737_269 
2022-04-01 07:03:08,413 - processing completed: 737_269
2022-04-01 07:03:08,418 - processing started: 739_270 
2022-04-01 07:03:08,529 - processing completed: 739_270
2022-04-01 07:03:08,533 - processing started: 741_271 
2022-04-01 07:03:08,716 - processing completed: 741_271
2022-04-01 07:03:08,720 - processing started: 743_272 
2022-04-01 07:03:08,885 - processing completed: 743_272
2022-04-01 07:03:08,889 - processing started: 745_273 
2022-04-01 07:03:08,995 - processing completed: 745_273
2022-04-01 07:03:09,000 - processing started: 747_274 
2022-04-01 07:03:09,167 - processing completed: 747_274
2022-04-01 07:03:09,171 - processing started: 749_274 
2022-04-01 07:03:09,265 - processing completed: 749_274
2022-04-01 07:03:09,269 - processing started: 751_275 
2022-04-01 07:03:09,434 - processing completed: 751_275
2022-04-01 07:03:09,438 - processing started: 753_275 
2022-04-01 07:03:09,538 - processing completed: 753_275
2022-04-01 07:03:09,543 - processing started: 755_276 
2022-04-01 07:03:09,744 - processing completed: 755_276
2022-04-01 07:03:09,749 - processing started: 757_276 
2022-04-01 07:03:09,854 - processing completed: 757_276
2022-04-01 07:03:09,861 - processing started: 759_277 
2022-04-01 07:03:10,043 - processing completed: 759_277
2022-04-01 07:03:10,047 - processing started: 761_278 
2022-04-01 07:03:10,156 - processing completed: 761_278
2022-04-01 07:03:10,160 - processing started: 763_279 
2022-04-01 07:03:10,335 - processing completed: 763_279
2022-04-01 07:03:10,338 - processing started: 765_280 
2022-04-01 07:03:10,422 - processing completed: 765_280
2022-04-01 07:03:10,426 - processing started: 767_280 
2022-04-01 07:03:10,577 - processing completed: 767_280
2022-04-01 07:03:10,581 - processing started: 769_281 
2022-04-01 07:03:10,670 - processing completed: 769_281
2022-04-01 07:03:10,674 - processing started: 771_282 
2022-04-01 07:03:10,820 - processing completed: 771_282
2022-04-01 07:03:10,825 - processing started: 773_283 
2022-04-01 07:03:10,989 - processing completed: 773_283
2022-04-01 07:03:10,993 - processing started: 775_284 
2022-04-01 07:03:11,075 - processing completed: 775_284
2022-04-01 07:03:11,079 - processing started: 777_285 
2022-04-01 07:03:11,229 - processing completed: 777_285
2022-04-01 07:03:11,233 - processing started: 779_286 
2022-04-01 07:03:11,418 - processing completed: 779_286
2022-04-01 07:03:11,425 - processing started: 781_287 
2022-04-01 07:03:11,595 - processing completed: 781_287
2022-04-01 07:03:11,599 - processing started: 783_288 
2022-04-01 07:03:11,684 - processing completed: 783_288
2022-04-01 07:03:11,689 - processing started: 785_289 
2022-04-01 07:03:11,840 - processing completed: 785_289
2022-04-01 07:03:11,844 - processing started: 787_290 
2022-04-01 07:03:11,927 - processing completed: 787_290
2022-04-01 07:03:11,930 - processing started: 789_290 
2022-04-01 07:03:12,074 - processing completed: 789_290
2022-04-01 07:03:12,077 - processing started: 791_291 
2022-04-01 07:03:12,158 - processing completed: 791_291
2022-04-01 07:03:12,161 - processing started: 793_292 
2022-04-01 07:03:12,303 - processing completed: 793_292
2022-04-01 07:03:12,307 - processing started: 795_292 
2022-04-01 07:03:12,388 - processing completed: 795_292
2022-04-01 07:03:12,393 - processing started: 797_293 
2022-04-01 07:03:12,501 - processing completed: 797_293
2022-04-01 07:03:12,504 - processing started: 799_294 
2022-04-01 07:03:12,553 - processing completed: 799_294
2022-04-01 07:03:12,556 - processing started: 801_295 
2022-04-01 07:03:12,697 - processing completed: 801_295
2022-04-01 07:03:12,700 - processing started: 803_296 
2022-04-01 07:03:12,852 - processing completed: 803_296
2022-04-01 07:03:12,856 - processing started: 805_297 
2022-04-01 07:03:13,028 - processing completed: 805_297
2022-04-01 07:03:13,033 - processing started: 807_298 
2022-04-01 07:03:13,200 - processing completed: 807_298
2022-04-01 07:03:13,204 - processing started: 809_298 
2022-04-01 07:03:13,297 - processing completed: 809_298
2022-04-01 07:03:13,301 - processing started: 811_299 
2022-04-01 07:03:13,447 - processing completed: 811_299
2022-04-01 07:03:13,451 - processing started: 0_0 
2022-04-01 07:03:13,452 - Closing connection (200): Normal shutdown
2022-04-01 07:03:13,452 - Closing channel (200): 'Normal shutdown' on <Channel number=1 OPEN conn=<SelectConnection OPEN transport=<pika.adapters.utils.io_services_utils._AsyncPlaintextTransport object at 0x122029280> params=<ConnectionParameters host=localhost port=5672 virtual_host=/ ssl=False>>>
2022-04-01 07:03:13,453 - Received <Channel.CloseOk> on <Channel number=1 CLOSING conn=<SelectConnection OPEN transport=<pika.adapters.utils.io_services_utils._AsyncPlaintextTransport object at 0x122029280> params=<ConnectionParameters host=localhost port=5672 virtual_host=/ ssl=False>>>
2022-04-01 07:03:13,454 - Closing connection (200): 'Normal shutdown'
2022-04-01 07:03:13,454 - Aborting transport connection: state=1; <socket.socket fd=22, family=AddressFamily.AF_INET, type=SocketKind.SOCK_STREAM, proto=6, laddr=('127.0.0.1', 62141), raddr=('127.0.0.1', 5672)>
2022-04-01 07:03:13,454 - _AsyncTransportBase._initate_abort(): Initiating abrupt asynchronous transport shutdown: state=1; error=None; <socket.socket fd=22, family=AddressFamily.AF_INET, type=SocketKind.SOCK_STREAM, proto=6, laddr=('127.0.0.1', 62141), raddr=('127.0.0.1', 5672)>
2022-04-01 07:03:13,454 - Deactivating transport: state=1; <socket.socket fd=22, family=AddressFamily.AF_INET, type=SocketKind.SOCK_STREAM, proto=6, laddr=('127.0.0.1', 62141), raddr=('127.0.0.1', 5672)>
2022-04-01 07:03:13,455 - AMQP stack terminated, failed to connect, or aborted: opened=True, error-arg=None; pending-error=ConnectionClosedByClient: (200) 'Normal shutdown'
2022-04-01 07:03:13,455 - Stack terminated due to ConnectionClosedByClient: (200) 'Normal shutdown'
2022-04-01 07:03:13,455 - Closing transport socket and unlinking: state=3; <socket.socket fd=22, family=AddressFamily.AF_INET, type=SocketKind.SOCK_STREAM, proto=6, laddr=('127.0.0.1', 62141), raddr=('127.0.0.1', 5672)>
2022-04-01 07:03:13,455 - User-initiated close: result=BlockingConnection__OnClosedArgs(connection=<SelectConnection CLOSED transport=None params=<ConnectionParameters host=localhost port=5672 virtual_host=/ ssl=False>>, error=ConnectionClosedByClient: (200) 'Normal shutdown')
2022-04-01 07:03:13,456 - PID 46305 completed loading and processing
