2022-04-01 07:02:12,217 - Pika version 1.2.0 connecting to ('::1', 5672, 0, 0)
2022-04-01 07:02:12,217 - Socket failed to connect: <socket.socket fd=9, family=AddressFamily.AF_INET6, type=SocketKind.SOCK_STREAM, proto=6, laddr=('::1', 62150, 0, 0)>; error=61 (Connection refused)
2022-04-01 07:02:12,217 - TCP Connection attempt failed: ConnectionRefusedError(61, 'Connection refused'); dest=(<AddressFamily.AF_INET6: 30>, <SocketKind.SOCK_STREAM: 1>, 6, '', ('::1', 5672, 0, 0))
2022-04-01 07:02:12,217 - AMQPConnector - reporting failure: AMQPConnectorSocketConnectError: ConnectionRefusedError(61, 'Connection refused')
2022-04-01 07:02:12,218 - Pika version 1.2.0 connecting to ('127.0.0.1', 5672)
2022-04-01 07:02:12,218 - Socket connected: <socket.socket fd=9, family=AddressFamily.AF_INET, type=SocketKind.SOCK_STREAM, proto=6, laddr=('127.0.0.1', 62151), raddr=('127.0.0.1', 5672)>
2022-04-01 07:02:12,219 - Streaming transport linked up: (<pika.adapters.utils.io_services_utils._AsyncPlaintextTransport object at 0x11f3ffb80>, _StreamingProtocolShim: <SelectConnection PROTOCOL transport=<pika.adapters.utils.io_services_utils._AsyncPlaintextTransport object at 0x11f3ffb80> params=<ConnectionParameters host=localhost port=5672 virtual_host=/ ssl=False>>).
2022-04-01 07:02:12,223 - AMQPConnector - reporting success: <SelectConnection OPEN transport=<pika.adapters.utils.io_services_utils._AsyncPlaintextTransport object at 0x11f3ffb80> params=<ConnectionParameters host=localhost port=5672 virtual_host=/ ssl=False>>
2022-04-01 07:02:12,223 - AMQPConnectionWorkflow - reporting success: <SelectConnection OPEN transport=<pika.adapters.utils.io_services_utils._AsyncPlaintextTransport object at 0x11f3ffb80> params=<ConnectionParameters host=localhost port=5672 virtual_host=/ ssl=False>>
2022-04-01 07:02:12,223 - Connection workflow succeeded: <SelectConnection OPEN transport=<pika.adapters.utils.io_services_utils._AsyncPlaintextTransport object at 0x11f3ffb80> params=<ConnectionParameters host=localhost port=5672 virtual_host=/ ssl=False>>
2022-04-01 07:02:12,223 - Created channel=1
2022-04-01 07:02:12,378 - image: 12_005 arrived at table_manipulation
2022-04-01 07:02:12,378 - adding: 12_005 to LSH
2022-04-01 07:02:12,378 - added: 12_005 to LSH
2022-04-01 07:02:13,879 - image: 17_006 arrived at table_manipulation
2022-04-01 07:02:13,879 - adding: 17_006 to LSH
2022-04-01 07:02:13,879 - added: 17_006 to LSH
2022-04-01 07:02:13,889 - image: 23_009 arrived at table_manipulation
2022-04-01 07:02:13,889 - adding: 23_009 to LSH
2022-04-01 07:02:13,889 - added: 23_009 to LSH
2022-04-01 07:02:14,938 - image: 68_026 arrived at table_manipulation
2022-04-01 07:02:14,938 - adding: 68_026 to LSH
2022-04-01 07:02:14,938 - added: 68_026 to LSH
2022-04-01 07:02:15,597 - image: 29_012 arrived at table_manipulation
2022-04-01 07:02:15,597 - adding: 29_012 to LSH
2022-04-01 07:02:15,597 - added: 29_012 to LSH
2022-04-01 07:02:15,851 - image: 76_029 arrived at table_manipulation
2022-04-01 07:02:15,851 - adding: 76_029 to LSH
2022-04-01 07:02:15,851 - added: 76_029 to LSH
2022-04-01 07:02:17,159 - image: 88_033 arrived at table_manipulation
2022-04-01 07:02:17,159 - adding: 88_033 to LSH
2022-04-01 07:02:17,160 - added: 88_033 to LSH
2022-04-01 07:02:17,344 - image: 39_015 arrived at table_manipulation
2022-04-01 07:02:17,344 - adding: 39_015 to LSH
2022-04-01 07:02:17,344 - added: 39_015 to LSH
2022-04-01 07:02:18,080 - image: 96_035 arrived at table_manipulation
2022-04-01 07:02:18,080 - adding: 96_035 to LSH
2022-04-01 07:02:18,080 - added: 96_035 to LSH
2022-04-01 07:02:19,075 - image: 43_016 arrived at table_manipulation
2022-04-01 07:02:19,076 - adding: 43_016 to LSH
2022-04-01 07:02:19,076 - added: 43_016 to LSH
2022-04-01 07:02:19,093 - image: 49_018 arrived at table_manipulation
2022-04-01 07:02:19,094 - adding: 49_018 to LSH
2022-04-01 07:02:19,094 - added: 49_018 to LSH
2022-04-01 07:02:20,246 - image: 116_041 arrived at table_manipulation
2022-04-01 07:02:20,247 - adding: 116_041 to LSH
2022-04-01 07:02:20,247 - added: 116_041 to LSH
2022-04-01 07:02:20,742 - image: 53_020 arrived at table_manipulation
2022-04-01 07:02:20,742 - adding: 53_020 to LSH
2022-04-01 07:02:20,742 - added: 53_020 to LSH
2022-04-01 07:02:21,116 - image: 124_044 arrived at table_manipulation
2022-04-01 07:02:21,116 - adding: 124_044 to LSH
2022-04-01 07:02:21,116 - added: 124_044 to LSH
2022-04-01 07:02:22,370 - image: 54_021 arrived at table_manipulation
2022-04-01 07:02:22,370 - adding: 54_021 to LSH
2022-04-01 07:02:22,370 - added: 54_021 to LSH
2022-04-01 07:02:22,380 - image: 71_027 arrived at table_manipulation
2022-04-01 07:02:22,380 - adding: 71_027 to LSH
2022-04-01 07:02:22,380 - added: 71_027 to LSH
2022-04-01 07:02:23,232 - image: 144_051 arrived at table_manipulation
2022-04-01 07:02:23,232 - adding: 144_051 to LSH
2022-04-01 07:02:23,232 - added: 144_051 to LSH
2022-04-01 07:02:24,105 - image: 77_030 arrived at table_manipulation
2022-04-01 07:02:24,105 - adding: 77_030 to LSH
2022-04-01 07:02:24,105 - added: 77_030 to LSH
2022-04-01 07:02:24,122 - image: 84_032 arrived at table_manipulation
2022-04-01 07:02:24,122 - adding: 84_032 to LSH
2022-04-01 07:02:24,122 - added: 84_032 to LSH
2022-04-01 07:02:25,353 - image: 164_059 arrived at table_manipulation
2022-04-01 07:02:25,353 - adding: 164_059 to LSH
2022-04-01 07:02:25,354 - added: 164_059 to LSH
2022-04-01 07:02:25,875 - image: 97_035 arrived at table_manipulation
2022-04-01 07:02:25,876 - adding: 97_035 to LSH
2022-04-01 07:02:25,876 - added: 97_035 to LSH
2022-04-01 07:02:26,247 - image: 177_064 arrived at table_manipulation
2022-04-01 07:02:26,247 - adding: 177_064 to LSH
2022-04-01 07:02:26,248 - added: 177_064 to LSH
2022-04-01 07:02:27,499 - image: 107_039 arrived at table_manipulation
2022-04-01 07:02:27,500 - adding: 107_039 to LSH
2022-04-01 07:02:27,500 - added: 107_039 to LSH
2022-04-01 07:02:27,509 - image: 119_042 arrived at table_manipulation
2022-04-01 07:02:27,509 - adding: 119_042 to LSH
2022-04-01 07:02:27,509 - added: 119_042 to LSH
2022-04-01 07:02:28,394 - image: 194_068 arrived at table_manipulation
2022-04-01 07:02:28,394 - adding: 194_068 to LSH
2022-04-01 07:02:28,394 - added: 194_068 to LSH
2022-04-01 07:02:29,214 - image: 127_045 arrived at table_manipulation
2022-04-01 07:02:29,214 - adding: 127_045 to LSH
2022-04-01 07:02:29,214 - added: 127_045 to LSH
2022-04-01 07:02:29,286 - image: 203_072 arrived at table_manipulation
2022-04-01 07:02:29,286 - adding: 203_072 to LSH
2022-04-01 07:02:29,286 - added: 203_072 to LSH
2022-04-01 07:02:30,618 - image: 215_077 arrived at table_manipulation
2022-04-01 07:02:30,619 - adding: 215_077 to LSH
2022-04-01 07:02:30,619 - added: 215_077 to LSH
2022-04-01 07:02:31,029 - image: 147_051 arrived at table_manipulation
2022-04-01 07:02:31,029 - adding: 147_051 to LSH
2022-04-01 07:02:31,029 - added: 147_051 to LSH
2022-04-01 07:02:31,527 - image: 222_079 arrived at table_manipulation
2022-04-01 07:02:31,527 - adding: 222_079 to LSH
2022-04-01 07:02:31,527 - added: 222_079 to LSH
2022-04-01 07:02:32,689 - image: 150_053 arrived at table_manipulation
2022-04-01 07:02:32,689 - adding: 150_053 to LSH
2022-04-01 07:02:32,689 - added: 150_053 to LSH
2022-04-01 07:02:32,699 - image: 167_060 arrived at table_manipulation
2022-04-01 07:02:32,699 - adding: 167_060 to LSH
2022-04-01 07:02:32,699 - added: 167_060 to LSH
2022-04-01 07:02:33,684 - image: 242_086 arrived at table_manipulation
2022-04-01 07:02:33,684 - adding: 242_086 to LSH
2022-04-01 07:02:33,684 - added: 242_086 to LSH
2022-04-01 07:02:34,407 - image: 170_062 arrived at table_manipulation
2022-04-01 07:02:34,408 - adding: 170_062 to LSH
2022-04-01 07:02:34,408 - added: 170_062 to LSH
2022-04-01 07:02:34,551 - image: 250_089 arrived at table_manipulation
2022-04-01 07:02:34,551 - adding: 250_089 to LSH
2022-04-01 07:02:34,551 - added: 250_089 to LSH
2022-04-01 07:02:35,828 - image: 262_094 arrived at table_manipulation
2022-04-01 07:02:35,828 - adding: 262_094 to LSH
2022-04-01 07:02:35,828 - added: 262_094 to LSH
2022-04-01 07:02:36,147 - image: 193_068 arrived at table_manipulation
2022-04-01 07:02:36,148 - adding: 193_068 to LSH
2022-04-01 07:02:36,148 - added: 193_068 to LSH
2022-04-01 07:02:36,714 - image: 273_099 arrived at table_manipulation
2022-04-01 07:02:36,714 - adding: 273_099 to LSH
2022-04-01 07:02:36,714 - added: 273_099 to LSH
2022-04-01 07:02:37,876 - image: 200_070 arrived at table_manipulation
2022-04-01 07:02:37,877 - adding: 200_070 to LSH
2022-04-01 07:02:37,877 - added: 200_070 to LSH
2022-04-01 07:02:37,886 - image: 212_075 arrived at table_manipulation
2022-04-01 07:02:37,886 - adding: 212_075 to LSH
2022-04-01 07:02:37,886 - added: 212_075 to LSH
2022-04-01 07:02:38,896 - image: 293_108 arrived at table_manipulation
2022-04-01 07:02:38,896 - adding: 293_108 to LSH
2022-04-01 07:02:38,896 - added: 293_108 to LSH
2022-04-01 07:02:39,621 - image: 220_079 arrived at table_manipulation
2022-04-01 07:02:39,622 - adding: 220_079 to LSH
2022-04-01 07:02:39,622 - added: 220_079 to LSH
2022-04-01 07:02:39,754 - image: 298_110 arrived at table_manipulation
2022-04-01 07:02:39,754 - adding: 298_110 to LSH
2022-04-01 07:02:39,754 - added: 298_110 to LSH
2022-04-01 07:02:41,023 - image: 310_116 arrived at table_manipulation
2022-04-01 07:02:41,023 - adding: 310_116 to LSH
2022-04-01 07:02:41,023 - added: 310_116 to LSH
2022-04-01 07:02:41,360 - image: 241_085 arrived at table_manipulation
2022-04-01 07:02:41,360 - adding: 241_085 to LSH
2022-04-01 07:02:41,360 - added: 241_085 to LSH
2022-04-01 07:02:41,922 - image: 318_119 arrived at table_manipulation
2022-04-01 07:02:41,922 - adding: 318_119 to LSH
2022-04-01 07:02:41,922 - added: 318_119 to LSH
2022-04-01 07:02:43,087 - image: 249_089 arrived at table_manipulation
2022-04-01 07:02:43,087 - adding: 249_089 to LSH
2022-04-01 07:02:43,087 - added: 249_089 to LSH
2022-04-01 07:02:43,098 - image: 261_094 arrived at table_manipulation
2022-04-01 07:02:43,098 - adding: 261_094 to LSH
2022-04-01 07:02:43,098 - added: 261_094 to LSH
2022-04-01 07:02:44,080 - image: 338_124 arrived at table_manipulation
2022-04-01 07:02:44,080 - adding: 338_124 to LSH
2022-04-01 07:02:44,080 - added: 338_124 to LSH
2022-04-01 07:02:44,931 - image: 269_098 arrived at table_manipulation
2022-04-01 07:02:44,931 - adding: 269_098 to LSH
2022-04-01 07:02:44,932 - added: 269_098 to LSH
2022-04-01 07:02:44,947 - image: 346_127 arrived at table_manipulation
2022-04-01 07:02:44,948 - adding: 346_127 to LSH
2022-04-01 07:02:44,948 - added: 346_127 to LSH
2022-04-01 07:02:46,230 - image: 358_133 arrived at table_manipulation
2022-04-01 07:02:46,231 - adding: 358_133 to LSH
2022-04-01 07:02:46,231 - added: 358_133 to LSH
2022-04-01 07:02:46,619 - image: 286_105 arrived at table_manipulation
2022-04-01 07:02:46,619 - adding: 286_105 to LSH
2022-04-01 07:02:46,619 - added: 286_105 to LSH
2022-04-01 07:02:47,143 - image: 366_135 arrived at table_manipulation
2022-04-01 07:02:47,144 - adding: 366_135 to LSH
2022-04-01 07:02:47,144 - added: 366_135 to LSH
2022-04-01 07:02:48,445 - image: 294_108 arrived at table_manipulation
2022-04-01 07:02:48,445 - adding: 294_108 to LSH
2022-04-01 07:02:48,446 - added: 294_108 to LSH
2022-04-01 07:02:48,462 - image: 309_115 arrived at table_manipulation
2022-04-01 07:02:48,462 - adding: 309_115 to LSH
2022-04-01 07:02:48,463 - added: 309_115 to LSH
2022-04-01 07:02:49,359 - image: 386_144 arrived at table_manipulation
2022-04-01 07:02:49,359 - adding: 386_144 to LSH
2022-04-01 07:02:49,359 - added: 386_144 to LSH
2022-04-01 07:02:50,185 - image: 317_118 arrived at table_manipulation
2022-04-01 07:02:50,185 - adding: 317_118 to LSH
2022-04-01 07:02:50,185 - added: 317_118 to LSH
2022-04-01 07:02:50,259 - image: 394_146 arrived at table_manipulation
2022-04-01 07:02:50,260 - adding: 394_146 to LSH
2022-04-01 07:02:50,260 - added: 394_146 to LSH
2022-04-01 07:02:51,582 - image: 406_150 arrived at table_manipulation
2022-04-01 07:02:51,582 - adding: 406_150 to LSH
2022-04-01 07:02:51,583 - added: 406_150 to LSH
2022-04-01 07:02:51,961 - image: 337_124 arrived at table_manipulation
2022-04-01 07:02:51,961 - adding: 337_124 to LSH
2022-04-01 07:02:51,961 - added: 337_124 to LSH
2022-04-01 07:02:52,500 - image: 414_154 arrived at table_manipulation
2022-04-01 07:02:52,500 - adding: 414_154 to LSH
2022-04-01 07:02:52,500 - added: 414_154 to LSH
2022-04-01 07:02:53,779 - image: 345_127 arrived at table_manipulation
2022-04-01 07:02:53,780 - adding: 345_127 to LSH
2022-04-01 07:02:53,780 - added: 345_127 to LSH
2022-04-01 07:02:53,798 - image: 357_132 arrived at table_manipulation
2022-04-01 07:02:53,798 - adding: 357_132 to LSH
2022-04-01 07:02:53,798 - added: 357_132 to LSH
2022-04-01 07:02:54,728 - image: 434_162 arrived at table_manipulation
2022-04-01 07:02:54,728 - adding: 434_162 to LSH
2022-04-01 07:02:54,728 - added: 434_162 to LSH
2022-04-01 07:02:55,530 - image: 365_135 arrived at table_manipulation
2022-04-01 07:02:55,530 - adding: 365_135 to LSH
2022-04-01 07:02:55,530 - added: 365_135 to LSH
2022-04-01 07:02:55,610 - image: 442_166 arrived at table_manipulation
2022-04-01 07:02:55,610 - adding: 442_166 to LSH
2022-04-01 07:02:55,610 - added: 442_166 to LSH
2022-04-01 07:02:56,897 - image: 454_170 arrived at table_manipulation
2022-04-01 07:02:56,897 - adding: 454_170 to LSH
2022-04-01 07:02:56,897 - added: 454_170 to LSH
2022-04-01 07:02:57,268 - image: 385_144 arrived at table_manipulation
2022-04-01 07:02:57,269 - adding: 385_144 to LSH
2022-04-01 07:02:57,269 - added: 385_144 to LSH
2022-04-01 07:02:57,813 - image: 462_173 arrived at table_manipulation
2022-04-01 07:02:57,813 - adding: 462_173 to LSH
2022-04-01 07:02:57,813 - added: 462_173 to LSH
2022-04-01 07:02:58,996 - image: 393_146 arrived at table_manipulation
2022-04-01 07:02:58,996 - adding: 393_146 to LSH
2022-04-01 07:02:58,996 - added: 393_146 to LSH
2022-04-01 07:02:59,008 - image: 405_150 arrived at table_manipulation
2022-04-01 07:02:59,009 - adding: 405_150 to LSH
2022-04-01 07:02:59,009 - added: 405_150 to LSH
2022-04-01 07:03:00,034 - image: 482_180 arrived at table_manipulation
2022-04-01 07:03:00,034 - adding: 482_180 to LSH
2022-04-01 07:03:00,034 - added: 482_180 to LSH
2022-04-01 07:03:00,759 - image: 413_154 arrived at table_manipulation
2022-04-01 07:03:00,759 - adding: 413_154 to LSH
2022-04-01 07:03:00,760 - added: 413_154 to LSH
2022-04-01 07:03:00,952 - image: 490_183 arrived at table_manipulation
2022-04-01 07:03:00,952 - adding: 490_183 to LSH
2022-04-01 07:03:00,952 - added: 490_183 to LSH
2022-04-01 07:03:02,260 - image: 502_188 arrived at table_manipulation
2022-04-01 07:03:02,260 - adding: 502_188 to LSH
2022-04-01 07:03:02,260 - added: 502_188 to LSH
2022-04-01 07:03:02,551 - image: 433_162 arrived at table_manipulation
2022-04-01 07:03:02,551 - adding: 433_162 to LSH
2022-04-01 07:03:02,551 - added: 433_162 to LSH
2022-04-01 07:03:03,178 - image: 510_191 arrived at table_manipulation
2022-04-01 07:03:03,178 - adding: 510_191 to LSH
2022-04-01 07:03:03,179 - added: 510_191 to LSH
2022-04-01 07:03:04,294 - image: 443_166 arrived at table_manipulation
2022-04-01 07:03:04,294 - adding: 443_166 to LSH
2022-04-01 07:03:04,294 - added: 443_166 to LSH
2022-04-01 07:03:04,301 - image: 453_169 arrived at table_manipulation
2022-04-01 07:03:04,301 - adding: 453_169 to LSH
2022-04-01 07:03:04,301 - added: 453_169 to LSH
2022-04-01 07:03:05,420 - image: 530_197 arrived at table_manipulation
2022-04-01 07:03:05,420 - adding: 530_197 to LSH
2022-04-01 07:03:05,420 - added: 530_197 to LSH
2022-04-01 07:03:06,139 - image: 461_173 arrived at table_manipulation
2022-04-01 07:03:06,139 - adding: 461_173 to LSH
2022-04-01 07:03:06,139 - added: 461_173 to LSH
2022-04-01 07:03:06,340 - image: 538_201 arrived at table_manipulation
2022-04-01 07:03:06,340 - adding: 538_201 to LSH
2022-04-01 07:03:06,340 - added: 538_201 to LSH
2022-04-01 07:03:07,681 - image: 550_207 arrived at table_manipulation
2022-04-01 07:03:07,681 - adding: 550_207 to LSH
2022-04-01 07:03:07,681 - added: 550_207 to LSH
2022-04-01 07:03:07,944 - image: 481_180 arrived at table_manipulation
2022-04-01 07:03:07,944 - adding: 481_180 to LSH
2022-04-01 07:03:07,944 - added: 481_180 to LSH
2022-04-01 07:03:08,604 - image: 558_210 arrived at table_manipulation
2022-04-01 07:03:08,604 - adding: 558_210 to LSH
2022-04-01 07:03:08,604 - added: 558_210 to LSH
2022-04-01 07:03:09,673 - image: 491_183 arrived at table_manipulation
2022-04-01 07:03:09,673 - adding: 491_183 to LSH
2022-04-01 07:03:09,673 - added: 491_183 to LSH
2022-04-01 07:03:09,684 - image: 503_188 arrived at table_manipulation
2022-04-01 07:03:09,684 - adding: 503_188 to LSH
2022-04-01 07:03:09,685 - added: 503_188 to LSH
2022-04-01 07:03:10,850 - image: 581_220 arrived at table_manipulation
2022-04-01 07:03:10,850 - adding: 581_220 to LSH
2022-04-01 07:03:10,850 - added: 581_220 to LSH
2022-04-01 07:03:11,432 - image: 511_192 arrived at table_manipulation
2022-04-01 07:03:11,432 - adding: 511_192 to LSH
2022-04-01 07:03:11,432 - added: 511_192 to LSH
2022-04-01 07:03:11,771 - image: 589_222 arrived at table_manipulation
2022-04-01 07:03:11,771 - adding: 589_222 to LSH
2022-04-01 07:03:11,771 - added: 589_222 to LSH
2022-04-01 07:03:13,062 - image: 598_225 arrived at table_manipulation
2022-04-01 07:03:13,063 - adding: 598_225 to LSH
2022-04-01 07:03:13,063 - added: 598_225 to LSH
2022-04-01 07:03:13,190 - image: 531_197 arrived at table_manipulation
2022-04-01 07:03:13,190 - adding: 531_197 to LSH
2022-04-01 07:03:13,190 - added: 531_197 to LSH
2022-04-01 07:03:13,944 - image: 606_227 arrived at table_manipulation
2022-04-01 07:03:13,944 - adding: 606_227 to LSH
2022-04-01 07:03:13,944 - added: 606_227 to LSH
2022-04-01 07:03:14,869 - image: 539_201 arrived at table_manipulation
2022-04-01 07:03:14,870 - adding: 539_201 to LSH
2022-04-01 07:03:14,870 - added: 539_201 to LSH
2022-04-01 07:03:14,877 - image: 551_207 arrived at table_manipulation
2022-04-01 07:03:14,877 - adding: 551_207 to LSH
2022-04-01 07:03:14,877 - added: 551_207 to LSH
2022-04-01 07:03:15,903 - image: 629_232 arrived at table_manipulation
2022-04-01 07:03:15,903 - adding: 629_232 to LSH
2022-04-01 07:03:15,903 - added: 629_232 to LSH
2022-04-01 07:03:16,434 - image: 559_210 arrived at table_manipulation
2022-04-01 07:03:16,434 - adding: 559_210 to LSH
2022-04-01 07:03:16,435 - added: 559_210 to LSH
2022-04-01 07:03:16,638 - image: 637_234 arrived at table_manipulation
2022-04-01 07:03:16,638 - adding: 637_234 to LSH
2022-04-01 07:03:16,638 - added: 637_234 to LSH
2022-04-01 07:03:17,708 - image: 649_240 arrived at table_manipulation
2022-04-01 07:03:17,708 - adding: 649_240 to LSH
2022-04-01 07:03:17,708 - added: 649_240 to LSH
2022-04-01 07:03:17,949 - image: 574_216 arrived at table_manipulation
2022-04-01 07:03:17,949 - adding: 574_216 to LSH
2022-04-01 07:03:17,949 - added: 574_216 to LSH
2022-04-01 07:03:18,436 - image: 657_242 arrived at table_manipulation
2022-04-01 07:03:18,436 - adding: 657_242 to LSH
2022-04-01 07:03:18,437 - added: 657_242 to LSH
2022-04-01 07:03:19,389 - image: 582_220 arrived at table_manipulation
2022-04-01 07:03:19,389 - adding: 582_220 to LSH
2022-04-01 07:03:19,389 - added: 582_220 to LSH
2022-04-01 07:03:19,397 - image: 594_224 arrived at table_manipulation
2022-04-01 07:03:19,398 - adding: 594_224 to LSH
2022-04-01 07:03:19,398 - added: 594_224 to LSH
2022-04-01 07:03:20,230 - image: 672_248 arrived at table_manipulation
2022-04-01 07:03:20,230 - adding: 672_248 to LSH
2022-04-01 07:03:20,230 - added: 672_248 to LSH
2022-04-01 07:03:20,841 - image: 605_227 arrived at table_manipulation
2022-04-01 07:03:20,841 - adding: 605_227 to LSH
2022-04-01 07:03:20,841 - added: 605_227 to LSH
2022-04-01 07:03:20,943 - image: 685_253 arrived at table_manipulation
2022-04-01 07:03:20,943 - adding: 685_253 to LSH
2022-04-01 07:03:20,943 - added: 685_253 to LSH
2022-04-01 07:03:22,040 - image: 697_258 arrived at table_manipulation
2022-04-01 07:03:22,040 - adding: 697_258 to LSH
2022-04-01 07:03:22,041 - added: 697_258 to LSH
2022-04-01 07:03:22,370 - image: 622_230 arrived at table_manipulation
2022-04-01 07:03:22,370 - adding: 622_230 to LSH
2022-04-01 07:03:22,370 - added: 622_230 to LSH
2022-04-01 07:03:22,806 - image: 705_261 arrived at table_manipulation
2022-04-01 07:03:22,806 - adding: 705_261 to LSH
2022-04-01 07:03:22,806 - added: 705_261 to LSH
2022-04-01 07:03:23,849 - image: 630_232 arrived at table_manipulation
2022-04-01 07:03:23,849 - adding: 630_232 to LSH
2022-04-01 07:03:23,849 - added: 630_232 to LSH
2022-04-01 07:03:23,857 - image: 642_236 arrived at table_manipulation
2022-04-01 07:03:23,857 - adding: 642_236 to LSH
2022-04-01 07:03:23,857 - added: 642_236 to LSH
2022-04-01 07:03:24,684 - image: 725_267 arrived at table_manipulation
2022-04-01 07:03:24,684 - adding: 725_267 to LSH
2022-04-01 07:03:24,684 - added: 725_267 to LSH
2022-04-01 07:03:25,411 - image: 650_240 arrived at table_manipulation
2022-04-01 07:03:25,411 - adding: 650_240 to LSH
2022-04-01 07:03:25,411 - added: 650_240 to LSH
2022-04-01 07:03:25,442 - image: 728_268 arrived at table_manipulation
2022-04-01 07:03:25,442 - adding: 728_268 to LSH
2022-04-01 07:03:25,442 - added: 728_268 to LSH
2022-04-01 07:03:26,550 - image: 740_271 arrived at table_manipulation
2022-04-01 07:03:26,550 - adding: 740_271 to LSH
2022-04-01 07:03:26,551 - added: 740_271 to LSH
2022-04-01 07:03:26,886 - image: 675_250 arrived at table_manipulation
2022-04-01 07:03:26,886 - adding: 675_250 to LSH
2022-04-01 07:03:26,886 - added: 675_250 to LSH
2022-04-01 07:03:27,305 - image: 748_274 arrived at table_manipulation
2022-04-01 07:03:27,305 - adding: 748_274 to LSH
2022-04-01 07:03:27,305 - added: 748_274 to LSH
2022-04-01 07:03:28,354 - image: 683_252 arrived at table_manipulation
2022-04-01 07:03:28,354 - adding: 683_252 to LSH
2022-04-01 07:03:28,354 - added: 683_252 to LSH
2022-04-01 07:03:28,361 - image: 690_256 arrived at table_manipulation
2022-04-01 07:03:28,361 - adding: 690_256 to LSH
2022-04-01 07:03:28,362 - added: 690_256 to LSH
2022-04-01 07:03:29,149 - image: 773_283 arrived at table_manipulation
2022-04-01 07:03:29,149 - adding: 773_283 to LSH
2022-04-01 07:03:29,149 - added: 773_283 to LSH
2022-04-01 07:03:29,882 - image: 696_258 arrived at table_manipulation
2022-04-01 07:03:29,882 - adding: 696_258 to LSH
2022-04-01 07:03:29,882 - added: 696_258 to LSH
2022-04-01 07:03:29,890 - image: 708_262 arrived at table_manipulation
2022-04-01 07:03:29,891 - adding: 708_262 to LSH
2022-04-01 07:03:29,891 - added: 708_262 to LSH
2022-04-01 07:03:30,993 - image: 788_290 arrived at table_manipulation
2022-04-01 07:03:30,993 - adding: 788_290 to LSH
2022-04-01 07:03:30,994 - added: 788_290 to LSH
2022-04-01 07:03:31,362 - image: 716_265 arrived at table_manipulation
2022-04-01 07:03:31,362 - adding: 716_265 to LSH
2022-04-01 07:03:31,362 - added: 716_265 to LSH
2022-04-01 07:03:31,743 - image: 796_293 arrived at table_manipulation
2022-04-01 07:03:31,743 - adding: 796_293 to LSH
2022-04-01 07:03:31,743 - added: 796_293 to LSH
2022-04-01 07:03:32,852 - image: 810_299 arrived at table_manipulation
2022-04-01 07:03:32,852 - adding: 810_299 to LSH
2022-04-01 07:03:32,852 - added: 810_299 to LSH
2022-04-01 07:03:32,944 - image: 734_268 arrived at table_manipulation
2022-04-01 07:03:32,944 - adding: 734_268 to LSH
2022-04-01 07:03:32,945 - added: 734_268 to LSH
2022-04-01 07:03:34,391 - image: 751_275 arrived at table_manipulation
2022-04-01 07:03:34,391 - adding: 751_275 to LSH
2022-04-01 07:03:34,391 - added: 751_275 to LSH
2022-04-01 07:03:35,793 - image: 758_277 arrived at table_manipulation
2022-04-01 07:03:35,793 - adding: 758_277 to LSH
2022-04-01 07:03:35,793 - added: 758_277 to LSH
2022-04-01 07:03:35,801 - image: 775_284 arrived at table_manipulation
2022-04-01 07:03:35,801 - adding: 775_284 to LSH
2022-04-01 07:03:35,801 - added: 775_284 to LSH
2022-04-01 07:03:37,219 - image: 787_290 arrived at table_manipulation
2022-04-01 07:03:37,219 - adding: 787_290 to LSH
2022-04-01 07:03:37,220 - added: 787_290 to LSH
2022-04-01 07:03:38,666 - image: 792_291 arrived at table_manipulation
2022-04-01 07:03:38,666 - adding: 792_291 to LSH
2022-04-01 07:03:38,666 - added: 792_291 to LSH
2022-04-01 07:03:40,956 - image: 811_299 arrived at table_manipulation
2022-04-01 07:03:40,957 - adding: 811_299 to LSH
2022-04-01 07:03:40,957 - added: 811_299 to LSH
2022-04-01 09:37:08,945 - image: 4_001 arrived at table_manipulation
2022-04-01 09:37:08,946 - adding: 4_001 to LSH
2022-04-01 09:37:08,946 - added: 4_001 to LSH
2022-04-01 09:37:10,629 - image: 11_004 arrived at table_manipulation
2022-04-01 09:37:10,629 - adding: 11_004 to LSH
2022-04-01 09:37:10,629 - added: 11_004 to LSH
2022-04-01 09:37:12,249 - image: 17_006 arrived at table_manipulation
2022-04-01 09:37:12,250 - adding: 17_006 to LSH
2022-04-01 09:37:12,250 - added: 17_006 to LSH
2022-04-01 09:37:12,266 - image: 22_009 arrived at table_manipulation
2022-04-01 09:37:12,266 - adding: 22_009 to LSH
2022-04-01 09:37:12,267 - added: 22_009 to LSH
2022-04-01 09:37:13,611 - image: 68_026 arrived at table_manipulation
2022-04-01 09:37:13,611 - adding: 68_026 to LSH
2022-04-01 09:37:13,611 - added: 68_026 to LSH
2022-04-01 09:37:14,002 - image: 31_013 arrived at table_manipulation
2022-04-01 09:37:14,003 - adding: 31_013 to LSH
2022-04-01 09:37:14,003 - added: 31_013 to LSH
2022-04-01 09:37:14,991 - image: 85_032 arrived at table_manipulation
2022-04-01 09:37:14,991 - adding: 85_032 to LSH
2022-04-01 09:37:14,991 - added: 85_032 to LSH
2022-04-01 09:37:15,768 - image: 32_013 arrived at table_manipulation
2022-04-01 09:37:15,769 - adding: 32_013 to LSH
2022-04-01 09:37:15,769 - added: 32_013 to LSH
2022-04-01 09:37:16,345 - image: 92_033 arrived at table_manipulation
2022-04-01 09:37:16,346 - adding: 92_033 to LSH
2022-04-01 09:37:16,346 - added: 92_033 to LSH
2022-04-01 09:37:17,558 - image: 43_016 arrived at table_manipulation
2022-04-01 09:37:17,558 - adding: 43_016 to LSH
2022-04-01 09:37:17,558 - added: 43_016 to LSH
2022-04-01 09:37:17,707 - image: 109_040 arrived at table_manipulation
2022-04-01 09:37:17,707 - adding: 109_040 to LSH
2022-04-01 09:37:17,707 - added: 109_040 to LSH
2022-04-01 09:37:19,198 - image: 46_017 arrived at table_manipulation
2022-04-01 09:37:19,198 - adding: 46_017 to LSH
2022-04-01 09:37:19,198 - added: 46_017 to LSH
2022-04-01 09:37:19,209 - image: 57_022 arrived at table_manipulation
2022-04-01 09:37:19,210 - adding: 57_022 to LSH
2022-04-01 09:37:19,210 - added: 57_022 to LSH
2022-04-01 09:37:20,496 - image: 135_048 arrived at table_manipulation
2022-04-01 09:37:20,496 - adding: 135_048 to LSH
2022-04-01 09:37:20,496 - added: 135_048 to LSH
2022-04-01 09:37:20,851 - image: 67_025 arrived at table_manipulation
2022-04-01 09:37:20,851 - adding: 67_025 to LSH
2022-04-01 09:37:20,851 - added: 67_025 to LSH
2022-04-01 09:37:21,799 - image: 147_051 arrived at table_manipulation
2022-04-01 09:37:21,799 - adding: 147_051 to LSH
2022-04-01 09:37:21,799 - added: 147_051 to LSH
2022-04-01 09:37:22,572 - image: 79_030 arrived at table_manipulation
2022-04-01 09:37:22,572 - adding: 79_030 to LSH
2022-04-01 09:37:22,572 - added: 79_030 to LSH
2022-04-01 09:37:23,096 - image: 159_057 arrived at table_manipulation
2022-04-01 09:37:23,096 - adding: 159_057 to LSH
2022-04-01 09:37:23,096 - added: 159_057 to LSH
2022-04-01 09:37:24,295 - image: 91_033 arrived at table_manipulation
2022-04-01 09:37:24,295 - adding: 91_033 to LSH
2022-04-01 09:37:24,296 - added: 91_033 to LSH
2022-04-01 09:37:24,373 - image: 166_060 arrived at table_manipulation
2022-04-01 09:37:24,374 - adding: 166_060 to LSH
2022-04-01 09:37:24,374 - added: 166_060 to LSH
2022-04-01 09:37:25,849 - image: 182_066 arrived at table_manipulation
2022-04-01 09:37:25,849 - adding: 182_066 to LSH
2022-04-01 09:37:25,849 - added: 182_066 to LSH
2022-04-01 09:37:25,990 - image: 112_040 arrived at table_manipulation
2022-04-01 09:37:25,991 - adding: 112_040 to LSH
2022-04-01 09:37:25,991 - added: 112_040 to LSH
2022-04-01 09:37:27,166 - image: 194_068 arrived at table_manipulation
2022-04-01 09:37:27,166 - adding: 194_068 to LSH
2022-04-01 09:37:27,166 - added: 194_068 to LSH
2022-04-01 09:37:27,746 - image: 124_044 arrived at table_manipulation
2022-04-01 09:37:27,746 - adding: 124_044 to LSH
2022-04-01 09:37:27,746 - added: 124_044 to LSH
2022-04-01 09:37:28,495 - image: 207_073 arrived at table_manipulation
2022-04-01 09:37:28,496 - adding: 207_073 to LSH
2022-04-01 09:37:28,496 - added: 207_073 to LSH
2022-04-01 09:37:29,496 - image: 136_048 arrived at table_manipulation
2022-04-01 09:37:29,496 - adding: 136_048 to LSH
2022-04-01 09:37:29,496 - added: 136_048 to LSH
2022-04-01 09:37:29,831 - image: 219_078 arrived at table_manipulation
2022-04-01 09:37:29,832 - adding: 219_078 to LSH
2022-04-01 09:37:29,832 - added: 219_078 to LSH
2022-04-01 09:37:31,242 - image: 148_052 arrived at table_manipulation
2022-04-01 09:37:31,243 - adding: 148_052 to LSH
2022-04-01 09:37:31,243 - added: 148_052 to LSH
2022-04-01 09:37:31,262 - image: 167_060 arrived at table_manipulation
2022-04-01 09:37:31,262 - adding: 167_060 to LSH
2022-04-01 09:37:31,262 - added: 167_060 to LSH
2022-04-01 09:37:32,681 - image: 245_087 arrived at table_manipulation
2022-04-01 09:37:32,681 - adding: 245_087 to LSH
2022-04-01 09:37:32,682 - added: 245_087 to LSH
2022-04-01 09:37:32,927 - image: 174_063 arrived at table_manipulation
2022-04-01 09:37:32,927 - adding: 174_063 to LSH
2022-04-01 09:37:32,927 - added: 174_063 to LSH
2022-04-01 09:37:34,012 - image: 256_092 arrived at table_manipulation
2022-04-01 09:37:34,012 - adding: 256_092 to LSH
2022-04-01 09:37:34,013 - added: 256_092 to LSH
2022-04-01 09:37:34,654 - image: 191_067 arrived at table_manipulation
2022-04-01 09:37:34,655 - adding: 191_067 to LSH
2022-04-01 09:37:34,655 - added: 191_067 to LSH
2022-04-01 09:37:35,377 - image: 269_098 arrived at table_manipulation
2022-04-01 09:37:35,377 - adding: 269_098 to LSH
2022-04-01 09:37:35,378 - added: 269_098 to LSH
2022-04-01 09:37:36,396 - image: 202_071 arrived at table_manipulation
2022-04-01 09:37:36,397 - adding: 202_071 to LSH
2022-04-01 09:37:36,397 - added: 202_071 to LSH
2022-04-01 09:37:36,741 - image: 281_103 arrived at table_manipulation
2022-04-01 09:37:36,741 - adding: 281_103 to LSH
2022-04-01 09:37:36,741 - added: 281_103 to LSH
2022-04-01 09:37:38,137 - image: 214_076 arrived at table_manipulation
2022-04-01 09:37:38,138 - adding: 214_076 to LSH
2022-04-01 09:37:38,138 - added: 214_076 to LSH
2022-04-01 09:37:38,150 - image: 229_081 arrived at table_manipulation
2022-04-01 09:37:38,150 - adding: 229_081 to LSH
2022-04-01 09:37:38,150 - added: 229_081 to LSH
2022-04-01 09:37:39,599 - image: 307_114 arrived at table_manipulation
2022-04-01 09:37:39,599 - adding: 307_114 to LSH
2022-04-01 09:37:39,599 - added: 307_114 to LSH
2022-04-01 09:37:39,869 - image: 240_085 arrived at table_manipulation
2022-04-01 09:37:39,869 - adding: 240_085 to LSH
2022-04-01 09:37:39,869 - added: 240_085 to LSH
2022-04-01 09:37:40,911 - image: 319_119 arrived at table_manipulation
2022-04-01 09:37:40,911 - adding: 319_119 to LSH
2022-04-01 09:37:40,911 - added: 319_119 to LSH
2022-04-01 09:37:41,585 - image: 253_090 arrived at table_manipulation
2022-04-01 09:37:41,585 - adding: 253_090 to LSH
2022-04-01 09:37:41,585 - added: 253_090 to LSH
2022-04-01 09:37:42,251 - image: 331_124 arrived at table_manipulation
2022-04-01 09:37:42,251 - adding: 331_124 to LSH
2022-04-01 09:37:42,252 - added: 331_124 to LSH
2022-04-01 09:37:43,326 - image: 266_096 arrived at table_manipulation
2022-04-01 09:37:43,326 - adding: 266_096 to LSH
2022-04-01 09:37:43,326 - added: 266_096 to LSH
2022-04-01 09:37:43,606 - image: 343_126 arrived at table_manipulation
2022-04-01 09:37:43,606 - adding: 343_126 to LSH
2022-04-01 09:37:43,606 - added: 343_126 to LSH
2022-04-01 09:37:45,118 - image: 278_102 arrived at table_manipulation
2022-04-01 09:37:45,118 - adding: 278_102 to LSH
2022-04-01 09:37:45,118 - added: 278_102 to LSH
2022-04-01 09:37:45,129 - image: 292_108 arrived at table_manipulation
2022-04-01 09:37:45,129 - adding: 292_108 to LSH
2022-04-01 09:37:45,129 - added: 292_108 to LSH
2022-04-01 09:37:46,498 - image: 369_136 arrived at table_manipulation
2022-04-01 09:37:46,498 - adding: 369_136 to LSH
2022-04-01 09:37:46,499 - added: 369_136 to LSH
2022-04-01 09:37:46,870 - image: 304_113 arrived at table_manipulation
2022-04-01 09:37:46,871 - adding: 304_113 to LSH
2022-04-01 09:37:46,871 - added: 304_113 to LSH
2022-04-01 09:37:47,858 - image: 381_142 arrived at table_manipulation
2022-04-01 09:37:47,858 - adding: 381_142 to LSH
2022-04-01 09:37:47,859 - added: 381_142 to LSH
2022-04-01 09:37:48,851 - image: 316_118 arrived at table_manipulation
2022-04-01 09:37:48,852 - adding: 316_118 to LSH
2022-04-01 09:37:48,852 - added: 316_118 to LSH
2022-04-01 09:37:49,235 - image: 393_146 arrived at table_manipulation
2022-04-01 09:37:49,235 - adding: 393_146 to LSH
2022-04-01 09:37:49,236 - added: 393_146 to LSH
2022-04-01 09:37:50,340 - image: 330_123 arrived at table_manipulation
2022-04-01 09:37:50,340 - adding: 330_123 to LSH
2022-04-01 09:37:50,340 - added: 330_123 to LSH
2022-04-01 09:37:50,602 - image: 405_150 arrived at table_manipulation
2022-04-01 09:37:50,602 - adding: 405_150 to LSH
2022-04-01 09:37:50,602 - added: 405_150 to LSH
2022-04-01 09:37:52,114 - image: 342_126 arrived at table_manipulation
2022-04-01 09:37:52,114 - adding: 342_126 to LSH
2022-04-01 09:37:52,115 - added: 342_126 to LSH
2022-04-01 09:37:52,134 - image: 356_132 arrived at table_manipulation
2022-04-01 09:37:52,135 - adding: 356_132 to LSH
2022-04-01 09:37:52,135 - added: 356_132 to LSH
2022-04-01 09:37:53,506 - image: 431_161 arrived at table_manipulation
2022-04-01 09:37:53,506 - adding: 431_161 to LSH
2022-04-01 09:37:53,506 - added: 431_161 to LSH
2022-04-01 09:37:53,873 - image: 368_136 arrived at table_manipulation
2022-04-01 09:37:53,873 - adding: 368_136 to LSH
2022-04-01 09:37:53,874 - added: 368_136 to LSH
2022-04-01 09:37:54,858 - image: 443_166 arrived at table_manipulation
2022-04-01 09:37:54,859 - adding: 443_166 to LSH
2022-04-01 09:37:54,859 - added: 443_166 to LSH
2022-04-01 09:37:55,613 - image: 380_141 arrived at table_manipulation
2022-04-01 09:37:55,613 - adding: 380_141 to LSH
2022-04-01 09:37:55,613 - added: 380_141 to LSH
2022-04-01 09:37:56,225 - image: 455_170 arrived at table_manipulation
2022-04-01 09:37:56,225 - adding: 455_170 to LSH
2022-04-01 09:37:56,225 - added: 455_170 to LSH
2022-04-01 09:37:57,359 - image: 392_145 arrived at table_manipulation
2022-04-01 09:37:57,359 - adding: 392_145 to LSH
2022-04-01 09:37:57,359 - added: 392_145 to LSH
2022-04-01 09:37:57,592 - image: 467_174 arrived at table_manipulation
2022-04-01 09:37:57,592 - adding: 467_174 to LSH
2022-04-01 09:37:57,592 - added: 467_174 to LSH
2022-04-01 09:37:59,094 - image: 406_150 arrived at table_manipulation
2022-04-01 09:37:59,094 - adding: 406_150 to LSH
2022-04-01 09:37:59,094 - added: 406_150 to LSH
2022-04-01 09:37:59,112 - image: 420_157 arrived at table_manipulation
2022-04-01 09:37:59,112 - adding: 420_157 to LSH
2022-04-01 09:37:59,112 - added: 420_157 to LSH
2022-04-01 09:38:00,496 - image: 493_184 arrived at table_manipulation
2022-04-01 09:38:00,496 - adding: 493_184 to LSH
2022-04-01 09:38:00,497 - added: 493_184 to LSH
2022-04-01 09:38:00,867 - image: 432_161 arrived at table_manipulation
2022-04-01 09:38:00,867 - adding: 432_161 to LSH
2022-04-01 09:38:00,867 - added: 432_161 to LSH
2022-04-01 09:38:01,892 - image: 505_189 arrived at table_manipulation
2022-04-01 09:38:01,893 - adding: 505_189 to LSH
2022-04-01 09:38:01,893 - added: 505_189 to LSH
2022-04-01 09:38:02,602 - image: 446_167 arrived at table_manipulation
2022-04-01 09:38:02,602 - adding: 446_167 to LSH
2022-04-01 09:38:02,602 - added: 446_167 to LSH
2022-04-01 09:38:03,327 - image: 517_194 arrived at table_manipulation
2022-04-01 09:38:03,327 - adding: 517_194 to LSH
2022-04-01 09:38:03,327 - added: 517_194 to LSH
2022-04-01 09:38:04,380 - image: 458_171 arrived at table_manipulation
2022-04-01 09:38:04,381 - adding: 458_171 to LSH
2022-04-01 09:38:04,381 - added: 458_171 to LSH
2022-04-01 09:38:04,780 - image: 529_197 arrived at table_manipulation
2022-04-01 09:38:04,780 - adding: 529_197 to LSH
2022-04-01 09:38:04,780 - added: 529_197 to LSH
2022-04-01 09:38:06,136 - image: 472_177 arrived at table_manipulation
2022-04-01 09:38:06,136 - adding: 472_177 to LSH
2022-04-01 09:38:06,136 - added: 472_177 to LSH
2022-04-01 09:38:06,187 - image: 542_203 arrived at table_manipulation
2022-04-01 09:38:06,187 - adding: 542_203 to LSH
2022-04-01 09:38:06,187 - added: 542_203 to LSH
2022-04-01 09:38:07,811 - image: 555_208 arrived at table_manipulation
2022-04-01 09:38:07,811 - adding: 555_208 to LSH
2022-04-01 09:38:07,811 - added: 555_208 to LSH
2022-04-01 09:38:07,898 - image: 497_186 arrived at table_manipulation
2022-04-01 09:38:07,898 - adding: 497_186 to LSH
2022-04-01 09:38:07,898 - added: 497_186 to LSH
2022-04-01 09:38:09,243 - image: 568_214 arrived at table_manipulation
2022-04-01 09:38:09,244 - adding: 568_214 to LSH
2022-04-01 09:38:09,244 - added: 568_214 to LSH
2022-04-01 09:38:09,656 - image: 511_192 arrived at table_manipulation
2022-04-01 09:38:09,656 - adding: 511_192 to LSH
2022-04-01 09:38:09,656 - added: 511_192 to LSH
2022-04-01 09:38:10,622 - image: 580_219 arrived at table_manipulation
2022-04-01 09:38:10,623 - adding: 580_219 to LSH
2022-04-01 09:38:10,623 - added: 580_219 to LSH
2022-04-01 09:38:11,415 - image: 523_196 arrived at table_manipulation
2022-04-01 09:38:11,415 - adding: 523_196 to LSH
2022-04-01 09:38:11,415 - added: 523_196 to LSH
2022-04-01 09:38:12,008 - image: 592_223 arrived at table_manipulation
2022-04-01 09:38:12,008 - adding: 592_223 to LSH
2022-04-01 09:38:12,008 - added: 592_223 to LSH
2022-04-01 09:38:13,184 - image: 536_200 arrived at table_manipulation
2022-04-01 09:38:13,184 - adding: 536_200 to LSH
2022-04-01 09:38:13,184 - added: 536_200 to LSH
2022-04-01 09:38:13,381 - image: 604_226 arrived at table_manipulation
2022-04-01 09:38:13,382 - adding: 604_226 to LSH
2022-04-01 09:38:13,382 - added: 604_226 to LSH
2022-04-01 09:38:14,874 - image: 618_229 arrived at table_manipulation
2022-04-01 09:38:14,874 - adding: 618_229 to LSH
2022-04-01 09:38:14,874 - added: 618_229 to LSH
2022-04-01 09:38:14,890 - image: 561_211 arrived at table_manipulation
2022-04-01 09:38:14,890 - adding: 561_211 to LSH
2022-04-01 09:38:14,890 - added: 561_211 to LSH
2022-04-01 09:38:16,061 - image: 630_232 arrived at table_manipulation
2022-04-01 09:38:16,062 - adding: 630_232 to LSH
2022-04-01 09:38:16,062 - added: 630_232 to LSH
2022-04-01 09:38:16,426 - image: 575_217 arrived at table_manipulation
2022-04-01 09:38:16,427 - adding: 575_217 to LSH
2022-04-01 09:38:16,427 - added: 575_217 to LSH
2022-04-01 09:38:17,190 - image: 642_236 arrived at table_manipulation
2022-04-01 09:38:17,190 - adding: 642_236 to LSH
2022-04-01 09:38:17,191 - added: 642_236 to LSH
2022-04-01 09:38:17,942 - image: 585_221 arrived at table_manipulation
2022-04-01 09:38:17,942 - adding: 585_221 to LSH
2022-04-01 09:38:17,942 - added: 585_221 to LSH
2022-04-01 09:38:18,309 - image: 654_241 arrived at table_manipulation
2022-04-01 09:38:18,309 - adding: 654_241 to LSH
2022-04-01 09:38:18,309 - added: 654_241 to LSH
2022-04-01 09:38:19,411 - image: 597_225 arrived at table_manipulation
2022-04-01 09:38:19,411 - adding: 597_225 to LSH
2022-04-01 09:38:19,411 - added: 597_225 to LSH
2022-04-01 09:38:19,423 - image: 611_227 arrived at table_manipulation
2022-04-01 09:38:19,423 - adding: 611_227 to LSH
2022-04-01 09:38:19,423 - added: 611_227 to LSH
2022-04-01 09:38:20,664 - image: 677_251 arrived at table_manipulation
2022-04-01 09:38:20,664 - adding: 677_251 to LSH
2022-04-01 09:38:20,664 - added: 677_251 to LSH
2022-04-01 09:38:20,898 - image: 623_231 arrived at table_manipulation
2022-04-01 09:38:20,898 - adding: 623_231 to LSH
2022-04-01 09:38:20,898 - added: 623_231 to LSH
2022-04-01 09:38:21,784 - image: 692_257 arrived at table_manipulation
2022-04-01 09:38:21,784 - adding: 692_257 to LSH
2022-04-01 09:38:21,785 - added: 692_257 to LSH
2022-04-01 09:38:22,368 - image: 635_234 arrived at table_manipulation
2022-04-01 09:38:22,368 - adding: 635_234 to LSH
2022-04-01 09:38:22,368 - added: 635_234 to LSH
2022-04-01 09:38:22,905 - image: 704_261 arrived at table_manipulation
2022-04-01 09:38:22,905 - adding: 704_261 to LSH
2022-04-01 09:38:22,905 - added: 704_261 to LSH
2022-04-01 09:38:23,931 - image: 647_239 arrived at table_manipulation
2022-04-01 09:38:23,931 - adding: 647_239 to LSH
2022-04-01 09:38:23,932 - added: 647_239 to LSH
2022-04-01 09:38:24,023 - image: 713_264 arrived at table_manipulation
2022-04-01 09:38:24,023 - adding: 713_264 to LSH
2022-04-01 09:38:24,023 - added: 713_264 to LSH
2022-04-01 09:38:25,315 - image: 727_268 arrived at table_manipulation
2022-04-01 09:38:25,315 - adding: 727_268 to LSH
2022-04-01 09:38:25,315 - added: 727_268 to LSH
2022-04-01 09:38:25,420 - image: 673_249 arrived at table_manipulation
2022-04-01 09:38:25,420 - adding: 673_249 to LSH
2022-04-01 09:38:25,421 - added: 673_249 to LSH
2022-04-01 09:38:26,441 - image: 742_272 arrived at table_manipulation
2022-04-01 09:38:26,441 - adding: 742_272 to LSH
2022-04-01 09:38:26,441 - added: 742_272 to LSH
2022-04-01 09:38:26,903 - image: 685_253 arrived at table_manipulation
2022-04-01 09:38:26,903 - adding: 685_253 to LSH
2022-04-01 09:38:26,903 - added: 685_253 to LSH
2022-04-01 09:38:27,598 - image: 751_275 arrived at table_manipulation
2022-04-01 09:38:27,598 - adding: 751_275 to LSH
2022-04-01 09:38:27,598 - added: 751_275 to LSH
2022-04-01 09:38:28,451 - image: 697_258 arrived at table_manipulation
2022-04-01 09:38:28,451 - adding: 697_258 to LSH
2022-04-01 09:38:28,451 - added: 697_258 to LSH
2022-04-01 09:38:28,737 - image: 763_279 arrived at table_manipulation
2022-04-01 09:38:28,737 - adding: 763_279 to LSH
2022-04-01 09:38:28,737 - added: 763_279 to LSH
2022-04-01 09:38:30,031 - image: 709_262 arrived at table_manipulation
2022-04-01 09:38:30,031 - adding: 709_262 to LSH
2022-04-01 09:38:30,031 - added: 709_262 to LSH
2022-04-01 09:38:30,045 - image: 726_268 arrived at table_manipulation
2022-04-01 09:38:30,045 - adding: 726_268 to LSH
2022-04-01 09:38:30,045 - added: 726_268 to LSH
2022-04-01 09:38:31,495 - image: 789_290 arrived at table_manipulation
2022-04-01 09:38:31,495 - adding: 789_290 to LSH
2022-04-01 09:38:31,495 - added: 789_290 to LSH
2022-04-01 09:38:31,847 - image: 735_269 arrived at table_manipulation
2022-04-01 09:38:31,847 - adding: 735_269 to LSH
2022-04-01 09:38:31,847 - added: 735_269 to LSH
2022-04-01 09:38:32,993 - image: 801_295 arrived at table_manipulation
2022-04-01 09:38:32,993 - adding: 801_295 to LSH
2022-04-01 09:38:32,993 - added: 801_295 to LSH
2022-04-01 09:38:33,918 - image: 750_274 arrived at table_manipulation
2022-04-01 09:38:33,918 - adding: 750_274 to LSH
2022-04-01 09:38:33,918 - added: 750_274 to LSH
2022-04-01 09:38:36,164 - image: 760_278 arrived at table_manipulation
2022-04-01 09:38:36,165 - adding: 760_278 to LSH
2022-04-01 09:38:36,165 - added: 760_278 to LSH
2022-04-01 09:38:36,185 - image: 769_281 arrived at table_manipulation
2022-04-01 09:38:36,185 - adding: 769_281 to LSH
2022-04-01 09:38:36,185 - added: 769_281 to LSH
2022-04-01 09:38:38,623 - image: 784_288 arrived at table_manipulation
2022-04-01 09:38:38,623 - adding: 784_288 to LSH
2022-04-01 09:38:38,623 - added: 784_288 to LSH
2022-04-01 09:38:40,768 - image: 796_293 arrived at table_manipulation
2022-04-01 09:38:40,769 - adding: 796_293 to LSH
2022-04-01 09:38:40,769 - added: 796_293 to LSH
2022-04-01 09:38:44,785 - image: 808_298 arrived at table_manipulation
2022-04-01 09:38:44,785 - adding: 808_298 to LSH
2022-04-01 09:38:44,786 - added: 808_298 to LSH
