2022-04-01 09:37:04,504 - PID 68735 started loading and processing
2022-04-01 09:37:04,509 - Pika version 1.2.0 connecting to ('::1', 5672, 0, 0)
2022-04-01 09:37:04,510 - Socket failed to connect: <socket.socket fd=22, family=AddressFamily.AF_INET6, type=SocketKind.SOCK_STREAM, proto=6, laddr=('::1', 62617, 0, 0)>; error=61 (Connection refused)
2022-04-01 09:37:04,510 - TCP Connection attempt failed: ConnectionRefusedError(61, 'Connection refused'); dest=(<AddressFamily.AF_INET6: 30>, <SocketKind.SOCK_STREAM: 1>, 6, '', ('::1', 5672, 0, 0))
2022-04-01 09:37:04,511 - AMQPConnector - reporting failure: AMQPConnectorSocketConnectError: ConnectionRefusedError(61, 'Connection refused')
2022-04-01 09:37:04,511 - Pika version 1.2.0 connecting to ('127.0.0.1', 5672)
2022-04-01 09:37:04,511 - Socket connected: <socket.socket fd=22, family=AddressFamily.AF_INET, type=SocketKind.SOCK_STREAM, proto=6, laddr=('127.0.0.1', 62618), raddr=('127.0.0.1', 5672)>
2022-04-01 09:37:04,512 - Streaming transport linked up: (<pika.adapters.utils.io_services_utils._AsyncPlaintextTransport object at 0x11ed58d30>, _StreamingProtocolShim: <SelectConnection PROTOCOL transport=<pika.adapters.utils.io_services_utils._AsyncPlaintextTransport object at 0x11ed58d30> params=<ConnectionParameters host=localhost port=5672 virtual_host=/ ssl=False>>).
2022-04-01 09:37:04,525 - AMQPConnector - reporting success: <SelectConnection OPEN transport=<pika.adapters.utils.io_services_utils._AsyncPlaintextTransport object at 0x11ed58d30> params=<ConnectionParameters host=localhost port=5672 virtual_host=/ ssl=False>>
2022-04-01 09:37:04,525 - AMQPConnectionWorkflow - reporting success: <SelectConnection OPEN transport=<pika.adapters.utils.io_services_utils._AsyncPlaintextTransport object at 0x11ed58d30> params=<ConnectionParameters host=localhost port=5672 virtual_host=/ ssl=False>>
2022-04-01 09:37:04,525 - Connection workflow succeeded: <SelectConnection OPEN transport=<pika.adapters.utils.io_services_utils._AsyncPlaintextTransport object at 0x11ed58d30> params=<ConnectionParameters host=localhost port=5672 virtual_host=/ ssl=False>>
2022-04-01 09:37:04,525 - Created channel=1
2022-04-01 09:37:04,527 - Logging before start consuming
2022-04-01 09:37:05,442 - processing started: 1_000 
2022-04-01 09:37:05,637 - processing completed: 1_000
2022-04-01 09:37:05,658 - processing started: 3_001 
2022-04-01 09:37:05,877 - processing completed: 3_001
2022-04-01 09:37:05,882 - processing started: 5_002 
2022-04-01 09:37:06,100 - processing completed: 5_002
2022-04-01 09:37:06,106 - processing started: 7_003 
2022-04-01 09:37:06,262 - processing completed: 7_003
2022-04-01 09:37:06,269 - processing started: 9_003 
2022-04-01 09:37:06,502 - processing completed: 9_003
2022-04-01 09:37:06,508 - processing started: 11_004 
2022-04-01 09:37:06,549 - processing completed: 11_004
2022-04-01 09:37:06,552 - processing started: 13_005 
2022-04-01 09:37:06,786 - processing completed: 13_005
2022-04-01 09:37:06,792 - processing started: 15_005 
2022-04-01 09:37:06,967 - processing completed: 15_005
2022-04-01 09:37:06,972 - processing started: 17_006 
2022-04-01 09:37:07,131 - processing completed: 17_006
2022-04-01 09:37:07,135 - processing started: 19_007 
2022-04-01 09:37:07,295 - processing completed: 19_007
2022-04-01 09:37:07,302 - processing started: 21_008 
2022-04-01 09:37:07,526 - processing completed: 21_008
2022-04-01 09:37:07,532 - processing started: 23_009 
2022-04-01 09:37:07,712 - processing completed: 23_009
2022-04-01 09:37:07,719 - processing started: 25_010 
2022-04-01 09:37:07,978 - processing completed: 25_010
2022-04-01 09:37:07,986 - processing started: 27_011 
2022-04-01 09:37:08,194 - processing completed: 27_011
2022-04-01 09:37:08,201 - processing started: 29_012 
2022-04-01 09:37:08,353 - processing completed: 29_012
2022-04-01 09:37:08,357 - processing started: 31_013 
2022-04-01 09:37:08,497 - processing completed: 31_013
2022-04-01 09:37:08,502 - processing started: 33_014 
2022-04-01 09:37:08,700 - processing completed: 33_014
2022-04-01 09:37:08,705 - processing started: 35_014 
2022-04-01 09:37:08,887 - processing completed: 35_014
2022-04-01 09:37:08,891 - processing started: 37_014 
2022-04-01 09:37:09,007 - processing completed: 37_014
2022-04-01 09:37:09,012 - processing started: 39_015 
2022-04-01 09:37:09,205 - processing completed: 39_015
2022-04-01 09:37:09,210 - processing started: 41_015 
2022-04-01 09:37:09,319 - processing completed: 41_015
2022-04-01 09:37:09,324 - processing started: 43_016 
2022-04-01 09:37:09,512 - processing completed: 43_016
2022-04-01 09:37:09,518 - processing started: 45_017 
2022-04-01 09:37:09,646 - processing completed: 45_017
2022-04-01 09:37:09,651 - processing started: 47_017 
2022-04-01 09:37:09,866 - processing completed: 47_017
2022-04-01 09:37:09,871 - processing started: 49_018 
2022-04-01 09:37:09,983 - processing completed: 49_018
2022-04-01 09:37:09,987 - processing started: 51_019 
2022-04-01 09:37:10,172 - processing completed: 51_019
2022-04-01 09:37:10,177 - processing started: 53_020 
2022-04-01 09:37:10,294 - processing completed: 53_020
2022-04-01 09:37:10,299 - processing started: 55_021 
2022-04-01 09:37:10,482 - processing completed: 55_021
2022-04-01 09:37:10,489 - processing started: 57_022 
2022-04-01 09:37:10,617 - processing completed: 57_022
2022-04-01 09:37:10,621 - processing started: 59_023 
2022-04-01 09:37:10,839 - processing completed: 59_023
2022-04-01 09:37:10,843 - processing started: 61_023 
2022-04-01 09:37:10,951 - processing completed: 61_023
2022-04-01 09:37:10,955 - processing started: 63_024 
2022-04-01 09:37:11,128 - processing completed: 63_024
2022-04-01 09:37:11,133 - processing started: 65_024 
2022-04-01 09:37:11,309 - processing completed: 65_024
2022-04-01 09:37:11,313 - processing started: 67_025 
2022-04-01 09:37:11,429 - processing completed: 67_025
2022-04-01 09:37:11,434 - processing started: 69_026 
2022-04-01 09:37:11,611 - processing completed: 69_026
2022-04-01 09:37:11,614 - processing started: 71_027 
2022-04-01 09:37:11,721 - processing completed: 71_027
2022-04-01 09:37:11,725 - processing started: 73_028 
2022-04-01 09:37:11,886 - processing completed: 73_028
2022-04-01 09:37:11,889 - processing started: 75_029 
2022-04-01 09:37:11,998 - processing completed: 75_029
2022-04-01 09:37:12,002 - processing started: 77_030 
2022-04-01 09:37:12,198 - processing completed: 77_030
2022-04-01 09:37:12,204 - processing started: 79_030 
2022-04-01 09:37:12,332 - processing completed: 79_030
2022-04-01 09:37:12,337 - processing started: 81_031 
2022-04-01 09:37:12,526 - processing completed: 81_031
2022-04-01 09:37:12,530 - processing started: 83_032 
2022-04-01 09:37:12,701 - processing completed: 83_032
2022-04-01 09:37:12,706 - processing started: 85_032 
2022-04-01 09:37:12,932 - processing completed: 85_032
2022-04-01 09:37:12,937 - processing started: 87_032 
2022-04-01 09:37:13,114 - processing completed: 87_032
2022-04-01 09:37:13,119 - processing started: 89_033 
2022-04-01 09:37:13,303 - processing completed: 89_033
2022-04-01 09:37:13,307 - processing started: 91_033 
2022-04-01 09:37:13,421 - processing completed: 91_033
2022-04-01 09:37:13,425 - processing started: 93_034 
2022-04-01 09:37:13,609 - processing completed: 93_034
2022-04-01 09:37:13,613 - processing started: 95_035 
2022-04-01 09:37:13,789 - processing completed: 95_035
2022-04-01 09:37:13,793 - processing started: 97_035 
2022-04-01 09:37:13,905 - processing completed: 97_035
2022-04-01 09:37:13,909 - processing started: 99_036 
2022-04-01 09:37:14,136 - processing completed: 99_036
2022-04-01 09:37:14,143 - processing started: 101_037 
2022-04-01 09:37:14,269 - processing completed: 101_037
2022-04-01 09:37:14,274 - processing started: 103_037 
2022-04-01 09:37:14,478 - processing completed: 103_037
2022-04-01 09:37:14,482 - processing started: 105_038 
2022-04-01 09:37:14,604 - processing completed: 105_038
2022-04-01 09:37:14,609 - processing started: 107_039 
2022-04-01 09:37:14,794 - processing completed: 107_039
2022-04-01 09:37:14,798 - processing started: 109_040 
2022-04-01 09:37:14,915 - processing completed: 109_040
2022-04-01 09:37:14,918 - processing started: 111_040 
2022-04-01 09:37:15,102 - processing completed: 111_040
2022-04-01 09:37:15,105 - processing started: 113_040 
2022-04-01 09:37:15,220 - processing completed: 113_040
2022-04-01 09:37:15,225 - processing started: 115_040 
2022-04-01 09:37:15,408 - processing completed: 115_040
2022-04-01 09:37:15,412 - processing started: 117_041 
2022-04-01 09:37:15,536 - processing completed: 117_041
2022-04-01 09:37:15,540 - processing started: 119_042 
2022-04-01 09:37:15,747 - processing completed: 119_042
2022-04-01 09:37:15,752 - processing started: 121_042 
2022-04-01 09:37:15,886 - processing completed: 121_042
2022-04-01 09:37:15,890 - processing started: 123_043 
2022-04-01 09:37:16,076 - processing completed: 123_043
2022-04-01 09:37:16,081 - processing started: 125_044 
2022-04-01 09:37:16,261 - processing completed: 125_044
2022-04-01 09:37:16,265 - processing started: 127_045 
2022-04-01 09:37:16,379 - processing completed: 127_045
2022-04-01 09:37:16,383 - processing started: 129_045 
2022-04-01 09:37:16,570 - processing completed: 129_045
2022-04-01 09:37:16,574 - processing started: 131_046 
2022-04-01 09:37:16,687 - processing completed: 131_046
2022-04-01 09:37:16,691 - processing started: 133_047 
2022-04-01 09:37:16,872 - processing completed: 133_047
2022-04-01 09:37:16,876 - processing started: 135_048 
2022-04-01 09:37:16,990 - processing completed: 135_048
2022-04-01 09:37:16,995 - processing started: 137_049 
2022-04-01 09:37:17,184 - processing completed: 137_049
2022-04-01 09:37:17,188 - processing started: 139_049 
2022-04-01 09:37:17,306 - processing completed: 139_049
2022-04-01 09:37:17,311 - processing started: 141_050 
2022-04-01 09:37:17,510 - processing completed: 141_050
2022-04-01 09:37:17,516 - processing started: 143_051 
2022-04-01 09:37:17,654 - processing completed: 143_051
2022-04-01 09:37:17,658 - processing started: 145_051 
2022-04-01 09:37:17,836 - processing completed: 145_051
2022-04-01 09:37:17,840 - processing started: 147_051 
2022-04-01 09:37:17,953 - processing completed: 147_051
2022-04-01 09:37:17,957 - processing started: 149_052 
2022-04-01 09:37:18,127 - processing completed: 149_052
2022-04-01 09:37:18,130 - processing started: 151_053 
2022-04-01 09:37:18,240 - processing completed: 151_053
2022-04-01 09:37:18,245 - processing started: 153_054 
2022-04-01 09:37:18,420 - processing completed: 153_054
2022-04-01 09:37:18,424 - processing started: 155_055 
2022-04-01 09:37:18,598 - processing completed: 155_055
2022-04-01 09:37:18,602 - processing started: 157_056 
2022-04-01 09:37:18,725 - processing completed: 157_056
2022-04-01 09:37:18,730 - processing started: 159_057 
2022-04-01 09:37:18,905 - processing completed: 159_057
2022-04-01 09:37:18,909 - processing started: 161_058 
2022-04-01 09:37:19,084 - processing completed: 161_058
2022-04-01 09:37:19,090 - processing started: 163_059 
2022-04-01 09:37:19,291 - processing completed: 163_059
2022-04-01 09:37:19,296 - processing started: 165_060 
2022-04-01 09:37:19,409 - processing completed: 165_060
2022-04-01 09:37:19,413 - processing started: 167_060 
2022-04-01 09:37:19,588 - processing completed: 167_060
2022-04-01 09:37:19,592 - processing started: 169_061 
2022-04-01 09:37:19,707 - processing completed: 169_061
2022-04-01 09:37:19,711 - processing started: 171_062 
2022-04-01 09:37:19,880 - processing completed: 171_062
2022-04-01 09:37:19,885 - processing started: 173_063 
2022-04-01 09:37:20,094 - processing completed: 173_063
2022-04-01 09:37:20,101 - processing started: 175_064 
2022-04-01 09:37:20,365 - processing completed: 175_064
2022-04-01 09:37:20,373 - processing started: 177_064 
2022-04-01 09:37:20,590 - processing completed: 177_064
2022-04-01 09:37:20,597 - processing started: 179_065 
2022-04-01 09:37:20,897 - processing completed: 179_065
2022-04-01 09:37:20,903 - processing started: 181_066 
2022-04-01 09:37:21,199 - processing completed: 181_066
2022-04-01 09:37:21,206 - processing started: 183_066 
2022-04-01 09:37:21,421 - processing completed: 183_066
2022-04-01 09:37:21,427 - processing started: 185_066 
2022-04-01 09:37:21,707 - processing completed: 185_066
2022-04-01 09:37:21,714 - processing started: 187_066 
2022-04-01 09:37:21,883 - processing completed: 187_066
2022-04-01 09:37:21,889 - processing started: 189_067 
2022-04-01 09:37:22,164 - processing completed: 189_067
2022-04-01 09:37:22,171 - processing started: 191_067 
2022-04-01 09:37:22,383 - processing completed: 191_067
2022-04-01 09:37:22,390 - processing started: 193_068 
2022-04-01 09:37:22,625 - processing completed: 193_068
2022-04-01 09:37:22,631 - processing started: 195_069 
2022-04-01 09:37:22,788 - processing completed: 195_069
2022-04-01 09:37:22,794 - processing started: 197_069 
2022-04-01 09:37:23,011 - processing completed: 197_069
2022-04-01 09:37:23,016 - processing started: 199_070 
2022-04-01 09:37:23,226 - processing completed: 199_070
2022-04-01 09:37:23,232 - processing started: 201_071 
2022-04-01 09:37:23,495 - processing completed: 201_071
2022-04-01 09:37:23,502 - processing started: 203_072 
2022-04-01 09:37:23,706 - processing completed: 203_072
2022-04-01 09:37:23,712 - processing started: 205_072 
2022-04-01 09:37:23,985 - processing completed: 205_072
2022-04-01 09:37:23,992 - processing started: 207_073 
2022-04-01 09:37:24,191 - processing completed: 207_073
2022-04-01 09:37:24,197 - processing started: 209_074 
2022-04-01 09:37:24,501 - processing completed: 209_074
2022-04-01 09:37:24,509 - processing started: 211_075 
2022-04-01 09:37:24,790 - processing completed: 211_075
2022-04-01 09:37:24,796 - processing started: 213_076 
2022-04-01 09:37:25,003 - processing completed: 213_076
2022-04-01 09:37:25,011 - processing started: 215_077 
2022-04-01 09:37:25,228 - processing completed: 215_077
2022-04-01 09:37:25,233 - processing started: 217_077 
2022-04-01 09:37:25,438 - processing completed: 217_077
2022-04-01 09:37:25,445 - processing started: 219_078 
2022-04-01 09:37:25,723 - processing completed: 219_078
2022-04-01 09:37:25,729 - processing started: 221_079 
2022-04-01 09:37:25,952 - processing completed: 221_079
2022-04-01 09:37:25,960 - processing started: 223_080 
2022-04-01 09:37:26,150 - processing completed: 223_080
2022-04-01 09:37:26,155 - processing started: 225_081 
2022-04-01 09:37:26,299 - processing completed: 225_081
2022-04-01 09:37:26,306 - processing started: 227_081 
2022-04-01 09:37:26,507 - processing completed: 227_081
2022-04-01 09:37:26,512 - processing started: 229_081 
2022-04-01 09:37:26,640 - processing completed: 229_081
2022-04-01 09:37:26,646 - processing started: 231_081 
2022-04-01 09:37:26,840 - processing completed: 231_081
2022-04-01 09:37:26,846 - processing started: 233_082 
2022-04-01 09:37:26,972 - processing completed: 233_082
2022-04-01 09:37:26,977 - processing started: 235_082 
2022-04-01 09:37:27,167 - processing completed: 235_082
2022-04-01 09:37:27,172 - processing started: 237_083 
2022-04-01 09:37:27,306 - processing completed: 237_083
2022-04-01 09:37:27,311 - processing started: 239_084 
2022-04-01 09:37:27,505 - processing completed: 239_084
2022-04-01 09:37:27,511 - processing started: 241_085 
2022-04-01 09:37:27,731 - processing completed: 241_085
2022-04-01 09:37:27,736 - processing started: 243_086 
2022-04-01 09:37:27,902 - processing completed: 243_086
2022-04-01 09:37:27,906 - processing started: 245_087 
2022-04-01 09:37:28,108 - processing completed: 245_087
2022-04-01 09:37:28,113 - processing started: 247_088 
2022-04-01 09:37:28,243 - processing completed: 247_088
2022-04-01 09:37:28,249 - processing started: 249_089 
2022-04-01 09:37:28,403 - processing completed: 249_089
2022-04-01 09:37:28,408 - processing started: 251_089 
2022-04-01 09:37:28,488 - processing completed: 251_089
2022-04-01 09:37:28,493 - processing started: 253_090 
2022-04-01 09:37:28,639 - processing completed: 253_090
2022-04-01 09:37:28,643 - processing started: 255_091 
2022-04-01 09:37:28,726 - processing completed: 255_091
2022-04-01 09:37:28,731 - processing started: 257_092 
2022-04-01 09:37:28,880 - processing completed: 257_092
2022-04-01 09:37:28,884 - processing started: 259_093 
2022-04-01 09:37:28,987 - processing completed: 259_093
2022-04-01 09:37:28,992 - processing started: 261_094 
2022-04-01 09:37:29,158 - processing completed: 261_094
2022-04-01 09:37:29,163 - processing started: 263_095 
2022-04-01 09:37:29,260 - processing completed: 263_095
2022-04-01 09:37:29,264 - processing started: 265_096 
2022-04-01 09:37:29,447 - processing completed: 265_096
2022-04-01 09:37:29,453 - processing started: 267_097 
2022-04-01 09:37:29,568 - processing completed: 267_097
2022-04-01 09:37:29,572 - processing started: 269_098 
2022-04-01 09:37:29,750 - processing completed: 269_098
2022-04-01 09:37:29,755 - processing started: 271_098 
2022-04-01 09:37:29,930 - processing completed: 271_098
2022-04-01 09:37:29,934 - processing started: 273_099 
2022-04-01 09:37:30,018 - processing completed: 273_099
2022-04-01 09:37:30,023 - processing started: 275_100 
2022-04-01 09:37:30,217 - processing completed: 275_100
2022-04-01 09:37:30,222 - processing started: 277_101 
2022-04-01 09:37:30,311 - processing completed: 277_101
2022-04-01 09:37:30,314 - processing started: 279_102 
2022-04-01 09:37:30,475 - processing completed: 279_102
2022-04-01 09:37:30,478 - processing started: 281_103 
2022-04-01 09:37:30,565 - processing completed: 281_103
2022-04-01 09:37:30,569 - processing started: 283_104 
2022-04-01 09:37:30,717 - processing completed: 283_104
2022-04-01 09:37:30,721 - processing started: 285_105 
2022-04-01 09:37:30,807 - processing completed: 285_105
2022-04-01 09:37:30,810 - processing started: 287_106 
2022-04-01 09:37:30,959 - processing completed: 287_106
2022-04-01 09:37:30,963 - processing started: 289_107 
2022-04-01 09:37:31,049 - processing completed: 289_107
2022-04-01 09:37:31,054 - processing started: 291_107 
2022-04-01 09:37:31,235 - processing completed: 291_107
2022-04-01 09:37:31,239 - processing started: 293_108 
2022-04-01 09:37:31,341 - processing completed: 293_108
2022-04-01 09:37:31,345 - processing started: 295_109 
2022-04-01 09:37:31,497 - processing completed: 295_109
2022-04-01 09:37:31,503 - processing started: 297_110 
2022-04-01 09:37:31,592 - processing completed: 297_110
2022-04-01 09:37:31,597 - processing started: 299_110 
2022-04-01 09:37:31,754 - processing completed: 299_110
2022-04-01 09:37:31,759 - processing started: 301_111 
2022-04-01 09:37:31,908 - processing completed: 301_111
2022-04-01 09:37:31,913 - processing started: 303_112 
2022-04-01 09:37:31,997 - processing completed: 303_112
2022-04-01 09:37:32,001 - processing started: 305_113 
2022-04-01 09:37:32,145 - processing completed: 305_113
2022-04-01 09:37:32,149 - processing started: 307_114 
2022-04-01 09:37:32,274 - processing completed: 307_114
2022-04-01 09:37:32,278 - processing started: 309_115 
2022-04-01 09:37:32,466 - processing completed: 309_115
2022-04-01 09:37:32,472 - processing started: 311_116 
2022-04-01 09:37:32,601 - processing completed: 311_116
2022-04-01 09:37:32,606 - processing started: 313_117 
2022-04-01 09:37:32,793 - processing completed: 313_117
2022-04-01 09:37:32,798 - processing started: 315_117 
2022-04-01 09:37:32,947 - processing completed: 315_117
2022-04-01 09:37:32,955 - processing started: 317_118 
2022-04-01 09:37:33,159 - processing completed: 317_118
2022-04-01 09:37:33,164 - processing started: 319_119 
2022-04-01 09:37:33,294 - processing completed: 319_119
2022-04-01 09:37:33,299 - processing started: 321_120 
2022-04-01 09:37:33,465 - processing completed: 321_120
2022-04-01 09:37:33,471 - processing started: 323_120 
2022-04-01 09:37:33,574 - processing completed: 323_120
2022-04-01 09:37:33,578 - processing started: 325_121 
2022-04-01 09:37:33,770 - processing completed: 325_121
2022-04-01 09:37:33,775 - processing started: 327_122 
2022-04-01 09:37:33,908 - processing completed: 327_122
2022-04-01 09:37:33,913 - processing started: 329_123 
2022-04-01 09:37:34,106 - processing completed: 329_123
2022-04-01 09:37:34,113 - processing started: 331_124 
2022-04-01 09:37:34,309 - processing completed: 331_124
2022-04-01 09:37:34,314 - processing started: 333_124 
2022-04-01 09:37:34,445 - processing completed: 333_124
2022-04-01 09:37:34,450 - processing started: 335_124 
2022-04-01 09:37:34,700 - processing completed: 335_124
2022-04-01 09:37:34,707 - processing started: 337_124 
2022-04-01 09:37:34,848 - processing completed: 337_124
2022-04-01 09:37:34,854 - processing started: 339_124 
2022-04-01 09:37:35,057 - processing completed: 339_124
2022-04-01 09:37:35,062 - processing started: 341_125 
2022-04-01 09:37:35,193 - processing completed: 341_125
2022-04-01 09:37:35,199 - processing started: 343_126 
2022-04-01 09:37:35,394 - processing completed: 343_126
2022-04-01 09:37:35,400 - processing started: 345_127 
2022-04-01 09:37:35,532 - processing completed: 345_127
2022-04-01 09:37:35,537 - processing started: 347_128 
2022-04-01 09:37:35,730 - processing completed: 347_128
2022-04-01 09:37:35,736 - processing started: 349_129 
2022-04-01 09:37:35,868 - processing completed: 349_129
2022-04-01 09:37:35,872 - processing started: 351_129 
2022-04-01 09:37:36,071 - processing completed: 351_129
2022-04-01 09:37:36,075 - processing started: 353_130 
2022-04-01 09:37:36,209 - processing completed: 353_130
2022-04-01 09:37:36,214 - processing started: 355_131 
2022-04-01 09:37:36,445 - processing completed: 355_131
2022-04-01 09:37:36,449 - processing started: 357_132 
2022-04-01 09:37:36,590 - processing completed: 357_132
2022-04-01 09:37:36,595 - processing started: 359_133 
2022-04-01 09:37:36,797 - processing completed: 359_133
2022-04-01 09:37:36,802 - processing started: 361_134 
2022-04-01 09:37:37,003 - processing completed: 361_134
2022-04-01 09:37:37,009 - processing started: 363_134 
2022-04-01 09:37:37,139 - processing completed: 363_134
2022-04-01 09:37:37,144 - processing started: 365_135 
2022-04-01 09:37:37,340 - processing completed: 365_135
2022-04-01 09:37:37,346 - processing started: 367_135 
2022-04-01 09:37:37,475 - processing completed: 367_135
2022-04-01 09:37:37,481 - processing started: 369_136 
2022-04-01 09:37:37,678 - processing completed: 369_136
2022-04-01 09:37:37,683 - processing started: 371_137 
2022-04-01 09:37:37,810 - processing completed: 371_137
2022-04-01 09:37:37,815 - processing started: 373_138 
2022-04-01 09:37:38,018 - processing completed: 373_138
2022-04-01 09:37:38,022 - processing started: 375_139 
2022-04-01 09:37:38,181 - processing completed: 375_139
2022-04-01 09:37:38,188 - processing started: 377_140 
2022-04-01 09:37:38,391 - processing completed: 377_140
2022-04-01 09:37:38,395 - processing started: 379_141 
2022-04-01 09:37:38,526 - processing completed: 379_141
2022-04-01 09:37:38,531 - processing started: 381_142 
2022-04-01 09:37:38,719 - processing completed: 381_142
2022-04-01 09:37:38,723 - processing started: 383_143 
2022-04-01 09:37:38,851 - processing completed: 383_143
2022-04-01 09:37:38,856 - processing started: 385_144 
2022-04-01 09:37:39,049 - processing completed: 385_144
2022-04-01 09:37:39,057 - processing started: 387_144 
2022-04-01 09:37:39,183 - processing completed: 387_144
2022-04-01 09:37:39,188 - processing started: 389_145 
2022-04-01 09:37:39,376 - processing completed: 389_145
2022-04-01 09:37:39,382 - processing started: 391_145 
2022-04-01 09:37:39,577 - processing completed: 391_145
2022-04-01 09:37:39,582 - processing started: 393_146 
2022-04-01 09:37:39,707 - processing completed: 393_146
2022-04-01 09:37:39,712 - processing started: 395_147 
2022-04-01 09:37:39,941 - processing completed: 395_147
2022-04-01 09:37:39,948 - processing started: 397_147 
2022-04-01 09:37:40,088 - processing completed: 397_147
2022-04-01 09:37:40,094 - processing started: 399_148 
2022-04-01 09:37:40,295 - processing completed: 399_148
2022-04-01 09:37:40,300 - processing started: 401_149 
2022-04-01 09:37:40,429 - processing completed: 401_149
2022-04-01 09:37:40,435 - processing started: 403_149 
2022-04-01 09:37:40,626 - processing completed: 403_149
2022-04-01 09:37:40,631 - processing started: 405_150 
2022-04-01 09:37:40,760 - processing completed: 405_150
2022-04-01 09:37:40,765 - processing started: 407_151 
2022-04-01 09:37:40,954 - processing completed: 407_151
2022-04-01 09:37:40,959 - processing started: 409_152 
2022-04-01 09:37:41,086 - processing completed: 409_152
2022-04-01 09:37:41,090 - processing started: 411_153 
2022-04-01 09:37:41,305 - processing completed: 411_153
2022-04-01 09:37:41,309 - processing started: 413_154 
2022-04-01 09:37:41,436 - processing completed: 413_154
2022-04-01 09:37:41,440 - processing started: 415_155 
2022-04-01 09:37:41,672 - processing completed: 415_155
2022-04-01 09:37:41,676 - processing started: 417_156 
2022-04-01 09:37:41,813 - processing completed: 417_156
2022-04-01 09:37:41,818 - processing started: 419_156 
2022-04-01 09:37:42,016 - processing completed: 419_156
2022-04-01 09:37:42,022 - processing started: 421_157 
2022-04-01 09:37:42,222 - processing completed: 421_157
2022-04-01 09:37:42,227 - processing started: 423_158 
2022-04-01 09:37:42,356 - processing completed: 423_158
2022-04-01 09:37:42,360 - processing started: 425_159 
2022-04-01 09:37:42,555 - processing completed: 425_159
2022-04-01 09:37:42,560 - processing started: 427_159 
2022-04-01 09:37:42,692 - processing completed: 427_159
2022-04-01 09:37:42,697 - processing started: 429_160 
2022-04-01 09:37:42,893 - processing completed: 429_160
2022-04-01 09:37:42,898 - processing started: 431_161 
2022-04-01 09:37:43,030 - processing completed: 431_161
2022-04-01 09:37:43,034 - processing started: 433_162 
2022-04-01 09:37:43,230 - processing completed: 433_162
2022-04-01 09:37:43,236 - processing started: 435_163 
2022-04-01 09:37:43,401 - processing completed: 435_163
2022-04-01 09:37:43,410 - processing started: 437_164 
2022-04-01 09:37:43,616 - processing completed: 437_164
2022-04-01 09:37:43,622 - processing started: 439_164 
2022-04-01 09:37:43,755 - processing completed: 439_164
2022-04-01 09:37:43,762 - processing started: 441_165 
2022-04-01 09:37:43,954 - processing completed: 441_165
2022-04-01 09:37:43,960 - processing started: 443_166 
2022-04-01 09:37:44,093 - processing completed: 443_166
2022-04-01 09:37:44,099 - processing started: 445_167 
2022-04-01 09:37:44,289 - processing completed: 445_167
2022-04-01 09:37:44,294 - processing started: 447_167 
2022-04-01 09:37:44,495 - processing completed: 447_167
2022-04-01 09:37:44,502 - processing started: 449_168 
2022-04-01 09:37:44,634 - processing completed: 449_168
2022-04-01 09:37:44,640 - processing started: 451_168 
2022-04-01 09:37:44,834 - processing completed: 451_168
2022-04-01 09:37:44,840 - processing started: 453_169 
2022-04-01 09:37:44,971 - processing completed: 453_169
2022-04-01 09:37:44,977 - processing started: 455_170 
2022-04-01 09:37:45,207 - processing completed: 455_170
2022-04-01 09:37:45,213 - processing started: 457_171 
2022-04-01 09:37:45,354 - processing completed: 457_171
2022-04-01 09:37:45,361 - processing started: 459_172 
2022-04-01 09:37:45,564 - processing completed: 459_172
2022-04-01 09:37:45,569 - processing started: 461_173 
2022-04-01 09:37:45,701 - processing completed: 461_173
2022-04-01 09:37:45,706 - processing started: 463_173 
2022-04-01 09:37:45,901 - processing completed: 463_173
2022-04-01 09:37:45,907 - processing started: 465_174 
2022-04-01 09:37:46,039 - processing completed: 465_174
2022-04-01 09:37:46,044 - processing started: 467_174 
2022-04-01 09:37:46,238 - processing completed: 467_174
2022-04-01 09:37:46,243 - processing started: 469_175 
2022-04-01 09:37:46,373 - processing completed: 469_175
2022-04-01 09:37:46,379 - processing started: 471_176 
2022-04-01 09:37:46,591 - processing completed: 471_176
2022-04-01 09:37:46,598 - processing started: 473_177 
2022-04-01 09:37:46,732 - processing completed: 473_177
2022-04-01 09:37:46,736 - processing started: 475_178 
2022-04-01 09:37:46,978 - processing completed: 475_178
2022-04-01 09:37:46,984 - processing started: 477_179 
2022-04-01 09:37:47,189 - processing completed: 477_179
2022-04-01 09:37:47,193 - processing started: 479_180 
2022-04-01 09:37:47,328 - processing completed: 479_180
2022-04-01 09:37:47,333 - processing started: 481_180 
2022-04-01 09:37:47,526 - processing completed: 481_180
2022-04-01 09:37:47,532 - processing started: 483_181 
2022-04-01 09:37:47,671 - processing completed: 483_181
2022-04-01 09:37:47,677 - processing started: 485_182 
2022-04-01 09:37:47,870 - processing completed: 485_182
2022-04-01 09:37:47,876 - processing started: 487_182 
2022-04-01 09:37:48,008 - processing completed: 487_182
2022-04-01 09:37:48,014 - processing started: 489_183 
2022-04-01 09:37:48,209 - processing completed: 489_183
2022-04-01 09:37:48,214 - processing started: 491_183 
2022-04-01 09:37:48,347 - processing completed: 491_183
2022-04-01 09:37:48,354 - processing started: 493_184 
2022-04-01 09:37:48,568 - processing completed: 493_184
2022-04-01 09:37:48,574 - processing started: 495_185 
2022-04-01 09:37:48,757 - processing completed: 495_185
2022-04-01 09:37:48,764 - processing started: 497_186 
2022-04-01 09:37:48,969 - processing completed: 497_186
2022-04-01 09:37:48,975 - processing started: 499_187 
2022-04-01 09:37:49,110 - processing completed: 499_187
2022-04-01 09:37:49,115 - processing started: 501_188 
2022-04-01 09:37:49,306 - processing completed: 501_188
2022-04-01 09:37:49,310 - processing started: 503_188 
2022-04-01 09:37:49,443 - processing completed: 503_188
2022-04-01 09:37:49,447 - processing started: 505_189 
2022-04-01 09:37:49,610 - processing completed: 505_189
2022-04-01 09:37:49,615 - processing started: 507_190 
2022-04-01 09:37:49,812 - processing completed: 507_190
2022-04-01 09:37:49,819 - processing started: 509_191 
2022-04-01 09:37:49,951 - processing completed: 509_191
2022-04-01 09:37:49,956 - processing started: 511_192 
2022-04-01 09:37:50,153 - processing completed: 511_192
2022-04-01 09:37:50,158 - processing started: 513_192 
2022-04-01 09:37:50,308 - processing completed: 513_192
2022-04-01 09:37:50,314 - processing started: 515_193 
2022-04-01 09:37:50,532 - processing completed: 515_193
2022-04-01 09:37:50,538 - processing started: 517_194 
2022-04-01 09:37:50,674 - processing completed: 517_194
2022-04-01 09:37:50,680 - processing started: 519_195 
2022-04-01 09:37:50,880 - processing completed: 519_195
2022-04-01 09:37:50,885 - processing started: 521_196 
2022-04-01 09:37:51,016 - processing completed: 521_196
2022-04-01 09:37:51,022 - processing started: 523_196 
2022-04-01 09:37:51,217 - processing completed: 523_196
2022-04-01 09:37:51,222 - processing started: 525_196 
2022-04-01 09:37:51,353 - processing completed: 525_196
2022-04-01 09:37:51,358 - processing started: 527_197 
2022-04-01 09:37:51,552 - processing completed: 527_197
2022-04-01 09:37:51,557 - processing started: 529_197 
2022-04-01 09:37:51,691 - processing completed: 529_197
2022-04-01 09:37:51,697 - processing started: 531_197 
2022-04-01 09:37:51,888 - processing completed: 531_197
2022-04-01 09:37:51,894 - processing started: 533_198 
2022-04-01 09:37:52,029 - processing completed: 533_198
2022-04-01 09:37:52,038 - processing started: 535_199 
2022-04-01 09:37:52,262 - processing completed: 535_199
2022-04-01 09:37:52,269 - processing started: 537_200 
2022-04-01 09:37:52,474 - processing completed: 537_200
2022-04-01 09:37:52,479 - processing started: 539_201 
2022-04-01 09:37:52,612 - processing completed: 539_201
2022-04-01 09:37:52,619 - processing started: 541_202 
2022-04-01 09:37:52,811 - processing completed: 541_202
2022-04-01 09:37:52,816 - processing started: 543_203 
2022-04-01 09:37:52,948 - processing completed: 543_203
2022-04-01 09:37:52,954 - processing started: 545_204 
2022-04-01 09:37:53,149 - processing completed: 545_204
2022-04-01 09:37:53,154 - processing started: 547_205 
2022-04-01 09:37:53,285 - processing completed: 547_205
2022-04-01 09:37:53,290 - processing started: 549_206 
2022-04-01 09:37:53,484 - processing completed: 549_206
2022-04-01 09:37:53,490 - processing started: 551_207 
2022-04-01 09:37:53,622 - processing completed: 551_207
2022-04-01 09:37:53,627 - processing started: 553_207 
2022-04-01 09:37:53,832 - processing completed: 553_207
2022-04-01 09:37:53,838 - processing started: 555_208 
2022-04-01 09:37:53,994 - processing completed: 555_208
2022-04-01 09:37:53,999 - processing started: 557_209 
2022-04-01 09:37:54,202 - processing completed: 557_209
2022-04-01 09:37:54,208 - processing started: 559_210 
2022-04-01 09:37:54,342 - processing completed: 559_210
2022-04-01 09:37:54,346 - processing started: 561_211 
2022-04-01 09:37:54,538 - processing completed: 561_211
2022-04-01 09:37:54,542 - processing started: 563_212 
2022-04-01 09:37:54,672 - processing completed: 563_212
2022-04-01 09:37:54,677 - processing started: 565_213 
2022-04-01 09:37:54,875 - processing completed: 565_213
2022-04-01 09:37:54,881 - processing started: 567_214 
2022-04-01 09:37:55,090 - processing completed: 567_214
2022-04-01 09:37:55,096 - processing started: 569_214 
2022-04-01 09:37:55,225 - processing completed: 569_214
2022-04-01 09:37:55,232 - processing started: 571_215 
2022-04-01 09:37:55,426 - processing completed: 571_215
2022-04-01 09:37:55,430 - processing started: 573_216 
2022-04-01 09:37:55,590 - processing completed: 573_216
2022-04-01 09:37:55,596 - processing started: 575_217 
2022-04-01 09:37:55,817 - processing completed: 575_217
2022-04-01 09:37:55,822 - processing started: 577_218 
2022-04-01 09:37:55,960 - processing completed: 577_218
2022-04-01 09:37:55,965 - processing started: 579_219 
2022-04-01 09:37:56,162 - processing completed: 579_219
2022-04-01 09:37:56,169 - processing started: 581_220 
2022-04-01 09:37:56,304 - processing completed: 581_220
2022-04-01 09:37:56,308 - processing started: 583_220 
2022-04-01 09:37:56,502 - processing completed: 583_220
2022-04-01 09:37:56,508 - processing started: 585_221 
2022-04-01 09:37:56,642 - processing completed: 585_221
2022-04-01 09:37:56,647 - processing started: 587_222 
2022-04-01 09:37:56,839 - processing completed: 587_222
2022-04-01 09:37:56,844 - processing started: 589_222 
2022-04-01 09:37:56,976 - processing completed: 589_222
2022-04-01 09:37:56,982 - processing started: 591_223 
2022-04-01 09:37:57,145 - processing completed: 591_223
2022-04-01 09:37:57,149 - processing started: 593_223 
2022-04-01 09:37:57,256 - processing completed: 593_223
2022-04-01 09:37:57,261 - processing started: 595_224 
2022-04-01 09:37:57,541 - processing completed: 595_224
2022-04-01 09:37:57,547 - processing started: 597_225 
2022-04-01 09:37:57,724 - processing completed: 597_225
2022-04-01 09:37:57,728 - processing started: 599_225 
2022-04-01 09:37:57,901 - processing completed: 599_225
2022-04-01 09:37:57,907 - processing started: 601_225 
2022-04-01 09:37:58,078 - processing completed: 601_225
2022-04-01 09:37:58,082 - processing started: 603_226 
2022-04-01 09:37:58,190 - processing completed: 603_226
2022-04-01 09:37:58,194 - processing started: 605_227 
2022-04-01 09:37:58,387 - processing completed: 605_227
2022-04-01 09:37:58,392 - processing started: 607_227 
2022-04-01 09:37:58,526 - processing completed: 607_227
2022-04-01 09:37:58,531 - processing started: 609_227 
2022-04-01 09:37:58,702 - processing completed: 609_227
2022-04-01 09:37:58,706 - processing started: 611_227 
2022-04-01 09:37:58,879 - processing completed: 611_227
2022-04-01 09:37:58,885 - processing started: 613_227 
2022-04-01 09:37:59,078 - processing completed: 613_227
2022-04-01 09:37:59,082 - processing started: 615_228 
2022-04-01 09:37:59,210 - processing completed: 615_228
2022-04-01 09:37:59,216 - processing started: 617_229 
2022-04-01 09:37:59,395 - processing completed: 617_229
2022-04-01 09:37:59,400 - processing started: 619_230 
2022-04-01 09:37:59,513 - processing completed: 619_230
2022-04-01 09:37:59,517 - processing started: 621_230 
2022-04-01 09:37:59,689 - processing completed: 621_230
2022-04-01 09:37:59,694 - processing started: 623_231 
2022-04-01 09:37:59,794 - processing completed: 623_231
2022-04-01 09:37:59,799 - processing started: 625_232 
2022-04-01 09:37:59,961 - processing completed: 625_232
2022-04-01 09:37:59,965 - processing started: 627_232 
2022-04-01 09:38:00,140 - processing completed: 627_232
2022-04-01 09:38:00,144 - processing started: 629_232 
2022-04-01 09:38:00,247 - processing completed: 629_232
2022-04-01 09:38:00,251 - processing started: 631_233 
2022-04-01 09:38:00,425 - processing completed: 631_233
2022-04-01 09:38:00,428 - processing started: 633_234 
2022-04-01 09:38:00,536 - processing completed: 633_234
2022-04-01 09:38:00,540 - processing started: 635_234 
2022-04-01 09:38:00,707 - processing completed: 635_234
2022-04-01 09:38:00,712 - processing started: 637_234 
2022-04-01 09:38:00,826 - processing completed: 637_234
2022-04-01 09:38:00,830 - processing started: 639_235 
2022-04-01 09:38:01,046 - processing completed: 639_235
2022-04-01 09:38:01,052 - processing started: 641_236 
2022-04-01 09:38:01,193 - processing completed: 641_236
2022-04-01 09:38:01,199 - processing started: 643_237 
2022-04-01 09:38:01,398 - processing completed: 643_237
2022-04-01 09:38:01,402 - processing started: 645_238 
2022-04-01 09:38:01,540 - processing completed: 645_238
2022-04-01 09:38:01,545 - processing started: 647_239 
2022-04-01 09:38:01,753 - processing completed: 647_239
2022-04-01 09:38:01,759 - processing started: 649_240 
2022-04-01 09:38:01,895 - processing completed: 649_240
2022-04-01 09:38:01,901 - processing started: 651_240 
2022-04-01 09:38:02,101 - processing completed: 651_240
2022-04-01 09:38:02,109 - processing started: 653_241 
2022-04-01 09:38:02,247 - processing completed: 653_241
2022-04-01 09:38:02,252 - processing started: 655_242 
2022-04-01 09:38:02,451 - processing completed: 655_242
2022-04-01 09:38:02,456 - processing started: 657_242 
2022-04-01 09:38:02,703 - processing completed: 657_242
2022-04-01 09:38:02,710 - processing started: 659_243 
2022-04-01 09:38:02,854 - processing completed: 659_243
2022-04-01 09:38:02,861 - processing started: 661_244 
2022-04-01 09:38:03,030 - processing completed: 661_244
2022-04-01 09:38:03,036 - processing started: 663_244 
2022-04-01 09:38:03,128 - processing completed: 663_244
2022-04-01 09:38:03,133 - processing started: 665_245 
2022-04-01 09:38:03,293 - processing completed: 665_245
2022-04-01 09:38:03,298 - processing started: 667_246 
2022-04-01 09:38:03,386 - processing completed: 667_246
2022-04-01 09:38:03,389 - processing started: 669_247 
2022-04-01 09:38:03,545 - processing completed: 669_247
2022-04-01 09:38:03,551 - processing started: 671_248 
2022-04-01 09:38:03,636 - processing completed: 671_248
2022-04-01 09:38:03,639 - processing started: 673_249 
2022-04-01 09:38:03,797 - processing completed: 673_249
2022-04-01 09:38:03,801 - processing started: 675_250 
2022-04-01 09:38:03,891 - processing completed: 675_250
2022-04-01 09:38:03,896 - processing started: 677_251 
2022-04-01 09:38:04,059 - processing completed: 677_251
2022-04-01 09:38:04,062 - processing started: 679_251 
2022-04-01 09:38:04,153 - processing completed: 679_251
2022-04-01 09:38:04,158 - processing started: 681_252 
2022-04-01 09:38:04,347 - processing completed: 681_252
2022-04-01 09:38:04,353 - processing started: 683_252 
2022-04-01 09:38:04,455 - processing completed: 683_252
2022-04-01 09:38:04,461 - processing started: 685_253 
2022-04-01 09:38:04,645 - processing completed: 685_253
2022-04-01 09:38:04,651 - processing started: 687_254 
2022-04-01 09:38:04,842 - processing completed: 687_254
2022-04-01 09:38:04,847 - processing started: 689_255 
2022-04-01 09:38:04,962 - processing completed: 689_255
2022-04-01 09:38:04,967 - processing started: 691_256 
2022-04-01 09:38:05,158 - processing completed: 691_256
2022-04-01 09:38:05,162 - processing started: 693_257 
2022-04-01 09:38:05,283 - processing completed: 693_257
2022-04-01 09:38:05,288 - processing started: 695_257 
2022-04-01 09:38:05,475 - processing completed: 695_257
2022-04-01 09:38:05,480 - processing started: 697_258 
2022-04-01 09:38:05,597 - processing completed: 697_258
2022-04-01 09:38:05,601 - processing started: 699_259 
2022-04-01 09:38:05,772 - processing completed: 699_259
2022-04-01 09:38:05,776 - processing started: 701_260 
2022-04-01 09:38:05,895 - processing completed: 701_260
2022-04-01 09:38:05,899 - processing started: 703_260 
2022-04-01 09:38:06,113 - processing completed: 703_260
2022-04-01 09:38:06,118 - processing started: 705_261 
2022-04-01 09:38:06,269 - processing completed: 705_261
2022-04-01 09:38:06,274 - processing started: 707_262 
2022-04-01 09:38:06,459 - processing completed: 707_262
2022-04-01 09:38:06,464 - processing started: 709_262 
2022-04-01 09:38:06,583 - processing completed: 709_262
2022-04-01 09:38:06,588 - processing started: 711_263 
2022-04-01 09:38:06,762 - processing completed: 711_263
2022-04-01 09:38:06,766 - processing started: 713_264 
2022-04-01 09:38:06,944 - processing completed: 713_264
2022-04-01 09:38:06,948 - processing started: 715_265 
2022-04-01 09:38:07,056 - processing completed: 715_265
2022-04-01 09:38:07,060 - processing started: 717_265 
2022-04-01 09:38:07,233 - processing completed: 717_265
2022-04-01 09:38:07,237 - processing started: 719_266 
2022-04-01 09:38:07,345 - processing completed: 719_266
2022-04-01 09:38:07,349 - processing started: 721_267 
2022-04-01 09:38:07,525 - processing completed: 721_267
2022-04-01 09:38:07,529 - processing started: 723_267 
2022-04-01 09:38:07,635 - processing completed: 723_267
2022-04-01 09:38:07,639 - processing started: 725_267 
2022-04-01 09:38:07,826 - processing completed: 725_267
2022-04-01 09:38:07,831 - processing started: 727_268 
2022-04-01 09:38:08,001 - processing completed: 727_268
2022-04-01 09:38:08,009 - processing started: 729_268 
2022-04-01 09:38:08,212 - processing completed: 729_268
2022-04-01 09:38:08,218 - processing started: 731_268 
2022-04-01 09:38:08,340 - processing completed: 731_268
2022-04-01 09:38:08,351 - processing started: 733_268 
2022-04-01 09:38:08,521 - processing completed: 733_268
2022-04-01 09:38:08,525 - processing started: 735_269 
2022-04-01 09:38:08,630 - processing completed: 735_269
2022-04-01 09:38:08,635 - processing started: 737_269 
2022-04-01 09:38:08,805 - processing completed: 737_269
2022-04-01 09:38:08,810 - processing started: 739_270 
2022-04-01 09:38:08,924 - processing completed: 739_270
2022-04-01 09:38:08,928 - processing started: 741_271 
2022-04-01 09:38:09,106 - processing completed: 741_271
2022-04-01 09:38:09,110 - processing started: 743_272 
2022-04-01 09:38:09,279 - processing completed: 743_272
2022-04-01 09:38:09,283 - processing started: 745_273 
2022-04-01 09:38:09,390 - processing completed: 745_273
2022-04-01 09:38:09,395 - processing started: 747_274 
2022-04-01 09:38:09,569 - processing completed: 747_274
2022-04-01 09:38:09,575 - processing started: 749_274 
2022-04-01 09:38:09,691 - processing completed: 749_274
2022-04-01 09:38:09,697 - processing started: 751_275 
2022-04-01 09:38:09,877 - processing completed: 751_275
2022-04-01 09:38:09,881 - processing started: 753_275 
2022-04-01 09:38:09,987 - processing completed: 753_275
2022-04-01 09:38:09,993 - processing started: 755_276 
2022-04-01 09:38:10,162 - processing completed: 755_276
2022-04-01 09:38:10,167 - processing started: 757_276 
2022-04-01 09:38:10,272 - processing completed: 757_276
2022-04-01 09:38:10,278 - processing started: 759_277 
2022-04-01 09:38:10,452 - processing completed: 759_277
2022-04-01 09:38:10,456 - processing started: 761_278 
2022-04-01 09:38:10,568 - processing completed: 761_278
2022-04-01 09:38:10,572 - processing started: 763_279 
2022-04-01 09:38:10,744 - processing completed: 763_279
2022-04-01 09:38:10,748 - processing started: 765_280 
2022-04-01 09:38:10,834 - processing completed: 765_280
2022-04-01 09:38:10,838 - processing started: 767_280 
2022-04-01 09:38:10,991 - processing completed: 767_280
2022-04-01 09:38:10,994 - processing started: 769_281 
2022-04-01 09:38:11,085 - processing completed: 769_281
2022-04-01 09:38:11,089 - processing started: 771_282 
2022-04-01 09:38:11,238 - processing completed: 771_282
2022-04-01 09:38:11,243 - processing started: 773_283 
2022-04-01 09:38:11,452 - processing completed: 773_283
2022-04-01 09:38:11,457 - processing started: 775_284 
2022-04-01 09:38:11,552 - processing completed: 775_284
2022-04-01 09:38:11,558 - processing started: 777_285 
2022-04-01 09:38:11,723 - processing completed: 777_285
2022-04-01 09:38:11,728 - processing started: 779_286 
2022-04-01 09:38:11,904 - processing completed: 779_286
2022-04-01 09:38:11,910 - processing started: 781_287 
2022-04-01 09:38:12,060 - processing completed: 781_287
2022-04-01 09:38:12,064 - processing started: 783_288 
2022-04-01 09:38:12,149 - processing completed: 783_288
2022-04-01 09:38:12,154 - processing started: 785_289 
2022-04-01 09:38:12,306 - processing completed: 785_289
2022-04-01 09:38:12,310 - processing started: 787_290 
2022-04-01 09:38:12,399 - processing completed: 787_290
2022-04-01 09:38:12,404 - processing started: 789_290 
2022-04-01 09:38:12,553 - processing completed: 789_290
2022-04-01 09:38:12,556 - processing started: 791_291 
2022-04-01 09:38:12,642 - processing completed: 791_291
2022-04-01 09:38:12,645 - processing started: 793_292 
2022-04-01 09:38:12,791 - processing completed: 793_292
2022-04-01 09:38:12,795 - processing started: 795_292 
2022-04-01 09:38:12,880 - processing completed: 795_292
2022-04-01 09:38:12,885 - processing started: 797_293 
2022-04-01 09:38:13,001 - processing completed: 797_293
2022-04-01 09:38:13,004 - processing started: 799_294 
2022-04-01 09:38:13,057 - processing completed: 799_294
2022-04-01 09:38:13,060 - processing started: 801_295 
2022-04-01 09:38:13,239 - processing completed: 801_295
2022-04-01 09:38:13,243 - processing started: 803_296 
2022-04-01 09:38:13,419 - processing completed: 803_296
2022-04-01 09:38:13,423 - processing started: 805_297 
2022-04-01 09:38:13,598 - processing completed: 805_297
2022-04-01 09:38:13,604 - processing started: 807_298 
2022-04-01 09:38:13,755 - processing completed: 807_298
2022-04-01 09:38:13,758 - processing started: 809_298 
2022-04-01 09:38:13,846 - processing completed: 809_298
2022-04-01 09:38:13,850 - processing started: 811_299 
2022-04-01 09:38:13,994 - processing completed: 811_299
2022-04-01 09:38:13,997 - processing started: 0_0 
2022-04-01 09:38:13,998 - Closing connection (200): Normal shutdown
2022-04-01 09:38:13,998 - Closing channel (200): 'Normal shutdown' on <Channel number=1 OPEN conn=<SelectConnection OPEN transport=<pika.adapters.utils.io_services_utils._AsyncPlaintextTransport object at 0x11ed58d30> params=<ConnectionParameters host=localhost port=5672 virtual_host=/ ssl=False>>>
2022-04-01 09:38:13,999 - Received <Channel.CloseOk> on <Channel number=1 CLOSING conn=<SelectConnection OPEN transport=<pika.adapters.utils.io_services_utils._AsyncPlaintextTransport object at 0x11ed58d30> params=<ConnectionParameters host=localhost port=5672 virtual_host=/ ssl=False>>>
2022-04-01 09:38:13,999 - Closing connection (200): 'Normal shutdown'
2022-04-01 09:38:14,000 - Aborting transport connection: state=1; <socket.socket fd=22, family=AddressFamily.AF_INET, type=SocketKind.SOCK_STREAM, proto=6, laddr=('127.0.0.1', 62618), raddr=('127.0.0.1', 5672)>
2022-04-01 09:38:14,000 - _AsyncTransportBase._initate_abort(): Initiating abrupt asynchronous transport shutdown: state=1; error=None; <socket.socket fd=22, family=AddressFamily.AF_INET, type=SocketKind.SOCK_STREAM, proto=6, laddr=('127.0.0.1', 62618), raddr=('127.0.0.1', 5672)>
2022-04-01 09:38:14,000 - Deactivating transport: state=1; <socket.socket fd=22, family=AddressFamily.AF_INET, type=SocketKind.SOCK_STREAM, proto=6, laddr=('127.0.0.1', 62618), raddr=('127.0.0.1', 5672)>
2022-04-01 09:38:14,000 - AMQP stack terminated, failed to connect, or aborted: opened=True, error-arg=None; pending-error=ConnectionClosedByClient: (200) 'Normal shutdown'
2022-04-01 09:38:14,000 - Stack terminated due to ConnectionClosedByClient: (200) 'Normal shutdown'
2022-04-01 09:38:14,000 - Closing transport socket and unlinking: state=3; <socket.socket fd=22, family=AddressFamily.AF_INET, type=SocketKind.SOCK_STREAM, proto=6, laddr=('127.0.0.1', 62618), raddr=('127.0.0.1', 5672)>
2022-04-01 09:38:14,001 - User-initiated close: result=BlockingConnection__OnClosedArgs(connection=<SelectConnection CLOSED transport=None params=<ConnectionParameters host=localhost port=5672 virtual_host=/ ssl=False>>, error=ConnectionClosedByClient: (200) 'Normal shutdown')
2022-04-01 09:38:14,001 - PID 68735 completed loading and processing
