2022-04-01 05:59:04,270 - PID 24252 started loading and processing
2022-04-01 05:59:04,276 - Pika version 1.2.0 connecting to ('::1', 5672, 0, 0)
2022-04-01 05:59:04,277 - Socket failed to connect: <socket.socket fd=22, family=AddressFamily.AF_INET6, type=SocketKind.SOCK_STREAM, proto=6, laddr=('::1', 61639, 0, 0)>; error=61 (Connection refused)
2022-04-01 05:59:04,277 - TCP Connection attempt failed: ConnectionRefusedError(61, 'Connection refused'); dest=(<AddressFamily.AF_INET6: 30>, <SocketKind.SOCK_STREAM: 1>, 6, '', ('::1', 5672, 0, 0))
2022-04-01 05:59:04,277 - AMQPConnector - reporting failure: AMQPConnectorSocketConnectError: ConnectionRefusedError(61, 'Connection refused')
2022-04-01 05:59:04,277 - Pika version 1.2.0 connecting to ('127.0.0.1', 5672)
2022-04-01 05:59:04,277 - Socket connected: <socket.socket fd=22, family=AddressFamily.AF_INET, type=SocketKind.SOCK_STREAM, proto=6, laddr=('127.0.0.1', 61641), raddr=('127.0.0.1', 5672)>
2022-04-01 05:59:04,278 - Streaming transport linked up: (<pika.adapters.utils.io_services_utils._AsyncPlaintextTransport object at 0x12225f280>, _StreamingProtocolShim: <SelectConnection PROTOCOL transport=<pika.adapters.utils.io_services_utils._AsyncPlaintextTransport object at 0x12225f280> params=<ConnectionParameters host=localhost port=5672 virtual_host=/ ssl=False>>).
2022-04-01 05:59:04,284 - AMQPConnector - reporting success: <SelectConnection OPEN transport=<pika.adapters.utils.io_services_utils._AsyncPlaintextTransport object at 0x12225f280> params=<ConnectionParameters host=localhost port=5672 virtual_host=/ ssl=False>>
2022-04-01 05:59:04,284 - AMQPConnectionWorkflow - reporting success: <SelectConnection OPEN transport=<pika.adapters.utils.io_services_utils._AsyncPlaintextTransport object at 0x12225f280> params=<ConnectionParameters host=localhost port=5672 virtual_host=/ ssl=False>>
2022-04-01 05:59:04,285 - Connection workflow succeeded: <SelectConnection OPEN transport=<pika.adapters.utils.io_services_utils._AsyncPlaintextTransport object at 0x12225f280> params=<ConnectionParameters host=localhost port=5672 virtual_host=/ ssl=False>>
2022-04-01 05:59:04,285 - Created channel=1
2022-04-01 05:59:04,287 - Logging before start consuming
2022-04-01 05:59:06,558 - processing started: 0_000 
2022-04-01 05:59:06,747 - processing completed: 0_000
2022-04-01 05:59:06,768 - processing started: 2_000 
2022-04-01 05:59:06,988 - processing completed: 2_000
2022-04-01 05:59:06,995 - processing started: 4_001 
2022-04-01 05:59:07,252 - processing completed: 4_001
2022-04-01 05:59:07,259 - processing started: 6_002 
2022-04-01 05:59:07,436 - processing completed: 6_002
2022-04-01 05:59:07,442 - processing started: 8_003 
2022-04-01 05:59:07,674 - processing completed: 8_003
2022-04-01 05:59:07,681 - processing started: 10_004 
2022-04-01 05:59:07,859 - processing completed: 10_004
2022-04-01 05:59:07,864 - processing started: 12_005 
2022-04-01 05:59:08,109 - processing completed: 12_005
2022-04-01 05:59:08,116 - processing started: 14_005 
2022-04-01 05:59:08,304 - processing completed: 14_005
2022-04-01 05:59:08,310 - processing started: 16_006 
2022-04-01 05:59:08,556 - processing completed: 16_006
2022-04-01 05:59:08,562 - processing started: 18_007 
2022-04-01 05:59:08,746 - processing completed: 18_007
2022-04-01 05:59:08,751 - processing started: 20_008 
2022-04-01 05:59:08,963 - processing completed: 20_008
2022-04-01 05:59:08,969 - processing started: 22_009 
2022-04-01 05:59:09,192 - processing completed: 22_009
2022-04-01 05:59:09,199 - processing started: 24_009 
2022-04-01 05:59:09,462 - processing completed: 24_009
2022-04-01 05:59:09,469 - processing started: 26_010 
2022-04-01 05:59:09,702 - processing completed: 26_010
2022-04-01 05:59:09,708 - processing started: 28_011 
2022-04-01 05:59:10,004 - processing completed: 28_011
2022-04-01 05:59:10,012 - processing started: 30_012 
2022-04-01 05:59:10,132 - processing completed: 30_012
2022-04-01 05:59:10,137 - processing started: 32_013 
2022-04-01 05:59:10,419 - processing completed: 32_013
2022-04-01 05:59:10,425 - processing started: 34_014 
2022-04-01 05:59:10,617 - processing completed: 34_014
2022-04-01 05:59:10,622 - processing started: 36_014 
2022-04-01 05:59:10,742 - processing completed: 36_014
2022-04-01 05:59:10,748 - processing started: 38_015 
2022-04-01 05:59:10,942 - processing completed: 38_015
2022-04-01 05:59:10,946 - processing started: 40_015 
2022-04-01 05:59:11,083 - processing completed: 40_015
2022-04-01 05:59:11,088 - processing started: 42_015 
2022-04-01 05:59:11,294 - processing completed: 42_015
2022-04-01 05:59:11,299 - processing started: 44_016 
2022-04-01 05:59:11,445 - processing completed: 44_016
2022-04-01 05:59:11,451 - processing started: 46_017 
2022-04-01 05:59:11,692 - processing completed: 46_017
2022-04-01 05:59:11,697 - processing started: 48_018 
2022-04-01 05:59:11,869 - processing completed: 48_018
2022-04-01 05:59:11,877 - processing started: 50_019 
2022-04-01 05:59:12,116 - processing completed: 50_019
2022-04-01 05:59:12,121 - processing started: 52_020 
2022-04-01 05:59:12,268 - processing completed: 52_020
2022-04-01 05:59:12,274 - processing started: 54_021 
2022-04-01 05:59:12,486 - processing completed: 54_021
2022-04-01 05:59:12,491 - processing started: 56_022 
2022-04-01 05:59:12,679 - processing completed: 56_022
2022-04-01 05:59:12,685 - processing started: 58_022 
2022-04-01 05:59:12,948 - processing completed: 58_022
2022-04-01 05:59:12,954 - processing started: 60_023 
2022-04-01 05:59:13,093 - processing completed: 60_023
2022-04-01 05:59:13,098 - processing started: 62_023 
2022-04-01 05:59:13,301 - processing completed: 62_023
2022-04-01 05:59:13,306 - processing started: 64_024 
2022-04-01 05:59:13,519 - processing completed: 64_024
2022-04-01 05:59:13,524 - processing started: 66_025 
2022-04-01 05:59:13,680 - processing completed: 66_025
2022-04-01 05:59:13,687 - processing started: 68_026 
2022-04-01 05:59:13,934 - processing completed: 68_026
2022-04-01 05:59:13,938 - processing started: 70_027 
2022-04-01 05:59:14,071 - processing completed: 70_027
2022-04-01 05:59:14,079 - processing started: 72_028 
2022-04-01 05:59:14,282 - processing completed: 72_028
2022-04-01 05:59:14,288 - processing started: 74_028 
2022-04-01 05:59:14,408 - processing completed: 74_028
2022-04-01 05:59:14,412 - processing started: 76_029 
2022-04-01 05:59:14,615 - processing completed: 76_029
2022-04-01 05:59:14,619 - processing started: 78_030 
2022-04-01 05:59:14,752 - processing completed: 78_030
2022-04-01 05:59:14,757 - processing started: 80_031 
2022-04-01 05:59:14,952 - processing completed: 80_031
2022-04-01 05:59:14,957 - processing started: 82_031 
2022-04-01 05:59:15,085 - processing completed: 82_031
2022-04-01 05:59:15,089 - processing started: 84_032 
2022-04-01 05:59:15,333 - processing completed: 84_032
2022-04-01 05:59:15,339 - processing started: 86_032 
2022-04-01 05:59:15,513 - processing completed: 86_032
2022-04-01 05:59:15,521 - processing started: 88_033 
2022-04-01 05:59:15,734 - processing completed: 88_033
2022-04-01 05:59:15,738 - processing started: 90_033 
2022-04-01 05:59:15,851 - processing completed: 90_033
2022-04-01 05:59:15,856 - processing started: 92_033 
2022-04-01 05:59:16,052 - processing completed: 92_033
2022-04-01 05:59:16,056 - processing started: 94_034 
2022-04-01 05:59:16,253 - processing completed: 94_034
2022-04-01 05:59:16,258 - processing started: 96_035 
2022-04-01 05:59:16,376 - processing completed: 96_035
2022-04-01 05:59:16,380 - processing started: 98_035 
2022-04-01 05:59:16,554 - processing completed: 98_035
2022-04-01 05:59:16,558 - processing started: 100_036 
2022-04-01 05:59:16,685 - processing completed: 100_036
2022-04-01 05:59:16,692 - processing started: 102_037 
2022-04-01 05:59:16,877 - processing completed: 102_037
2022-04-01 05:59:16,882 - processing started: 104_038 
2022-04-01 05:59:16,999 - processing completed: 104_038
2022-04-01 05:59:17,002 - processing started: 106_039 
2022-04-01 05:59:17,191 - processing completed: 106_039
2022-04-01 05:59:17,196 - processing started: 108_039 
2022-04-01 05:59:17,315 - processing completed: 108_039
2022-04-01 05:59:17,320 - processing started: 110_040 
2022-04-01 05:59:17,507 - processing completed: 110_040
2022-04-01 05:59:17,513 - processing started: 112_040 
2022-04-01 05:59:17,652 - processing completed: 112_040
2022-04-01 05:59:17,658 - processing started: 114_040 
2022-04-01 05:59:17,865 - processing completed: 114_040
2022-04-01 05:59:17,870 - processing started: 116_041 
2022-04-01 05:59:17,999 - processing completed: 116_041
2022-04-01 05:59:18,004 - processing started: 118_042 
2022-04-01 05:59:18,199 - processing completed: 118_042
2022-04-01 05:59:18,205 - processing started: 120_042 
2022-04-01 05:59:18,322 - processing completed: 120_042
2022-04-01 05:59:18,327 - processing started: 122_043 
2022-04-01 05:59:18,504 - processing completed: 122_043
2022-04-01 05:59:18,509 - processing started: 124_044 
2022-04-01 05:59:18,698 - processing completed: 124_044
2022-04-01 05:59:18,702 - processing started: 126_044 
2022-04-01 05:59:18,827 - processing completed: 126_044
2022-04-01 05:59:18,833 - processing started: 128_045 
2022-04-01 05:59:19,016 - processing completed: 128_045
2022-04-01 05:59:19,020 - processing started: 130_046 
2022-04-01 05:59:19,138 - processing completed: 130_046
2022-04-01 05:59:19,144 - processing started: 132_047 
2022-04-01 05:59:19,333 - processing completed: 132_047
2022-04-01 05:59:19,338 - processing started: 134_048 
2022-04-01 05:59:19,460 - processing completed: 134_048
2022-04-01 05:59:19,464 - processing started: 136_048 
2022-04-01 05:59:19,669 - processing completed: 136_048
2022-04-01 05:59:19,674 - processing started: 138_049 
2022-04-01 05:59:19,808 - processing completed: 138_049
2022-04-01 05:59:19,814 - processing started: 140_050 
2022-04-01 05:59:20,013 - processing completed: 140_050
2022-04-01 05:59:20,017 - processing started: 142_050 
2022-04-01 05:59:20,133 - processing completed: 142_050
2022-04-01 05:59:20,138 - processing started: 144_051 
2022-04-01 05:59:20,318 - processing completed: 144_051
2022-04-01 05:59:20,323 - processing started: 146_051 
2022-04-01 05:59:20,443 - processing completed: 146_051
2022-04-01 05:59:20,448 - processing started: 148_052 
2022-04-01 05:59:20,630 - processing completed: 148_052
2022-04-01 05:59:20,635 - processing started: 150_053 
2022-04-01 05:59:20,751 - processing completed: 150_053
2022-04-01 05:59:20,756 - processing started: 152_054 
2022-04-01 05:59:20,949 - processing completed: 152_054
2022-04-01 05:59:20,955 - processing started: 154_055 
2022-04-01 05:59:21,162 - processing completed: 154_055
2022-04-01 05:59:21,167 - processing started: 156_056 
2022-04-01 05:59:21,295 - processing completed: 156_056
2022-04-01 05:59:21,300 - processing started: 158_057 
2022-04-01 05:59:21,509 - processing completed: 158_057
2022-04-01 05:59:21,514 - processing started: 160_058 
2022-04-01 05:59:21,717 - processing completed: 160_058
2022-04-01 05:59:21,724 - processing started: 162_058 
2022-04-01 05:59:21,994 - processing completed: 162_058
2022-04-01 05:59:22,000 - processing started: 164_059 
2022-04-01 05:59:22,128 - processing completed: 164_059
2022-04-01 05:59:22,134 - processing started: 166_060 
2022-04-01 05:59:22,308 - processing completed: 166_060
2022-04-01 05:59:22,313 - processing started: 168_061 
2022-04-01 05:59:22,426 - processing completed: 168_061
2022-04-01 05:59:22,430 - processing started: 170_062 
2022-04-01 05:59:22,602 - processing completed: 170_062
2022-04-01 05:59:22,606 - processing started: 172_062 
2022-04-01 05:59:22,723 - processing completed: 172_062
2022-04-01 05:59:22,727 - processing started: 174_063 
2022-04-01 05:59:23,009 - processing completed: 174_063
2022-04-01 05:59:23,016 - processing started: 176_064 
2022-04-01 05:59:23,224 - processing completed: 176_064
2022-04-01 05:59:23,231 - processing started: 178_064 
2022-04-01 05:59:23,504 - processing completed: 178_064
2022-04-01 05:59:23,511 - processing started: 180_065 
2022-04-01 05:59:23,793 - processing completed: 180_065
2022-04-01 05:59:23,799 - processing started: 182_066 
2022-04-01 05:59:23,998 - processing completed: 182_066
2022-04-01 05:59:24,004 - processing started: 184_066 
2022-04-01 05:59:24,271 - processing completed: 184_066
2022-04-01 05:59:24,277 - processing started: 186_066 
2022-04-01 05:59:24,451 - processing completed: 186_066
2022-04-01 05:59:24,457 - processing started: 188_067 
2022-04-01 05:59:24,572 - processing completed: 188_067
2022-04-01 05:59:24,575 - processing started: 190_067 
2022-04-01 05:59:24,718 - processing completed: 190_067
2022-04-01 05:59:24,723 - processing started: 192_067 
2022-04-01 05:59:24,976 - processing completed: 192_067
2022-04-01 05:59:24,981 - processing started: 194_068 
2022-04-01 05:59:25,105 - processing completed: 194_068
2022-04-01 05:59:25,109 - processing started: 196_069 
2022-04-01 05:59:25,315 - processing completed: 196_069
2022-04-01 05:59:25,320 - processing started: 198_069 
2022-04-01 05:59:25,450 - processing completed: 198_069
2022-04-01 05:59:25,454 - processing started: 200_070 
2022-04-01 05:59:25,563 - processing completed: 200_070
2022-04-01 05:59:25,565 - processing started: 202_071 
2022-04-01 05:59:25,767 - processing completed: 202_071
2022-04-01 05:59:25,773 - processing started: 204_072 
2022-04-01 05:59:26,040 - processing completed: 204_072
2022-04-01 05:59:26,047 - processing started: 206_072 
2022-04-01 05:59:26,278 - processing completed: 206_072
2022-04-01 05:59:26,285 - processing started: 208_073 
2022-04-01 05:59:26,539 - processing completed: 208_073
2022-04-01 05:59:26,546 - processing started: 210_074 
2022-04-01 05:59:26,808 - processing completed: 210_074
2022-04-01 05:59:26,815 - processing started: 212_075 
2022-04-01 05:59:27,002 - processing completed: 212_075
2022-04-01 05:59:27,009 - processing started: 214_076 
2022-04-01 05:59:27,262 - processing completed: 214_076
2022-04-01 05:59:27,270 - processing started: 216_077 
2022-04-01 05:59:27,452 - processing completed: 216_077
2022-04-01 05:59:27,458 - processing started: 218_078 
2022-04-01 05:59:27,699 - processing completed: 218_078
2022-04-01 05:59:27,705 - processing started: 220_079 
2022-04-01 05:59:27,897 - processing completed: 220_079
2022-04-01 05:59:27,904 - processing started: 222_079 
2022-04-01 05:59:28,157 - processing completed: 222_079
2022-04-01 05:59:28,164 - processing started: 224_080 
2022-04-01 05:59:28,256 - processing completed: 224_080
2022-04-01 05:59:28,260 - processing started: 226_081 
2022-04-01 05:59:28,460 - processing completed: 226_081
2022-04-01 05:59:28,466 - processing started: 228_081 
2022-04-01 05:59:28,593 - processing completed: 228_081
2022-04-01 05:59:28,598 - processing started: 230_081 
2022-04-01 05:59:28,808 - processing completed: 230_081
2022-04-01 05:59:28,813 - processing started: 232_082 
2022-04-01 05:59:28,947 - processing completed: 232_082
2022-04-01 05:59:28,954 - processing started: 234_082 
2022-04-01 05:59:29,145 - processing completed: 234_082
2022-04-01 05:59:29,150 - processing started: 236_083 
2022-04-01 05:59:29,292 - processing completed: 236_083
2022-04-01 05:59:29,301 - processing started: 238_084 
2022-04-01 05:59:29,506 - processing completed: 238_084
2022-04-01 05:59:29,513 - processing started: 240_085 
2022-04-01 05:59:29,708 - processing completed: 240_085
2022-04-01 05:59:29,713 - processing started: 242_086 
2022-04-01 05:59:29,856 - processing completed: 242_086
2022-04-01 05:59:29,861 - processing started: 244_087 
2022-04-01 05:59:30,055 - processing completed: 244_087
2022-04-01 05:59:30,061 - processing started: 246_088 
2022-04-01 05:59:30,195 - processing completed: 246_088
2022-04-01 05:59:30,201 - processing started: 248_088 
2022-04-01 05:59:30,399 - processing completed: 248_088
2022-04-01 05:59:30,404 - processing started: 250_089 
2022-04-01 05:59:30,502 - processing completed: 250_089
2022-04-01 05:59:30,506 - processing started: 252_090 
2022-04-01 05:59:30,655 - processing completed: 252_090
2022-04-01 05:59:30,659 - processing started: 254_091 
2022-04-01 05:59:30,745 - processing completed: 254_091
2022-04-01 05:59:30,749 - processing started: 256_092 
2022-04-01 05:59:30,930 - processing completed: 256_092
2022-04-01 05:59:30,934 - processing started: 258_093 
2022-04-01 05:59:31,042 - processing completed: 258_093
2022-04-01 05:59:31,047 - processing started: 260_094 
2022-04-01 05:59:31,241 - processing completed: 260_094
2022-04-01 05:59:31,248 - processing started: 262_094 
2022-04-01 05:59:31,373 - processing completed: 262_094
2022-04-01 05:59:31,377 - processing started: 264_095 
2022-04-01 05:59:31,576 - processing completed: 264_095
2022-04-01 05:59:31,582 - processing started: 266_096 
2022-04-01 05:59:31,717 - processing completed: 266_096
2022-04-01 05:59:31,723 - processing started: 268_097 
2022-04-01 05:59:31,925 - processing completed: 268_097
2022-04-01 05:59:31,929 - processing started: 270_098 
2022-04-01 05:59:32,106 - processing completed: 270_098
2022-04-01 05:59:32,110 - processing started: 272_099 
2022-04-01 05:59:32,205 - processing completed: 272_099
2022-04-01 05:59:32,209 - processing started: 274_100 
2022-04-01 05:59:32,422 - processing completed: 274_100
2022-04-01 05:59:32,427 - processing started: 276_101 
2022-04-01 05:59:32,527 - processing completed: 276_101
2022-04-01 05:59:32,532 - processing started: 278_102 
2022-04-01 05:59:32,697 - processing completed: 278_102
2022-04-01 05:59:32,701 - processing started: 280_103 
2022-04-01 05:59:32,798 - processing completed: 280_103
2022-04-01 05:59:32,804 - processing started: 282_103 
2022-04-01 05:59:33,013 - processing completed: 282_103
2022-04-01 05:59:33,018 - processing started: 284_104 
2022-04-01 05:59:33,119 - processing completed: 284_104
2022-04-01 05:59:33,124 - processing started: 286_105 
2022-04-01 05:59:33,299 - processing completed: 286_105
2022-04-01 05:59:33,303 - processing started: 288_106 
2022-04-01 05:59:33,395 - processing completed: 288_106
2022-04-01 05:59:33,401 - processing started: 290_107 
2022-04-01 05:59:33,558 - processing completed: 290_107
2022-04-01 05:59:33,564 - processing started: 292_108 
2022-04-01 05:59:33,651 - processing completed: 292_108
2022-04-01 05:59:33,655 - processing started: 294_108 
2022-04-01 05:59:33,832 - processing completed: 294_108
2022-04-01 05:59:33,837 - processing started: 296_109 
2022-04-01 05:59:33,932 - processing completed: 296_109
2022-04-01 05:59:33,935 - processing started: 298_110 
2022-04-01 05:59:34,103 - processing completed: 298_110
2022-04-01 05:59:34,109 - processing started: 300_111 
2022-04-01 05:59:34,270 - processing completed: 300_111
2022-04-01 05:59:34,276 - processing started: 302_112 
2022-04-01 05:59:34,368 - processing completed: 302_112
2022-04-01 05:59:34,372 - processing started: 304_113 
2022-04-01 05:59:34,530 - processing completed: 304_113
2022-04-01 05:59:34,534 - processing started: 306_114 
2022-04-01 05:59:34,674 - processing completed: 306_114
2022-04-01 05:59:34,680 - processing started: 308_115 
2022-04-01 05:59:34,947 - processing completed: 308_115
2022-04-01 05:59:34,955 - processing started: 310_116 
2022-04-01 05:59:35,099 - processing completed: 310_116
2022-04-01 05:59:35,106 - processing started: 312_117 
2022-04-01 05:59:35,318 - processing completed: 312_117
2022-04-01 05:59:35,324 - processing started: 314_117 
2022-04-01 05:59:35,459 - processing completed: 314_117
2022-04-01 05:59:35,465 - processing started: 316_118 
2022-04-01 05:59:35,671 - processing completed: 316_118
2022-04-01 05:59:35,678 - processing started: 318_119 
2022-04-01 05:59:35,817 - processing completed: 318_119
2022-04-01 05:59:35,824 - processing started: 320_120 
2022-04-01 05:59:36,006 - processing completed: 320_120
2022-04-01 05:59:36,010 - processing started: 322_120 
2022-04-01 05:59:36,120 - processing completed: 322_120
2022-04-01 05:59:36,125 - processing started: 324_121 
2022-04-01 05:59:36,339 - processing completed: 324_121
2022-04-01 05:59:36,345 - processing started: 326_122 
2022-04-01 05:59:36,488 - processing completed: 326_122
2022-04-01 05:59:36,494 - processing started: 328_123 
2022-04-01 05:59:36,735 - processing completed: 328_123
2022-04-01 05:59:36,741 - processing started: 330_123 
2022-04-01 05:59:36,957 - processing completed: 330_123
2022-04-01 05:59:36,963 - processing started: 332_124 
2022-04-01 05:59:37,121 - processing completed: 332_124
2022-04-01 05:59:37,128 - processing started: 334_124 
2022-04-01 05:59:37,335 - processing completed: 334_124
2022-04-01 05:59:37,341 - processing started: 336_124 
2022-04-01 05:59:37,475 - processing completed: 336_124
2022-04-01 05:59:37,480 - processing started: 338_124 
2022-04-01 05:59:37,673 - processing completed: 338_124
2022-04-01 05:59:37,679 - processing started: 340_125 
2022-04-01 05:59:37,815 - processing completed: 340_125
2022-04-01 05:59:37,821 - processing started: 342_126 
2022-04-01 05:59:38,024 - processing completed: 342_126
2022-04-01 05:59:38,031 - processing started: 344_126 
2022-04-01 05:59:38,167 - processing completed: 344_126
2022-04-01 05:59:38,173 - processing started: 346_127 
2022-04-01 05:59:38,373 - processing completed: 346_127
2022-04-01 05:59:38,378 - processing started: 348_128 
2022-04-01 05:59:38,513 - processing completed: 348_128
2022-04-01 05:59:38,518 - processing started: 350_129 
2022-04-01 05:59:38,728 - processing completed: 350_129
2022-04-01 05:59:38,733 - processing started: 352_130 
2022-04-01 05:59:38,880 - processing completed: 352_130
2022-04-01 05:59:38,885 - processing started: 354_131 
2022-04-01 05:59:39,096 - processing completed: 354_131
2022-04-01 05:59:39,103 - processing started: 356_132 
2022-04-01 05:59:39,246 - processing completed: 356_132
2022-04-01 05:59:39,251 - processing started: 358_133 
2022-04-01 05:59:39,451 - processing completed: 358_133
2022-04-01 05:59:39,457 - processing started: 360_134 
2022-04-01 05:59:39,654 - processing completed: 360_134
2022-04-01 05:59:39,660 - processing started: 362_134 
2022-04-01 05:59:39,796 - processing completed: 362_134
2022-04-01 05:59:39,802 - processing started: 364_134 
2022-04-01 05:59:39,993 - processing completed: 364_134
2022-04-01 05:59:39,998 - processing started: 366_135 
2022-04-01 05:59:40,132 - processing completed: 366_135
2022-04-01 05:59:40,138 - processing started: 368_136 
2022-04-01 05:59:40,332 - processing completed: 368_136
2022-04-01 05:59:40,337 - processing started: 370_137 
2022-04-01 05:59:40,467 - processing completed: 370_137
2022-04-01 05:59:40,471 - processing started: 372_138 
2022-04-01 05:59:40,659 - processing completed: 372_138
2022-04-01 05:59:40,665 - processing started: 374_139 
2022-04-01 05:59:40,801 - processing completed: 374_139
2022-04-01 05:59:40,807 - processing started: 376_140 
2022-04-01 05:59:41,012 - processing completed: 376_140
2022-04-01 05:59:41,019 - processing started: 378_140 
2022-04-01 05:59:41,166 - processing completed: 378_140
2022-04-01 05:59:41,172 - processing started: 380_141 
2022-04-01 05:59:41,390 - processing completed: 380_141
2022-04-01 05:59:41,396 - processing started: 382_142 
2022-04-01 05:59:41,535 - processing completed: 382_142
2022-04-01 05:59:41,541 - processing started: 384_143 
2022-04-01 05:59:41,737 - processing completed: 384_143
2022-04-01 05:59:41,742 - processing started: 386_144 
2022-04-01 05:59:41,870 - processing completed: 386_144
2022-04-01 05:59:41,875 - processing started: 388_145 
2022-04-01 05:59:42,070 - processing completed: 388_145
2022-04-01 05:59:42,076 - processing started: 390_145 
2022-04-01 05:59:42,296 - processing completed: 390_145
2022-04-01 05:59:42,301 - processing started: 392_145 
2022-04-01 05:59:42,456 - processing completed: 392_145
2022-04-01 05:59:42,461 - processing started: 394_146 
2022-04-01 05:59:42,668 - processing completed: 394_146
2022-04-01 05:59:42,674 - processing started: 396_147 
2022-04-01 05:59:42,810 - processing completed: 396_147
2022-04-01 05:59:42,816 - processing started: 398_147 
2022-04-01 05:59:43,033 - processing completed: 398_147
2022-04-01 05:59:43,039 - processing started: 400_148 
2022-04-01 05:59:43,175 - processing completed: 400_148
2022-04-01 05:59:43,181 - processing started: 402_149 
2022-04-01 05:59:43,386 - processing completed: 402_149
2022-04-01 05:59:43,393 - processing started: 404_149 
2022-04-01 05:59:43,539 - processing completed: 404_149
2022-04-01 05:59:43,544 - processing started: 406_150 
2022-04-01 05:59:43,748 - processing completed: 406_150
2022-04-01 05:59:43,754 - processing started: 408_151 
2022-04-01 05:59:43,890 - processing completed: 408_151
2022-04-01 05:59:43,895 - processing started: 410_152 
2022-04-01 05:59:44,088 - processing completed: 410_152
2022-04-01 05:59:44,092 - processing started: 412_153 
2022-04-01 05:59:44,223 - processing completed: 412_153
2022-04-01 05:59:44,228 - processing started: 414_154 
2022-04-01 05:59:44,420 - processing completed: 414_154
2022-04-01 05:59:44,426 - processing started: 416_155 
2022-04-01 05:59:44,566 - processing completed: 416_155
2022-04-01 05:59:44,570 - processing started: 418_156 
2022-04-01 05:59:44,768 - processing completed: 418_156
2022-04-01 05:59:44,772 - processing started: 420_157 
2022-04-01 05:59:44,974 - processing completed: 420_157
2022-04-01 05:59:44,979 - processing started: 422_157 
2022-04-01 05:59:45,135 - processing completed: 422_157
2022-04-01 05:59:45,141 - processing started: 424_158 
2022-04-01 05:59:45,354 - processing completed: 424_158
2022-04-01 05:59:45,359 - processing started: 426_159 
2022-04-01 05:59:45,494 - processing completed: 426_159
2022-04-01 05:59:45,502 - processing started: 428_160 
2022-04-01 05:59:45,723 - processing completed: 428_160
2022-04-01 05:59:45,729 - processing started: 430_160 
2022-04-01 05:59:45,864 - processing completed: 430_160
2022-04-01 05:59:45,870 - processing started: 432_161 
2022-04-01 05:59:46,064 - processing completed: 432_161
2022-04-01 05:59:46,071 - processing started: 434_162 
2022-04-01 05:59:46,201 - processing completed: 434_162
2022-04-01 05:59:46,206 - processing started: 436_163 
2022-04-01 05:59:46,401 - processing completed: 436_163
2022-04-01 05:59:46,405 - processing started: 438_164 
2022-04-01 05:59:46,536 - processing completed: 438_164
2022-04-01 05:59:46,542 - processing started: 440_165 
2022-04-01 05:59:46,747 - processing completed: 440_165
2022-04-01 05:59:46,752 - processing started: 442_166 
2022-04-01 05:59:46,885 - processing completed: 442_166
2022-04-01 05:59:46,890 - processing started: 444_167 
2022-04-01 05:59:47,089 - processing completed: 444_167
2022-04-01 05:59:47,096 - processing started: 446_167 
2022-04-01 05:59:47,340 - processing completed: 446_167
2022-04-01 05:59:47,346 - processing started: 448_168 
2022-04-01 05:59:47,486 - processing completed: 448_168
2022-04-01 05:59:47,491 - processing started: 450_168 
2022-04-01 05:59:47,716 - processing completed: 450_168
2022-04-01 05:59:47,722 - processing started: 452_169 
2022-04-01 05:59:47,857 - processing completed: 452_169
2022-04-01 05:59:47,862 - processing started: 454_170 
2022-04-01 05:59:48,060 - processing completed: 454_170
2022-04-01 05:59:48,067 - processing started: 456_171 
2022-04-01 05:59:48,207 - processing completed: 456_171
2022-04-01 05:59:48,212 - processing started: 458_171 
2022-04-01 05:59:48,415 - processing completed: 458_171
2022-04-01 05:59:48,421 - processing started: 460_172 
2022-04-01 05:59:48,570 - processing completed: 460_172
2022-04-01 05:59:48,576 - processing started: 462_173 
2022-04-01 05:59:48,813 - processing completed: 462_173
2022-04-01 05:59:48,819 - processing started: 464_174 
2022-04-01 05:59:48,969 - processing completed: 464_174
2022-04-01 05:59:48,974 - processing started: 466_174 
2022-04-01 05:59:49,179 - processing completed: 466_174
2022-04-01 05:59:49,184 - processing started: 468_175 
2022-04-01 05:59:49,323 - processing completed: 468_175
2022-04-01 05:59:49,330 - processing started: 470_176 
2022-04-01 05:59:49,566 - processing completed: 470_176
2022-04-01 05:59:49,574 - processing started: 472_177 
2022-04-01 05:59:49,719 - processing completed: 472_177
2022-04-01 05:59:49,725 - processing started: 474_178 
2022-04-01 05:59:49,937 - processing completed: 474_178
2022-04-01 05:59:49,941 - processing started: 476_178 
2022-04-01 05:59:50,159 - processing completed: 476_178
2022-04-01 05:59:50,165 - processing started: 478_179 
2022-04-01 05:59:50,302 - processing completed: 478_179
2022-04-01 05:59:50,306 - processing started: 480_180 
2022-04-01 05:59:50,502 - processing completed: 480_180
2022-04-01 05:59:50,507 - processing started: 482_180 
2022-04-01 05:59:50,635 - processing completed: 482_180
2022-04-01 05:59:50,639 - processing started: 484_181 
2022-04-01 05:59:50,850 - processing completed: 484_181
2022-04-01 05:59:50,855 - processing started: 486_182 
2022-04-01 05:59:50,988 - processing completed: 486_182
2022-04-01 05:59:50,994 - processing started: 488_183 
2022-04-01 05:59:51,199 - processing completed: 488_183
2022-04-01 05:59:51,205 - processing started: 490_183 
2022-04-01 05:59:51,345 - processing completed: 490_183
2022-04-01 05:59:51,350 - processing started: 492_184 
2022-04-01 05:59:51,548 - processing completed: 492_184
2022-04-01 05:59:51,554 - processing started: 494_184 
2022-04-01 05:59:51,705 - processing completed: 494_184
2022-04-01 05:59:51,713 - processing started: 496_185 
2022-04-01 05:59:51,941 - processing completed: 496_185
2022-04-01 05:59:51,947 - processing started: 498_186 
2022-04-01 05:59:52,089 - processing completed: 498_186
2022-04-01 05:59:52,096 - processing started: 500_187 
2022-04-01 05:59:52,323 - processing completed: 500_187
2022-04-01 05:59:52,329 - processing started: 502_188 
2022-04-01 05:59:52,468 - processing completed: 502_188
2022-04-01 05:59:52,473 - processing started: 504_188 
2022-04-01 05:59:52,674 - processing completed: 504_188
2022-04-01 05:59:52,680 - processing started: 506_189 
2022-04-01 05:59:52,853 - processing completed: 506_189
2022-04-01 05:59:52,858 - processing started: 508_190 
2022-04-01 05:59:53,016 - processing completed: 508_190
2022-04-01 05:59:53,021 - processing started: 510_191 
2022-04-01 05:59:53,231 - processing completed: 510_191
2022-04-01 05:59:53,236 - processing started: 512_192 
2022-04-01 05:59:53,369 - processing completed: 512_192
2022-04-01 05:59:53,375 - processing started: 514_192 
2022-04-01 05:59:53,578 - processing completed: 514_192
2022-04-01 05:59:53,583 - processing started: 516_193 
2022-04-01 05:59:53,736 - processing completed: 516_193
2022-04-01 05:59:53,742 - processing started: 518_194 
2022-04-01 05:59:53,958 - processing completed: 518_194
2022-04-01 05:59:53,965 - processing started: 520_195 
2022-04-01 05:59:54,112 - processing completed: 520_195
2022-04-01 05:59:54,118 - processing started: 522_196 
2022-04-01 05:59:54,357 - processing completed: 522_196
2022-04-01 05:59:54,363 - processing started: 524_196 
2022-04-01 05:59:54,506 - processing completed: 524_196
2022-04-01 05:59:54,511 - processing started: 526_196 
2022-04-01 05:59:54,716 - processing completed: 526_196
2022-04-01 05:59:54,721 - processing started: 528_197 
2022-04-01 05:59:54,855 - processing completed: 528_197
2022-04-01 05:59:54,860 - processing started: 530_197 
2022-04-01 05:59:55,055 - processing completed: 530_197
2022-04-01 05:59:55,060 - processing started: 532_198 
2022-04-01 05:59:55,204 - processing completed: 532_198
2022-04-01 05:59:55,208 - processing started: 534_199 
2022-04-01 05:59:55,406 - processing completed: 534_199
2022-04-01 05:59:55,410 - processing started: 536_200 
2022-04-01 05:59:55,614 - processing completed: 536_200
2022-04-01 05:59:55,620 - processing started: 538_201 
2022-04-01 05:59:55,753 - processing completed: 538_201
2022-04-01 05:59:55,759 - processing started: 540_202 
2022-04-01 05:59:55,977 - processing completed: 540_202
2022-04-01 05:59:55,982 - processing started: 542_203 
2022-04-01 05:59:56,122 - processing completed: 542_203
2022-04-01 05:59:56,129 - processing started: 544_204 
2022-04-01 05:59:56,349 - processing completed: 544_204
2022-04-01 05:59:56,355 - processing started: 546_205 
2022-04-01 05:59:56,501 - processing completed: 546_205
2022-04-01 05:59:56,506 - processing started: 548_206 
2022-04-01 05:59:56,719 - processing completed: 548_206
2022-04-01 05:59:56,724 - processing started: 550_207 
2022-04-01 05:59:56,851 - processing completed: 550_207
2022-04-01 05:59:56,856 - processing started: 552_207 
2022-04-01 05:59:57,045 - processing completed: 552_207
2022-04-01 05:59:57,049 - processing started: 554_208 
2022-04-01 05:59:57,179 - processing completed: 554_208
2022-04-01 05:59:57,185 - processing started: 556_209 
2022-04-01 05:59:57,395 - processing completed: 556_209
2022-04-01 05:59:57,401 - processing started: 558_210 
2022-04-01 05:59:57,532 - processing completed: 558_210
2022-04-01 05:59:57,537 - processing started: 560_211 
2022-04-01 05:59:57,735 - processing completed: 560_211
2022-04-01 05:59:57,740 - processing started: 562_212 
2022-04-01 05:59:57,874 - processing completed: 562_212
2022-04-01 05:59:57,879 - processing started: 564_213 
2022-04-01 05:59:58,075 - processing completed: 564_213
2022-04-01 05:59:58,080 - processing started: 566_214 
2022-04-01 05:59:58,335 - processing completed: 566_214
2022-04-01 05:59:58,342 - processing started: 568_214 
2022-04-01 05:59:58,478 - processing completed: 568_214
2022-04-01 05:59:58,484 - processing started: 570_214 
2022-04-01 05:59:58,706 - processing completed: 570_214
2022-04-01 05:59:58,713 - processing started: 572_215 
2022-04-01 05:59:58,851 - processing completed: 572_215
2022-04-01 05:59:58,858 - processing started: 574_216 
2022-04-01 05:59:59,060 - processing completed: 574_216
2022-04-01 05:59:59,066 - processing started: 576_217 
2022-04-01 05:59:59,200 - processing completed: 576_217
2022-04-01 05:59:59,206 - processing started: 578_218 
2022-04-01 05:59:59,422 - processing completed: 578_218
2022-04-01 05:59:59,428 - processing started: 580_219 
2022-04-01 05:59:59,564 - processing completed: 580_219
2022-04-01 05:59:59,570 - processing started: 582_220 
2022-04-01 05:59:59,766 - processing completed: 582_220
2022-04-01 05:59:59,771 - processing started: 584_221 
2022-04-01 05:59:59,908 - processing completed: 584_221
2022-04-01 05:59:59,914 - processing started: 586_221 
2022-04-01 06:00:00,119 - processing completed: 586_221
2022-04-01 06:00:00,124 - processing started: 588_222 
2022-04-01 06:00:00,259 - processing completed: 588_222
2022-04-01 06:00:00,266 - processing started: 590_222 
2022-04-01 06:00:00,510 - processing completed: 590_222
2022-04-01 06:00:00,515 - processing started: 592_223 
2022-04-01 06:00:00,621 - processing completed: 592_223
2022-04-01 06:00:00,625 - processing started: 594_224 
2022-04-01 06:00:00,870 - processing completed: 594_224
2022-04-01 06:00:00,875 - processing started: 596_224 
2022-04-01 06:00:01,105 - processing completed: 596_224
2022-04-01 06:00:01,110 - processing started: 598_225 
2022-04-01 06:00:01,221 - processing completed: 598_225
2022-04-01 06:00:01,226 - processing started: 600_225 
2022-04-01 06:00:01,415 - processing completed: 600_225
2022-04-01 06:00:01,419 - processing started: 602_226 
2022-04-01 06:00:01,545 - processing completed: 602_226
2022-04-01 06:00:01,549 - processing started: 604_226 
2022-04-01 06:00:01,731 - processing completed: 604_226
2022-04-01 06:00:01,734 - processing started: 606_227 
2022-04-01 06:00:01,871 - processing completed: 606_227
2022-04-01 06:00:01,876 - processing started: 608_227 
2022-04-01 06:00:02,081 - processing completed: 608_227
2022-04-01 06:00:02,086 - processing started: 610_227 
2022-04-01 06:00:02,198 - processing completed: 610_227
2022-04-01 06:00:02,203 - processing started: 612_227 
2022-04-01 06:00:02,497 - processing completed: 612_227
2022-04-01 06:00:02,504 - processing started: 614_227 
2022-04-01 06:00:02,623 - processing completed: 614_227
2022-04-01 06:00:02,628 - processing started: 616_228 
2022-04-01 06:00:02,810 - processing completed: 616_228
2022-04-01 06:00:02,815 - processing started: 618_229 
2022-04-01 06:00:02,944 - processing completed: 618_229
2022-04-01 06:00:02,950 - processing started: 620_230 
2022-04-01 06:00:03,143 - processing completed: 620_230
2022-04-01 06:00:03,149 - processing started: 622_230 
2022-04-01 06:00:03,271 - processing completed: 622_230
2022-04-01 06:00:03,275 - processing started: 624_231 
2022-04-01 06:00:03,450 - processing completed: 624_231
2022-04-01 06:00:03,454 - processing started: 626_232 
2022-04-01 06:00:03,650 - processing completed: 626_232
2022-04-01 06:00:03,655 - processing started: 628_232 
2022-04-01 06:00:03,772 - processing completed: 628_232
2022-04-01 06:00:03,778 - processing started: 630_232 
2022-04-01 06:00:03,945 - processing completed: 630_232
2022-04-01 06:00:03,950 - processing started: 632_233 
2022-04-01 06:00:04,055 - processing completed: 632_233
2022-04-01 06:00:04,061 - processing started: 634_234 
2022-04-01 06:00:04,240 - processing completed: 634_234
2022-04-01 06:00:04,245 - processing started: 636_234 
2022-04-01 06:00:04,356 - processing completed: 636_234
2022-04-01 06:00:04,360 - processing started: 638_235 
2022-04-01 06:00:04,587 - processing completed: 638_235
2022-04-01 06:00:04,592 - processing started: 640_236 
2022-04-01 06:00:04,745 - processing completed: 640_236
2022-04-01 06:00:04,751 - processing started: 642_236 
2022-04-01 06:00:04,985 - processing completed: 642_236
2022-04-01 06:00:04,990 - processing started: 644_237 
2022-04-01 06:00:05,137 - processing completed: 644_237
2022-04-01 06:00:05,144 - processing started: 646_238 
2022-04-01 06:00:05,354 - processing completed: 646_238
2022-04-01 06:00:05,361 - processing started: 648_239 
2022-04-01 06:00:05,499 - processing completed: 648_239
2022-04-01 06:00:05,503 - processing started: 650_240 
2022-04-01 06:00:05,712 - processing completed: 650_240
2022-04-01 06:00:05,717 - processing started: 652_240 
2022-04-01 06:00:05,868 - processing completed: 652_240
2022-04-01 06:00:05,872 - processing started: 654_241 
2022-04-01 06:00:06,083 - processing completed: 654_241
2022-04-01 06:00:06,088 - processing started: 656_242 
2022-04-01 06:00:06,311 - processing completed: 656_242
2022-04-01 06:00:06,317 - processing started: 658_243 
2022-04-01 06:00:06,463 - processing completed: 658_243
2022-04-01 06:00:06,468 - processing started: 660_243 
2022-04-01 06:00:06,718 - processing completed: 660_243
2022-04-01 06:00:06,723 - processing started: 662_244 
2022-04-01 06:00:06,819 - processing completed: 662_244
2022-04-01 06:00:06,824 - processing started: 664_245 
2022-04-01 06:00:07,008 - processing completed: 664_245
2022-04-01 06:00:07,013 - processing started: 666_246 
2022-04-01 06:00:07,113 - processing completed: 666_246
2022-04-01 06:00:07,118 - processing started: 668_247 
2022-04-01 06:00:07,287 - processing completed: 668_247
2022-04-01 06:00:07,291 - processing started: 670_248 
2022-04-01 06:00:07,379 - processing completed: 670_248
2022-04-01 06:00:07,383 - processing started: 672_248 
2022-04-01 06:00:07,558 - processing completed: 672_248
2022-04-01 06:00:07,563 - processing started: 674_249 
2022-04-01 06:00:07,653 - processing completed: 674_249
2022-04-01 06:00:07,658 - processing started: 676_250 
2022-04-01 06:00:07,815 - processing completed: 676_250
2022-04-01 06:00:07,819 - processing started: 678_251 
2022-04-01 06:00:07,910 - processing completed: 678_251
2022-04-01 06:00:07,915 - processing started: 680_252 
2022-04-01 06:00:08,082 - processing completed: 680_252
2022-04-01 06:00:08,088 - processing started: 682_252 
2022-04-01 06:00:08,177 - processing completed: 682_252
2022-04-01 06:00:08,181 - processing started: 684_253 
2022-04-01 06:00:08,364 - processing completed: 684_253
2022-04-01 06:00:08,369 - processing started: 686_254 
2022-04-01 06:00:08,566 - processing completed: 686_254
2022-04-01 06:00:08,573 - processing started: 688_255 
2022-04-01 06:00:08,730 - processing completed: 688_255
2022-04-01 06:00:08,736 - processing started: 690_256 
2022-04-01 06:00:08,948 - processing completed: 690_256
2022-04-01 06:00:08,953 - processing started: 692_257 
2022-04-01 06:00:09,091 - processing completed: 692_257
2022-04-01 06:00:09,095 - processing started: 694_257 
2022-04-01 06:00:09,288 - processing completed: 694_257
2022-04-01 06:00:09,292 - processing started: 696_258 
2022-04-01 06:00:09,411 - processing completed: 696_258
2022-04-01 06:00:09,415 - processing started: 698_258 
2022-04-01 06:00:09,610 - processing completed: 698_258
2022-04-01 06:00:09,615 - processing started: 700_259 
2022-04-01 06:00:09,723 - processing completed: 700_259
2022-04-01 06:00:09,728 - processing started: 702_260 
2022-04-01 06:00:09,919 - processing completed: 702_260
2022-04-01 06:00:09,923 - processing started: 704_261 
2022-04-01 06:00:10,052 - processing completed: 704_261
2022-04-01 06:00:10,057 - processing started: 706_261 
2022-04-01 06:00:10,268 - processing completed: 706_261
2022-04-01 06:00:10,273 - processing started: 708_262 
2022-04-01 06:00:10,387 - processing completed: 708_262
2022-04-01 06:00:10,392 - processing started: 710_263 
2022-04-01 06:00:10,610 - processing completed: 710_263
2022-04-01 06:00:10,614 - processing started: 712_264 
2022-04-01 06:00:10,818 - processing completed: 712_264
2022-04-01 06:00:10,823 - processing started: 714_264 
2022-04-01 06:00:10,934 - processing completed: 714_264
2022-04-01 06:00:10,939 - processing started: 716_265 
2022-04-01 06:00:11,128 - processing completed: 716_265
2022-04-01 06:00:11,134 - processing started: 718_266 
2022-04-01 06:00:11,249 - processing completed: 718_266
2022-04-01 06:00:11,255 - processing started: 720_267 
2022-04-01 06:00:11,441 - processing completed: 720_267
2022-04-01 06:00:11,446 - processing started: 722_267 
2022-04-01 06:00:11,561 - processing completed: 722_267
2022-04-01 06:00:11,566 - processing started: 724_267 
2022-04-01 06:00:11,745 - processing completed: 724_267
2022-04-01 06:00:11,750 - processing started: 726_268 
2022-04-01 06:00:11,864 - processing completed: 726_268
2022-04-01 06:00:11,870 - processing started: 728_268 
2022-04-01 06:00:12,057 - processing completed: 728_268
2022-04-01 06:00:12,062 - processing started: 730_268 
2022-04-01 06:00:12,189 - processing completed: 730_268
2022-04-01 06:00:12,195 - processing started: 732_268 
2022-04-01 06:00:12,373 - processing completed: 732_268
2022-04-01 06:00:12,379 - processing started: 734_268 
2022-04-01 06:00:12,518 - processing completed: 734_268
2022-04-01 06:00:12,523 - processing started: 736_269 
2022-04-01 06:00:12,740 - processing completed: 736_269
2022-04-01 06:00:12,746 - processing started: 738_270 
2022-04-01 06:00:12,879 - processing completed: 738_270
2022-04-01 06:00:12,884 - processing started: 740_271 
2022-04-01 06:00:13,077 - processing completed: 740_271
2022-04-01 06:00:13,082 - processing started: 742_272 
2022-04-01 06:00:13,265 - processing completed: 742_272
2022-04-01 06:00:13,269 - processing started: 744_272 
2022-04-01 06:00:13,377 - processing completed: 744_272
2022-04-01 06:00:13,382 - processing started: 746_273 
2022-04-01 06:00:13,565 - processing completed: 746_273
2022-04-01 06:00:13,571 - processing started: 748_274 
2022-04-01 06:00:13,673 - processing completed: 748_274
2022-04-01 06:00:13,679 - processing started: 750_274 
2022-04-01 06:00:13,857 - processing completed: 750_274
2022-04-01 06:00:13,862 - processing started: 752_275 
2022-04-01 06:00:13,968 - processing completed: 752_275
2022-04-01 06:00:13,973 - processing started: 754_275 
2022-04-01 06:00:14,149 - processing completed: 754_275
2022-04-01 06:00:14,155 - processing started: 756_276 
2022-04-01 06:00:14,277 - processing completed: 756_276
2022-04-01 06:00:14,283 - processing started: 758_277 
2022-04-01 06:00:14,514 - processing completed: 758_277
2022-04-01 06:00:14,519 - processing started: 760_278 
2022-04-01 06:00:14,646 - processing completed: 760_278
2022-04-01 06:00:14,651 - processing started: 762_278 
2022-04-01 06:00:14,855 - processing completed: 762_278
2022-04-01 06:00:14,861 - processing started: 764_279 
2022-04-01 06:00:14,973 - processing completed: 764_279
2022-04-01 06:00:14,978 - processing started: 766_280 
2022-04-01 06:00:15,143 - processing completed: 766_280
2022-04-01 06:00:15,147 - processing started: 768_281 
2022-04-01 06:00:15,248 - processing completed: 768_281
2022-04-01 06:00:15,252 - processing started: 770_282 
2022-04-01 06:00:15,408 - processing completed: 770_282
2022-04-01 06:00:15,413 - processing started: 772_283 
2022-04-01 06:00:15,605 - processing completed: 772_283
2022-04-01 06:00:15,609 - processing started: 774_284 
2022-04-01 06:00:15,701 - processing completed: 774_284
2022-04-01 06:00:15,706 - processing started: 776_285 
2022-04-01 06:00:15,872 - processing completed: 776_285
2022-04-01 06:00:15,878 - processing started: 778_285 
2022-04-01 06:00:15,975 - processing completed: 778_285
2022-04-01 06:00:15,979 - processing started: 780_286 
2022-04-01 06:00:16,234 - processing completed: 780_286
2022-04-01 06:00:16,242 - processing started: 782_287 
2022-04-01 06:00:16,360 - processing completed: 782_287
2022-04-01 06:00:16,366 - processing started: 784_288 
2022-04-01 06:00:16,572 - processing completed: 784_288
2022-04-01 06:00:16,580 - processing started: 786_289 
2022-04-01 06:00:16,679 - processing completed: 786_289
2022-04-01 06:00:16,686 - processing started: 788_290 
2022-04-01 06:00:16,854 - processing completed: 788_290
2022-04-01 06:00:16,859 - processing started: 790_290 
2022-04-01 06:00:16,960 - processing completed: 790_290
2022-04-01 06:00:16,964 - processing started: 792_291 
2022-04-01 06:00:17,124 - processing completed: 792_291
2022-04-01 06:00:17,128 - processing started: 794_292 
2022-04-01 06:00:17,221 - processing completed: 794_292
2022-04-01 06:00:17,227 - processing started: 796_293 
2022-04-01 06:00:17,355 - processing completed: 796_293
2022-04-01 06:00:17,359 - processing started: 798_294 
2022-04-01 06:00:17,414 - processing completed: 798_294
2022-04-01 06:00:17,418 - processing started: 800_295 
2022-04-01 06:00:17,568 - processing completed: 800_295
2022-04-01 06:00:17,573 - processing started: 802_296 
2022-04-01 06:00:17,744 - processing completed: 802_296
2022-04-01 06:00:17,748 - processing started: 804_296 
2022-04-01 06:00:17,837 - processing completed: 804_296
2022-04-01 06:00:17,842 - processing started: 806_297 
2022-04-01 06:00:18,096 - processing completed: 806_297
2022-04-01 06:00:18,102 - processing started: 808_298 
2022-04-01 06:00:18,205 - processing completed: 808_298
2022-04-01 06:00:18,209 - processing started: 810_299 
2022-04-01 06:00:18,362 - processing completed: 810_299
2022-04-01 06:00:18,367 - processing started: 0_0 
2022-04-01 06:00:18,368 - Closing connection (200): Normal shutdown
2022-04-01 06:00:18,368 - Closing channel (200): 'Normal shutdown' on <Channel number=1 OPEN conn=<SelectConnection OPEN transport=<pika.adapters.utils.io_services_utils._AsyncPlaintextTransport object at 0x12225f280> params=<ConnectionParameters host=localhost port=5672 virtual_host=/ ssl=False>>>
2022-04-01 06:00:18,368 - Received <Channel.CloseOk> on <Channel number=1 CLOSING conn=<SelectConnection OPEN transport=<pika.adapters.utils.io_services_utils._AsyncPlaintextTransport object at 0x12225f280> params=<ConnectionParameters host=localhost port=5672 virtual_host=/ ssl=False>>>
2022-04-01 06:00:18,369 - Closing connection (200): 'Normal shutdown'
2022-04-01 06:00:18,369 - Aborting transport connection: state=1; <socket.socket fd=22, family=AddressFamily.AF_INET, type=SocketKind.SOCK_STREAM, proto=6, laddr=('127.0.0.1', 61641), raddr=('127.0.0.1', 5672)>
2022-04-01 06:00:18,370 - _AsyncTransportBase._initate_abort(): Initiating abrupt asynchronous transport shutdown: state=1; error=None; <socket.socket fd=22, family=AddressFamily.AF_INET, type=SocketKind.SOCK_STREAM, proto=6, laddr=('127.0.0.1', 61641), raddr=('127.0.0.1', 5672)>
2022-04-01 06:00:18,370 - Deactivating transport: state=1; <socket.socket fd=22, family=AddressFamily.AF_INET, type=SocketKind.SOCK_STREAM, proto=6, laddr=('127.0.0.1', 61641), raddr=('127.0.0.1', 5672)>
2022-04-01 06:00:18,370 - AMQP stack terminated, failed to connect, or aborted: opened=True, error-arg=None; pending-error=ConnectionClosedByClient: (200) 'Normal shutdown'
2022-04-01 06:00:18,370 - Stack terminated due to ConnectionClosedByClient: (200) 'Normal shutdown'
2022-04-01 06:00:18,370 - Closing transport socket and unlinking: state=3; <socket.socket fd=22, family=AddressFamily.AF_INET, type=SocketKind.SOCK_STREAM, proto=6, laddr=('127.0.0.1', 61641), raddr=('127.0.0.1', 5672)>
2022-04-01 06:00:18,371 - User-initiated close: result=BlockingConnection__OnClosedArgs(connection=<SelectConnection CLOSED transport=None params=<ConnectionParameters host=localhost port=5672 virtual_host=/ ssl=False>>, error=ConnectionClosedByClient: (200) 'Normal shutdown')
2022-04-01 06:00:18,371 - PID 24252 completed loading and processing
