2022-03-31 19:00:05,697 - PID 62712 started loading and processing
2022-03-31 19:00:05,704 - Pika version 1.2.0 connecting to ('::1', 5672, 0, 0)
2022-03-31 19:00:05,705 - Socket failed to connect: <socket.socket fd=22, family=AddressFamily.AF_INET6, type=SocketKind.SOCK_STREAM, proto=6, laddr=('::1', 56987, 0, 0)>; error=61 (Connection refused)
2022-03-31 19:00:05,705 - TCP Connection attempt failed: ConnectionRefusedError(61, 'Connection refused'); dest=(<AddressFamily.AF_INET6: 30>, <SocketKind.SOCK_STREAM: 1>, 6, '', ('::1', 5672, 0, 0))
2022-03-31 19:00:05,705 - AMQPConnector - reporting failure: AMQPConnectorSocketConnectError: ConnectionRefusedError(61, 'Connection refused')
2022-03-31 19:00:05,706 - Pika version 1.2.0 connecting to ('127.0.0.1', 5672)
2022-03-31 19:00:05,706 - Socket connected: <socket.socket fd=22, family=AddressFamily.AF_INET, type=SocketKind.SOCK_STREAM, proto=6, laddr=('127.0.0.1', 56989), raddr=('127.0.0.1', 5672)>
2022-03-31 19:00:05,706 - Streaming transport linked up: (<pika.adapters.utils.io_services_utils._AsyncPlaintextTransport object at 0x11608b280>, _StreamingProtocolShim: <SelectConnection PROTOCOL transport=<pika.adapters.utils.io_services_utils._AsyncPlaintextTransport object at 0x11608b280> params=<ConnectionParameters host=localhost port=5672 virtual_host=/ ssl=False>>).
2022-03-31 19:00:05,720 - AMQPConnector - reporting success: <SelectConnection OPEN transport=<pika.adapters.utils.io_services_utils._AsyncPlaintextTransport object at 0x11608b280> params=<ConnectionParameters host=localhost port=5672 virtual_host=/ ssl=False>>
2022-03-31 19:00:05,720 - AMQPConnectionWorkflow - reporting success: <SelectConnection OPEN transport=<pika.adapters.utils.io_services_utils._AsyncPlaintextTransport object at 0x11608b280> params=<ConnectionParameters host=localhost port=5672 virtual_host=/ ssl=False>>
2022-03-31 19:00:05,720 - Connection workflow succeeded: <SelectConnection OPEN transport=<pika.adapters.utils.io_services_utils._AsyncPlaintextTransport object at 0x11608b280> params=<ConnectionParameters host=localhost port=5672 virtual_host=/ ssl=False>>
2022-03-31 19:00:05,721 - Created channel=1
2022-03-31 19:00:05,723 - Logging before start consuming
2022-03-31 19:00:08,687 - processing started: 1_000 
2022-03-31 19:00:08,899 - processing completed: 1_000
2022-03-31 19:00:08,925 - processing started: 3_001 
2022-03-31 19:00:09,158 - processing completed: 3_001
2022-03-31 19:00:09,163 - processing started: 5_002 
2022-03-31 19:00:09,403 - processing completed: 5_002
2022-03-31 19:00:09,409 - processing started: 7_003 
2022-03-31 19:00:09,573 - processing completed: 7_003
2022-03-31 19:00:09,578 - processing started: 9_003 
2022-03-31 19:00:09,818 - processing completed: 9_003
2022-03-31 19:00:09,824 - processing started: 11_004 
2022-03-31 19:00:09,872 - processing completed: 11_004
2022-03-31 19:00:09,874 - processing started: 13_005 
2022-03-31 19:00:10,121 - processing completed: 13_005
2022-03-31 19:00:10,127 - processing started: 15_005 
2022-03-31 19:00:10,295 - processing completed: 15_005
2022-03-31 19:00:10,300 - processing started: 17_006 
2022-03-31 19:00:10,473 - processing completed: 17_006
2022-03-31 19:00:10,478 - processing started: 19_007 
2022-03-31 19:00:10,663 - processing completed: 19_007
2022-03-31 19:00:10,670 - processing started: 21_008 
2022-03-31 19:00:10,914 - processing completed: 21_008
2022-03-31 19:00:10,921 - processing started: 23_009 
2022-03-31 19:00:11,101 - processing completed: 23_009
2022-03-31 19:00:11,107 - processing started: 25_010 
2022-03-31 19:00:11,342 - processing completed: 25_010
2022-03-31 19:00:11,348 - processing started: 27_011 
2022-03-31 19:00:11,519 - processing completed: 27_011
2022-03-31 19:00:11,525 - processing started: 29_012 
2022-03-31 19:00:11,674 - processing completed: 29_012
2022-03-31 19:00:11,677 - processing started: 31_013 
2022-03-31 19:00:11,803 - processing completed: 31_013
2022-03-31 19:00:11,808 - processing started: 33_014 
2022-03-31 19:00:11,962 - processing completed: 33_014
2022-03-31 19:00:11,968 - processing started: 35_014 
2022-03-31 19:00:12,129 - processing completed: 35_014
2022-03-31 19:00:12,133 - processing started: 37_014 
2022-03-31 19:00:12,228 - processing completed: 37_014
2022-03-31 19:00:12,231 - processing started: 39_015 
2022-03-31 19:00:12,396 - processing completed: 39_015
2022-03-31 19:00:12,401 - processing started: 41_015 
2022-03-31 19:00:12,498 - processing completed: 41_015
2022-03-31 19:00:12,502 - processing started: 43_016 
2022-03-31 19:00:12,665 - processing completed: 43_016
2022-03-31 19:00:12,669 - processing started: 45_017 
2022-03-31 19:00:12,780 - processing completed: 45_017
2022-03-31 19:00:12,785 - processing started: 47_017 
2022-03-31 19:00:12,965 - processing completed: 47_017
2022-03-31 19:00:12,970 - processing started: 49_018 
2022-03-31 19:00:13,068 - processing completed: 49_018
2022-03-31 19:00:13,071 - processing started: 51_019 
2022-03-31 19:00:13,251 - processing completed: 51_019
2022-03-31 19:00:13,255 - processing started: 53_020 
2022-03-31 19:00:13,360 - processing completed: 53_020
2022-03-31 19:00:13,365 - processing started: 55_021 
2022-03-31 19:00:13,547 - processing completed: 55_021
2022-03-31 19:00:13,551 - processing started: 57_022 
2022-03-31 19:00:13,660 - processing completed: 57_022
2022-03-31 19:00:13,665 - processing started: 59_023 
2022-03-31 19:00:13,847 - processing completed: 59_023
2022-03-31 19:00:13,850 - processing started: 61_023 
2022-03-31 19:00:13,946 - processing completed: 61_023
2022-03-31 19:00:13,949 - processing started: 63_024 
2022-03-31 19:00:14,103 - processing completed: 63_024
2022-03-31 19:00:14,107 - processing started: 65_024 
2022-03-31 19:00:14,267 - processing completed: 65_024
2022-03-31 19:00:14,271 - processing started: 67_025 
2022-03-31 19:00:14,370 - processing completed: 67_025
2022-03-31 19:00:14,374 - processing started: 69_026 
2022-03-31 19:00:14,539 - processing completed: 69_026
2022-03-31 19:00:14,543 - processing started: 71_027 
2022-03-31 19:00:14,640 - processing completed: 71_027
2022-03-31 19:00:14,645 - processing started: 73_028 
2022-03-31 19:00:14,809 - processing completed: 73_028
2022-03-31 19:00:14,813 - processing started: 75_029 
2022-03-31 19:00:14,923 - processing completed: 75_029
2022-03-31 19:00:14,927 - processing started: 77_030 
2022-03-31 19:00:15,095 - processing completed: 77_030
2022-03-31 19:00:15,099 - processing started: 79_030 
2022-03-31 19:00:15,196 - processing completed: 79_030
2022-03-31 19:00:15,200 - processing started: 81_031 
2022-03-31 19:00:15,365 - processing completed: 81_031
2022-03-31 19:00:15,369 - processing started: 83_032 
2022-03-31 19:00:15,518 - processing completed: 83_032
2022-03-31 19:00:15,523 - processing started: 85_032 
2022-03-31 19:00:15,741 - processing completed: 85_032
2022-03-31 19:00:15,746 - processing started: 87_032 
2022-03-31 19:00:15,918 - processing completed: 87_032
2022-03-31 19:00:15,924 - processing started: 89_033 
2022-03-31 19:00:16,100 - processing completed: 89_033
2022-03-31 19:00:16,104 - processing started: 91_033 
2022-03-31 19:00:16,203 - processing completed: 91_033
2022-03-31 19:00:16,208 - processing started: 93_034 
2022-03-31 19:00:16,377 - processing completed: 93_034
2022-03-31 19:00:16,381 - processing started: 95_035 
2022-03-31 19:00:16,551 - processing completed: 95_035
2022-03-31 19:00:16,555 - processing started: 97_035 
2022-03-31 19:00:16,659 - processing completed: 97_035
2022-03-31 19:00:16,664 - processing started: 99_036 
2022-03-31 19:00:16,828 - processing completed: 99_036
2022-03-31 19:00:16,833 - processing started: 101_037 
2022-03-31 19:00:16,944 - processing completed: 101_037
2022-03-31 19:00:16,948 - processing started: 103_037 
2022-03-31 19:00:17,131 - processing completed: 103_037
2022-03-31 19:00:17,135 - processing started: 105_038 
2022-03-31 19:00:17,237 - processing completed: 105_038
2022-03-31 19:00:17,241 - processing started: 107_039 
2022-03-31 19:00:17,417 - processing completed: 107_039
2022-03-31 19:00:17,421 - processing started: 109_040 
2022-03-31 19:00:17,532 - processing completed: 109_040
2022-03-31 19:00:17,536 - processing started: 111_040 
2022-03-31 19:00:17,708 - processing completed: 111_040
2022-03-31 19:00:17,712 - processing started: 113_040 
2022-03-31 19:00:17,814 - processing completed: 113_040
2022-03-31 19:00:17,818 - processing started: 115_040 
2022-03-31 19:00:18,000 - processing completed: 115_040
2022-03-31 19:00:18,005 - processing started: 117_041 
2022-03-31 19:00:18,121 - processing completed: 117_041
2022-03-31 19:00:18,127 - processing started: 119_042 
2022-03-31 19:00:18,303 - processing completed: 119_042
2022-03-31 19:00:18,307 - processing started: 121_042 
2022-03-31 19:00:18,415 - processing completed: 121_042
2022-03-31 19:00:18,419 - processing started: 123_043 
2022-03-31 19:00:18,592 - processing completed: 123_043
2022-03-31 19:00:18,596 - processing started: 125_044 
2022-03-31 19:00:18,773 - processing completed: 125_044
2022-03-31 19:00:18,777 - processing started: 127_045 
2022-03-31 19:00:18,876 - processing completed: 127_045
2022-03-31 19:00:18,881 - processing started: 129_045 
2022-03-31 19:00:19,060 - processing completed: 129_045
2022-03-31 19:00:19,064 - processing started: 131_046 
2022-03-31 19:00:19,171 - processing completed: 131_046
2022-03-31 19:00:19,175 - processing started: 133_047 
2022-03-31 19:00:19,340 - processing completed: 133_047
2022-03-31 19:00:19,343 - processing started: 135_048 
2022-03-31 19:00:19,448 - processing completed: 135_048
2022-03-31 19:00:19,452 - processing started: 137_049 
2022-03-31 19:00:19,631 - processing completed: 137_049
2022-03-31 19:00:19,634 - processing started: 139_049 
2022-03-31 19:00:19,742 - processing completed: 139_049
2022-03-31 19:00:19,746 - processing started: 141_050 
2022-03-31 19:00:19,921 - processing completed: 141_050
2022-03-31 19:00:19,925 - processing started: 143_051 
2022-03-31 19:00:20,032 - processing completed: 143_051
2022-03-31 19:00:20,036 - processing started: 145_051 
2022-03-31 19:00:20,224 - processing completed: 145_051
2022-03-31 19:00:20,228 - processing started: 147_051 
2022-03-31 19:00:20,327 - processing completed: 147_051
2022-03-31 19:00:20,331 - processing started: 149_052 
2022-03-31 19:00:20,500 - processing completed: 149_052
2022-03-31 19:00:20,504 - processing started: 151_053 
2022-03-31 19:00:20,610 - processing completed: 151_053
2022-03-31 19:00:20,615 - processing started: 153_054 
2022-03-31 19:00:20,783 - processing completed: 153_054
2022-03-31 19:00:20,787 - processing started: 155_055 
2022-03-31 19:00:20,954 - processing completed: 155_055
2022-03-31 19:00:20,957 - processing started: 157_056 
2022-03-31 19:00:21,069 - processing completed: 157_056
2022-03-31 19:00:21,073 - processing started: 159_057 
2022-03-31 19:00:21,256 - processing completed: 159_057
2022-03-31 19:00:21,260 - processing started: 161_058 
2022-03-31 19:00:21,440 - processing completed: 161_058
2022-03-31 19:00:21,446 - processing started: 163_059 
2022-03-31 19:00:21,615 - processing completed: 163_059
2022-03-31 19:00:21,619 - processing started: 165_060 
2022-03-31 19:00:21,716 - processing completed: 165_060
2022-03-31 19:00:21,720 - processing started: 167_060 
2022-03-31 19:00:21,886 - processing completed: 167_060
2022-03-31 19:00:21,890 - processing started: 169_061 
2022-03-31 19:00:21,992 - processing completed: 169_061
2022-03-31 19:00:21,996 - processing started: 171_062 
2022-03-31 19:00:22,169 - processing completed: 171_062
2022-03-31 19:00:22,173 - processing started: 173_063 
2022-03-31 19:00:22,370 - processing completed: 173_063
2022-03-31 19:00:22,377 - processing started: 175_064 
2022-03-31 19:00:22,638 - processing completed: 175_064
2022-03-31 19:00:22,644 - processing started: 177_064 
2022-03-31 19:00:22,844 - processing completed: 177_064
2022-03-31 19:00:22,851 - processing started: 179_065 
2022-03-31 19:00:23,118 - processing completed: 179_065
2022-03-31 19:00:23,125 - processing started: 181_066 
2022-03-31 19:00:23,404 - processing completed: 181_066
2022-03-31 19:00:23,410 - processing started: 183_066 
2022-03-31 19:00:23,614 - processing completed: 183_066
2022-03-31 19:00:23,622 - processing started: 185_066 
2022-03-31 19:00:23,900 - processing completed: 185_066
2022-03-31 19:00:23,907 - processing started: 187_066 
2022-03-31 19:00:24,056 - processing completed: 187_066
2022-03-31 19:00:24,062 - processing started: 189_067 
2022-03-31 19:00:24,326 - processing completed: 189_067
2022-03-31 19:00:24,333 - processing started: 191_067 
2022-03-31 19:00:24,530 - processing completed: 191_067
2022-03-31 19:00:24,536 - processing started: 193_068 
2022-03-31 19:00:24,743 - processing completed: 193_068
2022-03-31 19:00:24,748 - processing started: 195_069 
2022-03-31 19:00:24,882 - processing completed: 195_069
2022-03-31 19:00:24,889 - processing started: 197_069 
2022-03-31 19:00:25,096 - processing completed: 197_069
2022-03-31 19:00:25,101 - processing started: 199_070 
2022-03-31 19:00:25,292 - processing completed: 199_070
2022-03-31 19:00:25,298 - processing started: 201_071 
2022-03-31 19:00:25,554 - processing completed: 201_071
2022-03-31 19:00:25,561 - processing started: 203_072 
2022-03-31 19:00:25,766 - processing completed: 203_072
2022-03-31 19:00:25,772 - processing started: 205_072 
2022-03-31 19:00:26,027 - processing completed: 205_072
2022-03-31 19:00:26,034 - processing started: 207_073 
2022-03-31 19:00:26,225 - processing completed: 207_073
2022-03-31 19:00:26,232 - processing started: 209_074 
2022-03-31 19:00:26,493 - processing completed: 209_074
2022-03-31 19:00:26,501 - processing started: 211_075 
2022-03-31 19:00:26,776 - processing completed: 211_075
2022-03-31 19:00:26,783 - processing started: 213_076 
2022-03-31 19:00:26,977 - processing completed: 213_076
2022-03-31 19:00:26,984 - processing started: 215_077 
2022-03-31 19:00:27,199 - processing completed: 215_077
2022-03-31 19:00:27,205 - processing started: 217_077 
2022-03-31 19:00:27,393 - processing completed: 217_077
2022-03-31 19:00:27,401 - processing started: 219_078 
2022-03-31 19:00:27,679 - processing completed: 219_078
2022-03-31 19:00:27,687 - processing started: 221_079 
2022-03-31 19:00:27,921 - processing completed: 221_079
2022-03-31 19:00:27,929 - processing started: 223_080 
2022-03-31 19:00:28,090 - processing completed: 223_080
2022-03-31 19:00:28,095 - processing started: 225_081 
2022-03-31 19:00:28,227 - processing completed: 225_081
2022-03-31 19:00:28,233 - processing started: 227_081 
2022-03-31 19:00:28,448 - processing completed: 227_081
2022-03-31 19:00:28,454 - processing started: 229_081 
2022-03-31 19:00:28,573 - processing completed: 229_081
2022-03-31 19:00:28,578 - processing started: 231_081 
2022-03-31 19:00:28,760 - processing completed: 231_081
2022-03-31 19:00:28,766 - processing started: 233_082 
2022-03-31 19:00:28,900 - processing completed: 233_082
2022-03-31 19:00:28,907 - processing started: 235_082 
2022-03-31 19:00:29,090 - processing completed: 235_082
2022-03-31 19:00:29,095 - processing started: 237_083 
2022-03-31 19:00:29,214 - processing completed: 237_083
2022-03-31 19:00:29,219 - processing started: 239_084 
2022-03-31 19:00:29,396 - processing completed: 239_084
2022-03-31 19:00:29,402 - processing started: 241_085 
2022-03-31 19:00:29,586 - processing completed: 241_085
2022-03-31 19:00:29,590 - processing started: 243_086 
2022-03-31 19:00:29,730 - processing completed: 243_086
2022-03-31 19:00:29,734 - processing started: 245_087 
2022-03-31 19:00:29,926 - processing completed: 245_087
2022-03-31 19:00:29,931 - processing started: 247_088 
2022-03-31 19:00:30,050 - processing completed: 247_088
2022-03-31 19:00:30,056 - processing started: 249_089 
2022-03-31 19:00:30,196 - processing completed: 249_089
2022-03-31 19:00:30,200 - processing started: 251_089 
2022-03-31 19:00:30,279 - processing completed: 251_089
2022-03-31 19:00:30,283 - processing started: 253_090 
2022-03-31 19:00:30,427 - processing completed: 253_090
2022-03-31 19:00:30,431 - processing started: 255_091 
2022-03-31 19:00:30,513 - processing completed: 255_091
2022-03-31 19:00:30,518 - processing started: 257_092 
2022-03-31 19:00:30,656 - processing completed: 257_092
2022-03-31 19:00:30,660 - processing started: 259_093 
2022-03-31 19:00:30,748 - processing completed: 259_093
2022-03-31 19:00:30,752 - processing started: 261_094 
2022-03-31 19:00:30,912 - processing completed: 261_094
2022-03-31 19:00:30,917 - processing started: 263_095 
2022-03-31 19:00:31,009 - processing completed: 263_095
2022-03-31 19:00:31,014 - processing started: 265_096 
2022-03-31 19:00:31,173 - processing completed: 265_096
2022-03-31 19:00:31,178 - processing started: 267_097 
2022-03-31 19:00:31,267 - processing completed: 267_097
2022-03-31 19:00:31,270 - processing started: 269_098 
2022-03-31 19:00:31,421 - processing completed: 269_098
2022-03-31 19:00:31,426 - processing started: 271_098 
2022-03-31 19:00:31,587 - processing completed: 271_098
2022-03-31 19:00:31,591 - processing started: 273_099 
2022-03-31 19:00:31,673 - processing completed: 273_099
2022-03-31 19:00:31,677 - processing started: 275_100 
2022-03-31 19:00:31,856 - processing completed: 275_100
2022-03-31 19:00:31,861 - processing started: 277_101 
2022-03-31 19:00:31,946 - processing completed: 277_101
2022-03-31 19:00:31,949 - processing started: 279_102 
2022-03-31 19:00:32,120 - processing completed: 279_102
2022-03-31 19:00:32,124 - processing started: 281_103 
2022-03-31 19:00:32,227 - processing completed: 281_103
2022-03-31 19:00:32,230 - processing started: 283_104 
2022-03-31 19:00:32,375 - processing completed: 283_104
2022-03-31 19:00:32,380 - processing started: 285_105 
2022-03-31 19:00:32,457 - processing completed: 285_105
2022-03-31 19:00:32,461 - processing started: 287_106 
2022-03-31 19:00:32,606 - processing completed: 287_106
2022-03-31 19:00:32,611 - processing started: 289_107 
2022-03-31 19:00:32,723 - processing completed: 289_107
2022-03-31 19:00:32,728 - processing started: 291_107 
2022-03-31 19:00:32,902 - processing completed: 291_107
2022-03-31 19:00:32,906 - processing started: 293_108 
2022-03-31 19:00:32,990 - processing completed: 293_108
2022-03-31 19:00:32,994 - processing started: 295_109 
2022-03-31 19:00:33,130 - processing completed: 295_109
2022-03-31 19:00:33,135 - processing started: 297_110 
2022-03-31 19:00:33,231 - processing completed: 297_110
2022-03-31 19:00:33,237 - processing started: 299_110 
2022-03-31 19:00:33,385 - processing completed: 299_110
2022-03-31 19:00:33,389 - processing started: 301_111 
2022-03-31 19:00:33,537 - processing completed: 301_111
2022-03-31 19:00:33,542 - processing started: 303_112 
2022-03-31 19:00:33,619 - processing completed: 303_112
2022-03-31 19:00:33,623 - processing started: 305_113 
2022-03-31 19:00:33,758 - processing completed: 305_113
2022-03-31 19:00:33,763 - processing started: 307_114 
2022-03-31 19:00:33,882 - processing completed: 307_114
2022-03-31 19:00:33,887 - processing started: 309_115 
2022-03-31 19:00:34,093 - processing completed: 309_115
2022-03-31 19:00:34,099 - processing started: 311_116 
2022-03-31 19:00:34,215 - processing completed: 311_116
2022-03-31 19:00:34,221 - processing started: 313_117 
2022-03-31 19:00:34,411 - processing completed: 313_117
2022-03-31 19:00:34,416 - processing started: 315_117 
2022-03-31 19:00:34,532 - processing completed: 315_117
2022-03-31 19:00:34,537 - processing started: 317_118 
2022-03-31 19:00:34,714 - processing completed: 317_118
2022-03-31 19:00:34,719 - processing started: 319_119 
2022-03-31 19:00:34,834 - processing completed: 319_119
2022-03-31 19:00:34,839 - processing started: 321_120 
2022-03-31 19:00:35,003 - processing completed: 321_120
2022-03-31 19:00:35,008 - processing started: 323_120 
2022-03-31 19:00:35,100 - processing completed: 323_120
2022-03-31 19:00:35,105 - processing started: 325_121 
2022-03-31 19:00:35,281 - processing completed: 325_121
2022-03-31 19:00:35,286 - processing started: 327_122 
2022-03-31 19:00:35,414 - processing completed: 327_122
2022-03-31 19:00:35,418 - processing started: 329_123 
2022-03-31 19:00:35,593 - processing completed: 329_123
2022-03-31 19:00:35,597 - processing started: 331_124 
2022-03-31 19:00:35,777 - processing completed: 331_124
2022-03-31 19:00:35,782 - processing started: 333_124 
2022-03-31 19:00:35,898 - processing completed: 333_124
2022-03-31 19:00:35,903 - processing started: 335_124 
2022-03-31 19:00:36,088 - processing completed: 335_124
2022-03-31 19:00:36,094 - processing started: 337_124 
2022-03-31 19:00:36,208 - processing completed: 337_124
2022-03-31 19:00:36,213 - processing started: 339_124 
2022-03-31 19:00:36,391 - processing completed: 339_124
2022-03-31 19:00:36,396 - processing started: 341_125 
2022-03-31 19:00:36,519 - processing completed: 341_125
2022-03-31 19:00:36,525 - processing started: 343_126 
2022-03-31 19:00:36,697 - processing completed: 343_126
2022-03-31 19:00:36,703 - processing started: 345_127 
2022-03-31 19:00:36,816 - processing completed: 345_127
2022-03-31 19:00:36,821 - processing started: 347_128 
2022-03-31 19:00:36,994 - processing completed: 347_128
2022-03-31 19:00:36,998 - processing started: 349_129 
2022-03-31 19:00:37,113 - processing completed: 349_129
2022-03-31 19:00:37,117 - processing started: 351_129 
2022-03-31 19:00:37,289 - processing completed: 351_129
2022-03-31 19:00:37,294 - processing started: 353_130 
2022-03-31 19:00:37,404 - processing completed: 353_130
2022-03-31 19:00:37,409 - processing started: 355_131 
2022-03-31 19:00:37,593 - processing completed: 355_131
2022-03-31 19:00:37,598 - processing started: 357_132 
2022-03-31 19:00:37,710 - processing completed: 357_132
2022-03-31 19:00:37,715 - processing started: 359_133 
2022-03-31 19:00:37,887 - processing completed: 359_133
2022-03-31 19:00:37,891 - processing started: 361_134 
2022-03-31 19:00:38,071 - processing completed: 361_134
2022-03-31 19:00:38,076 - processing started: 363_134 
2022-03-31 19:00:38,198 - processing completed: 363_134
2022-03-31 19:00:38,205 - processing started: 365_135 
2022-03-31 19:00:38,383 - processing completed: 365_135
2022-03-31 19:00:38,388 - processing started: 367_135 
2022-03-31 19:00:38,501 - processing completed: 367_135
2022-03-31 19:00:38,507 - processing started: 369_136 
2022-03-31 19:00:38,703 - processing completed: 369_136
2022-03-31 19:00:38,708 - processing started: 371_137 
2022-03-31 19:00:38,826 - processing completed: 371_137
2022-03-31 19:00:38,830 - processing started: 373_138 
2022-03-31 19:00:39,010 - processing completed: 373_138
2022-03-31 19:00:39,015 - processing started: 375_139 
2022-03-31 19:00:39,139 - processing completed: 375_139
2022-03-31 19:00:39,144 - processing started: 377_140 
2022-03-31 19:00:39,328 - processing completed: 377_140
2022-03-31 19:00:39,333 - processing started: 379_141 
2022-03-31 19:00:39,454 - processing completed: 379_141
2022-03-31 19:00:39,459 - processing started: 381_142 
2022-03-31 19:00:39,649 - processing completed: 381_142
2022-03-31 19:00:39,654 - processing started: 383_143 
2022-03-31 19:00:39,771 - processing completed: 383_143
2022-03-31 19:00:39,775 - processing started: 385_144 
2022-03-31 19:00:39,954 - processing completed: 385_144
2022-03-31 19:00:39,960 - processing started: 387_144 
2022-03-31 19:00:40,083 - processing completed: 387_144
2022-03-31 19:00:40,089 - processing started: 389_145 
2022-03-31 19:00:40,265 - processing completed: 389_145
2022-03-31 19:00:40,271 - processing started: 391_145 
2022-03-31 19:00:40,455 - processing completed: 391_145
2022-03-31 19:00:40,460 - processing started: 393_146 
2022-03-31 19:00:40,575 - processing completed: 393_146
2022-03-31 19:00:40,581 - processing started: 395_147 
2022-03-31 19:00:40,770 - processing completed: 395_147
2022-03-31 19:00:40,775 - processing started: 397_147 
2022-03-31 19:00:40,892 - processing completed: 397_147
2022-03-31 19:00:40,896 - processing started: 399_148 
2022-03-31 19:00:41,078 - processing completed: 399_148
2022-03-31 19:00:41,083 - processing started: 401_149 
2022-03-31 19:00:41,195 - processing completed: 401_149
2022-03-31 19:00:41,201 - processing started: 403_149 
2022-03-31 19:00:41,376 - processing completed: 403_149
2022-03-31 19:00:41,382 - processing started: 405_150 
2022-03-31 19:00:41,499 - processing completed: 405_150
2022-03-31 19:00:41,505 - processing started: 407_151 
2022-03-31 19:00:41,681 - processing completed: 407_151
2022-03-31 19:00:41,685 - processing started: 409_152 
2022-03-31 19:00:41,814 - processing completed: 409_152
2022-03-31 19:00:41,818 - processing started: 411_153 
2022-03-31 19:00:42,013 - processing completed: 411_153
2022-03-31 19:00:42,017 - processing started: 413_154 
2022-03-31 19:00:42,133 - processing completed: 413_154
2022-03-31 19:00:42,138 - processing started: 415_155 
2022-03-31 19:00:42,315 - processing completed: 415_155
2022-03-31 19:00:42,320 - processing started: 417_156 
2022-03-31 19:00:42,438 - processing completed: 417_156
2022-03-31 19:00:42,443 - processing started: 419_156 
2022-03-31 19:00:42,621 - processing completed: 419_156
2022-03-31 19:00:42,627 - processing started: 421_157 
2022-03-31 19:00:42,812 - processing completed: 421_157
2022-03-31 19:00:42,817 - processing started: 423_158 
2022-03-31 19:00:42,953 - processing completed: 423_158
2022-03-31 19:00:42,958 - processing started: 425_159 
2022-03-31 19:00:43,154 - processing completed: 425_159
2022-03-31 19:00:43,159 - processing started: 427_159 
2022-03-31 19:00:43,290 - processing completed: 427_159
2022-03-31 19:00:43,296 - processing started: 429_160 
2022-03-31 19:00:43,479 - processing completed: 429_160
2022-03-31 19:00:43,484 - processing started: 431_161 
2022-03-31 19:00:43,603 - processing completed: 431_161
2022-03-31 19:00:43,607 - processing started: 433_162 
2022-03-31 19:00:43,786 - processing completed: 433_162
2022-03-31 19:00:43,792 - processing started: 435_163 
2022-03-31 19:00:43,911 - processing completed: 435_163
2022-03-31 19:00:43,916 - processing started: 437_164 
2022-03-31 19:00:44,116 - processing completed: 437_164
2022-03-31 19:00:44,125 - processing started: 439_164 
2022-03-31 19:00:44,241 - processing completed: 439_164
2022-03-31 19:00:44,246 - processing started: 441_165 
2022-03-31 19:00:44,420 - processing completed: 441_165
2022-03-31 19:00:44,427 - processing started: 443_166 
2022-03-31 19:00:44,543 - processing completed: 443_166
2022-03-31 19:00:44,549 - processing started: 445_167 
2022-03-31 19:00:44,725 - processing completed: 445_167
2022-03-31 19:00:44,731 - processing started: 447_167 
2022-03-31 19:00:44,913 - processing completed: 447_167
2022-03-31 19:00:44,918 - processing started: 449_168 
2022-03-31 19:00:45,031 - processing completed: 449_168
2022-03-31 19:00:45,037 - processing started: 451_168 
2022-03-31 19:00:45,219 - processing completed: 451_168
2022-03-31 19:00:45,224 - processing started: 453_169 
2022-03-31 19:00:45,341 - processing completed: 453_169
2022-03-31 19:00:45,345 - processing started: 455_170 
2022-03-31 19:00:45,524 - processing completed: 455_170
2022-03-31 19:00:45,529 - processing started: 457_171 
2022-03-31 19:00:45,642 - processing completed: 457_171
2022-03-31 19:00:45,647 - processing started: 459_172 
2022-03-31 19:00:45,824 - processing completed: 459_172
2022-03-31 19:00:45,830 - processing started: 461_173 
2022-03-31 19:00:45,950 - processing completed: 461_173
2022-03-31 19:00:45,954 - processing started: 463_173 
2022-03-31 19:00:46,136 - processing completed: 463_173
2022-03-31 19:00:46,141 - processing started: 465_174 
2022-03-31 19:00:46,262 - processing completed: 465_174
2022-03-31 19:00:46,266 - processing started: 467_174 
2022-03-31 19:00:46,444 - processing completed: 467_174
2022-03-31 19:00:46,448 - processing started: 469_175 
2022-03-31 19:00:46,563 - processing completed: 469_175
2022-03-31 19:00:46,568 - processing started: 471_176 
2022-03-31 19:00:46,748 - processing completed: 471_176
2022-03-31 19:00:46,753 - processing started: 473_177 
2022-03-31 19:00:46,866 - processing completed: 473_177
2022-03-31 19:00:46,871 - processing started: 475_178 
2022-03-31 19:00:47,052 - processing completed: 475_178
2022-03-31 19:00:47,057 - processing started: 477_179 
2022-03-31 19:00:47,243 - processing completed: 477_179
2022-03-31 19:00:47,247 - processing started: 479_180 
2022-03-31 19:00:47,370 - processing completed: 479_180
2022-03-31 19:00:47,375 - processing started: 481_180 
2022-03-31 19:00:47,559 - processing completed: 481_180
2022-03-31 19:00:47,564 - processing started: 483_181 
2022-03-31 19:00:47,679 - processing completed: 483_181
2022-03-31 19:00:47,684 - processing started: 485_182 
2022-03-31 19:00:47,859 - processing completed: 485_182
2022-03-31 19:00:47,863 - processing started: 487_182 
2022-03-31 19:00:47,978 - processing completed: 487_182
2022-03-31 19:00:47,983 - processing started: 489_183 
2022-03-31 19:00:48,170 - processing completed: 489_183
2022-03-31 19:00:48,177 - processing started: 491_183 
2022-03-31 19:00:48,309 - processing completed: 491_183
2022-03-31 19:00:48,314 - processing started: 493_184 
2022-03-31 19:00:48,498 - processing completed: 493_184
2022-03-31 19:00:48,502 - processing started: 495_185 
2022-03-31 19:00:48,620 - processing completed: 495_185
2022-03-31 19:00:48,626 - processing started: 497_186 
2022-03-31 19:00:48,807 - processing completed: 497_186
2022-03-31 19:00:48,813 - processing started: 499_187 
2022-03-31 19:00:48,931 - processing completed: 499_187
2022-03-31 19:00:48,935 - processing started: 501_188 
2022-03-31 19:00:49,118 - processing completed: 501_188
2022-03-31 19:00:49,124 - processing started: 503_188 
2022-03-31 19:00:49,252 - processing completed: 503_188
2022-03-31 19:00:49,256 - processing started: 505_189 
2022-03-31 19:00:49,425 - processing completed: 505_189
2022-03-31 19:00:49,430 - processing started: 507_190 
2022-03-31 19:00:49,616 - processing completed: 507_190
2022-03-31 19:00:49,621 - processing started: 509_191 
2022-03-31 19:00:49,740 - processing completed: 509_191
2022-03-31 19:00:49,745 - processing started: 511_192 
2022-03-31 19:00:49,922 - processing completed: 511_192
2022-03-31 19:00:49,927 - processing started: 513_192 
2022-03-31 19:00:50,049 - processing completed: 513_192
2022-03-31 19:00:50,053 - processing started: 515_193 
2022-03-31 19:00:50,242 - processing completed: 515_193
2022-03-31 19:00:50,247 - processing started: 517_194 
2022-03-31 19:00:50,369 - processing completed: 517_194
2022-03-31 19:00:50,376 - processing started: 519_195 
2022-03-31 19:00:50,565 - processing completed: 519_195
2022-03-31 19:00:50,571 - processing started: 521_196 
2022-03-31 19:00:50,687 - processing completed: 521_196
2022-03-31 19:00:50,692 - processing started: 523_196 
2022-03-31 19:00:50,874 - processing completed: 523_196
2022-03-31 19:00:50,880 - processing started: 525_196 
2022-03-31 19:00:51,005 - processing completed: 525_196
2022-03-31 19:00:51,009 - processing started: 527_197 
2022-03-31 19:00:51,193 - processing completed: 527_197
2022-03-31 19:00:51,197 - processing started: 529_197 
2022-03-31 19:00:51,314 - processing completed: 529_197
2022-03-31 19:00:51,318 - processing started: 531_197 
2022-03-31 19:00:51,510 - processing completed: 531_197
2022-03-31 19:00:51,515 - processing started: 533_198 
2022-03-31 19:00:51,637 - processing completed: 533_198
2022-03-31 19:00:51,642 - processing started: 535_199 
2022-03-31 19:00:51,820 - processing completed: 535_199
2022-03-31 19:00:51,825 - processing started: 537_200 
2022-03-31 19:00:52,012 - processing completed: 537_200
2022-03-31 19:00:52,019 - processing started: 539_201 
2022-03-31 19:00:52,137 - processing completed: 539_201
2022-03-31 19:00:52,142 - processing started: 541_202 
2022-03-31 19:00:52,323 - processing completed: 541_202
2022-03-31 19:00:52,328 - processing started: 543_203 
2022-03-31 19:00:52,450 - processing completed: 543_203
2022-03-31 19:00:52,455 - processing started: 545_204 
2022-03-31 19:00:52,650 - processing completed: 545_204
2022-03-31 19:00:52,656 - processing started: 547_205 
2022-03-31 19:00:52,770 - processing completed: 547_205
2022-03-31 19:00:52,774 - processing started: 549_206 
2022-03-31 19:00:52,954 - processing completed: 549_206
2022-03-31 19:00:52,959 - processing started: 551_207 
2022-03-31 19:00:53,076 - processing completed: 551_207
2022-03-31 19:00:53,082 - processing started: 553_207 
2022-03-31 19:00:53,273 - processing completed: 553_207
2022-03-31 19:00:53,278 - processing started: 555_208 
2022-03-31 19:00:53,390 - processing completed: 555_208
2022-03-31 19:00:53,396 - processing started: 557_209 
2022-03-31 19:00:53,576 - processing completed: 557_209
2022-03-31 19:00:53,581 - processing started: 559_210 
2022-03-31 19:00:53,707 - processing completed: 559_210
2022-03-31 19:00:53,713 - processing started: 561_211 
2022-03-31 19:00:53,902 - processing completed: 561_211
2022-03-31 19:00:53,906 - processing started: 563_212 
2022-03-31 19:00:54,021 - processing completed: 563_212
2022-03-31 19:00:54,026 - processing started: 565_213 
2022-03-31 19:00:54,204 - processing completed: 565_213
2022-03-31 19:00:54,210 - processing started: 567_214 
2022-03-31 19:00:54,391 - processing completed: 567_214
2022-03-31 19:00:54,397 - processing started: 569_214 
2022-03-31 19:00:54,516 - processing completed: 569_214
2022-03-31 19:00:54,522 - processing started: 571_215 
2022-03-31 19:00:54,710 - processing completed: 571_215
2022-03-31 19:00:54,714 - processing started: 573_216 
2022-03-31 19:00:54,826 - processing completed: 573_216
2022-03-31 19:00:54,830 - processing started: 575_217 
2022-03-31 19:00:55,013 - processing completed: 575_217
2022-03-31 19:00:55,017 - processing started: 577_218 
2022-03-31 19:00:55,133 - processing completed: 577_218
2022-03-31 19:00:55,137 - processing started: 579_219 
2022-03-31 19:00:55,324 - processing completed: 579_219
2022-03-31 19:00:55,329 - processing started: 581_220 
2022-03-31 19:00:55,446 - processing completed: 581_220
2022-03-31 19:00:55,450 - processing started: 583_220 
2022-03-31 19:00:55,625 - processing completed: 583_220
2022-03-31 19:00:55,630 - processing started: 585_221 
2022-03-31 19:00:55,745 - processing completed: 585_221
2022-03-31 19:00:55,749 - processing started: 587_222 
2022-03-31 19:00:55,937 - processing completed: 587_222
2022-03-31 19:00:55,942 - processing started: 589_222 
2022-03-31 19:00:56,057 - processing completed: 589_222
2022-03-31 19:00:56,062 - processing started: 591_223 
2022-03-31 19:00:56,213 - processing completed: 591_223
2022-03-31 19:00:56,217 - processing started: 593_223 
2022-03-31 19:00:56,306 - processing completed: 593_223
2022-03-31 19:00:56,310 - processing started: 595_224 
2022-03-31 19:00:56,509 - processing completed: 595_224
2022-03-31 19:00:56,514 - processing started: 597_225 
2022-03-31 19:00:56,680 - processing completed: 597_225
2022-03-31 19:00:56,683 - processing started: 599_225 
2022-03-31 19:00:56,835 - processing completed: 599_225
2022-03-31 19:00:56,841 - processing started: 601_225 
2022-03-31 19:00:57,031 - processing completed: 601_225
2022-03-31 19:00:57,034 - processing started: 603_226 
2022-03-31 19:00:57,134 - processing completed: 603_226
2022-03-31 19:00:57,139 - processing started: 605_227 
2022-03-31 19:00:57,326 - processing completed: 605_227
2022-03-31 19:00:57,331 - processing started: 607_227 
2022-03-31 19:00:57,441 - processing completed: 607_227
2022-03-31 19:00:57,446 - processing started: 609_227 
2022-03-31 19:00:57,604 - processing completed: 609_227
2022-03-31 19:00:57,609 - processing started: 611_227 
2022-03-31 19:00:57,768 - processing completed: 611_227
2022-03-31 19:00:57,774 - processing started: 613_227 
2022-03-31 19:00:57,945 - processing completed: 613_227
2022-03-31 19:00:57,949 - processing started: 615_228 
2022-03-31 19:00:58,051 - processing completed: 615_228
2022-03-31 19:00:58,057 - processing started: 617_229 
2022-03-31 19:00:58,233 - processing completed: 617_229
2022-03-31 19:00:58,237 - processing started: 619_230 
2022-03-31 19:00:58,332 - processing completed: 619_230
2022-03-31 19:00:58,336 - processing started: 621_230 
2022-03-31 19:00:58,501 - processing completed: 621_230
2022-03-31 19:00:58,506 - processing started: 623_231 
2022-03-31 19:00:58,600 - processing completed: 623_231
2022-03-31 19:00:58,604 - processing started: 625_232 
2022-03-31 19:00:58,757 - processing completed: 625_232
2022-03-31 19:00:58,762 - processing started: 627_232 
2022-03-31 19:00:58,921 - processing completed: 627_232
2022-03-31 19:00:58,926 - processing started: 629_232 
2022-03-31 19:00:59,026 - processing completed: 629_232
2022-03-31 19:00:59,030 - processing started: 631_233 
2022-03-31 19:00:59,206 - processing completed: 631_233
2022-03-31 19:00:59,210 - processing started: 633_234 
2022-03-31 19:00:59,313 - processing completed: 633_234
2022-03-31 19:00:59,316 - processing started: 635_234 
2022-03-31 19:00:59,486 - processing completed: 635_234
2022-03-31 19:00:59,491 - processing started: 637_234 
2022-03-31 19:00:59,581 - processing completed: 637_234
2022-03-31 19:00:59,585 - processing started: 639_235 
2022-03-31 19:00:59,767 - processing completed: 639_235
2022-03-31 19:00:59,772 - processing started: 641_236 
2022-03-31 19:00:59,889 - processing completed: 641_236
2022-03-31 19:00:59,894 - processing started: 643_237 
2022-03-31 19:01:00,085 - processing completed: 643_237
2022-03-31 19:01:00,089 - processing started: 645_238 
2022-03-31 19:01:00,219 - processing completed: 645_238
2022-03-31 19:01:00,225 - processing started: 647_239 
2022-03-31 19:01:00,404 - processing completed: 647_239
2022-03-31 19:01:00,408 - processing started: 649_240 
2022-03-31 19:01:00,533 - processing completed: 649_240
2022-03-31 19:01:00,539 - processing started: 651_240 
2022-03-31 19:01:00,720 - processing completed: 651_240
2022-03-31 19:01:00,725 - processing started: 653_241 
2022-03-31 19:01:00,841 - processing completed: 653_241
2022-03-31 19:01:00,846 - processing started: 655_242 
2022-03-31 19:01:01,025 - processing completed: 655_242
2022-03-31 19:01:01,030 - processing started: 657_242 
2022-03-31 19:01:01,224 - processing completed: 657_242
2022-03-31 19:01:01,230 - processing started: 659_243 
2022-03-31 19:01:01,352 - processing completed: 659_243
2022-03-31 19:01:01,358 - processing started: 661_244 
2022-03-31 19:01:01,501 - processing completed: 661_244
2022-03-31 19:01:01,506 - processing started: 663_244 
2022-03-31 19:01:01,584 - processing completed: 663_244
2022-03-31 19:01:01,588 - processing started: 665_245 
2022-03-31 19:01:01,742 - processing completed: 665_245
2022-03-31 19:01:01,746 - processing started: 667_246 
2022-03-31 19:01:01,818 - processing completed: 667_246
2022-03-31 19:01:01,821 - processing started: 669_247 
2022-03-31 19:01:01,969 - processing completed: 669_247
2022-03-31 19:01:01,973 - processing started: 671_248 
2022-03-31 19:01:02,048 - processing completed: 671_248
2022-03-31 19:01:02,051 - processing started: 673_249 
2022-03-31 19:01:02,200 - processing completed: 673_249
2022-03-31 19:01:02,204 - processing started: 675_250 
2022-03-31 19:01:02,281 - processing completed: 675_250
2022-03-31 19:01:02,285 - processing started: 677_251 
2022-03-31 19:01:02,436 - processing completed: 677_251
2022-03-31 19:01:02,440 - processing started: 679_251 
2022-03-31 19:01:02,519 - processing completed: 679_251
2022-03-31 19:01:02,524 - processing started: 681_252 
2022-03-31 19:01:02,667 - processing completed: 681_252
2022-03-31 19:01:02,672 - processing started: 683_252 
2022-03-31 19:01:02,747 - processing completed: 683_252
2022-03-31 19:01:02,751 - processing started: 685_253 
2022-03-31 19:01:02,904 - processing completed: 685_253
2022-03-31 19:01:02,908 - processing started: 687_254 
2022-03-31 19:01:03,076 - processing completed: 687_254
2022-03-31 19:01:03,080 - processing started: 689_255 
2022-03-31 19:01:03,185 - processing completed: 689_255
2022-03-31 19:01:03,191 - processing started: 691_256 
2022-03-31 19:01:03,368 - processing completed: 691_256
2022-03-31 19:01:03,372 - processing started: 693_257 
2022-03-31 19:01:03,476 - processing completed: 693_257
2022-03-31 19:01:03,480 - processing started: 695_257 
2022-03-31 19:01:03,654 - processing completed: 695_257
2022-03-31 19:01:03,658 - processing started: 697_258 
2022-03-31 19:01:03,759 - processing completed: 697_258
2022-03-31 19:01:03,764 - processing started: 699_259 
2022-03-31 19:01:03,916 - processing completed: 699_259
2022-03-31 19:01:03,920 - processing started: 701_260 
2022-03-31 19:01:04,024 - processing completed: 701_260
2022-03-31 19:01:04,028 - processing started: 703_260 
2022-03-31 19:01:04,202 - processing completed: 703_260
2022-03-31 19:01:04,207 - processing started: 705_261 
2022-03-31 19:01:04,328 - processing completed: 705_261
2022-03-31 19:01:04,333 - processing started: 707_262 
2022-03-31 19:01:04,511 - processing completed: 707_262
2022-03-31 19:01:04,515 - processing started: 709_262 
2022-03-31 19:01:04,636 - processing completed: 709_262
2022-03-31 19:01:04,641 - processing started: 711_263 
2022-03-31 19:01:04,803 - processing completed: 711_263
2022-03-31 19:01:04,808 - processing started: 713_264 
2022-03-31 19:01:04,971 - processing completed: 713_264
2022-03-31 19:01:04,975 - processing started: 715_265 
2022-03-31 19:01:05,074 - processing completed: 715_265
2022-03-31 19:01:05,078 - processing started: 717_265 
2022-03-31 19:01:05,252 - processing completed: 717_265
2022-03-31 19:01:05,256 - processing started: 719_266 
2022-03-31 19:01:05,353 - processing completed: 719_266
2022-03-31 19:01:05,357 - processing started: 721_267 
2022-03-31 19:01:05,534 - processing completed: 721_267
2022-03-31 19:01:05,538 - processing started: 723_267 
2022-03-31 19:01:05,634 - processing completed: 723_267
2022-03-31 19:01:05,638 - processing started: 725_267 
2022-03-31 19:01:05,833 - processing completed: 725_267
2022-03-31 19:01:05,837 - processing started: 727_268 
2022-03-31 19:01:05,959 - processing completed: 727_268
2022-03-31 19:01:05,964 - processing started: 729_268 
2022-03-31 19:01:06,132 - processing completed: 729_268
2022-03-31 19:01:06,138 - processing started: 731_268 
2022-03-31 19:01:06,241 - processing completed: 731_268
2022-03-31 19:01:06,246 - processing started: 733_268 
2022-03-31 19:01:06,432 - processing completed: 733_268
2022-03-31 19:01:06,437 - processing started: 735_269 
2022-03-31 19:01:06,545 - processing completed: 735_269
2022-03-31 19:01:06,550 - processing started: 737_269 
2022-03-31 19:01:06,715 - processing completed: 737_269
2022-03-31 19:01:06,721 - processing started: 739_270 
2022-03-31 19:01:06,830 - processing completed: 739_270
2022-03-31 19:01:06,834 - processing started: 741_271 
2022-03-31 19:01:07,005 - processing completed: 741_271
2022-03-31 19:01:07,009 - processing started: 743_272 
2022-03-31 19:01:07,168 - processing completed: 743_272
2022-03-31 19:01:07,173 - processing started: 745_273 
2022-03-31 19:01:07,287 - processing completed: 745_273
2022-03-31 19:01:07,293 - processing started: 747_274 
2022-03-31 19:01:07,447 - processing completed: 747_274
2022-03-31 19:01:07,451 - processing started: 749_274 
2022-03-31 19:01:07,539 - processing completed: 749_274
2022-03-31 19:01:07,543 - processing started: 751_275 
2022-03-31 19:01:07,706 - processing completed: 751_275
2022-03-31 19:01:07,710 - processing started: 753_275 
2022-03-31 19:01:07,802 - processing completed: 753_275
2022-03-31 19:01:07,807 - processing started: 755_276 
2022-03-31 19:01:07,983 - processing completed: 755_276
2022-03-31 19:01:07,988 - processing started: 757_276 
2022-03-31 19:01:08,080 - processing completed: 757_276
2022-03-31 19:01:08,085 - processing started: 759_277 
2022-03-31 19:01:08,271 - processing completed: 759_277
2022-03-31 19:01:08,276 - processing started: 761_278 
2022-03-31 19:01:08,377 - processing completed: 761_278
2022-03-31 19:01:08,381 - processing started: 763_279 
2022-03-31 19:01:08,542 - processing completed: 763_279
2022-03-31 19:01:08,546 - processing started: 765_280 
2022-03-31 19:01:08,620 - processing completed: 765_280
2022-03-31 19:01:08,623 - processing started: 767_280 
2022-03-31 19:01:08,773 - processing completed: 767_280
2022-03-31 19:01:08,778 - processing started: 769_281 
2022-03-31 19:01:08,858 - processing completed: 769_281
2022-03-31 19:01:08,862 - processing started: 771_282 
2022-03-31 19:01:09,013 - processing completed: 771_282
2022-03-31 19:01:09,017 - processing started: 773_283 
2022-03-31 19:01:09,175 - processing completed: 773_283
2022-03-31 19:01:09,180 - processing started: 775_284 
2022-03-31 19:01:09,255 - processing completed: 775_284
2022-03-31 19:01:09,260 - processing started: 777_285 
2022-03-31 19:01:09,423 - processing completed: 777_285
2022-03-31 19:01:09,427 - processing started: 779_286 
2022-03-31 19:01:09,587 - processing completed: 779_286
2022-03-31 19:01:09,593 - processing started: 781_287 
2022-03-31 19:01:09,733 - processing completed: 781_287
2022-03-31 19:01:09,737 - processing started: 783_288 
2022-03-31 19:01:09,815 - processing completed: 783_288
2022-03-31 19:01:09,821 - processing started: 785_289 
2022-03-31 19:01:09,960 - processing completed: 785_289
2022-03-31 19:01:09,964 - processing started: 787_290 
2022-03-31 19:01:10,047 - processing completed: 787_290
2022-03-31 19:01:10,050 - processing started: 789_290 
2022-03-31 19:01:10,193 - processing completed: 789_290
2022-03-31 19:01:10,196 - processing started: 791_291 
2022-03-31 19:01:10,274 - processing completed: 791_291
2022-03-31 19:01:10,278 - processing started: 793_292 
2022-03-31 19:01:10,423 - processing completed: 793_292
2022-03-31 19:01:10,427 - processing started: 795_292 
2022-03-31 19:01:10,500 - processing completed: 795_292
2022-03-31 19:01:10,505 - processing started: 797_293 
2022-03-31 19:01:10,615 - processing completed: 797_293
2022-03-31 19:01:10,620 - processing started: 799_294 
2022-03-31 19:01:10,665 - processing completed: 799_294
2022-03-31 19:01:10,668 - processing started: 801_295 
2022-03-31 19:01:10,802 - processing completed: 801_295
2022-03-31 19:01:10,806 - processing started: 803_296 
2022-03-31 19:01:10,948 - processing completed: 803_296
2022-03-31 19:01:10,952 - processing started: 805_297 
2022-03-31 19:01:11,110 - processing completed: 805_297
2022-03-31 19:01:11,115 - processing started: 807_298 
2022-03-31 19:01:11,270 - processing completed: 807_298
2022-03-31 19:01:11,274 - processing started: 809_298 
2022-03-31 19:01:11,348 - processing completed: 809_298
2022-03-31 19:01:11,352 - processing started: 811_299 
2022-03-31 19:01:11,491 - processing completed: 811_299
2022-03-31 19:01:11,494 - processing started: 0_0 
2022-03-31 19:01:11,495 - Closing connection (200): Normal shutdown
2022-03-31 19:01:11,495 - Closing channel (200): 'Normal shutdown' on <Channel number=1 OPEN conn=<SelectConnection OPEN transport=<pika.adapters.utils.io_services_utils._AsyncPlaintextTransport object at 0x11608b280> params=<ConnectionParameters host=localhost port=5672 virtual_host=/ ssl=False>>>
2022-03-31 19:01:11,496 - Received <Channel.CloseOk> on <Channel number=1 CLOSING conn=<SelectConnection OPEN transport=<pika.adapters.utils.io_services_utils._AsyncPlaintextTransport object at 0x11608b280> params=<ConnectionParameters host=localhost port=5672 virtual_host=/ ssl=False>>>
2022-03-31 19:01:11,496 - Closing connection (200): 'Normal shutdown'
2022-03-31 19:01:11,497 - Aborting transport connection: state=1; <socket.socket fd=22, family=AddressFamily.AF_INET, type=SocketKind.SOCK_STREAM, proto=6, laddr=('127.0.0.1', 56989), raddr=('127.0.0.1', 5672)>
2022-03-31 19:01:11,497 - _AsyncTransportBase._initate_abort(): Initiating abrupt asynchronous transport shutdown: state=1; error=None; <socket.socket fd=22, family=AddressFamily.AF_INET, type=SocketKind.SOCK_STREAM, proto=6, laddr=('127.0.0.1', 56989), raddr=('127.0.0.1', 5672)>
2022-03-31 19:01:11,497 - Deactivating transport: state=1; <socket.socket fd=22, family=AddressFamily.AF_INET, type=SocketKind.SOCK_STREAM, proto=6, laddr=('127.0.0.1', 56989), raddr=('127.0.0.1', 5672)>
2022-03-31 19:01:11,497 - AMQP stack terminated, failed to connect, or aborted: opened=True, error-arg=None; pending-error=ConnectionClosedByClient: (200) 'Normal shutdown'
2022-03-31 19:01:11,498 - Stack terminated due to ConnectionClosedByClient: (200) 'Normal shutdown'
2022-03-31 19:01:11,498 - Closing transport socket and unlinking: state=3; <socket.socket fd=22, family=AddressFamily.AF_INET, type=SocketKind.SOCK_STREAM, proto=6, laddr=('127.0.0.1', 56989), raddr=('127.0.0.1', 5672)>
2022-03-31 19:01:11,498 - User-initiated close: result=BlockingConnection__OnClosedArgs(connection=<SelectConnection CLOSED transport=None params=<ConnectionParameters host=localhost port=5672 virtual_host=/ ssl=False>>, error=ConnectionClosedByClient: (200) 'Normal shutdown')
2022-03-31 19:01:11,498 - PID 62712 completed loading and processing
