2022-03-31 19:00:05,697 - PID 62711 started loading and processing
2022-03-31 19:00:05,704 - Pika version 1.2.0 connecting to ('::1', 5672, 0, 0)
2022-03-31 19:00:05,705 - Socket failed to connect: <socket.socket fd=22, family=AddressFamily.AF_INET6, type=SocketKind.SOCK_STREAM, proto=6, laddr=('::1', 56986, 0, 0)>; error=61 (Connection refused)
2022-03-31 19:00:05,705 - TCP Connection attempt failed: ConnectionRefusedError(61, 'Connection refused'); dest=(<AddressFamily.AF_INET6: 30>, <SocketKind.SOCK_STREAM: 1>, 6, '', ('::1', 5672, 0, 0))
2022-03-31 19:00:05,705 - AMQPConnector - reporting failure: AMQPConnectorSocketConnectError: ConnectionRefusedError(61, 'Connection refused')
2022-03-31 19:00:05,706 - Pika version 1.2.0 connecting to ('127.0.0.1', 5672)
2022-03-31 19:00:05,706 - Socket connected: <socket.socket fd=22, family=AddressFamily.AF_INET, type=SocketKind.SOCK_STREAM, proto=6, laddr=('127.0.0.1', 56988), raddr=('127.0.0.1', 5672)>
2022-03-31 19:00:05,706 - Streaming transport linked up: (<pika.adapters.utils.io_services_utils._AsyncPlaintextTransport object at 0x118102280>, _StreamingProtocolShim: <SelectConnection PROTOCOL transport=<pika.adapters.utils.io_services_utils._AsyncPlaintextTransport object at 0x118102280> params=<ConnectionParameters host=localhost port=5672 virtual_host=/ ssl=False>>).
2022-03-31 19:00:05,720 - AMQPConnector - reporting success: <SelectConnection OPEN transport=<pika.adapters.utils.io_services_utils._AsyncPlaintextTransport object at 0x118102280> params=<ConnectionParameters host=localhost port=5672 virtual_host=/ ssl=False>>
2022-03-31 19:00:05,720 - AMQPConnectionWorkflow - reporting success: <SelectConnection OPEN transport=<pika.adapters.utils.io_services_utils._AsyncPlaintextTransport object at 0x118102280> params=<ConnectionParameters host=localhost port=5672 virtual_host=/ ssl=False>>
2022-03-31 19:00:05,720 - Connection workflow succeeded: <SelectConnection OPEN transport=<pika.adapters.utils.io_services_utils._AsyncPlaintextTransport object at 0x118102280> params=<ConnectionParameters host=localhost port=5672 virtual_host=/ ssl=False>>
2022-03-31 19:00:05,721 - Created channel=1
2022-03-31 19:00:05,723 - Logging before start consuming
2022-03-31 19:00:08,687 - processing started: 0_000 
2022-03-31 19:00:08,897 - processing completed: 0_000
2022-03-31 19:00:08,926 - processing started: 2_000 
2022-03-31 19:00:09,164 - processing completed: 2_000
2022-03-31 19:00:09,170 - processing started: 4_001 
2022-03-31 19:00:09,423 - processing completed: 4_001
2022-03-31 19:00:09,429 - processing started: 6_002 
2022-03-31 19:00:09,609 - processing completed: 6_002
2022-03-31 19:00:09,615 - processing started: 8_003 
2022-03-31 19:00:09,841 - processing completed: 8_003
2022-03-31 19:00:09,848 - processing started: 10_004 
2022-03-31 19:00:10,016 - processing completed: 10_004
2022-03-31 19:00:10,022 - processing started: 12_005 
2022-03-31 19:00:10,257 - processing completed: 12_005
2022-03-31 19:00:10,262 - processing started: 14_005 
2022-03-31 19:00:10,453 - processing completed: 14_005
2022-03-31 19:00:10,459 - processing started: 16_006 
2022-03-31 19:00:10,713 - processing completed: 16_006
2022-03-31 19:00:10,719 - processing started: 18_007 
2022-03-31 19:00:10,887 - processing completed: 18_007
2022-03-31 19:00:10,893 - processing started: 20_008 
2022-03-31 19:00:11,103 - processing completed: 20_008
2022-03-31 19:00:11,108 - processing started: 22_009 
2022-03-31 19:00:11,283 - processing completed: 22_009
2022-03-31 19:00:11,290 - processing started: 24_009 
2022-03-31 19:00:11,540 - processing completed: 24_009
2022-03-31 19:00:11,546 - processing started: 26_010 
2022-03-31 19:00:11,744 - processing completed: 26_010
2022-03-31 19:00:11,749 - processing started: 28_011 
2022-03-31 19:00:12,005 - processing completed: 28_011
2022-03-31 19:00:12,012 - processing started: 30_012 
2022-03-31 19:00:12,084 - processing completed: 30_012
2022-03-31 19:00:12,087 - processing started: 32_013 
2022-03-31 19:00:12,275 - processing completed: 32_013
2022-03-31 19:00:12,280 - processing started: 34_014 
2022-03-31 19:00:12,445 - processing completed: 34_014
2022-03-31 19:00:12,449 - processing started: 36_014 
2022-03-31 19:00:12,538 - processing completed: 36_014
2022-03-31 19:00:12,543 - processing started: 38_015 
2022-03-31 19:00:12,710 - processing completed: 38_015
2022-03-31 19:00:12,714 - processing started: 40_015 
2022-03-31 19:00:12,815 - processing completed: 40_015
2022-03-31 19:00:12,819 - processing started: 42_015 
2022-03-31 19:00:12,994 - processing completed: 42_015
2022-03-31 19:00:12,998 - processing started: 44_016 
2022-03-31 19:00:13,101 - processing completed: 44_016
2022-03-31 19:00:13,106 - processing started: 46_017 
2022-03-31 19:00:13,287 - processing completed: 46_017
2022-03-31 19:00:13,292 - processing started: 48_018 
2022-03-31 19:00:13,400 - processing completed: 48_018
2022-03-31 19:00:13,404 - processing started: 50_019 
2022-03-31 19:00:13,585 - processing completed: 50_019
2022-03-31 19:00:13,589 - processing started: 52_020 
2022-03-31 19:00:13,698 - processing completed: 52_020
2022-03-31 19:00:13,702 - processing started: 54_021 
2022-03-31 19:00:13,869 - processing completed: 54_021
2022-03-31 19:00:13,874 - processing started: 56_022 
2022-03-31 19:00:14,011 - processing completed: 56_022
2022-03-31 19:00:14,015 - processing started: 58_022 
2022-03-31 19:00:14,209 - processing completed: 58_022
2022-03-31 19:00:14,216 - processing started: 60_023 
2022-03-31 19:00:14,318 - processing completed: 60_023
2022-03-31 19:00:14,322 - processing started: 62_023 
2022-03-31 19:00:14,481 - processing completed: 62_023
2022-03-31 19:00:14,485 - processing started: 64_024 
2022-03-31 19:00:14,648 - processing completed: 64_024
2022-03-31 19:00:14,651 - processing started: 66_025 
2022-03-31 19:00:14,755 - processing completed: 66_025
2022-03-31 19:00:14,760 - processing started: 68_026 
2022-03-31 19:00:14,949 - processing completed: 68_026
2022-03-31 19:00:14,953 - processing started: 70_027 
2022-03-31 19:00:15,053 - processing completed: 70_027
2022-03-31 19:00:15,056 - processing started: 72_028 
2022-03-31 19:00:15,218 - processing completed: 72_028
2022-03-31 19:00:15,224 - processing started: 74_028 
2022-03-31 19:00:15,316 - processing completed: 74_028
2022-03-31 19:00:15,321 - processing started: 76_029 
2022-03-31 19:00:15,491 - processing completed: 76_029
2022-03-31 19:00:15,495 - processing started: 78_030 
2022-03-31 19:00:15,596 - processing completed: 78_030
2022-03-31 19:00:15,601 - processing started: 80_031 
2022-03-31 19:00:15,769 - processing completed: 80_031
2022-03-31 19:00:15,774 - processing started: 82_031 
2022-03-31 19:00:15,894 - processing completed: 82_031
2022-03-31 19:00:15,898 - processing started: 84_032 
2022-03-31 19:00:16,114 - processing completed: 84_032
2022-03-31 19:00:16,121 - processing started: 86_032 
2022-03-31 19:00:16,267 - processing completed: 86_032
2022-03-31 19:00:16,273 - processing started: 88_033 
2022-03-31 19:00:16,434 - processing completed: 88_033
2022-03-31 19:00:16,439 - processing started: 90_033 
2022-03-31 19:00:16,541 - processing completed: 90_033
2022-03-31 19:00:16,547 - processing started: 92_033 
2022-03-31 19:00:16,716 - processing completed: 92_033
2022-03-31 19:00:16,720 - processing started: 94_034 
2022-03-31 19:00:16,891 - processing completed: 94_034
2022-03-31 19:00:16,896 - processing started: 96_035 
2022-03-31 19:00:17,007 - processing completed: 96_035
2022-03-31 19:00:17,012 - processing started: 98_035 
2022-03-31 19:00:17,179 - processing completed: 98_035
2022-03-31 19:00:17,183 - processing started: 100_036 
2022-03-31 19:00:17,287 - processing completed: 100_036
2022-03-31 19:00:17,292 - processing started: 102_037 
2022-03-31 19:00:17,464 - processing completed: 102_037
2022-03-31 19:00:17,469 - processing started: 104_038 
2022-03-31 19:00:17,576 - processing completed: 104_038
2022-03-31 19:00:17,579 - processing started: 106_039 
2022-03-31 19:00:17,753 - processing completed: 106_039
2022-03-31 19:00:17,758 - processing started: 108_039 
2022-03-31 19:00:17,868 - processing completed: 108_039
2022-03-31 19:00:17,872 - processing started: 110_040 
2022-03-31 19:00:18,058 - processing completed: 110_040
2022-03-31 19:00:18,063 - processing started: 112_040 
2022-03-31 19:00:18,171 - processing completed: 112_040
2022-03-31 19:00:18,179 - processing started: 114_040 
2022-03-31 19:00:18,362 - processing completed: 114_040
2022-03-31 19:00:18,365 - processing started: 116_041 
2022-03-31 19:00:18,472 - processing completed: 116_041
2022-03-31 19:00:18,476 - processing started: 118_042 
2022-03-31 19:00:18,641 - processing completed: 118_042
2022-03-31 19:00:18,645 - processing started: 120_042 
2022-03-31 19:00:18,763 - processing completed: 120_042
2022-03-31 19:00:18,771 - processing started: 122_043 
2022-03-31 19:00:18,930 - processing completed: 122_043
2022-03-31 19:00:18,935 - processing started: 124_044 
2022-03-31 19:00:19,123 - processing completed: 124_044
2022-03-31 19:00:19,127 - processing started: 126_044 
2022-03-31 19:00:19,226 - processing completed: 126_044
2022-03-31 19:00:19,230 - processing started: 128_045 
2022-03-31 19:00:19,399 - processing completed: 128_045
2022-03-31 19:00:19,405 - processing started: 130_046 
2022-03-31 19:00:19,506 - processing completed: 130_046
2022-03-31 19:00:19,510 - processing started: 132_047 
2022-03-31 19:00:19,682 - processing completed: 132_047
2022-03-31 19:00:19,686 - processing started: 134_048 
2022-03-31 19:00:19,789 - processing completed: 134_048
2022-03-31 19:00:19,792 - processing started: 136_048 
2022-03-31 19:00:19,957 - processing completed: 136_048
2022-03-31 19:00:19,961 - processing started: 138_049 
2022-03-31 19:00:20,072 - processing completed: 138_049
2022-03-31 19:00:20,076 - processing started: 140_050 
2022-03-31 19:00:20,256 - processing completed: 140_050
2022-03-31 19:00:20,260 - processing started: 142_050 
2022-03-31 19:00:20,358 - processing completed: 142_050
2022-03-31 19:00:20,362 - processing started: 144_051 
2022-03-31 19:00:20,529 - processing completed: 144_051
2022-03-31 19:00:20,533 - processing started: 146_051 
2022-03-31 19:00:20,647 - processing completed: 146_051
2022-03-31 19:00:20,650 - processing started: 148_052 
2022-03-31 19:00:20,818 - processing completed: 148_052
2022-03-31 19:00:20,823 - processing started: 150_053 
2022-03-31 19:00:20,926 - processing completed: 150_053
2022-03-31 19:00:20,931 - processing started: 152_054 
2022-03-31 19:00:21,100 - processing completed: 152_054
2022-03-31 19:00:21,105 - processing started: 154_055 
2022-03-31 19:00:21,302 - processing completed: 154_055
2022-03-31 19:00:21,307 - processing started: 156_056 
2022-03-31 19:00:21,428 - processing completed: 156_056
2022-03-31 19:00:21,431 - processing started: 158_057 
2022-03-31 19:00:21,599 - processing completed: 158_057
2022-03-31 19:00:21,604 - processing started: 160_058 
2022-03-31 19:00:21,770 - processing completed: 160_058
2022-03-31 19:00:21,776 - processing started: 162_058 
2022-03-31 19:00:22,005 - processing completed: 162_058
2022-03-31 19:00:22,012 - processing started: 164_059 
2022-03-31 19:00:22,115 - processing completed: 164_059
2022-03-31 19:00:22,119 - processing started: 166_060 
2022-03-31 19:00:22,279 - processing completed: 166_060
2022-03-31 19:00:22,284 - processing started: 168_061 
2022-03-31 19:00:22,380 - processing completed: 168_061
2022-03-31 19:00:22,383 - processing started: 170_062 
2022-03-31 19:00:22,559 - processing completed: 170_062
2022-03-31 19:00:22,563 - processing started: 172_062 
2022-03-31 19:00:22,666 - processing completed: 172_062
2022-03-31 19:00:22,670 - processing started: 174_063 
2022-03-31 19:00:22,926 - processing completed: 174_063
2022-03-31 19:00:22,933 - processing started: 176_064 
2022-03-31 19:00:23,130 - processing completed: 176_064
2022-03-31 19:00:23,137 - processing started: 178_064 
2022-03-31 19:00:23,403 - processing completed: 178_064
2022-03-31 19:00:23,410 - processing started: 180_065 
2022-03-31 19:00:23,682 - processing completed: 180_065
2022-03-31 19:00:23,689 - processing started: 182_066 
2022-03-31 19:00:23,899 - processing completed: 182_066
2022-03-31 19:00:23,905 - processing started: 184_066 
2022-03-31 19:00:24,166 - processing completed: 184_066
2022-03-31 19:00:24,173 - processing started: 186_066 
2022-03-31 19:00:24,362 - processing completed: 186_066
2022-03-31 19:00:24,368 - processing started: 188_067 
2022-03-31 19:00:24,483 - processing completed: 188_067
2022-03-31 19:00:24,486 - processing started: 190_067 
2022-03-31 19:00:24,628 - processing completed: 190_067
2022-03-31 19:00:24,633 - processing started: 192_067 
2022-03-31 19:00:24,892 - processing completed: 192_067
2022-03-31 19:00:24,899 - processing started: 194_068 
2022-03-31 19:00:25,029 - processing completed: 194_068
2022-03-31 19:00:25,034 - processing started: 196_069 
2022-03-31 19:00:25,229 - processing completed: 196_069
2022-03-31 19:00:25,234 - processing started: 198_069 
2022-03-31 19:00:25,368 - processing completed: 198_069
2022-03-31 19:00:25,374 - processing started: 200_070 
2022-03-31 19:00:25,492 - processing completed: 200_070
2022-03-31 19:00:25,495 - processing started: 202_071 
2022-03-31 19:00:25,696 - processing completed: 202_071
2022-03-31 19:00:25,703 - processing started: 204_072 
2022-03-31 19:00:25,973 - processing completed: 204_072
2022-03-31 19:00:25,979 - processing started: 206_072 
2022-03-31 19:00:26,173 - processing completed: 206_072
2022-03-31 19:00:26,180 - processing started: 208_073 
2022-03-31 19:00:26,423 - processing completed: 208_073
2022-03-31 19:00:26,431 - processing started: 210_074 
2022-03-31 19:00:26,717 - processing completed: 210_074
2022-03-31 19:00:26,726 - processing started: 212_075 
2022-03-31 19:00:26,924 - processing completed: 212_075
2022-03-31 19:00:26,930 - processing started: 214_076 
2022-03-31 19:00:27,200 - processing completed: 214_076
2022-03-31 19:00:27,207 - processing started: 216_077 
2022-03-31 19:00:27,392 - processing completed: 216_077
2022-03-31 19:00:27,398 - processing started: 218_078 
2022-03-31 19:00:27,673 - processing completed: 218_078
2022-03-31 19:00:27,680 - processing started: 220_079 
2022-03-31 19:00:27,921 - processing completed: 220_079
2022-03-31 19:00:27,928 - processing started: 222_079 
2022-03-31 19:00:28,205 - processing completed: 222_079
2022-03-31 19:00:28,212 - processing started: 224_080 
2022-03-31 19:00:28,302 - processing completed: 224_080
2022-03-31 19:00:28,306 - processing started: 226_081 
2022-03-31 19:00:28,518 - processing completed: 226_081
2022-03-31 19:00:28,523 - processing started: 228_081 
2022-03-31 19:00:28,646 - processing completed: 228_081
2022-03-31 19:00:28,652 - processing started: 230_081 
2022-03-31 19:00:28,839 - processing completed: 230_081
2022-03-31 19:00:28,845 - processing started: 232_082 
2022-03-31 19:00:28,971 - processing completed: 232_082
2022-03-31 19:00:28,976 - processing started: 234_082 
2022-03-31 19:00:29,157 - processing completed: 234_082
2022-03-31 19:00:29,161 - processing started: 236_083 
2022-03-31 19:00:29,285 - processing completed: 236_083
2022-03-31 19:00:29,291 - processing started: 238_084 
2022-03-31 19:00:29,471 - processing completed: 238_084
2022-03-31 19:00:29,477 - processing started: 240_085 
2022-03-31 19:00:29,661 - processing completed: 240_085
2022-03-31 19:00:29,667 - processing started: 242_086 
2022-03-31 19:00:29,803 - processing completed: 242_086
2022-03-31 19:00:29,808 - processing started: 244_087 
2022-03-31 19:00:29,999 - processing completed: 244_087
2022-03-31 19:00:30,004 - processing started: 246_088 
2022-03-31 19:00:30,121 - processing completed: 246_088
2022-03-31 19:00:30,126 - processing started: 248_088 
2022-03-31 19:00:30,316 - processing completed: 248_088
2022-03-31 19:00:30,320 - processing started: 250_089 
2022-03-31 19:00:30,394 - processing completed: 250_089
2022-03-31 19:00:30,398 - processing started: 252_090 
2022-03-31 19:00:30,544 - processing completed: 252_090
2022-03-31 19:00:30,548 - processing started: 254_091 
2022-03-31 19:00:30,619 - processing completed: 254_091
2022-03-31 19:00:30,623 - processing started: 256_092 
2022-03-31 19:00:30,759 - processing completed: 256_092
2022-03-31 19:00:30,763 - processing started: 258_093 
2022-03-31 19:00:30,855 - processing completed: 258_093
2022-03-31 19:00:30,860 - processing started: 260_094 
2022-03-31 19:00:31,024 - processing completed: 260_094
2022-03-31 19:00:31,029 - processing started: 262_094 
2022-03-31 19:00:31,122 - processing completed: 262_094
2022-03-31 19:00:31,126 - processing started: 264_095 
2022-03-31 19:00:31,276 - processing completed: 264_095
2022-03-31 19:00:31,281 - processing started: 266_096 
2022-03-31 19:00:31,369 - processing completed: 266_096
2022-03-31 19:00:31,374 - processing started: 268_097 
2022-03-31 19:00:31,530 - processing completed: 268_097
2022-03-31 19:00:31,533 - processing started: 270_098 
2022-03-31 19:00:31,694 - processing completed: 270_098
2022-03-31 19:00:31,698 - processing started: 272_099 
2022-03-31 19:00:31,772 - processing completed: 272_099
2022-03-31 19:00:31,775 - processing started: 274_100 
2022-03-31 19:00:31,962 - processing completed: 274_100
2022-03-31 19:00:31,967 - processing started: 276_101 
2022-03-31 19:00:32,068 - processing completed: 276_101
2022-03-31 19:00:32,072 - processing started: 278_102 
2022-03-31 19:00:32,242 - processing completed: 278_102
2022-03-31 19:00:32,245 - processing started: 280_103 
2022-03-31 19:00:32,321 - processing completed: 280_103
2022-03-31 19:00:32,325 - processing started: 282_103 
2022-03-31 19:00:32,466 - processing completed: 282_103
2022-03-31 19:00:32,470 - processing started: 284_104 
2022-03-31 19:00:32,552 - processing completed: 284_104
2022-03-31 19:00:32,556 - processing started: 286_105 
2022-03-31 19:00:32,720 - processing completed: 286_105
2022-03-31 19:00:32,724 - processing started: 288_106 
2022-03-31 19:00:32,824 - processing completed: 288_106
2022-03-31 19:00:32,829 - processing started: 290_107 
2022-03-31 19:00:32,992 - processing completed: 290_107
2022-03-31 19:00:32,997 - processing started: 292_108 
2022-03-31 19:00:33,073 - processing completed: 292_108
2022-03-31 19:00:33,076 - processing started: 294_108 
2022-03-31 19:00:33,232 - processing completed: 294_108
2022-03-31 19:00:33,236 - processing started: 296_109 
2022-03-31 19:00:33,319 - processing completed: 296_109
2022-03-31 19:00:33,322 - processing started: 298_110 
2022-03-31 19:00:33,468 - processing completed: 298_110
2022-03-31 19:00:33,473 - processing started: 300_111 
2022-03-31 19:00:33,614 - processing completed: 300_111
2022-03-31 19:00:33,618 - processing started: 302_112 
2022-03-31 19:00:33,695 - processing completed: 302_112
2022-03-31 19:00:33,699 - processing started: 304_113 
2022-03-31 19:00:33,839 - processing completed: 304_113
2022-03-31 19:00:33,843 - processing started: 306_114 
2022-03-31 19:00:33,973 - processing completed: 306_114
2022-03-31 19:00:33,978 - processing started: 308_115 
2022-03-31 19:00:34,164 - processing completed: 308_115
2022-03-31 19:00:34,170 - processing started: 310_116 
2022-03-31 19:00:34,290 - processing completed: 310_116
2022-03-31 19:00:34,296 - processing started: 312_117 
2022-03-31 19:00:34,483 - processing completed: 312_117
2022-03-31 19:00:34,489 - processing started: 314_117 
2022-03-31 19:00:34,600 - processing completed: 314_117
2022-03-31 19:00:34,606 - processing started: 316_118 
2022-03-31 19:00:34,786 - processing completed: 316_118
2022-03-31 19:00:34,792 - processing started: 318_119 
2022-03-31 19:00:34,926 - processing completed: 318_119
2022-03-31 19:00:34,931 - processing started: 320_120 
2022-03-31 19:00:35,093 - processing completed: 320_120
2022-03-31 19:00:35,097 - processing started: 322_120 
2022-03-31 19:00:35,184 - processing completed: 322_120
2022-03-31 19:00:35,188 - processing started: 324_121 
2022-03-31 19:00:35,375 - processing completed: 324_121
2022-03-31 19:00:35,380 - processing started: 326_122 
2022-03-31 19:00:35,504 - processing completed: 326_122
2022-03-31 19:00:35,509 - processing started: 328_123 
2022-03-31 19:00:35,690 - processing completed: 328_123
2022-03-31 19:00:35,696 - processing started: 330_123 
2022-03-31 19:00:35,876 - processing completed: 330_123
2022-03-31 19:00:35,881 - processing started: 332_124 
2022-03-31 19:00:35,996 - processing completed: 332_124
2022-03-31 19:00:36,002 - processing started: 334_124 
2022-03-31 19:00:36,179 - processing completed: 334_124
2022-03-31 19:00:36,184 - processing started: 336_124 
2022-03-31 19:00:36,299 - processing completed: 336_124
2022-03-31 19:00:36,305 - processing started: 338_124 
2022-03-31 19:00:36,492 - processing completed: 338_124
2022-03-31 19:00:36,496 - processing started: 340_125 
2022-03-31 19:00:36,608 - processing completed: 340_125
2022-03-31 19:00:36,614 - processing started: 342_126 
2022-03-31 19:00:36,788 - processing completed: 342_126
2022-03-31 19:00:36,793 - processing started: 344_126 
2022-03-31 19:00:36,904 - processing completed: 344_126
2022-03-31 19:00:36,909 - processing started: 346_127 
2022-03-31 19:00:37,088 - processing completed: 346_127
2022-03-31 19:00:37,093 - processing started: 348_128 
2022-03-31 19:00:37,203 - processing completed: 348_128
2022-03-31 19:00:37,207 - processing started: 350_129 
2022-03-31 19:00:37,379 - processing completed: 350_129
2022-03-31 19:00:37,384 - processing started: 352_130 
2022-03-31 19:00:37,501 - processing completed: 352_130
2022-03-31 19:00:37,506 - processing started: 354_131 
2022-03-31 19:00:37,685 - processing completed: 354_131
2022-03-31 19:00:37,690 - processing started: 356_132 
2022-03-31 19:00:37,805 - processing completed: 356_132
2022-03-31 19:00:37,810 - processing started: 358_133 
2022-03-31 19:00:37,981 - processing completed: 358_133
2022-03-31 19:00:37,987 - processing started: 360_134 
2022-03-31 19:00:38,162 - processing completed: 360_134
2022-03-31 19:00:38,167 - processing started: 362_134 
2022-03-31 19:00:38,290 - processing completed: 362_134
2022-03-31 19:00:38,296 - processing started: 364_134 
2022-03-31 19:00:38,477 - processing completed: 364_134
2022-03-31 19:00:38,482 - processing started: 366_135 
2022-03-31 19:00:38,612 - processing completed: 366_135
2022-03-31 19:00:38,619 - processing started: 368_136 
2022-03-31 19:00:38,795 - processing completed: 368_136
2022-03-31 19:00:38,800 - processing started: 370_137 
2022-03-31 19:00:38,913 - processing completed: 370_137
2022-03-31 19:00:38,918 - processing started: 372_138 
2022-03-31 19:00:39,102 - processing completed: 372_138
2022-03-31 19:00:39,107 - processing started: 374_139 
2022-03-31 19:00:39,225 - processing completed: 374_139
2022-03-31 19:00:39,230 - processing started: 376_140 
2022-03-31 19:00:39,413 - processing completed: 376_140
2022-03-31 19:00:39,420 - processing started: 378_140 
2022-03-31 19:00:39,538 - processing completed: 378_140
2022-03-31 19:00:39,542 - processing started: 380_141 
2022-03-31 19:00:39,733 - processing completed: 380_141
2022-03-31 19:00:39,738 - processing started: 382_142 
2022-03-31 19:00:39,855 - processing completed: 382_142
2022-03-31 19:00:39,861 - processing started: 384_143 
2022-03-31 19:00:40,045 - processing completed: 384_143
2022-03-31 19:00:40,050 - processing started: 386_144 
2022-03-31 19:00:40,164 - processing completed: 386_144
2022-03-31 19:00:40,168 - processing started: 388_145 
2022-03-31 19:00:40,346 - processing completed: 388_145
2022-03-31 19:00:40,351 - processing started: 390_145 
2022-03-31 19:00:40,537 - processing completed: 390_145
2022-03-31 19:00:40,541 - processing started: 392_145 
2022-03-31 19:00:40,661 - processing completed: 392_145
2022-03-31 19:00:40,666 - processing started: 394_146 
2022-03-31 19:00:40,858 - processing completed: 394_146
2022-03-31 19:00:40,863 - processing started: 396_147 
2022-03-31 19:00:40,975 - processing completed: 396_147
2022-03-31 19:00:40,980 - processing started: 398_147 
2022-03-31 19:00:41,159 - processing completed: 398_147
2022-03-31 19:00:41,163 - processing started: 400_148 
2022-03-31 19:00:41,277 - processing completed: 400_148
2022-03-31 19:00:41,282 - processing started: 402_149 
2022-03-31 19:00:41,461 - processing completed: 402_149
2022-03-31 19:00:41,466 - processing started: 404_149 
2022-03-31 19:00:41,583 - processing completed: 404_149
2022-03-31 19:00:41,587 - processing started: 406_150 
2022-03-31 19:00:41,777 - processing completed: 406_150
2022-03-31 19:00:41,783 - processing started: 408_151 
2022-03-31 19:00:41,896 - processing completed: 408_151
2022-03-31 19:00:41,901 - processing started: 410_152 
2022-03-31 19:00:42,081 - processing completed: 410_152
2022-03-31 19:00:42,085 - processing started: 412_153 
2022-03-31 19:00:42,198 - processing completed: 412_153
2022-03-31 19:00:42,202 - processing started: 414_154 
2022-03-31 19:00:42,376 - processing completed: 414_154
2022-03-31 19:00:42,380 - processing started: 416_155 
2022-03-31 19:00:42,502 - processing completed: 416_155
2022-03-31 19:00:42,507 - processing started: 418_156 
2022-03-31 19:00:42,689 - processing completed: 418_156
2022-03-31 19:00:42,693 - processing started: 420_157 
2022-03-31 19:00:42,892 - processing completed: 420_157
2022-03-31 19:00:42,897 - processing started: 422_157 
2022-03-31 19:00:43,032 - processing completed: 422_157
2022-03-31 19:00:43,038 - processing started: 424_158 
2022-03-31 19:00:43,229 - processing completed: 424_158
2022-03-31 19:00:43,235 - processing started: 426_159 
2022-03-31 19:00:43,354 - processing completed: 426_159
2022-03-31 19:00:43,360 - processing started: 428_160 
2022-03-31 19:00:43,545 - processing completed: 428_160
2022-03-31 19:00:43,550 - processing started: 430_160 
2022-03-31 19:00:43,668 - processing completed: 430_160
2022-03-31 19:00:43,674 - processing started: 432_161 
2022-03-31 19:00:43,857 - processing completed: 432_161
2022-03-31 19:00:43,863 - processing started: 434_162 
2022-03-31 19:00:43,982 - processing completed: 434_162
2022-03-31 19:00:43,988 - processing started: 436_163 
2022-03-31 19:00:44,187 - processing completed: 436_163
2022-03-31 19:00:44,192 - processing started: 438_164 
2022-03-31 19:00:44,303 - processing completed: 438_164
2022-03-31 19:00:44,308 - processing started: 440_165 
2022-03-31 19:00:44,488 - processing completed: 440_165
2022-03-31 19:00:44,494 - processing started: 442_166 
2022-03-31 19:00:44,608 - processing completed: 442_166
2022-03-31 19:00:44,613 - processing started: 444_167 
2022-03-31 19:00:44,791 - processing completed: 444_167
2022-03-31 19:00:44,796 - processing started: 446_167 
2022-03-31 19:00:44,978 - processing completed: 446_167
2022-03-31 19:00:44,983 - processing started: 448_168 
2022-03-31 19:00:45,105 - processing completed: 448_168
2022-03-31 19:00:45,111 - processing started: 450_168 
2022-03-31 19:00:45,303 - processing completed: 450_168
2022-03-31 19:00:45,309 - processing started: 452_169 
2022-03-31 19:00:45,422 - processing completed: 452_169
2022-03-31 19:00:45,427 - processing started: 454_170 
2022-03-31 19:00:45,607 - processing completed: 454_170
2022-03-31 19:00:45,613 - processing started: 456_171 
2022-03-31 19:00:45,731 - processing completed: 456_171
2022-03-31 19:00:45,736 - processing started: 458_171 
2022-03-31 19:00:45,920 - processing completed: 458_171
2022-03-31 19:00:45,926 - processing started: 460_172 
2022-03-31 19:00:46,037 - processing completed: 460_172
2022-03-31 19:00:46,042 - processing started: 462_173 
2022-03-31 19:00:46,236 - processing completed: 462_173
2022-03-31 19:00:46,241 - processing started: 464_174 
2022-03-31 19:00:46,359 - processing completed: 464_174
2022-03-31 19:00:46,364 - processing started: 466_174 
2022-03-31 19:00:46,542 - processing completed: 466_174
2022-03-31 19:00:46,546 - processing started: 468_175 
2022-03-31 19:00:46,659 - processing completed: 468_175
2022-03-31 19:00:46,664 - processing started: 470_176 
2022-03-31 19:00:46,841 - processing completed: 470_176
2022-03-31 19:00:46,847 - processing started: 472_177 
2022-03-31 19:00:46,965 - processing completed: 472_177
2022-03-31 19:00:46,970 - processing started: 474_178 
2022-03-31 19:00:47,152 - processing completed: 474_178
2022-03-31 19:00:47,156 - processing started: 476_178 
2022-03-31 19:00:47,348 - processing completed: 476_178
2022-03-31 19:00:47,353 - processing started: 478_179 
2022-03-31 19:00:47,470 - processing completed: 478_179
2022-03-31 19:00:47,475 - processing started: 480_180 
2022-03-31 19:00:47,658 - processing completed: 480_180
2022-03-31 19:00:47,663 - processing started: 482_180 
2022-03-31 19:00:47,777 - processing completed: 482_180
2022-03-31 19:00:47,782 - processing started: 484_181 
2022-03-31 19:00:47,960 - processing completed: 484_181
2022-03-31 19:00:47,965 - processing started: 486_182 
2022-03-31 19:00:48,081 - processing completed: 486_182
2022-03-31 19:00:48,087 - processing started: 488_183 
2022-03-31 19:00:48,287 - processing completed: 488_183
2022-03-31 19:00:48,292 - processing started: 490_183 
2022-03-31 19:00:48,418 - processing completed: 490_183
2022-03-31 19:00:48,423 - processing started: 492_184 
2022-03-31 19:00:48,602 - processing completed: 492_184
2022-03-31 19:00:48,606 - processing started: 494_184 
2022-03-31 19:00:48,726 - processing completed: 494_184
2022-03-31 19:00:48,732 - processing started: 496_185 
2022-03-31 19:00:48,910 - processing completed: 496_185
2022-03-31 19:00:48,916 - processing started: 498_186 
2022-03-31 19:00:49,034 - processing completed: 498_186
2022-03-31 19:00:49,040 - processing started: 500_187 
2022-03-31 19:00:49,240 - processing completed: 500_187
2022-03-31 19:00:49,246 - processing started: 502_188 
2022-03-31 19:00:49,371 - processing completed: 502_188
2022-03-31 19:00:49,377 - processing started: 504_188 
2022-03-31 19:00:49,565 - processing completed: 504_188
2022-03-31 19:00:49,571 - processing started: 506_189 
2022-03-31 19:00:49,728 - processing completed: 506_189
2022-03-31 19:00:49,732 - processing started: 508_190 
2022-03-31 19:00:49,846 - processing completed: 508_190
2022-03-31 19:00:49,851 - processing started: 510_191 
2022-03-31 19:00:50,036 - processing completed: 510_191
2022-03-31 19:00:50,040 - processing started: 512_192 
2022-03-31 19:00:50,162 - processing completed: 512_192
2022-03-31 19:00:50,168 - processing started: 514_192 
2022-03-31 19:00:50,352 - processing completed: 514_192
2022-03-31 19:00:50,357 - processing started: 516_193 
2022-03-31 19:00:50,484 - processing completed: 516_193
2022-03-31 19:00:50,489 - processing started: 518_194 
2022-03-31 19:00:50,667 - processing completed: 518_194
2022-03-31 19:00:50,672 - processing started: 520_195 
2022-03-31 19:00:50,797 - processing completed: 520_195
2022-03-31 19:00:50,802 - processing started: 522_196 
2022-03-31 19:00:50,993 - processing completed: 522_196
2022-03-31 19:00:50,999 - processing started: 524_196 
2022-03-31 19:00:51,117 - processing completed: 524_196
2022-03-31 19:00:51,123 - processing started: 526_196 
2022-03-31 19:00:51,307 - processing completed: 526_196
2022-03-31 19:00:51,312 - processing started: 528_197 
2022-03-31 19:00:51,432 - processing completed: 528_197
2022-03-31 19:00:51,436 - processing started: 530_197 
2022-03-31 19:00:51,631 - processing completed: 530_197
2022-03-31 19:00:51,636 - processing started: 532_198 
2022-03-31 19:00:51,750 - processing completed: 532_198
2022-03-31 19:00:51,755 - processing started: 534_199 
2022-03-31 19:00:51,935 - processing completed: 534_199
2022-03-31 19:00:51,939 - processing started: 536_200 
2022-03-31 19:00:52,122 - processing completed: 536_200
2022-03-31 19:00:52,127 - processing started: 538_201 
2022-03-31 19:00:52,248 - processing completed: 538_201
2022-03-31 19:00:52,253 - processing started: 540_202 
2022-03-31 19:00:52,436 - processing completed: 540_202
2022-03-31 19:00:52,441 - processing started: 542_203 
2022-03-31 19:00:52,570 - processing completed: 542_203
2022-03-31 19:00:52,577 - processing started: 544_204 
2022-03-31 19:00:52,761 - processing completed: 544_204
2022-03-31 19:00:52,766 - processing started: 546_205 
2022-03-31 19:00:52,886 - processing completed: 546_205
2022-03-31 19:00:52,891 - processing started: 548_206 
2022-03-31 19:00:53,070 - processing completed: 548_206
2022-03-31 19:00:53,075 - processing started: 550_207 
2022-03-31 19:00:53,197 - processing completed: 550_207
2022-03-31 19:00:53,203 - processing started: 552_207 
2022-03-31 19:00:53,380 - processing completed: 552_207
2022-03-31 19:00:53,385 - processing started: 554_208 
2022-03-31 19:00:53,505 - processing completed: 554_208
2022-03-31 19:00:53,510 - processing started: 556_209 
2022-03-31 19:00:53,708 - processing completed: 556_209
2022-03-31 19:00:53,715 - processing started: 558_210 
2022-03-31 19:00:53,845 - processing completed: 558_210
2022-03-31 19:00:53,851 - processing started: 560_211 
2022-03-31 19:00:54,026 - processing completed: 560_211
2022-03-31 19:00:54,031 - processing started: 562_212 
2022-03-31 19:00:54,145 - processing completed: 562_212
2022-03-31 19:00:54,150 - processing started: 564_213 
2022-03-31 19:00:54,343 - processing completed: 564_213
2022-03-31 19:00:54,348 - processing started: 566_214 
2022-03-31 19:00:54,536 - processing completed: 566_214
2022-03-31 19:00:54,541 - processing started: 568_214 
2022-03-31 19:00:54,658 - processing completed: 568_214
2022-03-31 19:00:54,665 - processing started: 570_214 
2022-03-31 19:00:54,845 - processing completed: 570_214
2022-03-31 19:00:54,851 - processing started: 572_215 
2022-03-31 19:00:54,973 - processing completed: 572_215
2022-03-31 19:00:54,979 - processing started: 574_216 
2022-03-31 19:00:55,161 - processing completed: 574_216
2022-03-31 19:00:55,166 - processing started: 576_217 
2022-03-31 19:00:55,285 - processing completed: 576_217
2022-03-31 19:00:55,290 - processing started: 578_218 
2022-03-31 19:00:55,472 - processing completed: 578_218
2022-03-31 19:00:55,478 - processing started: 580_219 
2022-03-31 19:00:55,589 - processing completed: 580_219
2022-03-31 19:00:55,595 - processing started: 582_220 
2022-03-31 19:00:55,773 - processing completed: 582_220
2022-03-31 19:00:55,779 - processing started: 584_221 
2022-03-31 19:00:55,902 - processing completed: 584_221
2022-03-31 19:00:55,907 - processing started: 586_221 
2022-03-31 19:00:56,098 - processing completed: 586_221
2022-03-31 19:00:56,104 - processing started: 588_222 
2022-03-31 19:00:56,218 - processing completed: 588_222
2022-03-31 19:00:56,223 - processing started: 590_222 
2022-03-31 19:00:56,397 - processing completed: 590_222
2022-03-31 19:00:56,402 - processing started: 592_223 
2022-03-31 19:00:56,496 - processing completed: 592_223
2022-03-31 19:00:56,501 - processing started: 594_224 
2022-03-31 19:00:56,708 - processing completed: 594_224
2022-03-31 19:00:56,712 - processing started: 596_224 
2022-03-31 19:00:56,929 - processing completed: 596_224
2022-03-31 19:00:56,935 - processing started: 598_225 
2022-03-31 19:00:57,044 - processing completed: 598_225
2022-03-31 19:00:57,049 - processing started: 600_225 
2022-03-31 19:00:57,220 - processing completed: 600_225
2022-03-31 19:00:57,224 - processing started: 602_226 
2022-03-31 19:00:57,322 - processing completed: 602_226
2022-03-31 19:00:57,327 - processing started: 604_226 
2022-03-31 19:00:57,487 - processing completed: 604_226
2022-03-31 19:00:57,492 - processing started: 606_227 
2022-03-31 19:00:57,604 - processing completed: 606_227
2022-03-31 19:00:57,608 - processing started: 608_227 
2022-03-31 19:00:57,793 - processing completed: 608_227
2022-03-31 19:00:57,798 - processing started: 610_227 
2022-03-31 19:00:57,896 - processing completed: 610_227
2022-03-31 19:00:57,900 - processing started: 612_227 
2022-03-31 19:00:58,144 - processing completed: 612_227
2022-03-31 19:00:58,150 - processing started: 614_227 
2022-03-31 19:00:58,260 - processing completed: 614_227
2022-03-31 19:00:58,265 - processing started: 616_228 
2022-03-31 19:00:58,426 - processing completed: 616_228
2022-03-31 19:00:58,430 - processing started: 618_229 
2022-03-31 19:00:58,528 - processing completed: 618_229
2022-03-31 19:00:58,534 - processing started: 620_230 
2022-03-31 19:00:58,695 - processing completed: 620_230
2022-03-31 19:00:58,701 - processing started: 622_230 
2022-03-31 19:00:58,801 - processing completed: 622_230
2022-03-31 19:00:58,806 - processing started: 624_231 
2022-03-31 19:00:58,964 - processing completed: 624_231
2022-03-31 19:00:58,968 - processing started: 626_232 
2022-03-31 19:00:59,137 - processing completed: 626_232
2022-03-31 19:00:59,142 - processing started: 628_232 
2022-03-31 19:00:59,244 - processing completed: 628_232
2022-03-31 19:00:59,250 - processing started: 630_232 
2022-03-31 19:00:59,417 - processing completed: 630_232
2022-03-31 19:00:59,422 - processing started: 632_233 
2022-03-31 19:00:59,519 - processing completed: 632_233
2022-03-31 19:00:59,524 - processing started: 634_234 
2022-03-31 19:00:59,681 - processing completed: 634_234
2022-03-31 19:00:59,686 - processing started: 636_234 
2022-03-31 19:00:59,775 - processing completed: 636_234
2022-03-31 19:00:59,779 - processing started: 638_235 
2022-03-31 19:00:59,959 - processing completed: 638_235
2022-03-31 19:00:59,964 - processing started: 640_236 
2022-03-31 19:01:00,085 - processing completed: 640_236
2022-03-31 19:01:00,091 - processing started: 642_236 
2022-03-31 19:01:00,290 - processing completed: 642_236
2022-03-31 19:01:00,295 - processing started: 644_237 
2022-03-31 19:01:00,407 - processing completed: 644_237
2022-03-31 19:01:00,413 - processing started: 646_238 
2022-03-31 19:01:00,598 - processing completed: 646_238
2022-03-31 19:01:00,603 - processing started: 648_239 
2022-03-31 19:01:00,725 - processing completed: 648_239
2022-03-31 19:01:00,729 - processing started: 650_240 
2022-03-31 19:01:00,910 - processing completed: 650_240
2022-03-31 19:01:00,914 - processing started: 652_240 
2022-03-31 19:01:01,029 - processing completed: 652_240
2022-03-31 19:01:01,033 - processing started: 654_241 
2022-03-31 19:01:01,219 - processing completed: 654_241
2022-03-31 19:01:01,224 - processing started: 656_242 
2022-03-31 19:01:01,414 - processing completed: 656_242
2022-03-31 19:01:01,420 - processing started: 658_243 
2022-03-31 19:01:01,538 - processing completed: 658_243
2022-03-31 19:01:01,543 - processing started: 660_243 
2022-03-31 19:01:01,737 - processing completed: 660_243
2022-03-31 19:01:01,741 - processing started: 662_244 
2022-03-31 19:01:01,819 - processing completed: 662_244
2022-03-31 19:01:01,823 - processing started: 664_245 
2022-03-31 19:01:01,974 - processing completed: 664_245
2022-03-31 19:01:01,978 - processing started: 666_246 
2022-03-31 19:01:02,055 - processing completed: 666_246
2022-03-31 19:01:02,059 - processing started: 668_247 
2022-03-31 19:01:02,211 - processing completed: 668_247
2022-03-31 19:01:02,214 - processing started: 670_248 
2022-03-31 19:01:02,287 - processing completed: 670_248
2022-03-31 19:01:02,291 - processing started: 672_248 
2022-03-31 19:01:02,438 - processing completed: 672_248
2022-03-31 19:01:02,443 - processing started: 674_249 
2022-03-31 19:01:02,519 - processing completed: 674_249
2022-03-31 19:01:02,523 - processing started: 676_250 
2022-03-31 19:01:02,666 - processing completed: 676_250
2022-03-31 19:01:02,669 - processing started: 678_251 
2022-03-31 19:01:02,747 - processing completed: 678_251
2022-03-31 19:01:02,752 - processing started: 680_252 
2022-03-31 19:01:02,892 - processing completed: 680_252
2022-03-31 19:01:02,896 - processing started: 682_252 
2022-03-31 19:01:02,975 - processing completed: 682_252
2022-03-31 19:01:02,979 - processing started: 684_253 
2022-03-31 19:01:03,137 - processing completed: 684_253
2022-03-31 19:01:03,142 - processing started: 686_254 
2022-03-31 19:01:03,315 - processing completed: 686_254
2022-03-31 19:01:03,320 - processing started: 688_255 
2022-03-31 19:01:03,429 - processing completed: 688_255
2022-03-31 19:01:03,434 - processing started: 690_256 
2022-03-31 19:01:03,615 - processing completed: 690_256
2022-03-31 19:01:03,619 - processing started: 692_257 
2022-03-31 19:01:03,719 - processing completed: 692_257
2022-03-31 19:01:03,723 - processing started: 694_257 
2022-03-31 19:01:03,889 - processing completed: 694_257
2022-03-31 19:01:03,893 - processing started: 696_258 
2022-03-31 19:01:03,996 - processing completed: 696_258
2022-03-31 19:01:04,001 - processing started: 698_258 
2022-03-31 19:01:04,167 - processing completed: 698_258
2022-03-31 19:01:04,172 - processing started: 700_259 
2022-03-31 19:01:04,261 - processing completed: 700_259
2022-03-31 19:01:04,265 - processing started: 702_260 
2022-03-31 19:01:04,457 - processing completed: 702_260
2022-03-31 19:01:04,461 - processing started: 704_261 
2022-03-31 19:01:04,584 - processing completed: 704_261
2022-03-31 19:01:04,590 - processing started: 706_261 
2022-03-31 19:01:04,779 - processing completed: 706_261
2022-03-31 19:01:04,784 - processing started: 708_262 
2022-03-31 19:01:04,882 - processing completed: 708_262
2022-03-31 19:01:04,886 - processing started: 710_263 
2022-03-31 19:01:05,056 - processing completed: 710_263
2022-03-31 19:01:05,060 - processing started: 712_264 
2022-03-31 19:01:05,226 - processing completed: 712_264
2022-03-31 19:01:05,231 - processing started: 714_264 
2022-03-31 19:01:05,327 - processing completed: 714_264
2022-03-31 19:01:05,332 - processing started: 716_265 
2022-03-31 19:01:05,507 - processing completed: 716_265
2022-03-31 19:01:05,512 - processing started: 718_266 
2022-03-31 19:01:05,613 - processing completed: 718_266
2022-03-31 19:01:05,627 - processing started: 720_267 
2022-03-31 19:01:05,829 - processing completed: 720_267
2022-03-31 19:01:05,833 - processing started: 722_267 
2022-03-31 19:01:05,948 - processing completed: 722_267
2022-03-31 19:01:05,953 - processing started: 724_267 
2022-03-31 19:01:06,121 - processing completed: 724_267
2022-03-31 19:01:06,127 - processing started: 726_268 
2022-03-31 19:01:06,228 - processing completed: 726_268
2022-03-31 19:01:06,235 - processing started: 728_268 
2022-03-31 19:01:06,438 - processing completed: 728_268
2022-03-31 19:01:06,443 - processing started: 730_268 
2022-03-31 19:01:06,548 - processing completed: 730_268
2022-03-31 19:01:06,553 - processing started: 732_268 
2022-03-31 19:01:06,717 - processing completed: 732_268
2022-03-31 19:01:06,723 - processing started: 734_268 
2022-03-31 19:01:06,826 - processing completed: 734_268
2022-03-31 19:01:06,830 - processing started: 736_269 
2022-03-31 19:01:06,995 - processing completed: 736_269
2022-03-31 19:01:07,000 - processing started: 738_270 
2022-03-31 19:01:07,107 - processing completed: 738_270
2022-03-31 19:01:07,111 - processing started: 740_271 
2022-03-31 19:01:07,299 - processing completed: 740_271
2022-03-31 19:01:07,305 - processing started: 742_272 
2022-03-31 19:01:07,458 - processing completed: 742_272
2022-03-31 19:01:07,463 - processing started: 744_272 
2022-03-31 19:01:07,553 - processing completed: 744_272
2022-03-31 19:01:07,558 - processing started: 746_273 
2022-03-31 19:01:07,723 - processing completed: 746_273
2022-03-31 19:01:07,728 - processing started: 748_274 
2022-03-31 19:01:07,815 - processing completed: 748_274
2022-03-31 19:01:07,821 - processing started: 750_274 
2022-03-31 19:01:07,989 - processing completed: 750_274
2022-03-31 19:01:07,994 - processing started: 752_275 
2022-03-31 19:01:08,086 - processing completed: 752_275
2022-03-31 19:01:08,091 - processing started: 754_275 
2022-03-31 19:01:08,270 - processing completed: 754_275
2022-03-31 19:01:08,276 - processing started: 756_276 
2022-03-31 19:01:08,369 - processing completed: 756_276
2022-03-31 19:01:08,373 - processing started: 758_277 
2022-03-31 19:01:08,538 - processing completed: 758_277
2022-03-31 19:01:08,542 - processing started: 760_278 
2022-03-31 19:01:08,638 - processing completed: 760_278
2022-03-31 19:01:08,641 - processing started: 762_278 
2022-03-31 19:01:08,804 - processing completed: 762_278
2022-03-31 19:01:08,809 - processing started: 764_279 
2022-03-31 19:01:08,912 - processing completed: 764_279
2022-03-31 19:01:08,916 - processing started: 766_280 
2022-03-31 19:01:09,066 - processing completed: 766_280
2022-03-31 19:01:09,069 - processing started: 768_281 
2022-03-31 19:01:09,150 - processing completed: 768_281
2022-03-31 19:01:09,154 - processing started: 770_282 
2022-03-31 19:01:09,297 - processing completed: 770_282
2022-03-31 19:01:09,300 - processing started: 772_283 
2022-03-31 19:01:09,464 - processing completed: 772_283
2022-03-31 19:01:09,468 - processing started: 774_284 
2022-03-31 19:01:09,544 - processing completed: 774_284
2022-03-31 19:01:09,548 - processing started: 776_285 
2022-03-31 19:01:09,699 - processing completed: 776_285
2022-03-31 19:01:09,702 - processing started: 778_285 
2022-03-31 19:01:09,787 - processing completed: 778_285
2022-03-31 19:01:09,790 - processing started: 780_286 
2022-03-31 19:01:10,025 - processing completed: 780_286
2022-03-31 19:01:10,032 - processing started: 782_287 
2022-03-31 19:01:10,105 - processing completed: 782_287
2022-03-31 19:01:10,109 - processing started: 784_288 
2022-03-31 19:01:10,253 - processing completed: 784_288
2022-03-31 19:01:10,257 - processing started: 786_289 
2022-03-31 19:01:10,334 - processing completed: 786_289
2022-03-31 19:01:10,339 - processing started: 788_290 
2022-03-31 19:01:10,479 - processing completed: 788_290
2022-03-31 19:01:10,482 - processing started: 790_290 
2022-03-31 19:01:10,558 - processing completed: 790_290
2022-03-31 19:01:10,562 - processing started: 792_291 
2022-03-31 19:01:10,704 - processing completed: 792_291
2022-03-31 19:01:10,708 - processing started: 794_292 
2022-03-31 19:01:10,781 - processing completed: 794_292
2022-03-31 19:01:10,786 - processing started: 796_293 
2022-03-31 19:01:10,899 - processing completed: 796_293
2022-03-31 19:01:10,902 - processing started: 798_294 
2022-03-31 19:01:10,949 - processing completed: 798_294
2022-03-31 19:01:10,953 - processing started: 800_295 
2022-03-31 19:01:11,099 - processing completed: 800_295
2022-03-31 19:01:11,102 - processing started: 802_296 
2022-03-31 19:01:11,260 - processing completed: 802_296
2022-03-31 19:01:11,264 - processing started: 804_296 
2022-03-31 19:01:11,338 - processing completed: 804_296
2022-03-31 19:01:11,341 - processing started: 806_297 
2022-03-31 19:01:11,558 - processing completed: 806_297
2022-03-31 19:01:11,563 - processing started: 808_298 
2022-03-31 19:01:11,638 - processing completed: 808_298
2022-03-31 19:01:11,641 - processing started: 810_299 
2022-03-31 19:01:11,778 - processing completed: 810_299
2022-03-31 19:01:11,782 - processing started: 0_0 
2022-03-31 19:01:11,783 - Closing connection (200): Normal shutdown
2022-03-31 19:01:11,784 - Closing channel (200): 'Normal shutdown' on <Channel number=1 OPEN conn=<SelectConnection OPEN transport=<pika.adapters.utils.io_services_utils._AsyncPlaintextTransport object at 0x118102280> params=<ConnectionParameters host=localhost port=5672 virtual_host=/ ssl=False>>>
2022-03-31 19:01:11,784 - Received <Channel.CloseOk> on <Channel number=1 CLOSING conn=<SelectConnection OPEN transport=<pika.adapters.utils.io_services_utils._AsyncPlaintextTransport object at 0x118102280> params=<ConnectionParameters host=localhost port=5672 virtual_host=/ ssl=False>>>
2022-03-31 19:01:11,785 - Closing connection (200): 'Normal shutdown'
2022-03-31 19:01:11,785 - Aborting transport connection: state=1; <socket.socket fd=22, family=AddressFamily.AF_INET, type=SocketKind.SOCK_STREAM, proto=6, laddr=('127.0.0.1', 56988), raddr=('127.0.0.1', 5672)>
2022-03-31 19:01:11,785 - _AsyncTransportBase._initate_abort(): Initiating abrupt asynchronous transport shutdown: state=1; error=None; <socket.socket fd=22, family=AddressFamily.AF_INET, type=SocketKind.SOCK_STREAM, proto=6, laddr=('127.0.0.1', 56988), raddr=('127.0.0.1', 5672)>
2022-03-31 19:01:11,786 - Deactivating transport: state=1; <socket.socket fd=22, family=AddressFamily.AF_INET, type=SocketKind.SOCK_STREAM, proto=6, laddr=('127.0.0.1', 56988), raddr=('127.0.0.1', 5672)>
2022-03-31 19:01:11,786 - AMQP stack terminated, failed to connect, or aborted: opened=True, error-arg=None; pending-error=ConnectionClosedByClient: (200) 'Normal shutdown'
2022-03-31 19:01:11,786 - Stack terminated due to ConnectionClosedByClient: (200) 'Normal shutdown'
2022-03-31 19:01:11,786 - Closing transport socket and unlinking: state=3; <socket.socket fd=22, family=AddressFamily.AF_INET, type=SocketKind.SOCK_STREAM, proto=6, laddr=('127.0.0.1', 56988), raddr=('127.0.0.1', 5672)>
2022-03-31 19:01:11,786 - User-initiated close: result=BlockingConnection__OnClosedArgs(connection=<SelectConnection CLOSED transport=None params=<ConnectionParameters host=localhost port=5672 virtual_host=/ ssl=False>>, error=ConnectionClosedByClient: (200) 'Normal shutdown')
2022-03-31 19:01:11,787 - PID 62711 completed loading and processing
