2022-04-01 09:59:47,892 - PID 74610 started loading and processing
2022-04-01 09:59:47,897 - Pika version 1.2.0 connecting to ('::1', 5672, 0, 0)
2022-04-01 09:59:47,898 - Socket failed to connect: <socket.socket fd=22, family=AddressFamily.AF_INET6, type=SocketKind.SOCK_STREAM, proto=6, laddr=('::1', 62764, 0, 0)>; error=61 (Connection refused)
2022-04-01 09:59:47,898 - TCP Connection attempt failed: ConnectionRefusedError(61, 'Connection refused'); dest=(<AddressFamily.AF_INET6: 30>, <SocketKind.SOCK_STREAM: 1>, 6, '', ('::1', 5672, 0, 0))
2022-04-01 09:59:47,898 - AMQPConnector - reporting failure: AMQPConnectorSocketConnectError: ConnectionRefusedError(61, 'Connection refused')
2022-04-01 09:59:47,898 - Pika version 1.2.0 connecting to ('127.0.0.1', 5672)
2022-04-01 09:59:47,898 - Socket connected: <socket.socket fd=22, family=AddressFamily.AF_INET, type=SocketKind.SOCK_STREAM, proto=6, laddr=('127.0.0.1', 62766), raddr=('127.0.0.1', 5672)>
2022-04-01 09:59:47,899 - Streaming transport linked up: (<pika.adapters.utils.io_services_utils._AsyncPlaintextTransport object at 0x124f1c280>, _StreamingProtocolShim: <SelectConnection PROTOCOL transport=<pika.adapters.utils.io_services_utils._AsyncPlaintextTransport object at 0x124f1c280> params=<ConnectionParameters host=localhost port=5672 virtual_host=/ ssl=False>>).
2022-04-01 09:59:47,912 - AMQPConnector - reporting success: <SelectConnection OPEN transport=<pika.adapters.utils.io_services_utils._AsyncPlaintextTransport object at 0x124f1c280> params=<ConnectionParameters host=localhost port=5672 virtual_host=/ ssl=False>>
2022-04-01 09:59:47,912 - AMQPConnectionWorkflow - reporting success: <SelectConnection OPEN transport=<pika.adapters.utils.io_services_utils._AsyncPlaintextTransport object at 0x124f1c280> params=<ConnectionParameters host=localhost port=5672 virtual_host=/ ssl=False>>
2022-04-01 09:59:47,912 - Connection workflow succeeded: <SelectConnection OPEN transport=<pika.adapters.utils.io_services_utils._AsyncPlaintextTransport object at 0x124f1c280> params=<ConnectionParameters host=localhost port=5672 virtual_host=/ ssl=False>>
2022-04-01 09:59:47,912 - Created channel=1
2022-04-01 09:59:47,915 - Logging before start consuming
2022-04-01 09:59:49,928 - processing started: 0_000 
2022-04-01 09:59:50,122 - processing completed: 0_000
2022-04-01 09:59:50,143 - processing started: 2_000 
2022-04-01 09:59:50,387 - processing completed: 2_000
2022-04-01 09:59:50,392 - processing started: 4_001 
2022-04-01 09:59:50,646 - processing completed: 4_001
2022-04-01 09:59:50,652 - processing started: 6_002 
2022-04-01 09:59:50,821 - processing completed: 6_002
2022-04-01 09:59:50,826 - processing started: 8_003 
2022-04-01 09:59:51,075 - processing completed: 8_003
2022-04-01 09:59:51,080 - processing started: 10_004 
2022-04-01 09:59:51,267 - processing completed: 10_004
2022-04-01 09:59:51,277 - processing started: 12_005 
2022-04-01 09:59:51,518 - processing completed: 12_005
2022-04-01 09:59:51,525 - processing started: 14_005 
2022-04-01 09:59:51,713 - processing completed: 14_005
2022-04-01 09:59:51,719 - processing started: 16_006 
2022-04-01 09:59:51,973 - processing completed: 16_006
2022-04-01 09:59:51,980 - processing started: 18_007 
2022-04-01 09:59:52,167 - processing completed: 18_007
2022-04-01 09:59:52,173 - processing started: 20_008 
2022-04-01 09:59:52,394 - processing completed: 20_008
2022-04-01 09:59:52,400 - processing started: 22_009 
2022-04-01 09:59:52,579 - processing completed: 22_009
2022-04-01 09:59:52,585 - processing started: 24_009 
2022-04-01 09:59:52,848 - processing completed: 24_009
2022-04-01 09:59:52,854 - processing started: 26_010 
2022-04-01 09:59:53,056 - processing completed: 26_010
2022-04-01 09:59:53,062 - processing started: 28_011 
2022-04-01 09:59:53,320 - processing completed: 28_011
2022-04-01 09:59:53,328 - processing started: 30_012 
2022-04-01 09:59:53,410 - processing completed: 30_012
2022-04-01 09:59:53,414 - processing started: 32_013 
2022-04-01 09:59:53,630 - processing completed: 32_013
2022-04-01 09:59:53,635 - processing started: 34_014 
2022-04-01 09:59:53,823 - processing completed: 34_014
2022-04-01 09:59:53,827 - processing started: 36_014 
2022-04-01 09:59:53,934 - processing completed: 36_014
2022-04-01 09:59:53,939 - processing started: 38_015 
2022-04-01 09:59:54,121 - processing completed: 38_015
2022-04-01 09:59:54,125 - processing started: 40_015 
2022-04-01 09:59:54,224 - processing completed: 40_015
2022-04-01 09:59:54,227 - processing started: 42_015 
2022-04-01 09:59:54,405 - processing completed: 42_015
2022-04-01 09:59:54,411 - processing started: 44_016 
2022-04-01 09:59:54,536 - processing completed: 44_016
2022-04-01 09:59:54,541 - processing started: 46_017 
2022-04-01 09:59:54,736 - processing completed: 46_017
2022-04-01 09:59:54,741 - processing started: 48_018 
2022-04-01 09:59:54,868 - processing completed: 48_018
2022-04-01 09:59:54,873 - processing started: 50_019 
2022-04-01 09:59:55,092 - processing completed: 50_019
2022-04-01 09:59:55,096 - processing started: 52_020 
2022-04-01 09:59:55,211 - processing completed: 52_020
2022-04-01 09:59:55,215 - processing started: 54_021 
2022-04-01 09:59:55,394 - processing completed: 54_021
2022-04-01 09:59:55,399 - processing started: 56_022 
2022-04-01 09:59:55,548 - processing completed: 56_022
2022-04-01 09:59:55,553 - processing started: 58_022 
2022-04-01 09:59:55,760 - processing completed: 58_022
2022-04-01 09:59:55,766 - processing started: 60_023 
2022-04-01 09:59:55,870 - processing completed: 60_023
2022-04-01 09:59:55,874 - processing started: 62_023 
2022-04-01 09:59:56,068 - processing completed: 62_023
2022-04-01 09:59:56,073 - processing started: 64_024 
2022-04-01 09:59:56,242 - processing completed: 64_024
2022-04-01 09:59:56,246 - processing started: 66_025 
2022-04-01 09:59:56,351 - processing completed: 66_025
2022-04-01 09:59:56,356 - processing started: 68_026 
2022-04-01 09:59:56,525 - processing completed: 68_026
2022-04-01 09:59:56,529 - processing started: 70_027 
2022-04-01 09:59:56,624 - processing completed: 70_027
2022-04-01 09:59:56,628 - processing started: 72_028 
2022-04-01 09:59:56,781 - processing completed: 72_028
2022-04-01 09:59:56,786 - processing started: 74_028 
2022-04-01 09:59:56,881 - processing completed: 74_028
2022-04-01 09:59:56,885 - processing started: 76_029 
2022-04-01 09:59:57,062 - processing completed: 76_029
2022-04-01 09:59:57,066 - processing started: 78_030 
2022-04-01 09:59:57,173 - processing completed: 78_030
2022-04-01 09:59:57,178 - processing started: 80_031 
2022-04-01 09:59:57,338 - processing completed: 80_031
2022-04-01 09:59:57,342 - processing started: 82_031 
2022-04-01 09:59:57,441 - processing completed: 82_031
2022-04-01 09:59:57,445 - processing started: 84_032 
2022-04-01 09:59:57,648 - processing completed: 84_032
2022-04-01 09:59:57,653 - processing started: 86_032 
2022-04-01 09:59:57,782 - processing completed: 86_032
2022-04-01 09:59:57,787 - processing started: 88_033 
2022-04-01 09:59:57,936 - processing completed: 88_033
2022-04-01 09:59:57,940 - processing started: 90_033 
2022-04-01 09:59:58,039 - processing completed: 90_033
2022-04-01 09:59:58,043 - processing started: 92_033 
2022-04-01 09:59:58,201 - processing completed: 92_033
2022-04-01 09:59:58,205 - processing started: 94_034 
2022-04-01 09:59:58,363 - processing completed: 94_034
2022-04-01 09:59:58,368 - processing started: 96_035 
2022-04-01 09:59:58,458 - processing completed: 96_035
2022-04-01 09:59:58,462 - processing started: 98_035 
2022-04-01 09:59:58,620 - processing completed: 98_035
2022-04-01 09:59:58,624 - processing started: 100_036 
2022-04-01 09:59:58,718 - processing completed: 100_036
2022-04-01 09:59:58,722 - processing started: 102_037 
2022-04-01 09:59:58,879 - processing completed: 102_037
2022-04-01 09:59:58,884 - processing started: 104_038 
2022-04-01 09:59:58,980 - processing completed: 104_038
2022-04-01 09:59:58,985 - processing started: 106_039 
2022-04-01 09:59:59,148 - processing completed: 106_039
2022-04-01 09:59:59,152 - processing started: 108_039 
2022-04-01 09:59:59,252 - processing completed: 108_039
2022-04-01 09:59:59,256 - processing started: 110_040 
2022-04-01 09:59:59,413 - processing completed: 110_040
2022-04-01 09:59:59,417 - processing started: 112_040 
2022-04-01 09:59:59,512 - processing completed: 112_040
2022-04-01 09:59:59,517 - processing started: 114_040 
2022-04-01 09:59:59,673 - processing completed: 114_040
2022-04-01 09:59:59,676 - processing started: 116_041 
2022-04-01 09:59:59,772 - processing completed: 116_041
2022-04-01 09:59:59,775 - processing started: 118_042 
2022-04-01 09:59:59,927 - processing completed: 118_042
2022-04-01 09:59:59,931 - processing started: 120_042 
2022-04-01 10:00:00,032 - processing completed: 120_042
2022-04-01 10:00:00,037 - processing started: 122_043 
2022-04-01 10:00:00,200 - processing completed: 122_043
2022-04-01 10:00:00,205 - processing started: 124_044 
2022-04-01 10:00:00,375 - processing completed: 124_044
2022-04-01 10:00:00,379 - processing started: 126_044 
2022-04-01 10:00:00,469 - processing completed: 126_044
2022-04-01 10:00:00,473 - processing started: 128_045 
2022-04-01 10:00:00,631 - processing completed: 128_045
2022-04-01 10:00:00,634 - processing started: 130_046 
2022-04-01 10:00:00,725 - processing completed: 130_046
2022-04-01 10:00:00,729 - processing started: 132_047 
2022-04-01 10:00:00,890 - processing completed: 132_047
2022-04-01 10:00:00,894 - processing started: 134_048 
2022-04-01 10:00:00,991 - processing completed: 134_048
2022-04-01 10:00:00,994 - processing started: 136_048 
2022-04-01 10:00:01,145 - processing completed: 136_048
2022-04-01 10:00:01,148 - processing started: 138_049 
2022-04-01 10:00:01,246 - processing completed: 138_049
2022-04-01 10:00:01,249 - processing started: 140_050 
2022-04-01 10:00:01,417 - processing completed: 140_050
2022-04-01 10:00:01,421 - processing started: 142_050 
2022-04-01 10:00:01,515 - processing completed: 142_050
2022-04-01 10:00:01,520 - processing started: 144_051 
2022-04-01 10:00:01,685 - processing completed: 144_051
2022-04-01 10:00:01,689 - processing started: 146_051 
2022-04-01 10:00:01,784 - processing completed: 146_051
2022-04-01 10:00:01,788 - processing started: 148_052 
2022-04-01 10:00:01,944 - processing completed: 148_052
2022-04-01 10:00:01,948 - processing started: 150_053 
2022-04-01 10:00:02,062 - processing completed: 150_053
2022-04-01 10:00:02,066 - processing started: 152_054 
2022-04-01 10:00:02,214 - processing completed: 152_054
2022-04-01 10:00:02,219 - processing started: 154_055 
2022-04-01 10:00:02,391 - processing completed: 154_055
2022-04-01 10:00:02,396 - processing started: 156_056 
2022-04-01 10:00:02,506 - processing completed: 156_056
2022-04-01 10:00:02,510 - processing started: 158_057 
2022-04-01 10:00:02,672 - processing completed: 158_057
2022-04-01 10:00:02,677 - processing started: 160_058 
2022-04-01 10:00:02,831 - processing completed: 160_058
2022-04-01 10:00:02,837 - processing started: 162_058 
2022-04-01 10:00:03,086 - processing completed: 162_058
2022-04-01 10:00:03,092 - processing started: 164_059 
2022-04-01 10:00:03,208 - processing completed: 164_059
2022-04-01 10:00:03,213 - processing started: 166_060 
2022-04-01 10:00:03,378 - processing completed: 166_060
2022-04-01 10:00:03,383 - processing started: 168_061 
2022-04-01 10:00:03,494 - processing completed: 168_061
2022-04-01 10:00:03,499 - processing started: 170_062 
2022-04-01 10:00:03,656 - processing completed: 170_062
2022-04-01 10:00:03,660 - processing started: 172_062 
2022-04-01 10:00:03,756 - processing completed: 172_062
2022-04-01 10:00:03,760 - processing started: 174_063 
2022-04-01 10:00:03,995 - processing completed: 174_063
2022-04-01 10:00:04,000 - processing started: 176_064 
2022-04-01 10:00:04,181 - processing completed: 176_064
2022-04-01 10:00:04,188 - processing started: 178_064 
2022-04-01 10:00:04,425 - processing completed: 178_064
2022-04-01 10:00:04,431 - processing started: 180_065 
2022-04-01 10:00:04,694 - processing completed: 180_065
2022-04-01 10:00:04,700 - processing started: 182_066 
2022-04-01 10:00:04,885 - processing completed: 182_066
2022-04-01 10:00:04,891 - processing started: 184_066 
2022-04-01 10:00:05,146 - processing completed: 184_066
2022-04-01 10:00:05,154 - processing started: 186_066 
2022-04-01 10:00:05,333 - processing completed: 186_066
2022-04-01 10:00:05,339 - processing started: 188_067 
2022-04-01 10:00:05,443 - processing completed: 188_067
2022-04-01 10:00:05,446 - processing started: 190_067 
2022-04-01 10:00:05,587 - processing completed: 190_067
2022-04-01 10:00:05,592 - processing started: 192_067 
2022-04-01 10:00:05,830 - processing completed: 192_067
2022-04-01 10:00:05,836 - processing started: 194_068 
2022-04-01 10:00:05,957 - processing completed: 194_068
2022-04-01 10:00:05,962 - processing started: 196_069 
2022-04-01 10:00:06,146 - processing completed: 196_069
2022-04-01 10:00:06,150 - processing started: 198_069 
2022-04-01 10:00:06,270 - processing completed: 198_069
2022-04-01 10:00:06,275 - processing started: 200_070 
2022-04-01 10:00:06,380 - processing completed: 200_070
2022-04-01 10:00:06,383 - processing started: 202_071 
2022-04-01 10:00:06,563 - processing completed: 202_071
2022-04-01 10:00:06,569 - processing started: 204_072 
2022-04-01 10:00:06,851 - processing completed: 204_072
2022-04-01 10:00:06,857 - processing started: 206_072 
2022-04-01 10:00:07,051 - processing completed: 206_072
2022-04-01 10:00:07,060 - processing started: 208_073 
2022-04-01 10:00:07,296 - processing completed: 208_073
2022-04-01 10:00:07,302 - processing started: 210_074 
2022-04-01 10:00:07,551 - processing completed: 210_074
2022-04-01 10:00:07,558 - processing started: 212_075 
2022-04-01 10:00:07,734 - processing completed: 212_075
2022-04-01 10:00:07,740 - processing started: 214_076 
2022-04-01 10:00:07,986 - processing completed: 214_076
2022-04-01 10:00:07,992 - processing started: 216_077 
2022-04-01 10:00:08,169 - processing completed: 216_077
2022-04-01 10:00:08,175 - processing started: 218_078 
2022-04-01 10:00:08,409 - processing completed: 218_078
2022-04-01 10:00:08,414 - processing started: 220_079 
2022-04-01 10:00:08,595 - processing completed: 220_079
2022-04-01 10:00:08,601 - processing started: 222_079 
2022-04-01 10:00:08,838 - processing completed: 222_079
2022-04-01 10:00:08,845 - processing started: 224_080 
2022-04-01 10:00:08,938 - processing completed: 224_080
2022-04-01 10:00:08,942 - processing started: 226_081 
2022-04-01 10:00:09,120 - processing completed: 226_081
2022-04-01 10:00:09,126 - processing started: 228_081 
2022-04-01 10:00:09,235 - processing completed: 228_081
2022-04-01 10:00:09,241 - processing started: 230_081 
2022-04-01 10:00:09,412 - processing completed: 230_081
2022-04-01 10:00:09,416 - processing started: 232_082 
2022-04-01 10:00:09,534 - processing completed: 232_082
2022-04-01 10:00:09,540 - processing started: 234_082 
2022-04-01 10:00:09,708 - processing completed: 234_082
2022-04-01 10:00:09,712 - processing started: 236_083 
2022-04-01 10:00:09,823 - processing completed: 236_083
2022-04-01 10:00:09,828 - processing started: 238_084 
2022-04-01 10:00:10,007 - processing completed: 238_084
2022-04-01 10:00:10,012 - processing started: 240_085 
2022-04-01 10:00:10,193 - processing completed: 240_085
2022-04-01 10:00:10,198 - processing started: 242_086 
2022-04-01 10:00:10,338 - processing completed: 242_086
2022-04-01 10:00:10,343 - processing started: 244_087 
2022-04-01 10:00:10,516 - processing completed: 244_087
2022-04-01 10:00:10,522 - processing started: 246_088 
2022-04-01 10:00:10,639 - processing completed: 246_088
2022-04-01 10:00:10,645 - processing started: 248_088 
2022-04-01 10:00:10,824 - processing completed: 248_088
2022-04-01 10:00:10,828 - processing started: 250_089 
2022-04-01 10:00:10,898 - processing completed: 250_089
2022-04-01 10:00:10,901 - processing started: 252_090 
2022-04-01 10:00:11,052 - processing completed: 252_090
2022-04-01 10:00:11,057 - processing started: 254_091 
2022-04-01 10:00:11,125 - processing completed: 254_091
2022-04-01 10:00:11,128 - processing started: 256_092 
2022-04-01 10:00:11,260 - processing completed: 256_092
2022-04-01 10:00:11,264 - processing started: 258_093 
2022-04-01 10:00:11,348 - processing completed: 258_093
2022-04-01 10:00:11,352 - processing started: 260_094 
2022-04-01 10:00:11,495 - processing completed: 260_094
2022-04-01 10:00:11,500 - processing started: 262_094 
2022-04-01 10:00:11,587 - processing completed: 262_094
2022-04-01 10:00:11,591 - processing started: 264_095 
2022-04-01 10:00:11,736 - processing completed: 264_095
2022-04-01 10:00:11,741 - processing started: 266_096 
2022-04-01 10:00:11,826 - processing completed: 266_096
2022-04-01 10:00:11,831 - processing started: 268_097 
2022-04-01 10:00:11,983 - processing completed: 268_097
2022-04-01 10:00:11,988 - processing started: 270_098 
2022-04-01 10:00:12,158 - processing completed: 270_098
2022-04-01 10:00:12,161 - processing started: 272_099 
2022-04-01 10:00:12,233 - processing completed: 272_099
2022-04-01 10:00:12,237 - processing started: 274_100 
2022-04-01 10:00:12,414 - processing completed: 274_100
2022-04-01 10:00:12,419 - processing started: 276_101 
2022-04-01 10:00:12,499 - processing completed: 276_101
2022-04-01 10:00:12,503 - processing started: 278_102 
2022-04-01 10:00:12,642 - processing completed: 278_102
2022-04-01 10:00:12,645 - processing started: 280_103 
2022-04-01 10:00:12,713 - processing completed: 280_103
2022-04-01 10:00:12,718 - processing started: 282_103 
2022-04-01 10:00:12,852 - processing completed: 282_103
2022-04-01 10:00:12,855 - processing started: 284_104 
2022-04-01 10:00:12,925 - processing completed: 284_104
2022-04-01 10:00:12,929 - processing started: 286_105 
2022-04-01 10:00:13,071 - processing completed: 286_105
2022-04-01 10:00:13,074 - processing started: 288_106 
2022-04-01 10:00:13,149 - processing completed: 288_106
2022-04-01 10:00:13,153 - processing started: 290_107 
2022-04-01 10:00:13,283 - processing completed: 290_107
2022-04-01 10:00:13,288 - processing started: 292_108 
2022-04-01 10:00:13,355 - processing completed: 292_108
2022-04-01 10:00:13,359 - processing started: 294_108 
2022-04-01 10:00:13,482 - processing completed: 294_108
2022-04-01 10:00:13,486 - processing started: 296_109 
2022-04-01 10:00:13,557 - processing completed: 296_109
2022-04-01 10:00:13,561 - processing started: 298_110 
2022-04-01 10:00:13,693 - processing completed: 298_110
2022-04-01 10:00:13,698 - processing started: 300_111 
2022-04-01 10:00:13,823 - processing completed: 300_111
2022-04-01 10:00:13,827 - processing started: 302_112 
2022-04-01 10:00:13,897 - processing completed: 302_112
2022-04-01 10:00:13,900 - processing started: 304_113 
2022-04-01 10:00:14,034 - processing completed: 304_113
2022-04-01 10:00:14,038 - processing started: 306_114 
2022-04-01 10:00:14,151 - processing completed: 306_114
2022-04-01 10:00:14,157 - processing started: 308_115 
2022-04-01 10:00:14,321 - processing completed: 308_115
2022-04-01 10:00:14,326 - processing started: 310_116 
2022-04-01 10:00:14,433 - processing completed: 310_116
2022-04-01 10:00:14,439 - processing started: 312_117 
2022-04-01 10:00:14,608 - processing completed: 312_117
2022-04-01 10:00:14,613 - processing started: 314_117 
2022-04-01 10:00:14,718 - processing completed: 314_117
2022-04-01 10:00:14,724 - processing started: 316_118 
2022-04-01 10:00:14,888 - processing completed: 316_118
2022-04-01 10:00:14,893 - processing started: 318_119 
2022-04-01 10:00:15,008 - processing completed: 318_119
2022-04-01 10:00:15,014 - processing started: 320_120 
2022-04-01 10:00:15,160 - processing completed: 320_120
2022-04-01 10:00:15,164 - processing started: 322_120 
2022-04-01 10:00:15,260 - processing completed: 322_120
2022-04-01 10:00:15,264 - processing started: 324_121 
2022-04-01 10:00:15,441 - processing completed: 324_121
2022-04-01 10:00:15,446 - processing started: 326_122 
2022-04-01 10:00:15,564 - processing completed: 326_122
2022-04-01 10:00:15,569 - processing started: 328_123 
2022-04-01 10:00:15,741 - processing completed: 328_123
2022-04-01 10:00:15,747 - processing started: 330_123 
2022-04-01 10:00:15,922 - processing completed: 330_123
2022-04-01 10:00:15,927 - processing started: 332_124 
2022-04-01 10:00:16,045 - processing completed: 332_124
2022-04-01 10:00:16,051 - processing started: 334_124 
2022-04-01 10:00:16,232 - processing completed: 334_124
2022-04-01 10:00:16,237 - processing started: 336_124 
2022-04-01 10:00:16,352 - processing completed: 336_124
2022-04-01 10:00:16,358 - processing started: 338_124 
2022-04-01 10:00:16,538 - processing completed: 338_124
2022-04-01 10:00:16,543 - processing started: 340_125 
2022-04-01 10:00:16,655 - processing completed: 340_125
2022-04-01 10:00:16,661 - processing started: 342_126 
2022-04-01 10:00:16,835 - processing completed: 342_126
2022-04-01 10:00:16,840 - processing started: 344_126 
2022-04-01 10:00:16,950 - processing completed: 344_126
2022-04-01 10:00:16,955 - processing started: 346_127 
2022-04-01 10:00:17,141 - processing completed: 346_127
2022-04-01 10:00:17,146 - processing started: 348_128 
2022-04-01 10:00:17,258 - processing completed: 348_128
2022-04-01 10:00:17,263 - processing started: 350_129 
2022-04-01 10:00:17,456 - processing completed: 350_129
2022-04-01 10:00:17,462 - processing started: 352_130 
2022-04-01 10:00:17,578 - processing completed: 352_130
2022-04-01 10:00:17,583 - processing started: 354_131 
2022-04-01 10:00:17,748 - processing completed: 354_131
2022-04-01 10:00:17,754 - processing started: 356_132 
2022-04-01 10:00:17,865 - processing completed: 356_132
2022-04-01 10:00:17,869 - processing started: 358_133 
2022-04-01 10:00:18,042 - processing completed: 358_133
2022-04-01 10:00:18,048 - processing started: 360_134 
2022-04-01 10:00:18,221 - processing completed: 360_134
2022-04-01 10:00:18,225 - processing started: 362_134 
2022-04-01 10:00:18,331 - processing completed: 362_134
2022-04-01 10:00:18,336 - processing started: 364_134 
2022-04-01 10:00:18,511 - processing completed: 364_134
2022-04-01 10:00:18,516 - processing started: 366_135 
2022-04-01 10:00:18,630 - processing completed: 366_135
2022-04-01 10:00:18,635 - processing started: 368_136 
2022-04-01 10:00:18,799 - processing completed: 368_136
2022-04-01 10:00:18,804 - processing started: 370_137 
2022-04-01 10:00:18,911 - processing completed: 370_137
2022-04-01 10:00:18,915 - processing started: 372_138 
2022-04-01 10:00:19,092 - processing completed: 372_138
2022-04-01 10:00:19,096 - processing started: 374_139 
2022-04-01 10:00:19,202 - processing completed: 374_139
2022-04-01 10:00:19,207 - processing started: 376_140 
2022-04-01 10:00:19,372 - processing completed: 376_140
2022-04-01 10:00:19,378 - processing started: 378_140 
2022-04-01 10:00:19,485 - processing completed: 378_140
2022-04-01 10:00:19,490 - processing started: 380_141 
2022-04-01 10:00:19,671 - processing completed: 380_141
2022-04-01 10:00:19,676 - processing started: 382_142 
2022-04-01 10:00:19,784 - processing completed: 382_142
2022-04-01 10:00:19,790 - processing started: 384_143 
2022-04-01 10:00:19,957 - processing completed: 384_143
2022-04-01 10:00:19,962 - processing started: 386_144 
2022-04-01 10:00:20,076 - processing completed: 386_144
2022-04-01 10:00:20,080 - processing started: 388_145 
2022-04-01 10:00:20,250 - processing completed: 388_145
2022-04-01 10:00:20,256 - processing started: 390_145 
2022-04-01 10:00:20,448 - processing completed: 390_145
2022-04-01 10:00:20,452 - processing started: 392_145 
2022-04-01 10:00:20,566 - processing completed: 392_145
2022-04-01 10:00:20,572 - processing started: 394_146 
2022-04-01 10:00:20,748 - processing completed: 394_146
2022-04-01 10:00:20,752 - processing started: 396_147 
2022-04-01 10:00:20,861 - processing completed: 396_147
2022-04-01 10:00:20,867 - processing started: 398_147 
2022-04-01 10:00:21,044 - processing completed: 398_147
2022-04-01 10:00:21,049 - processing started: 400_148 
2022-04-01 10:00:21,160 - processing completed: 400_148
2022-04-01 10:00:21,165 - processing started: 402_149 
2022-04-01 10:00:21,338 - processing completed: 402_149
2022-04-01 10:00:21,343 - processing started: 404_149 
2022-04-01 10:00:21,456 - processing completed: 404_149
2022-04-01 10:00:21,461 - processing started: 406_150 
2022-04-01 10:00:21,638 - processing completed: 406_150
2022-04-01 10:00:21,644 - processing started: 408_151 
2022-04-01 10:00:21,761 - processing completed: 408_151
2022-04-01 10:00:21,765 - processing started: 410_152 
2022-04-01 10:00:21,938 - processing completed: 410_152
2022-04-01 10:00:21,943 - processing started: 412_153 
2022-04-01 10:00:22,071 - processing completed: 412_153
2022-04-01 10:00:22,076 - processing started: 414_154 
2022-04-01 10:00:22,251 - processing completed: 414_154
2022-04-01 10:00:22,256 - processing started: 416_155 
2022-04-01 10:00:22,370 - processing completed: 416_155
2022-04-01 10:00:22,374 - processing started: 418_156 
2022-04-01 10:00:22,558 - processing completed: 418_156
2022-04-01 10:00:22,562 - processing started: 420_157 
2022-04-01 10:00:22,749 - processing completed: 420_157
2022-04-01 10:00:22,753 - processing started: 422_157 
2022-04-01 10:00:22,863 - processing completed: 422_157
2022-04-01 10:00:22,867 - processing started: 424_158 
2022-04-01 10:00:23,042 - processing completed: 424_158
2022-04-01 10:00:23,047 - processing started: 426_159 
2022-04-01 10:00:23,159 - processing completed: 426_159
2022-04-01 10:00:23,164 - processing started: 428_160 
2022-04-01 10:00:23,336 - processing completed: 428_160
2022-04-01 10:00:23,341 - processing started: 430_160 
2022-04-01 10:00:23,450 - processing completed: 430_160
2022-04-01 10:00:23,456 - processing started: 432_161 
2022-04-01 10:00:23,630 - processing completed: 432_161
2022-04-01 10:00:23,634 - processing started: 434_162 
2022-04-01 10:00:23,748 - processing completed: 434_162
2022-04-01 10:00:23,753 - processing started: 436_163 
2022-04-01 10:00:23,927 - processing completed: 436_163
2022-04-01 10:00:23,932 - processing started: 438_164 
2022-04-01 10:00:24,045 - processing completed: 438_164
2022-04-01 10:00:24,050 - processing started: 440_165 
2022-04-01 10:00:24,222 - processing completed: 440_165
2022-04-01 10:00:24,227 - processing started: 442_166 
2022-04-01 10:00:24,334 - processing completed: 442_166
2022-04-01 10:00:24,339 - processing started: 444_167 
2022-04-01 10:00:24,514 - processing completed: 444_167
2022-04-01 10:00:24,520 - processing started: 446_167 
2022-04-01 10:00:24,694 - processing completed: 446_167
2022-04-01 10:00:24,698 - processing started: 448_168 
2022-04-01 10:00:24,814 - processing completed: 448_168
2022-04-01 10:00:24,820 - processing started: 450_168 
2022-04-01 10:00:25,001 - processing completed: 450_168
2022-04-01 10:00:25,007 - processing started: 452_169 
2022-04-01 10:00:25,122 - processing completed: 452_169
2022-04-01 10:00:25,127 - processing started: 454_170 
2022-04-01 10:00:25,297 - processing completed: 454_170
2022-04-01 10:00:25,302 - processing started: 456_171 
2022-04-01 10:00:25,433 - processing completed: 456_171
2022-04-01 10:00:25,437 - processing started: 458_171 
2022-04-01 10:00:25,613 - processing completed: 458_171
2022-04-01 10:00:25,618 - processing started: 460_172 
2022-04-01 10:00:25,726 - processing completed: 460_172
2022-04-01 10:00:25,731 - processing started: 462_173 
2022-04-01 10:00:25,910 - processing completed: 462_173
2022-04-01 10:00:25,915 - processing started: 464_174 
2022-04-01 10:00:26,025 - processing completed: 464_174
2022-04-01 10:00:26,030 - processing started: 466_174 
2022-04-01 10:00:26,197 - processing completed: 466_174
2022-04-01 10:00:26,201 - processing started: 468_175 
2022-04-01 10:00:26,309 - processing completed: 468_175
2022-04-01 10:00:26,313 - processing started: 470_176 
2022-04-01 10:00:26,480 - processing completed: 470_176
2022-04-01 10:00:26,486 - processing started: 472_177 
2022-04-01 10:00:26,600 - processing completed: 472_177
2022-04-01 10:00:26,605 - processing started: 474_178 
2022-04-01 10:00:26,770 - processing completed: 474_178
2022-04-01 10:00:26,774 - processing started: 476_178 
2022-04-01 10:00:26,956 - processing completed: 476_178
2022-04-01 10:00:26,961 - processing started: 478_179 
2022-04-01 10:00:27,086 - processing completed: 478_179
2022-04-01 10:00:27,091 - processing started: 480_180 
2022-04-01 10:00:27,263 - processing completed: 480_180
2022-04-01 10:00:27,267 - processing started: 482_180 
2022-04-01 10:00:27,379 - processing completed: 482_180
2022-04-01 10:00:27,383 - processing started: 484_181 
2022-04-01 10:00:27,559 - processing completed: 484_181
2022-04-01 10:00:27,563 - processing started: 486_182 
2022-04-01 10:00:27,671 - processing completed: 486_182
2022-04-01 10:00:27,677 - processing started: 488_183 
2022-04-01 10:00:27,846 - processing completed: 488_183
2022-04-01 10:00:27,850 - processing started: 490_183 
2022-04-01 10:00:27,964 - processing completed: 490_183
2022-04-01 10:00:27,970 - processing started: 492_184 
2022-04-01 10:00:28,174 - processing completed: 492_184
2022-04-01 10:00:28,179 - processing started: 494_184 
2022-04-01 10:00:28,288 - processing completed: 494_184
2022-04-01 10:00:28,294 - processing started: 496_185 
2022-04-01 10:00:28,465 - processing completed: 496_185
2022-04-01 10:00:28,470 - processing started: 498_186 
2022-04-01 10:00:28,583 - processing completed: 498_186
2022-04-01 10:00:28,588 - processing started: 500_187 
2022-04-01 10:00:28,756 - processing completed: 500_187
2022-04-01 10:00:28,761 - processing started: 502_188 
2022-04-01 10:00:28,870 - processing completed: 502_188
2022-04-01 10:00:28,875 - processing started: 504_188 
2022-04-01 10:00:29,051 - processing completed: 504_188
2022-04-01 10:00:29,057 - processing started: 506_189 
2022-04-01 10:00:29,212 - processing completed: 506_189
2022-04-01 10:00:29,217 - processing started: 508_190 
2022-04-01 10:00:29,328 - processing completed: 508_190
2022-04-01 10:00:29,333 - processing started: 510_191 
2022-04-01 10:00:29,504 - processing completed: 510_191
2022-04-01 10:00:29,509 - processing started: 512_192 
2022-04-01 10:00:29,623 - processing completed: 512_192
2022-04-01 10:00:29,628 - processing started: 514_192 
2022-04-01 10:00:29,797 - processing completed: 514_192
2022-04-01 10:00:29,802 - processing started: 516_193 
2022-04-01 10:00:29,911 - processing completed: 516_193
2022-04-01 10:00:29,915 - processing started: 518_194 
2022-04-01 10:00:30,092 - processing completed: 518_194
2022-04-01 10:00:30,098 - processing started: 520_195 
2022-04-01 10:00:30,206 - processing completed: 520_195
2022-04-01 10:00:30,211 - processing started: 522_196 
2022-04-01 10:00:30,393 - processing completed: 522_196
2022-04-01 10:00:30,397 - processing started: 524_196 
2022-04-01 10:00:30,523 - processing completed: 524_196
2022-04-01 10:00:30,528 - processing started: 526_196 
2022-04-01 10:00:30,702 - processing completed: 526_196
2022-04-01 10:00:30,706 - processing started: 528_197 
2022-04-01 10:00:30,816 - processing completed: 528_197
2022-04-01 10:00:30,820 - processing started: 530_197 
2022-04-01 10:00:30,992 - processing completed: 530_197
2022-04-01 10:00:30,997 - processing started: 532_198 
2022-04-01 10:00:31,110 - processing completed: 532_198
2022-04-01 10:00:31,113 - processing started: 534_199 
2022-04-01 10:00:31,291 - processing completed: 534_199
2022-04-01 10:00:31,296 - processing started: 536_200 
2022-04-01 10:00:31,474 - processing completed: 536_200
2022-04-01 10:00:31,478 - processing started: 538_201 
2022-04-01 10:00:31,592 - processing completed: 538_201
2022-04-01 10:00:31,598 - processing started: 540_202 
2022-04-01 10:00:31,783 - processing completed: 540_202
2022-04-01 10:00:31,788 - processing started: 542_203 
2022-04-01 10:00:31,897 - processing completed: 542_203
2022-04-01 10:00:31,903 - processing started: 544_204 
2022-04-01 10:00:32,095 - processing completed: 544_204
2022-04-01 10:00:32,100 - processing started: 546_205 
2022-04-01 10:00:32,212 - processing completed: 546_205
2022-04-01 10:00:32,218 - processing started: 548_206 
2022-04-01 10:00:32,409 - processing completed: 548_206
2022-04-01 10:00:32,414 - processing started: 550_207 
2022-04-01 10:00:32,533 - processing completed: 550_207
2022-04-01 10:00:32,539 - processing started: 552_207 
2022-04-01 10:00:32,711 - processing completed: 552_207
2022-04-01 10:00:32,715 - processing started: 554_208 
2022-04-01 10:00:32,825 - processing completed: 554_208
2022-04-01 10:00:32,830 - processing started: 556_209 
2022-04-01 10:00:33,004 - processing completed: 556_209
2022-04-01 10:00:33,010 - processing started: 558_210 
2022-04-01 10:00:33,125 - processing completed: 558_210
2022-04-01 10:00:33,130 - processing started: 560_211 
2022-04-01 10:00:33,302 - processing completed: 560_211
2022-04-01 10:00:33,306 - processing started: 562_212 
2022-04-01 10:00:33,438 - processing completed: 562_212
2022-04-01 10:00:33,443 - processing started: 564_213 
2022-04-01 10:00:33,623 - processing completed: 564_213
2022-04-01 10:00:33,627 - processing started: 566_214 
2022-04-01 10:00:33,800 - processing completed: 566_214
2022-04-01 10:00:33,804 - processing started: 568_214 
2022-04-01 10:00:33,916 - processing completed: 568_214
2022-04-01 10:00:33,922 - processing started: 570_214 
2022-04-01 10:00:34,101 - processing completed: 570_214
2022-04-01 10:00:34,105 - processing started: 572_215 
2022-04-01 10:00:34,223 - processing completed: 572_215
2022-04-01 10:00:34,229 - processing started: 574_216 
2022-04-01 10:00:34,403 - processing completed: 574_216
2022-04-01 10:00:34,408 - processing started: 576_217 
2022-04-01 10:00:34,541 - processing completed: 576_217
2022-04-01 10:00:34,545 - processing started: 578_218 
2022-04-01 10:00:34,714 - processing completed: 578_218
2022-04-01 10:00:34,719 - processing started: 580_219 
2022-04-01 10:00:34,833 - processing completed: 580_219
2022-04-01 10:00:34,837 - processing started: 582_220 
2022-04-01 10:00:35,007 - processing completed: 582_220
2022-04-01 10:00:35,013 - processing started: 584_221 
2022-04-01 10:00:35,125 - processing completed: 584_221
2022-04-01 10:00:35,132 - processing started: 586_221 
2022-04-01 10:00:35,302 - processing completed: 586_221
2022-04-01 10:00:35,307 - processing started: 588_222 
2022-04-01 10:00:35,417 - processing completed: 588_222
2022-04-01 10:00:35,422 - processing started: 590_222 
2022-04-01 10:00:35,619 - processing completed: 590_222
2022-04-01 10:00:35,623 - processing started: 592_223 
2022-04-01 10:00:35,711 - processing completed: 592_223
2022-04-01 10:00:35,716 - processing started: 594_224 
2022-04-01 10:00:35,911 - processing completed: 594_224
2022-04-01 10:00:35,915 - processing started: 596_224 
2022-04-01 10:00:36,114 - processing completed: 596_224
2022-04-01 10:00:36,118 - processing started: 598_225 
2022-04-01 10:00:36,208 - processing completed: 598_225
2022-04-01 10:00:36,212 - processing started: 600_225 
2022-04-01 10:00:36,365 - processing completed: 600_225
2022-04-01 10:00:36,369 - processing started: 602_226 
2022-04-01 10:00:36,461 - processing completed: 602_226
2022-04-01 10:00:36,465 - processing started: 604_226 
2022-04-01 10:00:36,629 - processing completed: 604_226
2022-04-01 10:00:36,632 - processing started: 606_227 
2022-04-01 10:00:36,744 - processing completed: 606_227
2022-04-01 10:00:36,748 - processing started: 608_227 
2022-04-01 10:00:36,916 - processing completed: 608_227
2022-04-01 10:00:36,921 - processing started: 610_227 
2022-04-01 10:00:37,025 - processing completed: 610_227
2022-04-01 10:00:37,029 - processing started: 612_227 
2022-04-01 10:00:37,242 - processing completed: 612_227
2022-04-01 10:00:37,247 - processing started: 614_227 
2022-04-01 10:00:37,338 - processing completed: 614_227
2022-04-01 10:00:37,343 - processing started: 616_228 
2022-04-01 10:00:37,491 - processing completed: 616_228
2022-04-01 10:00:37,494 - processing started: 618_229 
2022-04-01 10:00:37,588 - processing completed: 618_229
2022-04-01 10:00:37,593 - processing started: 620_230 
2022-04-01 10:00:37,752 - processing completed: 620_230
2022-04-01 10:00:37,757 - processing started: 622_230 
2022-04-01 10:00:37,845 - processing completed: 622_230
2022-04-01 10:00:37,850 - processing started: 624_231 
2022-04-01 10:00:37,999 - processing completed: 624_231
2022-04-01 10:00:38,003 - processing started: 626_232 
2022-04-01 10:00:38,152 - processing completed: 626_232
2022-04-01 10:00:38,156 - processing started: 628_232 
2022-04-01 10:00:38,243 - processing completed: 628_232
2022-04-01 10:00:38,248 - processing started: 630_232 
2022-04-01 10:00:38,393 - processing completed: 630_232
2022-04-01 10:00:38,397 - processing started: 632_233 
2022-04-01 10:00:38,485 - processing completed: 632_233
2022-04-01 10:00:38,490 - processing started: 634_234 
2022-04-01 10:00:38,646 - processing completed: 634_234
2022-04-01 10:00:38,650 - processing started: 636_234 
2022-04-01 10:00:38,751 - processing completed: 636_234
2022-04-01 10:00:38,755 - processing started: 638_235 
2022-04-01 10:00:38,941 - processing completed: 638_235
2022-04-01 10:00:38,946 - processing started: 640_236 
2022-04-01 10:00:39,063 - processing completed: 640_236
2022-04-01 10:00:39,068 - processing started: 642_236 
2022-04-01 10:00:39,241 - processing completed: 642_236
2022-04-01 10:00:39,245 - processing started: 644_237 
2022-04-01 10:00:39,356 - processing completed: 644_237
2022-04-01 10:00:39,362 - processing started: 646_238 
2022-04-01 10:00:39,537 - processing completed: 646_238
2022-04-01 10:00:39,543 - processing started: 648_239 
2022-04-01 10:00:39,652 - processing completed: 648_239
2022-04-01 10:00:39,656 - processing started: 650_240 
2022-04-01 10:00:39,824 - processing completed: 650_240
2022-04-01 10:00:39,828 - processing started: 652_240 
2022-04-01 10:00:39,949 - processing completed: 652_240
2022-04-01 10:00:39,954 - processing started: 654_241 
2022-04-01 10:00:40,133 - processing completed: 654_241
2022-04-01 10:00:40,138 - processing started: 656_242 
2022-04-01 10:00:40,316 - processing completed: 656_242
2022-04-01 10:00:40,321 - processing started: 658_243 
2022-04-01 10:00:40,435 - processing completed: 658_243
2022-04-01 10:00:40,440 - processing started: 660_243 
2022-04-01 10:00:40,634 - processing completed: 660_243
2022-04-01 10:00:40,638 - processing started: 662_244 
2022-04-01 10:00:40,716 - processing completed: 662_244
2022-04-01 10:00:40,720 - processing started: 664_245 
2022-04-01 10:00:40,860 - processing completed: 664_245
2022-04-01 10:00:40,863 - processing started: 666_246 
2022-04-01 10:00:40,954 - processing completed: 666_246
2022-04-01 10:00:40,957 - processing started: 668_247 
2022-04-01 10:00:41,107 - processing completed: 668_247
2022-04-01 10:00:41,110 - processing started: 670_248 
2022-04-01 10:00:41,182 - processing completed: 670_248
2022-04-01 10:00:41,186 - processing started: 672_248 
2022-04-01 10:00:41,319 - processing completed: 672_248
2022-04-01 10:00:41,323 - processing started: 674_249 
2022-04-01 10:00:41,396 - processing completed: 674_249
2022-04-01 10:00:41,400 - processing started: 676_250 
2022-04-01 10:00:41,544 - processing completed: 676_250
2022-04-01 10:00:41,548 - processing started: 678_251 
2022-04-01 10:00:41,624 - processing completed: 678_251
2022-04-01 10:00:41,627 - processing started: 680_252 
2022-04-01 10:00:41,763 - processing completed: 680_252
2022-04-01 10:00:41,768 - processing started: 682_252 
2022-04-01 10:00:41,839 - processing completed: 682_252
2022-04-01 10:00:41,843 - processing started: 684_253 
2022-04-01 10:00:42,011 - processing completed: 684_253
2022-04-01 10:00:42,016 - processing started: 686_254 
2022-04-01 10:00:42,181 - processing completed: 686_254
2022-04-01 10:00:42,186 - processing started: 688_255 
2022-04-01 10:00:42,284 - processing completed: 688_255
2022-04-01 10:00:42,288 - processing started: 690_256 
2022-04-01 10:00:42,453 - processing completed: 690_256
2022-04-01 10:00:42,457 - processing started: 692_257 
2022-04-01 10:00:42,560 - processing completed: 692_257
2022-04-01 10:00:42,564 - processing started: 694_257 
2022-04-01 10:00:42,723 - processing completed: 694_257
2022-04-01 10:00:42,726 - processing started: 696_258 
2022-04-01 10:00:42,824 - processing completed: 696_258
2022-04-01 10:00:42,828 - processing started: 698_258 
2022-04-01 10:00:42,983 - processing completed: 698_258
2022-04-01 10:00:42,989 - processing started: 700_259 
2022-04-01 10:00:43,088 - processing completed: 700_259
2022-04-01 10:00:43,092 - processing started: 702_260 
2022-04-01 10:00:43,256 - processing completed: 702_260
2022-04-01 10:00:43,260 - processing started: 704_261 
2022-04-01 10:00:43,357 - processing completed: 704_261
2022-04-01 10:00:43,361 - processing started: 706_261 
2022-04-01 10:00:43,527 - processing completed: 706_261
2022-04-01 10:00:43,532 - processing started: 708_262 
2022-04-01 10:00:43,621 - processing completed: 708_262
2022-04-01 10:00:43,624 - processing started: 710_263 
2022-04-01 10:00:43,777 - processing completed: 710_263
2022-04-01 10:00:43,781 - processing started: 712_264 
2022-04-01 10:00:43,929 - processing completed: 712_264
2022-04-01 10:00:43,934 - processing started: 714_264 
2022-04-01 10:00:44,021 - processing completed: 714_264
2022-04-01 10:00:44,025 - processing started: 716_265 
2022-04-01 10:00:44,192 - processing completed: 716_265
2022-04-01 10:00:44,197 - processing started: 718_266 
2022-04-01 10:00:44,284 - processing completed: 718_266
2022-04-01 10:00:44,289 - processing started: 720_267 
2022-04-01 10:00:44,438 - processing completed: 720_267
2022-04-01 10:00:44,442 - processing started: 722_267 
2022-04-01 10:00:44,534 - processing completed: 722_267
2022-04-01 10:00:44,539 - processing started: 724_267 
2022-04-01 10:00:44,684 - processing completed: 724_267
2022-04-01 10:00:44,689 - processing started: 726_268 
2022-04-01 10:00:44,780 - processing completed: 726_268
2022-04-01 10:00:44,784 - processing started: 728_268 
2022-04-01 10:00:44,939 - processing completed: 728_268
2022-04-01 10:00:44,944 - processing started: 730_268 
2022-04-01 10:00:45,035 - processing completed: 730_268
2022-04-01 10:00:45,040 - processing started: 732_268 
2022-04-01 10:00:45,202 - processing completed: 732_268
2022-04-01 10:00:45,207 - processing started: 734_268 
2022-04-01 10:00:45,293 - processing completed: 734_268
2022-04-01 10:00:45,297 - processing started: 736_269 
2022-04-01 10:00:45,449 - processing completed: 736_269
2022-04-01 10:00:45,453 - processing started: 738_270 
2022-04-01 10:00:45,555 - processing completed: 738_270
2022-04-01 10:00:45,559 - processing started: 740_271 
2022-04-01 10:00:45,733 - processing completed: 740_271
2022-04-01 10:00:45,737 - processing started: 742_272 
2022-04-01 10:00:45,884 - processing completed: 742_272
2022-04-01 10:00:45,888 - processing started: 744_272 
2022-04-01 10:00:45,972 - processing completed: 744_272
2022-04-01 10:00:45,976 - processing started: 746_273 
2022-04-01 10:00:46,136 - processing completed: 746_273
2022-04-01 10:00:46,141 - processing started: 748_274 
2022-04-01 10:00:46,237 - processing completed: 748_274
2022-04-01 10:00:46,242 - processing started: 750_274 
2022-04-01 10:00:46,388 - processing completed: 750_274
2022-04-01 10:00:46,392 - processing started: 752_275 
2022-04-01 10:00:46,476 - processing completed: 752_275
2022-04-01 10:00:46,479 - processing started: 754_275 
2022-04-01 10:00:46,634 - processing completed: 754_275
2022-04-01 10:00:46,639 - processing started: 756_276 
2022-04-01 10:00:46,723 - processing completed: 756_276
2022-04-01 10:00:46,727 - processing started: 758_277 
2022-04-01 10:00:46,883 - processing completed: 758_277
2022-04-01 10:00:46,887 - processing started: 760_278 
2022-04-01 10:00:46,983 - processing completed: 760_278
2022-04-01 10:00:46,988 - processing started: 762_278 
2022-04-01 10:00:47,153 - processing completed: 762_278
2022-04-01 10:00:47,157 - processing started: 764_279 
2022-04-01 10:00:47,251 - processing completed: 764_279
2022-04-01 10:00:47,255 - processing started: 766_280 
2022-04-01 10:00:47,404 - processing completed: 766_280
2022-04-01 10:00:47,407 - processing started: 768_281 
2022-04-01 10:00:47,489 - processing completed: 768_281
2022-04-01 10:00:47,492 - processing started: 770_282 
2022-04-01 10:00:47,629 - processing completed: 770_282
2022-04-01 10:00:47,632 - processing started: 772_283 
2022-04-01 10:00:47,782 - processing completed: 772_283
2022-04-01 10:00:47,786 - processing started: 774_284 
2022-04-01 10:00:47,859 - processing completed: 774_284
2022-04-01 10:00:47,864 - processing started: 776_285 
2022-04-01 10:00:48,002 - processing completed: 776_285
2022-04-01 10:00:48,006 - processing started: 778_285 
2022-04-01 10:00:48,089 - processing completed: 778_285
2022-04-01 10:00:48,092 - processing started: 780_286 
2022-04-01 10:00:48,307 - processing completed: 780_286
2022-04-01 10:00:48,313 - processing started: 782_287 
2022-04-01 10:00:48,393 - processing completed: 782_287
2022-04-01 10:00:48,397 - processing started: 784_288 
2022-04-01 10:00:48,537 - processing completed: 784_288
2022-04-01 10:00:48,541 - processing started: 786_289 
2022-04-01 10:00:48,615 - processing completed: 786_289
2022-04-01 10:00:48,619 - processing started: 788_290 
2022-04-01 10:00:48,757 - processing completed: 788_290
2022-04-01 10:00:48,760 - processing started: 790_290 
2022-04-01 10:00:48,832 - processing completed: 790_290
2022-04-01 10:00:48,836 - processing started: 792_291 
2022-04-01 10:00:48,968 - processing completed: 792_291
2022-04-01 10:00:48,972 - processing started: 794_292 
2022-04-01 10:00:49,049 - processing completed: 794_292
2022-04-01 10:00:49,054 - processing started: 796_293 
2022-04-01 10:00:49,160 - processing completed: 796_293
2022-04-01 10:00:49,163 - processing started: 798_294 
2022-04-01 10:00:49,207 - processing completed: 798_294
2022-04-01 10:00:49,211 - processing started: 800_295 
2022-04-01 10:00:49,344 - processing completed: 800_295
2022-04-01 10:00:49,347 - processing started: 802_296 
2022-04-01 10:00:49,517 - processing completed: 802_296
2022-04-01 10:00:49,521 - processing started: 804_296 
2022-04-01 10:00:49,601 - processing completed: 804_296
2022-04-01 10:00:49,604 - processing started: 806_297 
2022-04-01 10:00:49,818 - processing completed: 806_297
2022-04-01 10:00:49,824 - processing started: 808_298 
2022-04-01 10:00:49,900 - processing completed: 808_298
2022-04-01 10:00:49,903 - processing started: 810_299 
2022-04-01 10:00:50,029 - processing completed: 810_299
2022-04-01 10:00:50,033 - processing started: 0_0 
2022-04-01 10:00:50,034 - Closing connection (200): Normal shutdown
2022-04-01 10:00:50,034 - Closing channel (200): 'Normal shutdown' on <Channel number=1 OPEN conn=<SelectConnection OPEN transport=<pika.adapters.utils.io_services_utils._AsyncPlaintextTransport object at 0x124f1c280> params=<ConnectionParameters host=localhost port=5672 virtual_host=/ ssl=False>>>
2022-04-01 10:00:50,035 - Received <Channel.CloseOk> on <Channel number=1 CLOSING conn=<SelectConnection OPEN transport=<pika.adapters.utils.io_services_utils._AsyncPlaintextTransport object at 0x124f1c280> params=<ConnectionParameters host=localhost port=5672 virtual_host=/ ssl=False>>>
2022-04-01 10:00:50,035 - Closing connection (200): 'Normal shutdown'
2022-04-01 10:00:50,036 - Aborting transport connection: state=1; <socket.socket fd=22, family=AddressFamily.AF_INET, type=SocketKind.SOCK_STREAM, proto=6, laddr=('127.0.0.1', 62766), raddr=('127.0.0.1', 5672)>
2022-04-01 10:00:50,036 - _AsyncTransportBase._initate_abort(): Initiating abrupt asynchronous transport shutdown: state=1; error=None; <socket.socket fd=22, family=AddressFamily.AF_INET, type=SocketKind.SOCK_STREAM, proto=6, laddr=('127.0.0.1', 62766), raddr=('127.0.0.1', 5672)>
2022-04-01 10:00:50,036 - Deactivating transport: state=1; <socket.socket fd=22, family=AddressFamily.AF_INET, type=SocketKind.SOCK_STREAM, proto=6, laddr=('127.0.0.1', 62766), raddr=('127.0.0.1', 5672)>
2022-04-01 10:00:50,036 - AMQP stack terminated, failed to connect, or aborted: opened=True, error-arg=None; pending-error=ConnectionClosedByClient: (200) 'Normal shutdown'
2022-04-01 10:00:50,036 - Stack terminated due to ConnectionClosedByClient: (200) 'Normal shutdown'
2022-04-01 10:00:50,036 - Closing transport socket and unlinking: state=3; <socket.socket fd=22, family=AddressFamily.AF_INET, type=SocketKind.SOCK_STREAM, proto=6, laddr=('127.0.0.1', 62766), raddr=('127.0.0.1', 5672)>
2022-04-01 10:00:50,037 - User-initiated close: result=BlockingConnection__OnClosedArgs(connection=<SelectConnection CLOSED transport=None params=<ConnectionParameters host=localhost port=5672 virtual_host=/ ssl=False>>, error=ConnectionClosedByClient: (200) 'Normal shutdown')
2022-04-01 10:00:50,037 - PID 74610 completed loading and processing
