2022-04-01 09:59:47,890 - PID 74609 started loading and processing
2022-04-01 09:59:47,897 - Pika version 1.2.0 connecting to ('::1', 5672, 0, 0)
2022-04-01 09:59:47,897 - Socket failed to connect: <socket.socket fd=22, family=AddressFamily.AF_INET6, type=SocketKind.SOCK_STREAM, proto=6, laddr=('::1', 62763, 0, 0)>; error=61 (Connection refused)
2022-04-01 09:59:47,898 - TCP Connection attempt failed: ConnectionRefusedError(61, 'Connection refused'); dest=(<AddressFamily.AF_INET6: 30>, <SocketKind.SOCK_STREAM: 1>, 6, '', ('::1', 5672, 0, 0))
2022-04-01 09:59:47,898 - AMQPConnector - reporting failure: AMQPConnectorSocketConnectError: ConnectionRefusedError(61, 'Connection refused')
2022-04-01 09:59:47,898 - Pika version 1.2.0 connecting to ('127.0.0.1', 5672)
2022-04-01 09:59:47,898 - Socket connected: <socket.socket fd=22, family=AddressFamily.AF_INET, type=SocketKind.SOCK_STREAM, proto=6, laddr=('127.0.0.1', 62765), raddr=('127.0.0.1', 5672)>
2022-04-01 09:59:47,899 - Streaming transport linked up: (<pika.adapters.utils.io_services_utils._AsyncPlaintextTransport object at 0x12209d280>, _StreamingProtocolShim: <SelectConnection PROTOCOL transport=<pika.adapters.utils.io_services_utils._AsyncPlaintextTransport object at 0x12209d280> params=<ConnectionParameters host=localhost port=5672 virtual_host=/ ssl=False>>).
2022-04-01 09:59:47,912 - AMQPConnector - reporting success: <SelectConnection OPEN transport=<pika.adapters.utils.io_services_utils._AsyncPlaintextTransport object at 0x12209d280> params=<ConnectionParameters host=localhost port=5672 virtual_host=/ ssl=False>>
2022-04-01 09:59:47,912 - AMQPConnectionWorkflow - reporting success: <SelectConnection OPEN transport=<pika.adapters.utils.io_services_utils._AsyncPlaintextTransport object at 0x12209d280> params=<ConnectionParameters host=localhost port=5672 virtual_host=/ ssl=False>>
2022-04-01 09:59:47,912 - Connection workflow succeeded: <SelectConnection OPEN transport=<pika.adapters.utils.io_services_utils._AsyncPlaintextTransport object at 0x12209d280> params=<ConnectionParameters host=localhost port=5672 virtual_host=/ ssl=False>>
2022-04-01 09:59:47,913 - Created channel=1
2022-04-01 09:59:47,915 - Logging before start consuming
2022-04-01 09:59:49,928 - processing started: 1_000 
2022-04-01 09:59:50,124 - processing completed: 1_000
2022-04-01 09:59:50,147 - processing started: 3_001 
2022-04-01 09:59:50,388 - processing completed: 3_001
2022-04-01 09:59:50,394 - processing started: 5_002 
2022-04-01 09:59:50,640 - processing completed: 5_002
2022-04-01 09:59:50,647 - processing started: 7_003 
2022-04-01 09:59:50,824 - processing completed: 7_003
2022-04-01 09:59:50,829 - processing started: 9_003 
2022-04-01 09:59:51,072 - processing completed: 9_003
2022-04-01 09:59:51,079 - processing started: 11_004 
2022-04-01 09:59:51,125 - processing completed: 11_004
2022-04-01 09:59:51,128 - processing started: 13_005 
2022-04-01 09:59:51,368 - processing completed: 13_005
2022-04-01 09:59:51,375 - processing started: 15_005 
2022-04-01 09:59:51,556 - processing completed: 15_005
2022-04-01 09:59:51,562 - processing started: 17_006 
2022-04-01 09:59:51,740 - processing completed: 17_006
2022-04-01 09:59:51,745 - processing started: 19_007 
2022-04-01 09:59:51,918 - processing completed: 19_007
2022-04-01 09:59:51,925 - processing started: 21_008 
2022-04-01 09:59:52,182 - processing completed: 21_008
2022-04-01 09:59:52,188 - processing started: 23_009 
2022-04-01 09:59:52,370 - processing completed: 23_009
2022-04-01 09:59:52,376 - processing started: 25_010 
2022-04-01 09:59:52,631 - processing completed: 25_010
2022-04-01 09:59:52,637 - processing started: 27_011 
2022-04-01 09:59:52,826 - processing completed: 27_011
2022-04-01 09:59:52,833 - processing started: 29_012 
2022-04-01 09:59:52,974 - processing completed: 29_012
2022-04-01 09:59:52,977 - processing started: 31_013 
2022-04-01 09:59:53,115 - processing completed: 31_013
2022-04-01 09:59:53,120 - processing started: 33_014 
2022-04-01 09:59:53,295 - processing completed: 33_014
2022-04-01 09:59:53,299 - processing started: 35_014 
2022-04-01 09:59:53,478 - processing completed: 35_014
2022-04-01 09:59:53,482 - processing started: 37_014 
2022-04-01 09:59:53,592 - processing completed: 37_014
2022-04-01 09:59:53,596 - processing started: 39_015 
2022-04-01 09:59:53,781 - processing completed: 39_015
2022-04-01 09:59:53,786 - processing started: 41_015 
2022-04-01 09:59:53,900 - processing completed: 41_015
2022-04-01 09:59:53,904 - processing started: 43_016 
2022-04-01 09:59:54,094 - processing completed: 43_016
2022-04-01 09:59:54,098 - processing started: 45_017 
2022-04-01 09:59:54,212 - processing completed: 45_017
2022-04-01 09:59:54,217 - processing started: 47_017 
2022-04-01 09:59:54,410 - processing completed: 47_017
2022-04-01 09:59:54,415 - processing started: 49_018 
2022-04-01 09:59:54,531 - processing completed: 49_018
2022-04-01 09:59:54,535 - processing started: 51_019 
2022-04-01 09:59:54,729 - processing completed: 51_019
2022-04-01 09:59:54,734 - processing started: 53_020 
2022-04-01 09:59:54,849 - processing completed: 53_020
2022-04-01 09:59:54,855 - processing started: 55_021 
2022-04-01 09:59:55,069 - processing completed: 55_021
2022-04-01 09:59:55,073 - processing started: 57_022 
2022-04-01 09:59:55,193 - processing completed: 57_022
2022-04-01 09:59:55,196 - processing started: 59_023 
2022-04-01 09:59:55,378 - processing completed: 59_023
2022-04-01 09:59:55,383 - processing started: 61_023 
2022-04-01 09:59:55,486 - processing completed: 61_023
2022-04-01 09:59:55,490 - processing started: 63_024 
2022-04-01 09:59:55,651 - processing completed: 63_024
2022-04-01 09:59:55,655 - processing started: 65_024 
2022-04-01 09:59:55,821 - processing completed: 65_024
2022-04-01 09:59:55,825 - processing started: 67_025 
2022-04-01 09:59:55,941 - processing completed: 67_025
2022-04-01 09:59:55,946 - processing started: 69_026 
2022-04-01 09:59:56,148 - processing completed: 69_026
2022-04-01 09:59:56,151 - processing started: 71_027 
2022-04-01 09:59:56,251 - processing completed: 71_027
2022-04-01 09:59:56,255 - processing started: 73_028 
2022-04-01 09:59:56,410 - processing completed: 73_028
2022-04-01 09:59:56,414 - processing started: 75_029 
2022-04-01 09:59:56,514 - processing completed: 75_029
2022-04-01 09:59:56,519 - processing started: 77_030 
2022-04-01 09:59:56,681 - processing completed: 77_030
2022-04-01 09:59:56,685 - processing started: 79_030 
2022-04-01 09:59:56,777 - processing completed: 79_030
2022-04-01 09:59:56,781 - processing started: 81_031 
2022-04-01 09:59:56,941 - processing completed: 81_031
2022-04-01 09:59:56,944 - processing started: 83_032 
2022-04-01 09:59:57,103 - processing completed: 83_032
2022-04-01 09:59:57,109 - processing started: 85_032 
2022-04-01 09:59:57,315 - processing completed: 85_032
2022-04-01 09:59:57,319 - processing started: 87_032 
2022-04-01 09:59:57,466 - processing completed: 87_032
2022-04-01 09:59:57,472 - processing started: 89_033 
2022-04-01 09:59:57,635 - processing completed: 89_033
2022-04-01 09:59:57,639 - processing started: 91_033 
2022-04-01 09:59:57,729 - processing completed: 91_033
2022-04-01 09:59:57,733 - processing started: 93_034 
2022-04-01 09:59:57,886 - processing completed: 93_034
2022-04-01 09:59:57,889 - processing started: 95_035 
2022-04-01 09:59:58,050 - processing completed: 95_035
2022-04-01 09:59:58,054 - processing started: 97_035 
2022-04-01 09:59:58,148 - processing completed: 97_035
2022-04-01 09:59:58,151 - processing started: 99_036 
2022-04-01 09:59:58,319 - processing completed: 99_036
2022-04-01 09:59:58,324 - processing started: 101_037 
2022-04-01 09:59:58,418 - processing completed: 101_037
2022-04-01 09:59:58,421 - processing started: 103_037 
2022-04-01 09:59:58,588 - processing completed: 103_037
2022-04-01 09:59:58,591 - processing started: 105_038 
2022-04-01 09:59:58,683 - processing completed: 105_038
2022-04-01 09:59:58,687 - processing started: 107_039 
2022-04-01 09:59:58,851 - processing completed: 107_039
2022-04-01 09:59:58,855 - processing started: 109_040 
2022-04-01 09:59:58,950 - processing completed: 109_040
2022-04-01 09:59:58,953 - processing started: 111_040 
2022-04-01 09:59:59,116 - processing completed: 111_040
2022-04-01 09:59:59,120 - processing started: 113_040 
2022-04-01 09:59:59,213 - processing completed: 113_040
2022-04-01 09:59:59,218 - processing started: 115_040 
2022-04-01 09:59:59,383 - processing completed: 115_040
2022-04-01 09:59:59,387 - processing started: 117_041 
2022-04-01 09:59:59,483 - processing completed: 117_041
2022-04-01 09:59:59,487 - processing started: 119_042 
2022-04-01 09:59:59,639 - processing completed: 119_042
2022-04-01 09:59:59,643 - processing started: 121_042 
2022-04-01 09:59:59,735 - processing completed: 121_042
2022-04-01 09:59:59,739 - processing started: 123_043 
2022-04-01 09:59:59,892 - processing completed: 123_043
2022-04-01 09:59:59,896 - processing started: 125_044 
2022-04-01 10:00:00,064 - processing completed: 125_044
2022-04-01 10:00:00,068 - processing started: 127_045 
2022-04-01 10:00:00,175 - processing completed: 127_045
2022-04-01 10:00:00,179 - processing started: 129_045 
2022-04-01 10:00:00,343 - processing completed: 129_045
2022-04-01 10:00:00,346 - processing started: 131_046 
2022-04-01 10:00:00,436 - processing completed: 131_046
2022-04-01 10:00:00,440 - processing started: 133_047 
2022-04-01 10:00:00,602 - processing completed: 133_047
2022-04-01 10:00:00,606 - processing started: 135_048 
2022-04-01 10:00:00,697 - processing completed: 135_048
2022-04-01 10:00:00,701 - processing started: 137_049 
2022-04-01 10:00:00,861 - processing completed: 137_049
2022-04-01 10:00:00,865 - processing started: 139_049 
2022-04-01 10:00:00,964 - processing completed: 139_049
2022-04-01 10:00:00,968 - processing started: 141_050 
2022-04-01 10:00:01,133 - processing completed: 141_050
2022-04-01 10:00:01,137 - processing started: 143_051 
2022-04-01 10:00:01,231 - processing completed: 143_051
2022-04-01 10:00:01,234 - processing started: 145_051 
2022-04-01 10:00:01,405 - processing completed: 145_051
2022-04-01 10:00:01,409 - processing started: 147_051 
2022-04-01 10:00:01,502 - processing completed: 147_051
2022-04-01 10:00:01,506 - processing started: 149_052 
2022-04-01 10:00:01,671 - processing completed: 149_052
2022-04-01 10:00:01,675 - processing started: 151_053 
2022-04-01 10:00:01,768 - processing completed: 151_053
2022-04-01 10:00:01,772 - processing started: 153_054 
2022-04-01 10:00:01,932 - processing completed: 153_054
2022-04-01 10:00:01,936 - processing started: 155_055 
2022-04-01 10:00:02,109 - processing completed: 155_055
2022-04-01 10:00:02,112 - processing started: 157_056 
2022-04-01 10:00:02,210 - processing completed: 157_056
2022-04-01 10:00:02,215 - processing started: 159_057 
2022-04-01 10:00:02,376 - processing completed: 159_057
2022-04-01 10:00:02,380 - processing started: 161_058 
2022-04-01 10:00:02,540 - processing completed: 161_058
2022-04-01 10:00:02,545 - processing started: 163_059 
2022-04-01 10:00:02,699 - processing completed: 163_059
2022-04-01 10:00:02,703 - processing started: 165_060 
2022-04-01 10:00:02,794 - processing completed: 165_060
2022-04-01 10:00:02,798 - processing started: 167_060 
2022-04-01 10:00:02,950 - processing completed: 167_060
2022-04-01 10:00:02,954 - processing started: 169_061 
2022-04-01 10:00:03,089 - processing completed: 169_061
2022-04-01 10:00:03,093 - processing started: 171_062 
2022-04-01 10:00:03,288 - processing completed: 171_062
2022-04-01 10:00:03,293 - processing started: 173_063 
2022-04-01 10:00:03,490 - processing completed: 173_063
2022-04-01 10:00:03,498 - processing started: 175_064 
2022-04-01 10:00:03,737 - processing completed: 175_064
2022-04-01 10:00:03,742 - processing started: 177_064 
2022-04-01 10:00:03,923 - processing completed: 177_064
2022-04-01 10:00:03,930 - processing started: 179_065 
2022-04-01 10:00:04,173 - processing completed: 179_065
2022-04-01 10:00:04,179 - processing started: 181_066 
2022-04-01 10:00:04,427 - processing completed: 181_066
2022-04-01 10:00:04,434 - processing started: 183_066 
2022-04-01 10:00:04,630 - processing completed: 183_066
2022-04-01 10:00:04,637 - processing started: 185_066 
2022-04-01 10:00:04,886 - processing completed: 185_066
2022-04-01 10:00:04,893 - processing started: 187_066 
2022-04-01 10:00:05,037 - processing completed: 187_066
2022-04-01 10:00:05,042 - processing started: 189_067 
2022-04-01 10:00:05,296 - processing completed: 189_067
2022-04-01 10:00:05,302 - processing started: 191_067 
2022-04-01 10:00:05,481 - processing completed: 191_067
2022-04-01 10:00:05,487 - processing started: 193_068 
2022-04-01 10:00:05,682 - processing completed: 193_068
2022-04-01 10:00:05,688 - processing started: 195_069 
2022-04-01 10:00:05,816 - processing completed: 195_069
2022-04-01 10:00:05,820 - processing started: 197_069 
2022-04-01 10:00:06,006 - processing completed: 197_069
2022-04-01 10:00:06,011 - processing started: 199_070 
2022-04-01 10:00:06,189 - processing completed: 199_070
2022-04-01 10:00:06,194 - processing started: 201_071 
2022-04-01 10:00:06,425 - processing completed: 201_071
2022-04-01 10:00:06,432 - processing started: 203_072 
2022-04-01 10:00:06,612 - processing completed: 203_072
2022-04-01 10:00:06,618 - processing started: 205_072 
2022-04-01 10:00:06,879 - processing completed: 205_072
2022-04-01 10:00:06,886 - processing started: 207_073 
2022-04-01 10:00:07,070 - processing completed: 207_073
2022-04-01 10:00:07,076 - processing started: 209_074 
2022-04-01 10:00:07,314 - processing completed: 209_074
2022-04-01 10:00:07,320 - processing started: 211_075 
2022-04-01 10:00:07,568 - processing completed: 211_075
2022-04-01 10:00:07,574 - processing started: 213_076 
2022-04-01 10:00:07,747 - processing completed: 213_076
2022-04-01 10:00:07,754 - processing started: 215_077 
2022-04-01 10:00:07,953 - processing completed: 215_077
2022-04-01 10:00:07,959 - processing started: 217_077 
2022-04-01 10:00:08,134 - processing completed: 217_077
2022-04-01 10:00:08,141 - processing started: 219_078 
2022-04-01 10:00:08,385 - processing completed: 219_078
2022-04-01 10:00:08,391 - processing started: 221_079 
2022-04-01 10:00:08,568 - processing completed: 221_079
2022-04-01 10:00:08,574 - processing started: 223_080 
2022-04-01 10:00:08,719 - processing completed: 223_080
2022-04-01 10:00:08,723 - processing started: 225_081 
2022-04-01 10:00:08,836 - processing completed: 225_081
2022-04-01 10:00:08,841 - processing started: 227_081 
2022-04-01 10:00:09,024 - processing completed: 227_081
2022-04-01 10:00:09,030 - processing started: 229_081 
2022-04-01 10:00:09,142 - processing completed: 229_081
2022-04-01 10:00:09,147 - processing started: 231_081 
2022-04-01 10:00:09,316 - processing completed: 231_081
2022-04-01 10:00:09,321 - processing started: 233_082 
2022-04-01 10:00:09,429 - processing completed: 233_082
2022-04-01 10:00:09,434 - processing started: 235_082 
2022-04-01 10:00:09,606 - processing completed: 235_082
2022-04-01 10:00:09,610 - processing started: 237_083 
2022-04-01 10:00:09,722 - processing completed: 237_083
2022-04-01 10:00:09,727 - processing started: 239_084 
2022-04-01 10:00:09,899 - processing completed: 239_084
2022-04-01 10:00:09,905 - processing started: 241_085 
2022-04-01 10:00:10,086 - processing completed: 241_085
2022-04-01 10:00:10,091 - processing started: 243_086 
2022-04-01 10:00:10,241 - processing completed: 243_086
2022-04-01 10:00:10,245 - processing started: 245_087 
2022-04-01 10:00:10,421 - processing completed: 245_087
2022-04-01 10:00:10,426 - processing started: 247_088 
2022-04-01 10:00:10,545 - processing completed: 247_088
2022-04-01 10:00:10,550 - processing started: 249_089 
2022-04-01 10:00:10,693 - processing completed: 249_089
2022-04-01 10:00:10,697 - processing started: 251_089 
2022-04-01 10:00:10,767 - processing completed: 251_089
2022-04-01 10:00:10,772 - processing started: 253_090 
2022-04-01 10:00:10,903 - processing completed: 253_090
2022-04-01 10:00:10,906 - processing started: 255_091 
2022-04-01 10:00:10,980 - processing completed: 255_091
2022-04-01 10:00:10,986 - processing started: 257_092 
2022-04-01 10:00:11,124 - processing completed: 257_092
2022-04-01 10:00:11,128 - processing started: 259_093 
2022-04-01 10:00:11,214 - processing completed: 259_093
2022-04-01 10:00:11,219 - processing started: 261_094 
2022-04-01 10:00:11,362 - processing completed: 261_094
2022-04-01 10:00:11,367 - processing started: 263_095 
2022-04-01 10:00:11,451 - processing completed: 263_095
2022-04-01 10:00:11,455 - processing started: 265_096 
2022-04-01 10:00:11,605 - processing completed: 265_096
2022-04-01 10:00:11,609 - processing started: 267_097 
2022-04-01 10:00:11,695 - processing completed: 267_097
2022-04-01 10:00:11,700 - processing started: 269_098 
2022-04-01 10:00:11,844 - processing completed: 269_098
2022-04-01 10:00:11,849 - processing started: 271_098 
2022-04-01 10:00:12,016 - processing completed: 271_098
2022-04-01 10:00:12,020 - processing started: 273_099 
2022-04-01 10:00:12,106 - processing completed: 273_099
2022-04-01 10:00:12,110 - processing started: 275_100 
2022-04-01 10:00:12,282 - processing completed: 275_100
2022-04-01 10:00:12,286 - processing started: 277_101 
2022-04-01 10:00:12,369 - processing completed: 277_101
2022-04-01 10:00:12,372 - processing started: 279_102 
2022-04-01 10:00:12,514 - processing completed: 279_102
2022-04-01 10:00:12,517 - processing started: 281_103 
2022-04-01 10:00:12,597 - processing completed: 281_103
2022-04-01 10:00:12,600 - processing started: 283_104 
2022-04-01 10:00:12,729 - processing completed: 283_104
2022-04-01 10:00:12,734 - processing started: 285_105 
2022-04-01 10:00:12,807 - processing completed: 285_105
2022-04-01 10:00:12,810 - processing started: 287_106 
2022-04-01 10:00:12,942 - processing completed: 287_106
2022-04-01 10:00:12,947 - processing started: 289_107 
2022-04-01 10:00:13,022 - processing completed: 289_107
2022-04-01 10:00:13,027 - processing started: 291_107 
2022-04-01 10:00:13,169 - processing completed: 291_107
2022-04-01 10:00:13,172 - processing started: 293_108 
2022-04-01 10:00:13,239 - processing completed: 293_108
2022-04-01 10:00:13,243 - processing started: 295_109 
2022-04-01 10:00:13,366 - processing completed: 295_109
2022-04-01 10:00:13,371 - processing started: 297_110 
2022-04-01 10:00:13,441 - processing completed: 297_110
2022-04-01 10:00:13,445 - processing started: 299_110 
2022-04-01 10:00:13,579 - processing completed: 299_110
2022-04-01 10:00:13,582 - processing started: 301_111 
2022-04-01 10:00:13,714 - processing completed: 301_111
2022-04-01 10:00:13,718 - processing started: 303_112 
2022-04-01 10:00:13,788 - processing completed: 303_112
2022-04-01 10:00:13,792 - processing started: 305_113 
2022-04-01 10:00:13,920 - processing completed: 305_113
2022-04-01 10:00:13,924 - processing started: 307_114 
2022-04-01 10:00:14,032 - processing completed: 307_114
2022-04-01 10:00:14,037 - processing started: 309_115 
2022-04-01 10:00:14,218 - processing completed: 309_115
2022-04-01 10:00:14,223 - processing started: 311_116 
2022-04-01 10:00:14,330 - processing completed: 311_116
2022-04-01 10:00:14,335 - processing started: 313_117 
2022-04-01 10:00:14,501 - processing completed: 313_117
2022-04-01 10:00:14,506 - processing started: 315_117 
2022-04-01 10:00:14,614 - processing completed: 315_117
2022-04-01 10:00:14,619 - processing started: 317_118 
2022-04-01 10:00:14,782 - processing completed: 317_118
2022-04-01 10:00:14,787 - processing started: 319_119 
2022-04-01 10:00:14,896 - processing completed: 319_119
2022-04-01 10:00:14,901 - processing started: 321_120 
2022-04-01 10:00:15,052 - processing completed: 321_120
2022-04-01 10:00:15,056 - processing started: 323_120 
2022-04-01 10:00:15,140 - processing completed: 323_120
2022-04-01 10:00:15,144 - processing started: 325_121 
2022-04-01 10:00:15,339 - processing completed: 325_121
2022-04-01 10:00:15,343 - processing started: 327_122 
2022-04-01 10:00:15,458 - processing completed: 327_122
2022-04-01 10:00:15,462 - processing started: 329_123 
2022-04-01 10:00:15,640 - processing completed: 329_123
2022-04-01 10:00:15,644 - processing started: 331_124 
2022-04-01 10:00:15,820 - processing completed: 331_124
2022-04-01 10:00:15,825 - processing started: 333_124 
2022-04-01 10:00:15,937 - processing completed: 333_124
2022-04-01 10:00:15,942 - processing started: 335_124 
2022-04-01 10:00:16,124 - processing completed: 335_124
2022-04-01 10:00:16,129 - processing started: 337_124 
2022-04-01 10:00:16,249 - processing completed: 337_124
2022-04-01 10:00:16,254 - processing started: 339_124 
2022-04-01 10:00:16,434 - processing completed: 339_124
2022-04-01 10:00:16,439 - processing started: 341_125 
2022-04-01 10:00:16,556 - processing completed: 341_125
2022-04-01 10:00:16,562 - processing started: 343_126 
2022-04-01 10:00:16,735 - processing completed: 343_126
2022-04-01 10:00:16,741 - processing started: 345_127 
2022-04-01 10:00:16,852 - processing completed: 345_127
2022-04-01 10:00:16,858 - processing started: 347_128 
2022-04-01 10:00:17,041 - processing completed: 347_128
2022-04-01 10:00:17,045 - processing started: 349_129 
2022-04-01 10:00:17,156 - processing completed: 349_129
2022-04-01 10:00:17,160 - processing started: 351_129 
2022-04-01 10:00:17,341 - processing completed: 351_129
2022-04-01 10:00:17,346 - processing started: 353_130 
2022-04-01 10:00:17,474 - processing completed: 353_130
2022-04-01 10:00:17,480 - processing started: 355_131 
2022-04-01 10:00:17,654 - processing completed: 355_131
2022-04-01 10:00:17,659 - processing started: 357_132 
2022-04-01 10:00:17,771 - processing completed: 357_132
2022-04-01 10:00:17,776 - processing started: 359_133 
2022-04-01 10:00:17,944 - processing completed: 359_133
2022-04-01 10:00:17,949 - processing started: 361_134 
2022-04-01 10:00:18,126 - processing completed: 361_134
2022-04-01 10:00:18,131 - processing started: 363_134 
2022-04-01 10:00:18,240 - processing completed: 363_134
2022-04-01 10:00:18,244 - processing started: 365_135 
2022-04-01 10:00:18,406 - processing completed: 365_135
2022-04-01 10:00:18,411 - processing started: 367_135 
2022-04-01 10:00:18,531 - processing completed: 367_135
2022-04-01 10:00:18,537 - processing started: 369_136 
2022-04-01 10:00:18,702 - processing completed: 369_136
2022-04-01 10:00:18,706 - processing started: 371_137 
2022-04-01 10:00:18,811 - processing completed: 371_137
2022-04-01 10:00:18,815 - processing started: 373_138 
2022-04-01 10:00:18,978 - processing completed: 373_138
2022-04-01 10:00:18,982 - processing started: 375_139 
2022-04-01 10:00:19,098 - processing completed: 375_139
2022-04-01 10:00:19,103 - processing started: 377_140 
2022-04-01 10:00:19,267 - processing completed: 377_140
2022-04-01 10:00:19,271 - processing started: 379_141 
2022-04-01 10:00:19,377 - processing completed: 379_141
2022-04-01 10:00:19,382 - processing started: 381_142 
2022-04-01 10:00:19,559 - processing completed: 381_142
2022-04-01 10:00:19,564 - processing started: 383_143 
2022-04-01 10:00:19,677 - processing completed: 383_143
2022-04-01 10:00:19,682 - processing started: 385_144 
2022-04-01 10:00:19,848 - processing completed: 385_144
2022-04-01 10:00:19,853 - processing started: 387_144 
2022-04-01 10:00:19,962 - processing completed: 387_144
2022-04-01 10:00:19,967 - processing started: 389_145 
2022-04-01 10:00:20,140 - processing completed: 389_145
2022-04-01 10:00:20,145 - processing started: 391_145 
2022-04-01 10:00:20,320 - processing completed: 391_145
2022-04-01 10:00:20,325 - processing started: 393_146 
2022-04-01 10:00:20,442 - processing completed: 393_146
2022-04-01 10:00:20,447 - processing started: 395_147 
2022-04-01 10:00:20,641 - processing completed: 395_147
2022-04-01 10:00:20,645 - processing started: 397_147 
2022-04-01 10:00:20,755 - processing completed: 397_147
2022-04-01 10:00:20,759 - processing started: 399_148 
2022-04-01 10:00:20,928 - processing completed: 399_148
2022-04-01 10:00:20,933 - processing started: 401_149 
2022-04-01 10:00:21,051 - processing completed: 401_149
2022-04-01 10:00:21,056 - processing started: 403_149 
2022-04-01 10:00:21,230 - processing completed: 403_149
2022-04-01 10:00:21,235 - processing started: 405_150 
2022-04-01 10:00:21,349 - processing completed: 405_150
2022-04-01 10:00:21,354 - processing started: 407_151 
2022-04-01 10:00:21,529 - processing completed: 407_151
2022-04-01 10:00:21,533 - processing started: 409_152 
2022-04-01 10:00:21,652 - processing completed: 409_152
2022-04-01 10:00:21,656 - processing started: 411_153 
2022-04-01 10:00:21,853 - processing completed: 411_153
2022-04-01 10:00:21,858 - processing started: 413_154 
2022-04-01 10:00:21,975 - processing completed: 413_154
2022-04-01 10:00:21,979 - processing started: 415_155 
2022-04-01 10:00:22,163 - processing completed: 415_155
2022-04-01 10:00:22,168 - processing started: 417_156 
2022-04-01 10:00:22,282 - processing completed: 417_156
2022-04-01 10:00:22,286 - processing started: 419_156 
2022-04-01 10:00:22,456 - processing completed: 419_156
2022-04-01 10:00:22,461 - processing started: 421_157 
2022-04-01 10:00:22,641 - processing completed: 421_157
2022-04-01 10:00:22,646 - processing started: 423_158 
2022-04-01 10:00:22,774 - processing completed: 423_158
2022-04-01 10:00:22,779 - processing started: 425_159 
2022-04-01 10:00:22,946 - processing completed: 425_159
2022-04-01 10:00:22,950 - processing started: 427_159 
2022-04-01 10:00:23,066 - processing completed: 427_159
2022-04-01 10:00:23,072 - processing started: 429_160 
2022-04-01 10:00:23,247 - processing completed: 429_160
2022-04-01 10:00:23,251 - processing started: 431_161 
2022-04-01 10:00:23,364 - processing completed: 431_161
2022-04-01 10:00:23,368 - processing started: 433_162 
2022-04-01 10:00:23,544 - processing completed: 433_162
2022-04-01 10:00:23,549 - processing started: 435_163 
2022-04-01 10:00:23,656 - processing completed: 435_163
2022-04-01 10:00:23,661 - processing started: 437_164 
2022-04-01 10:00:23,840 - processing completed: 437_164
2022-04-01 10:00:23,845 - processing started: 439_164 
2022-04-01 10:00:23,956 - processing completed: 439_164
2022-04-01 10:00:23,961 - processing started: 441_165 
2022-04-01 10:00:24,135 - processing completed: 441_165
2022-04-01 10:00:24,141 - processing started: 443_166 
2022-04-01 10:00:24,250 - processing completed: 443_166
2022-04-01 10:00:24,255 - processing started: 445_167 
2022-04-01 10:00:24,421 - processing completed: 445_167
2022-04-01 10:00:24,427 - processing started: 447_167 
2022-04-01 10:00:24,602 - processing completed: 447_167
2022-04-01 10:00:24,607 - processing started: 449_168 
2022-04-01 10:00:24,717 - processing completed: 449_168
2022-04-01 10:00:24,722 - processing started: 451_168 
2022-04-01 10:00:24,908 - processing completed: 451_168
2022-04-01 10:00:24,912 - processing started: 453_169 
2022-04-01 10:00:25,024 - processing completed: 453_169
2022-04-01 10:00:25,028 - processing started: 455_170 
2022-04-01 10:00:25,199 - processing completed: 455_170
2022-04-01 10:00:25,203 - processing started: 457_171 
2022-04-01 10:00:25,315 - processing completed: 457_171
2022-04-01 10:00:25,320 - processing started: 459_172 
2022-04-01 10:00:25,512 - processing completed: 459_172
2022-04-01 10:00:25,519 - processing started: 461_173 
2022-04-01 10:00:25,633 - processing completed: 461_173
2022-04-01 10:00:25,636 - processing started: 463_173 
2022-04-01 10:00:25,804 - processing completed: 463_173
2022-04-01 10:00:25,809 - processing started: 465_174 
2022-04-01 10:00:25,925 - processing completed: 465_174
2022-04-01 10:00:25,930 - processing started: 467_174 
2022-04-01 10:00:26,102 - processing completed: 467_174
2022-04-01 10:00:26,107 - processing started: 469_175 
2022-04-01 10:00:26,216 - processing completed: 469_175
2022-04-01 10:00:26,221 - processing started: 471_176 
2022-04-01 10:00:26,385 - processing completed: 471_176
2022-04-01 10:00:26,389 - processing started: 473_177 
2022-04-01 10:00:26,504 - processing completed: 473_177
2022-04-01 10:00:26,509 - processing started: 475_178 
2022-04-01 10:00:26,678 - processing completed: 475_178
2022-04-01 10:00:26,683 - processing started: 477_179 
2022-04-01 10:00:26,853 - processing completed: 477_179
2022-04-01 10:00:26,858 - processing started: 479_180 
2022-04-01 10:00:26,999 - processing completed: 479_180
2022-04-01 10:00:27,005 - processing started: 481_180 
2022-04-01 10:00:27,181 - processing completed: 481_180
2022-04-01 10:00:27,185 - processing started: 483_181 
2022-04-01 10:00:27,294 - processing completed: 483_181
2022-04-01 10:00:27,298 - processing started: 485_182 
2022-04-01 10:00:27,466 - processing completed: 485_182
2022-04-01 10:00:27,471 - processing started: 487_182 
2022-04-01 10:00:27,584 - processing completed: 487_182
2022-04-01 10:00:27,589 - processing started: 489_183 
2022-04-01 10:00:27,757 - processing completed: 489_183
2022-04-01 10:00:27,761 - processing started: 491_183 
2022-04-01 10:00:27,871 - processing completed: 491_183
2022-04-01 10:00:27,876 - processing started: 493_184 
2022-04-01 10:00:28,065 - processing completed: 493_184
2022-04-01 10:00:28,070 - processing started: 495_185 
2022-04-01 10:00:28,198 - processing completed: 495_185
2022-04-01 10:00:28,202 - processing started: 497_186 
2022-04-01 10:00:28,373 - processing completed: 497_186
2022-04-01 10:00:28,378 - processing started: 499_187 
2022-04-01 10:00:28,487 - processing completed: 499_187
2022-04-01 10:00:28,493 - processing started: 501_188 
2022-04-01 10:00:28,661 - processing completed: 501_188
2022-04-01 10:00:28,666 - processing started: 503_188 
2022-04-01 10:00:28,776 - processing completed: 503_188
2022-04-01 10:00:28,780 - processing started: 505_189 
2022-04-01 10:00:28,923 - processing completed: 505_189
2022-04-01 10:00:28,927 - processing started: 507_190 
2022-04-01 10:00:29,109 - processing completed: 507_190
2022-04-01 10:00:29,114 - processing started: 509_191 
2022-04-01 10:00:29,241 - processing completed: 509_191
2022-04-01 10:00:29,246 - processing started: 511_192 
2022-04-01 10:00:29,413 - processing completed: 511_192
2022-04-01 10:00:29,419 - processing started: 513_192 
2022-04-01 10:00:29,535 - processing completed: 513_192
2022-04-01 10:00:29,540 - processing started: 515_193 
2022-04-01 10:00:29,712 - processing completed: 515_193
2022-04-01 10:00:29,717 - processing started: 517_194 
2022-04-01 10:00:29,826 - processing completed: 517_194
2022-04-01 10:00:29,831 - processing started: 519_195 
2022-04-01 10:00:30,003 - processing completed: 519_195
2022-04-01 10:00:30,007 - processing started: 521_196 
2022-04-01 10:00:30,120 - processing completed: 521_196
2022-04-01 10:00:30,125 - processing started: 523_196 
2022-04-01 10:00:30,306 - processing completed: 523_196
2022-04-01 10:00:30,312 - processing started: 525_196 
2022-04-01 10:00:30,433 - processing completed: 525_196
2022-04-01 10:00:30,438 - processing started: 527_197 
2022-04-01 10:00:30,619 - processing completed: 527_197
2022-04-01 10:00:30,624 - processing started: 529_197 
2022-04-01 10:00:30,733 - processing completed: 529_197
2022-04-01 10:00:30,737 - processing started: 531_197 
2022-04-01 10:00:30,912 - processing completed: 531_197
2022-04-01 10:00:30,918 - processing started: 533_198 
2022-04-01 10:00:31,037 - processing completed: 533_198
2022-04-01 10:00:31,041 - processing started: 535_199 
2022-04-01 10:00:31,208 - processing completed: 535_199
2022-04-01 10:00:31,213 - processing started: 537_200 
2022-04-01 10:00:31,398 - processing completed: 537_200
2022-04-01 10:00:31,405 - processing started: 539_201 
2022-04-01 10:00:31,516 - processing completed: 539_201
2022-04-01 10:00:31,521 - processing started: 541_202 
2022-04-01 10:00:31,693 - processing completed: 541_202
2022-04-01 10:00:31,698 - processing started: 543_203 
2022-04-01 10:00:31,811 - processing completed: 543_203
2022-04-01 10:00:31,816 - processing started: 545_204 
2022-04-01 10:00:31,992 - processing completed: 545_204
2022-04-01 10:00:31,998 - processing started: 547_205 
2022-04-01 10:00:32,118 - processing completed: 547_205
2022-04-01 10:00:32,122 - processing started: 549_206 
2022-04-01 10:00:32,297 - processing completed: 549_206
2022-04-01 10:00:32,301 - processing started: 551_207 
2022-04-01 10:00:32,425 - processing completed: 551_207
2022-04-01 10:00:32,431 - processing started: 553_207 
2022-04-01 10:00:32,609 - processing completed: 553_207
2022-04-01 10:00:32,615 - processing started: 555_208 
2022-04-01 10:00:32,729 - processing completed: 555_208
2022-04-01 10:00:32,734 - processing started: 557_209 
2022-04-01 10:00:32,905 - processing completed: 557_209
2022-04-01 10:00:32,910 - processing started: 559_210 
2022-04-01 10:00:33,030 - processing completed: 559_210
2022-04-01 10:00:33,035 - processing started: 561_211 
2022-04-01 10:00:33,210 - processing completed: 561_211
2022-04-01 10:00:33,214 - processing started: 563_212 
2022-04-01 10:00:33,326 - processing completed: 563_212
2022-04-01 10:00:33,331 - processing started: 565_213 
2022-04-01 10:00:33,518 - processing completed: 565_213
2022-04-01 10:00:33,524 - processing started: 567_214 
2022-04-01 10:00:33,702 - processing completed: 567_214
2022-04-01 10:00:33,707 - processing started: 569_214 
2022-04-01 10:00:33,820 - processing completed: 569_214
2022-04-01 10:00:33,825 - processing started: 571_215 
2022-04-01 10:00:34,004 - processing completed: 571_215
2022-04-01 10:00:34,008 - processing started: 573_216 
2022-04-01 10:00:34,123 - processing completed: 573_216
2022-04-01 10:00:34,127 - processing started: 575_217 
2022-04-01 10:00:34,307 - processing completed: 575_217
2022-04-01 10:00:34,312 - processing started: 577_218 
2022-04-01 10:00:34,426 - processing completed: 577_218
2022-04-01 10:00:34,431 - processing started: 579_219 
2022-04-01 10:00:34,613 - processing completed: 579_219
2022-04-01 10:00:34,618 - processing started: 581_220 
2022-04-01 10:00:34,729 - processing completed: 581_220
2022-04-01 10:00:34,733 - processing started: 583_220 
2022-04-01 10:00:34,900 - processing completed: 583_220
2022-04-01 10:00:34,905 - processing started: 585_221 
2022-04-01 10:00:35,022 - processing completed: 585_221
2022-04-01 10:00:35,026 - processing started: 587_222 
2022-04-01 10:00:35,197 - processing completed: 587_222
2022-04-01 10:00:35,201 - processing started: 589_222 
2022-04-01 10:00:35,313 - processing completed: 589_222
2022-04-01 10:00:35,317 - processing started: 591_223 
2022-04-01 10:00:35,464 - processing completed: 591_223
2022-04-01 10:00:35,468 - processing started: 593_223 
2022-04-01 10:00:35,582 - processing completed: 593_223
2022-04-01 10:00:35,587 - processing started: 595_224 
2022-04-01 10:00:35,777 - processing completed: 595_224
2022-04-01 10:00:35,782 - processing started: 597_225 
2022-04-01 10:00:35,931 - processing completed: 597_225
2022-04-01 10:00:35,934 - processing started: 599_225 
2022-04-01 10:00:36,081 - processing completed: 599_225
2022-04-01 10:00:36,087 - processing started: 601_225 
2022-04-01 10:00:36,237 - processing completed: 601_225
2022-04-01 10:00:36,240 - processing started: 603_226 
2022-04-01 10:00:36,333 - processing completed: 603_226
2022-04-01 10:00:36,336 - processing started: 605_227 
2022-04-01 10:00:36,511 - processing completed: 605_227
2022-04-01 10:00:36,515 - processing started: 607_227 
2022-04-01 10:00:36,637 - processing completed: 607_227
2022-04-01 10:00:36,641 - processing started: 609_227 
2022-04-01 10:00:36,791 - processing completed: 609_227
2022-04-01 10:00:36,795 - processing started: 611_227 
2022-04-01 10:00:36,941 - processing completed: 611_227
2022-04-01 10:00:36,946 - processing started: 613_227 
2022-04-01 10:00:37,115 - processing completed: 613_227
2022-04-01 10:00:37,119 - processing started: 615_228 
2022-04-01 10:00:37,214 - processing completed: 615_228
2022-04-01 10:00:37,218 - processing started: 617_229 
2022-04-01 10:00:37,367 - processing completed: 617_229
2022-04-01 10:00:37,371 - processing started: 619_230 
2022-04-01 10:00:37,459 - processing completed: 619_230
2022-04-01 10:00:37,463 - processing started: 621_230 
2022-04-01 10:00:37,621 - processing completed: 621_230
2022-04-01 10:00:37,626 - processing started: 623_231 
2022-04-01 10:00:37,715 - processing completed: 623_231
2022-04-01 10:00:37,718 - processing started: 625_232 
2022-04-01 10:00:37,859 - processing completed: 625_232
2022-04-01 10:00:37,863 - processing started: 627_232 
2022-04-01 10:00:38,014 - processing completed: 627_232
2022-04-01 10:00:38,018 - processing started: 629_232 
2022-04-01 10:00:38,106 - processing completed: 629_232
2022-04-01 10:00:38,109 - processing started: 631_233 
2022-04-01 10:00:38,260 - processing completed: 631_233
2022-04-01 10:00:38,263 - processing started: 633_234 
2022-04-01 10:00:38,347 - processing completed: 633_234
2022-04-01 10:00:38,351 - processing started: 635_234 
2022-04-01 10:00:38,501 - processing completed: 635_234
2022-04-01 10:00:38,505 - processing started: 637_234 
2022-04-01 10:00:38,591 - processing completed: 637_234
2022-04-01 10:00:38,594 - processing started: 639_235 
2022-04-01 10:00:38,791 - processing completed: 639_235
2022-04-01 10:00:38,797 - processing started: 641_236 
2022-04-01 10:00:38,918 - processing completed: 641_236
2022-04-01 10:00:38,922 - processing started: 643_237 
2022-04-01 10:00:39,098 - processing completed: 643_237
2022-04-01 10:00:39,102 - processing started: 645_238 
2022-04-01 10:00:39,212 - processing completed: 645_238
2022-04-01 10:00:39,216 - processing started: 647_239 
2022-04-01 10:00:39,385 - processing completed: 647_239
2022-04-01 10:00:39,389 - processing started: 649_240 
2022-04-01 10:00:39,500 - processing completed: 649_240
2022-04-01 10:00:39,506 - processing started: 651_240 
2022-04-01 10:00:39,678 - processing completed: 651_240
2022-04-01 10:00:39,683 - processing started: 653_241 
2022-04-01 10:00:39,794 - processing completed: 653_241
2022-04-01 10:00:39,798 - processing started: 655_242 
2022-04-01 10:00:39,979 - processing completed: 655_242
2022-04-01 10:00:39,985 - processing started: 657_242 
2022-04-01 10:00:40,169 - processing completed: 657_242
2022-04-01 10:00:40,175 - processing started: 659_243 
2022-04-01 10:00:40,289 - processing completed: 659_243
2022-04-01 10:00:40,294 - processing started: 661_244 
2022-04-01 10:00:40,432 - processing completed: 661_244
2022-04-01 10:00:40,436 - processing started: 663_244 
2022-04-01 10:00:40,522 - processing completed: 663_244
2022-04-01 10:00:40,527 - processing started: 665_245 
2022-04-01 10:00:40,683 - processing completed: 665_245
2022-04-01 10:00:40,688 - processing started: 667_246 
2022-04-01 10:00:40,761 - processing completed: 667_246
2022-04-01 10:00:40,764 - processing started: 669_247 
2022-04-01 10:00:40,904 - processing completed: 669_247
2022-04-01 10:00:40,909 - processing started: 671_248 
2022-04-01 10:00:40,994 - processing completed: 671_248
2022-04-01 10:00:40,998 - processing started: 673_249 
2022-04-01 10:00:41,135 - processing completed: 673_249
2022-04-01 10:00:41,138 - processing started: 675_250 
2022-04-01 10:00:41,214 - processing completed: 675_250
2022-04-01 10:00:41,218 - processing started: 677_251 
2022-04-01 10:00:41,352 - processing completed: 677_251
2022-04-01 10:00:41,356 - processing started: 679_251 
2022-04-01 10:00:41,433 - processing completed: 679_251
2022-04-01 10:00:41,438 - processing started: 681_252 
2022-04-01 10:00:41,578 - processing completed: 681_252
2022-04-01 10:00:41,583 - processing started: 683_252 
2022-04-01 10:00:41,651 - processing completed: 683_252
2022-04-01 10:00:41,655 - processing started: 685_253 
2022-04-01 10:00:41,809 - processing completed: 685_253
2022-04-01 10:00:41,813 - processing started: 687_254 
2022-04-01 10:00:41,977 - processing completed: 687_254
2022-04-01 10:00:41,985 - processing started: 689_255 
2022-04-01 10:00:42,098 - processing completed: 689_255
2022-04-01 10:00:42,102 - processing started: 691_256 
2022-04-01 10:00:42,271 - processing completed: 691_256
2022-04-01 10:00:42,275 - processing started: 693_257 
2022-04-01 10:00:42,370 - processing completed: 693_257
2022-04-01 10:00:42,375 - processing started: 695_257 
2022-04-01 10:00:42,539 - processing completed: 695_257
2022-04-01 10:00:42,543 - processing started: 697_258 
2022-04-01 10:00:42,641 - processing completed: 697_258
2022-04-01 10:00:42,645 - processing started: 699_259 
2022-04-01 10:00:42,793 - processing completed: 699_259
2022-04-01 10:00:42,797 - processing started: 701_260 
2022-04-01 10:00:42,892 - processing completed: 701_260
2022-04-01 10:00:42,896 - processing started: 703_260 
2022-04-01 10:00:43,077 - processing completed: 703_260
2022-04-01 10:00:43,081 - processing started: 705_261 
2022-04-01 10:00:43,185 - processing completed: 705_261
2022-04-01 10:00:43,189 - processing started: 707_262 
2022-04-01 10:00:43,338 - processing completed: 707_262
2022-04-01 10:00:43,341 - processing started: 709_262 
2022-04-01 10:00:43,433 - processing completed: 709_262
2022-04-01 10:00:43,437 - processing started: 711_263 
2022-04-01 10:00:43,595 - processing completed: 711_263
2022-04-01 10:00:43,598 - processing started: 713_264 
2022-04-01 10:00:43,748 - processing completed: 713_264
2022-04-01 10:00:43,752 - processing started: 715_265 
2022-04-01 10:00:43,835 - processing completed: 715_265
2022-04-01 10:00:43,839 - processing started: 717_265 
2022-04-01 10:00:43,990 - processing completed: 717_265
2022-04-01 10:00:43,994 - processing started: 719_266 
2022-04-01 10:00:44,088 - processing completed: 719_266
2022-04-01 10:00:44,093 - processing started: 721_267 
2022-04-01 10:00:44,248 - processing completed: 721_267
2022-04-01 10:00:44,252 - processing started: 723_267 
2022-04-01 10:00:44,336 - processing completed: 723_267
2022-04-01 10:00:44,339 - processing started: 725_267 
2022-04-01 10:00:44,487 - processing completed: 725_267
2022-04-01 10:00:44,491 - processing started: 727_268 
2022-04-01 10:00:44,588 - processing completed: 727_268
2022-04-01 10:00:44,592 - processing started: 729_268 
2022-04-01 10:00:44,736 - processing completed: 729_268
2022-04-01 10:00:44,741 - processing started: 731_268 
2022-04-01 10:00:44,828 - processing completed: 731_268
2022-04-01 10:00:44,833 - processing started: 733_268 
2022-04-01 10:00:44,980 - processing completed: 733_268
2022-04-01 10:00:44,985 - processing started: 735_269 
2022-04-01 10:00:45,074 - processing completed: 735_269
2022-04-01 10:00:45,078 - processing started: 737_269 
2022-04-01 10:00:45,240 - processing completed: 737_269
2022-04-01 10:00:45,245 - processing started: 739_270 
2022-04-01 10:00:45,340 - processing completed: 739_270
2022-04-01 10:00:45,344 - processing started: 741_271 
2022-04-01 10:00:45,502 - processing completed: 741_271
2022-04-01 10:00:45,506 - processing started: 743_272 
2022-04-01 10:00:45,668 - processing completed: 743_272
2022-04-01 10:00:45,673 - processing started: 745_273 
2022-04-01 10:00:45,764 - processing completed: 745_273
2022-04-01 10:00:45,769 - processing started: 747_274 
2022-04-01 10:00:45,911 - processing completed: 747_274
2022-04-01 10:00:45,915 - processing started: 749_274 
2022-04-01 10:00:45,994 - processing completed: 749_274
2022-04-01 10:00:45,998 - processing started: 751_275 
2022-04-01 10:00:46,153 - processing completed: 751_275
2022-04-01 10:00:46,157 - processing started: 753_275 
2022-04-01 10:00:46,255 - processing completed: 753_275
2022-04-01 10:00:46,259 - processing started: 755_276 
2022-04-01 10:00:46,407 - processing completed: 755_276
2022-04-01 10:00:46,411 - processing started: 757_276 
2022-04-01 10:00:46,499 - processing completed: 757_276
2022-04-01 10:00:46,504 - processing started: 759_277 
2022-04-01 10:00:46,657 - processing completed: 759_277
2022-04-01 10:00:46,661 - processing started: 761_278 
2022-04-01 10:00:46,752 - processing completed: 761_278
2022-04-01 10:00:46,755 - processing started: 763_279 
2022-04-01 10:00:46,908 - processing completed: 763_279
2022-04-01 10:00:46,911 - processing started: 765_280 
2022-04-01 10:00:46,995 - processing completed: 765_280
2022-04-01 10:00:46,998 - processing started: 767_280 
2022-04-01 10:00:47,145 - processing completed: 767_280
2022-04-01 10:00:47,150 - processing started: 769_281 
2022-04-01 10:00:47,226 - processing completed: 769_281
2022-04-01 10:00:47,229 - processing started: 771_282 
2022-04-01 10:00:47,384 - processing completed: 771_282
2022-04-01 10:00:47,389 - processing started: 773_283 
2022-04-01 10:00:47,546 - processing completed: 773_283
2022-04-01 10:00:47,553 - processing started: 775_284 
2022-04-01 10:00:47,624 - processing completed: 775_284
2022-04-01 10:00:47,629 - processing started: 777_285 
2022-04-01 10:00:47,774 - processing completed: 777_285
2022-04-01 10:00:47,777 - processing started: 779_286 
2022-04-01 10:00:47,925 - processing completed: 779_286
2022-04-01 10:00:47,931 - processing started: 781_287 
2022-04-01 10:00:48,076 - processing completed: 781_287
2022-04-01 10:00:48,079 - processing started: 783_288 
2022-04-01 10:00:48,152 - processing completed: 783_288
2022-04-01 10:00:48,157 - processing started: 785_289 
2022-04-01 10:00:48,301 - processing completed: 785_289
2022-04-01 10:00:48,305 - processing started: 787_290 
2022-04-01 10:00:48,386 - processing completed: 787_290
2022-04-01 10:00:48,389 - processing started: 789_290 
2022-04-01 10:00:48,533 - processing completed: 789_290
2022-04-01 10:00:48,537 - processing started: 791_291 
2022-04-01 10:00:48,610 - processing completed: 791_291
2022-04-01 10:00:48,613 - processing started: 793_292 
2022-04-01 10:00:48,750 - processing completed: 793_292
2022-04-01 10:00:48,753 - processing started: 795_292 
2022-04-01 10:00:48,826 - processing completed: 795_292
2022-04-01 10:00:48,832 - processing started: 797_293 
2022-04-01 10:00:48,941 - processing completed: 797_293
2022-04-01 10:00:48,945 - processing started: 799_294 
2022-04-01 10:00:48,994 - processing completed: 799_294
2022-04-01 10:00:48,996 - processing started: 801_295 
2022-04-01 10:00:49,135 - processing completed: 801_295
2022-04-01 10:00:49,138 - processing started: 803_296 
2022-04-01 10:00:49,278 - processing completed: 803_296
2022-04-01 10:00:49,282 - processing started: 805_297 
2022-04-01 10:00:49,450 - processing completed: 805_297
2022-04-01 10:00:49,457 - processing started: 807_298 
2022-04-01 10:00:49,615 - processing completed: 807_298
2022-04-01 10:00:49,619 - processing started: 809_298 
2022-04-01 10:00:49,694 - processing completed: 809_298
2022-04-01 10:00:49,697 - processing started: 811_299 
2022-04-01 10:00:49,832 - processing completed: 811_299
2022-04-01 10:00:49,835 - processing started: 0_0 
2022-04-01 10:00:49,836 - Closing connection (200): Normal shutdown
2022-04-01 10:00:49,836 - Closing channel (200): 'Normal shutdown' on <Channel number=1 OPEN conn=<SelectConnection OPEN transport=<pika.adapters.utils.io_services_utils._AsyncPlaintextTransport object at 0x12209d280> params=<ConnectionParameters host=localhost port=5672 virtual_host=/ ssl=False>>>
2022-04-01 10:00:49,837 - Received <Channel.CloseOk> on <Channel number=1 CLOSING conn=<SelectConnection OPEN transport=<pika.adapters.utils.io_services_utils._AsyncPlaintextTransport object at 0x12209d280> params=<ConnectionParameters host=localhost port=5672 virtual_host=/ ssl=False>>>
2022-04-01 10:00:49,837 - Closing connection (200): 'Normal shutdown'
2022-04-01 10:00:49,838 - Aborting transport connection: state=1; <socket.socket fd=22, family=AddressFamily.AF_INET, type=SocketKind.SOCK_STREAM, proto=6, laddr=('127.0.0.1', 62765), raddr=('127.0.0.1', 5672)>
2022-04-01 10:00:49,838 - _AsyncTransportBase._initate_abort(): Initiating abrupt asynchronous transport shutdown: state=1; error=None; <socket.socket fd=22, family=AddressFamily.AF_INET, type=SocketKind.SOCK_STREAM, proto=6, laddr=('127.0.0.1', 62765), raddr=('127.0.0.1', 5672)>
2022-04-01 10:00:49,838 - Deactivating transport: state=1; <socket.socket fd=22, family=AddressFamily.AF_INET, type=SocketKind.SOCK_STREAM, proto=6, laddr=('127.0.0.1', 62765), raddr=('127.0.0.1', 5672)>
2022-04-01 10:00:49,839 - AMQP stack terminated, failed to connect, or aborted: opened=True, error-arg=None; pending-error=ConnectionClosedByClient: (200) 'Normal shutdown'
2022-04-01 10:00:49,839 - Stack terminated due to ConnectionClosedByClient: (200) 'Normal shutdown'
2022-04-01 10:00:49,839 - Closing transport socket and unlinking: state=3; <socket.socket fd=22, family=AddressFamily.AF_INET, type=SocketKind.SOCK_STREAM, proto=6, laddr=('127.0.0.1', 62765), raddr=('127.0.0.1', 5672)>
2022-04-01 10:00:49,839 - User-initiated close: result=BlockingConnection__OnClosedArgs(connection=<SelectConnection CLOSED transport=None params=<ConnectionParameters host=localhost port=5672 virtual_host=/ ssl=False>>, error=ConnectionClosedByClient: (200) 'Normal shutdown')
2022-04-01 10:00:49,840 - PID 74609 completed loading and processing
