2022-04-01 10:34:42,007 - PID 84776 started loading and processing
2022-04-01 10:34:42,014 - Pika version 1.2.0 connecting to ('::1', 5672, 0, 0)
2022-04-01 10:34:42,014 - Socket failed to connect: <socket.socket fd=22, family=AddressFamily.AF_INET6, type=SocketKind.SOCK_STREAM, proto=6, laddr=('::1', 63012, 0, 0)>; error=61 (Connection refused)
2022-04-01 10:34:42,014 - TCP Connection attempt failed: ConnectionRefusedError(61, 'Connection refused'); dest=(<AddressFamily.AF_INET6: 30>, <SocketKind.SOCK_STREAM: 1>, 6, '', ('::1', 5672, 0, 0))
2022-04-01 10:34:42,014 - AMQPConnector - reporting failure: AMQPConnectorSocketConnectError: ConnectionRefusedError(61, 'Connection refused')
2022-04-01 10:34:42,015 - Pika version 1.2.0 connecting to ('127.0.0.1', 5672)
2022-04-01 10:34:42,015 - Socket connected: <socket.socket fd=22, family=AddressFamily.AF_INET, type=SocketKind.SOCK_STREAM, proto=6, laddr=('127.0.0.1', 63015), raddr=('127.0.0.1', 5672)>
2022-04-01 10:34:42,016 - Streaming transport linked up: (<pika.adapters.utils.io_services_utils._AsyncPlaintextTransport object at 0x124718280>, _StreamingProtocolShim: <SelectConnection PROTOCOL transport=<pika.adapters.utils.io_services_utils._AsyncPlaintextTransport object at 0x124718280> params=<ConnectionParameters host=localhost port=5672 virtual_host=/ ssl=False>>).
2022-04-01 10:34:42,029 - AMQPConnector - reporting success: <SelectConnection OPEN transport=<pika.adapters.utils.io_services_utils._AsyncPlaintextTransport object at 0x124718280> params=<ConnectionParameters host=localhost port=5672 virtual_host=/ ssl=False>>
2022-04-01 10:34:42,029 - AMQPConnectionWorkflow - reporting success: <SelectConnection OPEN transport=<pika.adapters.utils.io_services_utils._AsyncPlaintextTransport object at 0x124718280> params=<ConnectionParameters host=localhost port=5672 virtual_host=/ ssl=False>>
2022-04-01 10:34:42,029 - Connection workflow succeeded: <SelectConnection OPEN transport=<pika.adapters.utils.io_services_utils._AsyncPlaintextTransport object at 0x124718280> params=<ConnectionParameters host=localhost port=5672 virtual_host=/ ssl=False>>
2022-04-01 10:34:42,029 - Created channel=1
2022-04-01 10:34:42,031 - Logging before start consuming
2022-04-01 10:34:45,519 - processing started: 1_000 
2022-04-01 10:34:45,728 - processing completed: 1_000
2022-04-01 10:34:45,754 - processing started: 3_001 
2022-04-01 10:34:45,989 - processing completed: 3_001
2022-04-01 10:34:45,995 - processing started: 5_002 
2022-04-01 10:34:46,244 - processing completed: 5_002
2022-04-01 10:34:46,250 - processing started: 7_003 
2022-04-01 10:34:46,422 - processing completed: 7_003
2022-04-01 10:34:46,427 - processing started: 9_003 
2022-04-01 10:34:46,655 - processing completed: 9_003
2022-04-01 10:34:46,662 - processing started: 11_004 
2022-04-01 10:34:46,705 - processing completed: 11_004
2022-04-01 10:34:46,708 - processing started: 13_005 
2022-04-01 10:34:46,936 - processing completed: 13_005
2022-04-01 10:34:46,942 - processing started: 15_005 
2022-04-01 10:34:47,105 - processing completed: 15_005
2022-04-01 10:34:47,112 - processing started: 17_006 
2022-04-01 10:34:47,272 - processing completed: 17_006
2022-04-01 10:34:47,275 - processing started: 19_007 
2022-04-01 10:34:47,452 - processing completed: 19_007
2022-04-01 10:34:47,460 - processing started: 21_008 
2022-04-01 10:34:47,714 - processing completed: 21_008
2022-04-01 10:34:47,720 - processing started: 23_009 
2022-04-01 10:34:47,912 - processing completed: 23_009
2022-04-01 10:34:47,920 - processing started: 25_010 
2022-04-01 10:34:48,170 - processing completed: 25_010
2022-04-01 10:34:48,177 - processing started: 27_011 
2022-04-01 10:34:48,360 - processing completed: 27_011
2022-04-01 10:34:48,367 - processing started: 29_012 
2022-04-01 10:34:48,514 - processing completed: 29_012
2022-04-01 10:34:48,518 - processing started: 31_013 
2022-04-01 10:34:48,680 - processing completed: 31_013
2022-04-01 10:34:48,685 - processing started: 33_014 
2022-04-01 10:34:48,850 - processing completed: 33_014
2022-04-01 10:34:48,855 - processing started: 35_014 
2022-04-01 10:34:49,034 - processing completed: 35_014
2022-04-01 10:34:49,038 - processing started: 37_014 
2022-04-01 10:34:49,143 - processing completed: 37_014
2022-04-01 10:34:49,147 - processing started: 39_015 
2022-04-01 10:34:49,326 - processing completed: 39_015
2022-04-01 10:34:49,331 - processing started: 41_015 
2022-04-01 10:34:49,445 - processing completed: 41_015
2022-04-01 10:34:49,450 - processing started: 43_016 
2022-04-01 10:34:49,633 - processing completed: 43_016
2022-04-01 10:34:49,638 - processing started: 45_017 
2022-04-01 10:34:49,768 - processing completed: 45_017
2022-04-01 10:34:49,773 - processing started: 47_017 
2022-04-01 10:34:49,968 - processing completed: 47_017
2022-04-01 10:34:49,973 - processing started: 49_018 
2022-04-01 10:34:50,091 - processing completed: 49_018
2022-04-01 10:34:50,096 - processing started: 51_019 
2022-04-01 10:34:50,288 - processing completed: 51_019
2022-04-01 10:34:50,293 - processing started: 53_020 
2022-04-01 10:34:50,421 - processing completed: 53_020
2022-04-01 10:34:50,426 - processing started: 55_021 
2022-04-01 10:34:50,607 - processing completed: 55_021
2022-04-01 10:34:50,612 - processing started: 57_022 
2022-04-01 10:34:50,727 - processing completed: 57_022
2022-04-01 10:34:50,731 - processing started: 59_023 
2022-04-01 10:34:50,930 - processing completed: 59_023
2022-04-01 10:34:50,934 - processing started: 61_023 
2022-04-01 10:34:51,036 - processing completed: 61_023
2022-04-01 10:34:51,040 - processing started: 63_024 
2022-04-01 10:34:51,201 - processing completed: 63_024
2022-04-01 10:34:51,205 - processing started: 65_024 
2022-04-01 10:34:51,372 - processing completed: 65_024
2022-04-01 10:34:51,376 - processing started: 67_025 
2022-04-01 10:34:51,480 - processing completed: 67_025
2022-04-01 10:34:51,485 - processing started: 69_026 
2022-04-01 10:34:51,656 - processing completed: 69_026
2022-04-01 10:34:51,660 - processing started: 71_027 
2022-04-01 10:34:51,763 - processing completed: 71_027
2022-04-01 10:34:51,768 - processing started: 73_028 
2022-04-01 10:34:51,935 - processing completed: 73_028
2022-04-01 10:34:51,938 - processing started: 75_029 
2022-04-01 10:34:52,039 - processing completed: 75_029
2022-04-01 10:34:52,043 - processing started: 77_030 
2022-04-01 10:34:52,202 - processing completed: 77_030
2022-04-01 10:34:52,205 - processing started: 79_030 
2022-04-01 10:34:52,298 - processing completed: 79_030
2022-04-01 10:34:52,302 - processing started: 81_031 
2022-04-01 10:34:52,462 - processing completed: 81_031
2022-04-01 10:34:52,465 - processing started: 83_032 
2022-04-01 10:34:52,623 - processing completed: 83_032
2022-04-01 10:34:52,628 - processing started: 85_032 
2022-04-01 10:34:52,823 - processing completed: 85_032
2022-04-01 10:34:52,828 - processing started: 87_032 
2022-04-01 10:34:52,982 - processing completed: 87_032
2022-04-01 10:34:52,987 - processing started: 89_033 
2022-04-01 10:34:53,141 - processing completed: 89_033
2022-04-01 10:34:53,144 - processing started: 91_033 
2022-04-01 10:34:53,239 - processing completed: 91_033
2022-04-01 10:34:53,244 - processing started: 93_034 
2022-04-01 10:34:53,393 - processing completed: 93_034
2022-04-01 10:34:53,396 - processing started: 95_035 
2022-04-01 10:34:53,557 - processing completed: 95_035
2022-04-01 10:34:53,561 - processing started: 97_035 
2022-04-01 10:34:53,651 - processing completed: 97_035
2022-04-01 10:34:53,654 - processing started: 99_036 
2022-04-01 10:34:53,808 - processing completed: 99_036
2022-04-01 10:34:53,812 - processing started: 101_037 
2022-04-01 10:34:53,916 - processing completed: 101_037
2022-04-01 10:34:53,921 - processing started: 103_037 
2022-04-01 10:34:54,080 - processing completed: 103_037
2022-04-01 10:34:54,083 - processing started: 105_038 
2022-04-01 10:34:54,177 - processing completed: 105_038
2022-04-01 10:34:54,181 - processing started: 107_039 
2022-04-01 10:34:54,334 - processing completed: 107_039
2022-04-01 10:34:54,338 - processing started: 109_040 
2022-04-01 10:34:54,432 - processing completed: 109_040
2022-04-01 10:34:54,435 - processing started: 111_040 
2022-04-01 10:34:54,595 - processing completed: 111_040
2022-04-01 10:34:54,598 - processing started: 113_040 
2022-04-01 10:34:54,691 - processing completed: 113_040
2022-04-01 10:34:54,695 - processing started: 115_040 
2022-04-01 10:34:54,846 - processing completed: 115_040
2022-04-01 10:34:54,850 - processing started: 117_041 
2022-04-01 10:34:54,961 - processing completed: 117_041
2022-04-01 10:34:54,965 - processing started: 119_042 
2022-04-01 10:34:55,114 - processing completed: 119_042
2022-04-01 10:34:55,118 - processing started: 121_042 
2022-04-01 10:34:55,213 - processing completed: 121_042
2022-04-01 10:34:55,217 - processing started: 123_043 
2022-04-01 10:34:55,378 - processing completed: 123_043
2022-04-01 10:34:55,382 - processing started: 125_044 
2022-04-01 10:34:55,541 - processing completed: 125_044
2022-04-01 10:34:55,544 - processing started: 127_045 
2022-04-01 10:34:55,634 - processing completed: 127_045
2022-04-01 10:34:55,638 - processing started: 129_045 
2022-04-01 10:34:55,788 - processing completed: 129_045
2022-04-01 10:34:55,792 - processing started: 131_046 
2022-04-01 10:34:55,881 - processing completed: 131_046
2022-04-01 10:34:55,885 - processing started: 133_047 
2022-04-01 10:34:56,052 - processing completed: 133_047
2022-04-01 10:34:56,056 - processing started: 135_048 
2022-04-01 10:34:56,150 - processing completed: 135_048
2022-04-01 10:34:56,154 - processing started: 137_049 
2022-04-01 10:34:56,308 - processing completed: 137_049
2022-04-01 10:34:56,312 - processing started: 139_049 
2022-04-01 10:34:56,408 - processing completed: 139_049
2022-04-01 10:34:56,412 - processing started: 141_050 
2022-04-01 10:34:56,569 - processing completed: 141_050
2022-04-01 10:34:56,573 - processing started: 143_051 
2022-04-01 10:34:56,666 - processing completed: 143_051
2022-04-01 10:34:56,669 - processing started: 145_051 
2022-04-01 10:34:56,815 - processing completed: 145_051
2022-04-01 10:34:56,818 - processing started: 147_051 
2022-04-01 10:34:56,911 - processing completed: 147_051
2022-04-01 10:34:56,915 - processing started: 149_052 
2022-04-01 10:34:57,081 - processing completed: 149_052
2022-04-01 10:34:57,084 - processing started: 151_053 
2022-04-01 10:34:57,176 - processing completed: 151_053
2022-04-01 10:34:57,180 - processing started: 153_054 
2022-04-01 10:34:57,331 - processing completed: 153_054
2022-04-01 10:34:57,334 - processing started: 155_055 
2022-04-01 10:34:57,493 - processing completed: 155_055
2022-04-01 10:34:57,498 - processing started: 157_056 
2022-04-01 10:34:57,640 - processing completed: 157_056
2022-04-01 10:34:57,644 - processing started: 159_057 
2022-04-01 10:34:57,831 - processing completed: 159_057
2022-04-01 10:34:57,835 - processing started: 161_058 
2022-04-01 10:34:57,986 - processing completed: 161_058
2022-04-01 10:34:57,992 - processing started: 163_059 
2022-04-01 10:34:58,160 - processing completed: 163_059
2022-04-01 10:34:58,163 - processing started: 165_060 
2022-04-01 10:34:58,254 - processing completed: 165_060
2022-04-01 10:34:58,258 - processing started: 167_060 
2022-04-01 10:34:58,409 - processing completed: 167_060
2022-04-01 10:34:58,412 - processing started: 169_061 
2022-04-01 10:34:58,513 - processing completed: 169_061
2022-04-01 10:34:58,516 - processing started: 171_062 
2022-04-01 10:34:58,668 - processing completed: 171_062
2022-04-01 10:34:58,673 - processing started: 173_063 
2022-04-01 10:34:58,852 - processing completed: 173_063
2022-04-01 10:34:58,859 - processing started: 175_064 
2022-04-01 10:34:59,108 - processing completed: 175_064
2022-04-01 10:34:59,114 - processing started: 177_064 
2022-04-01 10:34:59,315 - processing completed: 177_064
2022-04-01 10:34:59,321 - processing started: 179_065 
2022-04-01 10:34:59,568 - processing completed: 179_065
2022-04-01 10:34:59,574 - processing started: 181_066 
2022-04-01 10:34:59,817 - processing completed: 181_066
2022-04-01 10:34:59,824 - processing started: 183_066 
2022-04-01 10:35:00,017 - processing completed: 183_066
2022-04-01 10:35:00,024 - processing started: 185_066 
2022-04-01 10:35:00,270 - processing completed: 185_066
2022-04-01 10:35:00,276 - processing started: 187_066 
2022-04-01 10:35:00,432 - processing completed: 187_066
2022-04-01 10:35:00,437 - processing started: 189_067 
2022-04-01 10:35:00,683 - processing completed: 189_067
2022-04-01 10:35:00,689 - processing started: 191_067 
2022-04-01 10:35:00,866 - processing completed: 191_067
2022-04-01 10:35:00,871 - processing started: 193_068 
2022-04-01 10:35:01,061 - processing completed: 193_068
2022-04-01 10:35:01,065 - processing started: 195_069 
2022-04-01 10:35:01,186 - processing completed: 195_069
2022-04-01 10:35:01,192 - processing started: 197_069 
2022-04-01 10:35:01,381 - processing completed: 197_069
2022-04-01 10:35:01,386 - processing started: 199_070 
2022-04-01 10:35:01,567 - processing completed: 199_070
2022-04-01 10:35:01,573 - processing started: 201_071 
2022-04-01 10:35:01,815 - processing completed: 201_071
2022-04-01 10:35:01,822 - processing started: 203_072 
2022-04-01 10:35:01,999 - processing completed: 203_072
2022-04-01 10:35:02,006 - processing started: 205_072 
2022-04-01 10:35:02,240 - processing completed: 205_072
2022-04-01 10:35:02,247 - processing started: 207_073 
2022-04-01 10:35:02,427 - processing completed: 207_073
2022-04-01 10:35:02,433 - processing started: 209_074 
2022-04-01 10:35:02,683 - processing completed: 209_074
2022-04-01 10:35:02,689 - processing started: 211_075 
2022-04-01 10:35:02,950 - processing completed: 211_075
2022-04-01 10:35:02,957 - processing started: 213_076 
2022-04-01 10:35:03,136 - processing completed: 213_076
2022-04-01 10:35:03,142 - processing started: 215_077 
2022-04-01 10:35:03,324 - processing completed: 215_077
2022-04-01 10:35:03,330 - processing started: 217_077 
2022-04-01 10:35:03,518 - processing completed: 217_077
2022-04-01 10:35:03,526 - processing started: 219_078 
2022-04-01 10:35:03,762 - processing completed: 219_078
2022-04-01 10:35:03,768 - processing started: 221_079 
2022-04-01 10:35:03,943 - processing completed: 221_079
2022-04-01 10:35:03,950 - processing started: 223_080 
2022-04-01 10:35:04,097 - processing completed: 223_080
2022-04-01 10:35:04,101 - processing started: 225_081 
2022-04-01 10:35:04,207 - processing completed: 225_081
2022-04-01 10:35:04,212 - processing started: 227_081 
2022-04-01 10:35:04,379 - processing completed: 227_081
2022-04-01 10:35:04,385 - processing started: 229_081 
2022-04-01 10:35:04,511 - processing completed: 229_081
2022-04-01 10:35:04,516 - processing started: 231_081 
2022-04-01 10:35:04,687 - processing completed: 231_081
2022-04-01 10:35:04,692 - processing started: 233_082 
2022-04-01 10:35:04,800 - processing completed: 233_082
2022-04-01 10:35:04,805 - processing started: 235_082 
2022-04-01 10:35:04,973 - processing completed: 235_082
2022-04-01 10:35:04,978 - processing started: 237_083 
2022-04-01 10:35:05,090 - processing completed: 237_083
2022-04-01 10:35:05,095 - processing started: 239_084 
2022-04-01 10:35:05,263 - processing completed: 239_084
2022-04-01 10:35:05,269 - processing started: 241_085 
2022-04-01 10:35:05,443 - processing completed: 241_085
2022-04-01 10:35:05,449 - processing started: 243_086 
2022-04-01 10:35:05,595 - processing completed: 243_086
2022-04-01 10:35:05,600 - processing started: 245_087 
2022-04-01 10:35:05,769 - processing completed: 245_087
2022-04-01 10:35:05,773 - processing started: 247_088 
2022-04-01 10:35:05,884 - processing completed: 247_088
2022-04-01 10:35:05,889 - processing started: 249_089 
2022-04-01 10:35:06,027 - processing completed: 249_089
2022-04-01 10:35:06,031 - processing started: 251_089 
2022-04-01 10:35:06,099 - processing completed: 251_089
2022-04-01 10:35:06,103 - processing started: 253_090 
2022-04-01 10:35:06,234 - processing completed: 253_090
2022-04-01 10:35:06,238 - processing started: 255_091 
2022-04-01 10:35:06,308 - processing completed: 255_091
2022-04-01 10:35:06,313 - processing started: 257_092 
2022-04-01 10:35:06,446 - processing completed: 257_092
2022-04-01 10:35:06,450 - processing started: 259_093 
2022-04-01 10:35:06,539 - processing completed: 259_093
2022-04-01 10:35:06,543 - processing started: 261_094 
2022-04-01 10:35:06,710 - processing completed: 261_094
2022-04-01 10:35:06,715 - processing started: 263_095 
2022-04-01 10:35:06,800 - processing completed: 263_095
2022-04-01 10:35:06,805 - processing started: 265_096 
2022-04-01 10:35:06,948 - processing completed: 265_096
2022-04-01 10:35:06,953 - processing started: 267_097 
2022-04-01 10:35:07,041 - processing completed: 267_097
2022-04-01 10:35:07,045 - processing started: 269_098 
2022-04-01 10:35:07,191 - processing completed: 269_098
2022-04-01 10:35:07,195 - processing started: 271_098 
2022-04-01 10:35:07,345 - processing completed: 271_098
2022-04-01 10:35:07,349 - processing started: 273_099 
2022-04-01 10:35:07,420 - processing completed: 273_099
2022-04-01 10:35:07,425 - processing started: 275_100 
2022-04-01 10:35:07,627 - processing completed: 275_100
2022-04-01 10:35:07,631 - processing started: 277_101 
2022-04-01 10:35:07,705 - processing completed: 277_101
2022-04-01 10:35:07,708 - processing started: 279_102 
2022-04-01 10:35:07,846 - processing completed: 279_102
2022-04-01 10:35:07,849 - processing started: 281_103 
2022-04-01 10:35:07,923 - processing completed: 281_103
2022-04-01 10:35:07,926 - processing started: 283_104 
2022-04-01 10:35:08,071 - processing completed: 283_104
2022-04-01 10:35:08,075 - processing started: 285_105 
2022-04-01 10:35:08,146 - processing completed: 285_105
2022-04-01 10:35:08,150 - processing started: 287_106 
2022-04-01 10:35:08,282 - processing completed: 287_106
2022-04-01 10:35:08,287 - processing started: 289_107 
2022-04-01 10:35:08,357 - processing completed: 289_107
2022-04-01 10:35:08,362 - processing started: 291_107 
2022-04-01 10:35:08,503 - processing completed: 291_107
2022-04-01 10:35:08,507 - processing started: 293_108 
2022-04-01 10:35:08,573 - processing completed: 293_108
2022-04-01 10:35:08,576 - processing started: 295_109 
2022-04-01 10:35:08,710 - processing completed: 295_109
2022-04-01 10:35:08,714 - processing started: 297_110 
2022-04-01 10:35:08,783 - processing completed: 297_110
2022-04-01 10:35:08,788 - processing started: 299_110 
2022-04-01 10:35:08,928 - processing completed: 299_110
2022-04-01 10:35:08,931 - processing started: 301_111 
2022-04-01 10:35:09,067 - processing completed: 301_111
2022-04-01 10:35:09,072 - processing started: 303_112 
2022-04-01 10:35:09,142 - processing completed: 303_112
2022-04-01 10:35:09,146 - processing started: 305_113 
2022-04-01 10:35:09,279 - processing completed: 305_113
2022-04-01 10:35:09,283 - processing started: 307_114 
2022-04-01 10:35:09,385 - processing completed: 307_114
2022-04-01 10:35:09,388 - processing started: 309_115 
2022-04-01 10:35:09,560 - processing completed: 309_115
2022-04-01 10:35:09,566 - processing started: 311_116 
2022-04-01 10:35:09,674 - processing completed: 311_116
2022-04-01 10:35:09,680 - processing started: 313_117 
2022-04-01 10:35:09,869 - processing completed: 313_117
2022-04-01 10:35:09,874 - processing started: 315_117 
2022-04-01 10:35:09,978 - processing completed: 315_117
2022-04-01 10:35:09,983 - processing started: 317_118 
2022-04-01 10:35:10,150 - processing completed: 317_118
2022-04-01 10:35:10,156 - processing started: 319_119 
2022-04-01 10:35:10,264 - processing completed: 319_119
2022-04-01 10:35:10,269 - processing started: 321_120 
2022-04-01 10:35:10,418 - processing completed: 321_120
2022-04-01 10:35:10,422 - processing started: 323_120 
2022-04-01 10:35:10,515 - processing completed: 323_120
2022-04-01 10:35:10,520 - processing started: 325_121 
2022-04-01 10:35:10,696 - processing completed: 325_121
2022-04-01 10:35:10,700 - processing started: 327_122 
2022-04-01 10:35:10,807 - processing completed: 327_122
2022-04-01 10:35:10,811 - processing started: 329_123 
2022-04-01 10:35:10,993 - processing completed: 329_123
2022-04-01 10:35:10,998 - processing started: 331_124 
2022-04-01 10:35:11,174 - processing completed: 331_124
2022-04-01 10:35:11,178 - processing started: 333_124 
2022-04-01 10:35:11,285 - processing completed: 333_124
2022-04-01 10:35:11,290 - processing started: 335_124 
2022-04-01 10:35:11,462 - processing completed: 335_124
2022-04-01 10:35:11,468 - processing started: 337_124 
2022-04-01 10:35:11,582 - processing completed: 337_124
2022-04-01 10:35:11,587 - processing started: 339_124 
2022-04-01 10:35:11,756 - processing completed: 339_124
2022-04-01 10:35:11,760 - processing started: 341_125 
2022-04-01 10:35:11,867 - processing completed: 341_125
2022-04-01 10:35:11,872 - processing started: 343_126 
2022-04-01 10:35:12,055 - processing completed: 343_126
2022-04-01 10:35:12,060 - processing started: 345_127 
2022-04-01 10:35:12,174 - processing completed: 345_127
2022-04-01 10:35:12,180 - processing started: 347_128 
2022-04-01 10:35:12,351 - processing completed: 347_128
2022-04-01 10:35:12,355 - processing started: 349_129 
2022-04-01 10:35:12,465 - processing completed: 349_129
2022-04-01 10:35:12,469 - processing started: 351_129 
2022-04-01 10:35:12,646 - processing completed: 351_129
2022-04-01 10:35:12,651 - processing started: 353_130 
2022-04-01 10:35:12,759 - processing completed: 353_130
2022-04-01 10:35:12,764 - processing started: 355_131 
2022-04-01 10:35:12,932 - processing completed: 355_131
2022-04-01 10:35:12,936 - processing started: 357_132 
2022-04-01 10:35:13,057 - processing completed: 357_132
2022-04-01 10:35:13,063 - processing started: 359_133 
2022-04-01 10:35:13,229 - processing completed: 359_133
2022-04-01 10:35:13,234 - processing started: 361_134 
2022-04-01 10:35:13,407 - processing completed: 361_134
2022-04-01 10:35:13,413 - processing started: 363_134 
2022-04-01 10:35:13,525 - processing completed: 363_134
2022-04-01 10:35:13,530 - processing started: 365_135 
2022-04-01 10:35:13,696 - processing completed: 365_135
2022-04-01 10:35:13,701 - processing started: 367_135 
2022-04-01 10:35:13,807 - processing completed: 367_135
2022-04-01 10:35:13,811 - processing started: 369_136 
2022-04-01 10:35:13,982 - processing completed: 369_136
2022-04-01 10:35:13,987 - processing started: 371_137 
2022-04-01 10:35:14,102 - processing completed: 371_137
2022-04-01 10:35:14,106 - processing started: 373_138 
2022-04-01 10:35:14,272 - processing completed: 373_138
2022-04-01 10:35:14,277 - processing started: 375_139 
2022-04-01 10:35:14,384 - processing completed: 375_139
2022-04-01 10:35:14,388 - processing started: 377_140 
2022-04-01 10:35:14,560 - processing completed: 377_140
2022-04-01 10:35:14,564 - processing started: 379_141 
2022-04-01 10:35:14,673 - processing completed: 379_141
2022-04-01 10:35:14,678 - processing started: 381_142 
2022-04-01 10:35:14,844 - processing completed: 381_142
2022-04-01 10:35:14,848 - processing started: 383_143 
2022-04-01 10:35:14,957 - processing completed: 383_143
2022-04-01 10:35:14,962 - processing started: 385_144 
2022-04-01 10:35:15,147 - processing completed: 385_144
2022-04-01 10:35:15,152 - processing started: 387_144 
2022-04-01 10:35:15,258 - processing completed: 387_144
2022-04-01 10:35:15,263 - processing started: 389_145 
2022-04-01 10:35:15,428 - processing completed: 389_145
2022-04-01 10:35:15,433 - processing started: 391_145 
2022-04-01 10:35:15,617 - processing completed: 391_145
2022-04-01 10:35:15,622 - processing started: 393_146 
2022-04-01 10:35:15,732 - processing completed: 393_146
2022-04-01 10:35:15,737 - processing started: 395_147 
2022-04-01 10:35:15,906 - processing completed: 395_147
2022-04-01 10:35:15,911 - processing started: 397_147 
2022-04-01 10:35:16,024 - processing completed: 397_147
2022-04-01 10:35:16,028 - processing started: 399_148 
2022-04-01 10:35:16,212 - processing completed: 399_148
2022-04-01 10:35:16,217 - processing started: 401_149 
2022-04-01 10:35:16,325 - processing completed: 401_149
2022-04-01 10:35:16,330 - processing started: 403_149 
2022-04-01 10:35:16,506 - processing completed: 403_149
2022-04-01 10:35:16,511 - processing started: 405_150 
2022-04-01 10:35:16,621 - processing completed: 405_150
2022-04-01 10:35:16,626 - processing started: 407_151 
2022-04-01 10:35:16,792 - processing completed: 407_151
2022-04-01 10:35:16,796 - processing started: 409_152 
2022-04-01 10:35:16,906 - processing completed: 409_152
2022-04-01 10:35:16,911 - processing started: 411_153 
2022-04-01 10:35:17,104 - processing completed: 411_153
2022-04-01 10:35:17,108 - processing started: 413_154 
2022-04-01 10:35:17,227 - processing completed: 413_154
2022-04-01 10:35:17,231 - processing started: 415_155 
2022-04-01 10:35:17,397 - processing completed: 415_155
2022-04-01 10:35:17,401 - processing started: 417_156 
2022-04-01 10:35:17,514 - processing completed: 417_156
2022-04-01 10:35:17,518 - processing started: 419_156 
2022-04-01 10:35:17,692 - processing completed: 419_156
2022-04-01 10:35:17,697 - processing started: 421_157 
2022-04-01 10:35:17,871 - processing completed: 421_157
2022-04-01 10:35:17,875 - processing started: 423_158 
2022-04-01 10:35:17,984 - processing completed: 423_158
2022-04-01 10:35:17,990 - processing started: 425_159 
2022-04-01 10:35:18,168 - processing completed: 425_159
2022-04-01 10:35:18,174 - processing started: 427_159 
2022-04-01 10:35:18,289 - processing completed: 427_159
2022-04-01 10:35:18,294 - processing started: 429_160 
2022-04-01 10:35:18,464 - processing completed: 429_160
2022-04-01 10:35:18,469 - processing started: 431_161 
2022-04-01 10:35:18,580 - processing completed: 431_161
2022-04-01 10:35:18,584 - processing started: 433_162 
2022-04-01 10:35:18,756 - processing completed: 433_162
2022-04-01 10:35:18,760 - processing started: 435_163 
2022-04-01 10:35:18,868 - processing completed: 435_163
2022-04-01 10:35:18,873 - processing started: 437_164 
2022-04-01 10:35:19,045 - processing completed: 437_164
2022-04-01 10:35:19,050 - processing started: 439_164 
2022-04-01 10:35:19,160 - processing completed: 439_164
2022-04-01 10:35:19,165 - processing started: 441_165 
2022-04-01 10:35:19,341 - processing completed: 441_165
2022-04-01 10:35:19,347 - processing started: 443_166 
2022-04-01 10:35:19,456 - processing completed: 443_166
2022-04-01 10:35:19,461 - processing started: 445_167 
2022-04-01 10:35:19,631 - processing completed: 445_167
2022-04-01 10:35:19,636 - processing started: 447_167 
2022-04-01 10:35:19,817 - processing completed: 447_167
2022-04-01 10:35:19,822 - processing started: 449_168 
2022-04-01 10:35:19,931 - processing completed: 449_168
2022-04-01 10:35:19,936 - processing started: 451_168 
2022-04-01 10:35:20,106 - processing completed: 451_168
2022-04-01 10:35:20,110 - processing started: 453_169 
2022-04-01 10:35:20,216 - processing completed: 453_169
2022-04-01 10:35:20,221 - processing started: 455_170 
2022-04-01 10:35:20,416 - processing completed: 455_170
2022-04-01 10:35:20,421 - processing started: 457_171 
2022-04-01 10:35:20,536 - processing completed: 457_171
2022-04-01 10:35:20,542 - processing started: 459_172 
2022-04-01 10:35:20,723 - processing completed: 459_172
2022-04-01 10:35:20,729 - processing started: 461_173 
2022-04-01 10:35:20,838 - processing completed: 461_173
2022-04-01 10:35:20,842 - processing started: 463_173 
2022-04-01 10:35:21,013 - processing completed: 463_173
2022-04-01 10:35:21,018 - processing started: 465_174 
2022-04-01 10:35:21,125 - processing completed: 465_174
2022-04-01 10:35:21,130 - processing started: 467_174 
2022-04-01 10:35:21,296 - processing completed: 467_174
2022-04-01 10:35:21,300 - processing started: 469_175 
2022-04-01 10:35:21,408 - processing completed: 469_175
2022-04-01 10:35:21,412 - processing started: 471_176 
2022-04-01 10:35:21,590 - processing completed: 471_176
2022-04-01 10:35:21,594 - processing started: 473_177 
2022-04-01 10:35:21,701 - processing completed: 473_177
2022-04-01 10:35:21,706 - processing started: 475_178 
2022-04-01 10:35:21,868 - processing completed: 475_178
2022-04-01 10:35:21,873 - processing started: 477_179 
2022-04-01 10:35:22,053 - processing completed: 477_179
2022-04-01 10:35:22,057 - processing started: 479_180 
2022-04-01 10:35:22,169 - processing completed: 479_180
2022-04-01 10:35:22,174 - processing started: 481_180 
2022-04-01 10:35:22,347 - processing completed: 481_180
2022-04-01 10:35:22,351 - processing started: 483_181 
2022-04-01 10:35:22,461 - processing completed: 483_181
2022-04-01 10:35:22,467 - processing started: 485_182 
2022-04-01 10:35:22,652 - processing completed: 485_182
2022-04-01 10:35:22,657 - processing started: 487_182 
2022-04-01 10:35:22,764 - processing completed: 487_182
2022-04-01 10:35:22,769 - processing started: 489_183 
2022-04-01 10:35:22,942 - processing completed: 489_183
2022-04-01 10:35:22,946 - processing started: 491_183 
2022-04-01 10:35:23,057 - processing completed: 491_183
2022-04-01 10:35:23,062 - processing started: 493_184 
2022-04-01 10:35:23,227 - processing completed: 493_184
2022-04-01 10:35:23,232 - processing started: 495_185 
2022-04-01 10:35:23,339 - processing completed: 495_185
2022-04-01 10:35:23,344 - processing started: 497_186 
2022-04-01 10:35:23,523 - processing completed: 497_186
2022-04-01 10:35:23,529 - processing started: 499_187 
2022-04-01 10:35:23,645 - processing completed: 499_187
2022-04-01 10:35:23,650 - processing started: 501_188 
2022-04-01 10:35:23,819 - processing completed: 501_188
2022-04-01 10:35:23,823 - processing started: 503_188 
2022-04-01 10:35:23,939 - processing completed: 503_188
2022-04-01 10:35:23,944 - processing started: 505_189 
2022-04-01 10:35:24,095 - processing completed: 505_189
2022-04-01 10:35:24,099 - processing started: 507_190 
2022-04-01 10:35:24,276 - processing completed: 507_190
2022-04-01 10:35:24,281 - processing started: 509_191 
2022-04-01 10:35:24,395 - processing completed: 509_191
2022-04-01 10:35:24,400 - processing started: 511_192 
2022-04-01 10:35:24,585 - processing completed: 511_192
2022-04-01 10:35:24,590 - processing started: 513_192 
2022-04-01 10:35:24,705 - processing completed: 513_192
2022-04-01 10:35:24,709 - processing started: 515_193 
2022-04-01 10:35:24,882 - processing completed: 515_193
2022-04-01 10:35:24,887 - processing started: 517_194 
2022-04-01 10:35:25,004 - processing completed: 517_194
2022-04-01 10:35:25,010 - processing started: 519_195 
2022-04-01 10:35:25,179 - processing completed: 519_195
2022-04-01 10:35:25,183 - processing started: 521_196 
2022-04-01 10:35:25,295 - processing completed: 521_196
2022-04-01 10:35:25,299 - processing started: 523_196 
2022-04-01 10:35:25,471 - processing completed: 523_196
2022-04-01 10:35:25,476 - processing started: 525_196 
2022-04-01 10:35:25,589 - processing completed: 525_196
2022-04-01 10:35:25,593 - processing started: 527_197 
2022-04-01 10:35:25,786 - processing completed: 527_197
2022-04-01 10:35:25,790 - processing started: 529_197 
2022-04-01 10:35:25,899 - processing completed: 529_197
2022-04-01 10:35:25,904 - processing started: 531_197 
2022-04-01 10:35:26,075 - processing completed: 531_197
2022-04-01 10:35:26,079 - processing started: 533_198 
2022-04-01 10:35:26,188 - processing completed: 533_198
2022-04-01 10:35:26,193 - processing started: 535_199 
2022-04-01 10:35:26,361 - processing completed: 535_199
2022-04-01 10:35:26,365 - processing started: 537_200 
2022-04-01 10:35:26,552 - processing completed: 537_200
2022-04-01 10:35:26,557 - processing started: 539_201 
2022-04-01 10:35:26,668 - processing completed: 539_201
2022-04-01 10:35:26,673 - processing started: 541_202 
2022-04-01 10:35:26,845 - processing completed: 541_202
2022-04-01 10:35:26,850 - processing started: 543_203 
2022-04-01 10:35:26,959 - processing completed: 543_203
2022-04-01 10:35:26,964 - processing started: 545_204 
2022-04-01 10:35:27,134 - processing completed: 545_204
2022-04-01 10:35:27,139 - processing started: 547_205 
2022-04-01 10:35:27,246 - processing completed: 547_205
2022-04-01 10:35:27,250 - processing started: 549_206 
2022-04-01 10:35:27,417 - processing completed: 549_206
2022-04-01 10:35:27,423 - processing started: 551_207 
2022-04-01 10:35:27,536 - processing completed: 551_207
2022-04-01 10:35:27,543 - processing started: 553_207 
2022-04-01 10:35:27,724 - processing completed: 553_207
2022-04-01 10:35:27,729 - processing started: 555_208 
2022-04-01 10:35:27,837 - processing completed: 555_208
2022-04-01 10:35:27,843 - processing started: 557_209 
2022-04-01 10:35:28,017 - processing completed: 557_209
2022-04-01 10:35:28,023 - processing started: 559_210 
2022-04-01 10:35:28,130 - processing completed: 559_210
2022-04-01 10:35:28,136 - processing started: 561_211 
2022-04-01 10:35:28,304 - processing completed: 561_211
2022-04-01 10:35:28,308 - processing started: 563_212 
2022-04-01 10:35:28,415 - processing completed: 563_212
2022-04-01 10:35:28,421 - processing started: 565_213 
2022-04-01 10:35:28,591 - processing completed: 565_213
2022-04-01 10:35:28,596 - processing started: 567_214 
2022-04-01 10:35:28,776 - processing completed: 567_214
2022-04-01 10:35:28,781 - processing started: 569_214 
2022-04-01 10:35:28,892 - processing completed: 569_214
2022-04-01 10:35:28,897 - processing started: 571_215 
2022-04-01 10:35:29,072 - processing completed: 571_215
2022-04-01 10:35:29,076 - processing started: 573_216 
2022-04-01 10:35:29,185 - processing completed: 573_216
2022-04-01 10:35:29,189 - processing started: 575_217 
2022-04-01 10:35:29,358 - processing completed: 575_217
2022-04-01 10:35:29,363 - processing started: 577_218 
2022-04-01 10:35:29,474 - processing completed: 577_218
2022-04-01 10:35:29,479 - processing started: 579_219 
2022-04-01 10:35:29,648 - processing completed: 579_219
2022-04-01 10:35:29,654 - processing started: 581_220 
2022-04-01 10:35:29,766 - processing completed: 581_220
2022-04-01 10:35:29,770 - processing started: 583_220 
2022-04-01 10:35:29,949 - processing completed: 583_220
2022-04-01 10:35:29,954 - processing started: 585_221 
2022-04-01 10:35:30,067 - processing completed: 585_221
2022-04-01 10:35:30,071 - processing started: 587_222 
2022-04-01 10:35:30,238 - processing completed: 587_222
2022-04-01 10:35:30,242 - processing started: 589_222 
2022-04-01 10:35:30,350 - processing completed: 589_222
2022-04-01 10:35:30,355 - processing started: 591_223 
2022-04-01 10:35:30,501 - processing completed: 591_223
2022-04-01 10:35:30,505 - processing started: 593_223 
2022-04-01 10:35:30,591 - processing completed: 593_223
2022-04-01 10:35:30,595 - processing started: 595_224 
2022-04-01 10:35:30,789 - processing completed: 595_224
2022-04-01 10:35:30,793 - processing started: 597_225 
2022-04-01 10:35:30,973 - processing completed: 597_225
2022-04-01 10:35:30,976 - processing started: 599_225 
2022-04-01 10:35:31,127 - processing completed: 599_225
2022-04-01 10:35:31,132 - processing started: 601_225 
2022-04-01 10:35:31,285 - processing completed: 601_225
2022-04-01 10:35:31,289 - processing started: 603_226 
2022-04-01 10:35:31,378 - processing completed: 603_226
2022-04-01 10:35:31,381 - processing started: 605_227 
2022-04-01 10:35:31,562 - processing completed: 605_227
2022-04-01 10:35:31,566 - processing started: 607_227 
2022-04-01 10:35:31,673 - processing completed: 607_227
2022-04-01 10:35:31,677 - processing started: 609_227 
2022-04-01 10:35:31,831 - processing completed: 609_227
2022-04-01 10:35:31,835 - processing started: 611_227 
2022-04-01 10:35:31,979 - processing completed: 611_227
2022-04-01 10:35:31,984 - processing started: 613_227 
2022-04-01 10:35:32,157 - processing completed: 613_227
2022-04-01 10:35:32,161 - processing started: 615_228 
2022-04-01 10:35:32,261 - processing completed: 615_228
2022-04-01 10:35:32,265 - processing started: 617_229 
2022-04-01 10:35:32,422 - processing completed: 617_229
2022-04-01 10:35:32,426 - processing started: 619_230 
2022-04-01 10:35:32,521 - processing completed: 619_230
2022-04-01 10:35:32,524 - processing started: 621_230 
2022-04-01 10:35:32,691 - processing completed: 621_230
2022-04-01 10:35:32,695 - processing started: 623_231 
2022-04-01 10:35:32,780 - processing completed: 623_231
2022-04-01 10:35:32,783 - processing started: 625_232 
2022-04-01 10:35:32,934 - processing completed: 625_232
2022-04-01 10:35:32,938 - processing started: 627_232 
2022-04-01 10:35:33,103 - processing completed: 627_232
2022-04-01 10:35:33,108 - processing started: 629_232 
2022-04-01 10:35:33,195 - processing completed: 629_232
2022-04-01 10:35:33,200 - processing started: 631_233 
2022-04-01 10:35:33,353 - processing completed: 631_233
2022-04-01 10:35:33,357 - processing started: 633_234 
2022-04-01 10:35:33,441 - processing completed: 633_234
2022-04-01 10:35:33,445 - processing started: 635_234 
2022-04-01 10:35:33,600 - processing completed: 635_234
2022-04-01 10:35:33,605 - processing started: 637_234 
2022-04-01 10:35:33,689 - processing completed: 637_234
2022-04-01 10:35:33,692 - processing started: 639_235 
2022-04-01 10:35:33,866 - processing completed: 639_235
2022-04-01 10:35:33,870 - processing started: 641_236 
2022-04-01 10:35:33,985 - processing completed: 641_236
2022-04-01 10:35:33,989 - processing started: 643_237 
2022-04-01 10:35:34,171 - processing completed: 643_237
2022-04-01 10:35:34,175 - processing started: 645_238 
2022-04-01 10:35:34,291 - processing completed: 645_238
2022-04-01 10:35:34,295 - processing started: 647_239 
2022-04-01 10:35:34,464 - processing completed: 647_239
2022-04-01 10:35:34,468 - processing started: 649_240 
2022-04-01 10:35:34,577 - processing completed: 649_240
2022-04-01 10:35:34,582 - processing started: 651_240 
2022-04-01 10:35:34,751 - processing completed: 651_240
2022-04-01 10:35:34,756 - processing started: 653_241 
2022-04-01 10:35:34,866 - processing completed: 653_241
2022-04-01 10:35:34,870 - processing started: 655_242 
2022-04-01 10:35:35,047 - processing completed: 655_242
2022-04-01 10:35:35,052 - processing started: 657_242 
2022-04-01 10:35:35,244 - processing completed: 657_242
2022-04-01 10:35:35,250 - processing started: 659_243 
2022-04-01 10:35:35,357 - processing completed: 659_243
2022-04-01 10:35:35,363 - processing started: 661_244 
2022-04-01 10:35:35,504 - processing completed: 661_244
2022-04-01 10:35:35,509 - processing started: 663_244 
2022-04-01 10:35:35,581 - processing completed: 663_244
2022-04-01 10:35:35,585 - processing started: 665_245 
2022-04-01 10:35:35,714 - processing completed: 665_245
2022-04-01 10:35:35,719 - processing started: 667_246 
2022-04-01 10:35:35,791 - processing completed: 667_246
2022-04-01 10:35:35,794 - processing started: 669_247 
2022-04-01 10:35:35,937 - processing completed: 669_247
2022-04-01 10:35:35,942 - processing started: 671_248 
2022-04-01 10:35:36,016 - processing completed: 671_248
2022-04-01 10:35:36,020 - processing started: 673_249 
2022-04-01 10:35:36,146 - processing completed: 673_249
2022-04-01 10:35:36,150 - processing started: 675_250 
2022-04-01 10:35:36,226 - processing completed: 675_250
2022-04-01 10:35:36,230 - processing started: 677_251 
2022-04-01 10:35:36,363 - processing completed: 677_251
2022-04-01 10:35:36,367 - processing started: 679_251 
2022-04-01 10:35:36,439 - processing completed: 679_251
2022-04-01 10:35:36,443 - processing started: 681_252 
2022-04-01 10:35:36,576 - processing completed: 681_252
2022-04-01 10:35:36,581 - processing started: 683_252 
2022-04-01 10:35:36,647 - processing completed: 683_252
2022-04-01 10:35:36,651 - processing started: 685_253 
2022-04-01 10:35:36,796 - processing completed: 685_253
2022-04-01 10:35:36,800 - processing started: 687_254 
2022-04-01 10:35:36,952 - processing completed: 687_254
2022-04-01 10:35:36,956 - processing started: 689_255 
2022-04-01 10:35:37,052 - processing completed: 689_255
2022-04-01 10:35:37,056 - processing started: 691_256 
2022-04-01 10:35:37,219 - processing completed: 691_256
2022-04-01 10:35:37,222 - processing started: 693_257 
2022-04-01 10:35:37,327 - processing completed: 693_257
2022-04-01 10:35:37,332 - processing started: 695_257 
2022-04-01 10:35:37,495 - processing completed: 695_257
2022-04-01 10:35:37,499 - processing started: 697_258 
2022-04-01 10:35:37,599 - processing completed: 697_258
2022-04-01 10:35:37,603 - processing started: 699_259 
2022-04-01 10:35:37,753 - processing completed: 699_259
2022-04-01 10:35:37,756 - processing started: 701_260 
2022-04-01 10:35:37,853 - processing completed: 701_260
2022-04-01 10:35:37,856 - processing started: 703_260 
2022-04-01 10:35:38,029 - processing completed: 703_260
2022-04-01 10:35:38,033 - processing started: 705_261 
2022-04-01 10:35:38,132 - processing completed: 705_261
2022-04-01 10:35:38,136 - processing started: 707_262 
2022-04-01 10:35:38,291 - processing completed: 707_262
2022-04-01 10:35:38,295 - processing started: 709_262 
2022-04-01 10:35:38,393 - processing completed: 709_262
2022-04-01 10:35:38,397 - processing started: 711_263 
2022-04-01 10:35:38,556 - processing completed: 711_263
2022-04-01 10:35:38,560 - processing started: 713_264 
2022-04-01 10:35:38,707 - processing completed: 713_264
2022-04-01 10:35:38,711 - processing started: 715_265 
2022-04-01 10:35:38,797 - processing completed: 715_265
2022-04-01 10:35:38,801 - processing started: 717_265 
2022-04-01 10:35:38,958 - processing completed: 717_265
2022-04-01 10:35:38,961 - processing started: 719_266 
2022-04-01 10:35:39,053 - processing completed: 719_266
2022-04-01 10:35:39,056 - processing started: 721_267 
2022-04-01 10:35:39,210 - processing completed: 721_267
2022-04-01 10:35:39,214 - processing started: 723_267 
2022-04-01 10:35:39,302 - processing completed: 723_267
2022-04-01 10:35:39,306 - processing started: 725_267 
2022-04-01 10:35:39,469 - processing completed: 725_267
2022-04-01 10:35:39,473 - processing started: 727_268 
2022-04-01 10:35:39,569 - processing completed: 727_268
2022-04-01 10:35:39,574 - processing started: 729_268 
2022-04-01 10:35:39,729 - processing completed: 729_268
2022-04-01 10:35:39,733 - processing started: 731_268 
2022-04-01 10:35:39,822 - processing completed: 731_268
2022-04-01 10:35:39,826 - processing started: 733_268 
2022-04-01 10:35:39,984 - processing completed: 733_268
2022-04-01 10:35:39,989 - processing started: 735_269 
2022-04-01 10:35:40,084 - processing completed: 735_269
2022-04-01 10:35:40,088 - processing started: 737_269 
2022-04-01 10:35:40,244 - processing completed: 737_269
2022-04-01 10:35:40,248 - processing started: 739_270 
2022-04-01 10:35:40,343 - processing completed: 739_270
2022-04-01 10:35:40,347 - processing started: 741_271 
2022-04-01 10:35:40,524 - processing completed: 741_271
2022-04-01 10:35:40,528 - processing started: 743_272 
2022-04-01 10:35:40,676 - processing completed: 743_272
2022-04-01 10:35:40,680 - processing started: 745_273 
2022-04-01 10:35:40,769 - processing completed: 745_273
2022-04-01 10:35:40,774 - processing started: 747_274 
2022-04-01 10:35:40,937 - processing completed: 747_274
2022-04-01 10:35:40,941 - processing started: 749_274 
2022-04-01 10:35:41,028 - processing completed: 749_274
2022-04-01 10:35:41,031 - processing started: 751_275 
2022-04-01 10:35:41,180 - processing completed: 751_275
2022-04-01 10:35:41,184 - processing started: 753_275 
2022-04-01 10:35:41,270 - processing completed: 753_275
2022-04-01 10:35:41,275 - processing started: 755_276 
2022-04-01 10:35:41,430 - processing completed: 755_276
2022-04-01 10:35:41,435 - processing started: 757_276 
2022-04-01 10:35:41,544 - processing completed: 757_276
2022-04-01 10:35:41,549 - processing started: 759_277 
2022-04-01 10:35:41,718 - processing completed: 759_277
2022-04-01 10:35:41,722 - processing started: 761_278 
2022-04-01 10:35:41,813 - processing completed: 761_278
2022-04-01 10:35:41,817 - processing started: 763_279 
2022-04-01 10:35:41,970 - processing completed: 763_279
2022-04-01 10:35:41,974 - processing started: 765_280 
2022-04-01 10:35:42,047 - processing completed: 765_280
2022-04-01 10:35:42,050 - processing started: 767_280 
2022-04-01 10:35:42,185 - processing completed: 767_280
2022-04-01 10:35:42,189 - processing started: 769_281 
2022-04-01 10:35:42,265 - processing completed: 769_281
2022-04-01 10:35:42,268 - processing started: 771_282 
2022-04-01 10:35:42,399 - processing completed: 771_282
2022-04-01 10:35:42,403 - processing started: 773_283 
2022-04-01 10:35:42,557 - processing completed: 773_283
2022-04-01 10:35:42,563 - processing started: 775_284 
2022-04-01 10:35:42,643 - processing completed: 775_284
2022-04-01 10:35:42,648 - processing started: 777_285 
2022-04-01 10:35:42,782 - processing completed: 777_285
2022-04-01 10:35:42,786 - processing started: 779_286 
2022-04-01 10:35:42,929 - processing completed: 779_286
2022-04-01 10:35:42,935 - processing started: 781_287 
2022-04-01 10:35:43,078 - processing completed: 781_287
2022-04-01 10:35:43,081 - processing started: 783_288 
2022-04-01 10:35:43,149 - processing completed: 783_288
2022-04-01 10:35:43,154 - processing started: 785_289 
2022-04-01 10:35:43,282 - processing completed: 785_289
2022-04-01 10:35:43,286 - processing started: 787_290 
2022-04-01 10:35:43,359 - processing completed: 787_290
2022-04-01 10:35:43,362 - processing started: 789_290 
2022-04-01 10:35:43,494 - processing completed: 789_290
2022-04-01 10:35:43,497 - processing started: 791_291 
2022-04-01 10:35:43,571 - processing completed: 791_291
2022-04-01 10:35:43,574 - processing started: 793_292 
2022-04-01 10:35:43,710 - processing completed: 793_292
2022-04-01 10:35:43,714 - processing started: 795_292 
2022-04-01 10:35:43,787 - processing completed: 795_292
2022-04-01 10:35:43,791 - processing started: 797_293 
2022-04-01 10:35:43,890 - processing completed: 797_293
2022-04-01 10:35:43,893 - processing started: 799_294 
2022-04-01 10:35:43,937 - processing completed: 799_294
2022-04-01 10:35:43,940 - processing started: 801_295 
2022-04-01 10:35:44,068 - processing completed: 801_295
2022-04-01 10:35:44,071 - processing started: 803_296 
2022-04-01 10:35:44,207 - processing completed: 803_296
2022-04-01 10:35:44,211 - processing started: 805_297 
2022-04-01 10:35:44,354 - processing completed: 805_297
2022-04-01 10:35:44,359 - processing started: 807_298 
2022-04-01 10:35:44,504 - processing completed: 807_298
2022-04-01 10:35:44,508 - processing started: 809_298 
2022-04-01 10:35:44,581 - processing completed: 809_298
2022-04-01 10:35:44,584 - processing started: 811_299 
2022-04-01 10:35:44,725 - processing completed: 811_299
2022-04-01 10:35:44,729 - processing started: 0_0 
2022-04-01 10:35:44,730 - Closing connection (200): Normal shutdown
2022-04-01 10:35:44,730 - Closing channel (200): 'Normal shutdown' on <Channel number=1 OPEN conn=<SelectConnection OPEN transport=<pika.adapters.utils.io_services_utils._AsyncPlaintextTransport object at 0x124718280> params=<ConnectionParameters host=localhost port=5672 virtual_host=/ ssl=False>>>
2022-04-01 10:35:44,730 - Received <Channel.CloseOk> on <Channel number=1 CLOSING conn=<SelectConnection OPEN transport=<pika.adapters.utils.io_services_utils._AsyncPlaintextTransport object at 0x124718280> params=<ConnectionParameters host=localhost port=5672 virtual_host=/ ssl=False>>>
2022-04-01 10:35:44,731 - Closing connection (200): 'Normal shutdown'
2022-04-01 10:35:44,731 - Aborting transport connection: state=1; <socket.socket fd=22, family=AddressFamily.AF_INET, type=SocketKind.SOCK_STREAM, proto=6, laddr=('127.0.0.1', 63015), raddr=('127.0.0.1', 5672)>
2022-04-01 10:35:44,731 - _AsyncTransportBase._initate_abort(): Initiating abrupt asynchronous transport shutdown: state=1; error=None; <socket.socket fd=22, family=AddressFamily.AF_INET, type=SocketKind.SOCK_STREAM, proto=6, laddr=('127.0.0.1', 63015), raddr=('127.0.0.1', 5672)>
2022-04-01 10:35:44,731 - Deactivating transport: state=1; <socket.socket fd=22, family=AddressFamily.AF_INET, type=SocketKind.SOCK_STREAM, proto=6, laddr=('127.0.0.1', 63015), raddr=('127.0.0.1', 5672)>
2022-04-01 10:35:44,732 - AMQP stack terminated, failed to connect, or aborted: opened=True, error-arg=None; pending-error=ConnectionClosedByClient: (200) 'Normal shutdown'
2022-04-01 10:35:44,732 - Stack terminated due to ConnectionClosedByClient: (200) 'Normal shutdown'
2022-04-01 10:35:44,732 - Closing transport socket and unlinking: state=3; <socket.socket fd=22, family=AddressFamily.AF_INET, type=SocketKind.SOCK_STREAM, proto=6, laddr=('127.0.0.1', 63015), raddr=('127.0.0.1', 5672)>
2022-04-01 10:35:44,732 - User-initiated close: result=BlockingConnection__OnClosedArgs(connection=<SelectConnection CLOSED transport=None params=<ConnectionParameters host=localhost port=5672 virtual_host=/ ssl=False>>, error=ConnectionClosedByClient: (200) 'Normal shutdown')
2022-04-01 10:35:44,733 - PID 84776 completed loading and processing
