2022-03-31 19:09:43,775 - PID 66604 started loading and processing
2022-03-31 19:09:43,777 - Pika version 1.2.0 connecting to ('::1', 5672, 0, 0)
2022-03-31 19:09:43,778 - Socket failed to connect: <socket.socket fd=9, family=AddressFamily.AF_INET6, type=SocketKind.SOCK_STREAM, proto=6, laddr=('::1', 57114, 0, 0)>; error=61 (Connection refused)
2022-03-31 19:09:43,778 - TCP Connection attempt failed: ConnectionRefusedError(61, 'Connection refused'); dest=(<AddressFamily.AF_INET6: 30>, <SocketKind.SOCK_STREAM: 1>, 6, '', ('::1', 5672, 0, 0))
2022-03-31 19:09:43,778 - AMQPConnector - reporting failure: AMQPConnectorSocketConnectError: ConnectionRefusedError(61, 'Connection refused')
2022-03-31 19:09:43,778 - Pika version 1.2.0 connecting to ('127.0.0.1', 5672)
2022-03-31 19:09:43,778 - Socket connected: <socket.socket fd=9, family=AddressFamily.AF_INET, type=SocketKind.SOCK_STREAM, proto=6, laddr=('127.0.0.1', 57115), raddr=('127.0.0.1', 5672)>
2022-03-31 19:09:43,780 - Streaming transport linked up: (<pika.adapters.utils.io_services_utils._AsyncPlaintextTransport object at 0x11fc4c8e0>, _StreamingProtocolShim: <SelectConnection PROTOCOL transport=<pika.adapters.utils.io_services_utils._AsyncPlaintextTransport object at 0x11fc4c8e0> params=<ConnectionParameters host=localhost port=5672 virtual_host=/ ssl=False>>).
2022-03-31 19:09:43,784 - AMQPConnector - reporting success: <SelectConnection OPEN transport=<pika.adapters.utils.io_services_utils._AsyncPlaintextTransport object at 0x11fc4c8e0> params=<ConnectionParameters host=localhost port=5672 virtual_host=/ ssl=False>>
2022-03-31 19:09:43,784 - AMQPConnectionWorkflow - reporting success: <SelectConnection OPEN transport=<pika.adapters.utils.io_services_utils._AsyncPlaintextTransport object at 0x11fc4c8e0> params=<ConnectionParameters host=localhost port=5672 virtual_host=/ ssl=False>>
2022-03-31 19:09:43,784 - Connection workflow succeeded: <SelectConnection OPEN transport=<pika.adapters.utils.io_services_utils._AsyncPlaintextTransport object at 0x11fc4c8e0> params=<ConnectionParameters host=localhost port=5672 virtual_host=/ ssl=False>>
2022-03-31 19:09:43,784 - Created channel=1
2022-03-31 19:09:43,816 - Logging before start consuming
2022-03-31 19:09:43,816 - processing started: 0_000 
2022-03-31 19:09:43,987 - processing completed: 0_000
2022-03-31 19:09:44,001 - processing started: 1_000 
2022-03-31 19:09:44,204 - processing completed: 1_000
2022-03-31 19:09:44,210 - processing started: 2_000 
2022-03-31 19:09:44,415 - processing completed: 2_000
2022-03-31 19:09:44,421 - processing started: 3_001 
2022-03-31 19:09:44,573 - processing completed: 3_001
2022-03-31 19:09:44,579 - processing started: 4_001 
2022-03-31 19:09:44,804 - processing completed: 4_001
2022-03-31 19:09:44,811 - processing started: 5_002 
2022-03-31 19:09:44,966 - processing completed: 5_002
2022-03-31 19:09:44,972 - processing started: 6_002 
2022-03-31 19:09:45,179 - processing completed: 6_002
2022-03-31 19:09:45,184 - processing started: 7_003 
2022-03-31 19:09:45,335 - processing completed: 7_003
2022-03-31 19:09:45,342 - processing started: 8_003 
2022-03-31 19:09:45,540 - processing completed: 8_003
2022-03-31 19:09:45,546 - processing started: 9_003 
2022-03-31 19:09:45,691 - processing completed: 9_003
2022-03-31 19:09:45,696 - processing started: 10_004 
2022-03-31 19:09:45,893 - processing completed: 10_004
2022-03-31 19:09:45,898 - processing started: 11_004 
2022-03-31 19:09:45,934 - processing completed: 11_004
2022-03-31 19:09:45,937 - processing started: 12_005 
2022-03-31 19:09:46,130 - processing completed: 12_005
2022-03-31 19:09:46,135 - processing started: 13_005 
2022-03-31 19:09:46,286 - processing completed: 13_005
2022-03-31 19:09:46,292 - processing started: 14_005 
2022-03-31 19:09:46,512 - processing completed: 14_005
2022-03-31 19:09:46,519 - processing started: 15_005 
2022-03-31 19:09:46,682 - processing completed: 15_005
2022-03-31 19:09:46,688 - processing started: 16_006 
2022-03-31 19:09:46,901 - processing completed: 16_006
2022-03-31 19:09:46,908 - processing started: 17_006 
2022-03-31 19:09:47,052 - processing completed: 17_006
2022-03-31 19:09:47,057 - processing started: 18_007 
2022-03-31 19:09:47,210 - processing completed: 18_007
2022-03-31 19:09:47,216 - processing started: 19_007 
2022-03-31 19:09:47,426 - processing completed: 19_007
2022-03-31 19:09:47,432 - processing started: 20_008 
2022-03-31 19:09:47,553 - processing completed: 20_008
2022-03-31 19:09:47,558 - processing started: 21_008 
2022-03-31 19:09:47,773 - processing completed: 21_008
2022-03-31 19:09:47,778 - processing started: 22_009 
2022-03-31 19:09:47,924 - processing completed: 22_009
2022-03-31 19:09:47,931 - processing started: 23_009 
2022-03-31 19:09:48,148 - processing completed: 23_009
2022-03-31 19:09:48,154 - processing started: 24_009 
2022-03-31 19:09:48,297 - processing completed: 24_009
2022-03-31 19:09:48,302 - processing started: 25_010 
2022-03-31 19:09:48,513 - processing completed: 25_010
2022-03-31 19:09:48,519 - processing started: 26_010 
2022-03-31 19:09:48,667 - processing completed: 26_010
2022-03-31 19:09:48,672 - processing started: 27_011 
2022-03-31 19:09:48,879 - processing completed: 27_011
2022-03-31 19:09:48,884 - processing started: 28_011 
2022-03-31 19:09:49,035 - processing completed: 28_011
2022-03-31 19:09:49,042 - processing started: 29_012 
2022-03-31 19:09:49,158 - processing completed: 29_012
2022-03-31 19:09:49,161 - processing started: 30_012 
2022-03-31 19:09:49,230 - processing completed: 30_012
2022-03-31 19:09:49,233 - processing started: 31_013 
2022-03-31 19:09:49,400 - processing completed: 31_013
2022-03-31 19:09:49,405 - processing started: 32_013 
2022-03-31 19:09:49,566 - processing completed: 32_013
2022-03-31 19:09:49,570 - processing started: 33_014 
2022-03-31 19:09:49,647 - processing completed: 33_014
2022-03-31 19:09:49,651 - processing started: 34_014 
2022-03-31 19:09:49,789 - processing completed: 34_014
2022-03-31 19:09:49,793 - processing started: 35_014 
2022-03-31 19:09:49,871 - processing completed: 35_014
2022-03-31 19:09:49,874 - processing started: 36_014 
2022-03-31 19:09:50,014 - processing completed: 36_014
2022-03-31 19:09:50,018 - processing started: 37_014 
2022-03-31 19:09:50,100 - processing completed: 37_014
2022-03-31 19:09:50,103 - processing started: 38_015 
2022-03-31 19:09:50,240 - processing completed: 38_015
2022-03-31 19:09:50,243 - processing started: 39_015 
2022-03-31 19:09:50,323 - processing completed: 39_015
2022-03-31 19:09:50,327 - processing started: 40_015 
2022-03-31 19:09:50,466 - processing completed: 40_015
2022-03-31 19:09:50,469 - processing started: 41_015 
2022-03-31 19:09:50,548 - processing completed: 41_015
2022-03-31 19:09:50,551 - processing started: 42_015 
2022-03-31 19:09:50,692 - processing completed: 42_015
2022-03-31 19:09:50,696 - processing started: 43_016 
2022-03-31 19:09:50,777 - processing completed: 43_016
2022-03-31 19:09:50,780 - processing started: 44_016 
2022-03-31 19:09:50,917 - processing completed: 44_016
2022-03-31 19:09:50,921 - processing started: 45_017 
2022-03-31 19:09:51,067 - processing completed: 45_017
2022-03-31 19:09:51,071 - processing started: 46_017 
2022-03-31 19:09:51,158 - processing completed: 46_017
2022-03-31 19:09:51,162 - processing started: 47_017 
2022-03-31 19:09:51,307 - processing completed: 47_017
2022-03-31 19:09:51,311 - processing started: 48_018 
2022-03-31 19:09:51,393 - processing completed: 48_018
2022-03-31 19:09:51,397 - processing started: 49_018 
2022-03-31 19:09:51,538 - processing completed: 49_018
2022-03-31 19:09:51,541 - processing started: 50_019 
2022-03-31 19:09:51,627 - processing completed: 50_019
2022-03-31 19:09:51,630 - processing started: 51_019 
2022-03-31 19:09:51,771 - processing completed: 51_019
2022-03-31 19:09:51,774 - processing started: 52_020 
2022-03-31 19:09:51,857 - processing completed: 52_020
2022-03-31 19:09:51,860 - processing started: 53_020 
2022-03-31 19:09:52,000 - processing completed: 53_020
2022-03-31 19:09:52,004 - processing started: 54_021 
2022-03-31 19:09:52,089 - processing completed: 54_021
2022-03-31 19:09:52,092 - processing started: 55_021 
2022-03-31 19:09:52,234 - processing completed: 55_021
2022-03-31 19:09:52,237 - processing started: 56_022 
2022-03-31 19:09:52,358 - processing completed: 56_022
2022-03-31 19:09:52,362 - processing started: 57_022 
2022-03-31 19:09:52,502 - processing completed: 57_022
2022-03-31 19:09:52,505 - processing started: 58_022 
2022-03-31 19:09:52,630 - processing completed: 58_022
2022-03-31 19:09:52,635 - processing started: 59_023 
2022-03-31 19:09:52,778 - processing completed: 59_023
2022-03-31 19:09:52,781 - processing started: 60_023 
2022-03-31 19:09:52,926 - processing completed: 60_023
2022-03-31 19:09:52,930 - processing started: 61_023 
2022-03-31 19:09:53,014 - processing completed: 61_023
2022-03-31 19:09:53,017 - processing started: 62_023 
2022-03-31 19:09:53,166 - processing completed: 62_023
2022-03-31 19:09:53,169 - processing started: 63_024 
2022-03-31 19:09:53,256 - processing completed: 63_024
2022-03-31 19:09:53,259 - processing started: 64_024 
2022-03-31 19:09:53,407 - processing completed: 64_024
2022-03-31 19:09:53,410 - processing started: 65_024 
2022-03-31 19:09:53,498 - processing completed: 65_024
2022-03-31 19:09:53,501 - processing started: 66_025 
2022-03-31 19:09:53,647 - processing completed: 66_025
2022-03-31 19:09:53,651 - processing started: 67_025 
2022-03-31 19:09:53,739 - processing completed: 67_025
2022-03-31 19:09:53,742 - processing started: 68_026 
2022-03-31 19:09:53,891 - processing completed: 68_026
2022-03-31 19:09:53,894 - processing started: 69_026 
2022-03-31 19:09:53,985 - processing completed: 69_026
2022-03-31 19:09:53,988 - processing started: 70_027 
2022-03-31 19:09:54,130 - processing completed: 70_027
2022-03-31 19:09:54,133 - processing started: 71_027 
2022-03-31 19:09:54,217 - processing completed: 71_027
2022-03-31 19:09:54,221 - processing started: 72_028 
2022-03-31 19:09:54,361 - processing completed: 72_028
2022-03-31 19:09:54,366 - processing started: 73_028 
2022-03-31 19:09:54,446 - processing completed: 73_028
2022-03-31 19:09:54,449 - processing started: 74_028 
2022-03-31 19:09:54,595 - processing completed: 74_028
2022-03-31 19:09:54,598 - processing started: 75_029 
2022-03-31 19:09:54,738 - processing completed: 75_029
2022-03-31 19:09:54,741 - processing started: 76_029 
2022-03-31 19:09:54,825 - processing completed: 76_029
2022-03-31 19:09:54,828 - processing started: 77_030 
2022-03-31 19:09:54,970 - processing completed: 77_030
2022-03-31 19:09:54,974 - processing started: 78_030 
2022-03-31 19:09:55,057 - processing completed: 78_030
2022-03-31 19:09:55,060 - processing started: 79_030 
2022-03-31 19:09:55,201 - processing completed: 79_030
2022-03-31 19:09:55,205 - processing started: 80_031 
2022-03-31 19:09:55,292 - processing completed: 80_031
2022-03-31 19:09:55,295 - processing started: 81_031 
2022-03-31 19:09:55,441 - processing completed: 81_031
2022-03-31 19:09:55,444 - processing started: 82_031 
2022-03-31 19:09:55,531 - processing completed: 82_031
2022-03-31 19:09:55,534 - processing started: 83_032 
2022-03-31 19:09:55,712 - processing completed: 83_032
2022-03-31 19:09:55,716 - processing started: 84_032 
2022-03-31 19:09:55,835 - processing completed: 84_032
2022-03-31 19:09:55,839 - processing started: 85_032 
2022-03-31 19:09:56,011 - processing completed: 85_032
2022-03-31 19:09:56,016 - processing started: 86_032 
2022-03-31 19:09:56,129 - processing completed: 86_032
2022-03-31 19:09:56,133 - processing started: 87_032 
2022-03-31 19:09:56,315 - processing completed: 87_032
2022-03-31 19:09:56,320 - processing started: 88_033 
2022-03-31 19:09:56,399 - processing completed: 88_033
2022-03-31 19:09:56,402 - processing started: 89_033 
2022-03-31 19:09:56,543 - processing completed: 89_033
2022-03-31 19:09:56,547 - processing started: 90_033 
2022-03-31 19:09:56,689 - processing completed: 90_033
2022-03-31 19:09:56,693 - processing started: 91_033 
2022-03-31 19:09:56,776 - processing completed: 91_033
2022-03-31 19:09:56,779 - processing started: 92_033 
2022-03-31 19:09:56,920 - processing completed: 92_033
2022-03-31 19:09:56,923 - processing started: 93_034 
2022-03-31 19:09:57,007 - processing completed: 93_034
2022-03-31 19:09:57,010 - processing started: 94_034 
2022-03-31 19:09:57,151 - processing completed: 94_034
2022-03-31 19:09:57,154 - processing started: 95_035 
2022-03-31 19:09:57,233 - processing completed: 95_035
2022-03-31 19:09:57,236 - processing started: 96_035 
2022-03-31 19:09:57,376 - processing completed: 96_035
2022-03-31 19:09:57,379 - processing started: 97_035 
2022-03-31 19:09:57,459 - processing completed: 97_035
2022-03-31 19:09:57,462 - processing started: 98_035 
2022-03-31 19:09:57,605 - processing completed: 98_035
2022-03-31 19:09:57,608 - processing started: 99_036 
2022-03-31 19:09:57,689 - processing completed: 99_036
2022-03-31 19:09:57,692 - processing started: 100_036 
2022-03-31 19:09:57,833 - processing completed: 100_036
2022-03-31 19:09:57,836 - processing started: 101_037 
2022-03-31 19:09:57,921 - processing completed: 101_037
2022-03-31 19:09:57,925 - processing started: 102_037 
2022-03-31 19:09:58,066 - processing completed: 102_037
2022-03-31 19:09:58,069 - processing started: 103_037 
2022-03-31 19:09:58,152 - processing completed: 103_037
2022-03-31 19:09:58,155 - processing started: 104_038 
2022-03-31 19:09:58,296 - processing completed: 104_038
2022-03-31 19:09:58,299 - processing started: 105_038 
2022-03-31 19:09:58,436 - processing completed: 105_038
2022-03-31 19:09:58,440 - processing started: 106_039 
2022-03-31 19:09:58,526 - processing completed: 106_039
2022-03-31 19:09:58,528 - processing started: 107_039 
2022-03-31 19:09:58,673 - processing completed: 107_039
2022-03-31 19:09:58,676 - processing started: 108_039 
2022-03-31 19:09:58,763 - processing completed: 108_039
2022-03-31 19:09:58,766 - processing started: 109_040 
2022-03-31 19:09:58,909 - processing completed: 109_040
2022-03-31 19:09:58,912 - processing started: 110_040 
2022-03-31 19:09:58,997 - processing completed: 110_040
2022-03-31 19:09:59,000 - processing started: 111_040 
2022-03-31 19:09:59,145 - processing completed: 111_040
2022-03-31 19:09:59,148 - processing started: 112_040 
2022-03-31 19:09:59,231 - processing completed: 112_040
2022-03-31 19:09:59,234 - processing started: 113_040 
2022-03-31 19:09:59,377 - processing completed: 113_040
2022-03-31 19:09:59,380 - processing started: 114_040 
2022-03-31 19:09:59,466 - processing completed: 114_040
2022-03-31 19:09:59,469 - processing started: 115_040 
2022-03-31 19:09:59,614 - processing completed: 115_040
2022-03-31 19:09:59,617 - processing started: 116_041 
2022-03-31 19:09:59,703 - processing completed: 116_041
2022-03-31 19:09:59,706 - processing started: 117_041 
2022-03-31 19:09:59,870 - processing completed: 117_041
2022-03-31 19:09:59,875 - processing started: 118_042 
2022-03-31 19:09:59,964 - processing completed: 118_042
2022-03-31 19:09:59,967 - processing started: 119_042 
2022-03-31 19:10:00,109 - processing completed: 119_042
2022-03-31 19:10:00,112 - processing started: 120_042 
2022-03-31 19:10:00,253 - processing completed: 120_042
2022-03-31 19:10:00,257 - processing started: 121_042 
2022-03-31 19:10:00,341 - processing completed: 121_042
2022-03-31 19:10:00,344 - processing started: 122_043 
2022-03-31 19:10:00,487 - processing completed: 122_043
2022-03-31 19:10:00,491 - processing started: 123_043 
2022-03-31 19:10:00,570 - processing completed: 123_043
2022-03-31 19:10:00,573 - processing started: 124_044 
2022-03-31 19:10:00,717 - processing completed: 124_044
2022-03-31 19:10:00,720 - processing started: 125_044 
2022-03-31 19:10:00,800 - processing completed: 125_044
2022-03-31 19:10:00,803 - processing started: 126_044 
2022-03-31 19:10:00,942 - processing completed: 126_044
2022-03-31 19:10:00,946 - processing started: 127_045 
2022-03-31 19:10:01,034 - processing completed: 127_045
2022-03-31 19:10:01,038 - processing started: 128_045 
2022-03-31 19:10:01,182 - processing completed: 128_045
2022-03-31 19:10:01,185 - processing started: 129_045 
2022-03-31 19:10:01,270 - processing completed: 129_045
2022-03-31 19:10:01,273 - processing started: 130_046 
2022-03-31 19:10:01,413 - processing completed: 130_046
2022-03-31 19:10:01,417 - processing started: 131_046 
2022-03-31 19:10:01,500 - processing completed: 131_046
2022-03-31 19:10:01,503 - processing started: 132_047 
2022-03-31 19:10:01,648 - processing completed: 132_047
2022-03-31 19:10:01,652 - processing started: 133_047 
2022-03-31 19:10:01,737 - processing completed: 133_047
2022-03-31 19:10:01,740 - processing started: 134_048 
2022-03-31 19:10:01,882 - processing completed: 134_048
2022-03-31 19:10:01,885 - processing started: 135_048 
2022-03-31 19:10:02,029 - processing completed: 135_048
2022-03-31 19:10:02,033 - processing started: 136_048 
2022-03-31 19:10:02,116 - processing completed: 136_048
2022-03-31 19:10:02,119 - processing started: 137_049 
2022-03-31 19:10:02,269 - processing completed: 137_049
2022-03-31 19:10:02,273 - processing started: 138_049 
2022-03-31 19:10:02,363 - processing completed: 138_049
2022-03-31 19:10:02,366 - processing started: 139_049 
2022-03-31 19:10:02,515 - processing completed: 139_049
2022-03-31 19:10:02,518 - processing started: 140_050 
2022-03-31 19:10:02,602 - processing completed: 140_050
2022-03-31 19:10:02,605 - processing started: 141_050 
2022-03-31 19:10:02,750 - processing completed: 141_050
2022-03-31 19:10:02,754 - processing started: 142_050 
2022-03-31 19:10:02,838 - processing completed: 142_050
2022-03-31 19:10:02,841 - processing started: 143_051 
2022-03-31 19:10:02,989 - processing completed: 143_051
2022-03-31 19:10:02,993 - processing started: 144_051 
2022-03-31 19:10:03,079 - processing completed: 144_051
2022-03-31 19:10:03,082 - processing started: 145_051 
2022-03-31 19:10:03,224 - processing completed: 145_051
2022-03-31 19:10:03,227 - processing started: 146_051 
2022-03-31 19:10:03,315 - processing completed: 146_051
2022-03-31 19:10:03,318 - processing started: 147_051 
2022-03-31 19:10:03,459 - processing completed: 147_051
2022-03-31 19:10:03,463 - processing started: 148_052 
2022-03-31 19:10:03,549 - processing completed: 148_052
2022-03-31 19:10:03,552 - processing started: 149_052 
2022-03-31 19:10:03,690 - processing completed: 149_052
2022-03-31 19:10:03,693 - processing started: 150_053 
2022-03-31 19:10:03,837 - processing completed: 150_053
2022-03-31 19:10:03,840 - processing started: 151_053 
2022-03-31 19:10:03,926 - processing completed: 151_053
2022-03-31 19:10:03,929 - processing started: 152_054 
2022-03-31 19:10:04,077 - processing completed: 152_054
2022-03-31 19:10:04,080 - processing started: 153_054 
2022-03-31 19:10:04,168 - processing completed: 153_054
2022-03-31 19:10:04,172 - processing started: 154_055 
2022-03-31 19:10:04,321 - processing completed: 154_055
2022-03-31 19:10:04,325 - processing started: 155_055 
2022-03-31 19:10:04,408 - processing completed: 155_055
2022-03-31 19:10:04,411 - processing started: 156_056 
2022-03-31 19:10:04,557 - processing completed: 156_056
2022-03-31 19:10:04,560 - processing started: 157_056 
2022-03-31 19:10:04,648 - processing completed: 157_056
2022-03-31 19:10:04,652 - processing started: 158_057 
2022-03-31 19:10:04,789 - processing completed: 158_057
2022-03-31 19:10:04,792 - processing started: 159_057 
2022-03-31 19:10:04,874 - processing completed: 159_057
2022-03-31 19:10:04,877 - processing started: 160_058 
2022-03-31 19:10:05,069 - processing completed: 160_058
2022-03-31 19:10:05,074 - processing started: 161_058 
2022-03-31 19:10:05,200 - processing completed: 161_058
2022-03-31 19:10:05,205 - processing started: 162_058 
2022-03-31 19:10:05,392 - processing completed: 162_058
2022-03-31 19:10:05,397 - processing started: 163_059 
2022-03-31 19:10:05,476 - processing completed: 163_059
2022-03-31 19:10:05,480 - processing started: 164_059 
2022-03-31 19:10:05,616 - processing completed: 164_059
2022-03-31 19:10:05,620 - processing started: 165_060 
2022-03-31 19:10:05,768 - processing completed: 165_060
2022-03-31 19:10:05,772 - processing started: 166_060 
2022-03-31 19:10:05,856 - processing completed: 166_060
2022-03-31 19:10:05,860 - processing started: 167_060 
2022-03-31 19:10:06,008 - processing completed: 167_060
2022-03-31 19:10:06,011 - processing started: 168_061 
2022-03-31 19:10:06,097 - processing completed: 168_061
2022-03-31 19:10:06,099 - processing started: 169_061 
2022-03-31 19:10:06,246 - processing completed: 169_061
2022-03-31 19:10:06,249 - processing started: 170_062 
2022-03-31 19:10:06,334 - processing completed: 170_062
2022-03-31 19:10:06,337 - processing started: 171_062 
2022-03-31 19:10:06,476 - processing completed: 171_062
2022-03-31 19:10:06,479 - processing started: 172_062 
2022-03-31 19:10:06,563 - processing completed: 172_062
2022-03-31 19:10:06,566 - processing started: 173_063 
2022-03-31 19:10:06,780 - processing completed: 173_063
2022-03-31 19:10:06,785 - processing started: 174_063 
2022-03-31 19:10:06,936 - processing completed: 174_063
2022-03-31 19:10:06,941 - processing started: 175_064 
2022-03-31 19:10:07,152 - processing completed: 175_064
2022-03-31 19:10:07,158 - processing started: 176_064 
2022-03-31 19:10:07,311 - processing completed: 176_064
2022-03-31 19:10:07,317 - processing started: 177_064 
2022-03-31 19:10:07,536 - processing completed: 177_064
2022-03-31 19:10:07,542 - processing started: 178_064 
2022-03-31 19:10:07,751 - processing completed: 178_064
2022-03-31 19:10:07,756 - processing started: 179_065 
2022-03-31 19:10:07,908 - processing completed: 179_065
2022-03-31 19:10:07,915 - processing started: 180_065 
2022-03-31 19:10:08,134 - processing completed: 180_065
2022-03-31 19:10:08,139 - processing started: 181_066 
2022-03-31 19:10:08,293 - processing completed: 181_066
2022-03-31 19:10:08,299 - processing started: 182_066 
2022-03-31 19:10:08,520 - processing completed: 182_066
2022-03-31 19:10:08,525 - processing started: 183_066 
2022-03-31 19:10:08,679 - processing completed: 183_066
2022-03-31 19:10:08,684 - processing started: 184_066 
2022-03-31 19:10:08,898 - processing completed: 184_066
2022-03-31 19:10:08,904 - processing started: 185_066 
2022-03-31 19:10:09,058 - processing completed: 185_066
2022-03-31 19:10:09,065 - processing started: 186_066 
2022-03-31 19:10:09,278 - processing completed: 186_066
2022-03-31 19:10:09,283 - processing started: 187_066 
2022-03-31 19:10:09,408 - processing completed: 187_066
2022-03-31 19:10:09,414 - processing started: 188_067 
2022-03-31 19:10:09,514 - processing completed: 188_067
2022-03-31 19:10:09,517 - processing started: 189_067 
2022-03-31 19:10:09,675 - processing completed: 189_067
2022-03-31 19:10:09,681 - processing started: 190_067 
2022-03-31 19:10:09,841 - processing completed: 190_067
2022-03-31 19:10:09,845 - processing started: 191_067 
2022-03-31 19:10:10,001 - processing completed: 191_067
2022-03-31 19:10:10,006 - processing started: 192_067 
2022-03-31 19:10:10,216 - processing completed: 192_067
2022-03-31 19:10:10,221 - processing started: 193_068 
2022-03-31 19:10:10,382 - processing completed: 193_068
2022-03-31 19:10:10,387 - processing started: 194_068 
2022-03-31 19:10:10,493 - processing completed: 194_068
2022-03-31 19:10:10,498 - processing started: 195_069 
2022-03-31 19:10:10,671 - processing completed: 195_069
2022-03-31 19:10:10,675 - processing started: 196_069 
2022-03-31 19:10:10,781 - processing completed: 196_069
2022-03-31 19:10:10,785 - processing started: 197_069 
2022-03-31 19:10:10,952 - processing completed: 197_069
2022-03-31 19:10:10,956 - processing started: 198_069 
2022-03-31 19:10:11,066 - processing completed: 198_069
2022-03-31 19:10:11,070 - processing started: 199_070 
2022-03-31 19:10:11,292 - processing completed: 199_070
2022-03-31 19:10:11,297 - processing started: 200_070 
2022-03-31 19:10:11,335 - processing completed: 200_070
2022-03-31 19:10:11,338 - processing started: 201_071 
2022-03-31 19:10:11,568 - processing completed: 201_071
2022-03-31 19:10:11,573 - processing started: 202_071 
2022-03-31 19:10:11,736 - processing completed: 202_071
2022-03-31 19:10:11,742 - processing started: 203_072 
2022-03-31 19:10:11,954 - processing completed: 203_072
2022-03-31 19:10:11,959 - processing started: 204_072 
2022-03-31 19:10:12,112 - processing completed: 204_072
2022-03-31 19:10:12,118 - processing started: 205_072 
2022-03-31 19:10:12,331 - processing completed: 205_072
2022-03-31 19:10:12,336 - processing started: 206_072 
2022-03-31 19:10:12,487 - processing completed: 206_072
2022-03-31 19:10:12,493 - processing started: 207_073 
2022-03-31 19:10:12,696 - processing completed: 207_073
2022-03-31 19:10:12,702 - processing started: 208_073 
2022-03-31 19:10:12,911 - processing completed: 208_073
2022-03-31 19:10:12,917 - processing started: 209_074 
2022-03-31 19:10:13,069 - processing completed: 209_074
2022-03-31 19:10:13,075 - processing started: 210_074 
2022-03-31 19:10:13,290 - processing completed: 210_074
2022-03-31 19:10:13,296 - processing started: 211_075 
2022-03-31 19:10:13,452 - processing completed: 211_075
2022-03-31 19:10:13,458 - processing started: 212_075 
2022-03-31 19:10:13,680 - processing completed: 212_075
2022-03-31 19:10:13,685 - processing started: 213_076 
2022-03-31 19:10:13,836 - processing completed: 213_076
2022-03-31 19:10:13,842 - processing started: 214_076 
2022-03-31 19:10:14,051 - processing completed: 214_076
2022-03-31 19:10:14,057 - processing started: 215_077 
2022-03-31 19:10:14,162 - processing completed: 215_077
2022-03-31 19:10:14,167 - processing started: 216_077 
2022-03-31 19:10:14,378 - processing completed: 216_077
2022-03-31 19:10:14,384 - processing started: 217_077 
2022-03-31 19:10:14,536 - processing completed: 217_077
2022-03-31 19:10:14,542 - processing started: 218_078 
2022-03-31 19:10:14,757 - processing completed: 218_078
2022-03-31 19:10:14,763 - processing started: 219_078 
2022-03-31 19:10:14,921 - processing completed: 219_078
2022-03-31 19:10:14,927 - processing started: 220_079 
2022-03-31 19:10:15,138 - processing completed: 220_079
2022-03-31 19:10:15,144 - processing started: 221_079 
2022-03-31 19:10:15,296 - processing completed: 221_079
2022-03-31 19:10:15,302 - processing started: 222_079 
2022-03-31 19:10:15,506 - processing completed: 222_079
2022-03-31 19:10:15,512 - processing started: 223_080 
2022-03-31 19:10:15,641 - processing completed: 223_080
2022-03-31 19:10:15,645 - processing started: 224_080 
2022-03-31 19:10:15,719 - processing completed: 224_080
2022-03-31 19:10:15,723 - processing started: 225_081 
2022-03-31 19:10:15,884 - processing completed: 225_081
2022-03-31 19:10:15,888 - processing started: 226_081 
2022-03-31 19:10:15,984 - processing completed: 226_081
2022-03-31 19:10:15,988 - processing started: 227_081 
2022-03-31 19:10:16,146 - processing completed: 227_081
2022-03-31 19:10:16,151 - processing started: 228_081 
2022-03-31 19:10:16,246 - processing completed: 228_081
2022-03-31 19:10:16,251 - processing started: 229_081 
2022-03-31 19:10:16,405 - processing completed: 229_081
2022-03-31 19:10:16,410 - processing started: 230_081 
2022-03-31 19:10:16,505 - processing completed: 230_081
2022-03-31 19:10:16,509 - processing started: 231_081 
2022-03-31 19:10:16,667 - processing completed: 231_081
2022-03-31 19:10:16,672 - processing started: 232_082 
2022-03-31 19:10:16,768 - processing completed: 232_082
2022-03-31 19:10:16,772 - processing started: 233_082 
2022-03-31 19:10:16,929 - processing completed: 233_082
2022-03-31 19:10:16,935 - processing started: 234_082 
2022-03-31 19:10:17,028 - processing completed: 234_082
2022-03-31 19:10:17,032 - processing started: 235_082 
2022-03-31 19:10:17,186 - processing completed: 235_082
2022-03-31 19:10:17,190 - processing started: 236_083 
2022-03-31 19:10:17,285 - processing completed: 236_083
2022-03-31 19:10:17,290 - processing started: 237_083 
2022-03-31 19:10:17,442 - processing completed: 237_083
2022-03-31 19:10:17,447 - processing started: 238_084 
2022-03-31 19:10:17,597 - processing completed: 238_084
2022-03-31 19:10:17,601 - processing started: 239_084 
2022-03-31 19:10:17,696 - processing completed: 239_084
2022-03-31 19:10:17,700 - processing started: 240_085 
2022-03-31 19:10:17,853 - processing completed: 240_085
2022-03-31 19:10:17,857 - processing started: 241_085 
2022-03-31 19:10:17,959 - processing completed: 241_085
2022-03-31 19:10:17,964 - processing started: 242_086 
2022-03-31 19:10:18,133 - processing completed: 242_086
2022-03-31 19:10:18,137 - processing started: 243_086 
2022-03-31 19:10:18,248 - processing completed: 243_086
2022-03-31 19:10:18,251 - processing started: 244_087 
2022-03-31 19:10:18,402 - processing completed: 244_087
2022-03-31 19:10:18,406 - processing started: 245_087 
2022-03-31 19:10:18,499 - processing completed: 245_087
2022-03-31 19:10:18,502 - processing started: 246_088 
2022-03-31 19:10:18,660 - processing completed: 246_088
2022-03-31 19:10:18,664 - processing started: 247_088 
2022-03-31 19:10:18,759 - processing completed: 247_088
2022-03-31 19:10:18,763 - processing started: 248_088 
2022-03-31 19:10:18,917 - processing completed: 248_088
2022-03-31 19:10:18,921 - processing started: 249_089 
2022-03-31 19:10:18,986 - processing completed: 249_089
2022-03-31 19:10:18,989 - processing started: 250_089 
2022-03-31 19:10:19,108 - processing completed: 250_089
2022-03-31 19:10:19,111 - processing started: 251_089 
2022-03-31 19:10:19,174 - processing completed: 251_089
2022-03-31 19:10:19,177 - processing started: 252_090 
2022-03-31 19:10:19,297 - processing completed: 252_090
2022-03-31 19:10:19,301 - processing started: 253_090 
2022-03-31 19:10:19,427 - processing completed: 253_090
2022-03-31 19:10:19,431 - processing started: 254_091 
2022-03-31 19:10:19,494 - processing completed: 254_091
2022-03-31 19:10:19,497 - processing started: 255_091 
2022-03-31 19:10:19,623 - processing completed: 255_091
2022-03-31 19:10:19,627 - processing started: 256_092 
2022-03-31 19:10:19,692 - processing completed: 256_092
2022-03-31 19:10:19,696 - processing started: 257_092 
2022-03-31 19:10:19,817 - processing completed: 257_092
2022-03-31 19:10:19,821 - processing started: 258_093 
2022-03-31 19:10:19,899 - processing completed: 258_093
2022-03-31 19:10:19,902 - processing started: 259_093 
2022-03-31 19:10:20,042 - processing completed: 259_093
2022-03-31 19:10:20,046 - processing started: 260_094 
2022-03-31 19:10:20,124 - processing completed: 260_094
2022-03-31 19:10:20,128 - processing started: 261_094 
2022-03-31 19:10:20,260 - processing completed: 261_094
2022-03-31 19:10:20,265 - processing started: 262_094 
2022-03-31 19:10:20,341 - processing completed: 262_094
2022-03-31 19:10:20,345 - processing started: 263_095 
2022-03-31 19:10:20,478 - processing completed: 263_095
2022-03-31 19:10:20,482 - processing started: 264_095 
2022-03-31 19:10:20,558 - processing completed: 264_095
2022-03-31 19:10:20,562 - processing started: 265_096 
2022-03-31 19:10:20,695 - processing completed: 265_096
2022-03-31 19:10:20,699 - processing started: 266_096 
2022-03-31 19:10:20,777 - processing completed: 266_096
2022-03-31 19:10:20,781 - processing started: 267_097 
2022-03-31 19:10:20,913 - processing completed: 267_097
2022-03-31 19:10:20,916 - processing started: 268_097 
2022-03-31 19:10:21,052 - processing completed: 268_097
2022-03-31 19:10:21,055 - processing started: 269_098 
2022-03-31 19:10:21,142 - processing completed: 269_098
2022-03-31 19:10:21,146 - processing started: 270_098 
2022-03-31 19:10:21,295 - processing completed: 270_098
2022-03-31 19:10:21,298 - processing started: 271_098 
2022-03-31 19:10:21,377 - processing completed: 271_098
2022-03-31 19:10:21,381 - processing started: 272_099 
2022-03-31 19:10:21,505 - processing completed: 272_099
2022-03-31 19:10:21,508 - processing started: 273_099 
2022-03-31 19:10:21,575 - processing completed: 273_099
2022-03-31 19:10:21,579 - processing started: 274_100 
2022-03-31 19:10:21,737 - processing completed: 274_100
2022-03-31 19:10:21,740 - processing started: 275_100 
2022-03-31 19:10:21,836 - processing completed: 275_100
2022-03-31 19:10:21,840 - processing started: 276_101 
2022-03-31 19:10:21,968 - processing completed: 276_101
2022-03-31 19:10:21,971 - processing started: 277_101 
2022-03-31 19:10:22,043 - processing completed: 277_101
2022-03-31 19:10:22,046 - processing started: 278_102 
2022-03-31 19:10:22,178 - processing completed: 278_102
2022-03-31 19:10:22,180 - processing started: 279_102 
2022-03-31 19:10:22,253 - processing completed: 279_102
2022-03-31 19:10:22,257 - processing started: 280_103 
2022-03-31 19:10:22,383 - processing completed: 280_103
2022-03-31 19:10:22,387 - processing started: 281_103 
2022-03-31 19:10:22,458 - processing completed: 281_103
2022-03-31 19:10:22,462 - processing started: 282_103 
2022-03-31 19:10:22,587 - processing completed: 282_103
2022-03-31 19:10:22,591 - processing started: 283_104 
2022-03-31 19:10:22,719 - processing completed: 283_104
2022-03-31 19:10:22,723 - processing started: 284_104 
2022-03-31 19:10:22,789 - processing completed: 284_104
2022-03-31 19:10:22,793 - processing started: 285_105 
2022-03-31 19:10:22,920 - processing completed: 285_105
2022-03-31 19:10:22,924 - processing started: 286_105 
2022-03-31 19:10:22,999 - processing completed: 286_105
2022-03-31 19:10:23,002 - processing started: 287_106 
2022-03-31 19:10:23,127 - processing completed: 287_106
2022-03-31 19:10:23,131 - processing started: 288_106 
2022-03-31 19:10:23,199 - processing completed: 288_106
2022-03-31 19:10:23,203 - processing started: 289_107 
2022-03-31 19:10:23,339 - processing completed: 289_107
2022-03-31 19:10:23,344 - processing started: 290_107 
2022-03-31 19:10:23,413 - processing completed: 290_107
2022-03-31 19:10:23,416 - processing started: 291_107 
2022-03-31 19:10:23,544 - processing completed: 291_107
2022-03-31 19:10:23,548 - processing started: 292_108 
2022-03-31 19:10:23,612 - processing completed: 292_108
2022-03-31 19:10:23,615 - processing started: 293_108 
2022-03-31 19:10:23,736 - processing completed: 293_108
2022-03-31 19:10:23,739 - processing started: 294_108 
2022-03-31 19:10:23,804 - processing completed: 294_108
2022-03-31 19:10:23,807 - processing started: 295_109 
2022-03-31 19:10:23,924 - processing completed: 295_109
2022-03-31 19:10:23,929 - processing started: 296_109 
2022-03-31 19:10:23,994 - processing completed: 296_109
2022-03-31 19:10:23,997 - processing started: 297_110 
2022-03-31 19:10:24,122 - processing completed: 297_110
2022-03-31 19:10:24,127 - processing started: 298_110 
2022-03-31 19:10:24,255 - processing completed: 298_110
2022-03-31 19:10:24,259 - processing started: 299_110 
2022-03-31 19:10:24,333 - processing completed: 299_110
2022-03-31 19:10:24,337 - processing started: 300_111 
2022-03-31 19:10:24,474 - processing completed: 300_111
2022-03-31 19:10:24,478 - processing started: 301_111 
2022-03-31 19:10:24,547 - processing completed: 301_111
2022-03-31 19:10:24,551 - processing started: 302_112 
2022-03-31 19:10:24,675 - processing completed: 302_112
2022-03-31 19:10:24,679 - processing started: 303_112 
2022-03-31 19:10:24,747 - processing completed: 303_112
2022-03-31 19:10:24,752 - processing started: 304_113 
2022-03-31 19:10:24,873 - processing completed: 304_113
2022-03-31 19:10:24,876 - processing started: 305_113 
2022-03-31 19:10:24,943 - processing completed: 305_113
2022-03-31 19:10:24,946 - processing started: 306_114 
2022-03-31 19:10:25,113 - processing completed: 306_114
2022-03-31 19:10:25,117 - processing started: 307_114 
2022-03-31 19:10:25,220 - processing completed: 307_114
2022-03-31 19:10:25,224 - processing started: 308_115 
2022-03-31 19:10:25,388 - processing completed: 308_115
2022-03-31 19:10:25,394 - processing started: 309_115 
2022-03-31 19:10:25,498 - processing completed: 309_115
2022-03-31 19:10:25,503 - processing started: 310_116 
2022-03-31 19:10:25,663 - processing completed: 310_116
2022-03-31 19:10:25,668 - processing started: 311_116 
2022-03-31 19:10:25,828 - processing completed: 311_116
2022-03-31 19:10:25,833 - processing started: 312_117 
2022-03-31 19:10:25,936 - processing completed: 312_117
2022-03-31 19:10:25,939 - processing started: 313_117 
2022-03-31 19:10:26,100 - processing completed: 313_117
2022-03-31 19:10:26,104 - processing started: 314_117 
2022-03-31 19:10:26,204 - processing completed: 314_117
2022-03-31 19:10:26,208 - processing started: 315_117 
2022-03-31 19:10:26,368 - processing completed: 315_117
2022-03-31 19:10:26,372 - processing started: 316_118 
2022-03-31 19:10:26,479 - processing completed: 316_118
2022-03-31 19:10:26,486 - processing started: 317_118 
2022-03-31 19:10:26,655 - processing completed: 317_118
2022-03-31 19:10:26,659 - processing started: 318_119 
2022-03-31 19:10:26,763 - processing completed: 318_119
2022-03-31 19:10:26,768 - processing started: 319_119 
2022-03-31 19:10:26,927 - processing completed: 319_119
2022-03-31 19:10:26,931 - processing started: 320_120 
2022-03-31 19:10:27,006 - processing completed: 320_120
2022-03-31 19:10:27,010 - processing started: 321_120 
2022-03-31 19:10:27,143 - processing completed: 321_120
2022-03-31 19:10:27,147 - processing started: 322_120 
2022-03-31 19:10:27,226 - processing completed: 322_120
2022-03-31 19:10:27,229 - processing started: 323_120 
2022-03-31 19:10:27,362 - processing completed: 323_120
2022-03-31 19:10:27,365 - processing started: 324_121 
2022-03-31 19:10:27,465 - processing completed: 324_121
2022-03-31 19:10:27,468 - processing started: 325_121 
2022-03-31 19:10:27,628 - processing completed: 325_121
2022-03-31 19:10:27,632 - processing started: 326_122 
2022-03-31 19:10:27,785 - processing completed: 326_122
2022-03-31 19:10:27,789 - processing started: 327_122 
2022-03-31 19:10:27,887 - processing completed: 327_122
2022-03-31 19:10:27,890 - processing started: 328_123 
2022-03-31 19:10:28,056 - processing completed: 328_123
2022-03-31 19:10:28,061 - processing started: 329_123 
2022-03-31 19:10:28,158 - processing completed: 329_123
2022-03-31 19:10:28,163 - processing started: 330_123 
2022-03-31 19:10:28,322 - processing completed: 330_123
2022-03-31 19:10:28,326 - processing started: 331_124 
2022-03-31 19:10:28,422 - processing completed: 331_124
2022-03-31 19:10:28,426 - processing started: 332_124 
2022-03-31 19:10:28,581 - processing completed: 332_124
2022-03-31 19:10:28,585 - processing started: 333_124 
2022-03-31 19:10:28,683 - processing completed: 333_124
2022-03-31 19:10:28,687 - processing started: 334_124 
2022-03-31 19:10:28,843 - processing completed: 334_124
2022-03-31 19:10:28,847 - processing started: 335_124 
2022-03-31 19:10:28,943 - processing completed: 335_124
2022-03-31 19:10:28,948 - processing started: 336_124 
2022-03-31 19:10:29,100 - processing completed: 336_124
2022-03-31 19:10:29,104 - processing started: 337_124 
2022-03-31 19:10:29,201 - processing completed: 337_124
2022-03-31 19:10:29,205 - processing started: 338_124 
2022-03-31 19:10:29,359 - processing completed: 338_124
2022-03-31 19:10:29,362 - processing started: 339_124 
2022-03-31 19:10:29,459 - processing completed: 339_124
2022-03-31 19:10:29,462 - processing started: 340_125 
2022-03-31 19:10:29,621 - processing completed: 340_125
2022-03-31 19:10:29,625 - processing started: 341_125 
2022-03-31 19:10:29,777 - processing completed: 341_125
2022-03-31 19:10:29,783 - processing started: 342_126 
2022-03-31 19:10:29,878 - processing completed: 342_126
2022-03-31 19:10:29,881 - processing started: 343_126 
2022-03-31 19:10:30,038 - processing completed: 343_126
2022-03-31 19:10:30,042 - processing started: 344_126 
2022-03-31 19:10:30,139 - processing completed: 344_126
2022-03-31 19:10:30,143 - processing started: 345_127 
2022-03-31 19:10:30,298 - processing completed: 345_127
2022-03-31 19:10:30,303 - processing started: 346_127 
2022-03-31 19:10:30,398 - processing completed: 346_127
2022-03-31 19:10:30,402 - processing started: 347_128 
2022-03-31 19:10:30,563 - processing completed: 347_128
2022-03-31 19:10:30,568 - processing started: 348_128 
2022-03-31 19:10:30,682 - processing completed: 348_128
2022-03-31 19:10:30,687 - processing started: 349_129 
2022-03-31 19:10:30,861 - processing completed: 349_129
2022-03-31 19:10:30,865 - processing started: 350_129 
2022-03-31 19:10:30,960 - processing completed: 350_129
2022-03-31 19:10:30,964 - processing started: 351_129 
2022-03-31 19:10:31,119 - processing completed: 351_129
2022-03-31 19:10:31,123 - processing started: 352_130 
2022-03-31 19:10:31,219 - processing completed: 352_130
2022-03-31 19:10:31,223 - processing started: 353_130 
2022-03-31 19:10:31,376 - processing completed: 353_130
2022-03-31 19:10:31,380 - processing started: 354_131 
2022-03-31 19:10:31,475 - processing completed: 354_131
2022-03-31 19:10:31,480 - processing started: 355_131 
2022-03-31 19:10:31,635 - processing completed: 355_131
2022-03-31 19:10:31,639 - processing started: 356_132 
2022-03-31 19:10:31,794 - processing completed: 356_132
2022-03-31 19:10:31,798 - processing started: 357_132 
2022-03-31 19:10:31,901 - processing completed: 357_132
2022-03-31 19:10:31,906 - processing started: 358_133 
2022-03-31 19:10:32,076 - processing completed: 358_133
2022-03-31 19:10:32,081 - processing started: 359_133 
2022-03-31 19:10:32,176 - processing completed: 359_133
2022-03-31 19:10:32,181 - processing started: 360_134 
2022-03-31 19:10:32,336 - processing completed: 360_134
2022-03-31 19:10:32,340 - processing started: 361_134 
2022-03-31 19:10:32,434 - processing completed: 361_134
2022-03-31 19:10:32,439 - processing started: 362_134 
2022-03-31 19:10:32,597 - processing completed: 362_134
2022-03-31 19:10:32,601 - processing started: 363_134 
2022-03-31 19:10:32,696 - processing completed: 363_134
2022-03-31 19:10:32,700 - processing started: 364_134 
2022-03-31 19:10:32,852 - processing completed: 364_134
2022-03-31 19:10:32,856 - processing started: 365_135 
2022-03-31 19:10:32,957 - processing completed: 365_135
2022-03-31 19:10:32,962 - processing started: 366_135 
2022-03-31 19:10:33,122 - processing completed: 366_135
2022-03-31 19:10:33,126 - processing started: 367_135 
2022-03-31 19:10:33,220 - processing completed: 367_135
2022-03-31 19:10:33,224 - processing started: 368_136 
2022-03-31 19:10:33,378 - processing completed: 368_136
2022-03-31 19:10:33,382 - processing started: 369_136 
2022-03-31 19:10:33,476 - processing completed: 369_136
2022-03-31 19:10:33,480 - processing started: 370_137 
2022-03-31 19:10:33,632 - processing completed: 370_137
2022-03-31 19:10:33,636 - processing started: 371_137 
2022-03-31 19:10:33,789 - processing completed: 371_137
2022-03-31 19:10:33,793 - processing started: 372_138 
2022-03-31 19:10:33,885 - processing completed: 372_138
2022-03-31 19:10:33,888 - processing started: 373_138 
2022-03-31 19:10:34,045 - processing completed: 373_138
2022-03-31 19:10:34,049 - processing started: 374_139 
2022-03-31 19:10:34,144 - processing completed: 374_139
2022-03-31 19:10:34,148 - processing started: 375_139 
2022-03-31 19:10:34,304 - processing completed: 375_139
2022-03-31 19:10:34,308 - processing started: 376_140 
2022-03-31 19:10:34,403 - processing completed: 376_140
2022-03-31 19:10:34,408 - processing started: 377_140 
2022-03-31 19:10:34,572 - processing completed: 377_140
2022-03-31 19:10:34,577 - processing started: 378_140 
2022-03-31 19:10:34,674 - processing completed: 378_140
2022-03-31 19:10:34,677 - processing started: 379_141 
2022-03-31 19:10:34,832 - processing completed: 379_141
2022-03-31 19:10:34,836 - processing started: 380_141 
2022-03-31 19:10:34,930 - processing completed: 380_141
2022-03-31 19:10:34,935 - processing started: 381_142 
2022-03-31 19:10:35,092 - processing completed: 381_142
2022-03-31 19:10:35,097 - processing started: 382_142 
2022-03-31 19:10:35,193 - processing completed: 382_142
2022-03-31 19:10:35,197 - processing started: 383_143 
2022-03-31 19:10:35,352 - processing completed: 383_143
2022-03-31 19:10:35,357 - processing started: 384_143 
2022-03-31 19:10:35,453 - processing completed: 384_143
2022-03-31 19:10:35,457 - processing started: 385_144 
2022-03-31 19:10:35,611 - processing completed: 385_144
2022-03-31 19:10:35,615 - processing started: 386_144 
2022-03-31 19:10:35,762 - processing completed: 386_144
2022-03-31 19:10:35,767 - processing started: 387_144 
2022-03-31 19:10:35,860 - processing completed: 387_144
2022-03-31 19:10:35,865 - processing started: 388_145 
2022-03-31 19:10:36,020 - processing completed: 388_145
2022-03-31 19:10:36,024 - processing started: 389_145 
2022-03-31 19:10:36,120 - processing completed: 389_145
2022-03-31 19:10:36,125 - processing started: 390_145 
2022-03-31 19:10:36,286 - processing completed: 390_145
2022-03-31 19:10:36,290 - processing started: 391_145 
2022-03-31 19:10:36,383 - processing completed: 391_145
2022-03-31 19:10:36,387 - processing started: 392_145 
2022-03-31 19:10:36,543 - processing completed: 392_145
2022-03-31 19:10:36,547 - processing started: 393_146 
2022-03-31 19:10:36,641 - processing completed: 393_146
2022-03-31 19:10:36,645 - processing started: 394_146 
2022-03-31 19:10:36,802 - processing completed: 394_146
2022-03-31 19:10:36,807 - processing started: 395_147 
2022-03-31 19:10:36,902 - processing completed: 395_147
2022-03-31 19:10:36,906 - processing started: 396_147 
2022-03-31 19:10:37,060 - processing completed: 396_147
2022-03-31 19:10:37,064 - processing started: 397_147 
2022-03-31 19:10:37,161 - processing completed: 397_147
2022-03-31 19:10:37,165 - processing started: 398_147 
2022-03-31 19:10:37,321 - processing completed: 398_147
2022-03-31 19:10:37,325 - processing started: 399_148 
2022-03-31 19:10:37,420 - processing completed: 399_148
2022-03-31 19:10:37,424 - processing started: 400_148 
2022-03-31 19:10:37,579 - processing completed: 400_148
2022-03-31 19:10:37,583 - processing started: 401_149 
2022-03-31 19:10:37,733 - processing completed: 401_149
2022-03-31 19:10:37,737 - processing started: 402_149 
2022-03-31 19:10:37,833 - processing completed: 402_149
2022-03-31 19:10:37,837 - processing started: 403_149 
2022-03-31 19:10:37,998 - processing completed: 403_149
2022-03-31 19:10:38,002 - processing started: 404_149 
2022-03-31 19:10:38,098 - processing completed: 404_149
2022-03-31 19:10:38,101 - processing started: 405_150 
2022-03-31 19:10:38,262 - processing completed: 405_150
2022-03-31 19:10:38,266 - processing started: 406_150 
2022-03-31 19:10:38,362 - processing completed: 406_150
2022-03-31 19:10:38,366 - processing started: 407_151 
2022-03-31 19:10:38,524 - processing completed: 407_151
2022-03-31 19:10:38,528 - processing started: 408_151 
2022-03-31 19:10:38,623 - processing completed: 408_151
2022-03-31 19:10:38,626 - processing started: 409_152 
2022-03-31 19:10:38,786 - processing completed: 409_152
2022-03-31 19:10:38,790 - processing started: 410_152 
2022-03-31 19:10:38,888 - processing completed: 410_152
2022-03-31 19:10:38,891 - processing started: 411_153 
2022-03-31 19:10:39,065 - processing completed: 411_153
2022-03-31 19:10:39,069 - processing started: 412_153 
2022-03-31 19:10:39,164 - processing completed: 412_153
2022-03-31 19:10:39,167 - processing started: 413_154 
2022-03-31 19:10:39,326 - processing completed: 413_154
2022-03-31 19:10:39,329 - processing started: 414_154 
2022-03-31 19:10:39,425 - processing completed: 414_154
2022-03-31 19:10:39,428 - processing started: 415_155 
2022-03-31 19:10:39,592 - processing completed: 415_155
2022-03-31 19:10:39,595 - processing started: 416_155 
2022-03-31 19:10:39,745 - processing completed: 416_155
2022-03-31 19:10:39,748 - processing started: 417_156 
2022-03-31 19:10:39,845 - processing completed: 417_156
2022-03-31 19:10:39,848 - processing started: 418_156 
2022-03-31 19:10:40,005 - processing completed: 418_156
2022-03-31 19:10:40,009 - processing started: 419_156 
2022-03-31 19:10:40,105 - processing completed: 419_156
2022-03-31 19:10:40,109 - processing started: 420_157 
2022-03-31 19:10:40,267 - processing completed: 420_157
2022-03-31 19:10:40,270 - processing started: 421_157 
2022-03-31 19:10:40,370 - processing completed: 421_157
2022-03-31 19:10:40,374 - processing started: 422_157 
2022-03-31 19:10:40,534 - processing completed: 422_157
2022-03-31 19:10:40,538 - processing started: 423_158 
2022-03-31 19:10:40,631 - processing completed: 423_158
2022-03-31 19:10:40,636 - processing started: 424_158 
2022-03-31 19:10:40,792 - processing completed: 424_158
2022-03-31 19:10:40,796 - processing started: 425_159 
2022-03-31 19:10:40,889 - processing completed: 425_159
2022-03-31 19:10:40,893 - processing started: 426_159 
2022-03-31 19:10:41,049 - processing completed: 426_159
2022-03-31 19:10:41,053 - processing started: 427_159 
2022-03-31 19:10:41,150 - processing completed: 427_159
2022-03-31 19:10:41,154 - processing started: 428_160 
2022-03-31 19:10:41,310 - processing completed: 428_160
2022-03-31 19:10:41,315 - processing started: 429_160 
2022-03-31 19:10:41,412 - processing completed: 429_160
2022-03-31 19:10:41,416 - processing started: 430_160 
2022-03-31 19:10:41,571 - processing completed: 430_160
2022-03-31 19:10:41,576 - processing started: 431_161 
2022-03-31 19:10:41,725 - processing completed: 431_161
2022-03-31 19:10:41,729 - processing started: 432_161 
2022-03-31 19:10:41,825 - processing completed: 432_161
2022-03-31 19:10:41,829 - processing started: 433_162 
2022-03-31 19:10:41,989 - processing completed: 433_162
2022-03-31 19:10:41,993 - processing started: 434_162 
2022-03-31 19:10:42,088 - processing completed: 434_162
2022-03-31 19:10:42,092 - processing started: 435_163 
2022-03-31 19:10:42,245 - processing completed: 435_163
2022-03-31 19:10:42,249 - processing started: 436_163 
2022-03-31 19:10:42,344 - processing completed: 436_163
2022-03-31 19:10:42,347 - processing started: 437_164 
2022-03-31 19:10:42,521 - processing completed: 437_164
2022-03-31 19:10:42,525 - processing started: 438_164 
2022-03-31 19:10:42,623 - processing completed: 438_164
2022-03-31 19:10:42,628 - processing started: 439_164 
2022-03-31 19:10:42,784 - processing completed: 439_164
2022-03-31 19:10:42,788 - processing started: 440_165 
2022-03-31 19:10:42,885 - processing completed: 440_165
2022-03-31 19:10:42,890 - processing started: 441_165 
2022-03-31 19:10:43,056 - processing completed: 441_165
2022-03-31 19:10:43,061 - processing started: 442_166 
2022-03-31 19:10:43,153 - processing completed: 442_166
2022-03-31 19:10:43,158 - processing started: 443_166 
2022-03-31 19:10:43,314 - processing completed: 443_166
2022-03-31 19:10:43,318 - processing started: 444_167 
2022-03-31 19:10:43,466 - processing completed: 444_167
2022-03-31 19:10:43,471 - processing started: 445_167 
2022-03-31 19:10:43,566 - processing completed: 445_167
2022-03-31 19:10:43,570 - processing started: 446_167 
2022-03-31 19:10:43,732 - processing completed: 446_167
2022-03-31 19:10:43,737 - processing started: 447_167 
2022-03-31 19:10:43,832 - processing completed: 447_167
2022-03-31 19:10:43,836 - processing started: 448_168 
2022-03-31 19:10:43,991 - processing completed: 448_168
2022-03-31 19:10:43,995 - processing started: 449_168 
2022-03-31 19:10:44,090 - processing completed: 449_168
2022-03-31 19:10:44,095 - processing started: 450_168 
2022-03-31 19:10:44,252 - processing completed: 450_168
2022-03-31 19:10:44,256 - processing started: 451_168 
2022-03-31 19:10:44,350 - processing completed: 451_168
2022-03-31 19:10:44,354 - processing started: 452_169 
2022-03-31 19:10:44,509 - processing completed: 452_169
2022-03-31 19:10:44,514 - processing started: 453_169 
2022-03-31 19:10:44,615 - processing completed: 453_169
2022-03-31 19:10:44,619 - processing started: 454_170 
2022-03-31 19:10:44,780 - processing completed: 454_170
2022-03-31 19:10:44,784 - processing started: 455_170 
2022-03-31 19:10:44,876 - processing completed: 455_170
2022-03-31 19:10:44,881 - processing started: 456_171 
2022-03-31 19:10:45,037 - processing completed: 456_171
2022-03-31 19:10:45,042 - processing started: 457_171 
2022-03-31 19:10:45,138 - processing completed: 457_171
2022-03-31 19:10:45,142 - processing started: 458_171 
2022-03-31 19:10:45,297 - processing completed: 458_171
2022-03-31 19:10:45,302 - processing started: 459_172 
2022-03-31 19:10:45,455 - processing completed: 459_172
2022-03-31 19:10:45,459 - processing started: 460_172 
2022-03-31 19:10:45,553 - processing completed: 460_172
2022-03-31 19:10:45,557 - processing started: 461_173 
2022-03-31 19:10:45,714 - processing completed: 461_173
2022-03-31 19:10:45,718 - processing started: 462_173 
2022-03-31 19:10:45,815 - processing completed: 462_173
2022-03-31 19:10:45,818 - processing started: 463_173 
2022-03-31 19:10:45,978 - processing completed: 463_173
2022-03-31 19:10:45,983 - processing started: 464_174 
2022-03-31 19:10:46,077 - processing completed: 464_174
2022-03-31 19:10:46,080 - processing started: 465_174 
2022-03-31 19:10:46,236 - processing completed: 465_174
2022-03-31 19:10:46,240 - processing started: 466_174 
2022-03-31 19:10:46,337 - processing completed: 466_174
2022-03-31 19:10:46,340 - processing started: 467_174 
2022-03-31 19:10:46,496 - processing completed: 467_174
2022-03-31 19:10:46,500 - processing started: 468_175 
2022-03-31 19:10:46,594 - processing completed: 468_175
2022-03-31 19:10:46,598 - processing started: 469_175 
2022-03-31 19:10:46,754 - processing completed: 469_175
2022-03-31 19:10:46,759 - processing started: 470_176 
2022-03-31 19:10:46,855 - processing completed: 470_176
2022-03-31 19:10:46,859 - processing started: 471_176 
2022-03-31 19:10:47,013 - processing completed: 471_176
2022-03-31 19:10:47,018 - processing started: 472_177 
2022-03-31 19:10:47,114 - processing completed: 472_177
2022-03-31 19:10:47,118 - processing started: 473_177 
2022-03-31 19:10:47,273 - processing completed: 473_177
2022-03-31 19:10:47,277 - processing started: 474_178 
2022-03-31 19:10:47,424 - processing completed: 474_178
2022-03-31 19:10:47,428 - processing started: 475_178 
2022-03-31 19:10:47,521 - processing completed: 475_178
2022-03-31 19:10:47,525 - processing started: 476_178 
2022-03-31 19:10:47,683 - processing completed: 476_178
2022-03-31 19:10:47,686 - processing started: 477_179 
2022-03-31 19:10:47,781 - processing completed: 477_179
2022-03-31 19:10:47,785 - processing started: 478_179 
2022-03-31 19:10:47,950 - processing completed: 478_179
2022-03-31 19:10:47,953 - processing started: 479_180 
2022-03-31 19:10:48,049 - processing completed: 479_180
2022-03-31 19:10:48,054 - processing started: 480_180 
2022-03-31 19:10:48,210 - processing completed: 480_180
2022-03-31 19:10:48,215 - processing started: 481_180 
2022-03-31 19:10:48,308 - processing completed: 481_180
2022-03-31 19:10:48,313 - processing started: 482_180 
2022-03-31 19:10:48,471 - processing completed: 482_180
2022-03-31 19:10:48,474 - processing started: 483_181 
2022-03-31 19:10:48,570 - processing completed: 483_181
2022-03-31 19:10:48,574 - processing started: 484_181 
2022-03-31 19:10:48,729 - processing completed: 484_181
2022-03-31 19:10:48,733 - processing started: 485_182 
2022-03-31 19:10:48,828 - processing completed: 485_182
2022-03-31 19:10:48,832 - processing started: 486_182 
2022-03-31 19:10:48,990 - processing completed: 486_182
2022-03-31 19:10:48,994 - processing started: 487_182 
2022-03-31 19:10:49,089 - processing completed: 487_182
2022-03-31 19:10:49,094 - processing started: 488_183 
2022-03-31 19:10:49,247 - processing completed: 488_183
2022-03-31 19:10:49,251 - processing started: 489_183 
2022-03-31 19:10:49,401 - processing completed: 489_183
2022-03-31 19:10:49,404 - processing started: 490_183 
2022-03-31 19:10:49,500 - processing completed: 490_183
2022-03-31 19:10:49,504 - processing started: 491_183 
2022-03-31 19:10:49,667 - processing completed: 491_183
2022-03-31 19:10:49,672 - processing started: 492_184 
2022-03-31 19:10:49,767 - processing completed: 492_184
2022-03-31 19:10:49,771 - processing started: 493_184 
2022-03-31 19:10:49,926 - processing completed: 493_184
2022-03-31 19:10:49,930 - processing started: 494_184 
2022-03-31 19:10:50,029 - processing completed: 494_184
2022-03-31 19:10:50,033 - processing started: 495_185 
2022-03-31 19:10:50,189 - processing completed: 495_185
2022-03-31 19:10:50,193 - processing started: 496_185 
2022-03-31 19:10:50,288 - processing completed: 496_185
2022-03-31 19:10:50,292 - processing started: 497_186 
2022-03-31 19:10:50,448 - processing completed: 497_186
2022-03-31 19:10:50,453 - processing started: 498_186 
2022-03-31 19:10:50,548 - processing completed: 498_186
2022-03-31 19:10:50,552 - processing started: 499_187 
2022-03-31 19:10:50,709 - processing completed: 499_187
2022-03-31 19:10:50,713 - processing started: 500_187 
2022-03-31 19:10:50,812 - processing completed: 500_187
2022-03-31 19:10:50,816 - processing started: 501_188 
2022-03-31 19:10:50,970 - processing completed: 501_188
2022-03-31 19:10:50,974 - processing started: 502_188 
2022-03-31 19:10:51,072 - processing completed: 502_188
2022-03-31 19:10:51,076 - processing started: 503_188 
2022-03-31 19:10:51,232 - processing completed: 503_188
2022-03-31 19:10:51,235 - processing started: 504_188 
2022-03-31 19:10:51,388 - processing completed: 504_188
2022-03-31 19:10:51,393 - processing started: 505_189 
2022-03-31 19:10:51,465 - processing completed: 505_189
2022-03-31 19:10:51,469 - processing started: 506_189 
2022-03-31 19:10:51,607 - processing completed: 506_189
2022-03-31 19:10:51,610 - processing started: 507_190 
2022-03-31 19:10:51,709 - processing completed: 507_190
2022-03-31 19:10:51,713 - processing started: 508_190 
2022-03-31 19:10:51,869 - processing completed: 508_190
2022-03-31 19:10:51,873 - processing started: 509_191 
2022-03-31 19:10:51,967 - processing completed: 509_191
2022-03-31 19:10:51,971 - processing started: 510_191 
2022-03-31 19:10:52,131 - processing completed: 510_191
2022-03-31 19:10:52,135 - processing started: 511_192 
2022-03-31 19:10:52,227 - processing completed: 511_192
2022-03-31 19:10:52,231 - processing started: 512_192 
2022-03-31 19:10:52,385 - processing completed: 512_192
2022-03-31 19:10:52,390 - processing started: 513_192 
2022-03-31 19:10:52,483 - processing completed: 513_192
2022-03-31 19:10:52,486 - processing started: 514_192 
2022-03-31 19:10:52,641 - processing completed: 514_192
2022-03-31 19:10:52,645 - processing started: 515_193 
2022-03-31 19:10:52,741 - processing completed: 515_193
2022-03-31 19:10:52,746 - processing started: 516_193 
2022-03-31 19:10:52,899 - processing completed: 516_193
2022-03-31 19:10:52,904 - processing started: 517_194 
2022-03-31 19:10:53,005 - processing completed: 517_194
2022-03-31 19:10:53,009 - processing started: 518_194 
2022-03-31 19:10:53,175 - processing completed: 518_194
2022-03-31 19:10:53,180 - processing started: 519_195 
2022-03-31 19:10:53,336 - processing completed: 519_195
2022-03-31 19:10:53,340 - processing started: 520_195 
2022-03-31 19:10:53,436 - processing completed: 520_195
2022-03-31 19:10:53,440 - processing started: 521_196 
2022-03-31 19:10:53,594 - processing completed: 521_196
2022-03-31 19:10:53,599 - processing started: 522_196 
2022-03-31 19:10:53,693 - processing completed: 522_196
2022-03-31 19:10:53,697 - processing started: 523_196 
2022-03-31 19:10:53,852 - processing completed: 523_196
2022-03-31 19:10:53,856 - processing started: 524_196 
2022-03-31 19:10:53,951 - processing completed: 524_196
2022-03-31 19:10:53,955 - processing started: 525_196 
2022-03-31 19:10:54,112 - processing completed: 525_196
2022-03-31 19:10:54,116 - processing started: 526_196 
2022-03-31 19:10:54,210 - processing completed: 526_196
2022-03-31 19:10:54,213 - processing started: 527_197 
2022-03-31 19:10:54,371 - processing completed: 527_197
2022-03-31 19:10:54,374 - processing started: 528_197 
2022-03-31 19:10:54,470 - processing completed: 528_197
2022-03-31 19:10:54,473 - processing started: 529_197 
2022-03-31 19:10:54,627 - processing completed: 529_197
2022-03-31 19:10:54,630 - processing started: 530_197 
2022-03-31 19:10:54,733 - processing completed: 530_197
2022-03-31 19:10:54,737 - processing started: 531_197 
2022-03-31 19:10:54,891 - processing completed: 531_197
2022-03-31 19:10:54,895 - processing started: 532_198 
2022-03-31 19:10:54,988 - processing completed: 532_198
2022-03-31 19:10:54,992 - processing started: 533_198 
2022-03-31 19:10:55,144 - processing completed: 533_198
2022-03-31 19:10:55,148 - processing started: 534_199 
2022-03-31 19:10:55,297 - processing completed: 534_199
2022-03-31 19:10:55,300 - processing started: 535_199 
2022-03-31 19:10:55,399 - processing completed: 535_199
2022-03-31 19:10:55,403 - processing started: 536_200 
2022-03-31 19:10:55,559 - processing completed: 536_200
2022-03-31 19:10:55,563 - processing started: 537_200 
2022-03-31 19:10:55,658 - processing completed: 537_200
2022-03-31 19:10:55,663 - processing started: 538_201 
2022-03-31 19:10:55,817 - processing completed: 538_201
2022-03-31 19:10:55,821 - processing started: 539_201 
2022-03-31 19:10:55,918 - processing completed: 539_201
2022-03-31 19:10:55,922 - processing started: 540_202 
2022-03-31 19:10:56,091 - processing completed: 540_202
2022-03-31 19:10:56,095 - processing started: 541_202 
2022-03-31 19:10:56,189 - processing completed: 541_202
2022-03-31 19:10:56,194 - processing started: 542_203 
2022-03-31 19:10:56,350 - processing completed: 542_203
2022-03-31 19:10:56,354 - processing started: 543_203 
2022-03-31 19:10:56,453 - processing completed: 543_203
2022-03-31 19:10:56,457 - processing started: 544_204 
2022-03-31 19:10:56,611 - processing completed: 544_204
2022-03-31 19:10:56,615 - processing started: 545_204 
2022-03-31 19:10:56,710 - processing completed: 545_204
2022-03-31 19:10:56,715 - processing started: 546_205 
2022-03-31 19:10:56,868 - processing completed: 546_205
2022-03-31 19:10:56,872 - processing started: 547_205 
2022-03-31 19:10:56,967 - processing completed: 547_205
2022-03-31 19:10:56,971 - processing started: 548_206 
2022-03-31 19:10:57,126 - processing completed: 548_206
2022-03-31 19:10:57,129 - processing started: 549_206 
2022-03-31 19:10:57,280 - processing completed: 549_206
2022-03-31 19:10:57,284 - processing started: 550_207 
2022-03-31 19:10:57,380 - processing completed: 550_207
2022-03-31 19:10:57,385 - processing started: 551_207 
2022-03-31 19:10:57,546 - processing completed: 551_207
2022-03-31 19:10:57,550 - processing started: 552_207 
2022-03-31 19:10:57,645 - processing completed: 552_207
2022-03-31 19:10:57,649 - processing started: 553_207 
2022-03-31 19:10:57,805 - processing completed: 553_207
2022-03-31 19:10:57,810 - processing started: 554_208 
2022-03-31 19:10:57,905 - processing completed: 554_208
2022-03-31 19:10:57,910 - processing started: 555_208 
2022-03-31 19:10:58,067 - processing completed: 555_208
2022-03-31 19:10:58,072 - processing started: 556_209 
2022-03-31 19:10:58,167 - processing completed: 556_209
2022-03-31 19:10:58,171 - processing started: 557_209 
2022-03-31 19:10:58,324 - processing completed: 557_209
2022-03-31 19:10:58,329 - processing started: 558_210 
2022-03-31 19:10:58,423 - processing completed: 558_210
2022-03-31 19:10:58,427 - processing started: 559_210 
2022-03-31 19:10:58,588 - processing completed: 559_210
2022-03-31 19:10:58,592 - processing started: 560_211 
2022-03-31 19:10:58,690 - processing completed: 560_211
2022-03-31 19:10:58,693 - processing started: 561_211 
2022-03-31 19:10:58,848 - processing completed: 561_211
2022-03-31 19:10:58,851 - processing started: 562_212 
2022-03-31 19:10:58,950 - processing completed: 562_212
2022-03-31 19:10:58,954 - processing started: 563_212 
2022-03-31 19:10:59,110 - processing completed: 563_212
2022-03-31 19:10:59,115 - processing started: 564_213 
2022-03-31 19:10:59,270 - processing completed: 564_213
2022-03-31 19:10:59,274 - processing started: 565_213 
2022-03-31 19:10:59,373 - processing completed: 565_213
2022-03-31 19:10:59,377 - processing started: 566_214 
2022-03-31 19:10:59,533 - processing completed: 566_214
2022-03-31 19:10:59,537 - processing started: 567_214 
2022-03-31 19:10:59,637 - processing completed: 567_214
2022-03-31 19:10:59,641 - processing started: 568_214 
2022-03-31 19:10:59,797 - processing completed: 568_214
2022-03-31 19:10:59,802 - processing started: 569_214 
2022-03-31 19:10:59,901 - processing completed: 569_214
2022-03-31 19:10:59,905 - processing started: 570_214 
2022-03-31 19:11:00,061 - processing completed: 570_214
2022-03-31 19:11:00,066 - processing started: 571_215 
2022-03-31 19:11:00,164 - processing completed: 571_215
2022-03-31 19:11:00,167 - processing started: 572_215 
2022-03-31 19:11:00,321 - processing completed: 572_215
2022-03-31 19:11:00,325 - processing started: 573_216 
2022-03-31 19:11:00,429 - processing completed: 573_216
2022-03-31 19:11:00,441 - processing started: 574_216 
2022-03-31 19:11:00,597 - processing completed: 574_216
2022-03-31 19:11:00,602 - processing started: 575_217 
2022-03-31 19:11:00,703 - processing completed: 575_217
2022-03-31 19:11:00,707 - processing started: 576_217 
2022-03-31 19:11:00,861 - processing completed: 576_217
2022-03-31 19:11:00,864 - processing started: 577_218 
2022-03-31 19:11:01,019 - processing completed: 577_218
2022-03-31 19:11:01,023 - processing started: 578_218 
2022-03-31 19:11:01,118 - processing completed: 578_218
2022-03-31 19:11:01,123 - processing started: 579_219 
2022-03-31 19:11:01,281 - processing completed: 579_219
2022-03-31 19:11:01,285 - processing started: 580_219 
2022-03-31 19:11:01,380 - processing completed: 580_219
2022-03-31 19:11:01,384 - processing started: 581_220 
2022-03-31 19:11:01,540 - processing completed: 581_220
2022-03-31 19:11:01,545 - processing started: 582_220 
2022-03-31 19:11:01,639 - processing completed: 582_220
2022-03-31 19:11:01,642 - processing started: 583_220 
2022-03-31 19:11:01,806 - processing completed: 583_220
2022-03-31 19:11:01,810 - processing started: 584_221 
2022-03-31 19:11:01,906 - processing completed: 584_221
2022-03-31 19:11:01,911 - processing started: 585_221 
2022-03-31 19:11:02,066 - processing completed: 585_221
2022-03-31 19:11:02,070 - processing started: 586_221 
2022-03-31 19:11:02,166 - processing completed: 586_221
2022-03-31 19:11:02,170 - processing started: 587_222 
2022-03-31 19:11:02,326 - processing completed: 587_222
2022-03-31 19:11:02,331 - processing started: 588_222 
2022-03-31 19:11:02,426 - processing completed: 588_222
2022-03-31 19:11:02,430 - processing started: 589_222 
2022-03-31 19:11:02,583 - processing completed: 589_222
2022-03-31 19:11:02,587 - processing started: 590_222 
2022-03-31 19:11:02,682 - processing completed: 590_222
2022-03-31 19:11:02,686 - processing started: 591_223 
2022-03-31 19:11:02,828 - processing completed: 591_223
2022-03-31 19:11:02,832 - processing started: 592_223 
2022-03-31 19:11:02,970 - processing completed: 592_223
2022-03-31 19:11:02,973 - processing started: 593_223 
2022-03-31 19:11:03,050 - processing completed: 593_223
2022-03-31 19:11:03,055 - processing started: 594_224 
2022-03-31 19:11:03,228 - processing completed: 594_224
2022-03-31 19:11:03,232 - processing started: 595_224 
2022-03-31 19:11:03,344 - processing completed: 595_224
2022-03-31 19:11:03,348 - processing started: 596_224 
2022-03-31 19:11:03,517 - processing completed: 596_224
2022-03-31 19:11:03,521 - processing started: 597_225 
2022-03-31 19:11:03,597 - processing completed: 597_225
2022-03-31 19:11:03,600 - processing started: 598_225 
2022-03-31 19:11:03,738 - processing completed: 598_225
2022-03-31 19:11:03,742 - processing started: 599_225 
2022-03-31 19:11:03,877 - processing completed: 599_225
2022-03-31 19:11:03,882 - processing started: 600_225 
2022-03-31 19:11:04,025 - processing completed: 600_225
2022-03-31 19:11:04,029 - processing started: 601_225 
2022-03-31 19:11:04,109 - processing completed: 601_225
2022-03-31 19:11:04,112 - processing started: 602_226 
2022-03-31 19:11:04,248 - processing completed: 602_226
2022-03-31 19:11:04,252 - processing started: 603_226 
2022-03-31 19:11:04,332 - processing completed: 603_226
2022-03-31 19:11:04,335 - processing started: 604_226 
2022-03-31 19:11:04,471 - processing completed: 604_226
2022-03-31 19:11:04,474 - processing started: 605_227 
2022-03-31 19:11:04,572 - processing completed: 605_227
2022-03-31 19:11:04,576 - processing started: 606_227 
2022-03-31 19:11:04,730 - processing completed: 606_227
2022-03-31 19:11:04,735 - processing started: 607_227 
2022-03-31 19:11:04,890 - processing completed: 607_227
2022-03-31 19:11:04,894 - processing started: 608_227 
2022-03-31 19:11:04,993 - processing completed: 608_227
2022-03-31 19:11:04,996 - processing started: 609_227 
2022-03-31 19:11:05,138 - processing completed: 609_227
2022-03-31 19:11:05,142 - processing started: 610_227 
2022-03-31 19:11:05,226 - processing completed: 610_227
2022-03-31 19:11:05,229 - processing started: 611_227 
2022-03-31 19:11:05,416 - processing completed: 611_227
2022-03-31 19:11:05,422 - processing started: 612_227 
2022-03-31 19:11:05,553 - processing completed: 612_227
2022-03-31 19:11:05,557 - processing started: 613_227 
2022-03-31 19:11:05,703 - processing completed: 613_227
2022-03-31 19:11:05,708 - processing started: 614_227 
2022-03-31 19:11:05,793 - processing completed: 614_227
2022-03-31 19:11:05,798 - processing started: 615_228 
2022-03-31 19:11:05,946 - processing completed: 615_228
2022-03-31 19:11:05,950 - processing started: 616_228 
2022-03-31 19:11:06,032 - processing completed: 616_228
2022-03-31 19:11:06,035 - processing started: 617_229 
2022-03-31 19:11:06,173 - processing completed: 617_229
2022-03-31 19:11:06,177 - processing started: 618_229 
2022-03-31 19:11:06,259 - processing completed: 618_229
2022-03-31 19:11:06,262 - processing started: 619_230 
2022-03-31 19:11:06,400 - processing completed: 619_230
2022-03-31 19:11:06,404 - processing started: 620_230 
2022-03-31 19:11:06,484 - processing completed: 620_230
2022-03-31 19:11:06,488 - processing started: 621_230 
2022-03-31 19:11:06,628 - processing completed: 621_230
2022-03-31 19:11:06,631 - processing started: 622_230 
2022-03-31 19:11:06,767 - processing completed: 622_230
2022-03-31 19:11:06,771 - processing started: 623_231 
2022-03-31 19:11:06,849 - processing completed: 623_231
2022-03-31 19:11:06,852 - processing started: 624_231 
2022-03-31 19:11:06,988 - processing completed: 624_231
2022-03-31 19:11:06,992 - processing started: 625_232 
2022-03-31 19:11:07,075 - processing completed: 625_232
2022-03-31 19:11:07,078 - processing started: 626_232 
2022-03-31 19:11:07,216 - processing completed: 626_232
2022-03-31 19:11:07,219 - processing started: 627_232 
2022-03-31 19:11:07,299 - processing completed: 627_232
2022-03-31 19:11:07,304 - processing started: 628_232 
2022-03-31 19:11:07,440 - processing completed: 628_232
2022-03-31 19:11:07,444 - processing started: 629_232 
2022-03-31 19:11:07,524 - processing completed: 629_232
2022-03-31 19:11:07,528 - processing started: 630_232 
2022-03-31 19:11:07,665 - processing completed: 630_232
2022-03-31 19:11:07,668 - processing started: 631_233 
2022-03-31 19:11:07,748 - processing completed: 631_233
2022-03-31 19:11:07,752 - processing started: 632_233 
2022-03-31 19:11:07,892 - processing completed: 632_233
2022-03-31 19:11:07,896 - processing started: 633_234 
2022-03-31 19:11:07,978 - processing completed: 633_234
2022-03-31 19:11:07,981 - processing started: 634_234 
2022-03-31 19:11:08,120 - processing completed: 634_234
2022-03-31 19:11:08,124 - processing started: 635_234 
2022-03-31 19:11:08,204 - processing completed: 635_234
2022-03-31 19:11:08,208 - processing started: 636_234 
2022-03-31 19:11:08,344 - processing completed: 636_234
2022-03-31 19:11:08,347 - processing started: 637_234 
2022-03-31 19:11:08,486 - processing completed: 637_234
2022-03-31 19:11:08,489 - processing started: 638_235 
2022-03-31 19:11:08,591 - processing completed: 638_235
2022-03-31 19:11:08,595 - processing started: 639_235 
2022-03-31 19:11:08,754 - processing completed: 639_235
2022-03-31 19:11:08,759 - processing started: 640_236 
2022-03-31 19:11:08,861 - processing completed: 640_236
2022-03-31 19:11:08,865 - processing started: 641_236 
2022-03-31 19:11:09,026 - processing completed: 641_236
2022-03-31 19:11:09,031 - processing started: 642_236 
2022-03-31 19:11:09,134 - processing completed: 642_236
2022-03-31 19:11:09,139 - processing started: 643_237 
2022-03-31 19:11:09,303 - processing completed: 643_237
2022-03-31 19:11:09,307 - processing started: 644_237 
2022-03-31 19:11:09,410 - processing completed: 644_237
2022-03-31 19:11:09,415 - processing started: 645_238 
2022-03-31 19:11:09,573 - processing completed: 645_238
2022-03-31 19:11:09,577 - processing started: 646_238 
2022-03-31 19:11:09,675 - processing completed: 646_238
2022-03-31 19:11:09,679 - processing started: 647_239 
2022-03-31 19:11:09,836 - processing completed: 647_239
2022-03-31 19:11:09,840 - processing started: 648_239 
2022-03-31 19:11:09,941 - processing completed: 648_239
2022-03-31 19:11:09,945 - processing started: 649_240 
2022-03-31 19:11:10,104 - processing completed: 649_240
2022-03-31 19:11:10,109 - processing started: 650_240 
2022-03-31 19:11:10,209 - processing completed: 650_240
2022-03-31 19:11:10,212 - processing started: 651_240 
2022-03-31 19:11:10,368 - processing completed: 651_240
2022-03-31 19:11:10,372 - processing started: 652_240 
2022-03-31 19:11:10,528 - processing completed: 652_240
2022-03-31 19:11:10,533 - processing started: 653_241 
2022-03-31 19:11:10,630 - processing completed: 653_241
2022-03-31 19:11:10,634 - processing started: 654_241 
2022-03-31 19:11:10,788 - processing completed: 654_241
2022-03-31 19:11:10,793 - processing started: 655_242 
2022-03-31 19:11:10,890 - processing completed: 655_242
2022-03-31 19:11:10,894 - processing started: 656_242 
2022-03-31 19:11:11,052 - processing completed: 656_242
2022-03-31 19:11:11,056 - processing started: 657_242 
2022-03-31 19:11:11,155 - processing completed: 657_242
2022-03-31 19:11:11,159 - processing started: 658_243 
2022-03-31 19:11:11,318 - processing completed: 658_243
2022-03-31 19:11:11,322 - processing started: 659_243 
2022-03-31 19:11:11,418 - processing completed: 659_243
2022-03-31 19:11:11,422 - processing started: 660_243 
2022-03-31 19:11:11,574 - processing completed: 660_243
2022-03-31 19:11:11,578 - processing started: 661_244 
2022-03-31 19:11:11,643 - processing completed: 661_244
2022-03-31 19:11:11,646 - processing started: 662_244 
2022-03-31 19:11:11,767 - processing completed: 662_244
2022-03-31 19:11:11,771 - processing started: 663_244 
2022-03-31 19:11:11,837 - processing completed: 663_244
2022-03-31 19:11:11,841 - processing started: 664_245 
2022-03-31 19:11:11,959 - processing completed: 664_245
2022-03-31 19:11:11,963 - processing started: 665_245 
2022-03-31 19:11:12,027 - processing completed: 665_245
2022-03-31 19:11:12,031 - processing started: 666_246 
2022-03-31 19:11:12,152 - processing completed: 666_246
2022-03-31 19:11:12,156 - processing started: 667_246 
2022-03-31 19:11:12,279 - processing completed: 667_246
2022-03-31 19:11:12,282 - processing started: 668_247 
2022-03-31 19:11:12,350 - processing completed: 668_247
2022-03-31 19:11:12,353 - processing started: 669_247 
2022-03-31 19:11:12,473 - processing completed: 669_247
2022-03-31 19:11:12,478 - processing started: 670_248 
2022-03-31 19:11:12,540 - processing completed: 670_248
2022-03-31 19:11:12,543 - processing started: 671_248 
2022-03-31 19:11:12,662 - processing completed: 671_248
2022-03-31 19:11:12,665 - processing started: 672_248 
2022-03-31 19:11:12,729 - processing completed: 672_248
2022-03-31 19:11:12,733 - processing started: 673_249 
2022-03-31 19:11:12,853 - processing completed: 673_249
2022-03-31 19:11:12,857 - processing started: 674_249 
2022-03-31 19:11:12,927 - processing completed: 674_249
2022-03-31 19:11:12,931 - processing started: 675_250 
2022-03-31 19:11:13,058 - processing completed: 675_250
2022-03-31 19:11:13,061 - processing started: 676_250 
2022-03-31 19:11:13,129 - processing completed: 676_250
2022-03-31 19:11:13,133 - processing started: 677_251 
2022-03-31 19:11:13,259 - processing completed: 677_251
2022-03-31 19:11:13,262 - processing started: 678_251 
2022-03-31 19:11:13,331 - processing completed: 678_251
2022-03-31 19:11:13,335 - processing started: 679_251 
2022-03-31 19:11:13,466 - processing completed: 679_251
2022-03-31 19:11:13,470 - processing started: 680_252 
2022-03-31 19:11:13,540 - processing completed: 680_252
2022-03-31 19:11:13,544 - processing started: 681_252 
2022-03-31 19:11:13,669 - processing completed: 681_252
2022-03-31 19:11:13,672 - processing started: 682_252 
2022-03-31 19:11:13,799 - processing completed: 682_252
2022-03-31 19:11:13,803 - processing started: 683_252 
2022-03-31 19:11:13,869 - processing completed: 683_252
2022-03-31 19:11:13,873 - processing started: 684_253 
2022-03-31 19:11:14,019 - processing completed: 684_253
2022-03-31 19:11:14,024 - processing started: 685_253 
2022-03-31 19:11:14,115 - processing completed: 685_253
2022-03-31 19:11:14,118 - processing started: 686_254 
2022-03-31 19:11:14,271 - processing completed: 686_254
2022-03-31 19:11:14,275 - processing started: 687_254 
2022-03-31 19:11:14,364 - processing completed: 687_254
2022-03-31 19:11:14,368 - processing started: 688_255 
2022-03-31 19:11:14,535 - processing completed: 688_255
2022-03-31 19:11:14,539 - processing started: 689_255 
2022-03-31 19:11:14,637 - processing completed: 689_255
2022-03-31 19:11:14,641 - processing started: 690_256 
2022-03-31 19:11:14,804 - processing completed: 690_256
2022-03-31 19:11:14,807 - processing started: 691_256 
2022-03-31 19:11:14,911 - processing completed: 691_256
2022-03-31 19:11:14,915 - processing started: 692_257 
2022-03-31 19:11:15,073 - processing completed: 692_257
2022-03-31 19:11:15,076 - processing started: 693_257 
2022-03-31 19:11:15,171 - processing completed: 693_257
2022-03-31 19:11:15,175 - processing started: 694_257 
2022-03-31 19:11:15,333 - processing completed: 694_257
2022-03-31 19:11:15,337 - processing started: 695_257 
2022-03-31 19:11:15,437 - processing completed: 695_257
2022-03-31 19:11:15,440 - processing started: 696_258 
2022-03-31 19:11:15,601 - processing completed: 696_258
2022-03-31 19:11:15,605 - processing started: 697_258 
2022-03-31 19:11:15,767 - processing completed: 697_258
2022-03-31 19:11:15,770 - processing started: 698_258 
2022-03-31 19:11:15,868 - processing completed: 698_258
2022-03-31 19:11:15,872 - processing started: 699_259 
2022-03-31 19:11:16,025 - processing completed: 699_259
2022-03-31 19:11:16,029 - processing started: 700_259 
2022-03-31 19:11:16,118 - processing completed: 700_259
2022-03-31 19:11:16,122 - processing started: 701_260 
2022-03-31 19:11:16,285 - processing completed: 701_260
2022-03-31 19:11:16,289 - processing started: 702_260 
2022-03-31 19:11:16,395 - processing completed: 702_260
2022-03-31 19:11:16,398 - processing started: 703_260 
2022-03-31 19:11:16,568 - processing completed: 703_260
2022-03-31 19:11:16,573 - processing started: 704_261 
2022-03-31 19:11:16,677 - processing completed: 704_261
2022-03-31 19:11:16,681 - processing started: 705_261 
2022-03-31 19:11:16,855 - processing completed: 705_261
2022-03-31 19:11:16,859 - processing started: 706_261 
2022-03-31 19:11:16,970 - processing completed: 706_261
2022-03-31 19:11:16,974 - processing started: 707_262 
2022-03-31 19:11:17,132 - processing completed: 707_262
2022-03-31 19:11:17,137 - processing started: 708_262 
2022-03-31 19:11:17,232 - processing completed: 708_262
2022-03-31 19:11:17,236 - processing started: 709_262 
2022-03-31 19:11:17,396 - processing completed: 709_262
2022-03-31 19:11:17,400 - processing started: 710_263 
2022-03-31 19:11:17,561 - processing completed: 710_263
2022-03-31 19:11:17,566 - processing started: 711_263 
2022-03-31 19:11:17,665 - processing completed: 711_263
2022-03-31 19:11:17,669 - processing started: 712_264 
2022-03-31 19:11:17,826 - processing completed: 712_264
2022-03-31 19:11:17,830 - processing started: 713_264 
2022-03-31 19:11:17,927 - processing completed: 713_264
2022-03-31 19:11:17,932 - processing started: 714_264 
2022-03-31 19:11:18,090 - processing completed: 714_264
2022-03-31 19:11:18,095 - processing started: 715_265 
2022-03-31 19:11:18,190 - processing completed: 715_265
2022-03-31 19:11:18,195 - processing started: 716_265 
2022-03-31 19:11:18,353 - processing completed: 716_265
2022-03-31 19:11:18,356 - processing started: 717_265 
2022-03-31 19:11:18,457 - processing completed: 717_265
2022-03-31 19:11:18,462 - processing started: 718_266 
2022-03-31 19:11:18,625 - processing completed: 718_266
2022-03-31 19:11:18,629 - processing started: 719_266 
2022-03-31 19:11:18,727 - processing completed: 719_266
2022-03-31 19:11:18,732 - processing started: 720_267 
2022-03-31 19:11:18,893 - processing completed: 720_267
2022-03-31 19:11:18,896 - processing started: 721_267 
2022-03-31 19:11:18,995 - processing completed: 721_267
2022-03-31 19:11:18,999 - processing started: 722_267 
2022-03-31 19:11:19,159 - processing completed: 722_267
2022-03-31 19:11:19,162 - processing started: 723_267 
2022-03-31 19:11:19,259 - processing completed: 723_267
2022-03-31 19:11:19,264 - processing started: 724_267 
2022-03-31 19:11:19,420 - processing completed: 724_267
2022-03-31 19:11:19,424 - processing started: 725_267 
2022-03-31 19:11:19,586 - processing completed: 725_267
2022-03-31 19:11:19,590 - processing started: 726_268 
2022-03-31 19:11:19,691 - processing completed: 726_268
2022-03-31 19:11:19,696 - processing started: 727_268 
2022-03-31 19:11:19,865 - processing completed: 727_268
2022-03-31 19:11:19,870 - processing started: 728_268 
2022-03-31 19:11:19,979 - processing completed: 728_268
2022-03-31 19:11:19,984 - processing started: 729_268 
2022-03-31 19:11:20,141 - processing completed: 729_268
2022-03-31 19:11:20,147 - processing started: 730_268 
2022-03-31 19:11:20,245 - processing completed: 730_268
2022-03-31 19:11:20,249 - processing started: 731_268 
2022-03-31 19:11:20,410 - processing completed: 731_268
2022-03-31 19:11:20,415 - processing started: 732_268 
2022-03-31 19:11:20,512 - processing completed: 732_268
2022-03-31 19:11:20,516 - processing started: 733_268 
2022-03-31 19:11:20,677 - processing completed: 733_268
2022-03-31 19:11:20,681 - processing started: 734_268 
2022-03-31 19:11:20,778 - processing completed: 734_268
2022-03-31 19:11:20,782 - processing started: 735_269 
2022-03-31 19:11:20,944 - processing completed: 735_269
2022-03-31 19:11:20,948 - processing started: 736_269 
2022-03-31 19:11:21,049 - processing completed: 736_269
2022-03-31 19:11:21,054 - processing started: 737_269 
2022-03-31 19:11:21,214 - processing completed: 737_269
2022-03-31 19:11:21,218 - processing started: 738_270 
2022-03-31 19:11:21,327 - processing completed: 738_270
2022-03-31 19:11:21,330 - processing started: 739_270 
2022-03-31 19:11:21,496 - processing completed: 739_270
2022-03-31 19:11:21,500 - processing started: 740_271 
2022-03-31 19:11:21,675 - processing completed: 740_271
2022-03-31 19:11:21,679 - processing started: 741_271 
2022-03-31 19:11:21,787 - processing completed: 741_271
2022-03-31 19:11:21,792 - processing started: 742_272 
2022-03-31 19:11:21,946 - processing completed: 742_272
2022-03-31 19:11:21,950 - processing started: 743_272 
2022-03-31 19:11:22,045 - processing completed: 743_272
2022-03-31 19:11:22,051 - processing started: 744_272 
2022-03-31 19:11:22,208 - processing completed: 744_272
2022-03-31 19:11:22,212 - processing started: 745_273 
2022-03-31 19:11:22,312 - processing completed: 745_273
2022-03-31 19:11:22,317 - processing started: 746_273 
2022-03-31 19:11:22,478 - processing completed: 746_273
2022-03-31 19:11:22,482 - processing started: 747_274 
2022-03-31 19:11:22,572 - processing completed: 747_274
2022-03-31 19:11:22,576 - processing started: 748_274 
2022-03-31 19:11:22,729 - processing completed: 748_274
2022-03-31 19:11:22,734 - processing started: 749_274 
2022-03-31 19:11:22,823 - processing completed: 749_274
2022-03-31 19:11:22,827 - processing started: 750_274 
2022-03-31 19:11:22,984 - processing completed: 750_274
2022-03-31 19:11:22,989 - processing started: 751_275 
2022-03-31 19:11:23,089 - processing completed: 751_275
2022-03-31 19:11:23,093 - processing started: 752_275 
2022-03-31 19:11:23,247 - processing completed: 752_275
2022-03-31 19:11:23,252 - processing started: 753_275 
2022-03-31 19:11:23,349 - processing completed: 753_275
2022-03-31 19:11:23,354 - processing started: 754_275 
2022-03-31 19:11:23,511 - processing completed: 754_275
2022-03-31 19:11:23,516 - processing started: 755_276 
2022-03-31 19:11:23,674 - processing completed: 755_276
2022-03-31 19:11:23,679 - processing started: 756_276 
2022-03-31 19:11:23,774 - processing completed: 756_276
2022-03-31 19:11:23,778 - processing started: 757_276 
2022-03-31 19:11:23,937 - processing completed: 757_276
2022-03-31 19:11:23,942 - processing started: 758_277 
2022-03-31 19:11:24,043 - processing completed: 758_277
2022-03-31 19:11:24,047 - processing started: 759_277 
2022-03-31 19:11:24,218 - processing completed: 759_277
2022-03-31 19:11:24,223 - processing started: 760_278 
2022-03-31 19:11:24,321 - processing completed: 760_278
2022-03-31 19:11:24,325 - processing started: 761_278 
2022-03-31 19:11:24,483 - processing completed: 761_278
2022-03-31 19:11:24,487 - processing started: 762_278 
2022-03-31 19:11:24,587 - processing completed: 762_278
2022-03-31 19:11:24,590 - processing started: 763_279 
2022-03-31 19:11:24,749 - processing completed: 763_279
2022-03-31 19:11:24,753 - processing started: 764_279 
2022-03-31 19:11:24,847 - processing completed: 764_279
2022-03-31 19:11:24,851 - processing started: 765_280 
2022-03-31 19:11:24,991 - processing completed: 765_280
2022-03-31 19:11:24,995 - processing started: 766_280 
2022-03-31 19:11:25,084 - processing completed: 766_280
2022-03-31 19:11:25,088 - processing started: 767_280 
2022-03-31 19:11:25,242 - processing completed: 767_280
2022-03-31 19:11:25,246 - processing started: 768_281 
2022-03-31 19:11:25,338 - processing completed: 768_281
2022-03-31 19:11:25,341 - processing started: 769_281 
2022-03-31 19:11:25,486 - processing completed: 769_281
2022-03-31 19:11:25,490 - processing started: 770_282 
2022-03-31 19:11:25,630 - processing completed: 770_282
2022-03-31 19:11:25,633 - processing started: 771_282 
2022-03-31 19:11:25,709 - processing completed: 771_282
2022-03-31 19:11:25,714 - processing started: 772_283 
2022-03-31 19:11:25,860 - processing completed: 772_283
2022-03-31 19:11:25,864 - processing started: 773_283 
2022-03-31 19:11:25,953 - processing completed: 773_283
2022-03-31 19:11:25,957 - processing started: 774_284 
2022-03-31 19:11:26,094 - processing completed: 774_284
2022-03-31 19:11:26,097 - processing started: 775_284 
2022-03-31 19:11:26,169 - processing completed: 775_284
2022-03-31 19:11:26,175 - processing started: 776_285 
2022-03-31 19:11:26,312 - processing completed: 776_285
2022-03-31 19:11:26,316 - processing started: 777_285 
2022-03-31 19:11:26,395 - processing completed: 777_285
2022-03-31 19:11:26,400 - processing started: 778_285 
2022-03-31 19:11:26,540 - processing completed: 778_285
2022-03-31 19:11:26,543 - processing started: 779_286 
2022-03-31 19:11:26,689 - processing completed: 779_286
2022-03-31 19:11:26,694 - processing started: 780_286 
2022-03-31 19:11:26,898 - processing completed: 780_286
2022-03-31 19:11:26,904 - processing started: 781_287 
2022-03-31 19:11:26,975 - processing completed: 781_287
2022-03-31 19:11:26,979 - processing started: 782_287 
2022-03-31 19:11:27,112 - processing completed: 782_287
2022-03-31 19:11:27,116 - processing started: 783_288 
2022-03-31 19:11:27,189 - processing completed: 783_288
2022-03-31 19:11:27,192 - processing started: 784_288 
2022-03-31 19:11:27,320 - processing completed: 784_288
2022-03-31 19:11:27,324 - processing started: 785_289 
2022-03-31 19:11:27,456 - processing completed: 785_289
2022-03-31 19:11:27,460 - processing started: 786_289 
2022-03-31 19:11:27,533 - processing completed: 786_289
2022-03-31 19:11:27,538 - processing started: 787_290 
2022-03-31 19:11:27,671 - processing completed: 787_290
2022-03-31 19:11:27,674 - processing started: 788_290 
2022-03-31 19:11:27,747 - processing completed: 788_290
2022-03-31 19:11:27,750 - processing started: 789_290 
2022-03-31 19:11:27,881 - processing completed: 789_290
2022-03-31 19:11:27,884 - processing started: 790_290 
2022-03-31 19:11:27,958 - processing completed: 790_290
2022-03-31 19:11:27,962 - processing started: 791_291 
2022-03-31 19:11:28,093 - processing completed: 791_291
2022-03-31 19:11:28,096 - processing started: 792_291 
2022-03-31 19:11:28,168 - processing completed: 792_291
2022-03-31 19:11:28,172 - processing started: 793_292 
2022-03-31 19:11:28,303 - processing completed: 793_292
2022-03-31 19:11:28,307 - processing started: 794_292 
2022-03-31 19:11:28,379 - processing completed: 794_292
2022-03-31 19:11:28,383 - processing started: 795_292 
2022-03-31 19:11:28,514 - processing completed: 795_292
2022-03-31 19:11:28,518 - processing started: 796_293 
2022-03-31 19:11:28,564 - processing completed: 796_293
2022-03-31 19:11:28,567 - processing started: 797_293 
2022-03-31 19:11:28,668 - processing completed: 797_293
2022-03-31 19:11:28,671 - processing started: 798_294 
2022-03-31 19:11:28,713 - processing completed: 798_294
2022-03-31 19:11:28,716 - processing started: 799_294 
2022-03-31 19:11:28,818 - processing completed: 799_294
2022-03-31 19:11:28,821 - processing started: 800_295 
2022-03-31 19:11:28,948 - processing completed: 800_295
2022-03-31 19:11:28,952 - processing started: 801_295 
2022-03-31 19:11:29,018 - processing completed: 801_295
2022-03-31 19:11:29,021 - processing started: 802_296 
2022-03-31 19:11:29,154 - processing completed: 802_296
2022-03-31 19:11:29,157 - processing started: 803_296 
2022-03-31 19:11:29,228 - processing completed: 803_296
2022-03-31 19:11:29,232 - processing started: 804_296 
2022-03-31 19:11:29,361 - processing completed: 804_296
2022-03-31 19:11:29,364 - processing started: 805_297 
2022-03-31 19:11:29,502 - processing completed: 805_297
2022-03-31 19:11:29,507 - processing started: 806_297 
2022-03-31 19:11:29,700 - processing completed: 806_297
2022-03-31 19:11:29,704 - processing started: 807_298 
2022-03-31 19:11:29,772 - processing completed: 807_298
2022-03-31 19:11:29,775 - processing started: 808_298 
2022-03-31 19:11:29,903 - processing completed: 808_298
2022-03-31 19:11:29,907 - processing started: 809_298 
2022-03-31 19:11:29,978 - processing completed: 809_298
2022-03-31 19:11:29,981 - processing started: 810_299 
2022-03-31 19:11:30,110 - processing completed: 810_299
2022-03-31 19:11:30,113 - processing started: 811_299 
2022-03-31 19:11:30,180 - processing completed: 811_299
2022-03-31 19:11:30,183 - processing started: 0_0 
2022-03-31 19:11:30,184 - Closing connection (200): Normal shutdown
2022-03-31 19:11:30,185 - Closing channel (200): 'Normal shutdown' on <Channel number=1 OPEN conn=<SelectConnection OPEN transport=<pika.adapters.utils.io_services_utils._AsyncPlaintextTransport object at 0x11fc4c8e0> params=<ConnectionParameters host=localhost port=5672 virtual_host=/ ssl=False>>>
2022-03-31 19:11:30,185 - Received <Channel.CloseOk> on <Channel number=1 CLOSING conn=<SelectConnection OPEN transport=<pika.adapters.utils.io_services_utils._AsyncPlaintextTransport object at 0x11fc4c8e0> params=<ConnectionParameters host=localhost port=5672 virtual_host=/ ssl=False>>>
2022-03-31 19:11:30,186 - Closing connection (200): 'Normal shutdown'
2022-03-31 19:11:30,186 - Aborting transport connection: state=1; <socket.socket fd=9, family=AddressFamily.AF_INET, type=SocketKind.SOCK_STREAM, proto=6, laddr=('127.0.0.1', 57115), raddr=('127.0.0.1', 5672)>
2022-03-31 19:11:30,186 - _AsyncTransportBase._initate_abort(): Initiating abrupt asynchronous transport shutdown: state=1; error=None; <socket.socket fd=9, family=AddressFamily.AF_INET, type=SocketKind.SOCK_STREAM, proto=6, laddr=('127.0.0.1', 57115), raddr=('127.0.0.1', 5672)>
2022-03-31 19:11:30,186 - Deactivating transport: state=1; <socket.socket fd=9, family=AddressFamily.AF_INET, type=SocketKind.SOCK_STREAM, proto=6, laddr=('127.0.0.1', 57115), raddr=('127.0.0.1', 5672)>
2022-03-31 19:11:30,187 - AMQP stack terminated, failed to connect, or aborted: opened=True, error-arg=None; pending-error=ConnectionClosedByClient: (200) 'Normal shutdown'
2022-03-31 19:11:30,187 - Stack terminated due to ConnectionClosedByClient: (200) 'Normal shutdown'
2022-03-31 19:11:30,187 - Closing transport socket and unlinking: state=3; <socket.socket fd=9, family=AddressFamily.AF_INET, type=SocketKind.SOCK_STREAM, proto=6, laddr=('127.0.0.1', 57115), raddr=('127.0.0.1', 5672)>
2022-03-31 19:11:30,187 - User-initiated close: result=BlockingConnection__OnClosedArgs(connection=<SelectConnection CLOSED transport=None params=<ConnectionParameters host=localhost port=5672 virtual_host=/ ssl=False>>, error=ConnectionClosedByClient: (200) 'Normal shutdown')
2022-03-31 19:11:30,187 - PID 66604 completed loading and processing
2022-03-31 19:11:30,190 - Pika version 1.2.0 connecting to ('::1', 5672, 0, 0)
2022-03-31 19:11:30,191 - Socket failed to connect: <socket.socket fd=9, family=AddressFamily.AF_INET6, type=SocketKind.SOCK_STREAM, proto=6, laddr=('::1', 57133, 0, 0)>; error=61 (Connection refused)
2022-03-31 19:11:30,191 - TCP Connection attempt failed: ConnectionRefusedError(61, 'Connection refused'); dest=(<AddressFamily.AF_INET6: 30>, <SocketKind.SOCK_STREAM: 1>, 6, '', ('::1', 5672, 0, 0))
2022-03-31 19:11:30,191 - AMQPConnector - reporting failure: AMQPConnectorSocketConnectError: ConnectionRefusedError(61, 'Connection refused')
2022-03-31 19:11:30,191 - Pika version 1.2.0 connecting to ('127.0.0.1', 5672)
2022-03-31 19:11:30,191 - Socket connected: <socket.socket fd=9, family=AddressFamily.AF_INET, type=SocketKind.SOCK_STREAM, proto=6, laddr=('127.0.0.1', 57134), raddr=('127.0.0.1', 5672)>
2022-03-31 19:11:30,192 - Streaming transport linked up: (<pika.adapters.utils.io_services_utils._AsyncPlaintextTransport object at 0x1206f2bb0>, _StreamingProtocolShim: <SelectConnection PROTOCOL transport=<pika.adapters.utils.io_services_utils._AsyncPlaintextTransport object at 0x1206f2bb0> params=<ConnectionParameters host=localhost port=5672 virtual_host=/ ssl=False>>).
2022-03-31 19:11:30,205 - AMQPConnector - reporting success: <SelectConnection OPEN transport=<pika.adapters.utils.io_services_utils._AsyncPlaintextTransport object at 0x1206f2bb0> params=<ConnectionParameters host=localhost port=5672 virtual_host=/ ssl=False>>
2022-03-31 19:11:30,205 - AMQPConnectionWorkflow - reporting success: <SelectConnection OPEN transport=<pika.adapters.utils.io_services_utils._AsyncPlaintextTransport object at 0x1206f2bb0> params=<ConnectionParameters host=localhost port=5672 virtual_host=/ ssl=False>>
2022-03-31 19:11:30,205 - Connection workflow succeeded: <SelectConnection OPEN transport=<pika.adapters.utils.io_services_utils._AsyncPlaintextTransport object at 0x1206f2bb0> params=<ConnectionParameters host=localhost port=5672 virtual_host=/ ssl=False>>
2022-03-31 19:11:30,206 - Created channel=1
2022-03-31 19:11:30,208 - Closing connection (200): Normal shutdown
2022-03-31 19:11:30,208 - Closing channel (200): 'Normal shutdown' on <Channel number=1 OPEN conn=<SelectConnection OPEN transport=<pika.adapters.utils.io_services_utils._AsyncPlaintextTransport object at 0x1206f2bb0> params=<ConnectionParameters host=localhost port=5672 virtual_host=/ ssl=False>>>
2022-03-31 19:11:30,208 - Received <Channel.CloseOk> on <Channel number=1 CLOSING conn=<SelectConnection OPEN transport=<pika.adapters.utils.io_services_utils._AsyncPlaintextTransport object at 0x1206f2bb0> params=<ConnectionParameters host=localhost port=5672 virtual_host=/ ssl=False>>>
2022-03-31 19:11:30,209 - Closing connection (200): 'Normal shutdown'
2022-03-31 19:11:30,209 - Aborting transport connection: state=1; <socket.socket fd=9, family=AddressFamily.AF_INET, type=SocketKind.SOCK_STREAM, proto=6, laddr=('127.0.0.1', 57134), raddr=('127.0.0.1', 5672)>
2022-03-31 19:11:30,209 - _AsyncTransportBase._initate_abort(): Initiating abrupt asynchronous transport shutdown: state=1; error=None; <socket.socket fd=9, family=AddressFamily.AF_INET, type=SocketKind.SOCK_STREAM, proto=6, laddr=('127.0.0.1', 57134), raddr=('127.0.0.1', 5672)>
2022-03-31 19:11:30,209 - Deactivating transport: state=1; <socket.socket fd=9, family=AddressFamily.AF_INET, type=SocketKind.SOCK_STREAM, proto=6, laddr=('127.0.0.1', 57134), raddr=('127.0.0.1', 5672)>
2022-03-31 19:11:30,210 - AMQP stack terminated, failed to connect, or aborted: opened=True, error-arg=None; pending-error=ConnectionClosedByClient: (200) 'Normal shutdown'
2022-03-31 19:11:30,210 - Stack terminated due to ConnectionClosedByClient: (200) 'Normal shutdown'
2022-03-31 19:11:30,210 - Closing transport socket and unlinking: state=3; <socket.socket fd=9, family=AddressFamily.AF_INET, type=SocketKind.SOCK_STREAM, proto=6, laddr=('127.0.0.1', 57134), raddr=('127.0.0.1', 5672)>
2022-03-31 19:11:30,210 - User-initiated close: result=BlockingConnection__OnClosedArgs(connection=<SelectConnection CLOSED transport=None params=<ConnectionParameters host=localhost port=5672 virtual_host=/ ssl=False>>, error=ConnectionClosedByClient: (200) 'Normal shutdown')
