2022-04-01 11:58:39,294 - PID 9086 started loading and processing
2022-04-01 11:58:39,296 - Pika version 1.2.0 connecting to ('::1', 5672, 0, 0)
2022-04-01 11:58:39,296 - Socket failed to connect: <socket.socket fd=9, family=AddressFamily.AF_INET6, type=SocketKind.SOCK_STREAM, proto=6, laddr=('::1', 63667, 0, 0)>; error=61 (Connection refused)
2022-04-01 11:58:39,297 - TCP Connection attempt failed: ConnectionRefusedError(61, 'Connection refused'); dest=(<AddressFamily.AF_INET6: 30>, <SocketKind.SOCK_STREAM: 1>, 6, '', ('::1', 5672, 0, 0))
2022-04-01 11:58:39,297 - AMQPConnector - reporting failure: AMQPConnectorSocketConnectError: ConnectionRefusedError(61, 'Connection refused')
2022-04-01 11:58:39,297 - Pika version 1.2.0 connecting to ('127.0.0.1', 5672)
2022-04-01 11:58:39,297 - Socket connected: <socket.socket fd=9, family=AddressFamily.AF_INET, type=SocketKind.SOCK_STREAM, proto=6, laddr=('127.0.0.1', 63668), raddr=('127.0.0.1', 5672)>
2022-04-01 11:58:39,298 - Streaming transport linked up: (<pika.adapters.utils.io_services_utils._AsyncPlaintextTransport object at 0x118d75940>, _StreamingProtocolShim: <SelectConnection PROTOCOL transport=<pika.adapters.utils.io_services_utils._AsyncPlaintextTransport object at 0x118d75940> params=<ConnectionParameters host=localhost port=5672 virtual_host=/ ssl=False>>).
2022-04-01 11:58:39,303 - AMQPConnector - reporting success: <SelectConnection OPEN transport=<pika.adapters.utils.io_services_utils._AsyncPlaintextTransport object at 0x118d75940> params=<ConnectionParameters host=localhost port=5672 virtual_host=/ ssl=False>>
2022-04-01 11:58:39,303 - AMQPConnectionWorkflow - reporting success: <SelectConnection OPEN transport=<pika.adapters.utils.io_services_utils._AsyncPlaintextTransport object at 0x118d75940> params=<ConnectionParameters host=localhost port=5672 virtual_host=/ ssl=False>>
2022-04-01 11:58:39,303 - Connection workflow succeeded: <SelectConnection OPEN transport=<pika.adapters.utils.io_services_utils._AsyncPlaintextTransport object at 0x118d75940> params=<ConnectionParameters host=localhost port=5672 virtual_host=/ ssl=False>>
2022-04-01 11:58:39,303 - Created channel=1
2022-04-01 11:58:39,328 - Logging before start consuming
2022-04-01 11:58:39,328 - processing started: 0_000 
2022-04-01 11:58:39,477 - processing completed: 0_000
2022-04-01 11:58:39,493 - processing started: 1_000 
2022-04-01 11:58:39,689 - processing completed: 1_000
2022-04-01 11:58:39,695 - processing started: 2_000 
2022-04-01 11:58:39,896 - processing completed: 2_000
2022-04-01 11:58:39,900 - processing started: 3_001 
2022-04-01 11:58:40,048 - processing completed: 3_001
2022-04-01 11:58:40,054 - processing started: 4_001 
2022-04-01 11:58:40,255 - processing completed: 4_001
2022-04-01 11:58:40,262 - processing started: 5_002 
2022-04-01 11:58:40,416 - processing completed: 5_002
2022-04-01 11:58:40,421 - processing started: 6_002 
2022-04-01 11:58:40,650 - processing completed: 6_002
2022-04-01 11:58:40,655 - processing started: 7_003 
2022-04-01 11:58:40,803 - processing completed: 7_003
2022-04-01 11:58:40,811 - processing started: 8_003 
2022-04-01 11:58:41,013 - processing completed: 8_003
2022-04-01 11:58:41,018 - processing started: 9_003 
2022-04-01 11:58:41,158 - processing completed: 9_003
2022-04-01 11:58:41,163 - processing started: 10_004 
2022-04-01 11:58:41,366 - processing completed: 10_004
2022-04-01 11:58:41,372 - processing started: 11_004 
2022-04-01 11:58:41,406 - processing completed: 11_004
2022-04-01 11:58:41,409 - processing started: 12_005 
2022-04-01 11:58:41,610 - processing completed: 12_005
2022-04-01 11:58:41,615 - processing started: 13_005 
2022-04-01 11:58:41,755 - processing completed: 13_005
2022-04-01 11:58:41,760 - processing started: 14_005 
2022-04-01 11:58:41,961 - processing completed: 14_005
2022-04-01 11:58:41,966 - processing started: 15_005 
2022-04-01 11:58:42,111 - processing completed: 15_005
2022-04-01 11:58:42,116 - processing started: 16_006 
2022-04-01 11:58:42,326 - processing completed: 16_006
2022-04-01 11:58:42,332 - processing started: 17_006 
2022-04-01 11:58:42,464 - processing completed: 17_006
2022-04-01 11:58:42,468 - processing started: 18_007 
2022-04-01 11:58:42,614 - processing completed: 18_007
2022-04-01 11:58:42,620 - processing started: 19_007 
2022-04-01 11:58:42,818 - processing completed: 19_007
2022-04-01 11:58:42,824 - processing started: 20_008 
2022-04-01 11:58:42,938 - processing completed: 20_008
2022-04-01 11:58:42,943 - processing started: 21_008 
2022-04-01 11:58:43,151 - processing completed: 21_008
2022-04-01 11:58:43,156 - processing started: 22_009 
2022-04-01 11:58:43,292 - processing completed: 22_009
2022-04-01 11:58:43,297 - processing started: 23_009 
2022-04-01 11:58:43,498 - processing completed: 23_009
2022-04-01 11:58:43,503 - processing started: 24_009 
2022-04-01 11:58:43,645 - processing completed: 24_009
2022-04-01 11:58:43,651 - processing started: 25_010 
2022-04-01 11:58:43,852 - processing completed: 25_010
2022-04-01 11:58:43,858 - processing started: 26_010 
2022-04-01 11:58:43,998 - processing completed: 26_010
2022-04-01 11:58:44,005 - processing started: 27_011 
2022-04-01 11:58:44,208 - processing completed: 27_011
2022-04-01 11:58:44,214 - processing started: 28_011 
2022-04-01 11:58:44,356 - processing completed: 28_011
2022-04-01 11:58:44,362 - processing started: 29_012 
2022-04-01 11:58:44,468 - processing completed: 29_012
2022-04-01 11:58:44,471 - processing started: 30_012 
2022-04-01 11:58:44,529 - processing completed: 30_012
2022-04-01 11:58:44,531 - processing started: 31_013 
2022-04-01 11:58:44,690 - processing completed: 31_013
2022-04-01 11:58:44,695 - processing started: 32_013 
2022-04-01 11:58:44,849 - processing completed: 32_013
2022-04-01 11:58:44,853 - processing started: 33_014 
2022-04-01 11:58:44,926 - processing completed: 33_014
2022-04-01 11:58:44,930 - processing started: 34_014 
2022-04-01 11:58:45,060 - processing completed: 34_014
2022-04-01 11:58:45,063 - processing started: 35_014 
2022-04-01 11:58:45,139 - processing completed: 35_014
2022-04-01 11:58:45,142 - processing started: 36_014 
2022-04-01 11:58:45,274 - processing completed: 36_014
2022-04-01 11:58:45,278 - processing started: 37_014 
2022-04-01 11:58:45,357 - processing completed: 37_014
2022-04-01 11:58:45,361 - processing started: 38_015 
2022-04-01 11:58:45,488 - processing completed: 38_015
2022-04-01 11:58:45,492 - processing started: 39_015 
2022-04-01 11:58:45,567 - processing completed: 39_015
2022-04-01 11:58:45,572 - processing started: 40_015 
2022-04-01 11:58:45,702 - processing completed: 40_015
2022-04-01 11:58:45,705 - processing started: 41_015 
2022-04-01 11:58:45,779 - processing completed: 41_015
2022-04-01 11:58:45,782 - processing started: 42_015 
2022-04-01 11:58:45,917 - processing completed: 42_015
2022-04-01 11:58:45,922 - processing started: 43_016 
2022-04-01 11:58:45,996 - processing completed: 43_016
2022-04-01 11:58:45,999 - processing started: 44_016 
2022-04-01 11:58:46,131 - processing completed: 44_016
2022-04-01 11:58:46,135 - processing started: 45_017 
2022-04-01 11:58:46,269 - processing completed: 45_017
2022-04-01 11:58:46,274 - processing started: 46_017 
2022-04-01 11:58:46,356 - processing completed: 46_017
2022-04-01 11:58:46,360 - processing started: 47_017 
2022-04-01 11:58:46,494 - processing completed: 47_017
2022-04-01 11:58:46,498 - processing started: 48_018 
2022-04-01 11:58:46,577 - processing completed: 48_018
2022-04-01 11:58:46,581 - processing started: 49_018 
2022-04-01 11:58:46,710 - processing completed: 49_018
2022-04-01 11:58:46,713 - processing started: 50_019 
2022-04-01 11:58:46,791 - processing completed: 50_019
2022-04-01 11:58:46,795 - processing started: 51_019 
2022-04-01 11:58:46,930 - processing completed: 51_019
2022-04-01 11:58:46,933 - processing started: 52_020 
2022-04-01 11:58:47,010 - processing completed: 52_020
2022-04-01 11:58:47,013 - processing started: 53_020 
2022-04-01 11:58:47,149 - processing completed: 53_020
2022-04-01 11:58:47,153 - processing started: 54_021 
2022-04-01 11:58:47,232 - processing completed: 54_021
2022-04-01 11:58:47,235 - processing started: 55_021 
2022-04-01 11:58:47,364 - processing completed: 55_021
2022-04-01 11:58:47,368 - processing started: 56_022 
2022-04-01 11:58:47,478 - processing completed: 56_022
2022-04-01 11:58:47,483 - processing started: 57_022 
2022-04-01 11:58:47,613 - processing completed: 57_022
2022-04-01 11:58:47,616 - processing started: 58_022 
2022-04-01 11:58:47,734 - processing completed: 58_022
2022-04-01 11:58:47,739 - processing started: 59_023 
2022-04-01 11:58:47,870 - processing completed: 59_023
2022-04-01 11:58:47,874 - processing started: 60_023 
2022-04-01 11:58:48,012 - processing completed: 60_023
2022-04-01 11:58:48,015 - processing started: 61_023 
2022-04-01 11:58:48,095 - processing completed: 61_023
2022-04-01 11:58:48,098 - processing started: 62_023 
2022-04-01 11:58:48,235 - processing completed: 62_023
2022-04-01 11:58:48,239 - processing started: 63_024 
2022-04-01 11:58:48,318 - processing completed: 63_024
2022-04-01 11:58:48,322 - processing started: 64_024 
2022-04-01 11:58:48,454 - processing completed: 64_024
2022-04-01 11:58:48,457 - processing started: 65_024 
2022-04-01 11:58:48,537 - processing completed: 65_024
2022-04-01 11:58:48,541 - processing started: 66_025 
2022-04-01 11:58:48,679 - processing completed: 66_025
2022-04-01 11:58:48,683 - processing started: 67_025 
2022-04-01 11:58:48,763 - processing completed: 67_025
2022-04-01 11:58:48,767 - processing started: 68_026 
2022-04-01 11:58:48,901 - processing completed: 68_026
2022-04-01 11:58:48,904 - processing started: 69_026 
2022-04-01 11:58:48,989 - processing completed: 69_026
2022-04-01 11:58:48,992 - processing started: 70_027 
2022-04-01 11:58:49,126 - processing completed: 70_027
2022-04-01 11:58:49,130 - processing started: 71_027 
2022-04-01 11:58:49,207 - processing completed: 71_027
2022-04-01 11:58:49,210 - processing started: 72_028 
2022-04-01 11:58:49,337 - processing completed: 72_028
2022-04-01 11:58:49,342 - processing started: 73_028 
2022-04-01 11:58:49,416 - processing completed: 73_028
2022-04-01 11:58:49,420 - processing started: 74_028 
2022-04-01 11:58:49,546 - processing completed: 74_028
2022-04-01 11:58:49,549 - processing started: 75_029 
2022-04-01 11:58:49,682 - processing completed: 75_029
2022-04-01 11:58:49,686 - processing started: 76_029 
2022-04-01 11:58:49,762 - processing completed: 76_029
2022-04-01 11:58:49,766 - processing started: 77_030 
2022-04-01 11:58:49,896 - processing completed: 77_030
2022-04-01 11:58:49,900 - processing started: 78_030 
2022-04-01 11:58:49,976 - processing completed: 78_030
2022-04-01 11:58:49,979 - processing started: 79_030 
2022-04-01 11:58:50,117 - processing completed: 79_030
2022-04-01 11:58:50,121 - processing started: 80_031 
2022-04-01 11:58:50,201 - processing completed: 80_031
2022-04-01 11:58:50,204 - processing started: 81_031 
2022-04-01 11:58:50,345 - processing completed: 81_031
2022-04-01 11:58:50,348 - processing started: 82_031 
2022-04-01 11:58:50,431 - processing completed: 82_031
2022-04-01 11:58:50,433 - processing started: 83_032 
2022-04-01 11:58:50,606 - processing completed: 83_032
2022-04-01 11:58:50,610 - processing started: 84_032 
2022-04-01 11:58:50,724 - processing completed: 84_032
2022-04-01 11:58:50,728 - processing started: 85_032 
2022-04-01 11:58:50,893 - processing completed: 85_032
2022-04-01 11:58:50,897 - processing started: 86_032 
2022-04-01 11:58:51,007 - processing completed: 86_032
2022-04-01 11:58:51,011 - processing started: 87_032 
2022-04-01 11:58:51,186 - processing completed: 87_032
2022-04-01 11:58:51,190 - processing started: 88_033 
2022-04-01 11:58:51,265 - processing completed: 88_033
2022-04-01 11:58:51,268 - processing started: 89_033 
2022-04-01 11:58:51,400 - processing completed: 89_033
2022-04-01 11:58:51,403 - processing started: 90_033 
2022-04-01 11:58:51,534 - processing completed: 90_033
2022-04-01 11:58:51,538 - processing started: 91_033 
2022-04-01 11:58:51,618 - processing completed: 91_033
2022-04-01 11:58:51,620 - processing started: 92_033 
2022-04-01 11:58:51,754 - processing completed: 92_033
2022-04-01 11:58:51,757 - processing started: 93_034 
2022-04-01 11:58:51,836 - processing completed: 93_034
2022-04-01 11:58:51,839 - processing started: 94_034 
2022-04-01 11:58:51,972 - processing completed: 94_034
2022-04-01 11:58:51,975 - processing started: 95_035 
2022-04-01 11:58:52,053 - processing completed: 95_035
2022-04-01 11:58:52,057 - processing started: 96_035 
2022-04-01 11:58:52,193 - processing completed: 96_035
2022-04-01 11:58:52,196 - processing started: 97_035 
2022-04-01 11:58:52,274 - processing completed: 97_035
2022-04-01 11:58:52,277 - processing started: 98_035 
2022-04-01 11:58:52,409 - processing completed: 98_035
2022-04-01 11:58:52,412 - processing started: 99_036 
2022-04-01 11:58:52,490 - processing completed: 99_036
2022-04-01 11:58:52,493 - processing started: 100_036 
2022-04-01 11:58:52,629 - processing completed: 100_036
2022-04-01 11:58:52,633 - processing started: 101_037 
2022-04-01 11:58:52,711 - processing completed: 101_037
2022-04-01 11:58:52,715 - processing started: 102_037 
2022-04-01 11:58:52,847 - processing completed: 102_037
2022-04-01 11:58:52,850 - processing started: 103_037 
2022-04-01 11:58:52,929 - processing completed: 103_037
2022-04-01 11:58:52,932 - processing started: 104_038 
2022-04-01 11:58:53,065 - processing completed: 104_038
2022-04-01 11:58:53,068 - processing started: 105_038 
2022-04-01 11:58:53,205 - processing completed: 105_038
2022-04-01 11:58:53,208 - processing started: 106_039 
2022-04-01 11:58:53,289 - processing completed: 106_039
2022-04-01 11:58:53,292 - processing started: 107_039 
2022-04-01 11:58:53,428 - processing completed: 107_039
2022-04-01 11:58:53,431 - processing started: 108_039 
2022-04-01 11:58:53,512 - processing completed: 108_039
2022-04-01 11:58:53,515 - processing started: 109_040 
2022-04-01 11:58:53,654 - processing completed: 109_040
2022-04-01 11:58:53,657 - processing started: 110_040 
2022-04-01 11:58:53,737 - processing completed: 110_040
2022-04-01 11:58:53,739 - processing started: 111_040 
2022-04-01 11:58:53,872 - processing completed: 111_040
2022-04-01 11:58:53,875 - processing started: 112_040 
2022-04-01 11:58:53,954 - processing completed: 112_040
2022-04-01 11:58:53,957 - processing started: 113_040 
2022-04-01 11:58:54,092 - processing completed: 113_040
2022-04-01 11:58:54,095 - processing started: 114_040 
2022-04-01 11:58:54,177 - processing completed: 114_040
2022-04-01 11:58:54,180 - processing started: 115_040 
2022-04-01 11:58:54,314 - processing completed: 115_040
2022-04-01 11:58:54,318 - processing started: 116_041 
2022-04-01 11:58:54,398 - processing completed: 116_041
2022-04-01 11:58:54,401 - processing started: 117_041 
2022-04-01 11:58:54,534 - processing completed: 117_041
2022-04-01 11:58:54,538 - processing started: 118_042 
2022-04-01 11:58:54,617 - processing completed: 118_042
2022-04-01 11:58:54,620 - processing started: 119_042 
2022-04-01 11:58:54,748 - processing completed: 119_042
2022-04-01 11:58:54,751 - processing started: 120_042 
2022-04-01 11:58:54,881 - processing completed: 120_042
2022-04-01 11:58:54,884 - processing started: 121_042 
2022-04-01 11:58:54,963 - processing completed: 121_042
2022-04-01 11:58:54,966 - processing started: 122_043 
2022-04-01 11:58:55,101 - processing completed: 122_043
2022-04-01 11:58:55,104 - processing started: 123_043 
2022-04-01 11:58:55,181 - processing completed: 123_043
2022-04-01 11:58:55,184 - processing started: 124_044 
2022-04-01 11:58:55,324 - processing completed: 124_044
2022-04-01 11:58:55,327 - processing started: 125_044 
2022-04-01 11:58:55,402 - processing completed: 125_044
2022-04-01 11:58:55,405 - processing started: 126_044 
2022-04-01 11:58:55,536 - processing completed: 126_044
2022-04-01 11:58:55,539 - processing started: 127_045 
2022-04-01 11:58:55,616 - processing completed: 127_045
2022-04-01 11:58:55,620 - processing started: 128_045 
2022-04-01 11:58:55,751 - processing completed: 128_045
2022-04-01 11:58:55,754 - processing started: 129_045 
2022-04-01 11:58:55,831 - processing completed: 129_045
2022-04-01 11:58:55,834 - processing started: 130_046 
2022-04-01 11:58:55,965 - processing completed: 130_046
2022-04-01 11:58:55,969 - processing started: 131_046 
2022-04-01 11:58:56,045 - processing completed: 131_046
2022-04-01 11:58:56,049 - processing started: 132_047 
2022-04-01 11:58:56,186 - processing completed: 132_047
2022-04-01 11:58:56,189 - processing started: 133_047 
2022-04-01 11:58:56,268 - processing completed: 133_047
2022-04-01 11:58:56,271 - processing started: 134_048 
2022-04-01 11:58:56,407 - processing completed: 134_048
2022-04-01 11:58:56,410 - processing started: 135_048 
2022-04-01 11:58:56,542 - processing completed: 135_048
2022-04-01 11:58:56,546 - processing started: 136_048 
2022-04-01 11:58:56,623 - processing completed: 136_048
2022-04-01 11:58:56,625 - processing started: 137_049 
2022-04-01 11:58:56,764 - processing completed: 137_049
2022-04-01 11:58:56,767 - processing started: 138_049 
2022-04-01 11:58:56,851 - processing completed: 138_049
2022-04-01 11:58:56,854 - processing started: 139_049 
2022-04-01 11:58:56,989 - processing completed: 139_049
2022-04-01 11:58:56,993 - processing started: 140_050 
2022-04-01 11:58:57,071 - processing completed: 140_050
2022-04-01 11:58:57,074 - processing started: 141_050 
2022-04-01 11:58:57,209 - processing completed: 141_050
2022-04-01 11:58:57,212 - processing started: 142_050 
2022-04-01 11:58:57,290 - processing completed: 142_050
2022-04-01 11:58:57,293 - processing started: 143_051 
2022-04-01 11:58:57,430 - processing completed: 143_051
2022-04-01 11:58:57,434 - processing started: 144_051 
2022-04-01 11:58:57,512 - processing completed: 144_051
2022-04-01 11:58:57,516 - processing started: 145_051 
2022-04-01 11:58:57,647 - processing completed: 145_051
2022-04-01 11:58:57,650 - processing started: 146_051 
2022-04-01 11:58:57,732 - processing completed: 146_051
2022-04-01 11:58:57,735 - processing started: 147_051 
2022-04-01 11:58:57,864 - processing completed: 147_051
2022-04-01 11:58:57,868 - processing started: 148_052 
2022-04-01 11:58:57,947 - processing completed: 148_052
2022-04-01 11:58:57,950 - processing started: 149_052 
2022-04-01 11:58:58,079 - processing completed: 149_052
2022-04-01 11:58:58,082 - processing started: 150_053 
2022-04-01 11:58:58,216 - processing completed: 150_053
2022-04-01 11:58:58,219 - processing started: 151_053 
2022-04-01 11:58:58,297 - processing completed: 151_053
2022-04-01 11:58:58,300 - processing started: 152_054 
2022-04-01 11:58:58,437 - processing completed: 152_054
2022-04-01 11:58:58,440 - processing started: 153_054 
2022-04-01 11:58:58,520 - processing completed: 153_054
2022-04-01 11:58:58,523 - processing started: 154_055 
2022-04-01 11:58:58,666 - processing completed: 154_055
2022-04-01 11:58:58,669 - processing started: 155_055 
2022-04-01 11:58:58,748 - processing completed: 155_055
2022-04-01 11:58:58,751 - processing started: 156_056 
2022-04-01 11:58:58,890 - processing completed: 156_056
2022-04-01 11:58:58,893 - processing started: 157_056 
2022-04-01 11:58:58,977 - processing completed: 157_056
2022-04-01 11:58:58,980 - processing started: 158_057 
2022-04-01 11:58:59,112 - processing completed: 158_057
2022-04-01 11:58:59,116 - processing started: 159_057 
2022-04-01 11:58:59,193 - processing completed: 159_057
2022-04-01 11:58:59,196 - processing started: 160_058 
2022-04-01 11:58:59,377 - processing completed: 160_058
2022-04-01 11:58:59,382 - processing started: 161_058 
2022-04-01 11:58:59,505 - processing completed: 161_058
2022-04-01 11:58:59,510 - processing started: 162_058 
2022-04-01 11:58:59,692 - processing completed: 162_058
2022-04-01 11:58:59,696 - processing started: 163_059 
2022-04-01 11:58:59,772 - processing completed: 163_059
2022-04-01 11:58:59,776 - processing started: 164_059 
2022-04-01 11:58:59,906 - processing completed: 164_059
2022-04-01 11:58:59,910 - processing started: 165_060 
2022-04-01 11:59:00,040 - processing completed: 165_060
2022-04-01 11:59:00,044 - processing started: 166_060 
2022-04-01 11:59:00,118 - processing completed: 166_060
2022-04-01 11:59:00,122 - processing started: 167_060 
2022-04-01 11:59:00,253 - processing completed: 167_060
2022-04-01 11:59:00,256 - processing started: 168_061 
2022-04-01 11:59:00,336 - processing completed: 168_061
2022-04-01 11:59:00,339 - processing started: 169_061 
2022-04-01 11:59:00,472 - processing completed: 169_061
2022-04-01 11:59:00,475 - processing started: 170_062 
2022-04-01 11:59:00,555 - processing completed: 170_062
2022-04-01 11:59:00,558 - processing started: 171_062 
2022-04-01 11:59:00,692 - processing completed: 171_062
2022-04-01 11:59:00,695 - processing started: 172_062 
2022-04-01 11:59:00,773 - processing completed: 172_062
2022-04-01 11:59:00,776 - processing started: 173_063 
2022-04-01 11:59:00,981 - processing completed: 173_063
2022-04-01 11:59:00,986 - processing started: 174_063 
2022-04-01 11:59:01,132 - processing completed: 174_063
2022-04-01 11:59:01,137 - processing started: 175_064 
2022-04-01 11:59:01,333 - processing completed: 175_064
2022-04-01 11:59:01,338 - processing started: 176_064 
2022-04-01 11:59:01,483 - processing completed: 176_064
2022-04-01 11:59:01,488 - processing started: 177_064 
2022-04-01 11:59:01,698 - processing completed: 177_064
2022-04-01 11:59:01,703 - processing started: 178_064 
2022-04-01 11:59:01,909 - processing completed: 178_064
2022-04-01 11:59:01,914 - processing started: 179_065 
2022-04-01 11:59:02,060 - processing completed: 179_065
2022-04-01 11:59:02,066 - processing started: 180_065 
2022-04-01 11:59:02,273 - processing completed: 180_065
2022-04-01 11:59:02,278 - processing started: 181_066 
2022-04-01 11:59:02,420 - processing completed: 181_066
2022-04-01 11:59:02,426 - processing started: 182_066 
2022-04-01 11:59:02,639 - processing completed: 182_066
2022-04-01 11:59:02,644 - processing started: 183_066 
2022-04-01 11:59:02,786 - processing completed: 183_066
2022-04-01 11:59:02,792 - processing started: 184_066 
2022-04-01 11:59:02,993 - processing completed: 184_066
2022-04-01 11:59:02,998 - processing started: 185_066 
2022-04-01 11:59:03,145 - processing completed: 185_066
2022-04-01 11:59:03,151 - processing started: 186_066 
2022-04-01 11:59:03,347 - processing completed: 186_066
2022-04-01 11:59:03,352 - processing started: 187_066 
2022-04-01 11:59:03,462 - processing completed: 187_066
2022-04-01 11:59:03,467 - processing started: 188_067 
2022-04-01 11:59:03,557 - processing completed: 188_067
2022-04-01 11:59:03,559 - processing started: 189_067 
2022-04-01 11:59:03,711 - processing completed: 189_067
2022-04-01 11:59:03,717 - processing started: 190_067 
2022-04-01 11:59:03,869 - processing completed: 190_067
2022-04-01 11:59:03,873 - processing started: 191_067 
2022-04-01 11:59:04,016 - processing completed: 191_067
2022-04-01 11:59:04,022 - processing started: 192_067 
2022-04-01 11:59:04,226 - processing completed: 192_067
2022-04-01 11:59:04,232 - processing started: 193_068 
2022-04-01 11:59:04,386 - processing completed: 193_068
2022-04-01 11:59:04,390 - processing started: 194_068 
2022-04-01 11:59:04,487 - processing completed: 194_068
2022-04-01 11:59:04,491 - processing started: 195_069 
2022-04-01 11:59:04,653 - processing completed: 195_069
2022-04-01 11:59:04,657 - processing started: 196_069 
2022-04-01 11:59:04,756 - processing completed: 196_069
2022-04-01 11:59:04,760 - processing started: 197_069 
2022-04-01 11:59:04,918 - processing completed: 197_069
2022-04-01 11:59:04,922 - processing started: 198_069 
2022-04-01 11:59:05,021 - processing completed: 198_069
2022-04-01 11:59:05,025 - processing started: 199_070 
2022-04-01 11:59:05,232 - processing completed: 199_070
2022-04-01 11:59:05,237 - processing started: 200_070 
2022-04-01 11:59:05,274 - processing completed: 200_070
2022-04-01 11:59:05,277 - processing started: 201_071 
2022-04-01 11:59:05,495 - processing completed: 201_071
2022-04-01 11:59:05,501 - processing started: 202_071 
2022-04-01 11:59:05,648 - processing completed: 202_071
2022-04-01 11:59:05,654 - processing started: 203_072 
2022-04-01 11:59:05,853 - processing completed: 203_072
2022-04-01 11:59:05,859 - processing started: 204_072 
2022-04-01 11:59:06,000 - processing completed: 204_072
2022-04-01 11:59:06,006 - processing started: 205_072 
2022-04-01 11:59:06,207 - processing completed: 205_072
2022-04-01 11:59:06,212 - processing started: 206_072 
2022-04-01 11:59:06,354 - processing completed: 206_072
2022-04-01 11:59:06,360 - processing started: 207_073 
2022-04-01 11:59:06,559 - processing completed: 207_073
2022-04-01 11:59:06,565 - processing started: 208_073 
2022-04-01 11:59:06,773 - processing completed: 208_073
2022-04-01 11:59:06,779 - processing started: 209_074 
2022-04-01 11:59:06,929 - processing completed: 209_074
2022-04-01 11:59:06,935 - processing started: 210_074 
2022-04-01 11:59:07,146 - processing completed: 210_074
2022-04-01 11:59:07,151 - processing started: 211_075 
2022-04-01 11:59:07,295 - processing completed: 211_075
2022-04-01 11:59:07,300 - processing started: 212_075 
2022-04-01 11:59:07,502 - processing completed: 212_075
2022-04-01 11:59:07,507 - processing started: 213_076 
2022-04-01 11:59:07,651 - processing completed: 213_076
2022-04-01 11:59:07,656 - processing started: 214_076 
2022-04-01 11:59:07,860 - processing completed: 214_076
2022-04-01 11:59:07,866 - processing started: 215_077 
2022-04-01 11:59:07,965 - processing completed: 215_077
2022-04-01 11:59:07,969 - processing started: 216_077 
2022-04-01 11:59:08,174 - processing completed: 216_077
2022-04-01 11:59:08,180 - processing started: 217_077 
2022-04-01 11:59:08,318 - processing completed: 217_077
2022-04-01 11:59:08,324 - processing started: 218_078 
2022-04-01 11:59:08,520 - processing completed: 218_078
2022-04-01 11:59:08,525 - processing started: 219_078 
2022-04-01 11:59:08,673 - processing completed: 219_078
2022-04-01 11:59:08,679 - processing started: 220_079 
2022-04-01 11:59:08,883 - processing completed: 220_079
2022-04-01 11:59:08,888 - processing started: 221_079 
2022-04-01 11:59:09,030 - processing completed: 221_079
2022-04-01 11:59:09,035 - processing started: 222_079 
2022-04-01 11:59:09,238 - processing completed: 222_079
2022-04-01 11:59:09,243 - processing started: 223_080 
2022-04-01 11:59:09,362 - processing completed: 223_080
2022-04-01 11:59:09,366 - processing started: 224_080 
2022-04-01 11:59:09,434 - processing completed: 224_080
2022-04-01 11:59:09,438 - processing started: 225_081 
2022-04-01 11:59:09,585 - processing completed: 225_081
2022-04-01 11:59:09,589 - processing started: 226_081 
2022-04-01 11:59:09,676 - processing completed: 226_081
2022-04-01 11:59:09,681 - processing started: 227_081 
2022-04-01 11:59:09,824 - processing completed: 227_081
2022-04-01 11:59:09,829 - processing started: 228_081 
2022-04-01 11:59:09,916 - processing completed: 228_081
2022-04-01 11:59:09,921 - processing started: 229_081 
2022-04-01 11:59:10,064 - processing completed: 229_081
2022-04-01 11:59:10,069 - processing started: 230_081 
2022-04-01 11:59:10,158 - processing completed: 230_081
2022-04-01 11:59:10,162 - processing started: 231_081 
2022-04-01 11:59:10,310 - processing completed: 231_081
2022-04-01 11:59:10,316 - processing started: 232_082 
2022-04-01 11:59:10,406 - processing completed: 232_082
2022-04-01 11:59:10,410 - processing started: 233_082 
2022-04-01 11:59:10,549 - processing completed: 233_082
2022-04-01 11:59:10,554 - processing started: 234_082 
2022-04-01 11:59:10,642 - processing completed: 234_082
2022-04-01 11:59:10,646 - processing started: 235_082 
2022-04-01 11:59:10,783 - processing completed: 235_082
2022-04-01 11:59:10,787 - processing started: 236_083 
2022-04-01 11:59:10,875 - processing completed: 236_083
2022-04-01 11:59:10,880 - processing started: 237_083 
2022-04-01 11:59:11,021 - processing completed: 237_083
2022-04-01 11:59:11,026 - processing started: 238_084 
2022-04-01 11:59:11,170 - processing completed: 238_084
2022-04-01 11:59:11,175 - processing started: 239_084 
2022-04-01 11:59:11,261 - processing completed: 239_084
2022-04-01 11:59:11,265 - processing started: 240_085 
2022-04-01 11:59:11,404 - processing completed: 240_085
2022-04-01 11:59:11,409 - processing started: 241_085 
2022-04-01 11:59:11,498 - processing completed: 241_085
2022-04-01 11:59:11,502 - processing started: 242_086 
2022-04-01 11:59:11,661 - processing completed: 242_086
2022-04-01 11:59:11,664 - processing started: 243_086 
2022-04-01 11:59:11,767 - processing completed: 243_086
2022-04-01 11:59:11,770 - processing started: 244_087 
2022-04-01 11:59:11,908 - processing completed: 244_087
2022-04-01 11:59:11,911 - processing started: 245_087 
2022-04-01 11:59:11,997 - processing completed: 245_087
2022-04-01 11:59:12,002 - processing started: 246_088 
2022-04-01 11:59:12,147 - processing completed: 246_088
2022-04-01 11:59:12,151 - processing started: 247_088 
2022-04-01 11:59:12,239 - processing completed: 247_088
2022-04-01 11:59:12,243 - processing started: 248_088 
2022-04-01 11:59:12,381 - processing completed: 248_088
2022-04-01 11:59:12,385 - processing started: 249_089 
2022-04-01 11:59:12,441 - processing completed: 249_089
2022-04-01 11:59:12,444 - processing started: 250_089 
2022-04-01 11:59:12,552 - processing completed: 250_089
2022-04-01 11:59:12,555 - processing started: 251_089 
2022-04-01 11:59:12,614 - processing completed: 251_089
2022-04-01 11:59:12,617 - processing started: 252_090 
2022-04-01 11:59:12,723 - processing completed: 252_090
2022-04-01 11:59:12,726 - processing started: 253_090 
2022-04-01 11:59:12,833 - processing completed: 253_090
2022-04-01 11:59:12,837 - processing started: 254_091 
2022-04-01 11:59:12,893 - processing completed: 254_091
2022-04-01 11:59:12,896 - processing started: 255_091 
2022-04-01 11:59:13,007 - processing completed: 255_091
2022-04-01 11:59:13,011 - processing started: 256_092 
2022-04-01 11:59:13,071 - processing completed: 256_092
2022-04-01 11:59:13,074 - processing started: 257_092 
2022-04-01 11:59:13,187 - processing completed: 257_092
2022-04-01 11:59:13,191 - processing started: 258_093 
2022-04-01 11:59:13,260 - processing completed: 258_093
2022-04-01 11:59:13,263 - processing started: 259_093 
2022-04-01 11:59:13,386 - processing completed: 259_093
2022-04-01 11:59:13,390 - processing started: 260_094 
2022-04-01 11:59:13,458 - processing completed: 260_094
2022-04-01 11:59:13,463 - processing started: 261_094 
2022-04-01 11:59:13,591 - processing completed: 261_094
2022-04-01 11:59:13,595 - processing started: 262_094 
2022-04-01 11:59:13,664 - processing completed: 262_094
2022-04-01 11:59:13,668 - processing started: 263_095 
2022-04-01 11:59:13,790 - processing completed: 263_095
2022-04-01 11:59:13,794 - processing started: 264_095 
2022-04-01 11:59:13,862 - processing completed: 264_095
2022-04-01 11:59:13,866 - processing started: 265_096 
2022-04-01 11:59:13,987 - processing completed: 265_096
2022-04-01 11:59:13,991 - processing started: 266_096 
2022-04-01 11:59:14,060 - processing completed: 266_096
2022-04-01 11:59:14,065 - processing started: 267_097 
2022-04-01 11:59:14,191 - processing completed: 267_097
2022-04-01 11:59:14,194 - processing started: 268_097 
2022-04-01 11:59:14,317 - processing completed: 268_097
2022-04-01 11:59:14,320 - processing started: 269_098 
2022-04-01 11:59:14,391 - processing completed: 269_098
2022-04-01 11:59:14,395 - processing started: 270_098 
2022-04-01 11:59:14,521 - processing completed: 270_098
2022-04-01 11:59:14,524 - processing started: 271_098 
2022-04-01 11:59:14,596 - processing completed: 271_098
2022-04-01 11:59:14,599 - processing started: 272_099 
2022-04-01 11:59:14,715 - processing completed: 272_099
2022-04-01 11:59:14,717 - processing started: 273_099 
2022-04-01 11:59:14,779 - processing completed: 273_099
2022-04-01 11:59:14,782 - processing started: 274_100 
2022-04-01 11:59:14,927 - processing completed: 274_100
2022-04-01 11:59:14,931 - processing started: 275_100 
2022-04-01 11:59:15,022 - processing completed: 275_100
2022-04-01 11:59:15,025 - processing started: 276_101 
2022-04-01 11:59:15,153 - processing completed: 276_101
2022-04-01 11:59:15,156 - processing started: 277_101 
2022-04-01 11:59:15,220 - processing completed: 277_101
2022-04-01 11:59:15,223 - processing started: 278_102 
2022-04-01 11:59:15,345 - processing completed: 278_102
2022-04-01 11:59:15,348 - processing started: 279_102 
2022-04-01 11:59:15,412 - processing completed: 279_102
2022-04-01 11:59:15,415 - processing started: 280_103 
2022-04-01 11:59:15,526 - processing completed: 280_103
2022-04-01 11:59:15,530 - processing started: 281_103 
2022-04-01 11:59:15,595 - processing completed: 281_103
2022-04-01 11:59:15,598 - processing started: 282_103 
2022-04-01 11:59:15,714 - processing completed: 282_103
2022-04-01 11:59:15,718 - processing started: 283_104 
2022-04-01 11:59:15,835 - processing completed: 283_104
2022-04-01 11:59:15,838 - processing started: 284_104 
2022-04-01 11:59:15,900 - processing completed: 284_104
2022-04-01 11:59:15,903 - processing started: 285_105 
2022-04-01 11:59:16,023 - processing completed: 285_105
2022-04-01 11:59:16,025 - processing started: 286_105 
2022-04-01 11:59:16,091 - processing completed: 286_105
2022-04-01 11:59:16,094 - processing started: 287_106 
2022-04-01 11:59:16,215 - processing completed: 287_106
2022-04-01 11:59:16,218 - processing started: 288_106 
2022-04-01 11:59:16,279 - processing completed: 288_106
2022-04-01 11:59:16,282 - processing started: 289_107 
2022-04-01 11:59:16,399 - processing completed: 289_107
2022-04-01 11:59:16,403 - processing started: 290_107 
2022-04-01 11:59:16,465 - processing completed: 290_107
2022-04-01 11:59:16,469 - processing started: 291_107 
2022-04-01 11:59:16,589 - processing completed: 291_107
2022-04-01 11:59:16,592 - processing started: 292_108 
2022-04-01 11:59:16,651 - processing completed: 292_108
2022-04-01 11:59:16,654 - processing started: 293_108 
2022-04-01 11:59:16,770 - processing completed: 293_108
2022-04-01 11:59:16,772 - processing started: 294_108 
2022-04-01 11:59:16,832 - processing completed: 294_108
2022-04-01 11:59:16,835 - processing started: 295_109 
2022-04-01 11:59:16,944 - processing completed: 295_109
2022-04-01 11:59:16,947 - processing started: 296_109 
2022-04-01 11:59:17,008 - processing completed: 296_109
2022-04-01 11:59:17,010 - processing started: 297_110 
2022-04-01 11:59:17,132 - processing completed: 297_110
2022-04-01 11:59:17,136 - processing started: 298_110 
2022-04-01 11:59:17,268 - processing completed: 298_110
2022-04-01 11:59:17,272 - processing started: 299_110 
2022-04-01 11:59:17,340 - processing completed: 299_110
2022-04-01 11:59:17,344 - processing started: 300_111 
2022-04-01 11:59:17,458 - processing completed: 300_111
2022-04-01 11:59:17,462 - processing started: 301_111 
2022-04-01 11:59:17,525 - processing completed: 301_111
2022-04-01 11:59:17,529 - processing started: 302_112 
2022-04-01 11:59:17,652 - processing completed: 302_112
2022-04-01 11:59:17,655 - processing started: 303_112 
2022-04-01 11:59:17,720 - processing completed: 303_112
2022-04-01 11:59:17,724 - processing started: 304_113 
2022-04-01 11:59:17,838 - processing completed: 304_113
2022-04-01 11:59:17,841 - processing started: 305_113 
2022-04-01 11:59:17,902 - processing completed: 305_113
2022-04-01 11:59:17,904 - processing started: 306_114 
2022-04-01 11:59:18,056 - processing completed: 306_114
2022-04-01 11:59:18,060 - processing started: 307_114 
2022-04-01 11:59:18,156 - processing completed: 307_114
2022-04-01 11:59:18,160 - processing started: 308_115 
2022-04-01 11:59:18,307 - processing completed: 308_115
2022-04-01 11:59:18,312 - processing started: 309_115 
2022-04-01 11:59:18,409 - processing completed: 309_115
2022-04-01 11:59:18,414 - processing started: 310_116 
2022-04-01 11:59:18,558 - processing completed: 310_116
2022-04-01 11:59:18,563 - processing started: 311_116 
2022-04-01 11:59:18,710 - processing completed: 311_116
2022-04-01 11:59:18,715 - processing started: 312_117 
2022-04-01 11:59:18,805 - processing completed: 312_117
2022-04-01 11:59:18,808 - processing started: 313_117 
2022-04-01 11:59:18,951 - processing completed: 313_117
2022-04-01 11:59:18,955 - processing started: 314_117 
2022-04-01 11:59:19,045 - processing completed: 314_117
2022-04-01 11:59:19,049 - processing started: 315_117 
2022-04-01 11:59:19,193 - processing completed: 315_117
2022-04-01 11:59:19,197 - processing started: 316_118 
2022-04-01 11:59:19,287 - processing completed: 316_118
2022-04-01 11:59:19,291 - processing started: 317_118 
2022-04-01 11:59:19,437 - processing completed: 317_118
2022-04-01 11:59:19,442 - processing started: 318_119 
2022-04-01 11:59:19,530 - processing completed: 318_119
2022-04-01 11:59:19,534 - processing started: 319_119 
2022-04-01 11:59:19,677 - processing completed: 319_119
2022-04-01 11:59:19,681 - processing started: 320_120 
2022-04-01 11:59:19,749 - processing completed: 320_120
2022-04-01 11:59:19,752 - processing started: 321_120 
2022-04-01 11:59:19,874 - processing completed: 321_120
2022-04-01 11:59:19,878 - processing started: 322_120 
2022-04-01 11:59:19,947 - processing completed: 322_120
2022-04-01 11:59:19,950 - processing started: 323_120 
2022-04-01 11:59:20,072 - processing completed: 323_120
2022-04-01 11:59:20,075 - processing started: 324_121 
2022-04-01 11:59:20,166 - processing completed: 324_121
2022-04-01 11:59:20,169 - processing started: 325_121 
2022-04-01 11:59:20,313 - processing completed: 325_121
2022-04-01 11:59:20,316 - processing started: 326_122 
2022-04-01 11:59:20,462 - processing completed: 326_122
2022-04-01 11:59:20,466 - processing started: 327_122 
2022-04-01 11:59:20,555 - processing completed: 327_122
2022-04-01 11:59:20,559 - processing started: 328_123 
2022-04-01 11:59:20,701 - processing completed: 328_123
2022-04-01 11:59:20,705 - processing started: 329_123 
2022-04-01 11:59:20,792 - processing completed: 329_123
2022-04-01 11:59:20,796 - processing started: 330_123 
2022-04-01 11:59:20,937 - processing completed: 330_123
2022-04-01 11:59:20,941 - processing started: 331_124 
2022-04-01 11:59:21,028 - processing completed: 331_124
2022-04-01 11:59:21,031 - processing started: 332_124 
2022-04-01 11:59:21,177 - processing completed: 332_124
2022-04-01 11:59:21,181 - processing started: 333_124 
2022-04-01 11:59:21,268 - processing completed: 333_124
2022-04-01 11:59:21,272 - processing started: 334_124 
2022-04-01 11:59:21,415 - processing completed: 334_124
2022-04-01 11:59:21,419 - processing started: 335_124 
2022-04-01 11:59:21,508 - processing completed: 335_124
2022-04-01 11:59:21,512 - processing started: 336_124 
2022-04-01 11:59:21,654 - processing completed: 336_124
2022-04-01 11:59:21,658 - processing started: 337_124 
2022-04-01 11:59:21,745 - processing completed: 337_124
2022-04-01 11:59:21,749 - processing started: 338_124 
2022-04-01 11:59:21,887 - processing completed: 338_124
2022-04-01 11:59:21,890 - processing started: 339_124 
2022-04-01 11:59:21,978 - processing completed: 339_124
2022-04-01 11:59:21,981 - processing started: 340_125 
2022-04-01 11:59:22,124 - processing completed: 340_125
2022-04-01 11:59:22,128 - processing started: 341_125 
2022-04-01 11:59:22,268 - processing completed: 341_125
2022-04-01 11:59:22,273 - processing started: 342_126 
2022-04-01 11:59:22,361 - processing completed: 342_126
2022-04-01 11:59:22,365 - processing started: 343_126 
2022-04-01 11:59:22,510 - processing completed: 343_126
2022-04-01 11:59:22,514 - processing started: 344_126 
2022-04-01 11:59:22,604 - processing completed: 344_126
2022-04-01 11:59:22,608 - processing started: 345_127 
2022-04-01 11:59:22,749 - processing completed: 345_127
2022-04-01 11:59:22,754 - processing started: 346_127 
2022-04-01 11:59:22,842 - processing completed: 346_127
2022-04-01 11:59:22,845 - processing started: 347_128 
2022-04-01 11:59:22,984 - processing completed: 347_128
2022-04-01 11:59:22,988 - processing started: 348_128 
2022-04-01 11:59:23,077 - processing completed: 348_128
2022-04-01 11:59:23,080 - processing started: 349_129 
2022-04-01 11:59:23,220 - processing completed: 349_129
2022-04-01 11:59:23,223 - processing started: 350_129 
2022-04-01 11:59:23,310 - processing completed: 350_129
2022-04-01 11:59:23,313 - processing started: 351_129 
2022-04-01 11:59:23,453 - processing completed: 351_129
2022-04-01 11:59:23,457 - processing started: 352_130 
2022-04-01 11:59:23,544 - processing completed: 352_130
2022-04-01 11:59:23,548 - processing started: 353_130 
2022-04-01 11:59:23,690 - processing completed: 353_130
2022-04-01 11:59:23,694 - processing started: 354_131 
2022-04-01 11:59:23,780 - processing completed: 354_131
2022-04-01 11:59:23,785 - processing started: 355_131 
2022-04-01 11:59:23,922 - processing completed: 355_131
2022-04-01 11:59:23,926 - processing started: 356_132 
2022-04-01 11:59:24,069 - processing completed: 356_132
2022-04-01 11:59:24,074 - processing started: 357_132 
2022-04-01 11:59:24,163 - processing completed: 357_132
2022-04-01 11:59:24,168 - processing started: 358_133 
2022-04-01 11:59:24,309 - processing completed: 358_133
2022-04-01 11:59:24,313 - processing started: 359_133 
2022-04-01 11:59:24,402 - processing completed: 359_133
2022-04-01 11:59:24,406 - processing started: 360_134 
2022-04-01 11:59:24,547 - processing completed: 360_134
2022-04-01 11:59:24,552 - processing started: 361_134 
2022-04-01 11:59:24,641 - processing completed: 361_134
2022-04-01 11:59:24,645 - processing started: 362_134 
2022-04-01 11:59:24,785 - processing completed: 362_134
2022-04-01 11:59:24,789 - processing started: 363_134 
2022-04-01 11:59:24,875 - processing completed: 363_134
2022-04-01 11:59:24,879 - processing started: 364_134 
2022-04-01 11:59:25,020 - processing completed: 364_134
2022-04-01 11:59:25,024 - processing started: 365_135 
2022-04-01 11:59:25,112 - processing completed: 365_135
2022-04-01 11:59:25,117 - processing started: 366_135 
2022-04-01 11:59:25,254 - processing completed: 366_135
2022-04-01 11:59:25,259 - processing started: 367_135 
2022-04-01 11:59:25,351 - processing completed: 367_135
2022-04-01 11:59:25,355 - processing started: 368_136 
2022-04-01 11:59:25,492 - processing completed: 368_136
2022-04-01 11:59:25,496 - processing started: 369_136 
2022-04-01 11:59:25,587 - processing completed: 369_136
2022-04-01 11:59:25,591 - processing started: 370_137 
2022-04-01 11:59:25,731 - processing completed: 370_137
2022-04-01 11:59:25,734 - processing started: 371_137 
2022-04-01 11:59:25,873 - processing completed: 371_137
2022-04-01 11:59:25,876 - processing started: 372_138 
2022-04-01 11:59:25,961 - processing completed: 372_138
2022-04-01 11:59:25,964 - processing started: 373_138 
2022-04-01 11:59:26,106 - processing completed: 373_138
2022-04-01 11:59:26,110 - processing started: 374_139 
2022-04-01 11:59:26,197 - processing completed: 374_139
2022-04-01 11:59:26,201 - processing started: 375_139 
2022-04-01 11:59:26,340 - processing completed: 375_139
2022-04-01 11:59:26,344 - processing started: 376_140 
2022-04-01 11:59:26,431 - processing completed: 376_140
2022-04-01 11:59:26,435 - processing started: 377_140 
2022-04-01 11:59:26,577 - processing completed: 377_140
2022-04-01 11:59:26,581 - processing started: 378_140 
2022-04-01 11:59:26,671 - processing completed: 378_140
2022-04-01 11:59:26,675 - processing started: 379_141 
2022-04-01 11:59:26,814 - processing completed: 379_141
2022-04-01 11:59:26,818 - processing started: 380_141 
2022-04-01 11:59:26,905 - processing completed: 380_141
2022-04-01 11:59:26,909 - processing started: 381_142 
2022-04-01 11:59:27,050 - processing completed: 381_142
2022-04-01 11:59:27,054 - processing started: 382_142 
2022-04-01 11:59:27,142 - processing completed: 382_142
2022-04-01 11:59:27,146 - processing started: 383_143 
2022-04-01 11:59:27,287 - processing completed: 383_143
2022-04-01 11:59:27,292 - processing started: 384_143 
2022-04-01 11:59:27,378 - processing completed: 384_143
2022-04-01 11:59:27,382 - processing started: 385_144 
2022-04-01 11:59:27,520 - processing completed: 385_144
2022-04-01 11:59:27,525 - processing started: 386_144 
2022-04-01 11:59:27,673 - processing completed: 386_144
2022-04-01 11:59:27,677 - processing started: 387_144 
2022-04-01 11:59:27,766 - processing completed: 387_144
2022-04-01 11:59:27,771 - processing started: 388_145 
2022-04-01 11:59:27,916 - processing completed: 388_145
2022-04-01 11:59:27,920 - processing started: 389_145 
2022-04-01 11:59:28,007 - processing completed: 389_145
2022-04-01 11:59:28,011 - processing started: 390_145 
2022-04-01 11:59:28,156 - processing completed: 390_145
2022-04-01 11:59:28,160 - processing started: 391_145 
2022-04-01 11:59:28,246 - processing completed: 391_145
2022-04-01 11:59:28,249 - processing started: 392_145 
2022-04-01 11:59:28,389 - processing completed: 392_145
2022-04-01 11:59:28,394 - processing started: 393_146 
2022-04-01 11:59:28,479 - processing completed: 393_146
2022-04-01 11:59:28,483 - processing started: 394_146 
2022-04-01 11:59:28,629 - processing completed: 394_146
2022-04-01 11:59:28,633 - processing started: 395_147 
2022-04-01 11:59:28,719 - processing completed: 395_147
2022-04-01 11:59:28,722 - processing started: 396_147 
2022-04-01 11:59:28,865 - processing completed: 396_147
2022-04-01 11:59:28,869 - processing started: 397_147 
2022-04-01 11:59:28,956 - processing completed: 397_147
2022-04-01 11:59:28,960 - processing started: 398_147 
2022-04-01 11:59:29,102 - processing completed: 398_147
2022-04-01 11:59:29,106 - processing started: 399_148 
2022-04-01 11:59:29,193 - processing completed: 399_148
2022-04-01 11:59:29,197 - processing started: 400_148 
2022-04-01 11:59:29,336 - processing completed: 400_148
2022-04-01 11:59:29,339 - processing started: 401_149 
2022-04-01 11:59:29,481 - processing completed: 401_149
2022-04-01 11:59:29,484 - processing started: 402_149 
2022-04-01 11:59:29,573 - processing completed: 402_149
2022-04-01 11:59:29,576 - processing started: 403_149 
2022-04-01 11:59:29,717 - processing completed: 403_149
2022-04-01 11:59:29,721 - processing started: 404_149 
2022-04-01 11:59:29,808 - processing completed: 404_149
2022-04-01 11:59:29,811 - processing started: 405_150 
2022-04-01 11:59:29,958 - processing completed: 405_150
2022-04-01 11:59:29,962 - processing started: 406_150 
2022-04-01 11:59:30,050 - processing completed: 406_150
2022-04-01 11:59:30,054 - processing started: 407_151 
2022-04-01 11:59:30,199 - processing completed: 407_151
2022-04-01 11:59:30,202 - processing started: 408_151 
2022-04-01 11:59:30,294 - processing completed: 408_151
2022-04-01 11:59:30,297 - processing started: 409_152 
2022-04-01 11:59:30,438 - processing completed: 409_152
2022-04-01 11:59:30,441 - processing started: 410_152 
2022-04-01 11:59:30,528 - processing completed: 410_152
2022-04-01 11:59:30,531 - processing started: 411_153 
2022-04-01 11:59:30,693 - processing completed: 411_153
2022-04-01 11:59:30,696 - processing started: 412_153 
2022-04-01 11:59:30,784 - processing completed: 412_153
2022-04-01 11:59:30,787 - processing started: 413_154 
2022-04-01 11:59:30,932 - processing completed: 413_154
2022-04-01 11:59:30,935 - processing started: 414_154 
2022-04-01 11:59:31,024 - processing completed: 414_154
2022-04-01 11:59:31,027 - processing started: 415_155 
2022-04-01 11:59:31,169 - processing completed: 415_155
2022-04-01 11:59:31,172 - processing started: 416_155 
2022-04-01 11:59:31,314 - processing completed: 416_155
2022-04-01 11:59:31,318 - processing started: 417_156 
2022-04-01 11:59:31,408 - processing completed: 417_156
2022-04-01 11:59:31,411 - processing started: 418_156 
2022-04-01 11:59:31,555 - processing completed: 418_156
2022-04-01 11:59:31,558 - processing started: 419_156 
2022-04-01 11:59:31,650 - processing completed: 419_156
2022-04-01 11:59:31,654 - processing started: 420_157 
2022-04-01 11:59:31,796 - processing completed: 420_157
2022-04-01 11:59:31,800 - processing started: 421_157 
2022-04-01 11:59:31,889 - processing completed: 421_157
2022-04-01 11:59:31,892 - processing started: 422_157 
2022-04-01 11:59:32,034 - processing completed: 422_157
2022-04-01 11:59:32,038 - processing started: 423_158 
2022-04-01 11:59:32,128 - processing completed: 423_158
2022-04-01 11:59:32,132 - processing started: 424_158 
2022-04-01 11:59:32,272 - processing completed: 424_158
2022-04-01 11:59:32,276 - processing started: 425_159 
2022-04-01 11:59:32,364 - processing completed: 425_159
2022-04-01 11:59:32,368 - processing started: 426_159 
2022-04-01 11:59:32,509 - processing completed: 426_159
2022-04-01 11:59:32,513 - processing started: 427_159 
2022-04-01 11:59:32,603 - processing completed: 427_159
2022-04-01 11:59:32,607 - processing started: 428_160 
2022-04-01 11:59:32,747 - processing completed: 428_160
2022-04-01 11:59:32,752 - processing started: 429_160 
2022-04-01 11:59:32,840 - processing completed: 429_160
2022-04-01 11:59:32,844 - processing started: 430_160 
2022-04-01 11:59:32,989 - processing completed: 430_160
2022-04-01 11:59:32,994 - processing started: 431_161 
2022-04-01 11:59:33,140 - processing completed: 431_161
2022-04-01 11:59:33,144 - processing started: 432_161 
2022-04-01 11:59:33,232 - processing completed: 432_161
2022-04-01 11:59:33,236 - processing started: 433_162 
2022-04-01 11:59:33,378 - processing completed: 433_162
2022-04-01 11:59:33,382 - processing started: 434_162 
2022-04-01 11:59:33,469 - processing completed: 434_162
2022-04-01 11:59:33,472 - processing started: 435_163 
2022-04-01 11:59:33,615 - processing completed: 435_163
2022-04-01 11:59:33,619 - processing started: 436_163 
2022-04-01 11:59:33,706 - processing completed: 436_163
2022-04-01 11:59:33,710 - processing started: 437_164 
2022-04-01 11:59:33,849 - processing completed: 437_164
2022-04-01 11:59:33,852 - processing started: 438_164 
2022-04-01 11:59:33,939 - processing completed: 438_164
2022-04-01 11:59:33,943 - processing started: 439_164 
2022-04-01 11:59:34,090 - processing completed: 439_164
2022-04-01 11:59:34,094 - processing started: 440_165 
2022-04-01 11:59:34,182 - processing completed: 440_165
2022-04-01 11:59:34,186 - processing started: 441_165 
2022-04-01 11:59:34,324 - processing completed: 441_165
2022-04-01 11:59:34,328 - processing started: 442_166 
2022-04-01 11:59:34,415 - processing completed: 442_166
2022-04-01 11:59:34,419 - processing started: 443_166 
2022-04-01 11:59:34,558 - processing completed: 443_166
2022-04-01 11:59:34,563 - processing started: 444_167 
2022-04-01 11:59:34,703 - processing completed: 444_167
2022-04-01 11:59:34,708 - processing started: 445_167 
2022-04-01 11:59:34,793 - processing completed: 445_167
2022-04-01 11:59:34,797 - processing started: 446_167 
2022-04-01 11:59:34,938 - processing completed: 446_167
2022-04-01 11:59:34,942 - processing started: 447_167 
2022-04-01 11:59:35,029 - processing completed: 447_167
2022-04-01 11:59:35,033 - processing started: 448_168 
2022-04-01 11:59:35,178 - processing completed: 448_168
2022-04-01 11:59:35,182 - processing started: 449_168 
2022-04-01 11:59:35,270 - processing completed: 449_168
2022-04-01 11:59:35,275 - processing started: 450_168 
2022-04-01 11:59:35,421 - processing completed: 450_168
2022-04-01 11:59:35,425 - processing started: 451_168 
2022-04-01 11:59:35,512 - processing completed: 451_168
2022-04-01 11:59:35,516 - processing started: 452_169 
2022-04-01 11:59:35,660 - processing completed: 452_169
2022-04-01 11:59:35,665 - processing started: 453_169 
2022-04-01 11:59:35,751 - processing completed: 453_169
2022-04-01 11:59:35,755 - processing started: 454_170 
2022-04-01 11:59:35,894 - processing completed: 454_170
2022-04-01 11:59:35,898 - processing started: 455_170 
2022-04-01 11:59:35,984 - processing completed: 455_170
2022-04-01 11:59:35,988 - processing started: 456_171 
2022-04-01 11:59:36,139 - processing completed: 456_171
2022-04-01 11:59:36,144 - processing started: 457_171 
2022-04-01 11:59:36,232 - processing completed: 457_171
2022-04-01 11:59:36,236 - processing started: 458_171 
2022-04-01 11:59:36,379 - processing completed: 458_171
2022-04-01 11:59:36,385 - processing started: 459_172 
2022-04-01 11:59:36,525 - processing completed: 459_172
2022-04-01 11:59:36,529 - processing started: 460_172 
2022-04-01 11:59:36,619 - processing completed: 460_172
2022-04-01 11:59:36,623 - processing started: 461_173 
2022-04-01 11:59:36,766 - processing completed: 461_173
2022-04-01 11:59:36,770 - processing started: 462_173 
2022-04-01 11:59:36,857 - processing completed: 462_173
2022-04-01 11:59:36,861 - processing started: 463_173 
2022-04-01 11:59:37,002 - processing completed: 463_173
2022-04-01 11:59:37,007 - processing started: 464_174 
2022-04-01 11:59:37,095 - processing completed: 464_174
2022-04-01 11:59:37,100 - processing started: 465_174 
2022-04-01 11:59:37,241 - processing completed: 465_174
2022-04-01 11:59:37,245 - processing started: 466_174 
2022-04-01 11:59:37,331 - processing completed: 466_174
2022-04-01 11:59:37,335 - processing started: 467_174 
2022-04-01 11:59:37,475 - processing completed: 467_174
2022-04-01 11:59:37,479 - processing started: 468_175 
2022-04-01 11:59:37,566 - processing completed: 468_175
2022-04-01 11:59:37,570 - processing started: 469_175 
2022-04-01 11:59:37,710 - processing completed: 469_175
2022-04-01 11:59:37,714 - processing started: 470_176 
2022-04-01 11:59:37,802 - processing completed: 470_176
2022-04-01 11:59:37,805 - processing started: 471_176 
2022-04-01 11:59:37,944 - processing completed: 471_176
2022-04-01 11:59:37,948 - processing started: 472_177 
2022-04-01 11:59:38,035 - processing completed: 472_177
2022-04-01 11:59:38,040 - processing started: 473_177 
2022-04-01 11:59:38,194 - processing completed: 473_177
2022-04-01 11:59:38,197 - processing started: 474_178 
2022-04-01 11:59:38,349 - processing completed: 474_178
2022-04-01 11:59:38,352 - processing started: 475_178 
2022-04-01 11:59:38,438 - processing completed: 475_178
2022-04-01 11:59:38,441 - processing started: 476_178 
2022-04-01 11:59:38,585 - processing completed: 476_178
2022-04-01 11:59:38,589 - processing started: 477_179 
2022-04-01 11:59:38,676 - processing completed: 477_179
2022-04-01 11:59:38,679 - processing started: 478_179 
2022-04-01 11:59:38,821 - processing completed: 478_179
2022-04-01 11:59:38,824 - processing started: 479_180 
2022-04-01 11:59:38,911 - processing completed: 479_180
2022-04-01 11:59:38,914 - processing started: 480_180 
2022-04-01 11:59:39,054 - processing completed: 480_180
2022-04-01 11:59:39,059 - processing started: 481_180 
2022-04-01 11:59:39,147 - processing completed: 481_180
2022-04-01 11:59:39,151 - processing started: 482_180 
2022-04-01 11:59:39,293 - processing completed: 482_180
2022-04-01 11:59:39,296 - processing started: 483_181 
2022-04-01 11:59:39,384 - processing completed: 483_181
2022-04-01 11:59:39,388 - processing started: 484_181 
2022-04-01 11:59:39,527 - processing completed: 484_181
2022-04-01 11:59:39,531 - processing started: 485_182 
2022-04-01 11:59:39,619 - processing completed: 485_182
2022-04-01 11:59:39,624 - processing started: 486_182 
2022-04-01 11:59:39,761 - processing completed: 486_182
2022-04-01 11:59:39,765 - processing started: 487_182 
2022-04-01 11:59:39,851 - processing completed: 487_182
2022-04-01 11:59:39,855 - processing started: 488_183 
2022-04-01 11:59:39,994 - processing completed: 488_183
2022-04-01 11:59:39,998 - processing started: 489_183 
2022-04-01 11:59:40,143 - processing completed: 489_183
2022-04-01 11:59:40,147 - processing started: 490_183 
2022-04-01 11:59:40,234 - processing completed: 490_183
2022-04-01 11:59:40,238 - processing started: 491_183 
2022-04-01 11:59:40,391 - processing completed: 491_183
2022-04-01 11:59:40,395 - processing started: 492_184 
2022-04-01 11:59:40,482 - processing completed: 492_184
2022-04-01 11:59:40,485 - processing started: 493_184 
2022-04-01 11:59:40,631 - processing completed: 493_184
2022-04-01 11:59:40,635 - processing started: 494_184 
2022-04-01 11:59:40,721 - processing completed: 494_184
2022-04-01 11:59:40,725 - processing started: 495_185 
2022-04-01 11:59:40,866 - processing completed: 495_185
2022-04-01 11:59:40,870 - processing started: 496_185 
2022-04-01 11:59:40,957 - processing completed: 496_185
2022-04-01 11:59:40,961 - processing started: 497_186 
2022-04-01 11:59:41,106 - processing completed: 497_186
2022-04-01 11:59:41,111 - processing started: 498_186 
2022-04-01 11:59:41,197 - processing completed: 498_186
2022-04-01 11:59:41,201 - processing started: 499_187 
2022-04-01 11:59:41,340 - processing completed: 499_187
2022-04-01 11:59:41,344 - processing started: 500_187 
2022-04-01 11:59:41,432 - processing completed: 500_187
2022-04-01 11:59:41,435 - processing started: 501_188 
2022-04-01 11:59:41,574 - processing completed: 501_188
2022-04-01 11:59:41,578 - processing started: 502_188 
2022-04-01 11:59:41,667 - processing completed: 502_188
2022-04-01 11:59:41,671 - processing started: 503_188 
2022-04-01 11:59:41,812 - processing completed: 503_188
2022-04-01 11:59:41,816 - processing started: 504_188 
2022-04-01 11:59:41,961 - processing completed: 504_188
2022-04-01 11:59:41,965 - processing started: 505_189 
2022-04-01 11:59:42,038 - processing completed: 505_189
2022-04-01 11:59:42,042 - processing started: 506_189 
2022-04-01 11:59:42,181 - processing completed: 506_189
2022-04-01 11:59:42,184 - processing started: 507_190 
2022-04-01 11:59:42,276 - processing completed: 507_190
2022-04-01 11:59:42,279 - processing started: 508_190 
2022-04-01 11:59:42,427 - processing completed: 508_190
2022-04-01 11:59:42,431 - processing started: 509_191 
2022-04-01 11:59:42,521 - processing completed: 509_191
2022-04-01 11:59:42,526 - processing started: 510_191 
2022-04-01 11:59:42,672 - processing completed: 510_191
2022-04-01 11:59:42,676 - processing started: 511_192 
2022-04-01 11:59:42,766 - processing completed: 511_192
2022-04-01 11:59:42,769 - processing started: 512_192 
2022-04-01 11:59:42,912 - processing completed: 512_192
2022-04-01 11:59:42,916 - processing started: 513_192 
2022-04-01 11:59:43,006 - processing completed: 513_192
2022-04-01 11:59:43,009 - processing started: 514_192 
2022-04-01 11:59:43,155 - processing completed: 514_192
2022-04-01 11:59:43,159 - processing started: 515_193 
2022-04-01 11:59:43,250 - processing completed: 515_193
2022-04-01 11:59:43,255 - processing started: 516_193 
2022-04-01 11:59:43,397 - processing completed: 516_193
2022-04-01 11:59:43,406 - processing started: 517_194 
2022-04-01 11:59:43,497 - processing completed: 517_194
2022-04-01 11:59:43,501 - processing started: 518_194 
2022-04-01 11:59:43,646 - processing completed: 518_194
2022-04-01 11:59:43,651 - processing started: 519_195 
2022-04-01 11:59:43,795 - processing completed: 519_195
2022-04-01 11:59:43,799 - processing started: 520_195 
2022-04-01 11:59:43,887 - processing completed: 520_195
2022-04-01 11:59:43,890 - processing started: 521_196 
2022-04-01 11:59:44,032 - processing completed: 521_196
2022-04-01 11:59:44,036 - processing started: 522_196 
2022-04-01 11:59:44,126 - processing completed: 522_196
2022-04-01 11:59:44,131 - processing started: 523_196 
2022-04-01 11:59:44,272 - processing completed: 523_196
2022-04-01 11:59:44,276 - processing started: 524_196 
2022-04-01 11:59:44,363 - processing completed: 524_196
2022-04-01 11:59:44,367 - processing started: 525_196 
2022-04-01 11:59:44,510 - processing completed: 525_196
2022-04-01 11:59:44,513 - processing started: 526_196 
2022-04-01 11:59:44,602 - processing completed: 526_196
2022-04-01 11:59:44,606 - processing started: 527_197 
2022-04-01 11:59:44,745 - processing completed: 527_197
2022-04-01 11:59:44,749 - processing started: 528_197 
2022-04-01 11:59:44,837 - processing completed: 528_197
2022-04-01 11:59:44,841 - processing started: 529_197 
2022-04-01 11:59:44,981 - processing completed: 529_197
2022-04-01 11:59:44,984 - processing started: 530_197 
2022-04-01 11:59:45,073 - processing completed: 530_197
2022-04-01 11:59:45,077 - processing started: 531_197 
2022-04-01 11:59:45,217 - processing completed: 531_197
2022-04-01 11:59:45,221 - processing started: 532_198 
2022-04-01 11:59:45,311 - processing completed: 532_198
2022-04-01 11:59:45,314 - processing started: 533_198 
2022-04-01 11:59:45,454 - processing completed: 533_198
2022-04-01 11:59:45,458 - processing started: 534_199 
2022-04-01 11:59:45,603 - processing completed: 534_199
2022-04-01 11:59:45,606 - processing started: 535_199 
2022-04-01 11:59:45,693 - processing completed: 535_199
2022-04-01 11:59:45,697 - processing started: 536_200 
2022-04-01 11:59:45,838 - processing completed: 536_200
2022-04-01 11:59:45,841 - processing started: 537_200 
2022-04-01 11:59:45,929 - processing completed: 537_200
2022-04-01 11:59:45,933 - processing started: 538_201 
2022-04-01 11:59:46,075 - processing completed: 538_201
2022-04-01 11:59:46,080 - processing started: 539_201 
2022-04-01 11:59:46,167 - processing completed: 539_201
2022-04-01 11:59:46,171 - processing started: 540_202 
2022-04-01 11:59:46,310 - processing completed: 540_202
2022-04-01 11:59:46,315 - processing started: 541_202 
2022-04-01 11:59:46,401 - processing completed: 541_202
2022-04-01 11:59:46,406 - processing started: 542_203 
2022-04-01 11:59:46,546 - processing completed: 542_203
2022-04-01 11:59:46,551 - processing started: 543_203 
2022-04-01 11:59:46,639 - processing completed: 543_203
2022-04-01 11:59:46,643 - processing started: 544_204 
2022-04-01 11:59:46,783 - processing completed: 544_204
2022-04-01 11:59:46,787 - processing started: 545_204 
2022-04-01 11:59:46,874 - processing completed: 545_204
2022-04-01 11:59:46,878 - processing started: 546_205 
2022-04-01 11:59:47,017 - processing completed: 546_205
2022-04-01 11:59:47,021 - processing started: 547_205 
2022-04-01 11:59:47,110 - processing completed: 547_205
2022-04-01 11:59:47,113 - processing started: 548_206 
2022-04-01 11:59:47,251 - processing completed: 548_206
2022-04-01 11:59:47,254 - processing started: 549_206 
2022-04-01 11:59:47,394 - processing completed: 549_206
2022-04-01 11:59:47,398 - processing started: 550_207 
2022-04-01 11:59:47,485 - processing completed: 550_207
2022-04-01 11:59:47,489 - processing started: 551_207 
2022-04-01 11:59:47,644 - processing completed: 551_207
2022-04-01 11:59:47,648 - processing started: 552_207 
2022-04-01 11:59:47,734 - processing completed: 552_207
2022-04-01 11:59:47,738 - processing started: 553_207 
2022-04-01 11:59:47,880 - processing completed: 553_207
2022-04-01 11:59:47,885 - processing started: 554_208 
2022-04-01 11:59:47,971 - processing completed: 554_208
2022-04-01 11:59:47,975 - processing started: 555_208 
2022-04-01 11:59:48,120 - processing completed: 555_208
2022-04-01 11:59:48,125 - processing started: 556_209 
2022-04-01 11:59:48,210 - processing completed: 556_209
2022-04-01 11:59:48,214 - processing started: 557_209 
2022-04-01 11:59:48,354 - processing completed: 557_209
2022-04-01 11:59:48,359 - processing started: 558_210 
2022-04-01 11:59:48,446 - processing completed: 558_210
2022-04-01 11:59:48,450 - processing started: 559_210 
2022-04-01 11:59:48,592 - processing completed: 559_210
2022-04-01 11:59:48,596 - processing started: 560_211 
2022-04-01 11:59:48,683 - processing completed: 560_211
2022-04-01 11:59:48,687 - processing started: 561_211 
2022-04-01 11:59:48,831 - processing completed: 561_211
2022-04-01 11:59:48,834 - processing started: 562_212 
2022-04-01 11:59:48,922 - processing completed: 562_212
2022-04-01 11:59:48,926 - processing started: 563_212 
2022-04-01 11:59:49,065 - processing completed: 563_212
2022-04-01 11:59:49,070 - processing started: 564_213 
2022-04-01 11:59:49,215 - processing completed: 564_213
2022-04-01 11:59:49,219 - processing started: 565_213 
2022-04-01 11:59:49,308 - processing completed: 565_213
2022-04-01 11:59:49,311 - processing started: 566_214 
2022-04-01 11:59:49,452 - processing completed: 566_214
2022-04-01 11:59:49,457 - processing started: 567_214 
2022-04-01 11:59:49,546 - processing completed: 567_214
2022-04-01 11:59:49,550 - processing started: 568_214 
2022-04-01 11:59:49,694 - processing completed: 568_214
2022-04-01 11:59:49,699 - processing started: 569_214 
2022-04-01 11:59:49,787 - processing completed: 569_214
2022-04-01 11:59:49,791 - processing started: 570_214 
2022-04-01 11:59:49,932 - processing completed: 570_214
2022-04-01 11:59:49,936 - processing started: 571_215 
2022-04-01 11:59:50,025 - processing completed: 571_215
2022-04-01 11:59:50,028 - processing started: 572_215 
2022-04-01 11:59:50,172 - processing completed: 572_215
2022-04-01 11:59:50,176 - processing started: 573_216 
2022-04-01 11:59:50,266 - processing completed: 573_216
2022-04-01 11:59:50,270 - processing started: 574_216 
2022-04-01 11:59:50,412 - processing completed: 574_216
2022-04-01 11:59:50,416 - processing started: 575_217 
2022-04-01 11:59:50,506 - processing completed: 575_217
2022-04-01 11:59:50,509 - processing started: 576_217 
2022-04-01 11:59:50,652 - processing completed: 576_217
2022-04-01 11:59:50,656 - processing started: 577_218 
2022-04-01 11:59:50,801 - processing completed: 577_218
2022-04-01 11:59:50,805 - processing started: 578_218 
2022-04-01 11:59:50,893 - processing completed: 578_218
2022-04-01 11:59:50,897 - processing started: 579_219 
2022-04-01 11:59:51,039 - processing completed: 579_219
2022-04-01 11:59:51,042 - processing started: 580_219 
2022-04-01 11:59:51,132 - processing completed: 580_219
2022-04-01 11:59:51,137 - processing started: 581_220 
2022-04-01 11:59:51,279 - processing completed: 581_220
2022-04-01 11:59:51,283 - processing started: 582_220 
2022-04-01 11:59:51,370 - processing completed: 582_220
2022-04-01 11:59:51,373 - processing started: 583_220 
2022-04-01 11:59:51,513 - processing completed: 583_220
2022-04-01 11:59:51,518 - processing started: 584_221 
2022-04-01 11:59:51,608 - processing completed: 584_221
2022-04-01 11:59:51,613 - processing started: 585_221 
2022-04-01 11:59:51,761 - processing completed: 585_221
2022-04-01 11:59:51,766 - processing started: 586_221 
2022-04-01 11:59:51,855 - processing completed: 586_221
2022-04-01 11:59:51,859 - processing started: 587_222 
2022-04-01 11:59:51,998 - processing completed: 587_222
2022-04-01 11:59:52,003 - processing started: 588_222 
2022-04-01 11:59:52,091 - processing completed: 588_222
2022-04-01 11:59:52,095 - processing started: 589_222 
2022-04-01 11:59:52,233 - processing completed: 589_222
2022-04-01 11:59:52,238 - processing started: 590_222 
2022-04-01 11:59:52,323 - processing completed: 590_222
2022-04-01 11:59:52,328 - processing started: 591_223 
2022-04-01 11:59:52,448 - processing completed: 591_223
2022-04-01 11:59:52,451 - processing started: 592_223 
2022-04-01 11:59:52,578 - processing completed: 592_223
2022-04-01 11:59:52,582 - processing started: 593_223 
2022-04-01 11:59:52,653 - processing completed: 593_223
2022-04-01 11:59:52,657 - processing started: 594_224 
2022-04-01 11:59:52,816 - processing completed: 594_224
2022-04-01 11:59:52,820 - processing started: 595_224 
2022-04-01 11:59:52,925 - processing completed: 595_224
2022-04-01 11:59:52,928 - processing started: 596_224 
2022-04-01 11:59:53,086 - processing completed: 596_224
2022-04-01 11:59:53,090 - processing started: 597_225 
2022-04-01 11:59:53,159 - processing completed: 597_225
2022-04-01 11:59:53,162 - processing started: 598_225 
2022-04-01 11:59:53,286 - processing completed: 598_225
2022-04-01 11:59:53,289 - processing started: 599_225 
2022-04-01 11:59:53,403 - processing completed: 599_225
2022-04-01 11:59:53,406 - processing started: 600_225 
2022-04-01 11:59:53,530 - processing completed: 600_225
2022-04-01 11:59:53,534 - processing started: 601_225 
2022-04-01 11:59:53,608 - processing completed: 601_225
2022-04-01 11:59:53,611 - processing started: 602_226 
2022-04-01 11:59:53,737 - processing completed: 602_226
2022-04-01 11:59:53,741 - processing started: 603_226 
2022-04-01 11:59:53,813 - processing completed: 603_226
2022-04-01 11:59:53,816 - processing started: 604_226 
2022-04-01 11:59:53,944 - processing completed: 604_226
2022-04-01 11:59:53,947 - processing started: 605_227 
2022-04-01 11:59:54,037 - processing completed: 605_227
2022-04-01 11:59:54,042 - processing started: 606_227 
2022-04-01 11:59:54,184 - processing completed: 606_227
2022-04-01 11:59:54,189 - processing started: 607_227 
2022-04-01 11:59:54,330 - processing completed: 607_227
2022-04-01 11:59:54,334 - processing started: 608_227 
2022-04-01 11:59:54,424 - processing completed: 608_227
2022-04-01 11:59:54,427 - processing started: 609_227 
2022-04-01 11:59:54,554 - processing completed: 609_227
2022-04-01 11:59:54,559 - processing started: 610_227 
2022-04-01 11:59:54,635 - processing completed: 610_227
2022-04-01 11:59:54,638 - processing started: 611_227 
2022-04-01 11:59:54,811 - processing completed: 611_227
2022-04-01 11:59:54,815 - processing started: 612_227 
2022-04-01 11:59:54,933 - processing completed: 612_227
2022-04-01 11:59:54,938 - processing started: 613_227 
2022-04-01 11:59:55,068 - processing completed: 613_227
2022-04-01 11:59:55,072 - processing started: 614_227 
2022-04-01 11:59:55,147 - processing completed: 614_227
2022-04-01 11:59:55,150 - processing started: 615_228 
2022-04-01 11:59:55,281 - processing completed: 615_228
2022-04-01 11:59:55,285 - processing started: 616_228 
2022-04-01 11:59:55,358 - processing completed: 616_228
2022-04-01 11:59:55,360 - processing started: 617_229 
2022-04-01 11:59:55,489 - processing completed: 617_229
2022-04-01 11:59:55,492 - processing started: 618_229 
2022-04-01 11:59:55,566 - processing completed: 618_229
2022-04-01 11:59:55,569 - processing started: 619_230 
2022-04-01 11:59:55,696 - processing completed: 619_230
2022-04-01 11:59:55,700 - processing started: 620_230 
2022-04-01 11:59:55,772 - processing completed: 620_230
2022-04-01 11:59:55,776 - processing started: 621_230 
2022-04-01 11:59:55,903 - processing completed: 621_230
2022-04-01 11:59:55,907 - processing started: 622_230 
2022-04-01 11:59:56,038 - processing completed: 622_230
2022-04-01 11:59:56,042 - processing started: 623_231 
2022-04-01 11:59:56,113 - processing completed: 623_231
2022-04-01 11:59:56,116 - processing started: 624_231 
2022-04-01 11:59:56,242 - processing completed: 624_231
2022-04-01 11:59:56,245 - processing started: 625_232 
2022-04-01 11:59:56,314 - processing completed: 625_232
2022-04-01 11:59:56,317 - processing started: 626_232 
2022-04-01 11:59:56,441 - processing completed: 626_232
2022-04-01 11:59:56,444 - processing started: 627_232 
2022-04-01 11:59:56,513 - processing completed: 627_232
2022-04-01 11:59:56,517 - processing started: 628_232 
2022-04-01 11:59:56,649 - processing completed: 628_232
2022-04-01 11:59:56,653 - processing started: 629_232 
2022-04-01 11:59:56,723 - processing completed: 629_232
2022-04-01 11:59:56,726 - processing started: 630_232 
2022-04-01 11:59:56,849 - processing completed: 630_232
2022-04-01 11:59:56,852 - processing started: 631_233 
2022-04-01 11:59:56,921 - processing completed: 631_233
2022-04-01 11:59:56,925 - processing started: 632_233 
2022-04-01 11:59:57,055 - processing completed: 632_233
2022-04-01 11:59:57,059 - processing started: 633_234 
2022-04-01 11:59:57,130 - processing completed: 633_234
2022-04-01 11:59:57,133 - processing started: 634_234 
2022-04-01 11:59:57,255 - processing completed: 634_234
2022-04-01 11:59:57,259 - processing started: 635_234 
2022-04-01 11:59:57,329 - processing completed: 635_234
2022-04-01 11:59:57,333 - processing started: 636_234 
2022-04-01 11:59:57,456 - processing completed: 636_234
2022-04-01 11:59:57,459 - processing started: 637_234 
2022-04-01 11:59:57,586 - processing completed: 637_234
2022-04-01 11:59:57,589 - processing started: 638_235 
2022-04-01 11:59:57,681 - processing completed: 638_235
2022-04-01 11:59:57,685 - processing started: 639_235 
2022-04-01 11:59:57,829 - processing completed: 639_235
2022-04-01 11:59:57,833 - processing started: 640_236 
2022-04-01 11:59:57,925 - processing completed: 640_236
2022-04-01 11:59:57,928 - processing started: 641_236 
2022-04-01 11:59:58,078 - processing completed: 641_236
2022-04-01 11:59:58,083 - processing started: 642_236 
2022-04-01 11:59:58,175 - processing completed: 642_236
2022-04-01 11:59:58,178 - processing started: 643_237 
2022-04-01 11:59:58,323 - processing completed: 643_237
2022-04-01 11:59:58,328 - processing started: 644_237 
2022-04-01 11:59:58,419 - processing completed: 644_237
2022-04-01 11:59:58,423 - processing started: 645_238 
2022-04-01 11:59:58,566 - processing completed: 645_238
2022-04-01 11:59:58,569 - processing started: 646_238 
2022-04-01 11:59:58,661 - processing completed: 646_238
2022-04-01 11:59:58,666 - processing started: 647_239 
2022-04-01 11:59:58,809 - processing completed: 647_239
2022-04-01 11:59:58,813 - processing started: 648_239 
2022-04-01 11:59:58,904 - processing completed: 648_239
2022-04-01 11:59:58,908 - processing started: 649_240 
2022-04-01 11:59:59,050 - processing completed: 649_240
2022-04-01 11:59:59,057 - processing started: 650_240 
2022-04-01 11:59:59,162 - processing completed: 650_240
2022-04-01 11:59:59,166 - processing started: 651_240 
2022-04-01 11:59:59,324 - processing completed: 651_240
2022-04-01 11:59:59,328 - processing started: 652_240 
2022-04-01 11:59:59,474 - processing completed: 652_240
2022-04-01 11:59:59,478 - processing started: 653_241 
2022-04-01 11:59:59,574 - processing completed: 653_241
2022-04-01 11:59:59,578 - processing started: 654_241 
2022-04-01 11:59:59,729 - processing completed: 654_241
2022-04-01 11:59:59,734 - processing started: 655_242 
2022-04-01 11:59:59,831 - processing completed: 655_242
2022-04-01 11:59:59,835 - processing started: 656_242 
2022-04-01 11:59:59,986 - processing completed: 656_242
2022-04-01 11:59:59,991 - processing started: 657_242 
2022-04-01 12:00:00,092 - processing completed: 657_242
2022-04-01 12:00:00,096 - processing started: 658_243 
2022-04-01 12:00:00,242 - processing completed: 658_243
2022-04-01 12:00:00,246 - processing started: 659_243 
2022-04-01 12:00:00,344 - processing completed: 659_243
2022-04-01 12:00:00,348 - processing started: 660_243 
2022-04-01 12:00:00,496 - processing completed: 660_243
2022-04-01 12:00:00,500 - processing started: 661_244 
2022-04-01 12:00:00,562 - processing completed: 661_244
2022-04-01 12:00:00,565 - processing started: 662_244 
2022-04-01 12:00:00,683 - processing completed: 662_244
2022-04-01 12:00:00,687 - processing started: 663_244 
2022-04-01 12:00:00,751 - processing completed: 663_244
2022-04-01 12:00:00,754 - processing started: 664_245 
2022-04-01 12:00:00,867 - processing completed: 664_245
2022-04-01 12:00:00,870 - processing started: 665_245 
2022-04-01 12:00:00,931 - processing completed: 665_245
2022-04-01 12:00:00,935 - processing started: 666_246 
2022-04-01 12:00:01,051 - processing completed: 666_246
2022-04-01 12:00:01,054 - processing started: 667_246 
2022-04-01 12:00:01,168 - processing completed: 667_246
2022-04-01 12:00:01,171 - processing started: 668_247 
2022-04-01 12:00:01,233 - processing completed: 668_247
2022-04-01 12:00:01,236 - processing started: 669_247 
2022-04-01 12:00:01,355 - processing completed: 669_247
2022-04-01 12:00:01,359 - processing started: 670_248 
2022-04-01 12:00:01,417 - processing completed: 670_248
2022-04-01 12:00:01,420 - processing started: 671_248 
2022-04-01 12:00:01,534 - processing completed: 671_248
2022-04-01 12:00:01,537 - processing started: 672_248 
2022-04-01 12:00:01,597 - processing completed: 672_248
2022-04-01 12:00:01,600 - processing started: 673_249 
2022-04-01 12:00:01,720 - processing completed: 673_249
2022-04-01 12:00:01,724 - processing started: 674_249 
2022-04-01 12:00:01,787 - processing completed: 674_249
2022-04-01 12:00:01,791 - processing started: 675_250 
2022-04-01 12:00:01,908 - processing completed: 675_250
2022-04-01 12:00:01,911 - processing started: 676_250 
2022-04-01 12:00:01,972 - processing completed: 676_250
2022-04-01 12:00:01,976 - processing started: 677_251 
2022-04-01 12:00:02,101 - processing completed: 677_251
2022-04-01 12:00:02,104 - processing started: 678_251 
2022-04-01 12:00:02,167 - processing completed: 678_251
2022-04-01 12:00:02,171 - processing started: 679_251 
2022-04-01 12:00:02,289 - processing completed: 679_251
2022-04-01 12:00:02,292 - processing started: 680_252 
2022-04-01 12:00:02,358 - processing completed: 680_252
2022-04-01 12:00:02,362 - processing started: 681_252 
2022-04-01 12:00:02,478 - processing completed: 681_252
2022-04-01 12:00:02,481 - processing started: 682_252 
2022-04-01 12:00:02,597 - processing completed: 682_252
2022-04-01 12:00:02,600 - processing started: 683_252 
2022-04-01 12:00:02,659 - processing completed: 683_252
2022-04-01 12:00:02,662 - processing started: 684_253 
2022-04-01 12:00:02,795 - processing completed: 684_253
2022-04-01 12:00:02,798 - processing started: 685_253 
2022-04-01 12:00:02,876 - processing completed: 685_253
2022-04-01 12:00:02,879 - processing started: 686_254 
2022-04-01 12:00:03,017 - processing completed: 686_254
2022-04-01 12:00:03,021 - processing started: 687_254 
2022-04-01 12:00:03,102 - processing completed: 687_254
2022-04-01 12:00:03,106 - processing started: 688_255 
2022-04-01 12:00:03,242 - processing completed: 688_255
2022-04-01 12:00:03,246 - processing started: 689_255 
2022-04-01 12:00:03,324 - processing completed: 689_255
2022-04-01 12:00:03,327 - processing started: 690_256 
2022-04-01 12:00:03,471 - processing completed: 690_256
2022-04-01 12:00:03,474 - processing started: 691_256 
2022-04-01 12:00:03,559 - processing completed: 691_256
2022-04-01 12:00:03,562 - processing started: 692_257 
2022-04-01 12:00:03,697 - processing completed: 692_257
2022-04-01 12:00:03,700 - processing started: 693_257 
2022-04-01 12:00:03,778 - processing completed: 693_257
2022-04-01 12:00:03,782 - processing started: 694_257 
2022-04-01 12:00:03,913 - processing completed: 694_257
2022-04-01 12:00:03,916 - processing started: 695_257 
2022-04-01 12:00:03,995 - processing completed: 695_257
2022-04-01 12:00:03,998 - processing started: 696_258 
2022-04-01 12:00:04,133 - processing completed: 696_258
2022-04-01 12:00:04,136 - processing started: 697_258 
2022-04-01 12:00:04,268 - processing completed: 697_258
2022-04-01 12:00:04,272 - processing started: 698_258 
2022-04-01 12:00:04,349 - processing completed: 698_258
2022-04-01 12:00:04,352 - processing started: 699_259 
2022-04-01 12:00:04,481 - processing completed: 699_259
2022-04-01 12:00:04,484 - processing started: 700_259 
2022-04-01 12:00:04,553 - processing completed: 700_259
2022-04-01 12:00:04,556 - processing started: 701_260 
2022-04-01 12:00:04,689 - processing completed: 701_260
2022-04-01 12:00:04,692 - processing started: 702_260 
2022-04-01 12:00:04,772 - processing completed: 702_260
2022-04-01 12:00:04,775 - processing started: 703_260 
2022-04-01 12:00:04,908 - processing completed: 703_260
2022-04-01 12:00:04,913 - processing started: 704_261 
2022-04-01 12:00:04,991 - processing completed: 704_261
2022-04-01 12:00:04,994 - processing started: 705_261 
2022-04-01 12:00:05,134 - processing completed: 705_261
2022-04-01 12:00:05,137 - processing started: 706_261 
2022-04-01 12:00:05,220 - processing completed: 706_261
2022-04-01 12:00:05,223 - processing started: 707_262 
2022-04-01 12:00:05,357 - processing completed: 707_262
2022-04-01 12:00:05,361 - processing started: 708_262 
2022-04-01 12:00:05,432 - processing completed: 708_262
2022-04-01 12:00:05,435 - processing started: 709_262 
2022-04-01 12:00:05,565 - processing completed: 709_262
2022-04-01 12:00:05,568 - processing started: 710_263 
2022-04-01 12:00:05,696 - processing completed: 710_263
2022-04-01 12:00:05,700 - processing started: 711_263 
2022-04-01 12:00:05,774 - processing completed: 711_263
2022-04-01 12:00:05,778 - processing started: 712_264 
2022-04-01 12:00:05,902 - processing completed: 712_264
2022-04-01 12:00:05,906 - processing started: 713_264 
2022-04-01 12:00:05,976 - processing completed: 713_264
2022-04-01 12:00:05,979 - processing started: 714_264 
2022-04-01 12:00:06,110 - processing completed: 714_264
2022-04-01 12:00:06,114 - processing started: 715_265 
2022-04-01 12:00:06,183 - processing completed: 715_265
2022-04-01 12:00:06,187 - processing started: 716_265 
2022-04-01 12:00:06,312 - processing completed: 716_265
2022-04-01 12:00:06,315 - processing started: 717_265 
2022-04-01 12:00:06,385 - processing completed: 717_265
2022-04-01 12:00:06,389 - processing started: 718_266 
2022-04-01 12:00:06,520 - processing completed: 718_266
2022-04-01 12:00:06,524 - processing started: 719_266 
2022-04-01 12:00:06,596 - processing completed: 719_266
2022-04-01 12:00:06,600 - processing started: 720_267 
2022-04-01 12:00:06,724 - processing completed: 720_267
2022-04-01 12:00:06,727 - processing started: 721_267 
2022-04-01 12:00:06,799 - processing completed: 721_267
2022-04-01 12:00:06,803 - processing started: 722_267 
2022-04-01 12:00:06,927 - processing completed: 722_267
2022-04-01 12:00:06,930 - processing started: 723_267 
2022-04-01 12:00:07,000 - processing completed: 723_267
2022-04-01 12:00:07,004 - processing started: 724_267 
2022-04-01 12:00:07,134 - processing completed: 724_267
2022-04-01 12:00:07,138 - processing started: 725_267 
2022-04-01 12:00:07,261 - processing completed: 725_267
2022-04-01 12:00:07,265 - processing started: 726_268 
2022-04-01 12:00:07,338 - processing completed: 726_268
2022-04-01 12:00:07,341 - processing started: 727_268 
2022-04-01 12:00:07,477 - processing completed: 727_268
2022-04-01 12:00:07,480 - processing started: 728_268 
2022-04-01 12:00:07,556 - processing completed: 728_268
2022-04-01 12:00:07,560 - processing started: 729_268 
2022-04-01 12:00:07,685 - processing completed: 729_268
2022-04-01 12:00:07,689 - processing started: 730_268 
2022-04-01 12:00:07,761 - processing completed: 730_268
2022-04-01 12:00:07,764 - processing started: 731_268 
2022-04-01 12:00:07,889 - processing completed: 731_268
2022-04-01 12:00:07,893 - processing started: 732_268 
2022-04-01 12:00:07,964 - processing completed: 732_268
2022-04-01 12:00:07,967 - processing started: 733_268 
2022-04-01 12:00:08,100 - processing completed: 733_268
2022-04-01 12:00:08,104 - processing started: 734_268 
2022-04-01 12:00:08,174 - processing completed: 734_268
2022-04-01 12:00:08,177 - processing started: 735_269 
2022-04-01 12:00:08,303 - processing completed: 735_269
2022-04-01 12:00:08,306 - processing started: 736_269 
2022-04-01 12:00:08,378 - processing completed: 736_269
2022-04-01 12:00:08,382 - processing started: 737_269 
2022-04-01 12:00:08,507 - processing completed: 737_269
2022-04-01 12:00:08,511 - processing started: 738_270 
2022-04-01 12:00:08,591 - processing completed: 738_270
2022-04-01 12:00:08,594 - processing started: 739_270 
2022-04-01 12:00:08,723 - processing completed: 739_270
2022-04-01 12:00:08,727 - processing started: 740_271 
2022-04-01 12:00:08,859 - processing completed: 740_271
2022-04-01 12:00:08,863 - processing started: 741_271 
2022-04-01 12:00:08,942 - processing completed: 741_271
2022-04-01 12:00:08,945 - processing started: 742_272 
2022-04-01 12:00:09,066 - processing completed: 742_272
2022-04-01 12:00:09,069 - processing started: 743_272 
2022-04-01 12:00:09,136 - processing completed: 743_272
2022-04-01 12:00:09,140 - processing started: 744_272 
2022-04-01 12:00:09,262 - processing completed: 744_272
2022-04-01 12:00:09,265 - processing started: 745_273 
2022-04-01 12:00:09,338 - processing completed: 745_273
2022-04-01 12:00:09,342 - processing started: 746_273 
2022-04-01 12:00:09,468 - processing completed: 746_273
2022-04-01 12:00:09,472 - processing started: 747_274 
2022-04-01 12:00:09,537 - processing completed: 747_274
2022-04-01 12:00:09,540 - processing started: 748_274 
2022-04-01 12:00:09,677 - processing completed: 748_274
2022-04-01 12:00:09,681 - processing started: 749_274 
2022-04-01 12:00:09,751 - processing completed: 749_274
2022-04-01 12:00:09,754 - processing started: 750_274 
2022-04-01 12:00:09,875 - processing completed: 750_274
2022-04-01 12:00:09,880 - processing started: 751_275 
2022-04-01 12:00:09,951 - processing completed: 751_275
2022-04-01 12:00:09,954 - processing started: 752_275 
2022-04-01 12:00:10,081 - processing completed: 752_275
2022-04-01 12:00:10,085 - processing started: 753_275 
2022-04-01 12:00:10,157 - processing completed: 753_275
2022-04-01 12:00:10,162 - processing started: 754_275 
2022-04-01 12:00:10,290 - processing completed: 754_275
2022-04-01 12:00:10,293 - processing started: 755_276 
2022-04-01 12:00:10,422 - processing completed: 755_276
2022-04-01 12:00:10,426 - processing started: 756_276 
2022-04-01 12:00:10,496 - processing completed: 756_276
2022-04-01 12:00:10,499 - processing started: 757_276 
2022-04-01 12:00:10,634 - processing completed: 757_276
2022-04-01 12:00:10,638 - processing started: 758_277 
2022-04-01 12:00:10,714 - processing completed: 758_277
2022-04-01 12:00:10,717 - processing started: 759_277 
2022-04-01 12:00:10,849 - processing completed: 759_277
2022-04-01 12:00:10,853 - processing started: 760_278 
2022-04-01 12:00:10,929 - processing completed: 760_278
2022-04-01 12:00:10,932 - processing started: 761_278 
2022-04-01 12:00:11,065 - processing completed: 761_278
2022-04-01 12:00:11,068 - processing started: 762_278 
2022-04-01 12:00:11,146 - processing completed: 762_278
2022-04-01 12:00:11,149 - processing started: 763_279 
2022-04-01 12:00:11,279 - processing completed: 763_279
2022-04-01 12:00:11,283 - processing started: 764_279 
2022-04-01 12:00:11,355 - processing completed: 764_279
2022-04-01 12:00:11,358 - processing started: 765_280 
2022-04-01 12:00:11,472 - processing completed: 765_280
2022-04-01 12:00:11,475 - processing started: 766_280 
2022-04-01 12:00:11,540 - processing completed: 766_280
2022-04-01 12:00:11,543 - processing started: 767_280 
2022-04-01 12:00:11,663 - processing completed: 767_280
2022-04-01 12:00:11,666 - processing started: 768_281 
2022-04-01 12:00:11,731 - processing completed: 768_281
2022-04-01 12:00:11,734 - processing started: 769_281 
2022-04-01 12:00:11,854 - processing completed: 769_281
2022-04-01 12:00:11,857 - processing started: 770_282 
2022-04-01 12:00:11,972 - processing completed: 770_282
2022-04-01 12:00:11,975 - processing started: 771_282 
2022-04-01 12:00:12,035 - processing completed: 771_282
2022-04-01 12:00:12,039 - processing started: 772_283 
2022-04-01 12:00:12,163 - processing completed: 772_283
2022-04-01 12:00:12,166 - processing started: 773_283 
2022-04-01 12:00:12,236 - processing completed: 773_283
2022-04-01 12:00:12,239 - processing started: 774_284 
2022-04-01 12:00:12,353 - processing completed: 774_284
2022-04-01 12:00:12,356 - processing started: 775_284 
2022-04-01 12:00:12,414 - processing completed: 775_284
2022-04-01 12:00:12,417 - processing started: 776_285 
2022-04-01 12:00:12,531 - processing completed: 776_285
2022-04-01 12:00:12,535 - processing started: 777_285 
2022-04-01 12:00:12,601 - processing completed: 777_285
2022-04-01 12:00:12,604 - processing started: 778_285 
2022-04-01 12:00:12,724 - processing completed: 778_285
2022-04-01 12:00:12,727 - processing started: 779_286 
2022-04-01 12:00:12,852 - processing completed: 779_286
2022-04-01 12:00:12,856 - processing started: 780_286 
2022-04-01 12:00:13,034 - processing completed: 780_286
2022-04-01 12:00:13,039 - processing started: 781_287 
2022-04-01 12:00:13,100 - processing completed: 781_287
2022-04-01 12:00:13,103 - processing started: 782_287 
2022-04-01 12:00:13,218 - processing completed: 782_287
2022-04-01 12:00:13,222 - processing started: 783_288 
2022-04-01 12:00:13,282 - processing completed: 783_288
2022-04-01 12:00:13,285 - processing started: 784_288 
2022-04-01 12:00:13,399 - processing completed: 784_288
2022-04-01 12:00:13,402 - processing started: 785_289 
2022-04-01 12:00:13,519 - processing completed: 785_289
2022-04-01 12:00:13,522 - processing started: 786_289 
2022-04-01 12:00:13,586 - processing completed: 786_289
2022-04-01 12:00:13,590 - processing started: 787_290 
2022-04-01 12:00:13,711 - processing completed: 787_290
2022-04-01 12:00:13,714 - processing started: 788_290 
2022-04-01 12:00:13,776 - processing completed: 788_290
2022-04-01 12:00:13,780 - processing started: 789_290 
2022-04-01 12:00:13,903 - processing completed: 789_290
2022-04-01 12:00:13,906 - processing started: 790_290 
2022-04-01 12:00:13,966 - processing completed: 790_290
2022-04-01 12:00:13,969 - processing started: 791_291 
2022-04-01 12:00:14,086 - processing completed: 791_291
2022-04-01 12:00:14,088 - processing started: 792_291 
2022-04-01 12:00:14,149 - processing completed: 792_291
2022-04-01 12:00:14,152 - processing started: 793_292 
2022-04-01 12:00:14,267 - processing completed: 793_292
2022-04-01 12:00:14,270 - processing started: 794_292 
2022-04-01 12:00:14,331 - processing completed: 794_292
2022-04-01 12:00:14,335 - processing started: 795_292 
2022-04-01 12:00:14,448 - processing completed: 795_292
2022-04-01 12:00:14,452 - processing started: 796_293 
2022-04-01 12:00:14,489 - processing completed: 796_293
2022-04-01 12:00:14,491 - processing started: 797_293 
2022-04-01 12:00:14,583 - processing completed: 797_293
2022-04-01 12:00:14,586 - processing started: 798_294 
2022-04-01 12:00:14,624 - processing completed: 798_294
2022-04-01 12:00:14,626 - processing started: 799_294 
2022-04-01 12:00:14,716 - processing completed: 799_294
2022-04-01 12:00:14,719 - processing started: 800_295 
2022-04-01 12:00:14,837 - processing completed: 800_295
2022-04-01 12:00:14,840 - processing started: 801_295 
2022-04-01 12:00:14,901 - processing completed: 801_295
2022-04-01 12:00:14,904 - processing started: 802_296 
2022-04-01 12:00:15,024 - processing completed: 802_296
2022-04-01 12:00:15,026 - processing started: 803_296 
2022-04-01 12:00:15,092 - processing completed: 803_296
2022-04-01 12:00:15,096 - processing started: 804_296 
2022-04-01 12:00:15,213 - processing completed: 804_296
2022-04-01 12:00:15,215 - processing started: 805_297 
2022-04-01 12:00:15,341 - processing completed: 805_297
2022-04-01 12:00:15,345 - processing started: 806_297 
2022-04-01 12:00:15,522 - processing completed: 806_297
2022-04-01 12:00:15,526 - processing started: 807_298 
2022-04-01 12:00:15,588 - processing completed: 807_298
2022-04-01 12:00:15,591 - processing started: 808_298 
2022-04-01 12:00:15,706 - processing completed: 808_298
2022-04-01 12:00:15,710 - processing started: 809_298 
2022-04-01 12:00:15,772 - processing completed: 809_298
2022-04-01 12:00:15,775 - processing started: 810_299 
2022-04-01 12:00:15,889 - processing completed: 810_299
2022-04-01 12:00:15,891 - processing started: 811_299 
2022-04-01 12:00:15,952 - processing completed: 811_299
2022-04-01 12:00:15,955 - processing started: 0_0 
2022-04-01 12:00:15,956 - Closing connection (200): Normal shutdown
2022-04-01 12:00:15,956 - Closing channel (200): 'Normal shutdown' on <Channel number=1 OPEN conn=<SelectConnection OPEN transport=<pika.adapters.utils.io_services_utils._AsyncPlaintextTransport object at 0x118d75940> params=<ConnectionParameters host=localhost port=5672 virtual_host=/ ssl=False>>>
2022-04-01 12:00:15,956 - Received <Channel.CloseOk> on <Channel number=1 CLOSING conn=<SelectConnection OPEN transport=<pika.adapters.utils.io_services_utils._AsyncPlaintextTransport object at 0x118d75940> params=<ConnectionParameters host=localhost port=5672 virtual_host=/ ssl=False>>>
2022-04-01 12:00:15,957 - Closing connection (200): 'Normal shutdown'
2022-04-01 12:00:15,957 - Aborting transport connection: state=1; <socket.socket fd=9, family=AddressFamily.AF_INET, type=SocketKind.SOCK_STREAM, proto=6, laddr=('127.0.0.1', 63668), raddr=('127.0.0.1', 5672)>
2022-04-01 12:00:15,957 - _AsyncTransportBase._initate_abort(): Initiating abrupt asynchronous transport shutdown: state=1; error=None; <socket.socket fd=9, family=AddressFamily.AF_INET, type=SocketKind.SOCK_STREAM, proto=6, laddr=('127.0.0.1', 63668), raddr=('127.0.0.1', 5672)>
2022-04-01 12:00:15,957 - Deactivating transport: state=1; <socket.socket fd=9, family=AddressFamily.AF_INET, type=SocketKind.SOCK_STREAM, proto=6, laddr=('127.0.0.1', 63668), raddr=('127.0.0.1', 5672)>
2022-04-01 12:00:15,958 - AMQP stack terminated, failed to connect, or aborted: opened=True, error-arg=None; pending-error=ConnectionClosedByClient: (200) 'Normal shutdown'
2022-04-01 12:00:15,958 - Stack terminated due to ConnectionClosedByClient: (200) 'Normal shutdown'
2022-04-01 12:00:15,958 - Closing transport socket and unlinking: state=3; <socket.socket fd=9, family=AddressFamily.AF_INET, type=SocketKind.SOCK_STREAM, proto=6, laddr=('127.0.0.1', 63668), raddr=('127.0.0.1', 5672)>
2022-04-01 12:00:15,958 - User-initiated close: result=BlockingConnection__OnClosedArgs(connection=<SelectConnection CLOSED transport=None params=<ConnectionParameters host=localhost port=5672 virtual_host=/ ssl=False>>, error=ConnectionClosedByClient: (200) 'Normal shutdown')
2022-04-01 12:00:15,958 - PID 9086 completed loading and processing
2022-04-01 12:00:15,960 - Pika version 1.2.0 connecting to ('::1', 5672, 0, 0)
2022-04-01 12:00:15,961 - Socket failed to connect: <socket.socket fd=9, family=AddressFamily.AF_INET6, type=SocketKind.SOCK_STREAM, proto=6, laddr=('::1', 63681, 0, 0)>; error=61 (Connection refused)
2022-04-01 12:00:15,961 - TCP Connection attempt failed: ConnectionRefusedError(61, 'Connection refused'); dest=(<AddressFamily.AF_INET6: 30>, <SocketKind.SOCK_STREAM: 1>, 6, '', ('::1', 5672, 0, 0))
2022-04-01 12:00:15,961 - AMQPConnector - reporting failure: AMQPConnectorSocketConnectError: ConnectionRefusedError(61, 'Connection refused')
2022-04-01 12:00:15,961 - Pika version 1.2.0 connecting to ('127.0.0.1', 5672)
2022-04-01 12:00:15,961 - Socket connected: <socket.socket fd=9, family=AddressFamily.AF_INET, type=SocketKind.SOCK_STREAM, proto=6, laddr=('127.0.0.1', 63682), raddr=('127.0.0.1', 5672)>
2022-04-01 12:00:15,962 - Streaming transport linked up: (<pika.adapters.utils.io_services_utils._AsyncPlaintextTransport object at 0x11981ea00>, _StreamingProtocolShim: <SelectConnection PROTOCOL transport=<pika.adapters.utils.io_services_utils._AsyncPlaintextTransport object at 0x11981ea00> params=<ConnectionParameters host=localhost port=5672 virtual_host=/ ssl=False>>).
2022-04-01 12:00:15,975 - AMQPConnector - reporting success: <SelectConnection OPEN transport=<pika.adapters.utils.io_services_utils._AsyncPlaintextTransport object at 0x11981ea00> params=<ConnectionParameters host=localhost port=5672 virtual_host=/ ssl=False>>
2022-04-01 12:00:15,975 - AMQPConnectionWorkflow - reporting success: <SelectConnection OPEN transport=<pika.adapters.utils.io_services_utils._AsyncPlaintextTransport object at 0x11981ea00> params=<ConnectionParameters host=localhost port=5672 virtual_host=/ ssl=False>>
2022-04-01 12:00:15,976 - Connection workflow succeeded: <SelectConnection OPEN transport=<pika.adapters.utils.io_services_utils._AsyncPlaintextTransport object at 0x11981ea00> params=<ConnectionParameters host=localhost port=5672 virtual_host=/ ssl=False>>
2022-04-01 12:00:15,976 - Created channel=1
2022-04-01 12:00:15,977 - Closing connection (200): Normal shutdown
2022-04-01 12:00:15,978 - Closing channel (200): 'Normal shutdown' on <Channel number=1 OPEN conn=<SelectConnection OPEN transport=<pika.adapters.utils.io_services_utils._AsyncPlaintextTransport object at 0x11981ea00> params=<ConnectionParameters host=localhost port=5672 virtual_host=/ ssl=False>>>
2022-04-01 12:00:15,978 - Received <Channel.CloseOk> on <Channel number=1 CLOSING conn=<SelectConnection OPEN transport=<pika.adapters.utils.io_services_utils._AsyncPlaintextTransport object at 0x11981ea00> params=<ConnectionParameters host=localhost port=5672 virtual_host=/ ssl=False>>>
2022-04-01 12:00:15,978 - Closing connection (200): 'Normal shutdown'
2022-04-01 12:00:15,979 - Aborting transport connection: state=1; <socket.socket fd=9, family=AddressFamily.AF_INET, type=SocketKind.SOCK_STREAM, proto=6, laddr=('127.0.0.1', 63682), raddr=('127.0.0.1', 5672)>
2022-04-01 12:00:15,979 - _AsyncTransportBase._initate_abort(): Initiating abrupt asynchronous transport shutdown: state=1; error=None; <socket.socket fd=9, family=AddressFamily.AF_INET, type=SocketKind.SOCK_STREAM, proto=6, laddr=('127.0.0.1', 63682), raddr=('127.0.0.1', 5672)>
2022-04-01 12:00:15,979 - Deactivating transport: state=1; <socket.socket fd=9, family=AddressFamily.AF_INET, type=SocketKind.SOCK_STREAM, proto=6, laddr=('127.0.0.1', 63682), raddr=('127.0.0.1', 5672)>
2022-04-01 12:00:15,979 - AMQP stack terminated, failed to connect, or aborted: opened=True, error-arg=None; pending-error=ConnectionClosedByClient: (200) 'Normal shutdown'
2022-04-01 12:00:15,979 - Stack terminated due to ConnectionClosedByClient: (200) 'Normal shutdown'
2022-04-01 12:00:15,979 - Closing transport socket and unlinking: state=3; <socket.socket fd=9, family=AddressFamily.AF_INET, type=SocketKind.SOCK_STREAM, proto=6, laddr=('127.0.0.1', 63682), raddr=('127.0.0.1', 5672)>
2022-04-01 12:00:15,980 - User-initiated close: result=BlockingConnection__OnClosedArgs(connection=<SelectConnection CLOSED transport=None params=<ConnectionParameters host=localhost port=5672 virtual_host=/ ssl=False>>, error=ConnectionClosedByClient: (200) 'Normal shutdown')
