2022-04-01 01:37:08,464 - PID 51889 started loading and processing
2022-04-01 01:37:08,471 - Pika version 1.2.0 connecting to ('::1', 5672, 0, 0)
2022-04-01 01:37:08,471 - Socket failed to connect: <socket.socket fd=22, family=AddressFamily.AF_INET6, type=SocketKind.SOCK_STREAM, proto=6, laddr=('::1', 59529, 0, 0)>; error=61 (Connection refused)
2022-04-01 01:37:08,472 - TCP Connection attempt failed: ConnectionRefusedError(61, 'Connection refused'); dest=(<AddressFamily.AF_INET6: 30>, <SocketKind.SOCK_STREAM: 1>, 6, '', ('::1', 5672, 0, 0))
2022-04-01 01:37:08,472 - AMQPConnector - reporting failure: AMQPConnectorSocketConnectError: ConnectionRefusedError(61, 'Connection refused')
2022-04-01 01:37:08,472 - Pika version 1.2.0 connecting to ('127.0.0.1', 5672)
2022-04-01 01:37:08,472 - Socket connected: <socket.socket fd=22, family=AddressFamily.AF_INET, type=SocketKind.SOCK_STREAM, proto=6, laddr=('127.0.0.1', 59531), raddr=('127.0.0.1', 5672)>
2022-04-01 01:37:08,473 - Streaming transport linked up: (<pika.adapters.utils.io_services_utils._AsyncPlaintextTransport object at 0x11f3c8280>, _StreamingProtocolShim: <SelectConnection PROTOCOL transport=<pika.adapters.utils.io_services_utils._AsyncPlaintextTransport object at 0x11f3c8280> params=<ConnectionParameters host=localhost port=5672 virtual_host=/ ssl=False>>).
2022-04-01 01:37:08,477 - AMQPConnector - reporting success: <SelectConnection OPEN transport=<pika.adapters.utils.io_services_utils._AsyncPlaintextTransport object at 0x11f3c8280> params=<ConnectionParameters host=localhost port=5672 virtual_host=/ ssl=False>>
2022-04-01 01:37:08,477 - AMQPConnectionWorkflow - reporting success: <SelectConnection OPEN transport=<pika.adapters.utils.io_services_utils._AsyncPlaintextTransport object at 0x11f3c8280> params=<ConnectionParameters host=localhost port=5672 virtual_host=/ ssl=False>>
2022-04-01 01:37:08,477 - Connection workflow succeeded: <SelectConnection OPEN transport=<pika.adapters.utils.io_services_utils._AsyncPlaintextTransport object at 0x11f3c8280> params=<ConnectionParameters host=localhost port=5672 virtual_host=/ ssl=False>>
2022-04-01 01:37:08,477 - Created channel=1
2022-04-01 01:37:08,479 - Logging before start consuming
2022-04-01 01:37:10,070 - processing started: 1_000 
2022-04-01 01:37:10,266 - processing completed: 1_000
2022-04-01 01:37:10,287 - processing started: 3_001 
2022-04-01 01:37:10,519 - processing completed: 3_001
2022-04-01 01:37:10,524 - processing started: 5_002 
2022-04-01 01:37:10,768 - processing completed: 5_002
2022-04-01 01:37:10,774 - processing started: 7_003 
2022-04-01 01:37:10,949 - processing completed: 7_003
2022-04-01 01:37:10,955 - processing started: 9_003 
2022-04-01 01:37:11,203 - processing completed: 9_003
2022-04-01 01:37:11,210 - processing started: 11_004 
2022-04-01 01:37:11,251 - processing completed: 11_004
2022-04-01 01:37:11,254 - processing started: 13_005 
2022-04-01 01:37:11,489 - processing completed: 13_005
2022-04-01 01:37:11,496 - processing started: 15_005 
2022-04-01 01:37:11,683 - processing completed: 15_005
2022-04-01 01:37:11,690 - processing started: 17_006 
2022-04-01 01:37:11,849 - processing completed: 17_006
2022-04-01 01:37:11,854 - processing started: 19_007 
2022-04-01 01:37:12,050 - processing completed: 19_007
2022-04-01 01:37:12,057 - processing started: 21_008 
2022-04-01 01:37:12,340 - processing completed: 21_008
2022-04-01 01:37:12,345 - processing started: 23_009 
2022-04-01 01:37:12,519 - processing completed: 23_009
2022-04-01 01:37:12,524 - processing started: 25_010 
2022-04-01 01:37:12,778 - processing completed: 25_010
2022-04-01 01:37:12,784 - processing started: 27_011 
2022-04-01 01:37:12,946 - processing completed: 27_011
2022-04-01 01:37:12,951 - processing started: 29_012 
2022-04-01 01:37:13,087 - processing completed: 29_012
2022-04-01 01:37:13,090 - processing started: 31_013 
2022-04-01 01:37:13,234 - processing completed: 31_013
2022-04-01 01:37:13,239 - processing started: 33_014 
2022-04-01 01:37:13,429 - processing completed: 33_014
2022-04-01 01:37:13,434 - processing started: 35_014 
2022-04-01 01:37:13,617 - processing completed: 35_014
2022-04-01 01:37:13,620 - processing started: 37_014 
2022-04-01 01:37:13,724 - processing completed: 37_014
2022-04-01 01:37:13,727 - processing started: 39_015 
2022-04-01 01:37:13,913 - processing completed: 39_015
2022-04-01 01:37:13,919 - processing started: 41_015 
2022-04-01 01:37:14,025 - processing completed: 41_015
2022-04-01 01:37:14,029 - processing started: 43_016 
2022-04-01 01:37:14,219 - processing completed: 43_016
2022-04-01 01:37:14,223 - processing started: 45_017 
2022-04-01 01:37:14,359 - processing completed: 45_017
2022-04-01 01:37:14,364 - processing started: 47_017 
2022-04-01 01:37:14,581 - processing completed: 47_017
2022-04-01 01:37:14,586 - processing started: 49_018 
2022-04-01 01:37:14,721 - processing completed: 49_018
2022-04-01 01:37:14,726 - processing started: 51_019 
2022-04-01 01:37:14,945 - processing completed: 51_019
2022-04-01 01:37:14,950 - processing started: 53_020 
2022-04-01 01:37:15,095 - processing completed: 53_020
2022-04-01 01:37:15,102 - processing started: 55_021 
2022-04-01 01:37:15,379 - processing completed: 55_021
2022-04-01 01:37:15,385 - processing started: 57_022 
2022-04-01 01:37:15,541 - processing completed: 57_022
2022-04-01 01:37:15,547 - processing started: 59_023 
2022-04-01 01:37:15,791 - processing completed: 59_023
2022-04-01 01:37:15,796 - processing started: 61_023 
2022-04-01 01:37:15,920 - processing completed: 61_023
2022-04-01 01:37:15,924 - processing started: 63_024 
2022-04-01 01:37:16,124 - processing completed: 63_024
2022-04-01 01:37:16,130 - processing started: 65_024 
2022-04-01 01:37:16,331 - processing completed: 65_024
2022-04-01 01:37:16,335 - processing started: 67_025 
2022-04-01 01:37:16,465 - processing completed: 67_025
2022-04-01 01:37:16,470 - processing started: 69_026 
2022-04-01 01:37:16,714 - processing completed: 69_026
2022-04-01 01:37:16,719 - processing started: 71_027 
2022-04-01 01:37:16,855 - processing completed: 71_027
2022-04-01 01:37:16,859 - processing started: 73_028 
2022-04-01 01:37:17,070 - processing completed: 73_028
2022-04-01 01:37:17,076 - processing started: 75_029 
2022-04-01 01:37:17,234 - processing completed: 75_029
2022-04-01 01:37:17,238 - processing started: 77_030 
2022-04-01 01:37:17,441 - processing completed: 77_030
2022-04-01 01:37:17,446 - processing started: 79_030 
2022-04-01 01:37:17,572 - processing completed: 79_030
2022-04-01 01:37:17,577 - processing started: 81_031 
2022-04-01 01:37:17,785 - processing completed: 81_031
2022-04-01 01:37:17,789 - processing started: 83_032 
2022-04-01 01:37:17,976 - processing completed: 83_032
2022-04-01 01:37:17,982 - processing started: 85_032 
2022-04-01 01:37:18,232 - processing completed: 85_032
2022-04-01 01:37:18,237 - processing started: 87_032 
2022-04-01 01:37:18,428 - processing completed: 87_032
2022-04-01 01:37:18,435 - processing started: 89_033 
2022-04-01 01:37:18,626 - processing completed: 89_033
2022-04-01 01:37:18,630 - processing started: 91_033 
2022-04-01 01:37:18,755 - processing completed: 91_033
2022-04-01 01:37:18,759 - processing started: 93_034 
2022-04-01 01:37:18,996 - processing completed: 93_034
2022-04-01 01:37:19,001 - processing started: 95_035 
2022-04-01 01:37:19,191 - processing completed: 95_035
2022-04-01 01:37:19,195 - processing started: 97_035 
2022-04-01 01:37:19,315 - processing completed: 97_035
2022-04-01 01:37:19,319 - processing started: 99_036 
2022-04-01 01:37:19,509 - processing completed: 99_036
2022-04-01 01:37:19,515 - processing started: 101_037 
2022-04-01 01:37:19,635 - processing completed: 101_037
2022-04-01 01:37:19,640 - processing started: 103_037 
2022-04-01 01:37:19,822 - processing completed: 103_037
2022-04-01 01:37:19,827 - processing started: 105_038 
2022-04-01 01:37:19,950 - processing completed: 105_038
2022-04-01 01:37:19,955 - processing started: 107_039 
2022-04-01 01:37:20,153 - processing completed: 107_039
2022-04-01 01:37:20,157 - processing started: 109_040 
2022-04-01 01:37:20,270 - processing completed: 109_040
2022-04-01 01:37:20,274 - processing started: 111_040 
2022-04-01 01:37:20,467 - processing completed: 111_040
2022-04-01 01:37:20,471 - processing started: 113_040 
2022-04-01 01:37:20,585 - processing completed: 113_040
2022-04-01 01:37:20,590 - processing started: 115_040 
2022-04-01 01:37:20,773 - processing completed: 115_040
2022-04-01 01:37:20,778 - processing started: 117_041 
2022-04-01 01:37:20,912 - processing completed: 117_041
2022-04-01 01:37:20,918 - processing started: 119_042 
2022-04-01 01:37:21,134 - processing completed: 119_042
2022-04-01 01:37:21,138 - processing started: 121_042 
2022-04-01 01:37:21,263 - processing completed: 121_042
2022-04-01 01:37:21,268 - processing started: 123_043 
2022-04-01 01:37:21,456 - processing completed: 123_043
2022-04-01 01:37:21,462 - processing started: 125_044 
2022-04-01 01:37:21,640 - processing completed: 125_044
2022-04-01 01:37:21,644 - processing started: 127_045 
2022-04-01 01:37:21,755 - processing completed: 127_045
2022-04-01 01:37:21,760 - processing started: 129_045 
2022-04-01 01:37:21,939 - processing completed: 129_045
2022-04-01 01:37:21,942 - processing started: 131_046 
2022-04-01 01:37:22,053 - processing completed: 131_046
2022-04-01 01:37:22,057 - processing started: 133_047 
2022-04-01 01:37:22,242 - processing completed: 133_047
2022-04-01 01:37:22,246 - processing started: 135_048 
2022-04-01 01:37:22,358 - processing completed: 135_048
2022-04-01 01:37:22,362 - processing started: 137_049 
2022-04-01 01:37:22,543 - processing completed: 137_049
2022-04-01 01:37:22,547 - processing started: 139_049 
2022-04-01 01:37:22,668 - processing completed: 139_049
2022-04-01 01:37:22,673 - processing started: 141_050 
2022-04-01 01:37:22,863 - processing completed: 141_050
2022-04-01 01:37:22,866 - processing started: 143_051 
2022-04-01 01:37:23,005 - processing completed: 143_051
2022-04-01 01:37:23,008 - processing started: 145_051 
2022-04-01 01:37:23,205 - processing completed: 145_051
2022-04-01 01:37:23,210 - processing started: 147_051 
2022-04-01 01:37:23,343 - processing completed: 147_051
2022-04-01 01:37:23,347 - processing started: 149_052 
2022-04-01 01:37:23,532 - processing completed: 149_052
2022-04-01 01:37:23,536 - processing started: 151_053 
2022-04-01 01:37:23,660 - processing completed: 151_053
2022-04-01 01:37:23,665 - processing started: 153_054 
2022-04-01 01:37:23,843 - processing completed: 153_054
2022-04-01 01:37:23,847 - processing started: 155_055 
2022-04-01 01:37:24,030 - processing completed: 155_055
2022-04-01 01:37:24,034 - processing started: 157_056 
2022-04-01 01:37:24,160 - processing completed: 157_056
2022-04-01 01:37:24,165 - processing started: 159_057 
2022-04-01 01:37:24,354 - processing completed: 159_057
2022-04-01 01:37:24,358 - processing started: 161_058 
2022-04-01 01:37:24,539 - processing completed: 161_058
2022-04-01 01:37:24,545 - processing started: 163_059 
2022-04-01 01:37:24,728 - processing completed: 163_059
2022-04-01 01:37:24,733 - processing started: 165_060 
2022-04-01 01:37:24,854 - processing completed: 165_060
2022-04-01 01:37:24,859 - processing started: 167_060 
2022-04-01 01:37:25,057 - processing completed: 167_060
2022-04-01 01:37:25,061 - processing started: 169_061 
2022-04-01 01:37:25,179 - processing completed: 169_061
2022-04-01 01:37:25,184 - processing started: 171_062 
2022-04-01 01:37:25,380 - processing completed: 171_062
2022-04-01 01:37:25,385 - processing started: 173_063 
2022-04-01 01:37:25,622 - processing completed: 173_063
2022-04-01 01:37:25,629 - processing started: 175_064 
2022-04-01 01:37:25,895 - processing completed: 175_064
2022-04-01 01:37:25,901 - processing started: 177_064 
2022-04-01 01:37:26,119 - processing completed: 177_064
2022-04-01 01:37:26,125 - processing started: 179_065 
2022-04-01 01:37:26,395 - processing completed: 179_065
2022-04-01 01:37:26,402 - processing started: 181_066 
2022-04-01 01:37:26,675 - processing completed: 181_066
2022-04-01 01:37:26,682 - processing started: 183_066 
2022-04-01 01:37:26,915 - processing completed: 183_066
2022-04-01 01:37:26,922 - processing started: 185_066 
2022-04-01 01:37:27,201 - processing completed: 185_066
2022-04-01 01:37:27,209 - processing started: 187_066 
2022-04-01 01:37:27,361 - processing completed: 187_066
2022-04-01 01:37:27,367 - processing started: 189_067 
2022-04-01 01:37:27,647 - processing completed: 189_067
2022-04-01 01:37:27,654 - processing started: 191_067 
2022-04-01 01:37:27,841 - processing completed: 191_067
2022-04-01 01:37:27,847 - processing started: 193_068 
2022-04-01 01:37:28,046 - processing completed: 193_068
2022-04-01 01:37:28,051 - processing started: 195_069 
2022-04-01 01:37:28,185 - processing completed: 195_069
2022-04-01 01:37:28,190 - processing started: 197_069 
2022-04-01 01:37:28,378 - processing completed: 197_069
2022-04-01 01:37:28,383 - processing started: 199_070 
2022-04-01 01:37:28,564 - processing completed: 199_070
2022-04-01 01:37:28,569 - processing started: 201_071 
2022-04-01 01:37:28,820 - processing completed: 201_071
2022-04-01 01:37:28,826 - processing started: 203_072 
2022-04-01 01:37:29,025 - processing completed: 203_072
2022-04-01 01:37:29,031 - processing started: 205_072 
2022-04-01 01:37:29,288 - processing completed: 205_072
2022-04-01 01:37:29,295 - processing started: 207_073 
2022-04-01 01:37:29,499 - processing completed: 207_073
2022-04-01 01:37:29,506 - processing started: 209_074 
2022-04-01 01:37:29,776 - processing completed: 209_074
2022-04-01 01:37:29,783 - processing started: 211_075 
2022-04-01 01:37:30,044 - processing completed: 211_075
2022-04-01 01:37:30,051 - processing started: 213_076 
2022-04-01 01:37:30,236 - processing completed: 213_076
2022-04-01 01:37:30,242 - processing started: 215_077 
2022-04-01 01:37:30,434 - processing completed: 215_077
2022-04-01 01:37:30,439 - processing started: 217_077 
2022-04-01 01:37:30,622 - processing completed: 217_077
2022-04-01 01:37:30,631 - processing started: 219_078 
2022-04-01 01:37:30,873 - processing completed: 219_078
2022-04-01 01:37:30,879 - processing started: 221_079 
2022-04-01 01:37:31,067 - processing completed: 221_079
2022-04-01 01:37:31,073 - processing started: 223_080 
2022-04-01 01:37:31,222 - processing completed: 223_080
2022-04-01 01:37:31,226 - processing started: 225_081 
2022-04-01 01:37:31,342 - processing completed: 225_081
2022-04-01 01:37:31,347 - processing started: 227_081 
2022-04-01 01:37:31,537 - processing completed: 227_081
2022-04-01 01:37:31,543 - processing started: 229_081 
2022-04-01 01:37:31,667 - processing completed: 229_081
2022-04-01 01:37:31,672 - processing started: 231_081 
2022-04-01 01:37:31,874 - processing completed: 231_081
2022-04-01 01:37:31,882 - processing started: 233_082 
2022-04-01 01:37:32,039 - processing completed: 233_082
2022-04-01 01:37:32,046 - processing started: 235_082 
2022-04-01 01:37:32,232 - processing completed: 235_082
2022-04-01 01:37:32,237 - processing started: 237_083 
2022-04-01 01:37:32,361 - processing completed: 237_083
2022-04-01 01:37:32,367 - processing started: 239_084 
2022-04-01 01:37:32,551 - processing completed: 239_084
2022-04-01 01:37:32,557 - processing started: 241_085 
2022-04-01 01:37:32,769 - processing completed: 241_085
2022-04-01 01:37:32,774 - processing started: 243_086 
2022-04-01 01:37:32,921 - processing completed: 243_086
2022-04-01 01:37:32,926 - processing started: 245_087 
2022-04-01 01:37:33,114 - processing completed: 245_087
2022-04-01 01:37:33,120 - processing started: 247_088 
2022-04-01 01:37:33,245 - processing completed: 247_088
2022-04-01 01:37:33,250 - processing started: 249_089 
2022-04-01 01:37:33,396 - processing completed: 249_089
2022-04-01 01:37:33,400 - processing started: 251_089 
2022-04-01 01:37:33,478 - processing completed: 251_089
2022-04-01 01:37:33,482 - processing started: 253_090 
2022-04-01 01:37:33,626 - processing completed: 253_090
2022-04-01 01:37:33,630 - processing started: 255_091 
2022-04-01 01:37:33,716 - processing completed: 255_091
2022-04-01 01:37:33,721 - processing started: 257_092 
2022-04-01 01:37:33,875 - processing completed: 257_092
2022-04-01 01:37:33,880 - processing started: 259_093 
2022-04-01 01:37:33,984 - processing completed: 259_093
2022-04-01 01:37:33,989 - processing started: 261_094 
2022-04-01 01:37:34,178 - processing completed: 261_094
2022-04-01 01:37:34,183 - processing started: 263_095 
2022-04-01 01:37:34,316 - processing completed: 263_095
2022-04-01 01:37:34,323 - processing started: 265_096 
2022-04-01 01:37:34,520 - processing completed: 265_096
2022-04-01 01:37:34,526 - processing started: 267_097 
2022-04-01 01:37:34,652 - processing completed: 267_097
2022-04-01 01:37:34,657 - processing started: 269_098 
2022-04-01 01:37:34,839 - processing completed: 269_098
2022-04-01 01:37:34,845 - processing started: 271_098 
2022-04-01 01:37:35,025 - processing completed: 271_098
2022-04-01 01:37:35,030 - processing started: 273_099 
2022-04-01 01:37:35,135 - processing completed: 273_099
2022-04-01 01:37:35,141 - processing started: 275_100 
2022-04-01 01:37:35,364 - processing completed: 275_100
2022-04-01 01:37:35,369 - processing started: 277_101 
2022-04-01 01:37:35,467 - processing completed: 277_101
2022-04-01 01:37:35,471 - processing started: 279_102 
2022-04-01 01:37:35,648 - processing completed: 279_102
2022-04-01 01:37:35,652 - processing started: 281_103 
2022-04-01 01:37:35,751 - processing completed: 281_103
2022-04-01 01:37:35,755 - processing started: 283_104 
2022-04-01 01:37:35,916 - processing completed: 283_104
2022-04-01 01:37:35,920 - processing started: 285_105 
2022-04-01 01:37:36,015 - processing completed: 285_105
2022-04-01 01:37:36,020 - processing started: 287_106 
2022-04-01 01:37:36,215 - processing completed: 287_106
2022-04-01 01:37:36,222 - processing started: 289_107 
2022-04-01 01:37:36,334 - processing completed: 289_107
2022-04-01 01:37:36,340 - processing started: 291_107 
2022-04-01 01:37:36,518 - processing completed: 291_107
2022-04-01 01:37:36,522 - processing started: 293_108 
2022-04-01 01:37:36,615 - processing completed: 293_108
2022-04-01 01:37:36,619 - processing started: 295_109 
2022-04-01 01:37:36,779 - processing completed: 295_109
2022-04-01 01:37:36,787 - processing started: 297_110 
2022-04-01 01:37:36,885 - processing completed: 297_110
2022-04-01 01:37:36,891 - processing started: 299_110 
2022-04-01 01:37:37,050 - processing completed: 299_110
2022-04-01 01:37:37,054 - processing started: 301_111 
2022-04-01 01:37:37,222 - processing completed: 301_111
2022-04-01 01:37:37,227 - processing started: 303_112 
2022-04-01 01:37:37,327 - processing completed: 303_112
2022-04-01 01:37:37,332 - processing started: 305_113 
2022-04-01 01:37:37,498 - processing completed: 305_113
2022-04-01 01:37:37,503 - processing started: 307_114 
2022-04-01 01:37:37,648 - processing completed: 307_114
2022-04-01 01:37:37,654 - processing started: 309_115 
2022-04-01 01:37:37,863 - processing completed: 309_115
2022-04-01 01:37:37,871 - processing started: 311_116 
2022-04-01 01:37:38,020 - processing completed: 311_116
2022-04-01 01:37:38,028 - processing started: 313_117 
2022-04-01 01:37:38,285 - processing completed: 313_117
2022-04-01 01:37:38,291 - processing started: 315_117 
2022-04-01 01:37:38,452 - processing completed: 315_117
2022-04-01 01:37:38,459 - processing started: 317_118 
2022-04-01 01:37:38,699 - processing completed: 317_118
2022-04-01 01:37:38,705 - processing started: 319_119 
2022-04-01 01:37:38,843 - processing completed: 319_119
2022-04-01 01:37:38,848 - processing started: 321_120 
2022-04-01 01:37:39,025 - processing completed: 321_120
2022-04-01 01:37:39,031 - processing started: 323_120 
2022-04-01 01:37:39,137 - processing completed: 323_120
2022-04-01 01:37:39,143 - processing started: 325_121 
2022-04-01 01:37:39,345 - processing completed: 325_121
2022-04-01 01:37:39,350 - processing started: 327_122 
2022-04-01 01:37:39,493 - processing completed: 327_122
2022-04-01 01:37:39,498 - processing started: 329_123 
2022-04-01 01:37:39,718 - processing completed: 329_123
2022-04-01 01:37:39,724 - processing started: 331_124 
2022-04-01 01:37:39,980 - processing completed: 331_124
2022-04-01 01:37:39,986 - processing started: 333_124 
2022-04-01 01:37:40,136 - processing completed: 333_124
2022-04-01 01:37:40,143 - processing started: 335_124 
2022-04-01 01:37:40,350 - processing completed: 335_124
2022-04-01 01:37:40,356 - processing started: 337_124 
2022-04-01 01:37:40,500 - processing completed: 337_124
2022-04-01 01:37:40,505 - processing started: 339_124 
2022-04-01 01:37:40,728 - processing completed: 339_124
2022-04-01 01:37:40,737 - processing started: 341_125 
2022-04-01 01:37:40,883 - processing completed: 341_125
2022-04-01 01:37:40,889 - processing started: 343_126 
2022-04-01 01:37:41,087 - processing completed: 343_126
2022-04-01 01:37:41,093 - processing started: 345_127 
2022-04-01 01:37:41,227 - processing completed: 345_127
2022-04-01 01:37:41,233 - processing started: 347_128 
2022-04-01 01:37:41,423 - processing completed: 347_128
2022-04-01 01:37:41,428 - processing started: 349_129 
2022-04-01 01:37:41,555 - processing completed: 349_129
2022-04-01 01:37:41,560 - processing started: 351_129 
2022-04-01 01:37:41,754 - processing completed: 351_129
2022-04-01 01:37:41,759 - processing started: 353_130 
2022-04-01 01:37:41,907 - processing completed: 353_130
2022-04-01 01:37:41,913 - processing started: 355_131 
2022-04-01 01:37:42,129 - processing completed: 355_131
2022-04-01 01:37:42,135 - processing started: 357_132 
2022-04-01 01:37:42,283 - processing completed: 357_132
2022-04-01 01:37:42,289 - processing started: 359_133 
2022-04-01 01:37:42,486 - processing completed: 359_133
2022-04-01 01:37:42,492 - processing started: 361_134 
2022-04-01 01:37:42,706 - processing completed: 361_134
2022-04-01 01:37:42,712 - processing started: 363_134 
2022-04-01 01:37:42,845 - processing completed: 363_134
2022-04-01 01:37:42,850 - processing started: 365_135 
2022-04-01 01:37:43,052 - processing completed: 365_135
2022-04-01 01:37:43,058 - processing started: 367_135 
2022-04-01 01:37:43,184 - processing completed: 367_135
2022-04-01 01:37:43,189 - processing started: 369_136 
2022-04-01 01:37:43,385 - processing completed: 369_136
2022-04-01 01:37:43,389 - processing started: 371_137 
2022-04-01 01:37:43,514 - processing completed: 371_137
2022-04-01 01:37:43,519 - processing started: 373_138 
2022-04-01 01:37:43,716 - processing completed: 373_138
2022-04-01 01:37:43,720 - processing started: 375_139 
2022-04-01 01:37:43,855 - processing completed: 375_139
2022-04-01 01:37:43,860 - processing started: 377_140 
2022-04-01 01:37:44,070 - processing completed: 377_140
2022-04-01 01:37:44,075 - processing started: 379_141 
2022-04-01 01:37:44,214 - processing completed: 379_141
2022-04-01 01:37:44,221 - processing started: 381_142 
2022-04-01 01:37:44,441 - processing completed: 381_142
2022-04-01 01:37:44,445 - processing started: 383_143 
2022-04-01 01:37:44,580 - processing completed: 383_143
2022-04-01 01:37:44,586 - processing started: 385_144 
2022-04-01 01:37:44,799 - processing completed: 385_144
2022-04-01 01:37:44,806 - processing started: 387_144 
2022-04-01 01:37:44,942 - processing completed: 387_144
2022-04-01 01:37:44,947 - processing started: 389_145 
2022-04-01 01:37:45,146 - processing completed: 389_145
2022-04-01 01:37:45,152 - processing started: 391_145 
2022-04-01 01:37:45,350 - processing completed: 391_145
2022-04-01 01:37:45,355 - processing started: 393_146 
2022-04-01 01:37:45,481 - processing completed: 393_146
2022-04-01 01:37:45,487 - processing started: 395_147 
2022-04-01 01:37:45,684 - processing completed: 395_147
2022-04-01 01:37:45,690 - processing started: 397_147 
2022-04-01 01:37:45,829 - processing completed: 397_147
2022-04-01 01:37:45,835 - processing started: 399_148 
2022-04-01 01:37:46,033 - processing completed: 399_148
2022-04-01 01:37:46,038 - processing started: 401_149 
2022-04-01 01:37:46,188 - processing completed: 401_149
2022-04-01 01:37:46,207 - processing started: 403_149 
2022-04-01 01:37:46,415 - processing completed: 403_149
2022-04-01 01:37:46,420 - processing started: 405_150 
2022-04-01 01:37:46,555 - processing completed: 405_150
2022-04-01 01:37:46,560 - processing started: 407_151 
2022-04-01 01:37:46,766 - processing completed: 407_151
2022-04-01 01:37:46,771 - processing started: 409_152 
2022-04-01 01:37:46,922 - processing completed: 409_152
2022-04-01 01:37:46,926 - processing started: 411_153 
2022-04-01 01:37:47,150 - processing completed: 411_153
2022-04-01 01:37:47,155 - processing started: 413_154 
2022-04-01 01:37:47,303 - processing completed: 413_154
2022-04-01 01:37:47,307 - processing started: 415_155 
2022-04-01 01:37:47,493 - processing completed: 415_155
2022-04-01 01:37:47,497 - processing started: 417_156 
2022-04-01 01:37:47,628 - processing completed: 417_156
2022-04-01 01:37:47,633 - processing started: 419_156 
2022-04-01 01:37:47,823 - processing completed: 419_156
2022-04-01 01:37:47,828 - processing started: 421_157 
2022-04-01 01:37:48,024 - processing completed: 421_157
2022-04-01 01:37:48,029 - processing started: 423_158 
2022-04-01 01:37:48,156 - processing completed: 423_158
2022-04-01 01:37:48,162 - processing started: 425_159 
2022-04-01 01:37:48,378 - processing completed: 425_159
2022-04-01 01:37:48,384 - processing started: 427_159 
2022-04-01 01:37:48,535 - processing completed: 427_159
2022-04-01 01:37:48,542 - processing started: 429_160 
2022-04-01 01:37:48,746 - processing completed: 429_160
2022-04-01 01:37:48,751 - processing started: 431_161 
2022-04-01 01:37:48,886 - processing completed: 431_161
2022-04-01 01:37:48,891 - processing started: 433_162 
2022-04-01 01:37:49,099 - processing completed: 433_162
2022-04-01 01:37:49,104 - processing started: 435_163 
2022-04-01 01:37:49,242 - processing completed: 435_163
2022-04-01 01:37:49,247 - processing started: 437_164 
2022-04-01 01:37:49,460 - processing completed: 437_164
2022-04-01 01:37:49,467 - processing started: 439_164 
2022-04-01 01:37:49,615 - processing completed: 439_164
2022-04-01 01:37:49,621 - processing started: 441_165 
2022-04-01 01:37:49,809 - processing completed: 441_165
2022-04-01 01:37:49,815 - processing started: 443_166 
2022-04-01 01:37:49,946 - processing completed: 443_166
2022-04-01 01:37:49,952 - processing started: 445_167 
2022-04-01 01:37:50,147 - processing completed: 445_167
2022-04-01 01:37:50,153 - processing started: 447_167 
2022-04-01 01:37:50,357 - processing completed: 447_167
2022-04-01 01:37:50,362 - processing started: 449_168 
2022-04-01 01:37:50,494 - processing completed: 449_168
2022-04-01 01:37:50,500 - processing started: 451_168 
2022-04-01 01:37:50,730 - processing completed: 451_168
2022-04-01 01:37:50,734 - processing started: 453_169 
2022-04-01 01:37:50,882 - processing completed: 453_169
2022-04-01 01:37:50,887 - processing started: 455_170 
2022-04-01 01:37:51,085 - processing completed: 455_170
2022-04-01 01:37:51,090 - processing started: 457_171 
2022-04-01 01:37:51,249 - processing completed: 457_171
2022-04-01 01:37:51,255 - processing started: 459_172 
2022-04-01 01:37:51,453 - processing completed: 459_172
2022-04-01 01:37:51,459 - processing started: 461_173 
2022-04-01 01:37:51,590 - processing completed: 461_173
2022-04-01 01:37:51,596 - processing started: 463_173 
2022-04-01 01:37:51,798 - processing completed: 463_173
2022-04-01 01:37:51,803 - processing started: 465_174 
2022-04-01 01:37:51,935 - processing completed: 465_174
2022-04-01 01:37:51,939 - processing started: 467_174 
2022-04-01 01:37:52,133 - processing completed: 467_174
2022-04-01 01:37:52,138 - processing started: 469_175 
2022-04-01 01:37:52,269 - processing completed: 469_175
2022-04-01 01:37:52,274 - processing started: 471_176 
2022-04-01 01:37:52,466 - processing completed: 471_176
2022-04-01 01:37:52,471 - processing started: 473_177 
2022-04-01 01:37:52,603 - processing completed: 473_177
2022-04-01 01:37:52,608 - processing started: 475_178 
2022-04-01 01:37:52,839 - processing completed: 475_178
2022-04-01 01:37:52,845 - processing started: 477_179 
2022-04-01 01:37:53,057 - processing completed: 477_179
2022-04-01 01:37:53,062 - processing started: 479_180 
2022-04-01 01:37:53,201 - processing completed: 479_180
2022-04-01 01:37:53,206 - processing started: 481_180 
2022-04-01 01:37:53,415 - processing completed: 481_180
2022-04-01 01:37:53,420 - processing started: 483_181 
2022-04-01 01:37:53,551 - processing completed: 483_181
2022-04-01 01:37:53,556 - processing started: 485_182 
2022-04-01 01:37:53,749 - processing completed: 485_182
2022-04-01 01:37:53,755 - processing started: 487_182 
2022-04-01 01:37:53,895 - processing completed: 487_182
2022-04-01 01:37:53,901 - processing started: 489_183 
2022-04-01 01:37:54,097 - processing completed: 489_183
2022-04-01 01:37:54,101 - processing started: 491_183 
2022-04-01 01:37:54,233 - processing completed: 491_183
2022-04-01 01:37:54,239 - processing started: 493_184 
2022-04-01 01:37:54,428 - processing completed: 493_184
2022-04-01 01:37:54,432 - processing started: 495_185 
2022-04-01 01:37:54,563 - processing completed: 495_185
2022-04-01 01:37:54,568 - processing started: 497_186 
2022-04-01 01:37:54,768 - processing completed: 497_186
2022-04-01 01:37:54,775 - processing started: 499_187 
2022-04-01 01:37:54,926 - processing completed: 499_187
2022-04-01 01:37:54,932 - processing started: 501_188 
2022-04-01 01:37:55,154 - processing completed: 501_188
2022-04-01 01:37:55,158 - processing started: 503_188 
2022-04-01 01:37:55,291 - processing completed: 503_188
2022-04-01 01:37:55,296 - processing started: 505_189 
2022-04-01 01:37:55,478 - processing completed: 505_189
2022-04-01 01:37:55,483 - processing started: 507_190 
2022-04-01 01:37:55,688 - processing completed: 507_190
2022-04-01 01:37:55,695 - processing started: 509_191 
2022-04-01 01:37:55,824 - processing completed: 509_191
2022-04-01 01:37:55,830 - processing started: 511_192 
2022-04-01 01:37:56,033 - processing completed: 511_192
2022-04-01 01:37:56,038 - processing started: 513_192 
2022-04-01 01:37:56,172 - processing completed: 513_192
2022-04-01 01:37:56,176 - processing started: 515_193 
2022-04-01 01:37:56,369 - processing completed: 515_193
2022-04-01 01:37:56,374 - processing started: 517_194 
2022-04-01 01:37:56,502 - processing completed: 517_194
2022-04-01 01:37:56,508 - processing started: 519_195 
2022-04-01 01:37:56,702 - processing completed: 519_195
2022-04-01 01:37:56,707 - processing started: 521_196 
2022-04-01 01:37:56,855 - processing completed: 521_196
2022-04-01 01:37:56,860 - processing started: 523_196 
2022-04-01 01:37:57,072 - processing completed: 523_196
2022-04-01 01:37:57,079 - processing started: 525_196 
2022-04-01 01:37:57,231 - processing completed: 525_196
2022-04-01 01:37:57,236 - processing started: 527_197 
2022-04-01 01:37:57,432 - processing completed: 527_197
2022-04-01 01:37:57,437 - processing started: 529_197 
2022-04-01 01:37:57,576 - processing completed: 529_197
2022-04-01 01:37:57,581 - processing started: 531_197 
2022-04-01 01:37:57,785 - processing completed: 531_197
2022-04-01 01:37:57,789 - processing started: 533_198 
2022-04-01 01:37:57,918 - processing completed: 533_198
2022-04-01 01:37:57,923 - processing started: 535_199 
2022-04-01 01:37:58,110 - processing completed: 535_199
2022-04-01 01:37:58,115 - processing started: 537_200 
2022-04-01 01:37:58,331 - processing completed: 537_200
2022-04-01 01:37:58,337 - processing started: 539_201 
2022-04-01 01:37:58,469 - processing completed: 539_201
2022-04-01 01:37:58,475 - processing started: 541_202 
2022-04-01 01:37:58,674 - processing completed: 541_202
2022-04-01 01:37:58,680 - processing started: 543_203 
2022-04-01 01:37:58,811 - processing completed: 543_203
2022-04-01 01:37:58,817 - processing started: 545_204 
2022-04-01 01:37:59,015 - processing completed: 545_204
2022-04-01 01:37:59,020 - processing started: 547_205 
2022-04-01 01:37:59,174 - processing completed: 547_205
2022-04-01 01:37:59,179 - processing started: 549_206 
2022-04-01 01:37:59,397 - processing completed: 549_206
2022-04-01 01:37:59,402 - processing started: 551_207 
2022-04-01 01:37:59,535 - processing completed: 551_207
2022-04-01 01:37:59,542 - processing started: 553_207 
2022-04-01 01:37:59,757 - processing completed: 553_207
2022-04-01 01:37:59,763 - processing started: 555_208 
2022-04-01 01:37:59,900 - processing completed: 555_208
2022-04-01 01:37:59,907 - processing started: 557_209 
2022-04-01 01:38:00,108 - processing completed: 557_209
2022-04-01 01:38:00,115 - processing started: 559_210 
2022-04-01 01:38:00,255 - processing completed: 559_210
2022-04-01 01:38:00,260 - processing started: 561_211 
2022-04-01 01:38:00,486 - processing completed: 561_211
2022-04-01 01:38:00,491 - processing started: 563_212 
2022-04-01 01:38:00,633 - processing completed: 563_212
2022-04-01 01:38:00,638 - processing started: 565_213 
2022-04-01 01:38:00,834 - processing completed: 565_213
2022-04-01 01:38:00,840 - processing started: 567_214 
2022-04-01 01:38:01,042 - processing completed: 567_214
2022-04-01 01:38:01,047 - processing started: 569_214 
2022-04-01 01:38:01,190 - processing completed: 569_214
2022-04-01 01:38:01,197 - processing started: 571_215 
2022-04-01 01:38:01,411 - processing completed: 571_215
2022-04-01 01:38:01,415 - processing started: 573_216 
2022-04-01 01:38:01,551 - processing completed: 573_216
2022-04-01 01:38:01,555 - processing started: 575_217 
2022-04-01 01:38:01,767 - processing completed: 575_217
2022-04-01 01:38:01,773 - processing started: 577_218 
2022-04-01 01:38:01,922 - processing completed: 577_218
2022-04-01 01:38:01,928 - processing started: 579_219 
2022-04-01 01:38:02,126 - processing completed: 579_219
2022-04-01 01:38:02,132 - processing started: 581_220 
2022-04-01 01:38:02,267 - processing completed: 581_220
2022-04-01 01:38:02,272 - processing started: 583_220 
2022-04-01 01:38:02,462 - processing completed: 583_220
2022-04-01 01:38:02,467 - processing started: 585_221 
2022-04-01 01:38:02,596 - processing completed: 585_221
2022-04-01 01:38:02,601 - processing started: 587_222 
2022-04-01 01:38:02,807 - processing completed: 587_222
2022-04-01 01:38:02,811 - processing started: 589_222 
2022-04-01 01:38:02,942 - processing completed: 589_222
2022-04-01 01:38:02,947 - processing started: 591_223 
2022-04-01 01:38:03,114 - processing completed: 591_223
2022-04-01 01:38:03,118 - processing started: 593_223 
2022-04-01 01:38:03,232 - processing completed: 593_223
2022-04-01 01:38:03,237 - processing started: 595_224 
2022-04-01 01:38:03,475 - processing completed: 595_224
2022-04-01 01:38:03,480 - processing started: 597_225 
2022-04-01 01:38:03,662 - processing completed: 597_225
2022-04-01 01:38:03,667 - processing started: 599_225 
2022-04-01 01:38:03,849 - processing completed: 599_225
2022-04-01 01:38:03,854 - processing started: 601_225 
2022-04-01 01:38:04,049 - processing completed: 601_225
2022-04-01 01:38:04,053 - processing started: 603_226 
2022-04-01 01:38:04,175 - processing completed: 603_226
2022-04-01 01:38:04,180 - processing started: 605_227 
2022-04-01 01:38:04,379 - processing completed: 605_227
2022-04-01 01:38:04,384 - processing started: 607_227 
2022-04-01 01:38:04,514 - processing completed: 607_227
2022-04-01 01:38:04,519 - processing started: 609_227 
2022-04-01 01:38:04,716 - processing completed: 609_227
2022-04-01 01:38:04,721 - processing started: 611_227 
2022-04-01 01:38:04,914 - processing completed: 611_227
2022-04-01 01:38:04,920 - processing started: 613_227 
2022-04-01 01:38:05,094 - processing completed: 613_227
2022-04-01 01:38:05,098 - processing started: 615_228 
2022-04-01 01:38:05,217 - processing completed: 615_228
2022-04-01 01:38:05,222 - processing started: 617_229 
2022-04-01 01:38:05,394 - processing completed: 617_229
2022-04-01 01:38:05,397 - processing started: 619_230 
2022-04-01 01:38:05,503 - processing completed: 619_230
2022-04-01 01:38:05,507 - processing started: 621_230 
2022-04-01 01:38:05,713 - processing completed: 621_230
2022-04-01 01:38:05,719 - processing started: 623_231 
2022-04-01 01:38:05,828 - processing completed: 623_231
2022-04-01 01:38:05,833 - processing started: 625_232 
2022-04-01 01:38:06,044 - processing completed: 625_232
2022-04-01 01:38:06,049 - processing started: 627_232 
2022-04-01 01:38:06,246 - processing completed: 627_232
2022-04-01 01:38:06,252 - processing started: 629_232 
2022-04-01 01:38:06,357 - processing completed: 629_232
2022-04-01 01:38:06,361 - processing started: 631_233 
2022-04-01 01:38:06,534 - processing completed: 631_233
2022-04-01 01:38:06,538 - processing started: 633_234 
2022-04-01 01:38:06,643 - processing completed: 633_234
2022-04-01 01:38:06,647 - processing started: 635_234 
2022-04-01 01:38:06,831 - processing completed: 635_234
2022-04-01 01:38:06,837 - processing started: 637_234 
2022-04-01 01:38:06,959 - processing completed: 637_234
2022-04-01 01:38:06,965 - processing started: 639_235 
2022-04-01 01:38:07,178 - processing completed: 639_235
2022-04-01 01:38:07,185 - processing started: 641_236 
2022-04-01 01:38:07,325 - processing completed: 641_236
2022-04-01 01:38:07,330 - processing started: 643_237 
2022-04-01 01:38:07,535 - processing completed: 643_237
2022-04-01 01:38:07,541 - processing started: 645_238 
2022-04-01 01:38:07,723 - processing completed: 645_238
2022-04-01 01:38:07,727 - processing started: 647_239 
2022-04-01 01:38:07,932 - processing completed: 647_239
2022-04-01 01:38:07,937 - processing started: 649_240 
2022-04-01 01:38:08,101 - processing completed: 649_240
2022-04-01 01:38:08,108 - processing started: 651_240 
2022-04-01 01:38:08,331 - processing completed: 651_240
2022-04-01 01:38:08,337 - processing started: 653_241 
2022-04-01 01:38:08,479 - processing completed: 653_241
2022-04-01 01:38:08,484 - processing started: 655_242 
2022-04-01 01:38:08,685 - processing completed: 655_242
2022-04-01 01:38:08,691 - processing started: 657_242 
2022-04-01 01:38:08,901 - processing completed: 657_242
2022-04-01 01:38:08,908 - processing started: 659_243 
2022-04-01 01:38:09,043 - processing completed: 659_243
2022-04-01 01:38:09,048 - processing started: 661_244 
2022-04-01 01:38:09,228 - processing completed: 661_244
2022-04-01 01:38:09,233 - processing started: 663_244 
2022-04-01 01:38:09,326 - processing completed: 663_244
2022-04-01 01:38:09,330 - processing started: 665_245 
2022-04-01 01:38:09,488 - processing completed: 665_245
2022-04-01 01:38:09,494 - processing started: 667_246 
2022-04-01 01:38:09,588 - processing completed: 667_246
2022-04-01 01:38:09,591 - processing started: 669_247 
2022-04-01 01:38:09,776 - processing completed: 669_247
2022-04-01 01:38:09,781 - processing started: 671_248 
2022-04-01 01:38:09,871 - processing completed: 671_248
2022-04-01 01:38:09,875 - processing started: 673_249 
2022-04-01 01:38:10,047 - processing completed: 673_249
2022-04-01 01:38:10,052 - processing started: 675_250 
2022-04-01 01:38:10,154 - processing completed: 675_250
2022-04-01 01:38:10,159 - processing started: 677_251 
2022-04-01 01:38:10,346 - processing completed: 677_251
2022-04-01 01:38:10,351 - processing started: 679_251 
2022-04-01 01:38:10,445 - processing completed: 679_251
2022-04-01 01:38:10,450 - processing started: 681_252 
2022-04-01 01:38:10,602 - processing completed: 681_252
2022-04-01 01:38:10,608 - processing started: 683_252 
2022-04-01 01:38:10,695 - processing completed: 683_252
2022-04-01 01:38:10,698 - processing started: 685_253 
2022-04-01 01:38:10,879 - processing completed: 685_253
2022-04-01 01:38:10,883 - processing started: 687_254 
2022-04-01 01:38:11,062 - processing completed: 687_254
2022-04-01 01:38:11,068 - processing started: 689_255 
2022-04-01 01:38:11,200 - processing completed: 689_255
2022-04-01 01:38:11,206 - processing started: 691_256 
2022-04-01 01:38:11,447 - processing completed: 691_256
2022-04-01 01:38:11,452 - processing started: 693_257 
2022-04-01 01:38:11,573 - processing completed: 693_257
2022-04-01 01:38:11,579 - processing started: 695_257 
2022-04-01 01:38:11,823 - processing completed: 695_257
2022-04-01 01:38:11,828 - processing started: 697_258 
2022-04-01 01:38:11,986 - processing completed: 697_258
2022-04-01 01:38:11,990 - processing started: 699_259 
2022-04-01 01:38:12,214 - processing completed: 699_259
2022-04-01 01:38:12,218 - processing started: 701_260 
2022-04-01 01:38:12,349 - processing completed: 701_260
2022-04-01 01:38:12,353 - processing started: 703_260 
2022-04-01 01:38:12,555 - processing completed: 703_260
2022-04-01 01:38:12,560 - processing started: 705_261 
2022-04-01 01:38:12,694 - processing completed: 705_261
2022-04-01 01:38:12,698 - processing started: 707_262 
2022-04-01 01:38:12,884 - processing completed: 707_262
2022-04-01 01:38:12,889 - processing started: 709_262 
2022-04-01 01:38:13,003 - processing completed: 709_262
2022-04-01 01:38:13,008 - processing started: 711_263 
2022-04-01 01:38:13,197 - processing completed: 711_263
2022-04-01 01:38:13,202 - processing started: 713_264 
2022-04-01 01:38:13,378 - processing completed: 713_264
2022-04-01 01:38:13,382 - processing started: 715_265 
2022-04-01 01:38:13,489 - processing completed: 715_265
2022-04-01 01:38:13,494 - processing started: 717_265 
2022-04-01 01:38:13,715 - processing completed: 717_265
2022-04-01 01:38:13,720 - processing started: 719_266 
2022-04-01 01:38:13,848 - processing completed: 719_266
2022-04-01 01:38:13,853 - processing started: 721_267 
2022-04-01 01:38:14,055 - processing completed: 721_267
2022-04-01 01:38:14,060 - processing started: 723_267 
2022-04-01 01:38:14,176 - processing completed: 723_267
2022-04-01 01:38:14,181 - processing started: 725_267 
2022-04-01 01:38:14,373 - processing completed: 725_267
2022-04-01 01:38:14,377 - processing started: 727_268 
2022-04-01 01:38:14,494 - processing completed: 727_268
2022-04-01 01:38:14,499 - processing started: 729_268 
2022-04-01 01:38:14,691 - processing completed: 729_268
2022-04-01 01:38:14,698 - processing started: 731_268 
2022-04-01 01:38:14,817 - processing completed: 731_268
2022-04-01 01:38:14,822 - processing started: 733_268 
2022-04-01 01:38:15,002 - processing completed: 733_268
2022-04-01 01:38:15,007 - processing started: 735_269 
2022-04-01 01:38:15,116 - processing completed: 735_269
2022-04-01 01:38:15,120 - processing started: 737_269 
2022-04-01 01:38:15,307 - processing completed: 737_269
2022-04-01 01:38:15,313 - processing started: 739_270 
2022-04-01 01:38:15,429 - processing completed: 739_270
2022-04-01 01:38:15,434 - processing started: 741_271 
2022-04-01 01:38:15,630 - processing completed: 741_271
2022-04-01 01:38:15,635 - processing started: 743_272 
2022-04-01 01:38:15,847 - processing completed: 743_272
2022-04-01 01:38:15,852 - processing started: 745_273 
2022-04-01 01:38:15,977 - processing completed: 745_273
2022-04-01 01:38:15,983 - processing started: 747_274 
2022-04-01 01:38:16,171 - processing completed: 747_274
2022-04-01 01:38:16,176 - processing started: 749_274 
2022-04-01 01:38:16,292 - processing completed: 749_274
2022-04-01 01:38:16,297 - processing started: 751_275 
2022-04-01 01:38:16,481 - processing completed: 751_275
2022-04-01 01:38:16,485 - processing started: 753_275 
2022-04-01 01:38:16,591 - processing completed: 753_275
2022-04-01 01:38:16,596 - processing started: 755_276 
2022-04-01 01:38:16,790 - processing completed: 755_276
2022-04-01 01:38:16,797 - processing started: 757_276 
2022-04-01 01:38:16,920 - processing completed: 757_276
2022-04-01 01:38:16,925 - processing started: 759_277 
2022-04-01 01:38:17,107 - processing completed: 759_277
2022-04-01 01:38:17,112 - processing started: 761_278 
2022-04-01 01:38:17,229 - processing completed: 761_278
2022-04-01 01:38:17,234 - processing started: 763_279 
2022-04-01 01:38:17,419 - processing completed: 763_279
2022-04-01 01:38:17,424 - processing started: 765_280 
2022-04-01 01:38:17,515 - processing completed: 765_280
2022-04-01 01:38:17,519 - processing started: 767_280 
2022-04-01 01:38:17,693 - processing completed: 767_280
2022-04-01 01:38:17,701 - processing started: 769_281 
2022-04-01 01:38:17,829 - processing completed: 769_281
2022-04-01 01:38:17,834 - processing started: 771_282 
2022-04-01 01:38:18,034 - processing completed: 771_282
2022-04-01 01:38:18,039 - processing started: 773_283 
2022-04-01 01:38:18,222 - processing completed: 773_283
2022-04-01 01:38:18,228 - processing started: 775_284 
2022-04-01 01:38:18,317 - processing completed: 775_284
2022-04-01 01:38:18,322 - processing started: 777_285 
2022-04-01 01:38:18,483 - processing completed: 777_285
2022-04-01 01:38:18,488 - processing started: 779_286 
2022-04-01 01:38:18,671 - processing completed: 779_286
2022-04-01 01:38:18,678 - processing started: 781_287 
2022-04-01 01:38:18,840 - processing completed: 781_287
2022-04-01 01:38:18,843 - processing started: 783_288 
2022-04-01 01:38:18,931 - processing completed: 783_288
2022-04-01 01:38:18,937 - processing started: 785_289 
2022-04-01 01:38:19,116 - processing completed: 785_289
2022-04-01 01:38:19,120 - processing started: 787_290 
2022-04-01 01:38:19,213 - processing completed: 787_290
2022-04-01 01:38:19,217 - processing started: 789_290 
2022-04-01 01:38:19,377 - processing completed: 789_290
2022-04-01 01:38:19,382 - processing started: 791_291 
2022-04-01 01:38:19,474 - processing completed: 791_291
2022-04-01 01:38:19,479 - processing started: 793_292 
2022-04-01 01:38:19,668 - processing completed: 793_292
2022-04-01 01:38:19,672 - processing started: 795_292 
2022-04-01 01:38:19,771 - processing completed: 795_292
2022-04-01 01:38:19,777 - processing started: 797_293 
2022-04-01 01:38:19,900 - processing completed: 797_293
2022-04-01 01:38:19,905 - processing started: 799_294 
2022-04-01 01:38:19,962 - processing completed: 799_294
2022-04-01 01:38:19,965 - processing started: 801_295 
2022-04-01 01:38:20,126 - processing completed: 801_295
2022-04-01 01:38:20,130 - processing started: 803_296 
2022-04-01 01:38:20,300 - processing completed: 803_296
2022-04-01 01:38:20,306 - processing started: 805_297 
2022-04-01 01:38:20,505 - processing completed: 805_297
2022-04-01 01:38:20,512 - processing started: 807_298 
2022-04-01 01:38:20,677 - processing completed: 807_298
2022-04-01 01:38:20,681 - processing started: 809_298 
2022-04-01 01:38:20,780 - processing completed: 809_298
2022-04-01 01:38:20,783 - processing started: 811_299 
2022-04-01 01:38:20,942 - processing completed: 811_299
2022-04-01 01:38:20,947 - processing started: 0_0 
2022-04-01 01:38:20,948 - Closing connection (200): Normal shutdown
2022-04-01 01:38:20,948 - Closing channel (200): 'Normal shutdown' on <Channel number=1 OPEN conn=<SelectConnection OPEN transport=<pika.adapters.utils.io_services_utils._AsyncPlaintextTransport object at 0x11f3c8280> params=<ConnectionParameters host=localhost port=5672 virtual_host=/ ssl=False>>>
2022-04-01 01:38:20,949 - Received <Channel.CloseOk> on <Channel number=1 CLOSING conn=<SelectConnection OPEN transport=<pika.adapters.utils.io_services_utils._AsyncPlaintextTransport object at 0x11f3c8280> params=<ConnectionParameters host=localhost port=5672 virtual_host=/ ssl=False>>>
2022-04-01 01:38:20,949 - Closing connection (200): 'Normal shutdown'
2022-04-01 01:38:20,950 - Aborting transport connection: state=1; <socket.socket fd=22, family=AddressFamily.AF_INET, type=SocketKind.SOCK_STREAM, proto=6, laddr=('127.0.0.1', 59531), raddr=('127.0.0.1', 5672)>
2022-04-01 01:38:20,950 - _AsyncTransportBase._initate_abort(): Initiating abrupt asynchronous transport shutdown: state=1; error=None; <socket.socket fd=22, family=AddressFamily.AF_INET, type=SocketKind.SOCK_STREAM, proto=6, laddr=('127.0.0.1', 59531), raddr=('127.0.0.1', 5672)>
2022-04-01 01:38:20,950 - Deactivating transport: state=1; <socket.socket fd=22, family=AddressFamily.AF_INET, type=SocketKind.SOCK_STREAM, proto=6, laddr=('127.0.0.1', 59531), raddr=('127.0.0.1', 5672)>
2022-04-01 01:38:20,950 - AMQP stack terminated, failed to connect, or aborted: opened=True, error-arg=None; pending-error=ConnectionClosedByClient: (200) 'Normal shutdown'
2022-04-01 01:38:20,951 - Stack terminated due to ConnectionClosedByClient: (200) 'Normal shutdown'
2022-04-01 01:38:20,951 - Closing transport socket and unlinking: state=3; <socket.socket fd=22, family=AddressFamily.AF_INET, type=SocketKind.SOCK_STREAM, proto=6, laddr=('127.0.0.1', 59531), raddr=('127.0.0.1', 5672)>
2022-04-01 01:38:20,951 - User-initiated close: result=BlockingConnection__OnClosedArgs(connection=<SelectConnection CLOSED transport=None params=<ConnectionParameters host=localhost port=5672 virtual_host=/ ssl=False>>, error=ConnectionClosedByClient: (200) 'Normal shutdown')
2022-04-01 01:38:20,952 - PID 51889 completed loading and processing
