2022-04-01 00:48:19,702 - PID 38944 started loading and processing
2022-04-01 00:48:19,709 - Pika version 1.2.0 connecting to ('::1', 5672, 0, 0)
2022-04-01 00:48:19,709 - Socket failed to connect: <socket.socket fd=22, family=AddressFamily.AF_INET6, type=SocketKind.SOCK_STREAM, proto=6, laddr=('::1', 58913, 0, 0)>; error=61 (Connection refused)
2022-04-01 00:48:19,710 - TCP Connection attempt failed: ConnectionRefusedError(61, 'Connection refused'); dest=(<AddressFamily.AF_INET6: 30>, <SocketKind.SOCK_STREAM: 1>, 6, '', ('::1', 5672, 0, 0))
2022-04-01 00:48:19,710 - AMQPConnector - reporting failure: AMQPConnectorSocketConnectError: ConnectionRefusedError(61, 'Connection refused')
2022-04-01 00:48:19,710 - Pika version 1.2.0 connecting to ('127.0.0.1', 5672)
2022-04-01 00:48:19,710 - Socket connected: <socket.socket fd=22, family=AddressFamily.AF_INET, type=SocketKind.SOCK_STREAM, proto=6, laddr=('127.0.0.1', 58915), raddr=('127.0.0.1', 5672)>
2022-04-01 00:48:19,711 - Streaming transport linked up: (<pika.adapters.utils.io_services_utils._AsyncPlaintextTransport object at 0x11a327280>, _StreamingProtocolShim: <SelectConnection PROTOCOL transport=<pika.adapters.utils.io_services_utils._AsyncPlaintextTransport object at 0x11a327280> params=<ConnectionParameters host=localhost port=5672 virtual_host=/ ssl=False>>).
2022-04-01 00:48:19,724 - AMQPConnector - reporting success: <SelectConnection OPEN transport=<pika.adapters.utils.io_services_utils._AsyncPlaintextTransport object at 0x11a327280> params=<ConnectionParameters host=localhost port=5672 virtual_host=/ ssl=False>>
2022-04-01 00:48:19,724 - AMQPConnectionWorkflow - reporting success: <SelectConnection OPEN transport=<pika.adapters.utils.io_services_utils._AsyncPlaintextTransport object at 0x11a327280> params=<ConnectionParameters host=localhost port=5672 virtual_host=/ ssl=False>>
2022-04-01 00:48:19,724 - Connection workflow succeeded: <SelectConnection OPEN transport=<pika.adapters.utils.io_services_utils._AsyncPlaintextTransport object at 0x11a327280> params=<ConnectionParameters host=localhost port=5672 virtual_host=/ ssl=False>>
2022-04-01 00:48:19,725 - Created channel=1
2022-04-01 00:48:19,727 - Logging before start consuming
2022-04-01 00:48:20,542 - processing started: 1_000 
2022-04-01 00:48:20,739 - processing completed: 1_000
2022-04-01 00:48:20,759 - processing started: 3_001 
2022-04-01 00:48:20,983 - processing completed: 3_001
2022-04-01 00:48:20,989 - processing started: 5_002 
2022-04-01 00:48:21,201 - processing completed: 5_002
2022-04-01 00:48:21,207 - processing started: 7_003 
2022-04-01 00:48:21,352 - processing completed: 7_003
2022-04-01 00:48:21,358 - processing started: 9_003 
2022-04-01 00:48:21,610 - processing completed: 9_003
2022-04-01 00:48:21,616 - processing started: 11_004 
2022-04-01 00:48:21,651 - processing completed: 11_004
2022-04-01 00:48:21,654 - processing started: 13_005 
2022-04-01 00:48:21,849 - processing completed: 13_005
2022-04-01 00:48:21,855 - processing started: 15_005 
2022-04-01 00:48:22,014 - processing completed: 15_005
2022-04-01 00:48:22,020 - processing started: 17_006 
2022-04-01 00:48:22,163 - processing completed: 17_006
2022-04-01 00:48:22,168 - processing started: 19_007 
2022-04-01 00:48:22,322 - processing completed: 19_007
2022-04-01 00:48:22,329 - processing started: 21_008 
2022-04-01 00:48:22,536 - processing completed: 21_008
2022-04-01 00:48:22,542 - processing started: 23_009 
2022-04-01 00:48:22,709 - processing completed: 23_009
2022-04-01 00:48:22,716 - processing started: 25_010 
2022-04-01 00:48:22,932 - processing completed: 25_010
2022-04-01 00:48:22,938 - processing started: 27_011 
2022-04-01 00:48:23,110 - processing completed: 27_011
2022-04-01 00:48:23,116 - processing started: 29_012 
2022-04-01 00:48:23,237 - processing completed: 29_012
2022-04-01 00:48:23,240 - processing started: 31_013 
2022-04-01 00:48:23,361 - processing completed: 31_013
2022-04-01 00:48:23,367 - processing started: 33_014 
2022-04-01 00:48:23,531 - processing completed: 33_014
2022-04-01 00:48:23,536 - processing started: 35_014 
2022-04-01 00:48:23,687 - processing completed: 35_014
2022-04-01 00:48:23,691 - processing started: 37_014 
2022-04-01 00:48:23,791 - processing completed: 37_014
2022-04-01 00:48:23,794 - processing started: 39_015 
2022-04-01 00:48:23,960 - processing completed: 39_015
2022-04-01 00:48:23,965 - processing started: 41_015 
2022-04-01 00:48:24,057 - processing completed: 41_015
2022-04-01 00:48:24,062 - processing started: 43_016 
2022-04-01 00:48:24,240 - processing completed: 43_016
2022-04-01 00:48:24,244 - processing started: 45_017 
2022-04-01 00:48:24,342 - processing completed: 45_017
2022-04-01 00:48:24,347 - processing started: 47_017 
2022-04-01 00:48:24,508 - processing completed: 47_017
2022-04-01 00:48:24,512 - processing started: 49_018 
2022-04-01 00:48:24,599 - processing completed: 49_018
2022-04-01 00:48:24,603 - processing started: 51_019 
2022-04-01 00:48:24,766 - processing completed: 51_019
2022-04-01 00:48:24,770 - processing started: 53_020 
2022-04-01 00:48:24,865 - processing completed: 53_020
2022-04-01 00:48:24,869 - processing started: 55_021 
2022-04-01 00:48:25,030 - processing completed: 55_021
2022-04-01 00:48:25,034 - processing started: 57_022 
2022-04-01 00:48:25,126 - processing completed: 57_022
2022-04-01 00:48:25,130 - processing started: 59_023 
2022-04-01 00:48:25,304 - processing completed: 59_023
2022-04-01 00:48:25,308 - processing started: 61_023 
2022-04-01 00:48:25,428 - processing completed: 61_023
2022-04-01 00:48:25,431 - processing started: 63_024 
2022-04-01 00:48:25,575 - processing completed: 63_024
2022-04-01 00:48:25,580 - processing started: 65_024 
2022-04-01 00:48:25,746 - processing completed: 65_024
2022-04-01 00:48:25,750 - processing started: 67_025 
2022-04-01 00:48:25,848 - processing completed: 67_025
2022-04-01 00:48:25,853 - processing started: 69_026 
2022-04-01 00:48:26,006 - processing completed: 69_026
2022-04-01 00:48:26,010 - processing started: 71_027 
2022-04-01 00:48:26,100 - processing completed: 71_027
2022-04-01 00:48:26,104 - processing started: 73_028 
2022-04-01 00:48:26,248 - processing completed: 73_028
2022-04-01 00:48:26,251 - processing started: 75_029 
2022-04-01 00:48:26,342 - processing completed: 75_029
2022-04-01 00:48:26,345 - processing started: 77_030 
2022-04-01 00:48:26,491 - processing completed: 77_030
2022-04-01 00:48:26,494 - processing started: 79_030 
2022-04-01 00:48:26,585 - processing completed: 79_030
2022-04-01 00:48:26,589 - processing started: 81_031 
2022-04-01 00:48:26,744 - processing completed: 81_031
2022-04-01 00:48:26,747 - processing started: 83_032 
2022-04-01 00:48:26,886 - processing completed: 83_032
2022-04-01 00:48:26,893 - processing started: 85_032 
2022-04-01 00:48:27,111 - processing completed: 85_032
2022-04-01 00:48:27,116 - processing started: 87_032 
2022-04-01 00:48:27,271 - processing completed: 87_032
2022-04-01 00:48:27,277 - processing started: 89_033 
2022-04-01 00:48:27,448 - processing completed: 89_033
2022-04-01 00:48:27,452 - processing started: 91_033 
2022-04-01 00:48:27,552 - processing completed: 91_033
2022-04-01 00:48:27,556 - processing started: 93_034 
2022-04-01 00:48:27,716 - processing completed: 93_034
2022-04-01 00:48:27,720 - processing started: 95_035 
2022-04-01 00:48:27,876 - processing completed: 95_035
2022-04-01 00:48:27,879 - processing started: 97_035 
2022-04-01 00:48:27,978 - processing completed: 97_035
2022-04-01 00:48:27,982 - processing started: 99_036 
2022-04-01 00:48:28,145 - processing completed: 99_036
2022-04-01 00:48:28,149 - processing started: 101_037 
2022-04-01 00:48:28,253 - processing completed: 101_037
2022-04-01 00:48:28,256 - processing started: 103_037 
2022-04-01 00:48:28,421 - processing completed: 103_037
2022-04-01 00:48:28,424 - processing started: 105_038 
2022-04-01 00:48:28,526 - processing completed: 105_038
2022-04-01 00:48:28,530 - processing started: 107_039 
2022-04-01 00:48:28,713 - processing completed: 107_039
2022-04-01 00:48:28,718 - processing started: 109_040 
2022-04-01 00:48:28,824 - processing completed: 109_040
2022-04-01 00:48:28,827 - processing started: 111_040 
2022-04-01 00:48:28,995 - processing completed: 111_040
2022-04-01 00:48:28,999 - processing started: 113_040 
2022-04-01 00:48:29,103 - processing completed: 113_040
2022-04-01 00:48:29,107 - processing started: 115_040 
2022-04-01 00:48:29,268 - processing completed: 115_040
2022-04-01 00:48:29,271 - processing started: 117_041 
2022-04-01 00:48:29,375 - processing completed: 117_041
2022-04-01 00:48:29,379 - processing started: 119_042 
2022-04-01 00:48:29,533 - processing completed: 119_042
2022-04-01 00:48:29,537 - processing started: 121_042 
2022-04-01 00:48:29,637 - processing completed: 121_042
2022-04-01 00:48:29,641 - processing started: 123_043 
2022-04-01 00:48:29,793 - processing completed: 123_043
2022-04-01 00:48:29,797 - processing started: 125_044 
2022-04-01 00:48:29,951 - processing completed: 125_044
2022-04-01 00:48:29,954 - processing started: 127_045 
2022-04-01 00:48:30,053 - processing completed: 127_045
2022-04-01 00:48:30,057 - processing started: 129_045 
2022-04-01 00:48:30,216 - processing completed: 129_045
2022-04-01 00:48:30,220 - processing started: 131_046 
2022-04-01 00:48:30,327 - processing completed: 131_046
2022-04-01 00:48:30,330 - processing started: 133_047 
2022-04-01 00:48:30,513 - processing completed: 133_047
2022-04-01 00:48:30,516 - processing started: 135_048 
2022-04-01 00:48:30,619 - processing completed: 135_048
2022-04-01 00:48:30,623 - processing started: 137_049 
2022-04-01 00:48:30,793 - processing completed: 137_049
2022-04-01 00:48:30,797 - processing started: 139_049 
2022-04-01 00:48:30,902 - processing completed: 139_049
2022-04-01 00:48:30,906 - processing started: 141_050 
2022-04-01 00:48:31,065 - processing completed: 141_050
2022-04-01 00:48:31,069 - processing started: 143_051 
2022-04-01 00:48:31,171 - processing completed: 143_051
2022-04-01 00:48:31,174 - processing started: 145_051 
2022-04-01 00:48:31,326 - processing completed: 145_051
2022-04-01 00:48:31,329 - processing started: 147_051 
2022-04-01 00:48:31,428 - processing completed: 147_051
2022-04-01 00:48:31,432 - processing started: 149_052 
2022-04-01 00:48:31,590 - processing completed: 149_052
2022-04-01 00:48:31,594 - processing started: 151_053 
2022-04-01 00:48:31,705 - processing completed: 151_053
2022-04-01 00:48:31,709 - processing started: 153_054 
2022-04-01 00:48:31,879 - processing completed: 153_054
2022-04-01 00:48:31,883 - processing started: 155_055 
2022-04-01 00:48:32,052 - processing completed: 155_055
2022-04-01 00:48:32,056 - processing started: 157_056 
2022-04-01 00:48:32,166 - processing completed: 157_056
2022-04-01 00:48:32,170 - processing started: 159_057 
2022-04-01 00:48:32,327 - processing completed: 159_057
2022-04-01 00:48:32,331 - processing started: 161_058 
2022-04-01 00:48:32,485 - processing completed: 161_058
2022-04-01 00:48:32,489 - processing started: 163_059 
2022-04-01 00:48:32,642 - processing completed: 163_059
2022-04-01 00:48:32,646 - processing started: 165_060 
2022-04-01 00:48:32,742 - processing completed: 165_060
2022-04-01 00:48:32,745 - processing started: 167_060 
2022-04-01 00:48:32,897 - processing completed: 167_060
2022-04-01 00:48:32,900 - processing started: 169_061 
2022-04-01 00:48:32,998 - processing completed: 169_061
2022-04-01 00:48:33,001 - processing started: 171_062 
2022-04-01 00:48:33,153 - processing completed: 171_062
2022-04-01 00:48:33,157 - processing started: 173_063 
2022-04-01 00:48:33,342 - processing completed: 173_063
2022-04-01 00:48:33,348 - processing started: 175_064 
2022-04-01 00:48:33,598 - processing completed: 175_064
2022-04-01 00:48:33,605 - processing started: 177_064 
2022-04-01 00:48:33,802 - processing completed: 177_064
2022-04-01 00:48:33,809 - processing started: 179_065 
2022-04-01 00:48:34,052 - processing completed: 179_065
2022-04-01 00:48:34,058 - processing started: 181_066 
2022-04-01 00:48:34,306 - processing completed: 181_066
2022-04-01 00:48:34,312 - processing started: 183_066 
2022-04-01 00:48:34,512 - processing completed: 183_066
2022-04-01 00:48:34,518 - processing started: 185_066 
2022-04-01 00:48:34,763 - processing completed: 185_066
2022-04-01 00:48:34,770 - processing started: 187_066 
2022-04-01 00:48:34,915 - processing completed: 187_066
2022-04-01 00:48:34,921 - processing started: 189_067 
2022-04-01 00:48:35,188 - processing completed: 189_067
2022-04-01 00:48:35,195 - processing started: 191_067 
2022-04-01 00:48:35,388 - processing completed: 191_067
2022-04-01 00:48:35,394 - processing started: 193_068 
2022-04-01 00:48:35,581 - processing completed: 193_068
2022-04-01 00:48:35,585 - processing started: 195_069 
2022-04-01 00:48:35,714 - processing completed: 195_069
2022-04-01 00:48:35,719 - processing started: 197_069 
2022-04-01 00:48:35,907 - processing completed: 197_069
2022-04-01 00:48:35,911 - processing started: 199_070 
2022-04-01 00:48:36,103 - processing completed: 199_070
2022-04-01 00:48:36,108 - processing started: 201_071 
2022-04-01 00:48:36,358 - processing completed: 201_071
2022-04-01 00:48:36,365 - processing started: 203_072 
2022-04-01 00:48:36,549 - processing completed: 203_072
2022-04-01 00:48:36,560 - processing started: 205_072 
2022-04-01 00:48:36,829 - processing completed: 205_072
2022-04-01 00:48:36,835 - processing started: 207_073 
2022-04-01 00:48:37,024 - processing completed: 207_073
2022-04-01 00:48:37,031 - processing started: 209_074 
2022-04-01 00:48:37,285 - processing completed: 209_074
2022-04-01 00:48:37,291 - processing started: 211_075 
2022-04-01 00:48:37,553 - processing completed: 211_075
2022-04-01 00:48:37,559 - processing started: 213_076 
2022-04-01 00:48:37,748 - processing completed: 213_076
2022-04-01 00:48:37,754 - processing started: 215_077 
2022-04-01 00:48:37,946 - processing completed: 215_077
2022-04-01 00:48:37,952 - processing started: 217_077 
2022-04-01 00:48:38,145 - processing completed: 217_077
2022-04-01 00:48:38,153 - processing started: 219_078 
2022-04-01 00:48:38,426 - processing completed: 219_078
2022-04-01 00:48:38,433 - processing started: 221_079 
2022-04-01 00:48:38,627 - processing completed: 221_079
2022-04-01 00:48:38,633 - processing started: 223_080 
2022-04-01 00:48:38,780 - processing completed: 223_080
2022-04-01 00:48:38,784 - processing started: 225_081 
2022-04-01 00:48:38,900 - processing completed: 225_081
2022-04-01 00:48:38,905 - processing started: 227_081 
2022-04-01 00:48:39,082 - processing completed: 227_081
2022-04-01 00:48:39,087 - processing started: 229_081 
2022-04-01 00:48:39,206 - processing completed: 229_081
2022-04-01 00:48:39,210 - processing started: 231_081 
2022-04-01 00:48:39,387 - processing completed: 231_081
2022-04-01 00:48:39,392 - processing started: 233_082 
2022-04-01 00:48:39,505 - processing completed: 233_082
2022-04-01 00:48:39,510 - processing started: 235_082 
2022-04-01 00:48:39,680 - processing completed: 235_082
2022-04-01 00:48:39,685 - processing started: 237_083 
2022-04-01 00:48:39,811 - processing completed: 237_083
2022-04-01 00:48:39,815 - processing started: 239_084 
2022-04-01 00:48:40,002 - processing completed: 239_084
2022-04-01 00:48:40,007 - processing started: 241_085 
2022-04-01 00:48:40,191 - processing completed: 241_085
2022-04-01 00:48:40,196 - processing started: 243_086 
2022-04-01 00:48:40,333 - processing completed: 243_086
2022-04-01 00:48:40,337 - processing started: 245_087 
2022-04-01 00:48:40,508 - processing completed: 245_087
2022-04-01 00:48:40,513 - processing started: 247_088 
2022-04-01 00:48:40,630 - processing completed: 247_088
2022-04-01 00:48:40,635 - processing started: 249_089 
2022-04-01 00:48:40,767 - processing completed: 249_089
2022-04-01 00:48:40,771 - processing started: 251_089 
2022-04-01 00:48:40,843 - processing completed: 251_089
2022-04-01 00:48:40,847 - processing started: 253_090 
2022-04-01 00:48:40,981 - processing completed: 253_090
2022-04-01 00:48:40,985 - processing started: 255_091 
2022-04-01 00:48:41,059 - processing completed: 255_091
2022-04-01 00:48:41,063 - processing started: 257_092 
2022-04-01 00:48:41,198 - processing completed: 257_092
2022-04-01 00:48:41,202 - processing started: 259_093 
2022-04-01 00:48:41,293 - processing completed: 259_093
2022-04-01 00:48:41,297 - processing started: 261_094 
2022-04-01 00:48:41,454 - processing completed: 261_094
2022-04-01 00:48:41,459 - processing started: 263_095 
2022-04-01 00:48:41,553 - processing completed: 263_095
2022-04-01 00:48:41,558 - processing started: 265_096 
2022-04-01 00:48:41,714 - processing completed: 265_096
2022-04-01 00:48:41,719 - processing started: 267_097 
2022-04-01 00:48:41,811 - processing completed: 267_097
2022-04-01 00:48:41,814 - processing started: 269_098 
2022-04-01 00:48:41,961 - processing completed: 269_098
2022-04-01 00:48:41,966 - processing started: 271_098 
2022-04-01 00:48:42,119 - processing completed: 271_098
2022-04-01 00:48:42,123 - processing started: 273_099 
2022-04-01 00:48:42,199 - processing completed: 273_099
2022-04-01 00:48:42,204 - processing started: 275_100 
2022-04-01 00:48:42,385 - processing completed: 275_100
2022-04-01 00:48:42,389 - processing started: 277_101 
2022-04-01 00:48:42,470 - processing completed: 277_101
2022-04-01 00:48:42,473 - processing started: 279_102 
2022-04-01 00:48:42,619 - processing completed: 279_102
2022-04-01 00:48:42,622 - processing started: 281_103 
2022-04-01 00:48:42,703 - processing completed: 281_103
2022-04-01 00:48:42,706 - processing started: 283_104 
2022-04-01 00:48:42,839 - processing completed: 283_104
2022-04-01 00:48:42,842 - processing started: 285_105 
2022-04-01 00:48:42,926 - processing completed: 285_105
2022-04-01 00:48:42,931 - processing started: 287_106 
2022-04-01 00:48:43,073 - processing completed: 287_106
2022-04-01 00:48:43,078 - processing started: 289_107 
2022-04-01 00:48:43,161 - processing completed: 289_107
2022-04-01 00:48:43,168 - processing started: 291_107 
2022-04-01 00:48:43,310 - processing completed: 291_107
2022-04-01 00:48:43,313 - processing started: 293_108 
2022-04-01 00:48:43,390 - processing completed: 293_108
2022-04-01 00:48:43,393 - processing started: 295_109 
2022-04-01 00:48:43,524 - processing completed: 295_109
2022-04-01 00:48:43,529 - processing started: 297_110 
2022-04-01 00:48:43,604 - processing completed: 297_110
2022-04-01 00:48:43,609 - processing started: 299_110 
2022-04-01 00:48:43,742 - processing completed: 299_110
2022-04-01 00:48:43,746 - processing started: 301_111 
2022-04-01 00:48:43,886 - processing completed: 301_111
2022-04-01 00:48:43,891 - processing started: 303_112 
2022-04-01 00:48:43,967 - processing completed: 303_112
2022-04-01 00:48:43,970 - processing started: 305_113 
2022-04-01 00:48:44,101 - processing completed: 305_113
2022-04-01 00:48:44,105 - processing started: 307_114 
2022-04-01 00:48:44,220 - processing completed: 307_114
2022-04-01 00:48:44,224 - processing started: 309_115 
2022-04-01 00:48:44,395 - processing completed: 309_115
2022-04-01 00:48:44,401 - processing started: 311_116 
2022-04-01 00:48:44,514 - processing completed: 311_116
2022-04-01 00:48:44,520 - processing started: 313_117 
2022-04-01 00:48:44,732 - processing completed: 313_117
2022-04-01 00:48:44,738 - processing started: 315_117 
2022-04-01 00:48:44,858 - processing completed: 315_117
2022-04-01 00:48:44,863 - processing started: 317_118 
2022-04-01 00:48:45,038 - processing completed: 317_118
2022-04-01 00:48:45,044 - processing started: 319_119 
2022-04-01 00:48:45,161 - processing completed: 319_119
2022-04-01 00:48:45,165 - processing started: 321_120 
2022-04-01 00:48:45,309 - processing completed: 321_120
2022-04-01 00:48:45,313 - processing started: 323_120 
2022-04-01 00:48:45,401 - processing completed: 323_120
2022-04-01 00:48:45,405 - processing started: 325_121 
2022-04-01 00:48:45,576 - processing completed: 325_121
2022-04-01 00:48:45,580 - processing started: 327_122 
2022-04-01 00:48:45,697 - processing completed: 327_122
2022-04-01 00:48:45,701 - processing started: 329_123 
2022-04-01 00:48:45,875 - processing completed: 329_123
2022-04-01 00:48:45,880 - processing started: 331_124 
2022-04-01 00:48:46,055 - processing completed: 331_124
2022-04-01 00:48:46,059 - processing started: 333_124 
2022-04-01 00:48:46,175 - processing completed: 333_124
2022-04-01 00:48:46,180 - processing started: 335_124 
2022-04-01 00:48:46,368 - processing completed: 335_124
2022-04-01 00:48:46,373 - processing started: 337_124 
2022-04-01 00:48:46,498 - processing completed: 337_124
2022-04-01 00:48:46,503 - processing started: 339_124 
2022-04-01 00:48:46,686 - processing completed: 339_124
2022-04-01 00:48:46,690 - processing started: 341_125 
2022-04-01 00:48:46,807 - processing completed: 341_125
2022-04-01 00:48:46,812 - processing started: 343_126 
2022-04-01 00:48:46,984 - processing completed: 343_126
2022-04-01 00:48:46,989 - processing started: 345_127 
2022-04-01 00:48:47,103 - processing completed: 345_127
2022-04-01 00:48:47,108 - processing started: 347_128 
2022-04-01 00:48:47,279 - processing completed: 347_128
2022-04-01 00:48:47,282 - processing started: 349_129 
2022-04-01 00:48:47,397 - processing completed: 349_129
2022-04-01 00:48:47,401 - processing started: 351_129 
2022-04-01 00:48:47,577 - processing completed: 351_129
2022-04-01 00:48:47,581 - processing started: 353_130 
2022-04-01 00:48:47,697 - processing completed: 353_130
2022-04-01 00:48:47,702 - processing started: 355_131 
2022-04-01 00:48:47,872 - processing completed: 355_131
2022-04-01 00:48:47,876 - processing started: 357_132 
2022-04-01 00:48:48,007 - processing completed: 357_132
2022-04-01 00:48:48,013 - processing started: 359_133 
2022-04-01 00:48:48,199 - processing completed: 359_133
2022-04-01 00:48:48,204 - processing started: 361_134 
2022-04-01 00:48:48,391 - processing completed: 361_134
2022-04-01 00:48:48,397 - processing started: 363_134 
2022-04-01 00:48:48,512 - processing completed: 363_134
2022-04-01 00:48:48,516 - processing started: 365_135 
2022-04-01 00:48:48,687 - processing completed: 365_135
2022-04-01 00:48:48,692 - processing started: 367_135 
2022-04-01 00:48:48,806 - processing completed: 367_135
2022-04-01 00:48:48,811 - processing started: 369_136 
2022-04-01 00:48:48,983 - processing completed: 369_136
2022-04-01 00:48:48,986 - processing started: 371_137 
2022-04-01 00:48:49,099 - processing completed: 371_137
2022-04-01 00:48:49,103 - processing started: 373_138 
2022-04-01 00:48:49,276 - processing completed: 373_138
2022-04-01 00:48:49,280 - processing started: 375_139 
2022-04-01 00:48:49,394 - processing completed: 375_139
2022-04-01 00:48:49,398 - processing started: 377_140 
2022-04-01 00:48:49,585 - processing completed: 377_140
2022-04-01 00:48:49,589 - processing started: 379_141 
2022-04-01 00:48:49,715 - processing completed: 379_141
2022-04-01 00:48:49,720 - processing started: 381_142 
2022-04-01 00:48:49,901 - processing completed: 381_142
2022-04-01 00:48:49,905 - processing started: 383_143 
2022-04-01 00:48:50,026 - processing completed: 383_143
2022-04-01 00:48:50,031 - processing started: 385_144 
2022-04-01 00:48:50,202 - processing completed: 385_144
2022-04-01 00:48:50,207 - processing started: 387_144 
2022-04-01 00:48:50,323 - processing completed: 387_144
2022-04-01 00:48:50,327 - processing started: 389_145 
2022-04-01 00:48:50,498 - processing completed: 389_145
2022-04-01 00:48:50,503 - processing started: 391_145 
2022-04-01 00:48:50,685 - processing completed: 391_145
2022-04-01 00:48:50,689 - processing started: 393_146 
2022-04-01 00:48:50,804 - processing completed: 393_146
2022-04-01 00:48:50,809 - processing started: 395_147 
2022-04-01 00:48:50,983 - processing completed: 395_147
2022-04-01 00:48:50,988 - processing started: 397_147 
2022-04-01 00:48:51,102 - processing completed: 397_147
2022-04-01 00:48:51,107 - processing started: 399_148 
2022-04-01 00:48:51,301 - processing completed: 399_148
2022-04-01 00:48:51,307 - processing started: 401_149 
2022-04-01 00:48:51,429 - processing completed: 401_149
2022-04-01 00:48:51,434 - processing started: 403_149 
2022-04-01 00:48:51,611 - processing completed: 403_149
2022-04-01 00:48:51,616 - processing started: 405_150 
2022-04-01 00:48:51,734 - processing completed: 405_150
2022-04-01 00:48:51,739 - processing started: 407_151 
2022-04-01 00:48:51,910 - processing completed: 407_151
2022-04-01 00:48:51,914 - processing started: 409_152 
2022-04-01 00:48:52,032 - processing completed: 409_152
2022-04-01 00:48:52,036 - processing started: 411_153 
2022-04-01 00:48:52,229 - processing completed: 411_153
2022-04-01 00:48:52,234 - processing started: 413_154 
2022-04-01 00:48:52,350 - processing completed: 413_154
2022-04-01 00:48:52,355 - processing started: 415_155 
2022-04-01 00:48:52,527 - processing completed: 415_155
2022-04-01 00:48:52,531 - processing started: 417_156 
2022-04-01 00:48:52,647 - processing completed: 417_156
2022-04-01 00:48:52,651 - processing started: 419_156 
2022-04-01 00:48:52,840 - processing completed: 419_156
2022-04-01 00:48:52,844 - processing started: 421_157 
2022-04-01 00:48:53,038 - processing completed: 421_157
2022-04-01 00:48:53,044 - processing started: 423_158 
2022-04-01 00:48:53,165 - processing completed: 423_158
2022-04-01 00:48:53,170 - processing started: 425_159 
2022-04-01 00:48:53,351 - processing completed: 425_159
2022-04-01 00:48:53,355 - processing started: 427_159 
2022-04-01 00:48:53,470 - processing completed: 427_159
2022-04-01 00:48:53,476 - processing started: 429_160 
2022-04-01 00:48:53,651 - processing completed: 429_160
2022-04-01 00:48:53,655 - processing started: 431_161 
2022-04-01 00:48:53,771 - processing completed: 431_161
2022-04-01 00:48:53,775 - processing started: 433_162 
2022-04-01 00:48:53,948 - processing completed: 433_162
2022-04-01 00:48:53,952 - processing started: 435_163 
2022-04-01 00:48:54,066 - processing completed: 435_163
2022-04-01 00:48:54,071 - processing started: 437_164 
2022-04-01 00:48:54,247 - processing completed: 437_164
2022-04-01 00:48:54,252 - processing started: 439_164 
2022-04-01 00:48:54,367 - processing completed: 439_164
2022-04-01 00:48:54,372 - processing started: 441_165 
2022-04-01 00:48:54,558 - processing completed: 441_165
2022-04-01 00:48:54,563 - processing started: 443_166 
2022-04-01 00:48:54,690 - processing completed: 443_166
2022-04-01 00:48:54,696 - processing started: 445_167 
2022-04-01 00:48:54,873 - processing completed: 445_167
2022-04-01 00:48:54,879 - processing started: 447_167 
2022-04-01 00:48:55,060 - processing completed: 447_167
2022-04-01 00:48:55,064 - processing started: 449_168 
2022-04-01 00:48:55,179 - processing completed: 449_168
2022-04-01 00:48:55,185 - processing started: 451_168 
2022-04-01 00:48:55,359 - processing completed: 451_168
2022-04-01 00:48:55,363 - processing started: 453_169 
2022-04-01 00:48:55,476 - processing completed: 453_169
2022-04-01 00:48:55,480 - processing started: 455_170 
2022-04-01 00:48:55,650 - processing completed: 455_170
2022-04-01 00:48:55,654 - processing started: 457_171 
2022-04-01 00:48:55,771 - processing completed: 457_171
2022-04-01 00:48:55,776 - processing started: 459_172 
2022-04-01 00:48:55,948 - processing completed: 459_172
2022-04-01 00:48:55,953 - processing started: 461_173 
2022-04-01 00:48:56,072 - processing completed: 461_173
2022-04-01 00:48:56,078 - processing started: 463_173 
2022-04-01 00:48:56,270 - processing completed: 463_173
2022-04-01 00:48:56,276 - processing started: 465_174 
2022-04-01 00:48:56,396 - processing completed: 465_174
2022-04-01 00:48:56,401 - processing started: 467_174 
2022-04-01 00:48:56,575 - processing completed: 467_174
2022-04-01 00:48:56,579 - processing started: 469_175 
2022-04-01 00:48:56,693 - processing completed: 469_175
2022-04-01 00:48:56,698 - processing started: 471_176 
2022-04-01 00:48:56,867 - processing completed: 471_176
2022-04-01 00:48:56,871 - processing started: 473_177 
2022-04-01 00:48:56,987 - processing completed: 473_177
2022-04-01 00:48:56,991 - processing started: 475_178 
2022-04-01 00:48:57,161 - processing completed: 475_178
2022-04-01 00:48:57,165 - processing started: 477_179 
2022-04-01 00:48:57,352 - processing completed: 477_179
2022-04-01 00:48:57,356 - processing started: 479_180 
2022-04-01 00:48:57,471 - processing completed: 479_180
2022-04-01 00:48:57,476 - processing started: 481_180 
2022-04-01 00:48:57,647 - processing completed: 481_180
2022-04-01 00:48:57,651 - processing started: 483_181 
2022-04-01 00:48:57,779 - processing completed: 483_181
2022-04-01 00:48:57,784 - processing started: 485_182 
2022-04-01 00:48:57,978 - processing completed: 485_182
2022-04-01 00:48:57,984 - processing started: 487_182 
2022-04-01 00:48:58,101 - processing completed: 487_182
2022-04-01 00:48:58,106 - processing started: 489_183 
2022-04-01 00:48:58,284 - processing completed: 489_183
2022-04-01 00:48:58,288 - processing started: 491_183 
2022-04-01 00:48:58,403 - processing completed: 491_183
2022-04-01 00:48:58,408 - processing started: 493_184 
2022-04-01 00:48:58,580 - processing completed: 493_184
2022-04-01 00:48:58,583 - processing started: 495_185 
2022-04-01 00:48:58,699 - processing completed: 495_185
2022-04-01 00:48:58,704 - processing started: 497_186 
2022-04-01 00:48:58,878 - processing completed: 497_186
2022-04-01 00:48:58,883 - processing started: 499_187 
2022-04-01 00:48:58,998 - processing completed: 499_187
2022-04-01 00:48:59,002 - processing started: 501_188 
2022-04-01 00:48:59,174 - processing completed: 501_188
2022-04-01 00:48:59,178 - processing started: 503_188 
2022-04-01 00:48:59,294 - processing completed: 503_188
2022-04-01 00:48:59,298 - processing started: 505_189 
2022-04-01 00:48:59,461 - processing completed: 505_189
2022-04-01 00:48:59,466 - processing started: 507_190 
2022-04-01 00:48:59,656 - processing completed: 507_190
2022-04-01 00:48:59,661 - processing started: 509_191 
2022-04-01 00:48:59,780 - processing completed: 509_191
2022-04-01 00:48:59,784 - processing started: 511_192 
2022-04-01 00:48:59,959 - processing completed: 511_192
2022-04-01 00:48:59,964 - processing started: 513_192 
2022-04-01 00:49:00,078 - processing completed: 513_192
2022-04-01 00:49:00,082 - processing started: 515_193 
2022-04-01 00:49:00,259 - processing completed: 515_193
2022-04-01 00:49:00,264 - processing started: 517_194 
2022-04-01 00:49:00,379 - processing completed: 517_194
2022-04-01 00:49:00,384 - processing started: 519_195 
2022-04-01 00:49:00,556 - processing completed: 519_195
2022-04-01 00:49:00,560 - processing started: 521_196 
2022-04-01 00:49:00,676 - processing completed: 521_196
2022-04-01 00:49:00,681 - processing started: 523_196 
2022-04-01 00:49:00,853 - processing completed: 523_196
2022-04-01 00:49:00,858 - processing started: 525_196 
2022-04-01 00:49:00,973 - processing completed: 525_196
2022-04-01 00:49:00,977 - processing started: 527_197 
2022-04-01 00:49:01,165 - processing completed: 527_197
2022-04-01 00:49:01,170 - processing started: 529_197 
2022-04-01 00:49:01,292 - processing completed: 529_197
2022-04-01 00:49:01,296 - processing started: 531_197 
2022-04-01 00:49:01,475 - processing completed: 531_197
2022-04-01 00:49:01,479 - processing started: 533_198 
2022-04-01 00:49:01,593 - processing completed: 533_198
2022-04-01 00:49:01,597 - processing started: 535_199 
2022-04-01 00:49:01,769 - processing completed: 535_199
2022-04-01 00:49:01,773 - processing started: 537_200 
2022-04-01 00:49:01,949 - processing completed: 537_200
2022-04-01 00:49:01,955 - processing started: 539_201 
2022-04-01 00:49:02,069 - processing completed: 539_201
2022-04-01 00:49:02,074 - processing started: 541_202 
2022-04-01 00:49:02,250 - processing completed: 541_202
2022-04-01 00:49:02,255 - processing started: 543_203 
2022-04-01 00:49:02,368 - processing completed: 543_203
2022-04-01 00:49:02,373 - processing started: 545_204 
2022-04-01 00:49:02,543 - processing completed: 545_204
2022-04-01 00:49:02,548 - processing started: 547_205 
2022-04-01 00:49:02,674 - processing completed: 547_205
2022-04-01 00:49:02,678 - processing started: 549_206 
2022-04-01 00:49:02,890 - processing completed: 549_206
2022-04-01 00:49:02,895 - processing started: 551_207 
2022-04-01 00:49:03,015 - processing completed: 551_207
2022-04-01 00:49:03,021 - processing started: 553_207 
2022-04-01 00:49:03,199 - processing completed: 553_207
2022-04-01 00:49:03,204 - processing started: 555_208 
2022-04-01 00:49:03,318 - processing completed: 555_208
2022-04-01 00:49:03,323 - processing started: 557_209 
2022-04-01 00:49:03,495 - processing completed: 557_209
2022-04-01 00:49:03,499 - processing started: 559_210 
2022-04-01 00:49:03,612 - processing completed: 559_210
2022-04-01 00:49:03,617 - processing started: 561_211 
2022-04-01 00:49:03,785 - processing completed: 561_211
2022-04-01 00:49:03,789 - processing started: 563_212 
2022-04-01 00:49:03,906 - processing completed: 563_212
2022-04-01 00:49:03,910 - processing started: 565_213 
2022-04-01 00:49:04,084 - processing completed: 565_213
2022-04-01 00:49:04,089 - processing started: 567_214 
2022-04-01 00:49:04,276 - processing completed: 567_214
2022-04-01 00:49:04,281 - processing started: 569_214 
2022-04-01 00:49:04,403 - processing completed: 569_214
2022-04-01 00:49:04,409 - processing started: 571_215 
2022-04-01 00:49:04,600 - processing completed: 571_215
2022-04-01 00:49:04,604 - processing started: 573_216 
2022-04-01 00:49:04,723 - processing completed: 573_216
2022-04-01 00:49:04,727 - processing started: 575_217 
2022-04-01 00:49:04,903 - processing completed: 575_217
2022-04-01 00:49:04,907 - processing started: 577_218 
2022-04-01 00:49:05,024 - processing completed: 577_218
2022-04-01 00:49:05,028 - processing started: 579_219 
2022-04-01 00:49:05,204 - processing completed: 579_219
2022-04-01 00:49:05,209 - processing started: 581_220 
2022-04-01 00:49:05,326 - processing completed: 581_220
2022-04-01 00:49:05,330 - processing started: 583_220 
2022-04-01 00:49:05,506 - processing completed: 583_220
2022-04-01 00:49:05,511 - processing started: 585_221 
2022-04-01 00:49:05,626 - processing completed: 585_221
2022-04-01 00:49:05,630 - processing started: 587_222 
2022-04-01 00:49:05,806 - processing completed: 587_222
2022-04-01 00:49:05,810 - processing started: 589_222 
2022-04-01 00:49:05,934 - processing completed: 589_222
2022-04-01 00:49:05,938 - processing started: 591_223 
2022-04-01 00:49:06,103 - processing completed: 591_223
2022-04-01 00:49:06,108 - processing started: 593_223 
2022-04-01 00:49:06,202 - processing completed: 593_223
2022-04-01 00:49:06,206 - processing started: 595_224 
2022-04-01 00:49:06,411 - processing completed: 595_224
2022-04-01 00:49:06,416 - processing started: 597_225 
2022-04-01 00:49:06,569 - processing completed: 597_225
2022-04-01 00:49:06,572 - processing started: 599_225 
2022-04-01 00:49:06,721 - processing completed: 599_225
2022-04-01 00:49:06,726 - processing started: 601_225 
2022-04-01 00:49:06,877 - processing completed: 601_225
2022-04-01 00:49:06,880 - processing started: 603_226 
2022-04-01 00:49:06,975 - processing completed: 603_226
2022-04-01 00:49:06,978 - processing started: 605_227 
2022-04-01 00:49:07,155 - processing completed: 605_227
2022-04-01 00:49:07,160 - processing started: 607_227 
2022-04-01 00:49:07,275 - processing completed: 607_227
2022-04-01 00:49:07,279 - processing started: 609_227 
2022-04-01 00:49:07,437 - processing completed: 609_227
2022-04-01 00:49:07,441 - processing started: 611_227 
2022-04-01 00:49:07,601 - processing completed: 611_227
2022-04-01 00:49:07,607 - processing started: 613_227 
2022-04-01 00:49:07,783 - processing completed: 613_227
2022-04-01 00:49:07,787 - processing started: 615_228 
2022-04-01 00:49:07,886 - processing completed: 615_228
2022-04-01 00:49:07,891 - processing started: 617_229 
2022-04-01 00:49:08,045 - processing completed: 617_229
2022-04-01 00:49:08,049 - processing started: 619_230 
2022-04-01 00:49:08,142 - processing completed: 619_230
2022-04-01 00:49:08,145 - processing started: 621_230 
2022-04-01 00:49:08,299 - processing completed: 621_230
2022-04-01 00:49:08,303 - processing started: 623_231 
2022-04-01 00:49:08,392 - processing completed: 623_231
2022-04-01 00:49:08,396 - processing started: 625_232 
2022-04-01 00:49:08,539 - processing completed: 625_232
2022-04-01 00:49:08,543 - processing started: 627_232 
2022-04-01 00:49:08,692 - processing completed: 627_232
2022-04-01 00:49:08,697 - processing started: 629_232 
2022-04-01 00:49:08,787 - processing completed: 629_232
2022-04-01 00:49:08,791 - processing started: 631_233 
2022-04-01 00:49:08,940 - processing completed: 631_233
2022-04-01 00:49:08,944 - processing started: 633_234 
2022-04-01 00:49:09,032 - processing completed: 633_234
2022-04-01 00:49:09,035 - processing started: 635_234 
2022-04-01 00:49:09,195 - processing completed: 635_234
2022-04-01 00:49:09,200 - processing started: 637_234 
2022-04-01 00:49:09,301 - processing completed: 637_234
2022-04-01 00:49:09,305 - processing started: 639_235 
2022-04-01 00:49:09,491 - processing completed: 639_235
2022-04-01 00:49:09,496 - processing started: 641_236 
2022-04-01 00:49:09,615 - processing completed: 641_236
2022-04-01 00:49:09,619 - processing started: 643_237 
2022-04-01 00:49:09,801 - processing completed: 643_237
2022-04-01 00:49:09,805 - processing started: 645_238 
2022-04-01 00:49:09,919 - processing completed: 645_238
2022-04-01 00:49:09,923 - processing started: 647_239 
2022-04-01 00:49:10,098 - processing completed: 647_239
2022-04-01 00:49:10,103 - processing started: 649_240 
2022-04-01 00:49:10,218 - processing completed: 649_240
2022-04-01 00:49:10,223 - processing started: 651_240 
2022-04-01 00:49:10,400 - processing completed: 651_240
2022-04-01 00:49:10,405 - processing started: 653_241 
2022-04-01 00:49:10,523 - processing completed: 653_241
2022-04-01 00:49:10,527 - processing started: 655_242 
2022-04-01 00:49:10,701 - processing completed: 655_242
2022-04-01 00:49:10,706 - processing started: 657_242 
2022-04-01 00:49:10,894 - processing completed: 657_242
2022-04-01 00:49:10,901 - processing started: 659_243 
2022-04-01 00:49:11,023 - processing completed: 659_243
2022-04-01 00:49:11,029 - processing started: 661_244 
2022-04-01 00:49:11,176 - processing completed: 661_244
2022-04-01 00:49:11,181 - processing started: 663_244 
2022-04-01 00:49:11,260 - processing completed: 663_244
2022-04-01 00:49:11,264 - processing started: 665_245 
2022-04-01 00:49:11,400 - processing completed: 665_245
2022-04-01 00:49:11,405 - processing started: 667_246 
2022-04-01 00:49:11,478 - processing completed: 667_246
2022-04-01 00:49:11,482 - processing started: 669_247 
2022-04-01 00:49:11,610 - processing completed: 669_247
2022-04-01 00:49:11,614 - processing started: 671_248 
2022-04-01 00:49:11,686 - processing completed: 671_248
2022-04-01 00:49:11,689 - processing started: 673_249 
2022-04-01 00:49:11,821 - processing completed: 673_249
2022-04-01 00:49:11,824 - processing started: 675_250 
2022-04-01 00:49:11,900 - processing completed: 675_250
2022-04-01 00:49:11,904 - processing started: 677_251 
2022-04-01 00:49:12,037 - processing completed: 677_251
2022-04-01 00:49:12,041 - processing started: 679_251 
2022-04-01 00:49:12,117 - processing completed: 679_251
2022-04-01 00:49:12,122 - processing started: 681_252 
2022-04-01 00:49:12,252 - processing completed: 681_252
2022-04-01 00:49:12,257 - processing started: 683_252 
2022-04-01 00:49:12,327 - processing completed: 683_252
2022-04-01 00:49:12,331 - processing started: 685_253 
2022-04-01 00:49:12,480 - processing completed: 685_253
2022-04-01 00:49:12,483 - processing started: 687_254 
2022-04-01 00:49:12,652 - processing completed: 687_254
2022-04-01 00:49:12,657 - processing started: 689_255 
2022-04-01 00:49:12,760 - processing completed: 689_255
2022-04-01 00:49:12,765 - processing started: 691_256 
2022-04-01 00:49:12,935 - processing completed: 691_256
2022-04-01 00:49:12,939 - processing started: 693_257 
2022-04-01 00:49:13,040 - processing completed: 693_257
2022-04-01 00:49:13,044 - processing started: 695_257 
2022-04-01 00:49:13,202 - processing completed: 695_257
2022-04-01 00:49:13,205 - processing started: 697_258 
2022-04-01 00:49:13,303 - processing completed: 697_258
2022-04-01 00:49:13,307 - processing started: 699_259 
2022-04-01 00:49:13,452 - processing completed: 699_259
2022-04-01 00:49:13,455 - processing started: 701_260 
2022-04-01 00:49:13,553 - processing completed: 701_260
2022-04-01 00:49:13,556 - processing started: 703_260 
2022-04-01 00:49:13,717 - processing completed: 703_260
2022-04-01 00:49:13,720 - processing started: 705_261 
2022-04-01 00:49:13,827 - processing completed: 705_261
2022-04-01 00:49:13,831 - processing started: 707_262 
2022-04-01 00:49:13,982 - processing completed: 707_262
2022-04-01 00:49:13,986 - processing started: 709_262 
2022-04-01 00:49:14,081 - processing completed: 709_262
2022-04-01 00:49:14,085 - processing started: 711_263 
2022-04-01 00:49:14,251 - processing completed: 711_263
2022-04-01 00:49:14,255 - processing started: 713_264 
2022-04-01 00:49:14,411 - processing completed: 713_264
2022-04-01 00:49:14,415 - processing started: 715_265 
2022-04-01 00:49:14,508 - processing completed: 715_265
2022-04-01 00:49:14,512 - processing started: 717_265 
2022-04-01 00:49:14,685 - processing completed: 717_265
2022-04-01 00:49:14,689 - processing started: 719_266 
2022-04-01 00:49:14,783 - processing completed: 719_266
2022-04-01 00:49:14,787 - processing started: 721_267 
2022-04-01 00:49:14,937 - processing completed: 721_267
2022-04-01 00:49:14,941 - processing started: 723_267 
2022-04-01 00:49:15,029 - processing completed: 723_267
2022-04-01 00:49:15,033 - processing started: 725_267 
2022-04-01 00:49:15,181 - processing completed: 725_267
2022-04-01 00:49:15,185 - processing started: 727_268 
2022-04-01 00:49:15,284 - processing completed: 727_268
2022-04-01 00:49:15,288 - processing started: 729_268 
2022-04-01 00:49:15,432 - processing completed: 729_268
2022-04-01 00:49:15,438 - processing started: 731_268 
2022-04-01 00:49:15,530 - processing completed: 731_268
2022-04-01 00:49:15,534 - processing started: 733_268 
2022-04-01 00:49:15,682 - processing completed: 733_268
2022-04-01 00:49:15,686 - processing started: 735_269 
2022-04-01 00:49:15,779 - processing completed: 735_269
2022-04-01 00:49:15,783 - processing started: 737_269 
2022-04-01 00:49:15,941 - processing completed: 737_269
2022-04-01 00:49:15,947 - processing started: 739_270 
2022-04-01 00:49:16,049 - processing completed: 739_270
2022-04-01 00:49:16,052 - processing started: 741_271 
2022-04-01 00:49:16,228 - processing completed: 741_271
2022-04-01 00:49:16,232 - processing started: 743_272 
2022-04-01 00:49:16,390 - processing completed: 743_272
2022-04-01 00:49:16,395 - processing started: 745_273 
2022-04-01 00:49:16,489 - processing completed: 745_273
2022-04-01 00:49:16,493 - processing started: 747_274 
2022-04-01 00:49:16,641 - processing completed: 747_274
2022-04-01 00:49:16,645 - processing started: 749_274 
2022-04-01 00:49:16,727 - processing completed: 749_274
2022-04-01 00:49:16,731 - processing started: 751_275 
2022-04-01 00:49:16,880 - processing completed: 751_275
2022-04-01 00:49:16,883 - processing started: 753_275 
2022-04-01 00:49:16,972 - processing completed: 753_275
2022-04-01 00:49:16,976 - processing started: 755_276 
2022-04-01 00:49:17,122 - processing completed: 755_276
2022-04-01 00:49:17,126 - processing started: 757_276 
2022-04-01 00:49:17,216 - processing completed: 757_276
2022-04-01 00:49:17,220 - processing started: 759_277 
2022-04-01 00:49:17,373 - processing completed: 759_277
2022-04-01 00:49:17,378 - processing started: 761_278 
2022-04-01 00:49:17,473 - processing completed: 761_278
2022-04-01 00:49:17,477 - processing started: 763_279 
2022-04-01 00:49:17,638 - processing completed: 763_279
2022-04-01 00:49:17,642 - processing started: 765_280 
2022-04-01 00:49:17,721 - processing completed: 765_280
2022-04-01 00:49:17,724 - processing started: 767_280 
2022-04-01 00:49:17,872 - processing completed: 767_280
2022-04-01 00:49:17,876 - processing started: 769_281 
2022-04-01 00:49:17,961 - processing completed: 769_281
2022-04-01 00:49:17,965 - processing started: 771_282 
2022-04-01 00:49:18,105 - processing completed: 771_282
2022-04-01 00:49:18,109 - processing started: 773_283 
2022-04-01 00:49:18,253 - processing completed: 773_283
2022-04-01 00:49:18,258 - processing started: 775_284 
2022-04-01 00:49:18,331 - processing completed: 775_284
2022-04-01 00:49:18,336 - processing started: 777_285 
2022-04-01 00:49:18,472 - processing completed: 777_285
2022-04-01 00:49:18,476 - processing started: 779_286 
2022-04-01 00:49:18,628 - processing completed: 779_286
2022-04-01 00:49:18,634 - processing started: 781_287 
2022-04-01 00:49:18,766 - processing completed: 781_287
2022-04-01 00:49:18,771 - processing started: 783_288 
2022-04-01 00:49:18,847 - processing completed: 783_288
2022-04-01 00:49:18,852 - processing started: 785_289 
2022-04-01 00:49:18,985 - processing completed: 785_289
2022-04-01 00:49:18,988 - processing started: 787_290 
2022-04-01 00:49:19,064 - processing completed: 787_290
2022-04-01 00:49:19,067 - processing started: 789_290 
2022-04-01 00:49:19,211 - processing completed: 789_290
2022-04-01 00:49:19,214 - processing started: 791_291 
2022-04-01 00:49:19,298 - processing completed: 791_291
2022-04-01 00:49:19,302 - processing started: 793_292 
2022-04-01 00:49:19,444 - processing completed: 793_292
2022-04-01 00:49:19,447 - processing started: 795_292 
2022-04-01 00:49:19,526 - processing completed: 795_292
2022-04-01 00:49:19,530 - processing started: 797_293 
2022-04-01 00:49:19,640 - processing completed: 797_293
2022-04-01 00:49:19,643 - processing started: 799_294 
2022-04-01 00:49:19,691 - processing completed: 799_294
2022-04-01 00:49:19,694 - processing started: 801_295 
2022-04-01 00:49:19,823 - processing completed: 801_295
2022-04-01 00:49:19,827 - processing started: 803_296 
2022-04-01 00:49:19,962 - processing completed: 803_296
2022-04-01 00:49:19,966 - processing started: 805_297 
2022-04-01 00:49:20,117 - processing completed: 805_297
2022-04-01 00:49:20,122 - processing started: 807_298 
2022-04-01 00:49:20,263 - processing completed: 807_298
2022-04-01 00:49:20,266 - processing started: 809_298 
2022-04-01 00:49:20,343 - processing completed: 809_298
2022-04-01 00:49:20,346 - processing started: 811_299 
2022-04-01 00:49:20,476 - processing completed: 811_299
2022-04-01 00:49:20,479 - processing started: 0_0 
2022-04-01 00:49:20,480 - Closing connection (200): Normal shutdown
2022-04-01 00:49:20,480 - Closing channel (200): 'Normal shutdown' on <Channel number=1 OPEN conn=<SelectConnection OPEN transport=<pika.adapters.utils.io_services_utils._AsyncPlaintextTransport object at 0x11a327280> params=<ConnectionParameters host=localhost port=5672 virtual_host=/ ssl=False>>>
2022-04-01 00:49:20,481 - Received <Channel.CloseOk> on <Channel number=1 CLOSING conn=<SelectConnection OPEN transport=<pika.adapters.utils.io_services_utils._AsyncPlaintextTransport object at 0x11a327280> params=<ConnectionParameters host=localhost port=5672 virtual_host=/ ssl=False>>>
2022-04-01 00:49:20,481 - Closing connection (200): 'Normal shutdown'
2022-04-01 00:49:20,482 - Aborting transport connection: state=1; <socket.socket fd=22, family=AddressFamily.AF_INET, type=SocketKind.SOCK_STREAM, proto=6, laddr=('127.0.0.1', 58915), raddr=('127.0.0.1', 5672)>
2022-04-01 00:49:20,482 - _AsyncTransportBase._initate_abort(): Initiating abrupt asynchronous transport shutdown: state=1; error=None; <socket.socket fd=22, family=AddressFamily.AF_INET, type=SocketKind.SOCK_STREAM, proto=6, laddr=('127.0.0.1', 58915), raddr=('127.0.0.1', 5672)>
2022-04-01 00:49:20,482 - Deactivating transport: state=1; <socket.socket fd=22, family=AddressFamily.AF_INET, type=SocketKind.SOCK_STREAM, proto=6, laddr=('127.0.0.1', 58915), raddr=('127.0.0.1', 5672)>
2022-04-01 00:49:20,482 - AMQP stack terminated, failed to connect, or aborted: opened=True, error-arg=None; pending-error=ConnectionClosedByClient: (200) 'Normal shutdown'
2022-04-01 00:49:20,483 - Stack terminated due to ConnectionClosedByClient: (200) 'Normal shutdown'
2022-04-01 00:49:20,484 - Closing transport socket and unlinking: state=3; <socket.socket fd=22, family=AddressFamily.AF_INET, type=SocketKind.SOCK_STREAM, proto=6, laddr=('127.0.0.1', 58915), raddr=('127.0.0.1', 5672)>
2022-04-01 00:49:20,484 - User-initiated close: result=BlockingConnection__OnClosedArgs(connection=<SelectConnection CLOSED transport=None params=<ConnectionParameters host=localhost port=5672 virtual_host=/ ssl=False>>, error=ConnectionClosedByClient: (200) 'Normal shutdown')
2022-04-01 00:49:20,485 - PID 38944 completed loading and processing
