2022-04-01 00:48:19,702 - PID 38943 started loading and processing
2022-04-01 00:48:19,709 - Pika version 1.2.0 connecting to ('::1', 5672, 0, 0)
2022-04-01 00:48:19,710 - Socket failed to connect: <socket.socket fd=22, family=AddressFamily.AF_INET6, type=SocketKind.SOCK_STREAM, proto=6, laddr=('::1', 58914, 0, 0)>; error=61 (Connection refused)
2022-04-01 00:48:19,710 - TCP Connection attempt failed: ConnectionRefusedError(61, 'Connection refused'); dest=(<AddressFamily.AF_INET6: 30>, <SocketKind.SOCK_STREAM: 1>, 6, '', ('::1', 5672, 0, 0))
2022-04-01 00:48:19,710 - AMQPConnector - reporting failure: AMQPConnectorSocketConnectError: ConnectionRefusedError(61, 'Connection refused')
2022-04-01 00:48:19,710 - Pika version 1.2.0 connecting to ('127.0.0.1', 5672)
2022-04-01 00:48:19,711 - Socket connected: <socket.socket fd=22, family=AddressFamily.AF_INET, type=SocketKind.SOCK_STREAM, proto=6, laddr=('127.0.0.1', 58916), raddr=('127.0.0.1', 5672)>
2022-04-01 00:48:19,711 - Streaming transport linked up: (<pika.adapters.utils.io_services_utils._AsyncPlaintextTransport object at 0x1223cd280>, _StreamingProtocolShim: <SelectConnection PROTOCOL transport=<pika.adapters.utils.io_services_utils._AsyncPlaintextTransport object at 0x1223cd280> params=<ConnectionParameters host=localhost port=5672 virtual_host=/ ssl=False>>).
2022-04-01 00:48:19,724 - AMQPConnector - reporting success: <SelectConnection OPEN transport=<pika.adapters.utils.io_services_utils._AsyncPlaintextTransport object at 0x1223cd280> params=<ConnectionParameters host=localhost port=5672 virtual_host=/ ssl=False>>
2022-04-01 00:48:19,724 - AMQPConnectionWorkflow - reporting success: <SelectConnection OPEN transport=<pika.adapters.utils.io_services_utils._AsyncPlaintextTransport object at 0x1223cd280> params=<ConnectionParameters host=localhost port=5672 virtual_host=/ ssl=False>>
2022-04-01 00:48:19,724 - Connection workflow succeeded: <SelectConnection OPEN transport=<pika.adapters.utils.io_services_utils._AsyncPlaintextTransport object at 0x1223cd280> params=<ConnectionParameters host=localhost port=5672 virtual_host=/ ssl=False>>
2022-04-01 00:48:19,724 - Created channel=1
2022-04-01 00:48:19,727 - Logging before start consuming
2022-04-01 00:48:20,542 - processing started: 0_000 
2022-04-01 00:48:20,740 - processing completed: 0_000
2022-04-01 00:48:20,760 - processing started: 2_000 
2022-04-01 00:48:20,984 - processing completed: 2_000
2022-04-01 00:48:20,989 - processing started: 4_001 
2022-04-01 00:48:21,202 - processing completed: 4_001
2022-04-01 00:48:21,208 - processing started: 6_002 
2022-04-01 00:48:21,351 - processing completed: 6_002
2022-04-01 00:48:21,357 - processing started: 8_003 
2022-04-01 00:48:21,611 - processing completed: 8_003
2022-04-01 00:48:21,617 - processing started: 10_004 
2022-04-01 00:48:21,764 - processing completed: 10_004
2022-04-01 00:48:21,768 - processing started: 12_005 
2022-04-01 00:48:21,961 - processing completed: 12_005
2022-04-01 00:48:21,966 - processing started: 14_005 
2022-04-01 00:48:22,122 - processing completed: 14_005
2022-04-01 00:48:22,128 - processing started: 16_006 
2022-04-01 00:48:22,350 - processing completed: 16_006
2022-04-01 00:48:22,356 - processing started: 18_007 
2022-04-01 00:48:22,505 - processing completed: 18_007
2022-04-01 00:48:22,510 - processing started: 20_008 
2022-04-01 00:48:22,697 - processing completed: 20_008
2022-04-01 00:48:22,703 - processing started: 22_009 
2022-04-01 00:48:22,866 - processing completed: 22_009
2022-04-01 00:48:22,871 - processing started: 24_009 
2022-04-01 00:48:23,100 - processing completed: 24_009
2022-04-01 00:48:23,107 - processing started: 26_010 
2022-04-01 00:48:23,276 - processing completed: 26_010
2022-04-01 00:48:23,283 - processing started: 28_011 
2022-04-01 00:48:23,532 - processing completed: 28_011
2022-04-01 00:48:23,539 - processing started: 30_012 
2022-04-01 00:48:23,607 - processing completed: 30_012
2022-04-01 00:48:23,611 - processing started: 32_013 
2022-04-01 00:48:23,802 - processing completed: 32_013
2022-04-01 00:48:23,808 - processing started: 34_014 
2022-04-01 00:48:23,973 - processing completed: 34_014
2022-04-01 00:48:23,977 - processing started: 36_014 
2022-04-01 00:48:24,070 - processing completed: 36_014
2022-04-01 00:48:24,075 - processing started: 38_015 
2022-04-01 00:48:24,248 - processing completed: 38_015
2022-04-01 00:48:24,252 - processing started: 40_015 
2022-04-01 00:48:24,339 - processing completed: 40_015
2022-04-01 00:48:24,343 - processing started: 42_015 
2022-04-01 00:48:24,500 - processing completed: 42_015
2022-04-01 00:48:24,504 - processing started: 44_016 
2022-04-01 00:48:24,591 - processing completed: 44_016
2022-04-01 00:48:24,596 - processing started: 46_017 
2022-04-01 00:48:24,766 - processing completed: 46_017
2022-04-01 00:48:24,771 - processing started: 48_018 
2022-04-01 00:48:24,868 - processing completed: 48_018
2022-04-01 00:48:24,872 - processing started: 50_019 
2022-04-01 00:48:25,036 - processing completed: 50_019
2022-04-01 00:48:25,040 - processing started: 52_020 
2022-04-01 00:48:25,135 - processing completed: 52_020
2022-04-01 00:48:25,140 - processing started: 54_021 
2022-04-01 00:48:25,309 - processing completed: 54_021
2022-04-01 00:48:25,336 - processing started: 56_022 
2022-04-01 00:48:25,466 - processing completed: 56_022
2022-04-01 00:48:25,471 - processing started: 58_022 
2022-04-01 00:48:25,670 - processing completed: 58_022
2022-04-01 00:48:25,677 - processing started: 60_023 
2022-04-01 00:48:25,779 - processing completed: 60_023
2022-04-01 00:48:25,783 - processing started: 62_023 
2022-04-01 00:48:25,937 - processing completed: 62_023
2022-04-01 00:48:25,941 - processing started: 64_024 
2022-04-01 00:48:26,089 - processing completed: 64_024
2022-04-01 00:48:26,093 - processing started: 66_025 
2022-04-01 00:48:26,188 - processing completed: 66_025
2022-04-01 00:48:26,192 - processing started: 68_026 
2022-04-01 00:48:26,346 - processing completed: 68_026
2022-04-01 00:48:26,349 - processing started: 70_027 
2022-04-01 00:48:26,440 - processing completed: 70_027
2022-04-01 00:48:26,443 - processing started: 72_028 
2022-04-01 00:48:26,588 - processing completed: 72_028
2022-04-01 00:48:26,592 - processing started: 74_028 
2022-04-01 00:48:26,681 - processing completed: 74_028
2022-04-01 00:48:26,685 - processing started: 76_029 
2022-04-01 00:48:26,834 - processing completed: 76_029
2022-04-01 00:48:26,837 - processing started: 78_030 
2022-04-01 00:48:26,939 - processing completed: 78_030
2022-04-01 00:48:26,943 - processing started: 80_031 
2022-04-01 00:48:27,118 - processing completed: 80_031
2022-04-01 00:48:27,123 - processing started: 82_031 
2022-04-01 00:48:27,229 - processing completed: 82_031
2022-04-01 00:48:27,233 - processing started: 84_032 
2022-04-01 00:48:27,451 - processing completed: 84_032
2022-04-01 00:48:27,456 - processing started: 86_032 
2022-04-01 00:48:27,596 - processing completed: 86_032
2022-04-01 00:48:27,600 - processing started: 88_033 
2022-04-01 00:48:27,756 - processing completed: 88_033
2022-04-01 00:48:27,760 - processing started: 90_033 
2022-04-01 00:48:27,860 - processing completed: 90_033
2022-04-01 00:48:27,864 - processing started: 92_033 
2022-04-01 00:48:28,022 - processing completed: 92_033
2022-04-01 00:48:28,025 - processing started: 94_034 
2022-04-01 00:48:28,189 - processing completed: 94_034
2022-04-01 00:48:28,194 - processing started: 96_035 
2022-04-01 00:48:28,292 - processing completed: 96_035
2022-04-01 00:48:28,296 - processing started: 98_035 
2022-04-01 00:48:28,457 - processing completed: 98_035
2022-04-01 00:48:28,461 - processing started: 100_036 
2022-04-01 00:48:28,567 - processing completed: 100_036
2022-04-01 00:48:28,572 - processing started: 102_037 
2022-04-01 00:48:28,754 - processing completed: 102_037
2022-04-01 00:48:28,759 - processing started: 104_038 
2022-04-01 00:48:28,867 - processing completed: 104_038
2022-04-01 00:48:28,871 - processing started: 106_039 
2022-04-01 00:48:29,039 - processing completed: 106_039
2022-04-01 00:48:29,044 - processing started: 108_039 
2022-04-01 00:48:29,152 - processing completed: 108_039
2022-04-01 00:48:29,155 - processing started: 110_040 
2022-04-01 00:48:29,316 - processing completed: 110_040
2022-04-01 00:48:29,320 - processing started: 112_040 
2022-04-01 00:48:29,421 - processing completed: 112_040
2022-04-01 00:48:29,425 - processing started: 114_040 
2022-04-01 00:48:29,586 - processing completed: 114_040
2022-04-01 00:48:29,589 - processing started: 116_041 
2022-04-01 00:48:29,695 - processing completed: 116_041
2022-04-01 00:48:29,713 - processing started: 118_042 
2022-04-01 00:48:29,872 - processing completed: 118_042
2022-04-01 00:48:29,876 - processing started: 120_042 
2022-04-01 00:48:29,976 - processing completed: 120_042
2022-04-01 00:48:29,980 - processing started: 122_043 
2022-04-01 00:48:30,133 - processing completed: 122_043
2022-04-01 00:48:30,138 - processing started: 124_044 
2022-04-01 00:48:30,314 - processing completed: 124_044
2022-04-01 00:48:30,318 - processing started: 126_044 
2022-04-01 00:48:30,424 - processing completed: 126_044
2022-04-01 00:48:30,429 - processing started: 128_045 
2022-04-01 00:48:30,600 - processing completed: 128_045
2022-04-01 00:48:30,604 - processing started: 130_046 
2022-04-01 00:48:30,707 - processing completed: 130_046
2022-04-01 00:48:30,711 - processing started: 132_047 
2022-04-01 00:48:30,876 - processing completed: 132_047
2022-04-01 00:48:30,880 - processing started: 134_048 
2022-04-01 00:48:30,980 - processing completed: 134_048
2022-04-01 00:48:30,983 - processing started: 136_048 
2022-04-01 00:48:31,139 - processing completed: 136_048
2022-04-01 00:48:31,142 - processing started: 138_049 
2022-04-01 00:48:31,250 - processing completed: 138_049
2022-04-01 00:48:31,254 - processing started: 140_050 
2022-04-01 00:48:31,410 - processing completed: 140_050
2022-04-01 00:48:31,413 - processing started: 142_050 
2022-04-01 00:48:31,513 - processing completed: 142_050
2022-04-01 00:48:31,517 - processing started: 144_051 
2022-04-01 00:48:31,680 - processing completed: 144_051
2022-04-01 00:48:31,685 - processing started: 146_051 
2022-04-01 00:48:31,790 - processing completed: 146_051
2022-04-01 00:48:31,793 - processing started: 148_052 
2022-04-01 00:48:31,967 - processing completed: 148_052
2022-04-01 00:48:31,971 - processing started: 150_053 
2022-04-01 00:48:32,079 - processing completed: 150_053
2022-04-01 00:48:32,083 - processing started: 152_054 
2022-04-01 00:48:32,243 - processing completed: 152_054
2022-04-01 00:48:32,247 - processing started: 154_055 
2022-04-01 00:48:32,418 - processing completed: 154_055
2022-04-01 00:48:32,422 - processing started: 156_056 
2022-04-01 00:48:32,526 - processing completed: 156_056
2022-04-01 00:48:32,529 - processing started: 158_057 
2022-04-01 00:48:32,683 - processing completed: 158_057
2022-04-01 00:48:32,687 - processing started: 160_058 
2022-04-01 00:48:32,846 - processing completed: 160_058
2022-04-01 00:48:32,852 - processing started: 162_058 
2022-04-01 00:48:33,064 - processing completed: 162_058
2022-04-01 00:48:33,069 - processing started: 164_059 
2022-04-01 00:48:33,164 - processing completed: 164_059
2022-04-01 00:48:33,168 - processing started: 166_060 
2022-04-01 00:48:33,312 - processing completed: 166_060
2022-04-01 00:48:33,316 - processing started: 168_061 
2022-04-01 00:48:33,413 - processing completed: 168_061
2022-04-01 00:48:33,416 - processing started: 170_062 
2022-04-01 00:48:33,585 - processing completed: 170_062
2022-04-01 00:48:33,589 - processing started: 172_062 
2022-04-01 00:48:33,694 - processing completed: 172_062
2022-04-01 00:48:33,699 - processing started: 174_063 
2022-04-01 00:48:33,945 - processing completed: 174_063
2022-04-01 00:48:33,950 - processing started: 176_064 
2022-04-01 00:48:34,131 - processing completed: 176_064
2022-04-01 00:48:34,138 - processing started: 178_064 
2022-04-01 00:48:34,372 - processing completed: 178_064
2022-04-01 00:48:34,378 - processing started: 180_065 
2022-04-01 00:48:34,626 - processing completed: 180_065
2022-04-01 00:48:34,633 - processing started: 182_066 
2022-04-01 00:48:34,823 - processing completed: 182_066
2022-04-01 00:48:34,830 - processing started: 184_066 
2022-04-01 00:48:35,088 - processing completed: 184_066
2022-04-01 00:48:35,094 - processing started: 186_066 
2022-04-01 00:48:35,286 - processing completed: 186_066
2022-04-01 00:48:35,292 - processing started: 188_067 
2022-04-01 00:48:35,398 - processing completed: 188_067
2022-04-01 00:48:35,400 - processing started: 190_067 
2022-04-01 00:48:35,533 - processing completed: 190_067
2022-04-01 00:48:35,537 - processing started: 192_067 
2022-04-01 00:48:35,780 - processing completed: 192_067
2022-04-01 00:48:35,786 - processing started: 194_068 
2022-04-01 00:48:35,915 - processing completed: 194_068
2022-04-01 00:48:35,919 - processing started: 196_069 
2022-04-01 00:48:36,108 - processing completed: 196_069
2022-04-01 00:48:36,112 - processing started: 198_069 
2022-04-01 00:48:36,246 - processing completed: 198_069
2022-04-01 00:48:36,250 - processing started: 200_070 
2022-04-01 00:48:36,359 - processing completed: 200_070
2022-04-01 00:48:36,361 - processing started: 202_071 
2022-04-01 00:48:36,552 - processing completed: 202_071
2022-04-01 00:48:36,563 - processing started: 204_072 
2022-04-01 00:48:36,836 - processing completed: 204_072
2022-04-01 00:48:36,841 - processing started: 206_072 
2022-04-01 00:48:37,038 - processing completed: 206_072
2022-04-01 00:48:37,045 - processing started: 208_073 
2022-04-01 00:48:37,288 - processing completed: 208_073
2022-04-01 00:48:37,295 - processing started: 210_074 
2022-04-01 00:48:37,553 - processing completed: 210_074
2022-04-01 00:48:37,559 - processing started: 212_075 
2022-04-01 00:48:37,752 - processing completed: 212_075
2022-04-01 00:48:37,758 - processing started: 214_076 
2022-04-01 00:48:38,007 - processing completed: 214_076
2022-04-01 00:48:38,013 - processing started: 216_077 
2022-04-01 00:48:38,214 - processing completed: 216_077
2022-04-01 00:48:38,219 - processing started: 218_078 
2022-04-01 00:48:38,486 - processing completed: 218_078
2022-04-01 00:48:38,492 - processing started: 220_079 
2022-04-01 00:48:38,688 - processing completed: 220_079
2022-04-01 00:48:38,694 - processing started: 222_079 
2022-04-01 00:48:38,944 - processing completed: 222_079
2022-04-01 00:48:38,950 - processing started: 224_080 
2022-04-01 00:48:39,038 - processing completed: 224_080
2022-04-01 00:48:39,041 - processing started: 226_081 
2022-04-01 00:48:39,219 - processing completed: 226_081
2022-04-01 00:48:39,224 - processing started: 228_081 
2022-04-01 00:48:39,341 - processing completed: 228_081
2022-04-01 00:48:39,347 - processing started: 230_081 
2022-04-01 00:48:39,519 - processing completed: 230_081
2022-04-01 00:48:39,523 - processing started: 232_082 
2022-04-01 00:48:39,640 - processing completed: 232_082
2022-04-01 00:48:39,645 - processing started: 234_082 
2022-04-01 00:48:39,829 - processing completed: 234_082
2022-04-01 00:48:39,834 - processing started: 236_083 
2022-04-01 00:48:39,958 - processing completed: 236_083
2022-04-01 00:48:39,966 - processing started: 238_084 
2022-04-01 00:48:40,148 - processing completed: 238_084
2022-04-01 00:48:40,153 - processing started: 240_085 
2022-04-01 00:48:40,331 - processing completed: 240_085
2022-04-01 00:48:40,336 - processing started: 242_086 
2022-04-01 00:48:40,469 - processing completed: 242_086
2022-04-01 00:48:40,474 - processing started: 244_087 
2022-04-01 00:48:40,649 - processing completed: 244_087
2022-04-01 00:48:40,653 - processing started: 246_088 
2022-04-01 00:48:40,770 - processing completed: 246_088
2022-04-01 00:48:40,775 - processing started: 248_088 
2022-04-01 00:48:40,953 - processing completed: 248_088
2022-04-01 00:48:40,957 - processing started: 250_089 
2022-04-01 00:48:41,029 - processing completed: 250_089
2022-04-01 00:48:41,032 - processing started: 252_090 
2022-04-01 00:48:41,167 - processing completed: 252_090
2022-04-01 00:48:41,171 - processing started: 254_091 
2022-04-01 00:48:41,245 - processing completed: 254_091
2022-04-01 00:48:41,248 - processing started: 256_092 
2022-04-01 00:48:41,395 - processing completed: 256_092
2022-04-01 00:48:41,398 - processing started: 258_093 
2022-04-01 00:48:41,494 - processing completed: 258_093
2022-04-01 00:48:41,498 - processing started: 260_094 
2022-04-01 00:48:41,655 - processing completed: 260_094
2022-04-01 00:48:41,660 - processing started: 262_094 
2022-04-01 00:48:41,752 - processing completed: 262_094
2022-04-01 00:48:41,756 - processing started: 264_095 
2022-04-01 00:48:41,901 - processing completed: 264_095
2022-04-01 00:48:41,905 - processing started: 266_096 
2022-04-01 00:48:41,994 - processing completed: 266_096
2022-04-01 00:48:41,999 - processing started: 268_097 
2022-04-01 00:48:42,146 - processing completed: 268_097
2022-04-01 00:48:42,150 - processing started: 270_098 
2022-04-01 00:48:42,300 - processing completed: 270_098
2022-04-01 00:48:42,304 - processing started: 272_099 
2022-04-01 00:48:42,385 - processing completed: 272_099
2022-04-01 00:48:42,388 - processing started: 274_100 
2022-04-01 00:48:42,564 - processing completed: 274_100
2022-04-01 00:48:42,569 - processing started: 276_101 
2022-04-01 00:48:42,652 - processing completed: 276_101
2022-04-01 00:48:42,656 - processing started: 278_102 
2022-04-01 00:48:42,793 - processing completed: 278_102
2022-04-01 00:48:42,796 - processing started: 280_103 
2022-04-01 00:48:42,868 - processing completed: 280_103
2022-04-01 00:48:42,872 - processing started: 282_103 
2022-04-01 00:48:43,023 - processing completed: 282_103
2022-04-01 00:48:43,027 - processing started: 284_104 
2022-04-01 00:48:43,107 - processing completed: 284_104
2022-04-01 00:48:43,112 - processing started: 286_105 
2022-04-01 00:48:43,260 - processing completed: 286_105
2022-04-01 00:48:43,263 - processing started: 288_106 
2022-04-01 00:48:43,341 - processing completed: 288_106
2022-04-01 00:48:43,345 - processing started: 290_107 
2022-04-01 00:48:43,487 - processing completed: 290_107
2022-04-01 00:48:43,492 - processing started: 292_108 
2022-04-01 00:48:43,565 - processing completed: 292_108
2022-04-01 00:48:43,568 - processing started: 294_108 
2022-04-01 00:48:43,696 - processing completed: 294_108
2022-04-01 00:48:43,699 - processing started: 296_109 
2022-04-01 00:48:43,772 - processing completed: 296_109
2022-04-01 00:48:43,775 - processing started: 298_110 
2022-04-01 00:48:43,912 - processing completed: 298_110
2022-04-01 00:48:43,916 - processing started: 300_111 
2022-04-01 00:48:44,046 - processing completed: 300_111
2022-04-01 00:48:44,051 - processing started: 302_112 
2022-04-01 00:48:44,125 - processing completed: 302_112
2022-04-01 00:48:44,128 - processing started: 304_113 
2022-04-01 00:48:44,258 - processing completed: 304_113
2022-04-01 00:48:44,261 - processing started: 306_114 
2022-04-01 00:48:44,375 - processing completed: 306_114
2022-04-01 00:48:44,379 - processing started: 308_115 
2022-04-01 00:48:44,571 - processing completed: 308_115
2022-04-01 00:48:44,578 - processing started: 310_116 
2022-04-01 00:48:44,703 - processing completed: 310_116
2022-04-01 00:48:44,708 - processing started: 312_117 
2022-04-01 00:48:44,896 - processing completed: 312_117
2022-04-01 00:48:44,901 - processing started: 314_117 
2022-04-01 00:48:45,018 - processing completed: 314_117
2022-04-01 00:48:45,023 - processing started: 316_118 
2022-04-01 00:48:45,198 - processing completed: 316_118
2022-04-01 00:48:45,203 - processing started: 318_119 
2022-04-01 00:48:45,317 - processing completed: 318_119
2022-04-01 00:48:45,322 - processing started: 320_120 
2022-04-01 00:48:45,466 - processing completed: 320_120
2022-04-01 00:48:45,470 - processing started: 322_120 
2022-04-01 00:48:45,559 - processing completed: 322_120
2022-04-01 00:48:45,563 - processing started: 324_121 
2022-04-01 00:48:45,737 - processing completed: 324_121
2022-04-01 00:48:45,742 - processing started: 326_122 
2022-04-01 00:48:45,857 - processing completed: 326_122
2022-04-01 00:48:45,862 - processing started: 328_123 
2022-04-01 00:48:46,040 - processing completed: 328_123
2022-04-01 00:48:46,045 - processing started: 330_123 
2022-04-01 00:48:46,224 - processing completed: 330_123
2022-04-01 00:48:46,229 - processing started: 332_124 
2022-04-01 00:48:46,356 - processing completed: 332_124
2022-04-01 00:48:46,362 - processing started: 334_124 
2022-04-01 00:48:46,551 - processing completed: 334_124
2022-04-01 00:48:46,556 - processing started: 336_124 
2022-04-01 00:48:46,678 - processing completed: 336_124
2022-04-01 00:48:46,683 - processing started: 338_124 
2022-04-01 00:48:46,859 - processing completed: 338_124
2022-04-01 00:48:46,864 - processing started: 340_125 
2022-04-01 00:48:46,982 - processing completed: 340_125
2022-04-01 00:48:46,987 - processing started: 342_126 
2022-04-01 00:48:47,159 - processing completed: 342_126
2022-04-01 00:48:47,164 - processing started: 344_126 
2022-04-01 00:48:47,281 - processing completed: 344_126
2022-04-01 00:48:47,286 - processing started: 346_127 
2022-04-01 00:48:47,459 - processing completed: 346_127
2022-04-01 00:48:47,464 - processing started: 348_128 
2022-04-01 00:48:47,580 - processing completed: 348_128
2022-04-01 00:48:47,584 - processing started: 350_129 
2022-04-01 00:48:47,758 - processing completed: 350_129
2022-04-01 00:48:47,762 - processing started: 352_130 
2022-04-01 00:48:47,878 - processing completed: 352_130
2022-04-01 00:48:47,882 - processing started: 354_131 
2022-04-01 00:48:48,073 - processing completed: 354_131
2022-04-01 00:48:48,081 - processing started: 356_132 
2022-04-01 00:48:48,205 - processing completed: 356_132
2022-04-01 00:48:48,210 - processing started: 358_133 
2022-04-01 00:48:48,395 - processing completed: 358_133
2022-04-01 00:48:48,400 - processing started: 360_134 
2022-04-01 00:48:48,576 - processing completed: 360_134
2022-04-01 00:48:48,580 - processing started: 362_134 
2022-04-01 00:48:48,696 - processing completed: 362_134
2022-04-01 00:48:48,701 - processing started: 364_134 
2022-04-01 00:48:48,875 - processing completed: 364_134
2022-04-01 00:48:48,880 - processing started: 366_135 
2022-04-01 00:48:48,993 - processing completed: 366_135
2022-04-01 00:48:48,998 - processing started: 368_136 
2022-04-01 00:48:49,175 - processing completed: 368_136
2022-04-01 00:48:49,180 - processing started: 370_137 
2022-04-01 00:48:49,293 - processing completed: 370_137
2022-04-01 00:48:49,297 - processing started: 372_138 
2022-04-01 00:48:49,466 - processing completed: 372_138
2022-04-01 00:48:49,470 - processing started: 374_139 
2022-04-01 00:48:49,595 - processing completed: 374_139
2022-04-01 00:48:49,601 - processing started: 376_140 
2022-04-01 00:48:49,790 - processing completed: 376_140
2022-04-01 00:48:49,796 - processing started: 378_140 
2022-04-01 00:48:49,921 - processing completed: 378_140
2022-04-01 00:48:49,926 - processing started: 380_141 
2022-04-01 00:48:50,100 - processing completed: 380_141
2022-04-01 00:48:50,106 - processing started: 382_142 
2022-04-01 00:48:50,222 - processing completed: 382_142
2022-04-01 00:48:50,227 - processing started: 384_143 
2022-04-01 00:48:50,398 - processing completed: 384_143
2022-04-01 00:48:50,403 - processing started: 386_144 
2022-04-01 00:48:50,519 - processing completed: 386_144
2022-04-01 00:48:50,523 - processing started: 388_145 
2022-04-01 00:48:50,699 - processing completed: 388_145
2022-04-01 00:48:50,705 - processing started: 390_145 
2022-04-01 00:48:50,880 - processing completed: 390_145
2022-04-01 00:48:50,884 - processing started: 392_145 
2022-04-01 00:48:50,999 - processing completed: 392_145
2022-04-01 00:48:51,003 - processing started: 394_146 
2022-04-01 00:48:51,194 - processing completed: 394_146
2022-04-01 00:48:51,199 - processing started: 396_147 
2022-04-01 00:48:51,322 - processing completed: 396_147
2022-04-01 00:48:51,327 - processing started: 398_147 
2022-04-01 00:48:51,509 - processing completed: 398_147
2022-04-01 00:48:51,513 - processing started: 400_148 
2022-04-01 00:48:51,631 - processing completed: 400_148
2022-04-01 00:48:51,636 - processing started: 402_149 
2022-04-01 00:48:51,808 - processing completed: 402_149
2022-04-01 00:48:51,813 - processing started: 404_149 
2022-04-01 00:48:51,929 - processing completed: 404_149
2022-04-01 00:48:51,933 - processing started: 406_150 
2022-04-01 00:48:52,107 - processing completed: 406_150
2022-04-01 00:48:52,113 - processing started: 408_151 
2022-04-01 00:48:52,230 - processing completed: 408_151
2022-04-01 00:48:52,235 - processing started: 410_152 
2022-04-01 00:48:52,411 - processing completed: 410_152
2022-04-01 00:48:52,415 - processing started: 412_153 
2022-04-01 00:48:52,531 - processing completed: 412_153
2022-04-01 00:48:52,534 - processing started: 414_154 
2022-04-01 00:48:52,708 - processing completed: 414_154
2022-04-01 00:48:52,712 - processing started: 416_155 
2022-04-01 00:48:52,839 - processing completed: 416_155
2022-04-01 00:48:52,842 - processing started: 418_156 
2022-04-01 00:48:53,033 - processing completed: 418_156
2022-04-01 00:48:53,038 - processing started: 420_157 
2022-04-01 00:48:53,227 - processing completed: 420_157
2022-04-01 00:48:53,231 - processing started: 422_157 
2022-04-01 00:48:53,348 - processing completed: 422_157
2022-04-01 00:48:53,353 - processing started: 424_158 
2022-04-01 00:48:53,527 - processing completed: 424_158
2022-04-01 00:48:53,532 - processing started: 426_159 
2022-04-01 00:48:53,647 - processing completed: 426_159
2022-04-01 00:48:53,652 - processing started: 428_160 
2022-04-01 00:48:53,829 - processing completed: 428_160
2022-04-01 00:48:53,833 - processing started: 430_160 
2022-04-01 00:48:53,951 - processing completed: 430_160
2022-04-01 00:48:53,956 - processing started: 432_161 
2022-04-01 00:48:54,128 - processing completed: 432_161
2022-04-01 00:48:54,134 - processing started: 434_162 
2022-04-01 00:48:54,250 - processing completed: 434_162
2022-04-01 00:48:54,255 - processing started: 436_163 
2022-04-01 00:48:54,428 - processing completed: 436_163
2022-04-01 00:48:54,432 - processing started: 438_164 
2022-04-01 00:48:54,557 - processing completed: 438_164
2022-04-01 00:48:54,562 - processing started: 440_165 
2022-04-01 00:48:54,755 - processing completed: 440_165
2022-04-01 00:48:54,761 - processing started: 442_166 
2022-04-01 00:48:54,880 - processing completed: 442_166
2022-04-01 00:48:54,885 - processing started: 444_167 
2022-04-01 00:48:55,063 - processing completed: 444_167
2022-04-01 00:48:55,068 - processing started: 446_167 
2022-04-01 00:48:55,243 - processing completed: 446_167
2022-04-01 00:48:55,248 - processing started: 448_168 
2022-04-01 00:48:55,364 - processing completed: 448_168
2022-04-01 00:48:55,369 - processing started: 450_168 
2022-04-01 00:48:55,543 - processing completed: 450_168
2022-04-01 00:48:55,548 - processing started: 452_169 
2022-04-01 00:48:55,663 - processing completed: 452_169
2022-04-01 00:48:55,667 - processing started: 454_170 
2022-04-01 00:48:55,843 - processing completed: 454_170
2022-04-01 00:48:55,848 - processing started: 456_171 
2022-04-01 00:48:55,966 - processing completed: 456_171
2022-04-01 00:48:55,971 - processing started: 458_171 
2022-04-01 00:48:56,163 - processing completed: 458_171
2022-04-01 00:48:56,169 - processing started: 460_172 
2022-04-01 00:48:56,292 - processing completed: 460_172
2022-04-01 00:48:56,298 - processing started: 462_173 
2022-04-01 00:48:56,480 - processing completed: 462_173
2022-04-01 00:48:56,485 - processing started: 464_174 
2022-04-01 00:48:56,603 - processing completed: 464_174
2022-04-01 00:48:56,607 - processing started: 466_174 
2022-04-01 00:48:56,777 - processing completed: 466_174
2022-04-01 00:48:56,781 - processing started: 468_175 
2022-04-01 00:48:56,895 - processing completed: 468_175
2022-04-01 00:48:56,900 - processing started: 470_176 
2022-04-01 00:48:57,069 - processing completed: 470_176
2022-04-01 00:48:57,074 - processing started: 472_177 
2022-04-01 00:48:57,190 - processing completed: 472_177
2022-04-01 00:48:57,195 - processing started: 474_178 
2022-04-01 00:48:57,373 - processing completed: 474_178
2022-04-01 00:48:57,377 - processing started: 476_178 
2022-04-01 00:48:57,550 - processing completed: 476_178
2022-04-01 00:48:57,554 - processing started: 478_179 
2022-04-01 00:48:57,670 - processing completed: 478_179
2022-04-01 00:48:57,674 - processing started: 480_180 
2022-04-01 00:48:57,866 - processing completed: 480_180
2022-04-01 00:48:57,872 - processing started: 482_180 
2022-04-01 00:48:58,002 - processing completed: 482_180
2022-04-01 00:48:58,007 - processing started: 484_181 
2022-04-01 00:48:58,184 - processing completed: 484_181
2022-04-01 00:48:58,188 - processing started: 486_182 
2022-04-01 00:48:58,303 - processing completed: 486_182
2022-04-01 00:48:58,308 - processing started: 488_183 
2022-04-01 00:48:58,482 - processing completed: 488_183
2022-04-01 00:48:58,486 - processing started: 490_183 
2022-04-01 00:48:58,604 - processing completed: 490_183
2022-04-01 00:48:58,608 - processing started: 492_184 
2022-04-01 00:48:58,781 - processing completed: 492_184
2022-04-01 00:48:58,786 - processing started: 494_184 
2022-04-01 00:48:58,902 - processing completed: 494_184
2022-04-01 00:48:58,908 - processing started: 496_185 
2022-04-01 00:48:59,081 - processing completed: 496_185
2022-04-01 00:48:59,086 - processing started: 498_186 
2022-04-01 00:48:59,205 - processing completed: 498_186
2022-04-01 00:48:59,210 - processing started: 500_187 
2022-04-01 00:48:59,398 - processing completed: 500_187
2022-04-01 00:48:59,403 - processing started: 502_188 
2022-04-01 00:48:59,527 - processing completed: 502_188
2022-04-01 00:48:59,533 - processing started: 504_188 
2022-04-01 00:48:59,718 - processing completed: 504_188
2022-04-01 00:48:59,724 - processing started: 506_189 
2022-04-01 00:48:59,876 - processing completed: 506_189
2022-04-01 00:48:59,880 - processing started: 508_190 
2022-04-01 00:48:59,995 - processing completed: 508_190
2022-04-01 00:49:00,000 - processing started: 510_191 
2022-04-01 00:49:00,173 - processing completed: 510_191
2022-04-01 00:49:00,177 - processing started: 512_192 
2022-04-01 00:49:00,293 - processing completed: 512_192
2022-04-01 00:49:00,298 - processing started: 514_192 
2022-04-01 00:49:00,473 - processing completed: 514_192
2022-04-01 00:49:00,478 - processing started: 516_193 
2022-04-01 00:49:00,597 - processing completed: 516_193
2022-04-01 00:49:00,601 - processing started: 518_194 
2022-04-01 00:49:00,776 - processing completed: 518_194
2022-04-01 00:49:00,782 - processing started: 520_195 
2022-04-01 00:49:00,897 - processing completed: 520_195
2022-04-01 00:49:00,901 - processing started: 522_196 
2022-04-01 00:49:01,088 - processing completed: 522_196
2022-04-01 00:49:01,093 - processing started: 524_196 
2022-04-01 00:49:01,219 - processing completed: 524_196
2022-04-01 00:49:01,224 - processing started: 526_196 
2022-04-01 00:49:01,406 - processing completed: 526_196
2022-04-01 00:49:01,410 - processing started: 528_197 
2022-04-01 00:49:01,529 - processing completed: 528_197
2022-04-01 00:49:01,533 - processing started: 530_197 
2022-04-01 00:49:01,707 - processing completed: 530_197
2022-04-01 00:49:01,711 - processing started: 532_198 
2022-04-01 00:49:01,826 - processing completed: 532_198
2022-04-01 00:49:01,830 - processing started: 534_199 
2022-04-01 00:49:02,003 - processing completed: 534_199
2022-04-01 00:49:02,006 - processing started: 536_200 
2022-04-01 00:49:02,184 - processing completed: 536_200
2022-04-01 00:49:02,188 - processing started: 538_201 
2022-04-01 00:49:02,304 - processing completed: 538_201
2022-04-01 00:49:02,309 - processing started: 540_202 
2022-04-01 00:49:02,483 - processing completed: 540_202
2022-04-01 00:49:02,488 - processing started: 542_203 
2022-04-01 00:49:02,603 - processing completed: 542_203
2022-04-01 00:49:02,612 - processing started: 544_204 
2022-04-01 00:49:02,831 - processing completed: 544_204
2022-04-01 00:49:02,837 - processing started: 546_205 
2022-04-01 00:49:02,957 - processing completed: 546_205
2022-04-01 00:49:02,962 - processing started: 548_206 
2022-04-01 00:49:03,140 - processing completed: 548_206
2022-04-01 00:49:03,145 - processing started: 550_207 
2022-04-01 00:49:03,261 - processing completed: 550_207
2022-04-01 00:49:03,265 - processing started: 552_207 
2022-04-01 00:49:03,436 - processing completed: 552_207
2022-04-01 00:49:03,440 - processing started: 554_208 
2022-04-01 00:49:03,556 - processing completed: 554_208
2022-04-01 00:49:03,560 - processing started: 556_209 
2022-04-01 00:49:03,731 - processing completed: 556_209
2022-04-01 00:49:03,737 - processing started: 558_210 
2022-04-01 00:49:03,853 - processing completed: 558_210
2022-04-01 00:49:03,858 - processing started: 560_211 
2022-04-01 00:49:04,031 - processing completed: 560_211
2022-04-01 00:49:04,036 - processing started: 562_212 
2022-04-01 00:49:04,152 - processing completed: 562_212
2022-04-01 00:49:04,157 - processing started: 564_213 
2022-04-01 00:49:04,348 - processing completed: 564_213
2022-04-01 00:49:04,353 - processing started: 566_214 
2022-04-01 00:49:04,565 - processing completed: 566_214
2022-04-01 00:49:04,570 - processing started: 568_214 
2022-04-01 00:49:04,689 - processing completed: 568_214
2022-04-01 00:49:04,695 - processing started: 570_214 
2022-04-01 00:49:04,877 - processing completed: 570_214
2022-04-01 00:49:04,882 - processing started: 572_215 
2022-04-01 00:49:04,997 - processing completed: 572_215
2022-04-01 00:49:05,003 - processing started: 574_216 
2022-04-01 00:49:05,185 - processing completed: 574_216
2022-04-01 00:49:05,190 - processing started: 576_217 
2022-04-01 00:49:05,305 - processing completed: 576_217
2022-04-01 00:49:05,310 - processing started: 578_218 
2022-04-01 00:49:05,488 - processing completed: 578_218
2022-04-01 00:49:05,494 - processing started: 580_219 
2022-04-01 00:49:05,612 - processing completed: 580_219
2022-04-01 00:49:05,616 - processing started: 582_220 
2022-04-01 00:49:05,795 - processing completed: 582_220
2022-04-01 00:49:05,800 - processing started: 584_221 
2022-04-01 00:49:05,928 - processing completed: 584_221
2022-04-01 00:49:05,933 - processing started: 586_221 
2022-04-01 00:49:06,130 - processing completed: 586_221
2022-04-01 00:49:06,136 - processing started: 588_222 
2022-04-01 00:49:06,255 - processing completed: 588_222
2022-04-01 00:49:06,261 - processing started: 590_222 
2022-04-01 00:49:06,440 - processing completed: 590_222
2022-04-01 00:49:06,445 - processing started: 592_223 
2022-04-01 00:49:06,535 - processing completed: 592_223
2022-04-01 00:49:06,539 - processing started: 594_224 
2022-04-01 00:49:06,732 - processing completed: 594_224
2022-04-01 00:49:06,736 - processing started: 596_224 
2022-04-01 00:49:06,933 - processing completed: 596_224
2022-04-01 00:49:06,937 - processing started: 598_225 
2022-04-01 00:49:07,030 - processing completed: 598_225
2022-04-01 00:49:07,034 - processing started: 600_225 
2022-04-01 00:49:07,195 - processing completed: 600_225
2022-04-01 00:49:07,199 - processing started: 602_226 
2022-04-01 00:49:07,294 - processing completed: 602_226
2022-04-01 00:49:07,298 - processing started: 604_226 
2022-04-01 00:49:07,452 - processing completed: 604_226
2022-04-01 00:49:07,456 - processing started: 606_227 
2022-04-01 00:49:07,581 - processing completed: 606_227
2022-04-01 00:49:07,585 - processing started: 608_227 
2022-04-01 00:49:07,780 - processing completed: 608_227
2022-04-01 00:49:07,784 - processing started: 610_227 
2022-04-01 00:49:07,882 - processing completed: 610_227
2022-04-01 00:49:07,885 - processing started: 612_227 
2022-04-01 00:49:08,102 - processing completed: 612_227
2022-04-01 00:49:08,107 - processing started: 614_227 
2022-04-01 00:49:08,203 - processing completed: 614_227
2022-04-01 00:49:08,208 - processing started: 616_228 
2022-04-01 00:49:08,357 - processing completed: 616_228
2022-04-01 00:49:08,361 - processing started: 618_229 
2022-04-01 00:49:08,456 - processing completed: 618_229
2022-04-01 00:49:08,461 - processing started: 620_230 
2022-04-01 00:49:08,612 - processing completed: 620_230
2022-04-01 00:49:08,616 - processing started: 622_230 
2022-04-01 00:49:08,712 - processing completed: 622_230
2022-04-01 00:49:08,716 - processing started: 624_231 
2022-04-01 00:49:08,863 - processing completed: 624_231
2022-04-01 00:49:08,867 - processing started: 626_232 
2022-04-01 00:49:09,016 - processing completed: 626_232
2022-04-01 00:49:09,019 - processing started: 628_232 
2022-04-01 00:49:09,109 - processing completed: 628_232
2022-04-01 00:49:09,114 - processing started: 630_232 
2022-04-01 00:49:09,291 - processing completed: 630_232
2022-04-01 00:49:09,294 - processing started: 632_233 
2022-04-01 00:49:09,391 - processing completed: 632_233
2022-04-01 00:49:09,397 - processing started: 634_234 
2022-04-01 00:49:09,554 - processing completed: 634_234
2022-04-01 00:49:09,558 - processing started: 636_234 
2022-04-01 00:49:09,649 - processing completed: 636_234
2022-04-01 00:49:09,653 - processing started: 638_235 
2022-04-01 00:49:09,829 - processing completed: 638_235
2022-04-01 00:49:09,833 - processing started: 640_236 
2022-04-01 00:49:09,948 - processing completed: 640_236
2022-04-01 00:49:09,952 - processing started: 642_236 
2022-04-01 00:49:10,130 - processing completed: 642_236
2022-04-01 00:49:10,134 - processing started: 644_237 
2022-04-01 00:49:10,250 - processing completed: 644_237
2022-04-01 00:49:10,255 - processing started: 646_238 
2022-04-01 00:49:10,431 - processing completed: 646_238
2022-04-01 00:49:10,437 - processing started: 648_239 
2022-04-01 00:49:10,552 - processing completed: 648_239
2022-04-01 00:49:10,556 - processing started: 650_240 
2022-04-01 00:49:10,730 - processing completed: 650_240
2022-04-01 00:49:10,734 - processing started: 652_240 
2022-04-01 00:49:10,857 - processing completed: 652_240
2022-04-01 00:49:10,861 - processing started: 654_241 
2022-04-01 00:49:11,050 - processing completed: 654_241
2022-04-01 00:49:11,054 - processing started: 656_242 
2022-04-01 00:49:11,242 - processing completed: 656_242
2022-04-01 00:49:11,248 - processing started: 658_243 
2022-04-01 00:49:11,367 - processing completed: 658_243
2022-04-01 00:49:11,371 - processing started: 660_243 
2022-04-01 00:49:11,546 - processing completed: 660_243
2022-04-01 00:49:11,550 - processing started: 662_244 
2022-04-01 00:49:11,628 - processing completed: 662_244
2022-04-01 00:49:11,631 - processing started: 664_245 
2022-04-01 00:49:11,763 - processing completed: 664_245
2022-04-01 00:49:11,767 - processing started: 666_246 
2022-04-01 00:49:11,844 - processing completed: 666_246
2022-04-01 00:49:11,847 - processing started: 668_247 
2022-04-01 00:49:11,981 - processing completed: 668_247
2022-04-01 00:49:11,984 - processing started: 670_248 
2022-04-01 00:49:12,056 - processing completed: 670_248
2022-04-01 00:49:12,059 - processing started: 672_248 
2022-04-01 00:49:12,189 - processing completed: 672_248
2022-04-01 00:49:12,193 - processing started: 674_249 
2022-04-01 00:49:12,268 - processing completed: 674_249
2022-04-01 00:49:12,271 - processing started: 676_250 
2022-04-01 00:49:12,400 - processing completed: 676_250
2022-04-01 00:49:12,403 - processing started: 678_251 
2022-04-01 00:49:12,480 - processing completed: 678_251
2022-04-01 00:49:12,485 - processing started: 680_252 
2022-04-01 00:49:12,635 - processing completed: 680_252
2022-04-01 00:49:12,639 - processing started: 682_252 
2022-04-01 00:49:12,715 - processing completed: 682_252
2022-04-01 00:49:12,720 - processing started: 684_253 
2022-04-01 00:49:12,882 - processing completed: 684_253
2022-04-01 00:49:12,887 - processing started: 686_254 
2022-04-01 00:49:13,049 - processing completed: 686_254
2022-04-01 00:49:13,054 - processing started: 688_255 
2022-04-01 00:49:13,153 - processing completed: 688_255
2022-04-01 00:49:13,157 - processing started: 690_256 
2022-04-01 00:49:13,321 - processing completed: 690_256
2022-04-01 00:49:13,324 - processing started: 692_257 
2022-04-01 00:49:13,424 - processing completed: 692_257
2022-04-01 00:49:13,428 - processing started: 694_257 
2022-04-01 00:49:13,585 - processing completed: 694_257
2022-04-01 00:49:13,588 - processing started: 696_258 
2022-04-01 00:49:13,687 - processing completed: 696_258
2022-04-01 00:49:13,691 - processing started: 698_258 
2022-04-01 00:49:13,846 - processing completed: 698_258
2022-04-01 00:49:13,850 - processing started: 700_259 
2022-04-01 00:49:13,935 - processing completed: 700_259
2022-04-01 00:49:13,939 - processing started: 702_260 
2022-04-01 00:49:14,099 - processing completed: 702_260
2022-04-01 00:49:14,104 - processing started: 704_261 
2022-04-01 00:49:14,208 - processing completed: 704_261
2022-04-01 00:49:14,212 - processing started: 706_261 
2022-04-01 00:49:14,400 - processing completed: 706_261
2022-04-01 00:49:14,404 - processing started: 708_262 
2022-04-01 00:49:14,502 - processing completed: 708_262
2022-04-01 00:49:14,506 - processing started: 710_263 
2022-04-01 00:49:14,685 - processing completed: 710_263
2022-04-01 00:49:14,689 - processing started: 712_264 
2022-04-01 00:49:14,841 - processing completed: 712_264
2022-04-01 00:49:14,845 - processing started: 714_264 
2022-04-01 00:49:14,935 - processing completed: 714_264
2022-04-01 00:49:14,939 - processing started: 716_265 
2022-04-01 00:49:15,087 - processing completed: 716_265
2022-04-01 00:49:15,091 - processing started: 718_266 
2022-04-01 00:49:15,183 - processing completed: 718_266
2022-04-01 00:49:15,188 - processing started: 720_267 
2022-04-01 00:49:15,338 - processing completed: 720_267
2022-04-01 00:49:15,342 - processing started: 722_267 
2022-04-01 00:49:15,433 - processing completed: 722_267
2022-04-01 00:49:15,438 - processing started: 724_267 
2022-04-01 00:49:15,587 - processing completed: 724_267
2022-04-01 00:49:15,591 - processing started: 726_268 
2022-04-01 00:49:15,686 - processing completed: 726_268
2022-04-01 00:49:15,691 - processing started: 728_268 
2022-04-01 00:49:15,850 - processing completed: 728_268
2022-04-01 00:49:15,854 - processing started: 730_268 
2022-04-01 00:49:15,957 - processing completed: 730_268
2022-04-01 00:49:15,961 - processing started: 732_268 
2022-04-01 00:49:16,118 - processing completed: 732_268
2022-04-01 00:49:16,126 - processing started: 734_268 
2022-04-01 00:49:16,222 - processing completed: 734_268
2022-04-01 00:49:16,226 - processing started: 736_269 
2022-04-01 00:49:16,389 - processing completed: 736_269
2022-04-01 00:49:16,394 - processing started: 738_270 
2022-04-01 00:49:16,498 - processing completed: 738_270
2022-04-01 00:49:16,501 - processing started: 740_271 
2022-04-01 00:49:16,664 - processing completed: 740_271
2022-04-01 00:49:16,668 - processing started: 742_272 
2022-04-01 00:49:16,811 - processing completed: 742_272
2022-04-01 00:49:16,815 - processing started: 744_272 
2022-04-01 00:49:16,903 - processing completed: 744_272
2022-04-01 00:49:16,906 - processing started: 746_273 
2022-04-01 00:49:17,057 - processing completed: 746_273
2022-04-01 00:49:17,062 - processing started: 748_274 
2022-04-01 00:49:17,147 - processing completed: 748_274
2022-04-01 00:49:17,152 - processing started: 750_274 
2022-04-01 00:49:17,294 - processing completed: 750_274
2022-04-01 00:49:17,299 - processing started: 752_275 
2022-04-01 00:49:17,388 - processing completed: 752_275
2022-04-01 00:49:17,391 - processing started: 754_275 
2022-04-01 00:49:17,539 - processing completed: 754_275
2022-04-01 00:49:17,544 - processing started: 756_276 
2022-04-01 00:49:17,640 - processing completed: 756_276
2022-04-01 00:49:17,644 - processing started: 758_277 
2022-04-01 00:49:17,811 - processing completed: 758_277
2022-04-01 00:49:17,816 - processing started: 760_278 
2022-04-01 00:49:17,919 - processing completed: 760_278
2022-04-01 00:49:17,924 - processing started: 762_278 
2022-04-01 00:49:18,088 - processing completed: 762_278
2022-04-01 00:49:18,093 - processing started: 764_279 
2022-04-01 00:49:18,184 - processing completed: 764_279
2022-04-01 00:49:18,188 - processing started: 766_280 
2022-04-01 00:49:18,327 - processing completed: 766_280
2022-04-01 00:49:18,330 - processing started: 768_281 
2022-04-01 00:49:18,412 - processing completed: 768_281
2022-04-01 00:49:18,416 - processing started: 770_282 
2022-04-01 00:49:18,552 - processing completed: 770_282
2022-04-01 00:49:18,555 - processing started: 772_283 
2022-04-01 00:49:18,700 - processing completed: 772_283
2022-04-01 00:49:18,704 - processing started: 774_284 
2022-04-01 00:49:18,779 - processing completed: 774_284
2022-04-01 00:49:18,784 - processing started: 776_285 
2022-04-01 00:49:18,922 - processing completed: 776_285
2022-04-01 00:49:18,926 - processing started: 778_285 
2022-04-01 00:49:19,008 - processing completed: 778_285
2022-04-01 00:49:19,011 - processing started: 780_286 
2022-04-01 00:49:19,226 - processing completed: 780_286
2022-04-01 00:49:19,233 - processing started: 782_287 
2022-04-01 00:49:19,318 - processing completed: 782_287
2022-04-01 00:49:19,321 - processing started: 784_288 
2022-04-01 00:49:19,464 - processing completed: 784_288
2022-04-01 00:49:19,469 - processing started: 786_289 
2022-04-01 00:49:19,547 - processing completed: 786_289
2022-04-01 00:49:19,552 - processing started: 788_290 
2022-04-01 00:49:19,693 - processing completed: 788_290
2022-04-01 00:49:19,696 - processing started: 790_290 
2022-04-01 00:49:19,773 - processing completed: 790_290
2022-04-01 00:49:19,777 - processing started: 792_291 
2022-04-01 00:49:19,907 - processing completed: 792_291
2022-04-01 00:49:19,910 - processing started: 794_292 
2022-04-01 00:49:19,986 - processing completed: 794_292
2022-04-01 00:49:19,991 - processing started: 796_293 
2022-04-01 00:49:20,093 - processing completed: 796_293
2022-04-01 00:49:20,096 - processing started: 798_294 
2022-04-01 00:49:20,142 - processing completed: 798_294
2022-04-01 00:49:20,145 - processing started: 800_295 
2022-04-01 00:49:20,279 - processing completed: 800_295
2022-04-01 00:49:20,282 - processing started: 802_296 
2022-04-01 00:49:20,419 - processing completed: 802_296
2022-04-01 00:49:20,422 - processing started: 804_296 
2022-04-01 00:49:20,499 - processing completed: 804_296
2022-04-01 00:49:20,502 - processing started: 806_297 
2022-04-01 00:49:20,713 - processing completed: 806_297
2022-04-01 00:49:20,718 - processing started: 808_298 
2022-04-01 00:49:20,794 - processing completed: 808_298
2022-04-01 00:49:20,797 - processing started: 810_299 
2022-04-01 00:49:20,932 - processing completed: 810_299
2022-04-01 00:49:20,936 - processing started: 0_0 
2022-04-01 00:49:20,937 - Closing connection (200): Normal shutdown
2022-04-01 00:49:20,937 - Closing channel (200): 'Normal shutdown' on <Channel number=1 OPEN conn=<SelectConnection OPEN transport=<pika.adapters.utils.io_services_utils._AsyncPlaintextTransport object at 0x1223cd280> params=<ConnectionParameters host=localhost port=5672 virtual_host=/ ssl=False>>>
2022-04-01 00:49:20,938 - Received <Channel.CloseOk> on <Channel number=1 CLOSING conn=<SelectConnection OPEN transport=<pika.adapters.utils.io_services_utils._AsyncPlaintextTransport object at 0x1223cd280> params=<ConnectionParameters host=localhost port=5672 virtual_host=/ ssl=False>>>
2022-04-01 00:49:20,938 - Closing connection (200): 'Normal shutdown'
2022-04-01 00:49:20,938 - Aborting transport connection: state=1; <socket.socket fd=22, family=AddressFamily.AF_INET, type=SocketKind.SOCK_STREAM, proto=6, laddr=('127.0.0.1', 58916), raddr=('127.0.0.1', 5672)>
2022-04-01 00:49:20,939 - _AsyncTransportBase._initate_abort(): Initiating abrupt asynchronous transport shutdown: state=1; error=None; <socket.socket fd=22, family=AddressFamily.AF_INET, type=SocketKind.SOCK_STREAM, proto=6, laddr=('127.0.0.1', 58916), raddr=('127.0.0.1', 5672)>
2022-04-01 00:49:20,939 - Deactivating transport: state=1; <socket.socket fd=22, family=AddressFamily.AF_INET, type=SocketKind.SOCK_STREAM, proto=6, laddr=('127.0.0.1', 58916), raddr=('127.0.0.1', 5672)>
2022-04-01 00:49:20,939 - AMQP stack terminated, failed to connect, or aborted: opened=True, error-arg=None; pending-error=ConnectionClosedByClient: (200) 'Normal shutdown'
2022-04-01 00:49:20,939 - Stack terminated due to ConnectionClosedByClient: (200) 'Normal shutdown'
2022-04-01 00:49:20,939 - Closing transport socket and unlinking: state=3; <socket.socket fd=22, family=AddressFamily.AF_INET, type=SocketKind.SOCK_STREAM, proto=6, laddr=('127.0.0.1', 58916), raddr=('127.0.0.1', 5672)>
2022-04-01 00:49:20,939 - User-initiated close: result=BlockingConnection__OnClosedArgs(connection=<SelectConnection CLOSED transport=None params=<ConnectionParameters host=localhost port=5672 virtual_host=/ ssl=False>>, error=ConnectionClosedByClient: (200) 'Normal shutdown')
2022-04-01 00:49:20,940 - PID 38943 completed loading and processing
