2022-04-07 15:26:55,135 - PID 44597 started loading and processing
2022-04-07 15:26:55,141 - Pika version 1.2.0 connecting to ('::1', 5672, 0, 0)
2022-04-07 15:26:55,142 - Socket failed to connect: <socket.socket fd=22, family=AddressFamily.AF_INET6, type=SocketKind.SOCK_STREAM, proto=6, laddr=('::1', 62632, 0, 0)>; error=61 (Connection refused)
2022-04-07 15:26:55,142 - TCP Connection attempt failed: ConnectionRefusedError(61, 'Connection refused'); dest=(<AddressFamily.AF_INET6: 30>, <SocketKind.SOCK_STREAM: 1>, 6, '', ('::1', 5672, 0, 0))
2022-04-07 15:26:55,142 - AMQPConnector - reporting failure: AMQPConnectorSocketConnectError: ConnectionRefusedError(61, 'Connection refused')
2022-04-07 15:26:55,142 - Pika version 1.2.0 connecting to ('127.0.0.1', 5672)
2022-04-07 15:26:55,142 - Socket connected: <socket.socket fd=22, family=AddressFamily.AF_INET, type=SocketKind.SOCK_STREAM, proto=6, laddr=('127.0.0.1', 62633), raddr=('127.0.0.1', 5672)>
2022-04-07 15:26:55,143 - Streaming transport linked up: (<pika.adapters.utils.io_services_utils._AsyncPlaintextTransport object at 0x118a3fd60>, _StreamingProtocolShim: <SelectConnection PROTOCOL transport=<pika.adapters.utils.io_services_utils._AsyncPlaintextTransport object at 0x118a3fd60> params=<ConnectionParameters host=localhost port=5672 virtual_host=/ ssl=False>>).
2022-04-07 15:26:55,146 - AMQPConnector - reporting success: <SelectConnection OPEN transport=<pika.adapters.utils.io_services_utils._AsyncPlaintextTransport object at 0x118a3fd60> params=<ConnectionParameters host=localhost port=5672 virtual_host=/ ssl=False>>
2022-04-07 15:26:55,147 - AMQPConnectionWorkflow - reporting success: <SelectConnection OPEN transport=<pika.adapters.utils.io_services_utils._AsyncPlaintextTransport object at 0x118a3fd60> params=<ConnectionParameters host=localhost port=5672 virtual_host=/ ssl=False>>
2022-04-07 15:26:55,147 - Connection workflow succeeded: <SelectConnection OPEN transport=<pika.adapters.utils.io_services_utils._AsyncPlaintextTransport object at 0x118a3fd60> params=<ConnectionParameters host=localhost port=5672 virtual_host=/ ssl=False>>
2022-04-07 15:26:55,147 - Created channel=1
2022-04-07 15:26:55,149 - Logging before start consuming
2022-04-07 15:26:59,448 - processing started: 1_000 
2022-04-07 15:26:59,680 - processing completed: 1_000
2022-04-07 15:26:59,708 - processing started: 3_001 
2022-04-07 15:26:59,959 - processing completed: 3_001
2022-04-07 15:26:59,965 - processing started: 5_002 
2022-04-07 15:27:00,233 - processing completed: 5_002
2022-04-07 15:27:00,240 - processing started: 7_003 
2022-04-07 15:27:00,434 - processing completed: 7_003
2022-04-07 15:27:00,439 - processing started: 9_003 
2022-04-07 15:27:00,687 - processing completed: 9_003
2022-04-07 15:27:00,693 - processing started: 11_004 
2022-04-07 15:27:00,742 - processing completed: 11_004
2022-04-07 15:27:00,744 - processing started: 13_005 
2022-04-07 15:27:01,000 - processing completed: 13_005
2022-04-07 15:27:01,006 - processing started: 15_005 
2022-04-07 15:27:01,194 - processing completed: 15_005
2022-04-07 15:27:01,200 - processing started: 17_006 
2022-04-07 15:27:01,366 - processing completed: 17_006
2022-04-07 15:27:01,371 - processing started: 19_007 
2022-04-07 15:27:01,574 - processing completed: 19_007
2022-04-07 15:27:01,582 - processing started: 21_008 
2022-04-07 15:27:01,872 - processing completed: 21_008
2022-04-07 15:27:01,879 - processing started: 23_009 
2022-04-07 15:27:02,092 - processing completed: 23_009
2022-04-07 15:27:02,098 - processing started: 25_010 
2022-04-07 15:27:02,385 - processing completed: 25_010
2022-04-07 15:27:02,392 - processing started: 27_011 
2022-04-07 15:27:02,629 - processing completed: 27_011
2022-04-07 15:27:02,636 - processing started: 29_012 
2022-04-07 15:27:02,795 - processing completed: 29_012
2022-04-07 15:27:02,799 - processing started: 31_013 
2022-04-07 15:27:02,958 - processing completed: 31_013
2022-04-07 15:27:02,963 - processing started: 33_014 
2022-04-07 15:27:03,158 - processing completed: 33_014
2022-04-07 15:27:03,163 - processing started: 35_014 
2022-04-07 15:27:03,357 - processing completed: 35_014
2022-04-07 15:27:03,361 - processing started: 37_014 
2022-04-07 15:27:03,477 - processing completed: 37_014
2022-04-07 15:27:03,481 - processing started: 39_015 
2022-04-07 15:27:03,690 - processing completed: 39_015
2022-04-07 15:27:03,696 - processing started: 41_015 
2022-04-07 15:27:03,818 - processing completed: 41_015
2022-04-07 15:27:03,824 - processing started: 43_016 
2022-04-07 15:27:04,007 - processing completed: 43_016
2022-04-07 15:27:04,011 - processing started: 45_017 
2022-04-07 15:27:04,136 - processing completed: 45_017
2022-04-07 15:27:04,141 - processing started: 47_017 
2022-04-07 15:27:04,352 - processing completed: 47_017
2022-04-07 15:27:04,357 - processing started: 49_018 
2022-04-07 15:27:04,476 - processing completed: 49_018
2022-04-07 15:27:04,481 - processing started: 51_019 
2022-04-07 15:27:04,681 - processing completed: 51_019
2022-04-07 15:27:04,686 - processing started: 53_020 
2022-04-07 15:27:04,819 - processing completed: 53_020
2022-04-07 15:27:04,824 - processing started: 55_021 
2022-04-07 15:27:05,023 - processing completed: 55_021
2022-04-07 15:27:05,027 - processing started: 57_022 
2022-04-07 15:27:05,162 - processing completed: 57_022
2022-04-07 15:27:05,166 - processing started: 59_023 
2022-04-07 15:27:05,365 - processing completed: 59_023
2022-04-07 15:27:05,370 - processing started: 61_023 
2022-04-07 15:27:05,475 - processing completed: 61_023
2022-04-07 15:27:05,486 - processing started: 63_024 
2022-04-07 15:27:05,653 - processing completed: 63_024
2022-04-07 15:27:05,658 - processing started: 65_024 
2022-04-07 15:27:05,839 - processing completed: 65_024
2022-04-07 15:27:05,843 - processing started: 67_025 
2022-04-07 15:27:05,964 - processing completed: 67_025
2022-04-07 15:27:05,968 - processing started: 69_026 
2022-04-07 15:27:06,148 - processing completed: 69_026
2022-04-07 15:27:06,152 - processing started: 71_027 
2022-04-07 15:27:06,252 - processing completed: 71_027
2022-04-07 15:27:06,256 - processing started: 73_028 
2022-04-07 15:27:06,419 - processing completed: 73_028
2022-04-07 15:27:06,423 - processing started: 75_029 
2022-04-07 15:27:06,525 - processing completed: 75_029
2022-04-07 15:27:06,530 - processing started: 77_030 
2022-04-07 15:27:06,691 - processing completed: 77_030
2022-04-07 15:27:06,695 - processing started: 79_030 
2022-04-07 15:27:06,791 - processing completed: 79_030
2022-04-07 15:27:06,794 - processing started: 81_031 
2022-04-07 15:27:06,981 - processing completed: 81_031
2022-04-07 15:27:06,984 - processing started: 83_032 
2022-04-07 15:27:07,126 - processing completed: 83_032
2022-04-07 15:27:07,131 - processing started: 85_032 
2022-04-07 15:27:07,337 - processing completed: 85_032
2022-04-07 15:27:07,342 - processing started: 87_032 
2022-04-07 15:27:07,496 - processing completed: 87_032
2022-04-07 15:27:07,501 - processing started: 89_033 
2022-04-07 15:27:07,665 - processing completed: 89_033
2022-04-07 15:27:07,669 - processing started: 91_033 
2022-04-07 15:27:07,764 - processing completed: 91_033
2022-04-07 15:27:07,768 - processing started: 93_034 
2022-04-07 15:27:07,940 - processing completed: 93_034
2022-04-07 15:27:07,943 - processing started: 95_035 
2022-04-07 15:27:08,115 - processing completed: 95_035
2022-04-07 15:27:08,119 - processing started: 97_035 
2022-04-07 15:27:08,215 - processing completed: 97_035
2022-04-07 15:27:08,219 - processing started: 99_036 
2022-04-07 15:27:08,385 - processing completed: 99_036
2022-04-07 15:27:08,389 - processing started: 101_037 
2022-04-07 15:27:08,493 - processing completed: 101_037
2022-04-07 15:27:08,497 - processing started: 103_037 
2022-04-07 15:27:08,658 - processing completed: 103_037
2022-04-07 15:27:08,662 - processing started: 105_038 
2022-04-07 15:27:08,767 - processing completed: 105_038
2022-04-07 15:27:08,772 - processing started: 107_039 
2022-04-07 15:27:08,944 - processing completed: 107_039
2022-04-07 15:27:08,948 - processing started: 109_040 
2022-04-07 15:27:09,053 - processing completed: 109_040
2022-04-07 15:27:09,057 - processing started: 111_040 
2022-04-07 15:27:09,220 - processing completed: 111_040
2022-04-07 15:27:09,224 - processing started: 113_040 
2022-04-07 15:27:09,328 - processing completed: 113_040
2022-04-07 15:27:09,332 - processing started: 115_040 
2022-04-07 15:27:09,496 - processing completed: 115_040
2022-04-07 15:27:09,500 - processing started: 117_041 
2022-04-07 15:27:09,602 - processing completed: 117_041
2022-04-07 15:27:09,606 - processing started: 119_042 
2022-04-07 15:27:09,764 - processing completed: 119_042
2022-04-07 15:27:09,768 - processing started: 121_042 
2022-04-07 15:27:09,873 - processing completed: 121_042
2022-04-07 15:27:09,878 - processing started: 123_043 
2022-04-07 15:27:10,036 - processing completed: 123_043
2022-04-07 15:27:10,040 - processing started: 125_044 
2022-04-07 15:27:10,218 - processing completed: 125_044
2022-04-07 15:27:10,222 - processing started: 127_045 
2022-04-07 15:27:10,329 - processing completed: 127_045
2022-04-07 15:27:10,334 - processing started: 129_045 
2022-04-07 15:27:10,493 - processing completed: 129_045
2022-04-07 15:27:10,497 - processing started: 131_046 
2022-04-07 15:27:10,595 - processing completed: 131_046
2022-04-07 15:27:10,599 - processing started: 133_047 
2022-04-07 15:27:10,763 - processing completed: 133_047
2022-04-07 15:27:10,767 - processing started: 135_048 
2022-04-07 15:27:10,863 - processing completed: 135_048
2022-04-07 15:27:10,867 - processing started: 137_049 
2022-04-07 15:27:11,027 - processing completed: 137_049
2022-04-07 15:27:11,031 - processing started: 139_049 
2022-04-07 15:27:11,143 - processing completed: 139_049
2022-04-07 15:27:11,148 - processing started: 141_050 
2022-04-07 15:27:11,299 - processing completed: 141_050
2022-04-07 15:27:11,303 - processing started: 143_051 
2022-04-07 15:27:11,395 - processing completed: 143_051
2022-04-07 15:27:11,399 - processing started: 145_051 
2022-04-07 15:27:11,546 - processing completed: 145_051
2022-04-07 15:27:11,550 - processing started: 147_051 
2022-04-07 15:27:11,643 - processing completed: 147_051
2022-04-07 15:27:11,646 - processing started: 149_052 
2022-04-07 15:27:11,793 - processing completed: 149_052
2022-04-07 15:27:11,796 - processing started: 151_053 
2022-04-07 15:27:11,891 - processing completed: 151_053
2022-04-07 15:27:11,895 - processing started: 153_054 
2022-04-07 15:27:12,046 - processing completed: 153_054
2022-04-07 15:27:12,050 - processing started: 155_055 
2022-04-07 15:27:12,211 - processing completed: 155_055
2022-04-07 15:27:12,215 - processing started: 157_056 
2022-04-07 15:27:12,314 - processing completed: 157_056
2022-04-07 15:27:12,319 - processing started: 159_057 
2022-04-07 15:27:12,472 - processing completed: 159_057
2022-04-07 15:27:12,476 - processing started: 161_058 
2022-04-07 15:27:12,620 - processing completed: 161_058
2022-04-07 15:27:12,625 - processing started: 163_059 
2022-04-07 15:27:12,785 - processing completed: 163_059
2022-04-07 15:27:12,789 - processing started: 165_060 
2022-04-07 15:27:12,879 - processing completed: 165_060
2022-04-07 15:27:12,883 - processing started: 167_060 
2022-04-07 15:27:13,031 - processing completed: 167_060
2022-04-07 15:27:13,035 - processing started: 169_061 
2022-04-07 15:27:13,130 - processing completed: 169_061
2022-04-07 15:27:13,133 - processing started: 171_062 
2022-04-07 15:27:13,294 - processing completed: 171_062
2022-04-07 15:27:13,299 - processing started: 173_063 
2022-04-07 15:27:13,484 - processing completed: 173_063
2022-04-07 15:27:13,491 - processing started: 175_064 
2022-04-07 15:27:13,728 - processing completed: 175_064
2022-04-07 15:27:13,733 - processing started: 177_064 
2022-04-07 15:27:13,920 - processing completed: 177_064
2022-04-07 15:27:13,927 - processing started: 179_065 
2022-04-07 15:27:14,163 - processing completed: 179_065
2022-04-07 15:27:14,170 - processing started: 181_066 
2022-04-07 15:27:14,467 - processing completed: 181_066
2022-04-07 15:27:14,473 - processing started: 183_066 
2022-04-07 15:27:14,652 - processing completed: 183_066
2022-04-07 15:27:14,659 - processing started: 185_066 
2022-04-07 15:27:14,902 - processing completed: 185_066
2022-04-07 15:27:14,908 - processing started: 187_066 
2022-04-07 15:27:15,051 - processing completed: 187_066
2022-04-07 15:27:15,056 - processing started: 189_067 
2022-04-07 15:27:15,295 - processing completed: 189_067
2022-04-07 15:27:15,301 - processing started: 191_067 
2022-04-07 15:27:15,506 - processing completed: 191_067
2022-04-07 15:27:15,512 - processing started: 193_068 
2022-04-07 15:27:15,701 - processing completed: 193_068
2022-04-07 15:27:15,707 - processing started: 195_069 
2022-04-07 15:27:15,834 - processing completed: 195_069
2022-04-07 15:27:15,839 - processing started: 197_069 
2022-04-07 15:27:16,028 - processing completed: 197_069
2022-04-07 15:27:16,033 - processing started: 199_070 
2022-04-07 15:27:16,214 - processing completed: 199_070
2022-04-07 15:27:16,220 - processing started: 201_071 
2022-04-07 15:27:16,462 - processing completed: 201_071
2022-04-07 15:27:16,468 - processing started: 203_072 
2022-04-07 15:27:16,651 - processing completed: 203_072
2022-04-07 15:27:16,657 - processing started: 205_072 
2022-04-07 15:27:16,899 - processing completed: 205_072
2022-04-07 15:27:16,906 - processing started: 207_073 
2022-04-07 15:27:17,083 - processing completed: 207_073
2022-04-07 15:27:17,090 - processing started: 209_074 
2022-04-07 15:27:17,329 - processing completed: 209_074
2022-04-07 15:27:17,335 - processing started: 211_075 
2022-04-07 15:27:17,594 - processing completed: 211_075
2022-04-07 15:27:17,602 - processing started: 213_076 
2022-04-07 15:27:17,772 - processing completed: 213_076
2022-04-07 15:27:17,778 - processing started: 215_077 
2022-04-07 15:27:17,964 - processing completed: 215_077
2022-04-07 15:27:17,970 - processing started: 217_077 
2022-04-07 15:27:18,140 - processing completed: 217_077
2022-04-07 15:27:18,147 - processing started: 219_078 
2022-04-07 15:27:18,399 - processing completed: 219_078
2022-04-07 15:27:18,406 - processing started: 221_079 
2022-04-07 15:27:18,578 - processing completed: 221_079
2022-04-07 15:27:18,586 - processing started: 223_080 
2022-04-07 15:27:18,741 - processing completed: 223_080
2022-04-07 15:27:18,745 - processing started: 225_081 
2022-04-07 15:27:18,854 - processing completed: 225_081
2022-04-07 15:27:18,859 - processing started: 227_081 
2022-04-07 15:27:19,027 - processing completed: 227_081
2022-04-07 15:27:19,033 - processing started: 229_081 
2022-04-07 15:27:19,142 - processing completed: 229_081
2022-04-07 15:27:19,146 - processing started: 231_081 
2022-04-07 15:27:19,311 - processing completed: 231_081
2022-04-07 15:27:19,316 - processing started: 233_082 
2022-04-07 15:27:19,427 - processing completed: 233_082
2022-04-07 15:27:19,432 - processing started: 235_082 
2022-04-07 15:27:19,593 - processing completed: 235_082
2022-04-07 15:27:19,598 - processing started: 237_083 
2022-04-07 15:27:19,714 - processing completed: 237_083
2022-04-07 15:27:19,719 - processing started: 239_084 
2022-04-07 15:27:19,886 - processing completed: 239_084
2022-04-07 15:27:19,892 - processing started: 241_085 
2022-04-07 15:27:20,058 - processing completed: 241_085
2022-04-07 15:27:20,062 - processing started: 243_086 
2022-04-07 15:27:20,190 - processing completed: 243_086
2022-04-07 15:27:20,194 - processing started: 245_087 
2022-04-07 15:27:20,363 - processing completed: 245_087
2022-04-07 15:27:20,367 - processing started: 247_088 
2022-04-07 15:27:20,482 - processing completed: 247_088
2022-04-07 15:27:20,487 - processing started: 249_089 
2022-04-07 15:27:20,615 - processing completed: 249_089
2022-04-07 15:27:20,619 - processing started: 251_089 
2022-04-07 15:27:20,697 - processing completed: 251_089
2022-04-07 15:27:20,701 - processing started: 253_090 
2022-04-07 15:27:20,832 - processing completed: 253_090
2022-04-07 15:27:20,836 - processing started: 255_091 
2022-04-07 15:27:20,910 - processing completed: 255_091
2022-04-07 15:27:20,915 - processing started: 257_092 
2022-04-07 15:27:21,046 - processing completed: 257_092
2022-04-07 15:27:21,050 - processing started: 259_093 
2022-04-07 15:27:21,138 - processing completed: 259_093
2022-04-07 15:27:21,143 - processing started: 261_094 
2022-04-07 15:27:21,295 - processing completed: 261_094
2022-04-07 15:27:21,300 - processing started: 263_095 
2022-04-07 15:27:21,386 - processing completed: 263_095
2022-04-07 15:27:21,391 - processing started: 265_096 
2022-04-07 15:27:21,536 - processing completed: 265_096
2022-04-07 15:27:21,541 - processing started: 267_097 
2022-04-07 15:27:21,623 - processing completed: 267_097
2022-04-07 15:27:21,627 - processing started: 269_098 
2022-04-07 15:27:21,784 - processing completed: 269_098
2022-04-07 15:27:21,789 - processing started: 271_098 
2022-04-07 15:27:21,943 - processing completed: 271_098
2022-04-07 15:27:21,947 - processing started: 273_099 
2022-04-07 15:27:22,018 - processing completed: 273_099
2022-04-07 15:27:22,023 - processing started: 275_100 
2022-04-07 15:27:22,192 - processing completed: 275_100
2022-04-07 15:27:22,196 - processing started: 277_101 
2022-04-07 15:27:22,272 - processing completed: 277_101
2022-04-07 15:27:22,275 - processing started: 279_102 
2022-04-07 15:27:22,416 - processing completed: 279_102
2022-04-07 15:27:22,419 - processing started: 281_103 
2022-04-07 15:27:22,494 - processing completed: 281_103
2022-04-07 15:27:22,497 - processing started: 283_104 
2022-04-07 15:27:22,627 - processing completed: 283_104
2022-04-07 15:27:22,631 - processing started: 285_105 
2022-04-07 15:27:22,705 - processing completed: 285_105
2022-04-07 15:27:22,709 - processing started: 287_106 
2022-04-07 15:27:22,858 - processing completed: 287_106
2022-04-07 15:27:22,862 - processing started: 289_107 
2022-04-07 15:27:22,936 - processing completed: 289_107
2022-04-07 15:27:22,941 - processing started: 291_107 
2022-04-07 15:27:23,074 - processing completed: 291_107
2022-04-07 15:27:23,077 - processing started: 293_108 
2022-04-07 15:27:23,145 - processing completed: 293_108
2022-04-07 15:27:23,149 - processing started: 295_109 
2022-04-07 15:27:23,270 - processing completed: 295_109
2022-04-07 15:27:23,274 - processing started: 297_110 
2022-04-07 15:27:23,345 - processing completed: 297_110
2022-04-07 15:27:23,350 - processing started: 299_110 
2022-04-07 15:27:23,485 - processing completed: 299_110
2022-04-07 15:27:23,489 - processing started: 301_111 
2022-04-07 15:27:23,620 - processing completed: 301_111
2022-04-07 15:27:23,625 - processing started: 303_112 
2022-04-07 15:27:23,693 - processing completed: 303_112
2022-04-07 15:27:23,698 - processing started: 305_113 
2022-04-07 15:27:23,835 - processing completed: 305_113
2022-04-07 15:27:23,839 - processing started: 307_114 
2022-04-07 15:27:23,946 - processing completed: 307_114
2022-04-07 15:27:23,951 - processing started: 309_115 
2022-04-07 15:27:24,118 - processing completed: 309_115
2022-04-07 15:27:24,123 - processing started: 311_116 
2022-04-07 15:27:24,226 - processing completed: 311_116
2022-04-07 15:27:24,231 - processing started: 313_117 
2022-04-07 15:27:24,410 - processing completed: 313_117
2022-04-07 15:27:24,415 - processing started: 315_117 
2022-04-07 15:27:24,518 - processing completed: 315_117
2022-04-07 15:27:24,523 - processing started: 317_118 
2022-04-07 15:27:24,683 - processing completed: 317_118
2022-04-07 15:27:24,688 - processing started: 319_119 
2022-04-07 15:27:24,793 - processing completed: 319_119
2022-04-07 15:27:24,798 - processing started: 321_120 
2022-04-07 15:27:24,966 - processing completed: 321_120
2022-04-07 15:27:24,970 - processing started: 323_120 
2022-04-07 15:27:25,068 - processing completed: 323_120
2022-04-07 15:27:25,073 - processing started: 325_121 
2022-04-07 15:27:25,235 - processing completed: 325_121
2022-04-07 15:27:25,239 - processing started: 327_122 
2022-04-07 15:27:25,343 - processing completed: 327_122
2022-04-07 15:27:25,347 - processing started: 329_123 
2022-04-07 15:27:25,516 - processing completed: 329_123
2022-04-07 15:27:25,521 - processing started: 331_124 
2022-04-07 15:27:25,694 - processing completed: 331_124
2022-04-07 15:27:25,698 - processing started: 333_124 
2022-04-07 15:27:25,804 - processing completed: 333_124
2022-04-07 15:27:25,809 - processing started: 335_124 
2022-04-07 15:27:25,982 - processing completed: 335_124
2022-04-07 15:27:25,988 - processing started: 337_124 
2022-04-07 15:27:26,098 - processing completed: 337_124
2022-04-07 15:27:26,103 - processing started: 339_124 
2022-04-07 15:27:26,268 - processing completed: 339_124
2022-04-07 15:27:26,273 - processing started: 341_125 
2022-04-07 15:27:26,379 - processing completed: 341_125
2022-04-07 15:27:26,385 - processing started: 343_126 
2022-04-07 15:27:26,549 - processing completed: 343_126
2022-04-07 15:27:26,555 - processing started: 345_127 
2022-04-07 15:27:26,659 - processing completed: 345_127
2022-04-07 15:27:26,664 - processing started: 347_128 
2022-04-07 15:27:26,827 - processing completed: 347_128
2022-04-07 15:27:26,832 - processing started: 349_129 
2022-04-07 15:27:26,942 - processing completed: 349_129
2022-04-07 15:27:26,946 - processing started: 351_129 
2022-04-07 15:27:27,113 - processing completed: 351_129
2022-04-07 15:27:27,117 - processing started: 353_130 
2022-04-07 15:27:27,232 - processing completed: 353_130
2022-04-07 15:27:27,237 - processing started: 355_131 
2022-04-07 15:27:27,405 - processing completed: 355_131
2022-04-07 15:27:27,409 - processing started: 357_132 
2022-04-07 15:27:27,519 - processing completed: 357_132
2022-04-07 15:27:27,524 - processing started: 359_133 
2022-04-07 15:27:27,693 - processing completed: 359_133
2022-04-07 15:27:27,698 - processing started: 361_134 
2022-04-07 15:27:27,871 - processing completed: 361_134
2022-04-07 15:27:27,877 - processing started: 363_134 
2022-04-07 15:27:27,987 - processing completed: 363_134
2022-04-07 15:27:27,992 - processing started: 365_135 
2022-04-07 15:27:28,163 - processing completed: 365_135
2022-04-07 15:27:28,169 - processing started: 367_135 
2022-04-07 15:27:28,284 - processing completed: 367_135
2022-04-07 15:27:28,289 - processing started: 369_136 
2022-04-07 15:27:28,459 - processing completed: 369_136
2022-04-07 15:27:28,464 - processing started: 371_137 
2022-04-07 15:27:28,569 - processing completed: 371_137
2022-04-07 15:27:28,573 - processing started: 373_138 
2022-04-07 15:27:28,742 - processing completed: 373_138
2022-04-07 15:27:28,746 - processing started: 375_139 
2022-04-07 15:27:28,857 - processing completed: 375_139
2022-04-07 15:27:28,862 - processing started: 377_140 
2022-04-07 15:27:29,032 - processing completed: 377_140
2022-04-07 15:27:29,036 - processing started: 379_141 
2022-04-07 15:27:29,145 - processing completed: 379_141
2022-04-07 15:27:29,149 - processing started: 381_142 
2022-04-07 15:27:29,324 - processing completed: 381_142
2022-04-07 15:27:29,328 - processing started: 383_143 
2022-04-07 15:27:29,441 - processing completed: 383_143
2022-04-07 15:27:29,445 - processing started: 385_144 
2022-04-07 15:27:29,611 - processing completed: 385_144
2022-04-07 15:27:29,617 - processing started: 387_144 
2022-04-07 15:27:29,727 - processing completed: 387_144
2022-04-07 15:27:29,732 - processing started: 389_145 
2022-04-07 15:27:29,904 - processing completed: 389_145
2022-04-07 15:27:29,909 - processing started: 391_145 
2022-04-07 15:27:30,077 - processing completed: 391_145
2022-04-07 15:27:30,082 - processing started: 393_146 
2022-04-07 15:27:30,186 - processing completed: 393_146
2022-04-07 15:27:30,191 - processing started: 395_147 
2022-04-07 15:27:30,368 - processing completed: 395_147
2022-04-07 15:27:30,373 - processing started: 397_147 
2022-04-07 15:27:30,480 - processing completed: 397_147
2022-04-07 15:27:30,485 - processing started: 399_148 
2022-04-07 15:27:30,670 - processing completed: 399_148
2022-04-07 15:27:30,675 - processing started: 401_149 
2022-04-07 15:27:30,784 - processing completed: 401_149
2022-04-07 15:27:30,789 - processing started: 403_149 
2022-04-07 15:27:30,962 - processing completed: 403_149
2022-04-07 15:27:30,967 - processing started: 405_150 
2022-04-07 15:27:31,074 - processing completed: 405_150
2022-04-07 15:27:31,079 - processing started: 407_151 
2022-04-07 15:27:31,241 - processing completed: 407_151
2022-04-07 15:27:31,245 - processing started: 409_152 
2022-04-07 15:27:31,366 - processing completed: 409_152
2022-04-07 15:27:31,370 - processing started: 411_153 
2022-04-07 15:27:31,554 - processing completed: 411_153
2022-04-07 15:27:31,558 - processing started: 413_154 
2022-04-07 15:27:31,665 - processing completed: 413_154
2022-04-07 15:27:31,669 - processing started: 415_155 
2022-04-07 15:27:31,830 - processing completed: 415_155
2022-04-07 15:27:31,834 - processing started: 417_156 
2022-04-07 15:27:31,950 - processing completed: 417_156
2022-04-07 15:27:31,954 - processing started: 419_156 
2022-04-07 15:27:32,120 - processing completed: 419_156
2022-04-07 15:27:32,125 - processing started: 421_157 
2022-04-07 15:27:32,290 - processing completed: 421_157
2022-04-07 15:27:32,295 - processing started: 423_158 
2022-04-07 15:27:32,412 - processing completed: 423_158
2022-04-07 15:27:32,417 - processing started: 425_159 
2022-04-07 15:27:32,580 - processing completed: 425_159
2022-04-07 15:27:32,585 - processing started: 427_159 
2022-04-07 15:27:32,692 - processing completed: 427_159
2022-04-07 15:27:32,697 - processing started: 429_160 
2022-04-07 15:27:32,863 - processing completed: 429_160
2022-04-07 15:27:32,867 - processing started: 431_161 
2022-04-07 15:27:32,981 - processing completed: 431_161
2022-04-07 15:27:32,984 - processing started: 433_162 
2022-04-07 15:27:33,148 - processing completed: 433_162
2022-04-07 15:27:33,152 - processing started: 435_163 
2022-04-07 15:27:33,257 - processing completed: 435_163
2022-04-07 15:27:33,261 - processing started: 437_164 
2022-04-07 15:27:33,438 - processing completed: 437_164
2022-04-07 15:27:33,445 - processing started: 439_164 
2022-04-07 15:27:33,553 - processing completed: 439_164
2022-04-07 15:27:33,558 - processing started: 441_165 
2022-04-07 15:27:33,725 - processing completed: 441_165
2022-04-07 15:27:33,731 - processing started: 443_166 
2022-04-07 15:27:33,839 - processing completed: 443_166
2022-04-07 15:27:33,844 - processing started: 445_167 
2022-04-07 15:27:34,013 - processing completed: 445_167
2022-04-07 15:27:34,020 - processing started: 447_167 
2022-04-07 15:27:34,186 - processing completed: 447_167
2022-04-07 15:27:34,191 - processing started: 449_168 
2022-04-07 15:27:34,300 - processing completed: 449_168
2022-04-07 15:27:34,305 - processing started: 451_168 
2022-04-07 15:27:34,492 - processing completed: 451_168
2022-04-07 15:27:34,497 - processing started: 453_169 
2022-04-07 15:27:34,604 - processing completed: 453_169
2022-04-07 15:27:34,608 - processing started: 455_170 
2022-04-07 15:27:34,771 - processing completed: 455_170
2022-04-07 15:27:34,776 - processing started: 457_171 
2022-04-07 15:27:34,886 - processing completed: 457_171
2022-04-07 15:27:34,891 - processing started: 459_172 
2022-04-07 15:27:35,063 - processing completed: 459_172
2022-04-07 15:27:35,069 - processing started: 461_173 
2022-04-07 15:27:35,178 - processing completed: 461_173
2022-04-07 15:27:35,182 - processing started: 463_173 
2022-04-07 15:27:35,349 - processing completed: 463_173
2022-04-07 15:27:35,355 - processing started: 465_174 
2022-04-07 15:27:35,467 - processing completed: 465_174
2022-04-07 15:27:35,470 - processing started: 467_174 
2022-04-07 15:27:35,672 - processing completed: 467_174
2022-04-07 15:27:35,678 - processing started: 469_175 
2022-04-07 15:27:35,804 - processing completed: 469_175
2022-04-07 15:27:35,809 - processing started: 471_176 
2022-04-07 15:27:35,979 - processing completed: 471_176
2022-04-07 15:27:35,983 - processing started: 473_177 
2022-04-07 15:27:36,094 - processing completed: 473_177
2022-04-07 15:27:36,098 - processing started: 475_178 
2022-04-07 15:27:36,262 - processing completed: 475_178
2022-04-07 15:27:36,266 - processing started: 477_179 
2022-04-07 15:27:36,453 - processing completed: 477_179
2022-04-07 15:27:36,458 - processing started: 479_180 
2022-04-07 15:27:36,576 - processing completed: 479_180
2022-04-07 15:27:36,581 - processing started: 481_180 
2022-04-07 15:27:36,787 - processing completed: 481_180
2022-04-07 15:27:36,792 - processing started: 483_181 
2022-04-07 15:27:36,899 - processing completed: 483_181
2022-04-07 15:27:36,903 - processing started: 485_182 
2022-04-07 15:27:37,069 - processing completed: 485_182
2022-04-07 15:27:37,074 - processing started: 487_182 
2022-04-07 15:27:37,179 - processing completed: 487_182
2022-04-07 15:27:37,183 - processing started: 489_183 
2022-04-07 15:27:37,353 - processing completed: 489_183
2022-04-07 15:27:37,357 - processing started: 491_183 
2022-04-07 15:27:37,464 - processing completed: 491_183
2022-04-07 15:27:37,469 - processing started: 493_184 
2022-04-07 15:27:37,632 - processing completed: 493_184
2022-04-07 15:27:37,636 - processing started: 495_185 
2022-04-07 15:27:37,756 - processing completed: 495_185
2022-04-07 15:27:37,761 - processing started: 497_186 
2022-04-07 15:27:37,940 - processing completed: 497_186
2022-04-07 15:27:37,945 - processing started: 499_187 
2022-04-07 15:27:38,050 - processing completed: 499_187
2022-04-07 15:27:38,054 - processing started: 501_188 
2022-04-07 15:27:38,215 - processing completed: 501_188
2022-04-07 15:27:38,219 - processing started: 503_188 
2022-04-07 15:27:38,330 - processing completed: 503_188
2022-04-07 15:27:38,335 - processing started: 505_189 
2022-04-07 15:27:38,479 - processing completed: 505_189
2022-04-07 15:27:38,483 - processing started: 507_190 
2022-04-07 15:27:38,652 - processing completed: 507_190
2022-04-07 15:27:38,657 - processing started: 509_191 
2022-04-07 15:27:38,760 - processing completed: 509_191
2022-04-07 15:27:38,765 - processing started: 511_192 
2022-04-07 15:27:38,943 - processing completed: 511_192
2022-04-07 15:27:38,947 - processing started: 513_192 
2022-04-07 15:27:39,053 - processing completed: 513_192
2022-04-07 15:27:39,056 - processing started: 515_193 
2022-04-07 15:27:39,227 - processing completed: 515_193
2022-04-07 15:27:39,231 - processing started: 517_194 
2022-04-07 15:27:39,340 - processing completed: 517_194
2022-04-07 15:27:39,346 - processing started: 519_195 
2022-04-07 15:27:39,518 - processing completed: 519_195
2022-04-07 15:27:39,521 - processing started: 521_196 
2022-04-07 15:27:39,629 - processing completed: 521_196
2022-04-07 15:27:39,633 - processing started: 523_196 
2022-04-07 15:27:39,804 - processing completed: 523_196
2022-04-07 15:27:39,810 - processing started: 525_196 
2022-04-07 15:27:39,932 - processing completed: 525_196
2022-04-07 15:27:39,937 - processing started: 527_197 
2022-04-07 15:27:40,102 - processing completed: 527_197
2022-04-07 15:27:40,106 - processing started: 529_197 
2022-04-07 15:27:40,215 - processing completed: 529_197
2022-04-07 15:27:40,219 - processing started: 531_197 
2022-04-07 15:27:40,388 - processing completed: 531_197
2022-04-07 15:27:40,392 - processing started: 533_198 
2022-04-07 15:27:40,500 - processing completed: 533_198
2022-04-07 15:27:40,504 - processing started: 535_199 
2022-04-07 15:27:40,669 - processing completed: 535_199
2022-04-07 15:27:40,673 - processing started: 537_200 
2022-04-07 15:27:40,853 - processing completed: 537_200
2022-04-07 15:27:40,859 - processing started: 539_201 
2022-04-07 15:27:40,996 - processing completed: 539_201
2022-04-07 15:27:41,002 - processing started: 541_202 
2022-04-07 15:27:41,244 - processing completed: 541_202
2022-04-07 15:27:41,250 - processing started: 543_203 
2022-04-07 15:27:41,386 - processing completed: 543_203
2022-04-07 15:27:41,391 - processing started: 545_204 
2022-04-07 15:27:41,580 - processing completed: 545_204
2022-04-07 15:27:41,586 - processing started: 547_205 
2022-04-07 15:27:41,694 - processing completed: 547_205
2022-04-07 15:27:41,699 - processing started: 549_206 
2022-04-07 15:27:41,876 - processing completed: 549_206
2022-04-07 15:27:41,880 - processing started: 551_207 
2022-04-07 15:27:42,024 - processing completed: 551_207
2022-04-07 15:27:42,029 - processing started: 553_207 
2022-04-07 15:27:42,247 - processing completed: 553_207
2022-04-07 15:27:42,253 - processing started: 555_208 
2022-04-07 15:27:42,371 - processing completed: 555_208
2022-04-07 15:27:42,377 - processing started: 557_209 
2022-04-07 15:27:42,562 - processing completed: 557_209
2022-04-07 15:27:42,568 - processing started: 559_210 
2022-04-07 15:27:42,674 - processing completed: 559_210
2022-04-07 15:27:42,679 - processing started: 561_211 
2022-04-07 15:27:42,849 - processing completed: 561_211
2022-04-07 15:27:42,853 - processing started: 563_212 
2022-04-07 15:27:42,961 - processing completed: 563_212
2022-04-07 15:27:42,965 - processing started: 565_213 
2022-04-07 15:27:43,143 - processing completed: 565_213
2022-04-07 15:27:43,148 - processing started: 567_214 
2022-04-07 15:27:43,319 - processing completed: 567_214
2022-04-07 15:27:43,324 - processing started: 569_214 
2022-04-07 15:27:43,433 - processing completed: 569_214
2022-04-07 15:27:43,438 - processing started: 571_215 
2022-04-07 15:27:43,611 - processing completed: 571_215
2022-04-07 15:27:43,615 - processing started: 573_216 
2022-04-07 15:27:43,719 - processing completed: 573_216
2022-04-07 15:27:43,723 - processing started: 575_217 
2022-04-07 15:27:43,901 - processing completed: 575_217
2022-04-07 15:27:43,905 - processing started: 577_218 
2022-04-07 15:27:44,012 - processing completed: 577_218
2022-04-07 15:27:44,017 - processing started: 579_219 
2022-04-07 15:27:44,204 - processing completed: 579_219
2022-04-07 15:27:44,209 - processing started: 581_220 
2022-04-07 15:27:44,313 - processing completed: 581_220
2022-04-07 15:27:44,317 - processing started: 583_220 
2022-04-07 15:27:44,490 - processing completed: 583_220
2022-04-07 15:27:44,494 - processing started: 585_221 
2022-04-07 15:27:44,597 - processing completed: 585_221
2022-04-07 15:27:44,601 - processing started: 587_222 
2022-04-07 15:27:44,768 - processing completed: 587_222
2022-04-07 15:27:44,773 - processing started: 589_222 
2022-04-07 15:27:44,877 - processing completed: 589_222
2022-04-07 15:27:44,882 - processing started: 591_223 
2022-04-07 15:27:45,029 - processing completed: 591_223
2022-04-07 15:27:45,033 - processing started: 593_223 
2022-04-07 15:27:45,117 - processing completed: 593_223
2022-04-07 15:27:45,121 - processing started: 595_224 
2022-04-07 15:27:45,319 - processing completed: 595_224
2022-04-07 15:27:45,324 - processing started: 597_225 
2022-04-07 15:27:45,473 - processing completed: 597_225
2022-04-07 15:27:45,476 - processing started: 599_225 
2022-04-07 15:27:45,611 - processing completed: 599_225
2022-04-07 15:27:45,616 - processing started: 601_225 
2022-04-07 15:27:45,772 - processing completed: 601_225
2022-04-07 15:27:45,775 - processing started: 603_226 
2022-04-07 15:27:45,862 - processing completed: 603_226
2022-04-07 15:27:45,866 - processing started: 605_227 
2022-04-07 15:27:46,049 - processing completed: 605_227
2022-04-07 15:27:46,054 - processing started: 607_227 
2022-04-07 15:27:46,163 - processing completed: 607_227
2022-04-07 15:27:46,167 - processing started: 609_227 
2022-04-07 15:27:46,345 - processing completed: 609_227
2022-04-07 15:27:46,349 - processing started: 611_227 
2022-04-07 15:27:46,497 - processing completed: 611_227
2022-04-07 15:27:46,502 - processing started: 613_227 
2022-04-07 15:27:46,654 - processing completed: 613_227
2022-04-07 15:27:46,658 - processing started: 615_228 
2022-04-07 15:27:46,745 - processing completed: 615_228
2022-04-07 15:27:46,749 - processing started: 617_229 
2022-04-07 15:27:46,898 - processing completed: 617_229
2022-04-07 15:27:46,902 - processing started: 619_230 
2022-04-07 15:27:46,987 - processing completed: 619_230
2022-04-07 15:27:46,990 - processing started: 621_230 
2022-04-07 15:27:47,148 - processing completed: 621_230
2022-04-07 15:27:47,152 - processing started: 623_231 
2022-04-07 15:27:47,232 - processing completed: 623_231
2022-04-07 15:27:47,236 - processing started: 625_232 
2022-04-07 15:27:47,386 - processing completed: 625_232
2022-04-07 15:27:47,390 - processing started: 627_232 
2022-04-07 15:27:47,546 - processing completed: 627_232
2022-04-07 15:27:47,551 - processing started: 629_232 
2022-04-07 15:27:47,631 - processing completed: 629_232
2022-04-07 15:27:47,635 - processing started: 631_233 
2022-04-07 15:27:47,786 - processing completed: 631_233
2022-04-07 15:27:47,790 - processing started: 633_234 
2022-04-07 15:27:47,876 - processing completed: 633_234
2022-04-07 15:27:47,880 - processing started: 635_234 
2022-04-07 15:27:48,032 - processing completed: 635_234
2022-04-07 15:27:48,037 - processing started: 637_234 
2022-04-07 15:27:48,117 - processing completed: 637_234
2022-04-07 15:27:48,121 - processing started: 639_235 
2022-04-07 15:27:48,296 - processing completed: 639_235
2022-04-07 15:27:48,301 - processing started: 641_236 
2022-04-07 15:27:48,421 - processing completed: 641_236
2022-04-07 15:27:48,426 - processing started: 643_237 
2022-04-07 15:27:48,610 - processing completed: 643_237
2022-04-07 15:27:48,614 - processing started: 645_238 
2022-04-07 15:27:48,720 - processing completed: 645_238
2022-04-07 15:27:48,724 - processing started: 647_239 
2022-04-07 15:27:48,897 - processing completed: 647_239
2022-04-07 15:27:48,901 - processing started: 649_240 
2022-04-07 15:27:49,009 - processing completed: 649_240
2022-04-07 15:27:49,014 - processing started: 651_240 
2022-04-07 15:27:49,188 - processing completed: 651_240
2022-04-07 15:27:49,193 - processing started: 653_241 
2022-04-07 15:27:49,302 - processing completed: 653_241
2022-04-07 15:27:49,306 - processing started: 655_242 
2022-04-07 15:27:49,493 - processing completed: 655_242
2022-04-07 15:27:49,498 - processing started: 657_242 
2022-04-07 15:27:49,681 - processing completed: 657_242
2022-04-07 15:27:49,687 - processing started: 659_243 
2022-04-07 15:27:49,797 - processing completed: 659_243
2022-04-07 15:27:49,802 - processing started: 661_244 
2022-04-07 15:27:49,943 - processing completed: 661_244
2022-04-07 15:27:49,947 - processing started: 663_244 
2022-04-07 15:27:50,023 - processing completed: 663_244
2022-04-07 15:27:50,027 - processing started: 665_245 
2022-04-07 15:27:50,169 - processing completed: 665_245
2022-04-07 15:27:50,173 - processing started: 667_246 
2022-04-07 15:27:50,239 - processing completed: 667_246
2022-04-07 15:27:50,243 - processing started: 669_247 
2022-04-07 15:27:50,381 - processing completed: 669_247
2022-04-07 15:27:50,385 - processing started: 671_248 
2022-04-07 15:27:50,454 - processing completed: 671_248
2022-04-07 15:27:50,457 - processing started: 673_249 
2022-04-07 15:27:50,597 - processing completed: 673_249
2022-04-07 15:27:50,600 - processing started: 675_250 
2022-04-07 15:27:50,671 - processing completed: 675_250
2022-04-07 15:27:50,675 - processing started: 677_251 
2022-04-07 15:27:50,809 - processing completed: 677_251
2022-04-07 15:27:50,813 - processing started: 679_251 
2022-04-07 15:27:50,883 - processing completed: 679_251
2022-04-07 15:27:50,888 - processing started: 681_252 
2022-04-07 15:27:51,030 - processing completed: 681_252
2022-04-07 15:27:51,035 - processing started: 683_252 
2022-04-07 15:27:51,109 - processing completed: 683_252
2022-04-07 15:27:51,112 - processing started: 685_253 
2022-04-07 15:27:51,260 - processing completed: 685_253
2022-04-07 15:27:51,263 - processing started: 687_254 
2022-04-07 15:27:51,422 - processing completed: 687_254
2022-04-07 15:27:51,427 - processing started: 689_255 
2022-04-07 15:27:51,515 - processing completed: 689_255
2022-04-07 15:27:51,519 - processing started: 691_256 
2022-04-07 15:27:51,699 - processing completed: 691_256
2022-04-07 15:27:51,703 - processing started: 693_257 
2022-04-07 15:27:51,791 - processing completed: 693_257
2022-04-07 15:27:51,795 - processing started: 695_257 
2022-04-07 15:27:51,955 - processing completed: 695_257
2022-04-07 15:27:51,958 - processing started: 697_258 
2022-04-07 15:27:52,047 - processing completed: 697_258
2022-04-07 15:27:52,050 - processing started: 699_259 
2022-04-07 15:27:52,193 - processing completed: 699_259
2022-04-07 15:27:52,197 - processing started: 701_260 
2022-04-07 15:27:52,287 - processing completed: 701_260
2022-04-07 15:27:52,291 - processing started: 703_260 
2022-04-07 15:27:52,457 - processing completed: 703_260
2022-04-07 15:27:52,461 - processing started: 705_261 
2022-04-07 15:27:52,557 - processing completed: 705_261
2022-04-07 15:27:52,561 - processing started: 707_262 
2022-04-07 15:27:52,723 - processing completed: 707_262
2022-04-07 15:27:52,727 - processing started: 709_262 
2022-04-07 15:27:52,815 - processing completed: 709_262
2022-04-07 15:27:52,819 - processing started: 711_263 
2022-04-07 15:27:52,974 - processing completed: 711_263
2022-04-07 15:27:52,978 - processing started: 713_264 
2022-04-07 15:27:53,134 - processing completed: 713_264
2022-04-07 15:27:53,138 - processing started: 715_265 
2022-04-07 15:27:53,223 - processing completed: 715_265
2022-04-07 15:27:53,227 - processing started: 717_265 
2022-04-07 15:27:53,387 - processing completed: 717_265
2022-04-07 15:27:53,390 - processing started: 719_266 
2022-04-07 15:27:53,477 - processing completed: 719_266
2022-04-07 15:27:53,481 - processing started: 721_267 
2022-04-07 15:27:53,630 - processing completed: 721_267
2022-04-07 15:27:53,633 - processing started: 723_267 
2022-04-07 15:27:53,729 - processing completed: 723_267
2022-04-07 15:27:53,733 - processing started: 725_267 
2022-04-07 15:27:53,888 - processing completed: 725_267
2022-04-07 15:27:53,892 - processing started: 727_268 
2022-04-07 15:27:53,983 - processing completed: 727_268
2022-04-07 15:27:53,987 - processing started: 729_268 
2022-04-07 15:27:54,132 - processing completed: 729_268
2022-04-07 15:27:54,136 - processing started: 731_268 
2022-04-07 15:27:54,223 - processing completed: 731_268
2022-04-07 15:27:54,227 - processing started: 733_268 
2022-04-07 15:27:54,378 - processing completed: 733_268
2022-04-07 15:27:54,382 - processing started: 735_269 
2022-04-07 15:27:54,469 - processing completed: 735_269
2022-04-07 15:27:54,472 - processing started: 737_269 
2022-04-07 15:27:54,622 - processing completed: 737_269
2022-04-07 15:27:54,627 - processing started: 739_270 
2022-04-07 15:27:54,727 - processing completed: 739_270
2022-04-07 15:27:54,732 - processing started: 741_271 
2022-04-07 15:27:54,890 - processing completed: 741_271
2022-04-07 15:27:54,894 - processing started: 743_272 
2022-04-07 15:27:55,039 - processing completed: 743_272
2022-04-07 15:27:55,044 - processing started: 745_273 
2022-04-07 15:27:55,131 - processing completed: 745_273
2022-04-07 15:27:55,136 - processing started: 747_274 
2022-04-07 15:27:55,287 - processing completed: 747_274
2022-04-07 15:27:55,290 - processing started: 749_274 
2022-04-07 15:27:55,367 - processing completed: 749_274
2022-04-07 15:27:55,371 - processing started: 751_275 
2022-04-07 15:27:55,521 - processing completed: 751_275
2022-04-07 15:27:55,525 - processing started: 753_275 
2022-04-07 15:27:55,605 - processing completed: 753_275
2022-04-07 15:27:55,609 - processing started: 755_276 
2022-04-07 15:27:55,770 - processing completed: 755_276
2022-04-07 15:27:55,775 - processing started: 757_276 
2022-04-07 15:27:55,861 - processing completed: 757_276
2022-04-07 15:27:55,865 - processing started: 759_277 
2022-04-07 15:27:56,020 - processing completed: 759_277
2022-04-07 15:27:56,024 - processing started: 761_278 
2022-04-07 15:27:56,122 - processing completed: 761_278
2022-04-07 15:27:56,125 - processing started: 763_279 
2022-04-07 15:27:56,290 - processing completed: 763_279
2022-04-07 15:27:56,294 - processing started: 765_280 
2022-04-07 15:27:56,369 - processing completed: 765_280
2022-04-07 15:27:56,373 - processing started: 767_280 
2022-04-07 15:27:56,514 - processing completed: 767_280
2022-04-07 15:27:56,518 - processing started: 769_281 
2022-04-07 15:27:56,591 - processing completed: 769_281
2022-04-07 15:27:56,594 - processing started: 771_282 
2022-04-07 15:27:56,730 - processing completed: 771_282
2022-04-07 15:27:56,735 - processing started: 773_283 
2022-04-07 15:27:56,907 - processing completed: 773_283
2022-04-07 15:27:56,912 - processing started: 775_284 
2022-04-07 15:27:56,987 - processing completed: 775_284
2022-04-07 15:27:56,991 - processing started: 777_285 
2022-04-07 15:27:57,134 - processing completed: 777_285
2022-04-07 15:27:57,137 - processing started: 779_286 
2022-04-07 15:27:57,286 - processing completed: 779_286
2022-04-07 15:27:57,293 - processing started: 781_287 
2022-04-07 15:27:57,438 - processing completed: 781_287
2022-04-07 15:27:57,441 - processing started: 783_288 
2022-04-07 15:27:57,510 - processing completed: 783_288
2022-04-07 15:27:57,514 - processing started: 785_289 
2022-04-07 15:27:57,660 - processing completed: 785_289
2022-04-07 15:27:57,663 - processing started: 787_290 
2022-04-07 15:27:57,741 - processing completed: 787_290
2022-04-07 15:27:57,744 - processing started: 789_290 
2022-04-07 15:27:57,892 - processing completed: 789_290
2022-04-07 15:27:57,895 - processing started: 791_291 
2022-04-07 15:27:57,971 - processing completed: 791_291
2022-04-07 15:27:57,974 - processing started: 793_292 
2022-04-07 15:27:58,118 - processing completed: 793_292
2022-04-07 15:27:58,121 - processing started: 795_292 
2022-04-07 15:27:58,188 - processing completed: 795_292
2022-04-07 15:27:58,192 - processing started: 797_293 
2022-04-07 15:27:58,311 - processing completed: 797_293
2022-04-07 15:27:58,315 - processing started: 799_294 
2022-04-07 15:27:58,356 - processing completed: 799_294
2022-04-07 15:27:58,359 - processing started: 801_295 
2022-04-07 15:27:58,496 - processing completed: 801_295
2022-04-07 15:27:58,501 - processing started: 803_296 
2022-04-07 15:27:58,641 - processing completed: 803_296
2022-04-07 15:27:58,645 - processing started: 805_297 
2022-04-07 15:27:58,793 - processing completed: 805_297
2022-04-07 15:27:58,799 - processing started: 807_298 
2022-04-07 15:27:58,941 - processing completed: 807_298
2022-04-07 15:27:58,944 - processing started: 809_298 
2022-04-07 15:27:59,020 - processing completed: 809_298
2022-04-07 15:27:59,024 - processing started: 811_299 
2022-04-07 15:27:59,179 - processing completed: 811_299
2022-04-07 15:27:59,183 - processing started: 0_0 
2022-04-07 15:27:59,183 - Closing connection (200): Normal shutdown
2022-04-07 15:27:59,184 - Closing channel (200): 'Normal shutdown' on <Channel number=1 OPEN conn=<SelectConnection OPEN transport=<pika.adapters.utils.io_services_utils._AsyncPlaintextTransport object at 0x118a3fd60> params=<ConnectionParameters host=localhost port=5672 virtual_host=/ ssl=False>>>
2022-04-07 15:27:59,184 - Received <Channel.CloseOk> on <Channel number=1 CLOSING conn=<SelectConnection OPEN transport=<pika.adapters.utils.io_services_utils._AsyncPlaintextTransport object at 0x118a3fd60> params=<ConnectionParameters host=localhost port=5672 virtual_host=/ ssl=False>>>
2022-04-07 15:27:59,185 - Closing connection (200): 'Normal shutdown'
2022-04-07 15:27:59,185 - Aborting transport connection: state=1; <socket.socket fd=22, family=AddressFamily.AF_INET, type=SocketKind.SOCK_STREAM, proto=6, laddr=('127.0.0.1', 62633), raddr=('127.0.0.1', 5672)>
2022-04-07 15:27:59,186 - _AsyncTransportBase._initate_abort(): Initiating abrupt asynchronous transport shutdown: state=1; error=None; <socket.socket fd=22, family=AddressFamily.AF_INET, type=SocketKind.SOCK_STREAM, proto=6, laddr=('127.0.0.1', 62633), raddr=('127.0.0.1', 5672)>
2022-04-07 15:27:59,186 - Deactivating transport: state=1; <socket.socket fd=22, family=AddressFamily.AF_INET, type=SocketKind.SOCK_STREAM, proto=6, laddr=('127.0.0.1', 62633), raddr=('127.0.0.1', 5672)>
2022-04-07 15:27:59,186 - AMQP stack terminated, failed to connect, or aborted: opened=True, error-arg=None; pending-error=ConnectionClosedByClient: (200) 'Normal shutdown'
2022-04-07 15:27:59,186 - Stack terminated due to ConnectionClosedByClient: (200) 'Normal shutdown'
2022-04-07 15:27:59,186 - Closing transport socket and unlinking: state=3; <socket.socket fd=22, family=AddressFamily.AF_INET, type=SocketKind.SOCK_STREAM, proto=6, laddr=('127.0.0.1', 62633), raddr=('127.0.0.1', 5672)>
2022-04-07 15:27:59,186 - User-initiated close: result=BlockingConnection__OnClosedArgs(connection=<SelectConnection CLOSED transport=None params=<ConnectionParameters host=localhost port=5672 virtual_host=/ ssl=False>>, error=ConnectionClosedByClient: (200) 'Normal shutdown')
2022-04-07 15:27:59,187 - PID 44597 completed loading and processing
