2022-04-07 15:30:42,507 - PID 45431 started loading and processing
2022-04-07 15:30:42,514 - Pika version 1.2.0 connecting to ('::1', 5672, 0, 0)
2022-04-07 15:30:42,515 - Socket failed to connect: <socket.socket fd=22, family=AddressFamily.AF_INET6, type=SocketKind.SOCK_STREAM, proto=6, laddr=('::1', 62722, 0, 0)>; error=61 (Connection refused)
2022-04-07 15:30:42,515 - TCP Connection attempt failed: ConnectionRefusedError(61, 'Connection refused'); dest=(<AddressFamily.AF_INET6: 30>, <SocketKind.SOCK_STREAM: 1>, 6, '', ('::1', 5672, 0, 0))
2022-04-07 15:30:42,515 - AMQPConnector - reporting failure: AMQPConnectorSocketConnectError: ConnectionRefusedError(61, 'Connection refused')
2022-04-07 15:30:42,515 - Pika version 1.2.0 connecting to ('127.0.0.1', 5672)
2022-04-07 15:30:42,515 - Socket connected: <socket.socket fd=22, family=AddressFamily.AF_INET, type=SocketKind.SOCK_STREAM, proto=6, laddr=('127.0.0.1', 62723), raddr=('127.0.0.1', 5672)>
2022-04-07 15:30:42,516 - Streaming transport linked up: (<pika.adapters.utils.io_services_utils._AsyncPlaintextTransport object at 0x11cac51c0>, _StreamingProtocolShim: <SelectConnection PROTOCOL transport=<pika.adapters.utils.io_services_utils._AsyncPlaintextTransport object at 0x11cac51c0> params=<ConnectionParameters host=localhost port=5672 virtual_host=/ ssl=False>>).
2022-04-07 15:30:42,523 - AMQPConnector - reporting success: <SelectConnection OPEN transport=<pika.adapters.utils.io_services_utils._AsyncPlaintextTransport object at 0x11cac51c0> params=<ConnectionParameters host=localhost port=5672 virtual_host=/ ssl=False>>
2022-04-07 15:30:42,523 - AMQPConnectionWorkflow - reporting success: <SelectConnection OPEN transport=<pika.adapters.utils.io_services_utils._AsyncPlaintextTransport object at 0x11cac51c0> params=<ConnectionParameters host=localhost port=5672 virtual_host=/ ssl=False>>
2022-04-07 15:30:42,523 - Connection workflow succeeded: <SelectConnection OPEN transport=<pika.adapters.utils.io_services_utils._AsyncPlaintextTransport object at 0x11cac51c0> params=<ConnectionParameters host=localhost port=5672 virtual_host=/ ssl=False>>
2022-04-07 15:30:42,523 - Created channel=1
2022-04-07 15:30:42,526 - Logging before start consuming
2022-04-07 15:30:47,944 - processing started: 0_000 
2022-04-07 15:30:48,134 - processing completed: 0_000
2022-04-07 15:30:48,153 - processing started: 2_000 
2022-04-07 15:30:48,402 - processing completed: 2_000
2022-04-07 15:30:48,408 - processing started: 4_001 
2022-04-07 15:30:48,650 - processing completed: 4_001
2022-04-07 15:30:48,656 - processing started: 6_002 
2022-04-07 15:30:48,839 - processing completed: 6_002
2022-04-07 15:30:48,845 - processing started: 8_003 
2022-04-07 15:30:49,090 - processing completed: 8_003
2022-04-07 15:30:49,097 - processing started: 10_004 
2022-04-07 15:30:49,273 - processing completed: 10_004
2022-04-07 15:30:49,278 - processing started: 12_005 
2022-04-07 15:30:49,519 - processing completed: 12_005
2022-04-07 15:30:49,525 - processing started: 14_005 
2022-04-07 15:30:49,711 - processing completed: 14_005
2022-04-07 15:30:49,716 - processing started: 16_006 
2022-04-07 15:30:49,985 - processing completed: 16_006
2022-04-07 15:30:49,991 - processing started: 18_007 
2022-04-07 15:30:50,163 - processing completed: 18_007
2022-04-07 15:30:50,169 - processing started: 20_008 
2022-04-07 15:30:50,378 - processing completed: 20_008
2022-04-07 15:30:50,385 - processing started: 22_009 
2022-04-07 15:30:50,569 - processing completed: 22_009
2022-04-07 15:30:50,575 - processing started: 24_009 
2022-04-07 15:30:50,824 - processing completed: 24_009
2022-04-07 15:30:50,832 - processing started: 26_010 
2022-04-07 15:30:51,023 - processing completed: 26_010
2022-04-07 15:30:51,029 - processing started: 28_011 
2022-04-07 15:30:51,296 - processing completed: 28_011
2022-04-07 15:30:51,303 - processing started: 30_012 
2022-04-07 15:30:51,380 - processing completed: 30_012
2022-04-07 15:30:51,384 - processing started: 32_013 
2022-04-07 15:30:51,601 - processing completed: 32_013
2022-04-07 15:30:51,606 - processing started: 34_014 
2022-04-07 15:30:51,793 - processing completed: 34_014
2022-04-07 15:30:51,797 - processing started: 36_014 
2022-04-07 15:30:51,908 - processing completed: 36_014
2022-04-07 15:30:51,913 - processing started: 38_015 
2022-04-07 15:30:52,097 - processing completed: 38_015
2022-04-07 15:30:52,102 - processing started: 40_015 
2022-04-07 15:30:52,201 - processing completed: 40_015
2022-04-07 15:30:52,205 - processing started: 42_015 
2022-04-07 15:30:52,410 - processing completed: 42_015
2022-04-07 15:30:52,415 - processing started: 44_016 
2022-04-07 15:30:52,531 - processing completed: 44_016
2022-04-07 15:30:52,536 - processing started: 46_017 
2022-04-07 15:30:52,729 - processing completed: 46_017
2022-04-07 15:30:52,734 - processing started: 48_018 
2022-04-07 15:30:52,849 - processing completed: 48_018
2022-04-07 15:30:52,854 - processing started: 50_019 
2022-04-07 15:30:53,051 - processing completed: 50_019
2022-04-07 15:30:53,055 - processing started: 52_020 
2022-04-07 15:30:53,167 - processing completed: 52_020
2022-04-07 15:30:53,172 - processing started: 54_021 
2022-04-07 15:30:53,365 - processing completed: 54_021
2022-04-07 15:30:53,390 - processing started: 56_022 
2022-04-07 15:30:53,542 - processing completed: 56_022
2022-04-07 15:30:53,547 - processing started: 58_022 
2022-04-07 15:30:53,757 - processing completed: 58_022
2022-04-07 15:30:53,763 - processing started: 60_023 
2022-04-07 15:30:53,888 - processing completed: 60_023
2022-04-07 15:30:53,892 - processing started: 62_023 
2022-04-07 15:30:54,060 - processing completed: 62_023
2022-04-07 15:30:54,064 - processing started: 64_024 
2022-04-07 15:30:54,229 - processing completed: 64_024
2022-04-07 15:30:54,233 - processing started: 66_025 
2022-04-07 15:30:54,343 - processing completed: 66_025
2022-04-07 15:30:54,347 - processing started: 68_026 
2022-04-07 15:30:54,525 - processing completed: 68_026
2022-04-07 15:30:54,529 - processing started: 70_027 
2022-04-07 15:30:54,632 - processing completed: 70_027
2022-04-07 15:30:54,636 - processing started: 72_028 
2022-04-07 15:30:54,789 - processing completed: 72_028
2022-04-07 15:30:54,794 - processing started: 74_028 
2022-04-07 15:30:54,911 - processing completed: 74_028
2022-04-07 15:30:54,915 - processing started: 76_029 
2022-04-07 15:30:55,083 - processing completed: 76_029
2022-04-07 15:30:55,086 - processing started: 78_030 
2022-04-07 15:30:55,183 - processing completed: 78_030
2022-04-07 15:30:55,188 - processing started: 80_031 
2022-04-07 15:30:55,355 - processing completed: 80_031
2022-04-07 15:30:55,360 - processing started: 82_031 
2022-04-07 15:30:55,467 - processing completed: 82_031
2022-04-07 15:30:55,471 - processing started: 84_032 
2022-04-07 15:30:55,676 - processing completed: 84_032
2022-04-07 15:30:55,681 - processing started: 86_032 
2022-04-07 15:30:55,812 - processing completed: 86_032
2022-04-07 15:30:55,817 - processing started: 88_033 
2022-04-07 15:30:55,969 - processing completed: 88_033
2022-04-07 15:30:55,972 - processing started: 90_033 
2022-04-07 15:30:56,064 - processing completed: 90_033
2022-04-07 15:30:56,069 - processing started: 92_033 
2022-04-07 15:30:56,219 - processing completed: 92_033
2022-04-07 15:30:56,222 - processing started: 94_034 
2022-04-07 15:30:56,381 - processing completed: 94_034
2022-04-07 15:30:56,386 - processing started: 96_035 
2022-04-07 15:30:56,490 - processing completed: 96_035
2022-04-07 15:30:56,495 - processing started: 98_035 
2022-04-07 15:30:56,678 - processing completed: 98_035
2022-04-07 15:30:56,682 - processing started: 100_036 
2022-04-07 15:30:56,772 - processing completed: 100_036
2022-04-07 15:30:56,776 - processing started: 102_037 
2022-04-07 15:30:56,933 - processing completed: 102_037
2022-04-07 15:30:56,937 - processing started: 104_038 
2022-04-07 15:30:57,032 - processing completed: 104_038
2022-04-07 15:30:57,035 - processing started: 106_039 
2022-04-07 15:30:57,191 - processing completed: 106_039
2022-04-07 15:30:57,195 - processing started: 108_039 
2022-04-07 15:30:57,290 - processing completed: 108_039
2022-04-07 15:30:57,294 - processing started: 110_040 
2022-04-07 15:30:57,450 - processing completed: 110_040
2022-04-07 15:30:57,454 - processing started: 112_040 
2022-04-07 15:30:57,547 - processing completed: 112_040
2022-04-07 15:30:57,551 - processing started: 114_040 
2022-04-07 15:30:57,717 - processing completed: 114_040
2022-04-07 15:30:57,720 - processing started: 116_041 
2022-04-07 15:30:57,813 - processing completed: 116_041
2022-04-07 15:30:57,816 - processing started: 118_042 
2022-04-07 15:30:57,971 - processing completed: 118_042
2022-04-07 15:30:57,975 - processing started: 120_042 
2022-04-07 15:30:58,066 - processing completed: 120_042
2022-04-07 15:30:58,070 - processing started: 122_043 
2022-04-07 15:30:58,215 - processing completed: 122_043
2022-04-07 15:30:58,219 - processing started: 124_044 
2022-04-07 15:30:58,376 - processing completed: 124_044
2022-04-07 15:30:58,380 - processing started: 126_044 
2022-04-07 15:30:58,475 - processing completed: 126_044
2022-04-07 15:30:58,479 - processing started: 128_045 
2022-04-07 15:30:58,635 - processing completed: 128_045
2022-04-07 15:30:58,639 - processing started: 130_046 
2022-04-07 15:30:58,740 - processing completed: 130_046
2022-04-07 15:30:58,744 - processing started: 132_047 
2022-04-07 15:30:58,909 - processing completed: 132_047
2022-04-07 15:30:58,913 - processing started: 134_048 
2022-04-07 15:30:59,019 - processing completed: 134_048
2022-04-07 15:30:59,023 - processing started: 136_048 
2022-04-07 15:30:59,179 - processing completed: 136_048
2022-04-07 15:30:59,182 - processing started: 138_049 
2022-04-07 15:30:59,281 - processing completed: 138_049
2022-04-07 15:30:59,285 - processing started: 140_050 
2022-04-07 15:30:59,441 - processing completed: 140_050
2022-04-07 15:30:59,445 - processing started: 142_050 
2022-04-07 15:30:59,536 - processing completed: 142_050
2022-04-07 15:30:59,540 - processing started: 144_051 
2022-04-07 15:30:59,693 - processing completed: 144_051
2022-04-07 15:30:59,697 - processing started: 146_051 
2022-04-07 15:30:59,801 - processing completed: 146_051
2022-04-07 15:30:59,804 - processing started: 148_052 
2022-04-07 15:30:59,964 - processing completed: 148_052
2022-04-07 15:30:59,968 - processing started: 150_053 
2022-04-07 15:31:00,068 - processing completed: 150_053
2022-04-07 15:31:00,073 - processing started: 152_054 
2022-04-07 15:31:00,218 - processing completed: 152_054
2022-04-07 15:31:00,223 - processing started: 154_055 
2022-04-07 15:31:00,390 - processing completed: 154_055
2022-04-07 15:31:00,394 - processing started: 156_056 
2022-04-07 15:31:00,495 - processing completed: 156_056
2022-04-07 15:31:00,499 - processing started: 158_057 
2022-04-07 15:31:00,652 - processing completed: 158_057
2022-04-07 15:31:00,656 - processing started: 160_058 
2022-04-07 15:31:00,812 - processing completed: 160_058
2022-04-07 15:31:00,818 - processing started: 162_058 
2022-04-07 15:31:01,025 - processing completed: 162_058
2022-04-07 15:31:01,030 - processing started: 164_059 
2022-04-07 15:31:01,118 - processing completed: 164_059
2022-04-07 15:31:01,123 - processing started: 166_060 
2022-04-07 15:31:01,263 - processing completed: 166_060
2022-04-07 15:31:01,267 - processing started: 168_061 
2022-04-07 15:31:01,362 - processing completed: 168_061
2022-04-07 15:31:01,366 - processing started: 170_062 
2022-04-07 15:31:01,525 - processing completed: 170_062
2022-04-07 15:31:01,528 - processing started: 172_062 
2022-04-07 15:31:01,620 - processing completed: 172_062
2022-04-07 15:31:01,623 - processing started: 174_063 
2022-04-07 15:31:01,875 - processing completed: 174_063
2022-04-07 15:31:01,881 - processing started: 176_064 
2022-04-07 15:31:02,055 - processing completed: 176_064
2022-04-07 15:31:02,060 - processing started: 178_064 
2022-04-07 15:31:02,286 - processing completed: 178_064
2022-04-07 15:31:02,292 - processing started: 180_065 
2022-04-07 15:31:02,531 - processing completed: 180_065
2022-04-07 15:31:02,537 - processing started: 182_066 
2022-04-07 15:31:02,722 - processing completed: 182_066
2022-04-07 15:31:02,728 - processing started: 184_066 
2022-04-07 15:31:02,975 - processing completed: 184_066
2022-04-07 15:31:02,981 - processing started: 186_066 
2022-04-07 15:31:03,152 - processing completed: 186_066
2022-04-07 15:31:03,157 - processing started: 188_067 
2022-04-07 15:31:03,261 - processing completed: 188_067
2022-04-07 15:31:03,263 - processing started: 190_067 
2022-04-07 15:31:03,386 - processing completed: 190_067
2022-04-07 15:31:03,391 - processing started: 192_067 
2022-04-07 15:31:03,625 - processing completed: 192_067
2022-04-07 15:31:03,631 - processing started: 194_068 
2022-04-07 15:31:03,752 - processing completed: 194_068
2022-04-07 15:31:03,757 - processing started: 196_069 
2022-04-07 15:31:03,947 - processing completed: 196_069
2022-04-07 15:31:03,952 - processing started: 198_069 
2022-04-07 15:31:04,084 - processing completed: 198_069
2022-04-07 15:31:04,090 - processing started: 200_070 
2022-04-07 15:31:04,193 - processing completed: 200_070
2022-04-07 15:31:04,195 - processing started: 202_071 
2022-04-07 15:31:04,368 - processing completed: 202_071
2022-04-07 15:31:04,375 - processing started: 204_072 
2022-04-07 15:31:04,610 - processing completed: 204_072
2022-04-07 15:31:04,615 - processing started: 206_072 
2022-04-07 15:31:04,791 - processing completed: 206_072
2022-04-07 15:31:04,797 - processing started: 208_073 
2022-04-07 15:31:05,043 - processing completed: 208_073
2022-04-07 15:31:05,049 - processing started: 210_074 
2022-04-07 15:31:05,287 - processing completed: 210_074
2022-04-07 15:31:05,294 - processing started: 212_075 
2022-04-07 15:31:05,476 - processing completed: 212_075
2022-04-07 15:31:05,483 - processing started: 214_076 
2022-04-07 15:31:05,724 - processing completed: 214_076
2022-04-07 15:31:05,730 - processing started: 216_077 
2022-04-07 15:31:05,911 - processing completed: 216_077
2022-04-07 15:31:05,917 - processing started: 218_078 
2022-04-07 15:31:06,161 - processing completed: 218_078
2022-04-07 15:31:06,167 - processing started: 220_079 
2022-04-07 15:31:06,352 - processing completed: 220_079
2022-04-07 15:31:06,358 - processing started: 222_079 
2022-04-07 15:31:06,595 - processing completed: 222_079
2022-04-07 15:31:06,602 - processing started: 224_080 
2022-04-07 15:31:06,688 - processing completed: 224_080
2022-04-07 15:31:06,692 - processing started: 226_081 
2022-04-07 15:31:06,866 - processing completed: 226_081
2022-04-07 15:31:06,872 - processing started: 228_081 
2022-04-07 15:31:06,983 - processing completed: 228_081
2022-04-07 15:31:06,988 - processing started: 230_081 
2022-04-07 15:31:07,177 - processing completed: 230_081
2022-04-07 15:31:07,182 - processing started: 232_082 
2022-04-07 15:31:07,299 - processing completed: 232_082
2022-04-07 15:31:07,305 - processing started: 234_082 
2022-04-07 15:31:07,470 - processing completed: 234_082
2022-04-07 15:31:07,474 - processing started: 236_083 
2022-04-07 15:31:07,580 - processing completed: 236_083
2022-04-07 15:31:07,585 - processing started: 238_084 
2022-04-07 15:31:07,751 - processing completed: 238_084
2022-04-07 15:31:07,756 - processing started: 240_085 
2022-04-07 15:31:07,927 - processing completed: 240_085
2022-04-07 15:31:07,932 - processing started: 242_086 
2022-04-07 15:31:08,054 - processing completed: 242_086
2022-04-07 15:31:08,059 - processing started: 244_087 
2022-04-07 15:31:08,248 - processing completed: 244_087
2022-04-07 15:31:08,253 - processing started: 246_088 
2022-04-07 15:31:08,371 - processing completed: 246_088
2022-04-07 15:31:08,375 - processing started: 248_088 
2022-04-07 15:31:08,546 - processing completed: 248_088
2022-04-07 15:31:08,551 - processing started: 250_089 
2022-04-07 15:31:08,615 - processing completed: 250_089
2022-04-07 15:31:08,618 - processing started: 252_090 
2022-04-07 15:31:08,751 - processing completed: 252_090
2022-04-07 15:31:08,754 - processing started: 254_091 
2022-04-07 15:31:08,824 - processing completed: 254_091
2022-04-07 15:31:08,827 - processing started: 256_092 
2022-04-07 15:31:08,965 - processing completed: 256_092
2022-04-07 15:31:08,969 - processing started: 258_093 
2022-04-07 15:31:09,050 - processing completed: 258_093
2022-04-07 15:31:09,054 - processing started: 260_094 
2022-04-07 15:31:09,204 - processing completed: 260_094
2022-04-07 15:31:09,208 - processing started: 262_094 
2022-04-07 15:31:09,291 - processing completed: 262_094
2022-04-07 15:31:09,295 - processing started: 264_095 
2022-04-07 15:31:09,451 - processing completed: 264_095
2022-04-07 15:31:09,455 - processing started: 266_096 
2022-04-07 15:31:09,536 - processing completed: 266_096
2022-04-07 15:31:09,541 - processing started: 268_097 
2022-04-07 15:31:09,679 - processing completed: 268_097
2022-04-07 15:31:09,683 - processing started: 270_098 
2022-04-07 15:31:09,832 - processing completed: 270_098
2022-04-07 15:31:09,836 - processing started: 272_099 
2022-04-07 15:31:09,911 - processing completed: 272_099
2022-04-07 15:31:09,914 - processing started: 274_100 
2022-04-07 15:31:10,090 - processing completed: 274_100
2022-04-07 15:31:10,095 - processing started: 276_101 
2022-04-07 15:31:10,169 - processing completed: 276_101
2022-04-07 15:31:10,173 - processing started: 278_102 
2022-04-07 15:31:10,313 - processing completed: 278_102
2022-04-07 15:31:10,317 - processing started: 280_103 
2022-04-07 15:31:10,394 - processing completed: 280_103
2022-04-07 15:31:10,399 - processing started: 282_103 
2022-04-07 15:31:10,538 - processing completed: 282_103
2022-04-07 15:31:10,542 - processing started: 284_104 
2022-04-07 15:31:10,611 - processing completed: 284_104
2022-04-07 15:31:10,615 - processing started: 286_105 
2022-04-07 15:31:10,752 - processing completed: 286_105
2022-04-07 15:31:10,756 - processing started: 288_106 
2022-04-07 15:31:10,828 - processing completed: 288_106
2022-04-07 15:31:10,832 - processing started: 290_107 
2022-04-07 15:31:10,968 - processing completed: 290_107
2022-04-07 15:31:10,972 - processing started: 292_108 
2022-04-07 15:31:11,038 - processing completed: 292_108
2022-04-07 15:31:11,041 - processing started: 294_108 
2022-04-07 15:31:11,172 - processing completed: 294_108
2022-04-07 15:31:11,175 - processing started: 296_109 
2022-04-07 15:31:11,241 - processing completed: 296_109
2022-04-07 15:31:11,245 - processing started: 298_110 
2022-04-07 15:31:11,376 - processing completed: 298_110
2022-04-07 15:31:11,380 - processing started: 300_111 
2022-04-07 15:31:11,527 - processing completed: 300_111
2022-04-07 15:31:11,531 - processing started: 302_112 
2022-04-07 15:31:11,598 - processing completed: 302_112
2022-04-07 15:31:11,601 - processing started: 304_113 
2022-04-07 15:31:11,724 - processing completed: 304_113
2022-04-07 15:31:11,728 - processing started: 306_114 
2022-04-07 15:31:11,835 - processing completed: 306_114
2022-04-07 15:31:11,840 - processing started: 308_115 
2022-04-07 15:31:12,002 - processing completed: 308_115
2022-04-07 15:31:12,008 - processing started: 310_116 
2022-04-07 15:31:12,113 - processing completed: 310_116
2022-04-07 15:31:12,119 - processing started: 312_117 
2022-04-07 15:31:12,282 - processing completed: 312_117
2022-04-07 15:31:12,287 - processing started: 314_117 
2022-04-07 15:31:12,392 - processing completed: 314_117
2022-04-07 15:31:12,397 - processing started: 316_118 
2022-04-07 15:31:12,572 - processing completed: 316_118
2022-04-07 15:31:12,577 - processing started: 318_119 
2022-04-07 15:31:12,680 - processing completed: 318_119
2022-04-07 15:31:12,685 - processing started: 320_120 
2022-04-07 15:31:12,826 - processing completed: 320_120
2022-04-07 15:31:12,830 - processing started: 322_120 
2022-04-07 15:31:12,914 - processing completed: 322_120
2022-04-07 15:31:12,919 - processing started: 324_121 
2022-04-07 15:31:13,083 - processing completed: 324_121
2022-04-07 15:31:13,088 - processing started: 326_122 
2022-04-07 15:31:13,192 - processing completed: 326_122
2022-04-07 15:31:13,197 - processing started: 328_123 
2022-04-07 15:31:13,362 - processing completed: 328_123
2022-04-07 15:31:13,368 - processing started: 330_123 
2022-04-07 15:31:13,541 - processing completed: 330_123
2022-04-07 15:31:13,547 - processing started: 332_124 
2022-04-07 15:31:13,654 - processing completed: 332_124
2022-04-07 15:31:13,659 - processing started: 334_124 
2022-04-07 15:31:13,820 - processing completed: 334_124
2022-04-07 15:31:13,825 - processing started: 336_124 
2022-04-07 15:31:13,934 - processing completed: 336_124
2022-04-07 15:31:13,939 - processing started: 338_124 
2022-04-07 15:31:14,100 - processing completed: 338_124
2022-04-07 15:31:14,105 - processing started: 340_125 
2022-04-07 15:31:14,219 - processing completed: 340_125
2022-04-07 15:31:14,224 - processing started: 342_126 
2022-04-07 15:31:14,400 - processing completed: 342_126
2022-04-07 15:31:14,405 - processing started: 344_126 
2022-04-07 15:31:14,511 - processing completed: 344_126
2022-04-07 15:31:14,515 - processing started: 346_127 
2022-04-07 15:31:14,687 - processing completed: 346_127
2022-04-07 15:31:14,692 - processing started: 348_128 
2022-04-07 15:31:14,795 - processing completed: 348_128
2022-04-07 15:31:14,799 - processing started: 350_129 
2022-04-07 15:31:14,965 - processing completed: 350_129
2022-04-07 15:31:14,970 - processing started: 352_130 
2022-04-07 15:31:15,079 - processing completed: 352_130
2022-04-07 15:31:15,084 - processing started: 354_131 
2022-04-07 15:31:15,250 - processing completed: 354_131
2022-04-07 15:31:15,256 - processing started: 356_132 
2022-04-07 15:31:15,365 - processing completed: 356_132
2022-04-07 15:31:15,370 - processing started: 358_133 
2022-04-07 15:31:15,539 - processing completed: 358_133
2022-04-07 15:31:15,544 - processing started: 360_134 
2022-04-07 15:31:15,725 - processing completed: 360_134
2022-04-07 15:31:15,731 - processing started: 362_134 
2022-04-07 15:31:15,841 - processing completed: 362_134
2022-04-07 15:31:15,846 - processing started: 364_134 
2022-04-07 15:31:16,017 - processing completed: 364_134
2022-04-07 15:31:16,023 - processing started: 366_135 
2022-04-07 15:31:16,126 - processing completed: 366_135
2022-04-07 15:31:16,131 - processing started: 368_136 
2022-04-07 15:31:16,296 - processing completed: 368_136
2022-04-07 15:31:16,301 - processing started: 370_137 
2022-04-07 15:31:16,415 - processing completed: 370_137
2022-04-07 15:31:16,419 - processing started: 372_138 
2022-04-07 15:31:16,582 - processing completed: 372_138
2022-04-07 15:31:16,587 - processing started: 374_139 
2022-04-07 15:31:16,705 - processing completed: 374_139
2022-04-07 15:31:16,711 - processing started: 376_140 
2022-04-07 15:31:16,878 - processing completed: 376_140
2022-04-07 15:31:16,883 - processing started: 378_140 
2022-04-07 15:31:16,995 - processing completed: 378_140
2022-04-07 15:31:17,000 - processing started: 380_141 
2022-04-07 15:31:17,167 - processing completed: 380_141
2022-04-07 15:31:17,173 - processing started: 382_142 
2022-04-07 15:31:17,280 - processing completed: 382_142
2022-04-07 15:31:17,285 - processing started: 384_143 
2022-04-07 15:31:17,451 - processing completed: 384_143
2022-04-07 15:31:17,456 - processing started: 386_144 
2022-04-07 15:31:17,561 - processing completed: 386_144
2022-04-07 15:31:17,565 - processing started: 388_145 
2022-04-07 15:31:17,734 - processing completed: 388_145
2022-04-07 15:31:17,740 - processing started: 390_145 
2022-04-07 15:31:17,929 - processing completed: 390_145
2022-04-07 15:31:17,933 - processing started: 392_145 
2022-04-07 15:31:18,036 - processing completed: 392_145
2022-04-07 15:31:18,041 - processing started: 394_146 
2022-04-07 15:31:18,202 - processing completed: 394_146
2022-04-07 15:31:18,207 - processing started: 396_147 
2022-04-07 15:31:18,313 - processing completed: 396_147
2022-04-07 15:31:18,318 - processing started: 398_147 
2022-04-07 15:31:18,483 - processing completed: 398_147
2022-04-07 15:31:18,487 - processing started: 400_148 
2022-04-07 15:31:18,592 - processing completed: 400_148
2022-04-07 15:31:18,596 - processing started: 402_149 
2022-04-07 15:31:18,758 - processing completed: 402_149
2022-04-07 15:31:18,763 - processing started: 404_149 
2022-04-07 15:31:18,871 - processing completed: 404_149
2022-04-07 15:31:18,877 - processing started: 406_150 
2022-04-07 15:31:19,049 - processing completed: 406_150
2022-04-07 15:31:19,054 - processing started: 408_151 
2022-04-07 15:31:19,160 - processing completed: 408_151
2022-04-07 15:31:19,165 - processing started: 410_152 
2022-04-07 15:31:19,333 - processing completed: 410_152
2022-04-07 15:31:19,337 - processing started: 412_153 
2022-04-07 15:31:19,445 - processing completed: 412_153
2022-04-07 15:31:19,449 - processing started: 414_154 
2022-04-07 15:31:19,608 - processing completed: 414_154
2022-04-07 15:31:19,612 - processing started: 416_155 
2022-04-07 15:31:19,718 - processing completed: 416_155
2022-04-07 15:31:19,722 - processing started: 418_156 
2022-04-07 15:31:19,896 - processing completed: 418_156
2022-04-07 15:31:19,900 - processing started: 420_157 
2022-04-07 15:31:20,077 - processing completed: 420_157
2022-04-07 15:31:20,081 - processing started: 422_157 
2022-04-07 15:31:20,186 - processing completed: 422_157
2022-04-07 15:31:20,191 - processing started: 424_158 
2022-04-07 15:31:20,354 - processing completed: 424_158
2022-04-07 15:31:20,358 - processing started: 426_159 
2022-04-07 15:31:20,465 - processing completed: 426_159
2022-04-07 15:31:20,470 - processing started: 428_160 
2022-04-07 15:31:20,633 - processing completed: 428_160
2022-04-07 15:31:20,637 - processing started: 430_160 
2022-04-07 15:31:20,742 - processing completed: 430_160
2022-04-07 15:31:20,748 - processing started: 432_161 
2022-04-07 15:31:20,916 - processing completed: 432_161
2022-04-07 15:31:20,920 - processing started: 434_162 
2022-04-07 15:31:21,034 - processing completed: 434_162
2022-04-07 15:31:21,039 - processing started: 436_163 
2022-04-07 15:31:21,199 - processing completed: 436_163
2022-04-07 15:31:21,203 - processing started: 438_164 
2022-04-07 15:31:21,306 - processing completed: 438_164
2022-04-07 15:31:21,311 - processing started: 440_165 
2022-04-07 15:31:21,478 - processing completed: 440_165
2022-04-07 15:31:21,484 - processing started: 442_166 
2022-04-07 15:31:21,587 - processing completed: 442_166
2022-04-07 15:31:21,592 - processing started: 444_167 
2022-04-07 15:31:21,755 - processing completed: 444_167
2022-04-07 15:31:21,760 - processing started: 446_167 
2022-04-07 15:31:21,932 - processing completed: 446_167
2022-04-07 15:31:21,936 - processing started: 448_168 
2022-04-07 15:31:22,048 - processing completed: 448_168
2022-04-07 15:31:22,054 - processing started: 450_168 
2022-04-07 15:31:22,219 - processing completed: 450_168
2022-04-07 15:31:22,224 - processing started: 452_169 
2022-04-07 15:31:22,329 - processing completed: 452_169
2022-04-07 15:31:22,334 - processing started: 454_170 
2022-04-07 15:31:22,500 - processing completed: 454_170
2022-04-07 15:31:22,505 - processing started: 456_171 
2022-04-07 15:31:22,613 - processing completed: 456_171
2022-04-07 15:31:22,618 - processing started: 458_171 
2022-04-07 15:31:22,783 - processing completed: 458_171
2022-04-07 15:31:22,788 - processing started: 460_172 
2022-04-07 15:31:22,894 - processing completed: 460_172
2022-04-07 15:31:22,899 - processing started: 462_173 
2022-04-07 15:31:23,075 - processing completed: 462_173
2022-04-07 15:31:23,080 - processing started: 464_174 
2022-04-07 15:31:23,189 - processing completed: 464_174
2022-04-07 15:31:23,194 - processing started: 466_174 
2022-04-07 15:31:23,357 - processing completed: 466_174
2022-04-07 15:31:23,361 - processing started: 468_175 
2022-04-07 15:31:23,470 - processing completed: 468_175
2022-04-07 15:31:23,475 - processing started: 470_176 
2022-04-07 15:31:23,642 - processing completed: 470_176
2022-04-07 15:31:23,647 - processing started: 472_177 
2022-04-07 15:31:23,754 - processing completed: 472_177
2022-04-07 15:31:23,759 - processing started: 474_178 
2022-04-07 15:31:23,933 - processing completed: 474_178
2022-04-07 15:31:23,937 - processing started: 476_178 
2022-04-07 15:31:24,117 - processing completed: 476_178
2022-04-07 15:31:24,122 - processing started: 478_179 
2022-04-07 15:31:24,235 - processing completed: 478_179
2022-04-07 15:31:24,239 - processing started: 480_180 
2022-04-07 15:31:24,412 - processing completed: 480_180
2022-04-07 15:31:24,417 - processing started: 482_180 
2022-04-07 15:31:24,539 - processing completed: 482_180
2022-04-07 15:31:24,543 - processing started: 484_181 
2022-04-07 15:31:24,710 - processing completed: 484_181
2022-04-07 15:31:24,714 - processing started: 486_182 
2022-04-07 15:31:24,830 - processing completed: 486_182
2022-04-07 15:31:24,835 - processing started: 488_183 
2022-04-07 15:31:25,013 - processing completed: 488_183
2022-04-07 15:31:25,018 - processing started: 490_183 
2022-04-07 15:31:25,128 - processing completed: 490_183
2022-04-07 15:31:25,133 - processing started: 492_184 
2022-04-07 15:31:25,308 - processing completed: 492_184
2022-04-07 15:31:25,312 - processing started: 494_184 
2022-04-07 15:31:25,424 - processing completed: 494_184
2022-04-07 15:31:25,429 - processing started: 496_185 
2022-04-07 15:31:25,597 - processing completed: 496_185
2022-04-07 15:31:25,602 - processing started: 498_186 
2022-04-07 15:31:25,707 - processing completed: 498_186
2022-04-07 15:31:25,713 - processing started: 500_187 
2022-04-07 15:31:25,878 - processing completed: 500_187
2022-04-07 15:31:25,883 - processing started: 502_188 
2022-04-07 15:31:25,992 - processing completed: 502_188
2022-04-07 15:31:25,997 - processing started: 504_188 
2022-04-07 15:31:26,163 - processing completed: 504_188
2022-04-07 15:31:26,168 - processing started: 506_189 
2022-04-07 15:31:26,321 - processing completed: 506_189
2022-04-07 15:31:26,325 - processing started: 508_190 
2022-04-07 15:31:26,437 - processing completed: 508_190
2022-04-07 15:31:26,441 - processing started: 510_191 
2022-04-07 15:31:26,604 - processing completed: 510_191
2022-04-07 15:31:26,608 - processing started: 512_192 
2022-04-07 15:31:26,712 - processing completed: 512_192
2022-04-07 15:31:26,717 - processing started: 514_192 
2022-04-07 15:31:26,884 - processing completed: 514_192
2022-04-07 15:31:26,889 - processing started: 516_193 
2022-04-07 15:31:26,994 - processing completed: 516_193
2022-04-07 15:31:26,998 - processing started: 518_194 
2022-04-07 15:31:27,163 - processing completed: 518_194
2022-04-07 15:31:27,168 - processing started: 520_195 
2022-04-07 15:31:27,280 - processing completed: 520_195
2022-04-07 15:31:27,286 - processing started: 522_196 
2022-04-07 15:31:27,452 - processing completed: 522_196
2022-04-07 15:31:27,457 - processing started: 524_196 
2022-04-07 15:31:27,564 - processing completed: 524_196
2022-04-07 15:31:27,568 - processing started: 526_196 
2022-04-07 15:31:27,731 - processing completed: 526_196
2022-04-07 15:31:27,735 - processing started: 528_197 
2022-04-07 15:31:27,846 - processing completed: 528_197
2022-04-07 15:31:27,850 - processing started: 530_197 
2022-04-07 15:31:28,022 - processing completed: 530_197
2022-04-07 15:31:28,026 - processing started: 532_198 
2022-04-07 15:31:28,131 - processing completed: 532_198
2022-04-07 15:31:28,135 - processing started: 534_199 
2022-04-07 15:31:28,304 - processing completed: 534_199
2022-04-07 15:31:28,309 - processing started: 536_200 
2022-04-07 15:31:28,496 - processing completed: 536_200
2022-04-07 15:31:28,501 - processing started: 538_201 
2022-04-07 15:31:28,606 - processing completed: 538_201
2022-04-07 15:31:28,612 - processing started: 540_202 
2022-04-07 15:31:28,778 - processing completed: 540_202
2022-04-07 15:31:28,782 - processing started: 542_203 
2022-04-07 15:31:28,889 - processing completed: 542_203
2022-04-07 15:31:28,895 - processing started: 544_204 
2022-04-07 15:31:29,060 - processing completed: 544_204
2022-04-07 15:31:29,064 - processing started: 546_205 
2022-04-07 15:31:29,169 - processing completed: 546_205
2022-04-07 15:31:29,174 - processing started: 548_206 
2022-04-07 15:31:29,337 - processing completed: 548_206
2022-04-07 15:31:29,341 - processing started: 550_207 
2022-04-07 15:31:29,450 - processing completed: 550_207
2022-04-07 15:31:29,455 - processing started: 552_207 
2022-04-07 15:31:29,641 - processing completed: 552_207
2022-04-07 15:31:29,646 - processing started: 554_208 
2022-04-07 15:31:29,750 - processing completed: 554_208
2022-04-07 15:31:29,755 - processing started: 556_209 
2022-04-07 15:31:29,920 - processing completed: 556_209
2022-04-07 15:31:29,925 - processing started: 558_210 
2022-04-07 15:31:30,035 - processing completed: 558_210
2022-04-07 15:31:30,040 - processing started: 560_211 
2022-04-07 15:31:30,203 - processing completed: 560_211
2022-04-07 15:31:30,207 - processing started: 562_212 
2022-04-07 15:31:30,312 - processing completed: 562_212
2022-04-07 15:31:30,316 - processing started: 564_213 
2022-04-07 15:31:30,488 - processing completed: 564_213
2022-04-07 15:31:30,491 - processing started: 566_214 
2022-04-07 15:31:30,668 - processing completed: 566_214
2022-04-07 15:31:30,673 - processing started: 568_214 
2022-04-07 15:31:30,780 - processing completed: 568_214
2022-04-07 15:31:30,785 - processing started: 570_214 
2022-04-07 15:31:30,958 - processing completed: 570_214
2022-04-07 15:31:30,962 - processing started: 572_215 
2022-04-07 15:31:31,073 - processing completed: 572_215
2022-04-07 15:31:31,079 - processing started: 574_216 
2022-04-07 15:31:31,245 - processing completed: 574_216
2022-04-07 15:31:31,250 - processing started: 576_217 
2022-04-07 15:31:31,360 - processing completed: 576_217
2022-04-07 15:31:31,365 - processing started: 578_218 
2022-04-07 15:31:31,532 - processing completed: 578_218
2022-04-07 15:31:31,538 - processing started: 580_219 
2022-04-07 15:31:31,659 - processing completed: 580_219
2022-04-07 15:31:31,664 - processing started: 582_220 
2022-04-07 15:31:31,830 - processing completed: 582_220
2022-04-07 15:31:31,835 - processing started: 584_221 
2022-04-07 15:31:31,949 - processing completed: 584_221
2022-04-07 15:31:31,954 - processing started: 586_221 
2022-04-07 15:31:32,122 - processing completed: 586_221
2022-04-07 15:31:32,127 - processing started: 588_222 
2022-04-07 15:31:32,235 - processing completed: 588_222
2022-04-07 15:31:32,240 - processing started: 590_222 
2022-04-07 15:31:32,413 - processing completed: 590_222
2022-04-07 15:31:32,418 - processing started: 592_223 
2022-04-07 15:31:32,501 - processing completed: 592_223
2022-04-07 15:31:32,505 - processing started: 594_224 
2022-04-07 15:31:32,706 - processing completed: 594_224
2022-04-07 15:31:32,711 - processing started: 596_224 
2022-04-07 15:31:32,903 - processing completed: 596_224
2022-04-07 15:31:32,908 - processing started: 598_225 
2022-04-07 15:31:32,997 - processing completed: 598_225
2022-04-07 15:31:33,000 - processing started: 600_225 
2022-04-07 15:31:33,151 - processing completed: 600_225
2022-04-07 15:31:33,155 - processing started: 602_226 
2022-04-07 15:31:33,241 - processing completed: 602_226
2022-04-07 15:31:33,245 - processing started: 604_226 
2022-04-07 15:31:33,396 - processing completed: 604_226
2022-04-07 15:31:33,399 - processing started: 606_227 
2022-04-07 15:31:33,505 - processing completed: 606_227
2022-04-07 15:31:33,509 - processing started: 608_227 
2022-04-07 15:31:33,680 - processing completed: 608_227
2022-04-07 15:31:33,684 - processing started: 610_227 
2022-04-07 15:31:33,777 - processing completed: 610_227
2022-04-07 15:31:33,781 - processing started: 612_227 
2022-04-07 15:31:33,984 - processing completed: 612_227
2022-04-07 15:31:33,989 - processing started: 614_227 
2022-04-07 15:31:34,083 - processing completed: 614_227
2022-04-07 15:31:34,087 - processing started: 616_228 
2022-04-07 15:31:34,237 - processing completed: 616_228
2022-04-07 15:31:34,241 - processing started: 618_229 
2022-04-07 15:31:34,328 - processing completed: 618_229
2022-04-07 15:31:34,333 - processing started: 620_230 
2022-04-07 15:31:34,484 - processing completed: 620_230
2022-04-07 15:31:34,489 - processing started: 622_230 
2022-04-07 15:31:34,574 - processing completed: 622_230
2022-04-07 15:31:34,578 - processing started: 624_231 
2022-04-07 15:31:34,750 - processing completed: 624_231
2022-04-07 15:31:34,753 - processing started: 626_232 
2022-04-07 15:31:34,903 - processing completed: 626_232
2022-04-07 15:31:34,907 - processing started: 628_232 
2022-04-07 15:31:34,987 - processing completed: 628_232
2022-04-07 15:31:34,991 - processing started: 630_232 
2022-04-07 15:31:35,140 - processing completed: 630_232
2022-04-07 15:31:35,143 - processing started: 632_233 
2022-04-07 15:31:35,224 - processing completed: 632_233
2022-04-07 15:31:35,228 - processing started: 634_234 
2022-04-07 15:31:35,380 - processing completed: 634_234
2022-04-07 15:31:35,384 - processing started: 636_234 
2022-04-07 15:31:35,466 - processing completed: 636_234
2022-04-07 15:31:35,470 - processing started: 638_235 
2022-04-07 15:31:35,635 - processing completed: 638_235
2022-04-07 15:31:35,640 - processing started: 640_236 
2022-04-07 15:31:35,746 - processing completed: 640_236
2022-04-07 15:31:35,750 - processing started: 642_236 
2022-04-07 15:31:35,927 - processing completed: 642_236
2022-04-07 15:31:35,931 - processing started: 644_237 
2022-04-07 15:31:36,037 - processing completed: 644_237
2022-04-07 15:31:36,042 - processing started: 646_238 
2022-04-07 15:31:36,205 - processing completed: 646_238
2022-04-07 15:31:36,210 - processing started: 648_239 
2022-04-07 15:31:36,318 - processing completed: 648_239
2022-04-07 15:31:36,322 - processing started: 650_240 
2022-04-07 15:31:36,492 - processing completed: 650_240
2022-04-07 15:31:36,496 - processing started: 652_240 
2022-04-07 15:31:36,602 - processing completed: 652_240
2022-04-07 15:31:36,605 - processing started: 654_241 
2022-04-07 15:31:36,767 - processing completed: 654_241
2022-04-07 15:31:36,771 - processing started: 656_242 
2022-04-07 15:31:36,961 - processing completed: 656_242
2022-04-07 15:31:36,966 - processing started: 658_243 
2022-04-07 15:31:37,071 - processing completed: 658_243
2022-04-07 15:31:37,075 - processing started: 660_243 
2022-04-07 15:31:37,242 - processing completed: 660_243
2022-04-07 15:31:37,246 - processing started: 662_244 
2022-04-07 15:31:37,323 - processing completed: 662_244
2022-04-07 15:31:37,327 - processing started: 664_245 
2022-04-07 15:31:37,454 - processing completed: 664_245
2022-04-07 15:31:37,458 - processing started: 666_246 
2022-04-07 15:31:37,528 - processing completed: 666_246
2022-04-07 15:31:37,531 - processing started: 668_247 
2022-04-07 15:31:37,657 - processing completed: 668_247
2022-04-07 15:31:37,660 - processing started: 670_248 
2022-04-07 15:31:37,727 - processing completed: 670_248
2022-04-07 15:31:37,730 - processing started: 672_248 
2022-04-07 15:31:37,859 - processing completed: 672_248
2022-04-07 15:31:37,863 - processing started: 674_249 
2022-04-07 15:31:37,952 - processing completed: 674_249
2022-04-07 15:31:37,957 - processing started: 676_250 
2022-04-07 15:31:38,094 - processing completed: 676_250
2022-04-07 15:31:38,098 - processing started: 678_251 
2022-04-07 15:31:38,193 - processing completed: 678_251
2022-04-07 15:31:38,197 - processing started: 680_252 
2022-04-07 15:31:38,344 - processing completed: 680_252
2022-04-07 15:31:38,348 - processing started: 682_252 
2022-04-07 15:31:38,421 - processing completed: 682_252
2022-04-07 15:31:38,425 - processing started: 684_253 
2022-04-07 15:31:38,571 - processing completed: 684_253
2022-04-07 15:31:38,575 - processing started: 686_254 
2022-04-07 15:31:38,731 - processing completed: 686_254
2022-04-07 15:31:38,735 - processing started: 688_255 
2022-04-07 15:31:38,827 - processing completed: 688_255
2022-04-07 15:31:38,832 - processing started: 690_256 
2022-04-07 15:31:39,015 - processing completed: 690_256
2022-04-07 15:31:39,019 - processing started: 692_257 
2022-04-07 15:31:39,128 - processing completed: 692_257
2022-04-07 15:31:39,132 - processing started: 694_257 
2022-04-07 15:31:39,286 - processing completed: 694_257
2022-04-07 15:31:39,290 - processing started: 696_258 
2022-04-07 15:31:39,381 - processing completed: 696_258
2022-04-07 15:31:39,386 - processing started: 698_258 
2022-04-07 15:31:39,542 - processing completed: 698_258
2022-04-07 15:31:39,546 - processing started: 700_259 
2022-04-07 15:31:39,626 - processing completed: 700_259
2022-04-07 15:31:39,630 - processing started: 702_260 
2022-04-07 15:31:39,809 - processing completed: 702_260
2022-04-07 15:31:39,813 - processing started: 704_261 
2022-04-07 15:31:39,918 - processing completed: 704_261
2022-04-07 15:31:39,922 - processing started: 706_261 
2022-04-07 15:31:40,082 - processing completed: 706_261
2022-04-07 15:31:40,086 - processing started: 708_262 
2022-04-07 15:31:40,187 - processing completed: 708_262
2022-04-07 15:31:40,191 - processing started: 710_263 
2022-04-07 15:31:40,345 - processing completed: 710_263
2022-04-07 15:31:40,349 - processing started: 712_264 
2022-04-07 15:31:40,499 - processing completed: 712_264
2022-04-07 15:31:40,503 - processing started: 714_264 
2022-04-07 15:31:40,583 - processing completed: 714_264
2022-04-07 15:31:40,587 - processing started: 716_265 
2022-04-07 15:31:40,733 - processing completed: 716_265
2022-04-07 15:31:40,737 - processing started: 718_266 
2022-04-07 15:31:40,819 - processing completed: 718_266
2022-04-07 15:31:40,825 - processing started: 720_267 
2022-04-07 15:31:40,974 - processing completed: 720_267
2022-04-07 15:31:40,977 - processing started: 722_267 
2022-04-07 15:31:41,061 - processing completed: 722_267
2022-04-07 15:31:41,065 - processing started: 724_267 
2022-04-07 15:31:41,223 - processing completed: 724_267
2022-04-07 15:31:41,227 - processing started: 726_268 
2022-04-07 15:31:41,311 - processing completed: 726_268
2022-04-07 15:31:41,316 - processing started: 728_268 
2022-04-07 15:31:41,470 - processing completed: 728_268
2022-04-07 15:31:41,474 - processing started: 730_268 
2022-04-07 15:31:41,557 - processing completed: 730_268
2022-04-07 15:31:41,561 - processing started: 732_268 
2022-04-07 15:31:41,706 - processing completed: 732_268
2022-04-07 15:31:41,710 - processing started: 734_268 
2022-04-07 15:31:41,792 - processing completed: 734_268
2022-04-07 15:31:41,796 - processing started: 736_269 
2022-04-07 15:31:41,946 - processing completed: 736_269
2022-04-07 15:31:41,950 - processing started: 738_270 
2022-04-07 15:31:42,043 - processing completed: 738_270
2022-04-07 15:31:42,047 - processing started: 740_271 
2022-04-07 15:31:42,208 - processing completed: 740_271
2022-04-07 15:31:42,212 - processing started: 742_272 
2022-04-07 15:31:42,366 - processing completed: 742_272
2022-04-07 15:31:42,369 - processing started: 744_272 
2022-04-07 15:31:42,454 - processing completed: 744_272
2022-04-07 15:31:42,458 - processing started: 746_273 
2022-04-07 15:31:42,608 - processing completed: 746_273
2022-04-07 15:31:42,613 - processing started: 748_274 
2022-04-07 15:31:42,689 - processing completed: 748_274
2022-04-07 15:31:42,694 - processing started: 750_274 
2022-04-07 15:31:42,835 - processing completed: 750_274
2022-04-07 15:31:42,840 - processing started: 752_275 
2022-04-07 15:31:42,922 - processing completed: 752_275
2022-04-07 15:31:42,926 - processing started: 754_275 
2022-04-07 15:31:43,071 - processing completed: 754_275
2022-04-07 15:31:43,076 - processing started: 756_276 
2022-04-07 15:31:43,159 - processing completed: 756_276
2022-04-07 15:31:43,162 - processing started: 758_277 
2022-04-07 15:31:43,326 - processing completed: 758_277
2022-04-07 15:31:43,330 - processing started: 760_278 
2022-04-07 15:31:43,421 - processing completed: 760_278
2022-04-07 15:31:43,425 - processing started: 762_278 
2022-04-07 15:31:43,574 - processing completed: 762_278
2022-04-07 15:31:43,578 - processing started: 764_279 
2022-04-07 15:31:43,661 - processing completed: 764_279
2022-04-07 15:31:43,664 - processing started: 766_280 
2022-04-07 15:31:43,795 - processing completed: 766_280
2022-04-07 15:31:43,799 - processing started: 768_281 
2022-04-07 15:31:43,876 - processing completed: 768_281
2022-04-07 15:31:43,879 - processing started: 770_282 
2022-04-07 15:31:44,008 - processing completed: 770_282
2022-04-07 15:31:44,012 - processing started: 772_283 
2022-04-07 15:31:44,150 - processing completed: 772_283
2022-04-07 15:31:44,153 - processing started: 774_284 
2022-04-07 15:31:44,224 - processing completed: 774_284
2022-04-07 15:31:44,228 - processing started: 776_285 
2022-04-07 15:31:44,379 - processing completed: 776_285
2022-04-07 15:31:44,383 - processing started: 778_285 
2022-04-07 15:31:44,457 - processing completed: 778_285
2022-04-07 15:31:44,460 - processing started: 780_286 
2022-04-07 15:31:44,659 - processing completed: 780_286
2022-04-07 15:31:44,665 - processing started: 782_287 
2022-04-07 15:31:44,732 - processing completed: 782_287
2022-04-07 15:31:44,736 - processing started: 784_288 
2022-04-07 15:31:44,875 - processing completed: 784_288
2022-04-07 15:31:44,880 - processing started: 786_289 
2022-04-07 15:31:44,953 - processing completed: 786_289
2022-04-07 15:31:44,957 - processing started: 788_290 
2022-04-07 15:31:45,087 - processing completed: 788_290
2022-04-07 15:31:45,090 - processing started: 790_290 
2022-04-07 15:31:45,166 - processing completed: 790_290
2022-04-07 15:31:45,169 - processing started: 792_291 
2022-04-07 15:31:45,296 - processing completed: 792_291
2022-04-07 15:31:45,299 - processing started: 794_292 
2022-04-07 15:31:45,380 - processing completed: 794_292
2022-04-07 15:31:45,385 - processing started: 796_293 
2022-04-07 15:31:45,488 - processing completed: 796_293
2022-04-07 15:31:45,491 - processing started: 798_294 
2022-04-07 15:31:45,534 - processing completed: 798_294
2022-04-07 15:31:45,537 - processing started: 800_295 
2022-04-07 15:31:45,659 - processing completed: 800_295
2022-04-07 15:31:45,662 - processing started: 802_296 
2022-04-07 15:31:45,799 - processing completed: 802_296
2022-04-07 15:31:45,803 - processing started: 804_296 
2022-04-07 15:31:45,870 - processing completed: 804_296
2022-04-07 15:31:45,874 - processing started: 806_297 
2022-04-07 15:31:46,077 - processing completed: 806_297
2022-04-07 15:31:46,083 - processing started: 808_298 
2022-04-07 15:31:46,150 - processing completed: 808_298
2022-04-07 15:31:46,156 - processing started: 810_299 
2022-04-07 15:31:46,280 - processing completed: 810_299
2022-04-07 15:31:46,284 - processing started: 0_0 
2022-04-07 15:31:46,285 - Closing connection (200): Normal shutdown
2022-04-07 15:31:46,285 - Closing channel (200): 'Normal shutdown' on <Channel number=1 OPEN conn=<SelectConnection OPEN transport=<pika.adapters.utils.io_services_utils._AsyncPlaintextTransport object at 0x11cac51c0> params=<ConnectionParameters host=localhost port=5672 virtual_host=/ ssl=False>>>
2022-04-07 15:31:46,286 - Received <Channel.CloseOk> on <Channel number=1 CLOSING conn=<SelectConnection OPEN transport=<pika.adapters.utils.io_services_utils._AsyncPlaintextTransport object at 0x11cac51c0> params=<ConnectionParameters host=localhost port=5672 virtual_host=/ ssl=False>>>
2022-04-07 15:31:46,286 - Closing connection (200): 'Normal shutdown'
2022-04-07 15:31:46,287 - Aborting transport connection: state=1; <socket.socket fd=22, family=AddressFamily.AF_INET, type=SocketKind.SOCK_STREAM, proto=6, laddr=('127.0.0.1', 62723), raddr=('127.0.0.1', 5672)>
2022-04-07 15:31:46,287 - _AsyncTransportBase._initate_abort(): Initiating abrupt asynchronous transport shutdown: state=1; error=None; <socket.socket fd=22, family=AddressFamily.AF_INET, type=SocketKind.SOCK_STREAM, proto=6, laddr=('127.0.0.1', 62723), raddr=('127.0.0.1', 5672)>
2022-04-07 15:31:46,287 - Deactivating transport: state=1; <socket.socket fd=22, family=AddressFamily.AF_INET, type=SocketKind.SOCK_STREAM, proto=6, laddr=('127.0.0.1', 62723), raddr=('127.0.0.1', 5672)>
2022-04-07 15:31:46,287 - AMQP stack terminated, failed to connect, or aborted: opened=True, error-arg=None; pending-error=ConnectionClosedByClient: (200) 'Normal shutdown'
2022-04-07 15:31:46,287 - Stack terminated due to ConnectionClosedByClient: (200) 'Normal shutdown'
2022-04-07 15:31:46,287 - Closing transport socket and unlinking: state=3; <socket.socket fd=22, family=AddressFamily.AF_INET, type=SocketKind.SOCK_STREAM, proto=6, laddr=('127.0.0.1', 62723), raddr=('127.0.0.1', 5672)>
2022-04-07 15:31:46,288 - User-initiated close: result=BlockingConnection__OnClosedArgs(connection=<SelectConnection CLOSED transport=None params=<ConnectionParameters host=localhost port=5672 virtual_host=/ ssl=False>>, error=ConnectionClosedByClient: (200) 'Normal shutdown')
2022-04-07 15:31:46,288 - PID 45431 completed loading and processing
