2022-04-07 15:30:42,502 - PID 45430 started loading and processing
2022-04-07 15:30:42,507 - Pika version 1.2.0 connecting to ('::1', 5672, 0, 0)
2022-04-07 15:30:42,508 - Socket failed to connect: <socket.socket fd=22, family=AddressFamily.AF_INET6, type=SocketKind.SOCK_STREAM, proto=6, laddr=('::1', 62718, 0, 0)>; error=61 (Connection refused)
2022-04-07 15:30:42,508 - TCP Connection attempt failed: ConnectionRefusedError(61, 'Connection refused'); dest=(<AddressFamily.AF_INET6: 30>, <SocketKind.SOCK_STREAM: 1>, 6, '', ('::1', 5672, 0, 0))
2022-04-07 15:30:42,508 - AMQPConnector - reporting failure: AMQPConnectorSocketConnectError: ConnectionRefusedError(61, 'Connection refused')
2022-04-07 15:30:42,508 - Pika version 1.2.0 connecting to ('127.0.0.1', 5672)
2022-04-07 15:30:42,508 - Socket connected: <socket.socket fd=22, family=AddressFamily.AF_INET, type=SocketKind.SOCK_STREAM, proto=6, laddr=('127.0.0.1', 62721), raddr=('127.0.0.1', 5672)>
2022-04-07 15:30:42,509 - Streaming transport linked up: (<pika.adapters.utils.io_services_utils._AsyncPlaintextTransport object at 0x124aaad60>, _StreamingProtocolShim: <SelectConnection PROTOCOL transport=<pika.adapters.utils.io_services_utils._AsyncPlaintextTransport object at 0x124aaad60> params=<ConnectionParameters host=localhost port=5672 virtual_host=/ ssl=False>>).
2022-04-07 15:30:42,523 - AMQPConnector - reporting success: <SelectConnection OPEN transport=<pika.adapters.utils.io_services_utils._AsyncPlaintextTransport object at 0x124aaad60> params=<ConnectionParameters host=localhost port=5672 virtual_host=/ ssl=False>>
2022-04-07 15:30:42,523 - AMQPConnectionWorkflow - reporting success: <SelectConnection OPEN transport=<pika.adapters.utils.io_services_utils._AsyncPlaintextTransport object at 0x124aaad60> params=<ConnectionParameters host=localhost port=5672 virtual_host=/ ssl=False>>
2022-04-07 15:30:42,523 - Connection workflow succeeded: <SelectConnection OPEN transport=<pika.adapters.utils.io_services_utils._AsyncPlaintextTransport object at 0x124aaad60> params=<ConnectionParameters host=localhost port=5672 virtual_host=/ ssl=False>>
2022-04-07 15:30:42,524 - Created channel=1
2022-04-07 15:30:42,526 - Logging before start consuming
2022-04-07 15:30:47,944 - processing started: 1_000 
2022-04-07 15:30:48,128 - processing completed: 1_000
2022-04-07 15:30:48,148 - processing started: 3_001 
2022-04-07 15:30:48,390 - processing completed: 3_001
2022-04-07 15:30:48,396 - processing started: 5_002 
2022-04-07 15:30:48,638 - processing completed: 5_002
2022-04-07 15:30:48,643 - processing started: 7_003 
2022-04-07 15:30:48,834 - processing completed: 7_003
2022-04-07 15:30:48,839 - processing started: 9_003 
2022-04-07 15:30:49,081 - processing completed: 9_003
2022-04-07 15:30:49,087 - processing started: 11_004 
2022-04-07 15:30:49,131 - processing completed: 11_004
2022-04-07 15:30:49,134 - processing started: 13_005 
2022-04-07 15:30:49,383 - processing completed: 13_005
2022-04-07 15:30:49,388 - processing started: 15_005 
2022-04-07 15:30:49,572 - processing completed: 15_005
2022-04-07 15:30:49,579 - processing started: 17_006 
2022-04-07 15:30:49,761 - processing completed: 17_006
2022-04-07 15:30:49,765 - processing started: 19_007 
2022-04-07 15:30:49,960 - processing completed: 19_007
2022-04-07 15:30:49,965 - processing started: 21_008 
2022-04-07 15:30:50,219 - processing completed: 21_008
2022-04-07 15:30:50,225 - processing started: 23_009 
2022-04-07 15:30:50,409 - processing completed: 23_009
2022-04-07 15:30:50,415 - processing started: 25_010 
2022-04-07 15:30:50,661 - processing completed: 25_010
2022-04-07 15:30:50,668 - processing started: 27_011 
2022-04-07 15:30:50,844 - processing completed: 27_011
2022-04-07 15:30:50,850 - processing started: 29_012 
2022-04-07 15:30:50,985 - processing completed: 29_012
2022-04-07 15:30:50,989 - processing started: 31_013 
2022-04-07 15:30:51,125 - processing completed: 31_013
2022-04-07 15:30:51,130 - processing started: 33_014 
2022-04-07 15:30:51,317 - processing completed: 33_014
2022-04-07 15:30:51,321 - processing started: 35_014 
2022-04-07 15:30:51,492 - processing completed: 35_014
2022-04-07 15:30:51,496 - processing started: 37_014 
2022-04-07 15:30:51,609 - processing completed: 37_014
2022-04-07 15:30:51,613 - processing started: 39_015 
2022-04-07 15:30:51,789 - processing completed: 39_015
2022-04-07 15:30:51,794 - processing started: 41_015 
2022-04-07 15:30:51,916 - processing completed: 41_015
2022-04-07 15:30:51,920 - processing started: 43_016 
2022-04-07 15:30:52,103 - processing completed: 43_016
2022-04-07 15:30:52,107 - processing started: 45_017 
2022-04-07 15:30:52,218 - processing completed: 45_017
2022-04-07 15:30:52,223 - processing started: 47_017 
2022-04-07 15:30:52,422 - processing completed: 47_017
2022-04-07 15:30:52,427 - processing started: 49_018 
2022-04-07 15:30:52,542 - processing completed: 49_018
2022-04-07 15:30:52,546 - processing started: 51_019 
2022-04-07 15:30:52,746 - processing completed: 51_019
2022-04-07 15:30:52,749 - processing started: 53_020 
2022-04-07 15:30:52,867 - processing completed: 53_020
2022-04-07 15:30:52,873 - processing started: 55_021 
2022-04-07 15:30:53,075 - processing completed: 55_021
2022-04-07 15:30:53,080 - processing started: 57_022 
2022-04-07 15:30:53,199 - processing completed: 57_022
2022-04-07 15:30:53,204 - processing started: 59_023 
2022-04-07 15:30:53,393 - processing completed: 59_023
2022-04-07 15:30:53,397 - processing started: 61_023 
2022-04-07 15:30:53,499 - processing completed: 61_023
2022-04-07 15:30:53,502 - processing started: 63_024 
2022-04-07 15:30:53,666 - processing completed: 63_024
2022-04-07 15:30:53,670 - processing started: 65_024 
2022-04-07 15:30:53,850 - processing completed: 65_024
2022-04-07 15:30:53,854 - processing started: 67_025 
2022-04-07 15:30:53,965 - processing completed: 67_025
2022-04-07 15:30:53,970 - processing started: 69_026 
2022-04-07 15:30:54,146 - processing completed: 69_026
2022-04-07 15:30:54,150 - processing started: 71_027 
2022-04-07 15:30:54,249 - processing completed: 71_027
2022-04-07 15:30:54,253 - processing started: 73_028 
2022-04-07 15:30:54,424 - processing completed: 73_028
2022-04-07 15:30:54,428 - processing started: 75_029 
2022-04-07 15:30:54,533 - processing completed: 75_029
2022-04-07 15:30:54,537 - processing started: 77_030 
2022-04-07 15:30:54,697 - processing completed: 77_030
2022-04-07 15:30:54,701 - processing started: 79_030 
2022-04-07 15:30:54,793 - processing completed: 79_030
2022-04-07 15:30:54,797 - processing started: 81_031 
2022-04-07 15:30:54,983 - processing completed: 81_031
2022-04-07 15:30:54,987 - processing started: 83_032 
2022-04-07 15:30:55,132 - processing completed: 83_032
2022-04-07 15:30:55,137 - processing started: 85_032 
2022-04-07 15:30:55,343 - processing completed: 85_032
2022-04-07 15:30:55,348 - processing started: 87_032 
2022-04-07 15:30:55,510 - processing completed: 87_032
2022-04-07 15:30:55,515 - processing started: 89_033 
2022-04-07 15:30:55,675 - processing completed: 89_033
2022-04-07 15:30:55,678 - processing started: 91_033 
2022-04-07 15:30:55,772 - processing completed: 91_033
2022-04-07 15:30:55,776 - processing started: 93_034 
2022-04-07 15:30:55,937 - processing completed: 93_034
2022-04-07 15:30:55,941 - processing started: 95_035 
2022-04-07 15:30:56,093 - processing completed: 95_035
2022-04-07 15:30:56,096 - processing started: 97_035 
2022-04-07 15:30:56,185 - processing completed: 97_035
2022-04-07 15:30:56,189 - processing started: 99_036 
2022-04-07 15:30:56,350 - processing completed: 99_036
2022-04-07 15:30:56,354 - processing started: 101_037 
2022-04-07 15:30:56,450 - processing completed: 101_037
2022-04-07 15:30:56,454 - processing started: 103_037 
2022-04-07 15:30:56,631 - processing completed: 103_037
2022-04-07 15:30:56,635 - processing started: 105_038 
2022-04-07 15:30:56,727 - processing completed: 105_038
2022-04-07 15:30:56,731 - processing started: 107_039 
2022-04-07 15:30:56,892 - processing completed: 107_039
2022-04-07 15:30:56,896 - processing started: 109_040 
2022-04-07 15:30:56,990 - processing completed: 109_040
2022-04-07 15:30:56,994 - processing started: 111_040 
2022-04-07 15:30:57,145 - processing completed: 111_040
2022-04-07 15:30:57,148 - processing started: 113_040 
2022-04-07 15:30:57,240 - processing completed: 113_040
2022-04-07 15:30:57,244 - processing started: 115_040 
2022-04-07 15:30:57,408 - processing completed: 115_040
2022-04-07 15:30:57,412 - processing started: 117_041 
2022-04-07 15:30:57,507 - processing completed: 117_041
2022-04-07 15:30:57,512 - processing started: 119_042 
2022-04-07 15:30:57,671 - processing completed: 119_042
2022-04-07 15:30:57,675 - processing started: 121_042 
2022-04-07 15:30:57,768 - processing completed: 121_042
2022-04-07 15:30:57,772 - processing started: 123_043 
2022-04-07 15:30:57,923 - processing completed: 123_043
2022-04-07 15:30:57,927 - processing started: 125_044 
2022-04-07 15:30:58,071 - processing completed: 125_044
2022-04-07 15:30:58,075 - processing started: 127_045 
2022-04-07 15:30:58,165 - processing completed: 127_045
2022-04-07 15:30:58,169 - processing started: 129_045 
2022-04-07 15:30:58,324 - processing completed: 129_045
2022-04-07 15:30:58,328 - processing started: 131_046 
2022-04-07 15:30:58,417 - processing completed: 131_046
2022-04-07 15:30:58,421 - processing started: 133_047 
2022-04-07 15:30:58,570 - processing completed: 133_047
2022-04-07 15:30:58,574 - processing started: 135_048 
2022-04-07 15:30:58,672 - processing completed: 135_048
2022-04-07 15:30:58,676 - processing started: 137_049 
2022-04-07 15:30:58,835 - processing completed: 137_049
2022-04-07 15:30:58,839 - processing started: 139_049 
2022-04-07 15:30:58,949 - processing completed: 139_049
2022-04-07 15:30:58,953 - processing started: 141_050 
2022-04-07 15:30:59,109 - processing completed: 141_050
2022-04-07 15:30:59,113 - processing started: 143_051 
2022-04-07 15:30:59,205 - processing completed: 143_051
2022-04-07 15:30:59,209 - processing started: 145_051 
2022-04-07 15:30:59,354 - processing completed: 145_051
2022-04-07 15:30:59,358 - processing started: 147_051 
2022-04-07 15:30:59,451 - processing completed: 147_051
2022-04-07 15:30:59,455 - processing started: 149_052 
2022-04-07 15:30:59,601 - processing completed: 149_052
2022-04-07 15:30:59,604 - processing started: 151_053 
2022-04-07 15:30:59,698 - processing completed: 151_053
2022-04-07 15:30:59,703 - processing started: 153_054 
2022-04-07 15:30:59,859 - processing completed: 153_054
2022-04-07 15:30:59,863 - processing started: 155_055 
2022-04-07 15:31:00,025 - processing completed: 155_055
2022-04-07 15:31:00,029 - processing started: 157_056 
2022-04-07 15:31:00,129 - processing completed: 157_056
2022-04-07 15:31:00,133 - processing started: 159_057 
2022-04-07 15:31:00,283 - processing completed: 159_057
2022-04-07 15:31:00,287 - processing started: 161_058 
2022-04-07 15:31:00,440 - processing completed: 161_058
2022-04-07 15:31:00,445 - processing started: 163_059 
2022-04-07 15:31:00,597 - processing completed: 163_059
2022-04-07 15:31:00,601 - processing started: 165_060 
2022-04-07 15:31:00,693 - processing completed: 165_060
2022-04-07 15:31:00,697 - processing started: 167_060 
2022-04-07 15:31:00,860 - processing completed: 167_060
2022-04-07 15:31:00,863 - processing started: 169_061 
2022-04-07 15:31:00,955 - processing completed: 169_061
2022-04-07 15:31:00,959 - processing started: 171_062 
2022-04-07 15:31:01,107 - processing completed: 171_062
2022-04-07 15:31:01,111 - processing started: 173_063 
2022-04-07 15:31:01,287 - processing completed: 173_063
2022-04-07 15:31:01,293 - processing started: 175_064 
2022-04-07 15:31:01,530 - processing completed: 175_064
2022-04-07 15:31:01,535 - processing started: 177_064 
2022-04-07 15:31:01,712 - processing completed: 177_064
2022-04-07 15:31:01,719 - processing started: 179_065 
2022-04-07 15:31:01,972 - processing completed: 179_065
2022-04-07 15:31:01,979 - processing started: 181_066 
2022-04-07 15:31:02,214 - processing completed: 181_066
2022-04-07 15:31:02,221 - processing started: 183_066 
2022-04-07 15:31:02,401 - processing completed: 183_066
2022-04-07 15:31:02,407 - processing started: 185_066 
2022-04-07 15:31:02,643 - processing completed: 185_066
2022-04-07 15:31:02,650 - processing started: 187_066 
2022-04-07 15:31:02,787 - processing completed: 187_066
2022-04-07 15:31:02,792 - processing started: 189_067 
2022-04-07 15:31:03,039 - processing completed: 189_067
2022-04-07 15:31:03,045 - processing started: 191_067 
2022-04-07 15:31:03,221 - processing completed: 191_067
2022-04-07 15:31:03,226 - processing started: 193_068 
2022-04-07 15:31:03,408 - processing completed: 193_068
2022-04-07 15:31:03,413 - processing started: 195_069 
2022-04-07 15:31:03,533 - processing completed: 195_069
2022-04-07 15:31:03,539 - processing started: 197_069 
2022-04-07 15:31:03,719 - processing completed: 197_069
2022-04-07 15:31:03,725 - processing started: 199_070 
2022-04-07 15:31:03,910 - processing completed: 199_070
2022-04-07 15:31:03,917 - processing started: 201_071 
2022-04-07 15:31:04,168 - processing completed: 201_071
2022-04-07 15:31:04,174 - processing started: 203_072 
2022-04-07 15:31:04,342 - processing completed: 203_072
2022-04-07 15:31:04,348 - processing started: 205_072 
2022-04-07 15:31:04,582 - processing completed: 205_072
2022-04-07 15:31:04,588 - processing started: 207_073 
2022-04-07 15:31:04,759 - processing completed: 207_073
2022-04-07 15:31:04,765 - processing started: 209_074 
2022-04-07 15:31:05,019 - processing completed: 209_074
2022-04-07 15:31:05,026 - processing started: 211_075 
2022-04-07 15:31:05,268 - processing completed: 211_075
2022-04-07 15:31:05,274 - processing started: 213_076 
2022-04-07 15:31:05,454 - processing completed: 213_076
2022-04-07 15:31:05,459 - processing started: 215_077 
2022-04-07 15:31:05,641 - processing completed: 215_077
2022-04-07 15:31:05,647 - processing started: 217_077 
2022-04-07 15:31:05,827 - processing completed: 217_077
2022-04-07 15:31:05,833 - processing started: 219_078 
2022-04-07 15:31:06,086 - processing completed: 219_078
2022-04-07 15:31:06,092 - processing started: 221_079 
2022-04-07 15:31:06,274 - processing completed: 221_079
2022-04-07 15:31:06,281 - processing started: 223_080 
2022-04-07 15:31:06,432 - processing completed: 223_080
2022-04-07 15:31:06,436 - processing started: 225_081 
2022-04-07 15:31:06,545 - processing completed: 225_081
2022-04-07 15:31:06,550 - processing started: 227_081 
2022-04-07 15:31:06,723 - processing completed: 227_081
2022-04-07 15:31:06,728 - processing started: 229_081 
2022-04-07 15:31:06,839 - processing completed: 229_081
2022-04-07 15:31:06,843 - processing started: 231_081 
2022-04-07 15:31:07,015 - processing completed: 231_081
2022-04-07 15:31:07,020 - processing started: 233_082 
2022-04-07 15:31:07,141 - processing completed: 233_082
2022-04-07 15:31:07,146 - processing started: 235_082 
2022-04-07 15:31:07,324 - processing completed: 235_082
2022-04-07 15:31:07,329 - processing started: 237_083 
2022-04-07 15:31:07,436 - processing completed: 237_083
2022-04-07 15:31:07,441 - processing started: 239_084 
2022-04-07 15:31:07,603 - processing completed: 239_084
2022-04-07 15:31:07,609 - processing started: 241_085 
2022-04-07 15:31:07,777 - processing completed: 241_085
2022-04-07 15:31:07,782 - processing started: 243_086 
2022-04-07 15:31:07,911 - processing completed: 243_086
2022-04-07 15:31:07,915 - processing started: 245_087 
2022-04-07 15:31:08,078 - processing completed: 245_087
2022-04-07 15:31:08,083 - processing started: 247_088 
2022-04-07 15:31:08,190 - processing completed: 247_088
2022-04-07 15:31:08,196 - processing started: 249_089 
2022-04-07 15:31:08,342 - processing completed: 249_089
2022-04-07 15:31:08,346 - processing started: 251_089 
2022-04-07 15:31:08,415 - processing completed: 251_089
2022-04-07 15:31:08,419 - processing started: 253_090 
2022-04-07 15:31:08,550 - processing completed: 253_090
2022-04-07 15:31:08,554 - processing started: 255_091 
2022-04-07 15:31:08,621 - processing completed: 255_091
2022-04-07 15:31:08,625 - processing started: 257_092 
2022-04-07 15:31:08,761 - processing completed: 257_092
2022-04-07 15:31:08,765 - processing started: 259_093 
2022-04-07 15:31:08,851 - processing completed: 259_093
2022-04-07 15:31:08,855 - processing started: 261_094 
2022-04-07 15:31:08,997 - processing completed: 261_094
2022-04-07 15:31:09,002 - processing started: 263_095 
2022-04-07 15:31:09,086 - processing completed: 263_095
2022-04-07 15:31:09,092 - processing started: 265_096 
2022-04-07 15:31:09,242 - processing completed: 265_096
2022-04-07 15:31:09,247 - processing started: 267_097 
2022-04-07 15:31:09,332 - processing completed: 267_097
2022-04-07 15:31:09,336 - processing started: 269_098 
2022-04-07 15:31:09,481 - processing completed: 269_098
2022-04-07 15:31:09,486 - processing started: 271_098 
2022-04-07 15:31:09,629 - processing completed: 271_098
2022-04-07 15:31:09,633 - processing started: 273_099 
2022-04-07 15:31:09,704 - processing completed: 273_099
2022-04-07 15:31:09,709 - processing started: 275_100 
2022-04-07 15:31:09,874 - processing completed: 275_100
2022-04-07 15:31:09,878 - processing started: 277_101 
2022-04-07 15:31:09,955 - processing completed: 277_101
2022-04-07 15:31:09,958 - processing started: 279_102 
2022-04-07 15:31:10,101 - processing completed: 279_102
2022-04-07 15:31:10,104 - processing started: 281_103 
2022-04-07 15:31:10,175 - processing completed: 281_103
2022-04-07 15:31:10,179 - processing started: 283_104 
2022-04-07 15:31:10,313 - processing completed: 283_104
2022-04-07 15:31:10,317 - processing started: 285_105 
2022-04-07 15:31:10,402 - processing completed: 285_105
2022-04-07 15:31:10,406 - processing started: 287_106 
2022-04-07 15:31:10,539 - processing completed: 287_106
2022-04-07 15:31:10,544 - processing started: 289_107 
2022-04-07 15:31:10,613 - processing completed: 289_107
2022-04-07 15:31:10,618 - processing started: 291_107 
2022-04-07 15:31:10,752 - processing completed: 291_107
2022-04-07 15:31:10,755 - processing started: 293_108 
2022-04-07 15:31:10,826 - processing completed: 293_108
2022-04-07 15:31:10,829 - processing started: 295_109 
2022-04-07 15:31:10,958 - processing completed: 295_109
2022-04-07 15:31:10,963 - processing started: 297_110 
2022-04-07 15:31:11,033 - processing completed: 297_110
2022-04-07 15:31:11,037 - processing started: 299_110 
2022-04-07 15:31:11,171 - processing completed: 299_110
2022-04-07 15:31:11,175 - processing started: 301_111 
2022-04-07 15:31:11,303 - processing completed: 301_111
2022-04-07 15:31:11,307 - processing started: 303_112 
2022-04-07 15:31:11,379 - processing completed: 303_112
2022-04-07 15:31:11,383 - processing started: 305_113 
2022-04-07 15:31:11,526 - processing completed: 305_113
2022-04-07 15:31:11,530 - processing started: 307_114 
2022-04-07 15:31:11,634 - processing completed: 307_114
2022-04-07 15:31:11,638 - processing started: 309_115 
2022-04-07 15:31:11,806 - processing completed: 309_115
2022-04-07 15:31:11,811 - processing started: 311_116 
2022-04-07 15:31:11,917 - processing completed: 311_116
2022-04-07 15:31:11,922 - processing started: 313_117 
2022-04-07 15:31:12,083 - processing completed: 313_117
2022-04-07 15:31:12,088 - processing started: 315_117 
2022-04-07 15:31:12,192 - processing completed: 315_117
2022-04-07 15:31:12,197 - processing started: 317_118 
2022-04-07 15:31:12,362 - processing completed: 317_118
2022-04-07 15:31:12,368 - processing started: 319_119 
2022-04-07 15:31:12,485 - processing completed: 319_119
2022-04-07 15:31:12,490 - processing started: 321_120 
2022-04-07 15:31:12,627 - processing completed: 321_120
2022-04-07 15:31:12,631 - processing started: 323_120 
2022-04-07 15:31:12,713 - processing completed: 323_120
2022-04-07 15:31:12,717 - processing started: 325_121 
2022-04-07 15:31:12,883 - processing completed: 325_121
2022-04-07 15:31:12,888 - processing started: 327_122 
2022-04-07 15:31:12,998 - processing completed: 327_122
2022-04-07 15:31:13,003 - processing started: 329_123 
2022-04-07 15:31:13,163 - processing completed: 329_123
2022-04-07 15:31:13,168 - processing started: 331_124 
2022-04-07 15:31:13,339 - processing completed: 331_124
2022-04-07 15:31:13,344 - processing started: 333_124 
2022-04-07 15:31:13,447 - processing completed: 333_124
2022-04-07 15:31:13,452 - processing started: 335_124 
2022-04-07 15:31:13,627 - processing completed: 335_124
2022-04-07 15:31:13,632 - processing started: 337_124 
2022-04-07 15:31:13,736 - processing completed: 337_124
2022-04-07 15:31:13,741 - processing started: 339_124 
2022-04-07 15:31:13,908 - processing completed: 339_124
2022-04-07 15:31:13,913 - processing started: 341_125 
2022-04-07 15:31:14,015 - processing completed: 341_125
2022-04-07 15:31:14,020 - processing started: 343_126 
2022-04-07 15:31:14,185 - processing completed: 343_126
2022-04-07 15:31:14,191 - processing started: 345_127 
2022-04-07 15:31:14,302 - processing completed: 345_127
2022-04-07 15:31:14,307 - processing started: 347_128 
2022-04-07 15:31:14,471 - processing completed: 347_128
2022-04-07 15:31:14,475 - processing started: 349_129 
2022-04-07 15:31:14,584 - processing completed: 349_129
2022-04-07 15:31:14,589 - processing started: 351_129 
2022-04-07 15:31:14,750 - processing completed: 351_129
2022-04-07 15:31:14,754 - processing started: 353_130 
2022-04-07 15:31:14,864 - processing completed: 353_130
2022-04-07 15:31:14,869 - processing started: 355_131 
2022-04-07 15:31:15,035 - processing completed: 355_131
2022-04-07 15:31:15,040 - processing started: 357_132 
2022-04-07 15:31:15,148 - processing completed: 357_132
2022-04-07 15:31:15,153 - processing started: 359_133 
2022-04-07 15:31:15,318 - processing completed: 359_133
2022-04-07 15:31:15,325 - processing started: 361_134 
2022-04-07 15:31:15,496 - processing completed: 361_134
2022-04-07 15:31:15,501 - processing started: 363_134 
2022-04-07 15:31:15,620 - processing completed: 363_134
2022-04-07 15:31:15,624 - processing started: 365_135 
2022-04-07 15:31:15,792 - processing completed: 365_135
2022-04-07 15:31:15,798 - processing started: 367_135 
2022-04-07 15:31:15,909 - processing completed: 367_135
2022-04-07 15:31:15,914 - processing started: 369_136 
2022-04-07 15:31:16,081 - processing completed: 369_136
2022-04-07 15:31:16,085 - processing started: 371_137 
2022-04-07 15:31:16,190 - processing completed: 371_137
2022-04-07 15:31:16,194 - processing started: 373_138 
2022-04-07 15:31:16,364 - processing completed: 373_138
2022-04-07 15:31:16,368 - processing started: 375_139 
2022-04-07 15:31:16,476 - processing completed: 375_139
2022-04-07 15:31:16,481 - processing started: 377_140 
2022-04-07 15:31:16,658 - processing completed: 377_140
2022-04-07 15:31:16,662 - processing started: 379_141 
2022-04-07 15:31:16,771 - processing completed: 379_141
2022-04-07 15:31:16,775 - processing started: 381_142 
2022-04-07 15:31:16,948 - processing completed: 381_142
2022-04-07 15:31:16,952 - processing started: 383_143 
2022-04-07 15:31:17,062 - processing completed: 383_143
2022-04-07 15:31:17,066 - processing started: 385_144 
2022-04-07 15:31:17,231 - processing completed: 385_144
2022-04-07 15:31:17,237 - processing started: 387_144 
2022-04-07 15:31:17,349 - processing completed: 387_144
2022-04-07 15:31:17,354 - processing started: 389_145 
2022-04-07 15:31:17,518 - processing completed: 389_145
2022-04-07 15:31:17,523 - processing started: 391_145 
2022-04-07 15:31:17,704 - processing completed: 391_145
2022-04-07 15:31:17,709 - processing started: 393_146 
2022-04-07 15:31:17,843 - processing completed: 393_146
2022-04-07 15:31:17,849 - processing started: 395_147 
2022-04-07 15:31:18,020 - processing completed: 395_147
2022-04-07 15:31:18,025 - processing started: 397_147 
2022-04-07 15:31:18,131 - processing completed: 397_147
2022-04-07 15:31:18,136 - processing started: 399_148 
2022-04-07 15:31:18,299 - processing completed: 399_148
2022-04-07 15:31:18,304 - processing started: 401_149 
2022-04-07 15:31:18,414 - processing completed: 401_149
2022-04-07 15:31:18,419 - processing started: 403_149 
2022-04-07 15:31:18,581 - processing completed: 403_149
2022-04-07 15:31:18,586 - processing started: 405_150 
2022-04-07 15:31:18,693 - processing completed: 405_150
2022-04-07 15:31:18,698 - processing started: 407_151 
2022-04-07 15:31:18,864 - processing completed: 407_151
2022-04-07 15:31:18,869 - processing started: 409_152 
2022-04-07 15:31:18,983 - processing completed: 409_152
2022-04-07 15:31:18,987 - processing started: 411_153 
2022-04-07 15:31:19,168 - processing completed: 411_153
2022-04-07 15:31:19,172 - processing started: 413_154 
2022-04-07 15:31:19,276 - processing completed: 413_154
2022-04-07 15:31:19,280 - processing started: 415_155 
2022-04-07 15:31:19,467 - processing completed: 415_155
2022-04-07 15:31:19,471 - processing started: 417_156 
2022-04-07 15:31:19,578 - processing completed: 417_156
2022-04-07 15:31:19,582 - processing started: 419_156 
2022-04-07 15:31:19,745 - processing completed: 419_156
2022-04-07 15:31:19,750 - processing started: 421_157 
2022-04-07 15:31:19,931 - processing completed: 421_157
2022-04-07 15:31:19,936 - processing started: 423_158 
2022-04-07 15:31:20,044 - processing completed: 423_158
2022-04-07 15:31:20,049 - processing started: 425_159 
2022-04-07 15:31:20,216 - processing completed: 425_159
2022-04-07 15:31:20,220 - processing started: 427_159 
2022-04-07 15:31:20,324 - processing completed: 427_159
2022-04-07 15:31:20,329 - processing started: 429_160 
2022-04-07 15:31:20,498 - processing completed: 429_160
2022-04-07 15:31:20,502 - processing started: 431_161 
2022-04-07 15:31:20,605 - processing completed: 431_161
2022-04-07 15:31:20,609 - processing started: 433_162 
2022-04-07 15:31:20,773 - processing completed: 433_162
2022-04-07 15:31:20,777 - processing started: 435_163 
2022-04-07 15:31:20,883 - processing completed: 435_163
2022-04-07 15:31:20,888 - processing started: 437_164 
2022-04-07 15:31:21,062 - processing completed: 437_164
2022-04-07 15:31:21,067 - processing started: 439_164 
2022-04-07 15:31:21,170 - processing completed: 439_164
2022-04-07 15:31:21,174 - processing started: 441_165 
2022-04-07 15:31:21,336 - processing completed: 441_165
2022-04-07 15:31:21,341 - processing started: 443_166 
2022-04-07 15:31:21,448 - processing completed: 443_166
2022-04-07 15:31:21,453 - processing started: 445_167 
2022-04-07 15:31:21,613 - processing completed: 445_167
2022-04-07 15:31:21,619 - processing started: 447_167 
2022-04-07 15:31:21,787 - processing completed: 447_167
2022-04-07 15:31:21,791 - processing started: 449_168 
2022-04-07 15:31:21,899 - processing completed: 449_168
2022-04-07 15:31:21,905 - processing started: 451_168 
2022-04-07 15:31:22,087 - processing completed: 451_168
2022-04-07 15:31:22,091 - processing started: 453_169 
2022-04-07 15:31:22,194 - processing completed: 453_169
2022-04-07 15:31:22,198 - processing started: 455_170 
2022-04-07 15:31:22,364 - processing completed: 455_170
2022-04-07 15:31:22,368 - processing started: 457_171 
2022-04-07 15:31:22,477 - processing completed: 457_171
2022-04-07 15:31:22,482 - processing started: 459_172 
2022-04-07 15:31:22,645 - processing completed: 459_172
2022-04-07 15:31:22,650 - processing started: 461_173 
2022-04-07 15:31:22,754 - processing completed: 461_173
2022-04-07 15:31:22,757 - processing started: 463_173 
2022-04-07 15:31:22,926 - processing completed: 463_173
2022-04-07 15:31:22,931 - processing started: 465_174 
2022-04-07 15:31:23,039 - processing completed: 465_174
2022-04-07 15:31:23,042 - processing started: 467_174 
2022-04-07 15:31:23,212 - processing completed: 467_174
2022-04-07 15:31:23,216 - processing started: 469_175 
2022-04-07 15:31:23,321 - processing completed: 469_175
2022-04-07 15:31:23,326 - processing started: 471_176 
2022-04-07 15:31:23,493 - processing completed: 471_176
2022-04-07 15:31:23,498 - processing started: 473_177 
2022-04-07 15:31:23,606 - processing completed: 473_177
2022-04-07 15:31:23,610 - processing started: 475_178 
2022-04-07 15:31:23,774 - processing completed: 475_178
2022-04-07 15:31:23,778 - processing started: 477_179 
2022-04-07 15:31:23,955 - processing completed: 477_179
2022-04-07 15:31:23,959 - processing started: 479_180 
2022-04-07 15:31:24,067 - processing completed: 479_180
2022-04-07 15:31:24,072 - processing started: 481_180 
2022-04-07 15:31:24,248 - processing completed: 481_180
2022-04-07 15:31:24,252 - processing started: 483_181 
2022-04-07 15:31:24,360 - processing completed: 483_181
2022-04-07 15:31:24,364 - processing started: 485_182 
2022-04-07 15:31:24,548 - processing completed: 485_182
2022-04-07 15:31:24,552 - processing started: 487_182 
2022-04-07 15:31:24,658 - processing completed: 487_182
2022-04-07 15:31:24,662 - processing started: 489_183 
2022-04-07 15:31:24,831 - processing completed: 489_183
2022-04-07 15:31:24,835 - processing started: 491_183 
2022-04-07 15:31:24,948 - processing completed: 491_183
2022-04-07 15:31:24,953 - processing started: 493_184 
2022-04-07 15:31:25,121 - processing completed: 493_184
2022-04-07 15:31:25,125 - processing started: 495_185 
2022-04-07 15:31:25,240 - processing completed: 495_185
2022-04-07 15:31:25,245 - processing started: 497_186 
2022-04-07 15:31:25,415 - processing completed: 497_186
2022-04-07 15:31:25,421 - processing started: 499_187 
2022-04-07 15:31:25,530 - processing completed: 499_187
2022-04-07 15:31:25,534 - processing started: 501_188 
2022-04-07 15:31:25,697 - processing completed: 501_188
2022-04-07 15:31:25,701 - processing started: 503_188 
2022-04-07 15:31:25,805 - processing completed: 503_188
2022-04-07 15:31:25,810 - processing started: 505_189 
2022-04-07 15:31:25,953 - processing completed: 505_189
2022-04-07 15:31:25,957 - processing started: 507_190 
2022-04-07 15:31:26,131 - processing completed: 507_190
2022-04-07 15:31:26,136 - processing started: 509_191 
2022-04-07 15:31:26,248 - processing completed: 509_191
2022-04-07 15:31:26,253 - processing started: 511_192 
2022-04-07 15:31:26,424 - processing completed: 511_192
2022-04-07 15:31:26,428 - processing started: 513_192 
2022-04-07 15:31:26,533 - processing completed: 513_192
2022-04-07 15:31:26,537 - processing started: 515_193 
2022-04-07 15:31:26,703 - processing completed: 515_193
2022-04-07 15:31:26,708 - processing started: 517_194 
2022-04-07 15:31:26,815 - processing completed: 517_194
2022-04-07 15:31:26,820 - processing started: 519_195 
2022-04-07 15:31:26,992 - processing completed: 519_195
2022-04-07 15:31:26,996 - processing started: 521_196 
2022-04-07 15:31:27,101 - processing completed: 521_196
2022-04-07 15:31:27,106 - processing started: 523_196 
2022-04-07 15:31:27,277 - processing completed: 523_196
2022-04-07 15:31:27,282 - processing started: 525_196 
2022-04-07 15:31:27,391 - processing completed: 525_196
2022-04-07 15:31:27,395 - processing started: 527_197 
2022-04-07 15:31:27,557 - processing completed: 527_197
2022-04-07 15:31:27,561 - processing started: 529_197 
2022-04-07 15:31:27,666 - processing completed: 529_197
2022-04-07 15:31:27,670 - processing started: 531_197 
2022-04-07 15:31:27,835 - processing completed: 531_197
2022-04-07 15:31:27,839 - processing started: 533_198 
2022-04-07 15:31:27,944 - processing completed: 533_198
2022-04-07 15:31:27,948 - processing started: 535_199 
2022-04-07 15:31:28,114 - processing completed: 535_199
2022-04-07 15:31:28,118 - processing started: 537_200 
2022-04-07 15:31:28,295 - processing completed: 537_200
2022-04-07 15:31:28,300 - processing started: 539_201 
2022-04-07 15:31:28,439 - processing completed: 539_201
2022-04-07 15:31:28,443 - processing started: 541_202 
2022-04-07 15:31:28,612 - processing completed: 541_202
2022-04-07 15:31:28,618 - processing started: 543_203 
2022-04-07 15:31:28,724 - processing completed: 543_203
2022-04-07 15:31:28,728 - processing started: 545_204 
2022-04-07 15:31:28,889 - processing completed: 545_204
2022-04-07 15:31:28,895 - processing started: 547_205 
2022-04-07 15:31:29,001 - processing completed: 547_205
2022-04-07 15:31:29,005 - processing started: 549_206 
2022-04-07 15:31:29,167 - processing completed: 549_206
2022-04-07 15:31:29,171 - processing started: 551_207 
2022-04-07 15:31:29,275 - processing completed: 551_207
2022-04-07 15:31:29,280 - processing started: 553_207 
2022-04-07 15:31:29,450 - processing completed: 553_207
2022-04-07 15:31:29,455 - processing started: 555_208 
2022-04-07 15:31:29,583 - processing completed: 555_208
2022-04-07 15:31:29,589 - processing started: 557_209 
2022-04-07 15:31:29,749 - processing completed: 557_209
2022-04-07 15:31:29,753 - processing started: 559_210 
2022-04-07 15:31:29,856 - processing completed: 559_210
2022-04-07 15:31:29,860 - processing started: 561_211 
2022-04-07 15:31:30,027 - processing completed: 561_211
2022-04-07 15:31:30,031 - processing started: 563_212 
2022-04-07 15:31:30,134 - processing completed: 563_212
2022-04-07 15:31:30,138 - processing started: 565_213 
2022-04-07 15:31:30,300 - processing completed: 565_213
2022-04-07 15:31:30,306 - processing started: 567_214 
2022-04-07 15:31:30,482 - processing completed: 567_214
2022-04-07 15:31:30,486 - processing started: 569_214 
2022-04-07 15:31:30,600 - processing completed: 569_214
2022-04-07 15:31:30,606 - processing started: 571_215 
2022-04-07 15:31:30,772 - processing completed: 571_215
2022-04-07 15:31:30,776 - processing started: 573_216 
2022-04-07 15:31:30,887 - processing completed: 573_216
2022-04-07 15:31:30,891 - processing started: 575_217 
2022-04-07 15:31:31,062 - processing completed: 575_217
2022-04-07 15:31:31,066 - processing started: 577_218 
2022-04-07 15:31:31,175 - processing completed: 577_218
2022-04-07 15:31:31,180 - processing started: 579_219 
2022-04-07 15:31:31,346 - processing completed: 579_219
2022-04-07 15:31:31,351 - processing started: 581_220 
2022-04-07 15:31:31,465 - processing completed: 581_220
2022-04-07 15:31:31,469 - processing started: 583_220 
2022-04-07 15:31:31,646 - processing completed: 583_220
2022-04-07 15:31:31,651 - processing started: 585_221 
2022-04-07 15:31:31,760 - processing completed: 585_221
2022-04-07 15:31:31,765 - processing started: 587_222 
2022-04-07 15:31:31,934 - processing completed: 587_222
2022-04-07 15:31:31,938 - processing started: 589_222 
2022-04-07 15:31:32,046 - processing completed: 589_222
2022-04-07 15:31:32,051 - processing started: 591_223 
2022-04-07 15:31:32,195 - processing completed: 591_223
2022-04-07 15:31:32,199 - processing started: 593_223 
2022-04-07 15:31:32,282 - processing completed: 593_223
2022-04-07 15:31:32,285 - processing started: 595_224 
2022-04-07 15:31:32,482 - processing completed: 595_224
2022-04-07 15:31:32,486 - processing started: 597_225 
2022-04-07 15:31:32,635 - processing completed: 597_225
2022-04-07 15:31:32,639 - processing started: 599_225 
2022-04-07 15:31:32,784 - processing completed: 599_225
2022-04-07 15:31:32,789 - processing started: 601_225 
2022-04-07 15:31:32,946 - processing completed: 601_225
2022-04-07 15:31:32,950 - processing started: 603_226 
2022-04-07 15:31:33,035 - processing completed: 603_226
2022-04-07 15:31:33,038 - processing started: 605_227 
2022-04-07 15:31:33,203 - processing completed: 605_227
2022-04-07 15:31:33,208 - processing started: 607_227 
2022-04-07 15:31:33,314 - processing completed: 607_227
2022-04-07 15:31:33,318 - processing started: 609_227 
2022-04-07 15:31:33,468 - processing completed: 609_227
2022-04-07 15:31:33,472 - processing started: 611_227 
2022-04-07 15:31:33,609 - processing completed: 611_227
2022-04-07 15:31:33,615 - processing started: 613_227 
2022-04-07 15:31:33,772 - processing completed: 613_227
2022-04-07 15:31:33,776 - processing started: 615_228 
2022-04-07 15:31:33,863 - processing completed: 615_228
2022-04-07 15:31:33,867 - processing started: 617_229 
2022-04-07 15:31:34,014 - processing completed: 617_229
2022-04-07 15:31:34,017 - processing started: 619_230 
2022-04-07 15:31:34,104 - processing completed: 619_230
2022-04-07 15:31:34,108 - processing started: 621_230 
2022-04-07 15:31:34,255 - processing completed: 621_230
2022-04-07 15:31:34,259 - processing started: 623_231 
2022-04-07 15:31:34,340 - processing completed: 623_231
2022-04-07 15:31:34,344 - processing started: 625_232 
2022-04-07 15:31:34,488 - processing completed: 625_232
2022-04-07 15:31:34,492 - processing started: 627_232 
2022-04-07 15:31:34,640 - processing completed: 627_232
2022-04-07 15:31:34,644 - processing started: 629_232 
2022-04-07 15:31:34,747 - processing completed: 629_232
2022-04-07 15:31:34,751 - processing started: 631_233 
2022-04-07 15:31:34,904 - processing completed: 631_233
2022-04-07 15:31:34,909 - processing started: 633_234 
2022-04-07 15:31:34,989 - processing completed: 633_234
2022-04-07 15:31:34,993 - processing started: 635_234 
2022-04-07 15:31:35,142 - processing completed: 635_234
2022-04-07 15:31:35,147 - processing started: 637_234 
2022-04-07 15:31:35,224 - processing completed: 637_234
2022-04-07 15:31:35,228 - processing started: 639_235 
2022-04-07 15:31:35,400 - processing completed: 639_235
2022-04-07 15:31:35,405 - processing started: 641_236 
2022-04-07 15:31:35,509 - processing completed: 641_236
2022-04-07 15:31:35,512 - processing started: 643_237 
2022-04-07 15:31:35,679 - processing completed: 643_237
2022-04-07 15:31:35,683 - processing started: 645_238 
2022-04-07 15:31:35,800 - processing completed: 645_238
2022-04-07 15:31:35,804 - processing started: 647_239 
2022-04-07 15:31:35,973 - processing completed: 647_239
2022-04-07 15:31:35,977 - processing started: 649_240 
2022-04-07 15:31:36,086 - processing completed: 649_240
2022-04-07 15:31:36,090 - processing started: 651_240 
2022-04-07 15:31:36,253 - processing completed: 651_240
2022-04-07 15:31:36,258 - processing started: 653_241 
2022-04-07 15:31:36,367 - processing completed: 653_241
2022-04-07 15:31:36,372 - processing started: 655_242 
2022-04-07 15:31:36,536 - processing completed: 655_242
2022-04-07 15:31:36,541 - processing started: 657_242 
2022-04-07 15:31:36,706 - processing completed: 657_242
2022-04-07 15:31:36,711 - processing started: 659_243 
2022-04-07 15:31:36,826 - processing completed: 659_243
2022-04-07 15:31:36,831 - processing started: 661_244 
2022-04-07 15:31:36,975 - processing completed: 661_244
2022-04-07 15:31:36,979 - processing started: 663_244 
2022-04-07 15:31:37,048 - processing completed: 663_244
2022-04-07 15:31:37,052 - processing started: 665_245 
2022-04-07 15:31:37,190 - processing completed: 665_245
2022-04-07 15:31:37,194 - processing started: 667_246 
2022-04-07 15:31:37,261 - processing completed: 667_246
2022-04-07 15:31:37,264 - processing started: 669_247 
2022-04-07 15:31:37,391 - processing completed: 669_247
2022-04-07 15:31:37,396 - processing started: 671_248 
2022-04-07 15:31:37,461 - processing completed: 671_248
2022-04-07 15:31:37,464 - processing started: 673_249 
2022-04-07 15:31:37,589 - processing completed: 673_249
2022-04-07 15:31:37,592 - processing started: 675_250 
2022-04-07 15:31:37,659 - processing completed: 675_250
2022-04-07 15:31:37,664 - processing started: 677_251 
2022-04-07 15:31:37,788 - processing completed: 677_251
2022-04-07 15:31:37,792 - processing started: 679_251 
2022-04-07 15:31:37,873 - processing completed: 679_251
2022-04-07 15:31:37,878 - processing started: 681_252 
2022-04-07 15:31:38,031 - processing completed: 681_252
2022-04-07 15:31:38,036 - processing started: 683_252 
2022-04-07 15:31:38,104 - processing completed: 683_252
2022-04-07 15:31:38,107 - processing started: 685_253 
2022-04-07 15:31:38,281 - processing completed: 685_253
2022-04-07 15:31:38,285 - processing started: 687_254 
2022-04-07 15:31:38,443 - processing completed: 687_254
2022-04-07 15:31:38,448 - processing started: 689_255 
2022-04-07 15:31:38,540 - processing completed: 689_255
2022-04-07 15:31:38,545 - processing started: 691_256 
2022-04-07 15:31:38,706 - processing completed: 691_256
2022-04-07 15:31:38,710 - processing started: 693_257 
2022-04-07 15:31:38,801 - processing completed: 693_257
2022-04-07 15:31:38,806 - processing started: 695_257 
2022-04-07 15:31:38,991 - processing completed: 695_257
2022-04-07 15:31:38,995 - processing started: 697_258 
2022-04-07 15:31:39,106 - processing completed: 697_258
2022-04-07 15:31:39,110 - processing started: 699_259 
2022-04-07 15:31:39,259 - processing completed: 699_259
2022-04-07 15:31:39,262 - processing started: 701_260 
2022-04-07 15:31:39,354 - processing completed: 701_260
2022-04-07 15:31:39,358 - processing started: 703_260 
2022-04-07 15:31:39,523 - processing completed: 703_260
2022-04-07 15:31:39,527 - processing started: 705_261 
2022-04-07 15:31:39,627 - processing completed: 705_261
2022-04-07 15:31:39,631 - processing started: 707_262 
2022-04-07 15:31:39,795 - processing completed: 707_262
2022-04-07 15:31:39,800 - processing started: 709_262 
2022-04-07 15:31:39,898 - processing completed: 709_262
2022-04-07 15:31:39,902 - processing started: 711_263 
2022-04-07 15:31:40,052 - processing completed: 711_263
2022-04-07 15:31:40,056 - processing started: 713_264 
2022-04-07 15:31:40,223 - processing completed: 713_264
2022-04-07 15:31:40,227 - processing started: 715_265 
2022-04-07 15:31:40,316 - processing completed: 715_265
2022-04-07 15:31:40,320 - processing started: 717_265 
2022-04-07 15:31:40,472 - processing completed: 717_265
2022-04-07 15:31:40,476 - processing started: 719_266 
2022-04-07 15:31:40,557 - processing completed: 719_266
2022-04-07 15:31:40,561 - processing started: 721_267 
2022-04-07 15:31:40,713 - processing completed: 721_267
2022-04-07 15:31:40,717 - processing started: 723_267 
2022-04-07 15:31:40,798 - processing completed: 723_267
2022-04-07 15:31:40,802 - processing started: 725_267 
2022-04-07 15:31:40,956 - processing completed: 725_267
2022-04-07 15:31:40,960 - processing started: 727_268 
2022-04-07 15:31:41,050 - processing completed: 727_268
2022-04-07 15:31:41,054 - processing started: 729_268 
2022-04-07 15:31:41,208 - processing completed: 729_268
2022-04-07 15:31:41,214 - processing started: 731_268 
2022-04-07 15:31:41,296 - processing completed: 731_268
2022-04-07 15:31:41,300 - processing started: 733_268 
2022-04-07 15:31:41,455 - processing completed: 733_268
2022-04-07 15:31:41,460 - processing started: 735_269 
2022-04-07 15:31:41,544 - processing completed: 735_269
2022-04-07 15:31:41,547 - processing started: 737_269 
2022-04-07 15:31:41,695 - processing completed: 737_269
2022-04-07 15:31:41,699 - processing started: 739_270 
2022-04-07 15:31:41,790 - processing completed: 739_270
2022-04-07 15:31:41,794 - processing started: 741_271 
2022-04-07 15:31:41,955 - processing completed: 741_271
2022-04-07 15:31:41,958 - processing started: 743_272 
2022-04-07 15:31:42,096 - processing completed: 743_272
2022-04-07 15:31:42,100 - processing started: 745_273 
2022-04-07 15:31:42,193 - processing completed: 745_273
2022-04-07 15:31:42,197 - processing started: 747_274 
2022-04-07 15:31:42,352 - processing completed: 747_274
2022-04-07 15:31:42,355 - processing started: 749_274 
2022-04-07 15:31:42,432 - processing completed: 749_274
2022-04-07 15:31:42,435 - processing started: 751_275 
2022-04-07 15:31:42,589 - processing completed: 751_275
2022-04-07 15:31:42,593 - processing started: 753_275 
2022-04-07 15:31:42,673 - processing completed: 753_275
2022-04-07 15:31:42,677 - processing started: 755_276 
2022-04-07 15:31:42,826 - processing completed: 755_276
2022-04-07 15:31:42,831 - processing started: 757_276 
2022-04-07 15:31:42,916 - processing completed: 757_276
2022-04-07 15:31:42,920 - processing started: 759_277 
2022-04-07 15:31:43,069 - processing completed: 759_277
2022-04-07 15:31:43,074 - processing started: 761_278 
2022-04-07 15:31:43,163 - processing completed: 761_278
2022-04-07 15:31:43,166 - processing started: 763_279 
2022-04-07 15:31:43,338 - processing completed: 763_279
2022-04-07 15:31:43,342 - processing started: 765_280 
2022-04-07 15:31:43,413 - processing completed: 765_280
2022-04-07 15:31:43,416 - processing started: 767_280 
2022-04-07 15:31:43,552 - processing completed: 767_280
2022-04-07 15:31:43,556 - processing started: 769_281 
2022-04-07 15:31:43,628 - processing completed: 769_281
2022-04-07 15:31:43,631 - processing started: 771_282 
2022-04-07 15:31:43,760 - processing completed: 771_282
2022-04-07 15:31:43,764 - processing started: 773_283 
2022-04-07 15:31:43,909 - processing completed: 773_283
2022-04-07 15:31:43,913 - processing started: 775_284 
2022-04-07 15:31:43,979 - processing completed: 775_284
2022-04-07 15:31:43,984 - processing started: 777_285 
2022-04-07 15:31:44,119 - processing completed: 777_285
2022-04-07 15:31:44,123 - processing started: 779_286 
2022-04-07 15:31:44,262 - processing completed: 779_286
2022-04-07 15:31:44,268 - processing started: 781_287 
2022-04-07 15:31:44,415 - processing completed: 781_287
2022-04-07 15:31:44,418 - processing started: 783_288 
2022-04-07 15:31:44,484 - processing completed: 783_288
2022-04-07 15:31:44,489 - processing started: 785_289 
2022-04-07 15:31:44,618 - processing completed: 785_289
2022-04-07 15:31:44,621 - processing started: 787_290 
2022-04-07 15:31:44,690 - processing completed: 787_290
2022-04-07 15:31:44,693 - processing started: 789_290 
2022-04-07 15:31:44,829 - processing completed: 789_290
2022-04-07 15:31:44,833 - processing started: 791_291 
2022-04-07 15:31:44,911 - processing completed: 791_291
2022-04-07 15:31:44,915 - processing started: 793_292 
2022-04-07 15:31:45,040 - processing completed: 793_292
2022-04-07 15:31:45,043 - processing started: 795_292 
2022-04-07 15:31:45,114 - processing completed: 795_292
2022-04-07 15:31:45,119 - processing started: 797_293 
2022-04-07 15:31:45,221 - processing completed: 797_293
2022-04-07 15:31:45,224 - processing started: 799_294 
2022-04-07 15:31:45,266 - processing completed: 799_294
2022-04-07 15:31:45,269 - processing started: 801_295 
2022-04-07 15:31:45,403 - processing completed: 801_295
2022-04-07 15:31:45,406 - processing started: 803_296 
2022-04-07 15:31:45,539 - processing completed: 803_296
2022-04-07 15:31:45,543 - processing started: 805_297 
2022-04-07 15:31:45,678 - processing completed: 805_297
2022-04-07 15:31:45,684 - processing started: 807_298 
2022-04-07 15:31:45,816 - processing completed: 807_298
2022-04-07 15:31:45,819 - processing started: 809_298 
2022-04-07 15:31:45,892 - processing completed: 809_298
2022-04-07 15:31:45,895 - processing started: 811_299 
2022-04-07 15:31:46,023 - processing completed: 811_299
2022-04-07 15:31:46,027 - processing started: 0_0 
2022-04-07 15:31:46,028 - Closing connection (200): Normal shutdown
2022-04-07 15:31:46,028 - Closing channel (200): 'Normal shutdown' on <Channel number=1 OPEN conn=<SelectConnection OPEN transport=<pika.adapters.utils.io_services_utils._AsyncPlaintextTransport object at 0x124aaad60> params=<ConnectionParameters host=localhost port=5672 virtual_host=/ ssl=False>>>
2022-04-07 15:31:46,029 - Received <Channel.CloseOk> on <Channel number=1 CLOSING conn=<SelectConnection OPEN transport=<pika.adapters.utils.io_services_utils._AsyncPlaintextTransport object at 0x124aaad60> params=<ConnectionParameters host=localhost port=5672 virtual_host=/ ssl=False>>>
2022-04-07 15:31:46,029 - Closing connection (200): 'Normal shutdown'
2022-04-07 15:31:46,029 - Aborting transport connection: state=1; <socket.socket fd=22, family=AddressFamily.AF_INET, type=SocketKind.SOCK_STREAM, proto=6, laddr=('127.0.0.1', 62721), raddr=('127.0.0.1', 5672)>
2022-04-07 15:31:46,030 - _AsyncTransportBase._initate_abort(): Initiating abrupt asynchronous transport shutdown: state=1; error=None; <socket.socket fd=22, family=AddressFamily.AF_INET, type=SocketKind.SOCK_STREAM, proto=6, laddr=('127.0.0.1', 62721), raddr=('127.0.0.1', 5672)>
2022-04-07 15:31:46,030 - Deactivating transport: state=1; <socket.socket fd=22, family=AddressFamily.AF_INET, type=SocketKind.SOCK_STREAM, proto=6, laddr=('127.0.0.1', 62721), raddr=('127.0.0.1', 5672)>
2022-04-07 15:31:46,030 - AMQP stack terminated, failed to connect, or aborted: opened=True, error-arg=None; pending-error=ConnectionClosedByClient: (200) 'Normal shutdown'
2022-04-07 15:31:46,030 - Stack terminated due to ConnectionClosedByClient: (200) 'Normal shutdown'
2022-04-07 15:31:46,031 - Closing transport socket and unlinking: state=3; <socket.socket fd=22, family=AddressFamily.AF_INET, type=SocketKind.SOCK_STREAM, proto=6, laddr=('127.0.0.1', 62721), raddr=('127.0.0.1', 5672)>
2022-04-07 15:31:46,031 - User-initiated close: result=BlockingConnection__OnClosedArgs(connection=<SelectConnection CLOSED transport=None params=<ConnectionParameters host=localhost port=5672 virtual_host=/ ssl=False>>, error=ConnectionClosedByClient: (200) 'Normal shutdown')
2022-04-07 15:31:46,031 - PID 45430 completed loading and processing
