2022-04-07 15:40:21,123 - PID 47504 started loading and processing
2022-04-07 15:40:21,130 - Pika version 1.2.0 connecting to ('::1', 5672, 0, 0)
2022-04-07 15:40:21,130 - Socket failed to connect: <socket.socket fd=22, family=AddressFamily.AF_INET6, type=SocketKind.SOCK_STREAM, proto=6, laddr=('::1', 62792, 0, 0)>; error=61 (Connection refused)
2022-04-07 15:40:21,130 - TCP Connection attempt failed: ConnectionRefusedError(61, 'Connection refused'); dest=(<AddressFamily.AF_INET6: 30>, <SocketKind.SOCK_STREAM: 1>, 6, '', ('::1', 5672, 0, 0))
2022-04-07 15:40:21,130 - AMQPConnector - reporting failure: AMQPConnectorSocketConnectError: ConnectionRefusedError(61, 'Connection refused')
2022-04-07 15:40:21,130 - Pika version 1.2.0 connecting to ('127.0.0.1', 5672)
2022-04-07 15:40:21,131 - Socket connected: <socket.socket fd=22, family=AddressFamily.AF_INET, type=SocketKind.SOCK_STREAM, proto=6, laddr=('127.0.0.1', 62793), raddr=('127.0.0.1', 5672)>
2022-04-07 15:40:21,131 - Streaming transport linked up: (<pika.adapters.utils.io_services_utils._AsyncPlaintextTransport object at 0x12533d2b0>, _StreamingProtocolShim: <SelectConnection PROTOCOL transport=<pika.adapters.utils.io_services_utils._AsyncPlaintextTransport object at 0x12533d2b0> params=<ConnectionParameters host=localhost port=5672 virtual_host=/ ssl=False>>).
2022-04-07 15:40:21,145 - AMQPConnector - reporting success: <SelectConnection OPEN transport=<pika.adapters.utils.io_services_utils._AsyncPlaintextTransport object at 0x12533d2b0> params=<ConnectionParameters host=localhost port=5672 virtual_host=/ ssl=False>>
2022-04-07 15:40:21,146 - AMQPConnectionWorkflow - reporting success: <SelectConnection OPEN transport=<pika.adapters.utils.io_services_utils._AsyncPlaintextTransport object at 0x12533d2b0> params=<ConnectionParameters host=localhost port=5672 virtual_host=/ ssl=False>>
2022-04-07 15:40:21,146 - Connection workflow succeeded: <SelectConnection OPEN transport=<pika.adapters.utils.io_services_utils._AsyncPlaintextTransport object at 0x12533d2b0> params=<ConnectionParameters host=localhost port=5672 virtual_host=/ ssl=False>>
2022-04-07 15:40:21,146 - Created channel=1
2022-04-07 15:40:21,148 - Logging before start consuming
2022-04-07 15:40:25,983 - processing started: 0_000 
2022-04-07 15:40:26,169 - processing completed: 0_000
2022-04-07 15:40:26,188 - processing started: 2_000 
2022-04-07 15:40:26,427 - processing completed: 2_000
2022-04-07 15:40:26,432 - processing started: 4_001 
2022-04-07 15:40:26,681 - processing completed: 4_001
2022-04-07 15:40:26,687 - processing started: 6_002 
2022-04-07 15:40:26,856 - processing completed: 6_002
2022-04-07 15:40:26,861 - processing started: 8_003 
2022-04-07 15:40:27,093 - processing completed: 8_003
2022-04-07 15:40:27,099 - processing started: 10_004 
2022-04-07 15:40:27,275 - processing completed: 10_004
2022-04-07 15:40:27,281 - processing started: 12_005 
2022-04-07 15:40:27,525 - processing completed: 12_005
2022-04-07 15:40:27,532 - processing started: 14_005 
2022-04-07 15:40:27,715 - processing completed: 14_005
2022-04-07 15:40:27,721 - processing started: 16_006 
2022-04-07 15:40:27,957 - processing completed: 16_006
2022-04-07 15:40:27,963 - processing started: 18_007 
2022-04-07 15:40:28,157 - processing completed: 18_007
2022-04-07 15:40:28,161 - processing started: 20_008 
2022-04-07 15:40:28,380 - processing completed: 20_008
2022-04-07 15:40:28,385 - processing started: 22_009 
2022-04-07 15:40:28,564 - processing completed: 22_009
2022-04-07 15:40:28,569 - processing started: 24_009 
2022-04-07 15:40:28,819 - processing completed: 24_009
2022-04-07 15:40:28,826 - processing started: 26_010 
2022-04-07 15:40:29,003 - processing completed: 26_010
2022-04-07 15:40:29,009 - processing started: 28_011 
2022-04-07 15:40:29,270 - processing completed: 28_011
2022-04-07 15:40:29,277 - processing started: 30_012 
2022-04-07 15:40:29,359 - processing completed: 30_012
2022-04-07 15:40:29,363 - processing started: 32_013 
2022-04-07 15:40:29,578 - processing completed: 32_013
2022-04-07 15:40:29,584 - processing started: 34_014 
2022-04-07 15:40:29,763 - processing completed: 34_014
2022-04-07 15:40:29,767 - processing started: 36_014 
2022-04-07 15:40:29,869 - processing completed: 36_014
2022-04-07 15:40:29,875 - processing started: 38_015 
2022-04-07 15:40:30,053 - processing completed: 38_015
2022-04-07 15:40:30,056 - processing started: 40_015 
2022-04-07 15:40:30,154 - processing completed: 40_015
2022-04-07 15:40:30,158 - processing started: 42_015 
2022-04-07 15:40:30,363 - processing completed: 42_015
2022-04-07 15:40:30,369 - processing started: 44_016 
2022-04-07 15:40:30,478 - processing completed: 44_016
2022-04-07 15:40:30,483 - processing started: 46_017 
2022-04-07 15:40:30,694 - processing completed: 46_017
2022-04-07 15:40:30,699 - processing started: 48_018 
2022-04-07 15:40:30,815 - processing completed: 48_018
2022-04-07 15:40:30,820 - processing started: 50_019 
2022-04-07 15:40:31,020 - processing completed: 50_019
2022-04-07 15:40:31,024 - processing started: 52_020 
2022-04-07 15:40:31,146 - processing completed: 52_020
2022-04-07 15:40:31,152 - processing started: 54_021 
2022-04-07 15:40:31,330 - processing completed: 54_021
2022-04-07 15:40:31,335 - processing started: 56_022 
2022-04-07 15:40:31,477 - processing completed: 56_022
2022-04-07 15:40:31,482 - processing started: 58_022 
2022-04-07 15:40:31,688 - processing completed: 58_022
2022-04-07 15:40:31,694 - processing started: 60_023 
2022-04-07 15:40:31,818 - processing completed: 60_023
2022-04-07 15:40:31,823 - processing started: 62_023 
2022-04-07 15:40:31,986 - processing completed: 62_023
2022-04-07 15:40:31,990 - processing started: 64_024 
2022-04-07 15:40:32,154 - processing completed: 64_024
2022-04-07 15:40:32,158 - processing started: 66_025 
2022-04-07 15:40:32,275 - processing completed: 66_025
2022-04-07 15:40:32,281 - processing started: 68_026 
2022-04-07 15:40:32,461 - processing completed: 68_026
2022-04-07 15:40:32,465 - processing started: 70_027 
2022-04-07 15:40:32,566 - processing completed: 70_027
2022-04-07 15:40:32,571 - processing started: 72_028 
2022-04-07 15:40:32,738 - processing completed: 72_028
2022-04-07 15:40:32,743 - processing started: 74_028 
2022-04-07 15:40:32,849 - processing completed: 74_028
2022-04-07 15:40:32,854 - processing started: 76_029 
2022-04-07 15:40:33,008 - processing completed: 76_029
2022-04-07 15:40:33,012 - processing started: 78_030 
2022-04-07 15:40:33,107 - processing completed: 78_030
2022-04-07 15:40:33,112 - processing started: 80_031 
2022-04-07 15:40:33,275 - processing completed: 80_031
2022-04-07 15:40:33,280 - processing started: 82_031 
2022-04-07 15:40:33,382 - processing completed: 82_031
2022-04-07 15:40:33,387 - processing started: 84_032 
2022-04-07 15:40:33,592 - processing completed: 84_032
2022-04-07 15:40:33,598 - processing started: 86_032 
2022-04-07 15:40:33,734 - processing completed: 86_032
2022-04-07 15:40:33,740 - processing started: 88_033 
2022-04-07 15:40:33,915 - processing completed: 88_033
2022-04-07 15:40:33,919 - processing started: 90_033 
2022-04-07 15:40:34,012 - processing completed: 90_033
2022-04-07 15:40:34,017 - processing started: 92_033 
2022-04-07 15:40:34,166 - processing completed: 92_033
2022-04-07 15:40:34,170 - processing started: 94_034 
2022-04-07 15:40:34,330 - processing completed: 94_034
2022-04-07 15:40:34,335 - processing started: 96_035 
2022-04-07 15:40:34,433 - processing completed: 96_035
2022-04-07 15:40:34,437 - processing started: 98_035 
2022-04-07 15:40:34,590 - processing completed: 98_035
2022-04-07 15:40:34,594 - processing started: 100_036 
2022-04-07 15:40:34,687 - processing completed: 100_036
2022-04-07 15:40:34,691 - processing started: 102_037 
2022-04-07 15:40:34,851 - processing completed: 102_037
2022-04-07 15:40:34,856 - processing started: 104_038 
2022-04-07 15:40:34,960 - processing completed: 104_038
2022-04-07 15:40:34,964 - processing started: 106_039 
2022-04-07 15:40:35,125 - processing completed: 106_039
2022-04-07 15:40:35,129 - processing started: 108_039 
2022-04-07 15:40:35,227 - processing completed: 108_039
2022-04-07 15:40:35,231 - processing started: 110_040 
2022-04-07 15:40:35,391 - processing completed: 110_040
2022-04-07 15:40:35,395 - processing started: 112_040 
2022-04-07 15:40:35,489 - processing completed: 112_040
2022-04-07 15:40:35,493 - processing started: 114_040 
2022-04-07 15:40:35,647 - processing completed: 114_040
2022-04-07 15:40:35,651 - processing started: 116_041 
2022-04-07 15:40:35,750 - processing completed: 116_041
2022-04-07 15:40:35,753 - processing started: 118_042 
2022-04-07 15:40:35,915 - processing completed: 118_042
2022-04-07 15:40:35,920 - processing started: 120_042 
2022-04-07 15:40:36,031 - processing completed: 120_042
2022-04-07 15:40:36,036 - processing started: 122_043 
2022-04-07 15:40:36,184 - processing completed: 122_043
2022-04-07 15:40:36,188 - processing started: 124_044 
2022-04-07 15:40:36,348 - processing completed: 124_044
2022-04-07 15:40:36,352 - processing started: 126_044 
2022-04-07 15:40:36,441 - processing completed: 126_044
2022-04-07 15:40:36,446 - processing started: 128_045 
2022-04-07 15:40:36,604 - processing completed: 128_045
2022-04-07 15:40:36,608 - processing started: 130_046 
2022-04-07 15:40:36,704 - processing completed: 130_046
2022-04-07 15:40:36,710 - processing started: 132_047 
2022-04-07 15:40:36,873 - processing completed: 132_047
2022-04-07 15:40:36,878 - processing started: 134_048 
2022-04-07 15:40:36,977 - processing completed: 134_048
2022-04-07 15:40:36,981 - processing started: 136_048 
2022-04-07 15:40:37,139 - processing completed: 136_048
2022-04-07 15:40:37,143 - processing started: 138_049 
2022-04-07 15:40:37,241 - processing completed: 138_049
2022-04-07 15:40:37,245 - processing started: 140_050 
2022-04-07 15:40:37,403 - processing completed: 140_050
2022-04-07 15:40:37,407 - processing started: 142_050 
2022-04-07 15:40:37,498 - processing completed: 142_050
2022-04-07 15:40:37,502 - processing started: 144_051 
2022-04-07 15:40:37,657 - processing completed: 144_051
2022-04-07 15:40:37,662 - processing started: 146_051 
2022-04-07 15:40:37,763 - processing completed: 146_051
2022-04-07 15:40:37,767 - processing started: 148_052 
2022-04-07 15:40:37,931 - processing completed: 148_052
2022-04-07 15:40:37,935 - processing started: 150_053 
2022-04-07 15:40:38,043 - processing completed: 150_053
2022-04-07 15:40:38,048 - processing started: 152_054 
2022-04-07 15:40:38,206 - processing completed: 152_054
2022-04-07 15:40:38,210 - processing started: 154_055 
2022-04-07 15:40:38,379 - processing completed: 154_055
2022-04-07 15:40:38,383 - processing started: 156_056 
2022-04-07 15:40:38,486 - processing completed: 156_056
2022-04-07 15:40:38,490 - processing started: 158_057 
2022-04-07 15:40:38,662 - processing completed: 158_057
2022-04-07 15:40:38,667 - processing started: 160_058 
2022-04-07 15:40:38,818 - processing completed: 160_058
2022-04-07 15:40:38,825 - processing started: 162_058 
2022-04-07 15:40:39,034 - processing completed: 162_058
2022-04-07 15:40:39,039 - processing started: 164_059 
2022-04-07 15:40:39,139 - processing completed: 164_059
2022-04-07 15:40:39,143 - processing started: 166_060 
2022-04-07 15:40:39,291 - processing completed: 166_060
2022-04-07 15:40:39,297 - processing started: 168_061 
2022-04-07 15:40:39,394 - processing completed: 168_061
2022-04-07 15:40:39,398 - processing started: 170_062 
2022-04-07 15:40:39,552 - processing completed: 170_062
2022-04-07 15:40:39,556 - processing started: 172_062 
2022-04-07 15:40:39,661 - processing completed: 172_062
2022-04-07 15:40:39,665 - processing started: 174_063 
2022-04-07 15:40:39,910 - processing completed: 174_063
2022-04-07 15:40:39,916 - processing started: 176_064 
2022-04-07 15:40:40,129 - processing completed: 176_064
2022-04-07 15:40:40,137 - processing started: 178_064 
2022-04-07 15:40:40,403 - processing completed: 178_064
2022-04-07 15:40:40,409 - processing started: 180_065 
2022-04-07 15:40:40,661 - processing completed: 180_065
2022-04-07 15:40:40,667 - processing started: 182_066 
2022-04-07 15:40:40,856 - processing completed: 182_066
2022-04-07 15:40:40,862 - processing started: 184_066 
2022-04-07 15:40:41,133 - processing completed: 184_066
2022-04-07 15:40:41,141 - processing started: 186_066 
2022-04-07 15:40:41,369 - processing completed: 186_066
2022-04-07 15:40:41,376 - processing started: 188_067 
2022-04-07 15:40:41,514 - processing completed: 188_067
2022-04-07 15:40:41,517 - processing started: 190_067 
2022-04-07 15:40:41,655 - processing completed: 190_067
2022-04-07 15:40:41,660 - processing started: 192_067 
2022-04-07 15:40:41,903 - processing completed: 192_067
2022-04-07 15:40:41,909 - processing started: 194_068 
2022-04-07 15:40:42,040 - processing completed: 194_068
2022-04-07 15:40:42,045 - processing started: 196_069 
2022-04-07 15:40:42,246 - processing completed: 196_069
2022-04-07 15:40:42,252 - processing started: 198_069 
2022-04-07 15:40:42,387 - processing completed: 198_069
2022-04-07 15:40:42,392 - processing started: 200_070 
2022-04-07 15:40:42,505 - processing completed: 200_070
2022-04-07 15:40:42,508 - processing started: 202_071 
2022-04-07 15:40:42,704 - processing completed: 202_071
2022-04-07 15:40:42,711 - processing started: 204_072 
2022-04-07 15:40:42,968 - processing completed: 204_072
2022-04-07 15:40:42,975 - processing started: 206_072 
2022-04-07 15:40:43,155 - processing completed: 206_072
2022-04-07 15:40:43,162 - processing started: 208_073 
2022-04-07 15:40:43,396 - processing completed: 208_073
2022-04-07 15:40:43,403 - processing started: 210_074 
2022-04-07 15:40:43,648 - processing completed: 210_074
2022-04-07 15:40:43,655 - processing started: 212_075 
2022-04-07 15:40:43,835 - processing completed: 212_075
2022-04-07 15:40:43,841 - processing started: 214_076 
2022-04-07 15:40:44,087 - processing completed: 214_076
2022-04-07 15:40:44,094 - processing started: 216_077 
2022-04-07 15:40:44,273 - processing completed: 216_077
2022-04-07 15:40:44,279 - processing started: 218_078 
2022-04-07 15:40:44,540 - processing completed: 218_078
2022-04-07 15:40:44,547 - processing started: 220_079 
2022-04-07 15:40:44,736 - processing completed: 220_079
2022-04-07 15:40:44,742 - processing started: 222_079 
2022-04-07 15:40:44,993 - processing completed: 222_079
2022-04-07 15:40:44,999 - processing started: 224_080 
2022-04-07 15:40:45,082 - processing completed: 224_080
2022-04-07 15:40:45,086 - processing started: 226_081 
2022-04-07 15:40:45,263 - processing completed: 226_081
2022-04-07 15:40:45,268 - processing started: 228_081 
2022-04-07 15:40:45,388 - processing completed: 228_081
2022-04-07 15:40:45,393 - processing started: 230_081 
2022-04-07 15:40:45,572 - processing completed: 230_081
2022-04-07 15:40:45,578 - processing started: 232_082 
2022-04-07 15:40:45,694 - processing completed: 232_082
2022-04-07 15:40:45,699 - processing started: 234_082 
2022-04-07 15:40:45,877 - processing completed: 234_082
2022-04-07 15:40:45,881 - processing started: 236_083 
2022-04-07 15:40:46,008 - processing completed: 236_083
2022-04-07 15:40:46,015 - processing started: 238_084 
2022-04-07 15:40:46,204 - processing completed: 238_084
2022-04-07 15:40:46,210 - processing started: 240_085 
2022-04-07 15:40:46,394 - processing completed: 240_085
2022-04-07 15:40:46,399 - processing started: 242_086 
2022-04-07 15:40:46,531 - processing completed: 242_086
2022-04-07 15:40:46,536 - processing started: 244_087 
2022-04-07 15:40:46,732 - processing completed: 244_087
2022-04-07 15:40:46,738 - processing started: 246_088 
2022-04-07 15:40:46,873 - processing completed: 246_088
2022-04-07 15:40:46,878 - processing started: 248_088 
2022-04-07 15:40:47,051 - processing completed: 248_088
2022-04-07 15:40:47,056 - processing started: 250_089 
2022-04-07 15:40:47,129 - processing completed: 250_089
2022-04-07 15:40:47,132 - processing started: 252_090 
2022-04-07 15:40:47,266 - processing completed: 252_090
2022-04-07 15:40:47,270 - processing started: 254_091 
2022-04-07 15:40:47,360 - processing completed: 254_091
2022-04-07 15:40:47,363 - processing started: 256_092 
2022-04-07 15:40:47,493 - processing completed: 256_092
2022-04-07 15:40:47,497 - processing started: 258_093 
2022-04-07 15:40:47,582 - processing completed: 258_093
2022-04-07 15:40:47,587 - processing started: 260_094 
2022-04-07 15:40:47,751 - processing completed: 260_094
2022-04-07 15:40:47,756 - processing started: 262_094 
2022-04-07 15:40:47,843 - processing completed: 262_094
2022-04-07 15:40:47,848 - processing started: 264_095 
2022-04-07 15:40:47,992 - processing completed: 264_095
2022-04-07 15:40:47,998 - processing started: 266_096 
2022-04-07 15:40:48,083 - processing completed: 266_096
2022-04-07 15:40:48,089 - processing started: 268_097 
2022-04-07 15:40:48,236 - processing completed: 268_097
2022-04-07 15:40:48,240 - processing started: 270_098 
2022-04-07 15:40:48,391 - processing completed: 270_098
2022-04-07 15:40:48,395 - processing started: 272_099 
2022-04-07 15:40:48,467 - processing completed: 272_099
2022-04-07 15:40:48,471 - processing started: 274_100 
2022-04-07 15:40:48,641 - processing completed: 274_100
2022-04-07 15:40:48,646 - processing started: 276_101 
2022-04-07 15:40:48,733 - processing completed: 276_101
2022-04-07 15:40:48,738 - processing started: 278_102 
2022-04-07 15:40:48,882 - processing completed: 278_102
2022-04-07 15:40:48,885 - processing started: 280_103 
2022-04-07 15:40:48,953 - processing completed: 280_103
2022-04-07 15:40:48,958 - processing started: 282_103 
2022-04-07 15:40:49,096 - processing completed: 282_103
2022-04-07 15:40:49,100 - processing started: 284_104 
2022-04-07 15:40:49,171 - processing completed: 284_104
2022-04-07 15:40:49,175 - processing started: 286_105 
2022-04-07 15:40:49,314 - processing completed: 286_105
2022-04-07 15:40:49,318 - processing started: 288_106 
2022-04-07 15:40:49,387 - processing completed: 288_106
2022-04-07 15:40:49,392 - processing started: 290_107 
2022-04-07 15:40:49,528 - processing completed: 290_107
2022-04-07 15:40:49,533 - processing started: 292_108 
2022-04-07 15:40:49,603 - processing completed: 292_108
2022-04-07 15:40:49,606 - processing started: 294_108 
2022-04-07 15:40:49,741 - processing completed: 294_108
2022-04-07 15:40:49,744 - processing started: 296_109 
2022-04-07 15:40:49,821 - processing completed: 296_109
2022-04-07 15:40:49,825 - processing started: 298_110 
2022-04-07 15:40:49,959 - processing completed: 298_110
2022-04-07 15:40:49,964 - processing started: 300_111 
2022-04-07 15:40:50,096 - processing completed: 300_111
2022-04-07 15:40:50,100 - processing started: 302_112 
2022-04-07 15:40:50,171 - processing completed: 302_112
2022-04-07 15:40:50,175 - processing started: 304_113 
2022-04-07 15:40:50,309 - processing completed: 304_113
2022-04-07 15:40:50,312 - processing started: 306_114 
2022-04-07 15:40:50,419 - processing completed: 306_114
2022-04-07 15:40:50,424 - processing started: 308_115 
2022-04-07 15:40:50,595 - processing completed: 308_115
2022-04-07 15:40:50,601 - processing started: 310_116 
2022-04-07 15:40:50,712 - processing completed: 310_116
2022-04-07 15:40:50,719 - processing started: 312_117 
2022-04-07 15:40:50,908 - processing completed: 312_117
2022-04-07 15:40:50,914 - processing started: 314_117 
2022-04-07 15:40:51,032 - processing completed: 314_117
2022-04-07 15:40:51,037 - processing started: 316_118 
2022-04-07 15:40:51,214 - processing completed: 316_118
2022-04-07 15:40:51,220 - processing started: 318_119 
2022-04-07 15:40:51,334 - processing completed: 318_119
2022-04-07 15:40:51,339 - processing started: 320_120 
2022-04-07 15:40:51,487 - processing completed: 320_120
2022-04-07 15:40:51,491 - processing started: 322_120 
2022-04-07 15:40:51,577 - processing completed: 322_120
2022-04-07 15:40:51,582 - processing started: 324_121 
2022-04-07 15:40:51,753 - processing completed: 324_121
2022-04-07 15:40:51,759 - processing started: 326_122 
2022-04-07 15:40:51,873 - processing completed: 326_122
2022-04-07 15:40:51,878 - processing started: 328_123 
2022-04-07 15:40:52,054 - processing completed: 328_123
2022-04-07 15:40:52,062 - processing started: 330_123 
2022-04-07 15:40:52,232 - processing completed: 330_123
2022-04-07 15:40:52,237 - processing started: 332_124 
2022-04-07 15:40:52,348 - processing completed: 332_124
2022-04-07 15:40:52,353 - processing started: 334_124 
2022-04-07 15:40:52,529 - processing completed: 334_124
2022-04-07 15:40:52,534 - processing started: 336_124 
2022-04-07 15:40:52,644 - processing completed: 336_124
2022-04-07 15:40:52,648 - processing started: 338_124 
2022-04-07 15:40:52,823 - processing completed: 338_124
2022-04-07 15:40:52,829 - processing started: 340_125 
2022-04-07 15:40:52,939 - processing completed: 340_125
2022-04-07 15:40:52,944 - processing started: 342_126 
2022-04-07 15:40:53,127 - processing completed: 342_126
2022-04-07 15:40:53,132 - processing started: 344_126 
2022-04-07 15:40:53,241 - processing completed: 344_126
2022-04-07 15:40:53,245 - processing started: 346_127 
2022-04-07 15:40:53,417 - processing completed: 346_127
2022-04-07 15:40:53,423 - processing started: 348_128 
2022-04-07 15:40:53,531 - processing completed: 348_128
2022-04-07 15:40:53,536 - processing started: 350_129 
2022-04-07 15:40:53,704 - processing completed: 350_129
2022-04-07 15:40:53,709 - processing started: 352_130 
2022-04-07 15:40:53,821 - processing completed: 352_130
2022-04-07 15:40:53,826 - processing started: 354_131 
2022-04-07 15:40:53,994 - processing completed: 354_131
2022-04-07 15:40:54,000 - processing started: 356_132 
2022-04-07 15:40:54,114 - processing completed: 356_132
2022-04-07 15:40:54,119 - processing started: 358_133 
2022-04-07 15:40:54,304 - processing completed: 358_133
2022-04-07 15:40:54,310 - processing started: 360_134 
2022-04-07 15:40:54,481 - processing completed: 360_134
2022-04-07 15:40:54,486 - processing started: 362_134 
2022-04-07 15:40:54,594 - processing completed: 362_134
2022-04-07 15:40:54,599 - processing started: 364_134 
2022-04-07 15:40:54,780 - processing completed: 364_134
2022-04-07 15:40:54,786 - processing started: 366_135 
2022-04-07 15:40:54,897 - processing completed: 366_135
2022-04-07 15:40:54,903 - processing started: 368_136 
2022-04-07 15:40:55,073 - processing completed: 368_136
2022-04-07 15:40:55,079 - processing started: 370_137 
2022-04-07 15:40:55,195 - processing completed: 370_137
2022-04-07 15:40:55,200 - processing started: 372_138 
2022-04-07 15:40:55,371 - processing completed: 372_138
2022-04-07 15:40:55,376 - processing started: 374_139 
2022-04-07 15:40:55,490 - processing completed: 374_139
2022-04-07 15:40:55,495 - processing started: 376_140 
2022-04-07 15:40:55,666 - processing completed: 376_140
2022-04-07 15:40:55,672 - processing started: 378_140 
2022-04-07 15:40:55,785 - processing completed: 378_140
2022-04-07 15:40:55,791 - processing started: 380_141 
2022-04-07 15:40:55,961 - processing completed: 380_141
2022-04-07 15:40:55,967 - processing started: 382_142 
2022-04-07 15:40:56,076 - processing completed: 382_142
2022-04-07 15:40:56,082 - processing started: 384_143 
2022-04-07 15:40:56,263 - processing completed: 384_143
2022-04-07 15:40:56,270 - processing started: 386_144 
2022-04-07 15:40:56,396 - processing completed: 386_144
2022-04-07 15:40:56,400 - processing started: 388_145 
2022-04-07 15:40:56,568 - processing completed: 388_145
2022-04-07 15:40:56,575 - processing started: 390_145 
2022-04-07 15:40:56,745 - processing completed: 390_145
2022-04-07 15:40:56,749 - processing started: 392_145 
2022-04-07 15:40:56,862 - processing completed: 392_145
2022-04-07 15:40:56,867 - processing started: 394_146 
2022-04-07 15:40:57,033 - processing completed: 394_146
2022-04-07 15:40:57,038 - processing started: 396_147 
2022-04-07 15:40:57,143 - processing completed: 396_147
2022-04-07 15:40:57,148 - processing started: 398_147 
2022-04-07 15:40:57,329 - processing completed: 398_147
2022-04-07 15:40:57,334 - processing started: 400_148 
2022-04-07 15:40:57,440 - processing completed: 400_148
2022-04-07 15:40:57,445 - processing started: 402_149 
2022-04-07 15:40:57,609 - processing completed: 402_149
2022-04-07 15:40:57,615 - processing started: 404_149 
2022-04-07 15:40:57,720 - processing completed: 404_149
2022-04-07 15:40:57,725 - processing started: 406_150 
2022-04-07 15:40:57,901 - processing completed: 406_150
2022-04-07 15:40:57,906 - processing started: 408_151 
2022-04-07 15:40:58,015 - processing completed: 408_151
2022-04-07 15:40:58,020 - processing started: 410_152 
2022-04-07 15:40:58,187 - processing completed: 410_152
2022-04-07 15:40:58,192 - processing started: 412_153 
2022-04-07 15:40:58,308 - processing completed: 412_153
2022-04-07 15:40:58,313 - processing started: 414_154 
2022-04-07 15:40:58,503 - processing completed: 414_154
2022-04-07 15:40:58,508 - processing started: 416_155 
2022-04-07 15:40:58,626 - processing completed: 416_155
2022-04-07 15:40:58,631 - processing started: 418_156 
2022-04-07 15:40:58,800 - processing completed: 418_156
2022-04-07 15:40:58,805 - processing started: 420_157 
2022-04-07 15:40:58,973 - processing completed: 420_157
2022-04-07 15:40:58,977 - processing started: 422_157 
2022-04-07 15:40:59,091 - processing completed: 422_157
2022-04-07 15:40:59,095 - processing started: 424_158 
2022-04-07 15:40:59,274 - processing completed: 424_158
2022-04-07 15:40:59,279 - processing started: 426_159 
2022-04-07 15:40:59,398 - processing completed: 426_159
2022-04-07 15:40:59,403 - processing started: 428_160 
2022-04-07 15:40:59,583 - processing completed: 428_160
2022-04-07 15:40:59,588 - processing started: 430_160 
2022-04-07 15:40:59,702 - processing completed: 430_160
2022-04-07 15:40:59,707 - processing started: 432_161 
2022-04-07 15:40:59,880 - processing completed: 432_161
2022-04-07 15:40:59,885 - processing started: 434_162 
2022-04-07 15:40:59,997 - processing completed: 434_162
2022-04-07 15:41:00,003 - processing started: 436_163 
2022-04-07 15:41:00,174 - processing completed: 436_163
2022-04-07 15:41:00,179 - processing started: 438_164 
2022-04-07 15:41:00,292 - processing completed: 438_164
2022-04-07 15:41:00,297 - processing started: 440_165 
2022-04-07 15:41:00,486 - processing completed: 440_165
2022-04-07 15:41:00,492 - processing started: 442_166 
2022-04-07 15:41:00,607 - processing completed: 442_166
2022-04-07 15:41:00,612 - processing started: 444_167 
2022-04-07 15:41:00,785 - processing completed: 444_167
2022-04-07 15:41:00,793 - processing started: 446_167 
2022-04-07 15:41:00,968 - processing completed: 446_167
2022-04-07 15:41:00,973 - processing started: 448_168 
2022-04-07 15:41:01,089 - processing completed: 448_168
2022-04-07 15:41:01,093 - processing started: 450_168 
2022-04-07 15:41:01,277 - processing completed: 450_168
2022-04-07 15:41:01,282 - processing started: 452_169 
2022-04-07 15:41:01,402 - processing completed: 452_169
2022-04-07 15:41:01,408 - processing started: 454_170 
2022-04-07 15:41:01,615 - processing completed: 454_170
2022-04-07 15:41:01,622 - processing started: 456_171 
2022-04-07 15:41:01,752 - processing completed: 456_171
2022-04-07 15:41:01,757 - processing started: 458_171 
2022-04-07 15:41:01,935 - processing completed: 458_171
2022-04-07 15:41:01,941 - processing started: 460_172 
2022-04-07 15:41:02,053 - processing completed: 460_172
2022-04-07 15:41:02,058 - processing started: 462_173 
2022-04-07 15:41:02,229 - processing completed: 462_173
2022-04-07 15:41:02,234 - processing started: 464_174 
2022-04-07 15:41:02,346 - processing completed: 464_174
2022-04-07 15:41:02,351 - processing started: 466_174 
2022-04-07 15:41:02,517 - processing completed: 466_174
2022-04-07 15:41:02,521 - processing started: 468_175 
2022-04-07 15:41:02,629 - processing completed: 468_175
2022-04-07 15:41:02,634 - processing started: 470_176 
2022-04-07 15:41:02,828 - processing completed: 470_176
2022-04-07 15:41:02,833 - processing started: 472_177 
2022-04-07 15:41:02,948 - processing completed: 472_177
2022-04-07 15:41:02,954 - processing started: 474_178 
2022-04-07 15:41:03,125 - processing completed: 474_178
2022-04-07 15:41:03,130 - processing started: 476_178 
2022-04-07 15:41:03,311 - processing completed: 476_178
2022-04-07 15:41:03,315 - processing started: 478_179 
2022-04-07 15:41:03,449 - processing completed: 478_179
2022-04-07 15:41:03,455 - processing started: 480_180 
2022-04-07 15:41:03,632 - processing completed: 480_180
2022-04-07 15:41:03,637 - processing started: 482_180 
2022-04-07 15:41:03,751 - processing completed: 482_180
2022-04-07 15:41:03,756 - processing started: 484_181 
2022-04-07 15:41:03,944 - processing completed: 484_181
2022-04-07 15:41:03,949 - processing started: 486_182 
2022-04-07 15:41:04,080 - processing completed: 486_182
2022-04-07 15:41:04,086 - processing started: 488_183 
2022-04-07 15:41:04,258 - processing completed: 488_183
2022-04-07 15:41:04,263 - processing started: 490_183 
2022-04-07 15:41:04,377 - processing completed: 490_183
2022-04-07 15:41:04,382 - processing started: 492_184 
2022-04-07 15:41:04,550 - processing completed: 492_184
2022-04-07 15:41:04,555 - processing started: 494_184 
2022-04-07 15:41:04,662 - processing completed: 494_184
2022-04-07 15:41:04,668 - processing started: 496_185 
2022-04-07 15:41:04,856 - processing completed: 496_185
2022-04-07 15:41:04,861 - processing started: 498_186 
2022-04-07 15:41:04,973 - processing completed: 498_186
2022-04-07 15:41:04,979 - processing started: 500_187 
2022-04-07 15:41:05,146 - processing completed: 500_187
2022-04-07 15:41:05,151 - processing started: 502_188 
2022-04-07 15:41:05,261 - processing completed: 502_188
2022-04-07 15:41:05,266 - processing started: 504_188 
2022-04-07 15:41:05,445 - processing completed: 504_188
2022-04-07 15:41:05,451 - processing started: 506_189 
2022-04-07 15:41:05,600 - processing completed: 506_189
2022-04-07 15:41:05,604 - processing started: 508_190 
2022-04-07 15:41:05,714 - processing completed: 508_190
2022-04-07 15:41:05,720 - processing started: 510_191 
2022-04-07 15:41:05,910 - processing completed: 510_191
2022-04-07 15:41:05,915 - processing started: 512_192 
2022-04-07 15:41:06,023 - processing completed: 512_192
2022-04-07 15:41:06,029 - processing started: 514_192 
2022-04-07 15:41:06,198 - processing completed: 514_192
2022-04-07 15:41:06,203 - processing started: 516_193 
2022-04-07 15:41:06,318 - processing completed: 516_193
2022-04-07 15:41:06,323 - processing started: 518_194 
2022-04-07 15:41:06,499 - processing completed: 518_194
2022-04-07 15:41:06,506 - processing started: 520_195 
2022-04-07 15:41:06,633 - processing completed: 520_195
2022-04-07 15:41:06,638 - processing started: 522_196 
2022-04-07 15:41:06,813 - processing completed: 522_196
2022-04-07 15:41:06,818 - processing started: 524_196 
2022-04-07 15:41:06,941 - processing completed: 524_196
2022-04-07 15:41:06,947 - processing started: 526_196 
2022-04-07 15:41:07,121 - processing completed: 526_196
2022-04-07 15:41:07,125 - processing started: 528_197 
2022-04-07 15:41:07,237 - processing completed: 528_197
2022-04-07 15:41:07,242 - processing started: 530_197 
2022-04-07 15:41:07,418 - processing completed: 530_197
2022-04-07 15:41:07,422 - processing started: 532_198 
2022-04-07 15:41:07,533 - processing completed: 532_198
2022-04-07 15:41:07,537 - processing started: 534_199 
2022-04-07 15:41:07,704 - processing completed: 534_199
2022-04-07 15:41:07,708 - processing started: 536_200 
2022-04-07 15:41:07,910 - processing completed: 536_200
2022-04-07 15:41:07,915 - processing started: 538_201 
2022-04-07 15:41:08,032 - processing completed: 538_201
2022-04-07 15:41:08,037 - processing started: 540_202 
2022-04-07 15:41:08,208 - processing completed: 540_202
2022-04-07 15:41:08,213 - processing started: 542_203 
2022-04-07 15:41:08,327 - processing completed: 542_203
2022-04-07 15:41:08,332 - processing started: 544_204 
2022-04-07 15:41:08,499 - processing completed: 544_204
2022-04-07 15:41:08,504 - processing started: 546_205 
2022-04-07 15:41:08,617 - processing completed: 546_205
2022-04-07 15:41:08,622 - processing started: 548_206 
2022-04-07 15:41:08,813 - processing completed: 548_206
2022-04-07 15:41:08,817 - processing started: 550_207 
2022-04-07 15:41:08,930 - processing completed: 550_207
2022-04-07 15:41:08,935 - processing started: 552_207 
2022-04-07 15:41:09,117 - processing completed: 552_207
2022-04-07 15:41:09,121 - processing started: 554_208 
2022-04-07 15:41:09,229 - processing completed: 554_208
2022-04-07 15:41:09,234 - processing started: 556_209 
2022-04-07 15:41:09,404 - processing completed: 556_209
2022-04-07 15:41:09,410 - processing started: 558_210 
2022-04-07 15:41:09,520 - processing completed: 558_210
2022-04-07 15:41:09,525 - processing started: 560_211 
2022-04-07 15:41:09,698 - processing completed: 560_211
2022-04-07 15:41:09,702 - processing started: 562_212 
2022-04-07 15:41:09,818 - processing completed: 562_212
2022-04-07 15:41:09,823 - processing started: 564_213 
2022-04-07 15:41:09,997 - processing completed: 564_213
2022-04-07 15:41:10,001 - processing started: 566_214 
2022-04-07 15:41:10,187 - processing completed: 566_214
2022-04-07 15:41:10,192 - processing started: 568_214 
2022-04-07 15:41:10,304 - processing completed: 568_214
2022-04-07 15:41:10,311 - processing started: 570_214 
2022-04-07 15:41:10,490 - processing completed: 570_214
2022-04-07 15:41:10,495 - processing started: 572_215 
2022-04-07 15:41:10,605 - processing completed: 572_215
2022-04-07 15:41:10,611 - processing started: 574_216 
2022-04-07 15:41:10,787 - processing completed: 574_216
2022-04-07 15:41:10,793 - processing started: 576_217 
2022-04-07 15:41:10,904 - processing completed: 576_217
2022-04-07 15:41:10,909 - processing started: 578_218 
2022-04-07 15:41:11,084 - processing completed: 578_218
2022-04-07 15:41:11,090 - processing started: 580_219 
2022-04-07 15:41:11,211 - processing completed: 580_219
2022-04-07 15:41:11,216 - processing started: 582_220 
2022-04-07 15:41:11,387 - processing completed: 582_220
2022-04-07 15:41:11,392 - processing started: 584_221 
2022-04-07 15:41:11,503 - processing completed: 584_221
2022-04-07 15:41:11,508 - processing started: 586_221 
2022-04-07 15:41:11,692 - processing completed: 586_221
2022-04-07 15:41:11,696 - processing started: 588_222 
2022-04-07 15:41:11,812 - processing completed: 588_222
2022-04-07 15:41:11,817 - processing started: 590_222 
2022-04-07 15:41:11,982 - processing completed: 590_222
2022-04-07 15:41:11,988 - processing started: 592_223 
2022-04-07 15:41:12,071 - processing completed: 592_223
2022-04-07 15:41:12,076 - processing started: 594_224 
2022-04-07 15:41:12,288 - processing completed: 594_224
2022-04-07 15:41:12,294 - processing started: 596_224 
2022-04-07 15:41:12,493 - processing completed: 596_224
2022-04-07 15:41:12,499 - processing started: 598_225 
2022-04-07 15:41:12,587 - processing completed: 598_225
2022-04-07 15:41:12,592 - processing started: 600_225 
2022-04-07 15:41:12,747 - processing completed: 600_225
2022-04-07 15:41:12,751 - processing started: 602_226 
2022-04-07 15:41:12,847 - processing completed: 602_226
2022-04-07 15:41:12,852 - processing started: 604_226 
2022-04-07 15:41:13,004 - processing completed: 604_226
2022-04-07 15:41:13,008 - processing started: 606_227 
2022-04-07 15:41:13,115 - processing completed: 606_227
2022-04-07 15:41:13,119 - processing started: 608_227 
2022-04-07 15:41:13,293 - processing completed: 608_227
2022-04-07 15:41:13,298 - processing started: 610_227 
2022-04-07 15:41:13,400 - processing completed: 610_227
2022-04-07 15:41:13,404 - processing started: 612_227 
2022-04-07 15:41:13,614 - processing completed: 612_227
2022-04-07 15:41:13,620 - processing started: 614_227 
2022-04-07 15:41:13,708 - processing completed: 614_227
2022-04-07 15:41:13,713 - processing started: 616_228 
2022-04-07 15:41:13,861 - processing completed: 616_228
2022-04-07 15:41:13,865 - processing started: 618_229 
2022-04-07 15:41:13,955 - processing completed: 618_229
2022-04-07 15:41:13,960 - processing started: 620_230 
2022-04-07 15:41:14,106 - processing completed: 620_230
2022-04-07 15:41:14,112 - processing started: 622_230 
2022-04-07 15:41:14,200 - processing completed: 622_230
2022-04-07 15:41:14,205 - processing started: 624_231 
2022-04-07 15:41:14,355 - processing completed: 624_231
2022-04-07 15:41:14,359 - processing started: 626_232 
2022-04-07 15:41:14,516 - processing completed: 626_232
2022-04-07 15:41:14,520 - processing started: 628_232 
2022-04-07 15:41:14,604 - processing completed: 628_232
2022-04-07 15:41:14,609 - processing started: 630_232 
2022-04-07 15:41:14,758 - processing completed: 630_232
2022-04-07 15:41:14,762 - processing started: 632_233 
2022-04-07 15:41:14,850 - processing completed: 632_233
2022-04-07 15:41:14,856 - processing started: 634_234 
2022-04-07 15:41:15,013 - processing completed: 634_234
2022-04-07 15:41:15,017 - processing started: 636_234 
2022-04-07 15:41:15,103 - processing completed: 636_234
2022-04-07 15:41:15,107 - processing started: 638_235 
2022-04-07 15:41:15,287 - processing completed: 638_235
2022-04-07 15:41:15,292 - processing started: 640_236 
2022-04-07 15:41:15,406 - processing completed: 640_236
2022-04-07 15:41:15,411 - processing started: 642_236 
2022-04-07 15:41:15,597 - processing completed: 642_236
2022-04-07 15:41:15,601 - processing started: 644_237 
2022-04-07 15:41:15,717 - processing completed: 644_237
2022-04-07 15:41:15,723 - processing started: 646_238 
2022-04-07 15:41:15,904 - processing completed: 646_238
2022-04-07 15:41:15,910 - processing started: 648_239 
2022-04-07 15:41:16,026 - processing completed: 648_239
2022-04-07 15:41:16,031 - processing started: 650_240 
2022-04-07 15:41:16,206 - processing completed: 650_240
2022-04-07 15:41:16,211 - processing started: 652_240 
2022-04-07 15:41:16,330 - processing completed: 652_240
2022-04-07 15:41:16,334 - processing started: 654_241 
2022-04-07 15:41:16,511 - processing completed: 654_241
2022-04-07 15:41:16,515 - processing started: 656_242 
2022-04-07 15:41:16,714 - processing completed: 656_242
2022-04-07 15:41:16,721 - processing started: 658_243 
2022-04-07 15:41:16,844 - processing completed: 658_243
2022-04-07 15:41:16,849 - processing started: 660_243 
2022-04-07 15:41:17,027 - processing completed: 660_243
2022-04-07 15:41:17,031 - processing started: 662_244 
2022-04-07 15:41:17,109 - processing completed: 662_244
2022-04-07 15:41:17,113 - processing started: 664_245 
2022-04-07 15:41:17,254 - processing completed: 664_245
2022-04-07 15:41:17,258 - processing started: 666_246 
2022-04-07 15:41:17,337 - processing completed: 666_246
2022-04-07 15:41:17,340 - processing started: 668_247 
2022-04-07 15:41:17,474 - processing completed: 668_247
2022-04-07 15:41:17,477 - processing started: 670_248 
2022-04-07 15:41:17,549 - processing completed: 670_248
2022-04-07 15:41:17,553 - processing started: 672_248 
2022-04-07 15:41:17,695 - processing completed: 672_248
2022-04-07 15:41:17,700 - processing started: 674_249 
2022-04-07 15:41:17,773 - processing completed: 674_249
2022-04-07 15:41:17,777 - processing started: 676_250 
2022-04-07 15:41:17,912 - processing completed: 676_250
2022-04-07 15:41:17,915 - processing started: 678_251 
2022-04-07 15:41:17,992 - processing completed: 678_251
2022-04-07 15:41:17,996 - processing started: 680_252 
2022-04-07 15:41:18,127 - processing completed: 680_252
2022-04-07 15:41:18,132 - processing started: 682_252 
2022-04-07 15:41:18,199 - processing completed: 682_252
2022-04-07 15:41:18,203 - processing started: 684_253 
2022-04-07 15:41:18,358 - processing completed: 684_253
2022-04-07 15:41:18,362 - processing started: 686_254 
2022-04-07 15:41:18,521 - processing completed: 686_254
2022-04-07 15:41:18,525 - processing started: 688_255 
2022-04-07 15:41:18,619 - processing completed: 688_255
2022-04-07 15:41:18,624 - processing started: 690_256 
2022-04-07 15:41:18,804 - processing completed: 690_256
2022-04-07 15:41:18,808 - processing started: 692_257 
2022-04-07 15:41:18,902 - processing completed: 692_257
2022-04-07 15:41:18,906 - processing started: 694_257 
2022-04-07 15:41:19,066 - processing completed: 694_257
2022-04-07 15:41:19,070 - processing started: 696_258 
2022-04-07 15:41:19,165 - processing completed: 696_258
2022-04-07 15:41:19,169 - processing started: 698_258 
2022-04-07 15:41:19,332 - processing completed: 698_258
2022-04-07 15:41:19,336 - processing started: 700_259 
2022-04-07 15:41:19,418 - processing completed: 700_259
2022-04-07 15:41:19,421 - processing started: 702_260 
2022-04-07 15:41:19,580 - processing completed: 702_260
2022-04-07 15:41:19,584 - processing started: 704_261 
2022-04-07 15:41:19,686 - processing completed: 704_261
2022-04-07 15:41:19,692 - processing started: 706_261 
2022-04-07 15:41:19,869 - processing completed: 706_261
2022-04-07 15:41:19,873 - processing started: 708_262 
2022-04-07 15:41:19,960 - processing completed: 708_262
2022-04-07 15:41:19,964 - processing started: 710_263 
2022-04-07 15:41:20,119 - processing completed: 710_263
2022-04-07 15:41:20,122 - processing started: 712_264 
2022-04-07 15:41:20,271 - processing completed: 712_264
2022-04-07 15:41:20,276 - processing started: 714_264 
2022-04-07 15:41:20,363 - processing completed: 714_264
2022-04-07 15:41:20,367 - processing started: 716_265 
2022-04-07 15:41:20,515 - processing completed: 716_265
2022-04-07 15:41:20,520 - processing started: 718_266 
2022-04-07 15:41:20,606 - processing completed: 718_266
2022-04-07 15:41:20,611 - processing started: 720_267 
2022-04-07 15:41:20,771 - processing completed: 720_267
2022-04-07 15:41:20,775 - processing started: 722_267 
2022-04-07 15:41:20,866 - processing completed: 722_267
2022-04-07 15:41:20,870 - processing started: 724_267 
2022-04-07 15:41:21,016 - processing completed: 724_267
2022-04-07 15:41:21,021 - processing started: 726_268 
2022-04-07 15:41:21,111 - processing completed: 726_268
2022-04-07 15:41:21,116 - processing started: 728_268 
2022-04-07 15:41:21,273 - processing completed: 728_268
2022-04-07 15:41:21,278 - processing started: 730_268 
2022-04-07 15:41:21,365 - processing completed: 730_268
2022-04-07 15:41:21,369 - processing started: 732_268 
2022-04-07 15:41:21,514 - processing completed: 732_268
2022-04-07 15:41:21,520 - processing started: 734_268 
2022-04-07 15:41:21,607 - processing completed: 734_268
2022-04-07 15:41:21,611 - processing started: 736_269 
2022-04-07 15:41:21,760 - processing completed: 736_269
2022-04-07 15:41:21,765 - processing started: 738_270 
2022-04-07 15:41:21,891 - processing completed: 738_270
2022-04-07 15:41:21,895 - processing started: 740_271 
2022-04-07 15:41:22,057 - processing completed: 740_271
2022-04-07 15:41:22,062 - processing started: 742_272 
2022-04-07 15:41:22,208 - processing completed: 742_272
2022-04-07 15:41:22,212 - processing started: 744_272 
2022-04-07 15:41:22,295 - processing completed: 744_272
2022-04-07 15:41:22,299 - processing started: 746_273 
2022-04-07 15:41:22,455 - processing completed: 746_273
2022-04-07 15:41:22,460 - processing started: 748_274 
2022-04-07 15:41:22,541 - processing completed: 748_274
2022-04-07 15:41:22,546 - processing started: 750_274 
2022-04-07 15:41:22,684 - processing completed: 750_274
2022-04-07 15:41:22,689 - processing started: 752_275 
2022-04-07 15:41:22,777 - processing completed: 752_275
2022-04-07 15:41:22,782 - processing started: 754_275 
2022-04-07 15:41:22,959 - processing completed: 754_275
2022-04-07 15:41:22,965 - processing started: 756_276 
2022-04-07 15:41:23,069 - processing completed: 756_276
2022-04-07 15:41:23,073 - processing started: 758_277 
2022-04-07 15:41:23,235 - processing completed: 758_277
2022-04-07 15:41:23,238 - processing started: 760_278 
2022-04-07 15:41:23,337 - processing completed: 760_278
2022-04-07 15:41:23,341 - processing started: 762_278 
2022-04-07 15:41:23,499 - processing completed: 762_278
2022-04-07 15:41:23,503 - processing started: 764_279 
2022-04-07 15:41:23,593 - processing completed: 764_279
2022-04-07 15:41:23,597 - processing started: 766_280 
2022-04-07 15:41:23,743 - processing completed: 766_280
2022-04-07 15:41:23,746 - processing started: 768_281 
2022-04-07 15:41:23,831 - processing completed: 768_281
2022-04-07 15:41:23,835 - processing started: 770_282 
2022-04-07 15:41:23,975 - processing completed: 770_282
2022-04-07 15:41:23,978 - processing started: 772_283 
2022-04-07 15:41:24,138 - processing completed: 772_283
2022-04-07 15:41:24,142 - processing started: 774_284 
2022-04-07 15:41:24,218 - processing completed: 774_284
2022-04-07 15:41:24,223 - processing started: 776_285 
2022-04-07 15:41:24,361 - processing completed: 776_285
2022-04-07 15:41:24,365 - processing started: 778_285 
2022-04-07 15:41:24,445 - processing completed: 778_285
2022-04-07 15:41:24,449 - processing started: 780_286 
2022-04-07 15:41:24,665 - processing completed: 780_286
2022-04-07 15:41:24,670 - processing started: 782_287 
2022-04-07 15:41:24,745 - processing completed: 782_287
2022-04-07 15:41:24,749 - processing started: 784_288 
2022-04-07 15:41:24,890 - processing completed: 784_288
2022-04-07 15:41:24,894 - processing started: 786_289 
2022-04-07 15:41:24,968 - processing completed: 786_289
2022-04-07 15:41:24,972 - processing started: 788_290 
2022-04-07 15:41:25,119 - processing completed: 788_290
2022-04-07 15:41:25,122 - processing started: 790_290 
2022-04-07 15:41:25,205 - processing completed: 790_290
2022-04-07 15:41:25,208 - processing started: 792_291 
2022-04-07 15:41:25,344 - processing completed: 792_291
2022-04-07 15:41:25,348 - processing started: 794_292 
2022-04-07 15:41:25,420 - processing completed: 794_292
2022-04-07 15:41:25,425 - processing started: 796_293 
2022-04-07 15:41:25,533 - processing completed: 796_293
2022-04-07 15:41:25,535 - processing started: 798_294 
2022-04-07 15:41:25,579 - processing completed: 798_294
2022-04-07 15:41:25,582 - processing started: 800_295 
2022-04-07 15:41:25,717 - processing completed: 800_295
2022-04-07 15:41:25,721 - processing started: 802_296 
2022-04-07 15:41:25,870 - processing completed: 802_296
2022-04-07 15:41:25,873 - processing started: 804_296 
2022-04-07 15:41:25,948 - processing completed: 804_296
2022-04-07 15:41:25,951 - processing started: 806_297 
2022-04-07 15:41:26,179 - processing completed: 806_297
2022-04-07 15:41:26,184 - processing started: 808_298 
2022-04-07 15:41:26,262 - processing completed: 808_298
2022-04-07 15:41:26,265 - processing started: 810_299 
2022-04-07 15:41:26,390 - processing completed: 810_299
2022-04-07 15:41:26,393 - processing started: 0_0 
2022-04-07 15:41:26,394 - Closing connection (200): Normal shutdown
2022-04-07 15:41:26,394 - Closing channel (200): 'Normal shutdown' on <Channel number=1 OPEN conn=<SelectConnection OPEN transport=<pika.adapters.utils.io_services_utils._AsyncPlaintextTransport object at 0x12533d2b0> params=<ConnectionParameters host=localhost port=5672 virtual_host=/ ssl=False>>>
2022-04-07 15:41:26,395 - Received <Channel.CloseOk> on <Channel number=1 CLOSING conn=<SelectConnection OPEN transport=<pika.adapters.utils.io_services_utils._AsyncPlaintextTransport object at 0x12533d2b0> params=<ConnectionParameters host=localhost port=5672 virtual_host=/ ssl=False>>>
2022-04-07 15:41:26,395 - Closing connection (200): 'Normal shutdown'
2022-04-07 15:41:26,396 - Aborting transport connection: state=1; <socket.socket fd=22, family=AddressFamily.AF_INET, type=SocketKind.SOCK_STREAM, proto=6, laddr=('127.0.0.1', 62793), raddr=('127.0.0.1', 5672)>
2022-04-07 15:41:26,396 - _AsyncTransportBase._initate_abort(): Initiating abrupt asynchronous transport shutdown: state=1; error=None; <socket.socket fd=22, family=AddressFamily.AF_INET, type=SocketKind.SOCK_STREAM, proto=6, laddr=('127.0.0.1', 62793), raddr=('127.0.0.1', 5672)>
2022-04-07 15:41:26,396 - Deactivating transport: state=1; <socket.socket fd=22, family=AddressFamily.AF_INET, type=SocketKind.SOCK_STREAM, proto=6, laddr=('127.0.0.1', 62793), raddr=('127.0.0.1', 5672)>
2022-04-07 15:41:26,396 - AMQP stack terminated, failed to connect, or aborted: opened=True, error-arg=None; pending-error=ConnectionClosedByClient: (200) 'Normal shutdown'
2022-04-07 15:41:26,396 - Stack terminated due to ConnectionClosedByClient: (200) 'Normal shutdown'
2022-04-07 15:41:26,397 - Closing transport socket and unlinking: state=3; <socket.socket fd=22, family=AddressFamily.AF_INET, type=SocketKind.SOCK_STREAM, proto=6, laddr=('127.0.0.1', 62793), raddr=('127.0.0.1', 5672)>
2022-04-07 15:41:26,397 - User-initiated close: result=BlockingConnection__OnClosedArgs(connection=<SelectConnection CLOSED transport=None params=<ConnectionParameters host=localhost port=5672 virtual_host=/ ssl=False>>, error=ConnectionClosedByClient: (200) 'Normal shutdown')
2022-04-07 15:41:26,397 - PID 47504 completed loading and processing
