2022-04-08 09:49:28,693 - PID 77567 started loading and processing
2022-04-08 09:49:28,700 - Pika version 1.2.0 connecting to ('::1', 5672, 0, 0)
2022-04-08 09:49:28,700 - Socket failed to connect: <socket.socket fd=22, family=AddressFamily.AF_INET6, type=SocketKind.SOCK_STREAM, proto=6, laddr=('::1', 51205, 0, 0)>; error=61 (Connection refused)
2022-04-08 09:49:28,701 - TCP Connection attempt failed: ConnectionRefusedError(61, 'Connection refused'); dest=(<AddressFamily.AF_INET6: 30>, <SocketKind.SOCK_STREAM: 1>, 6, '', ('::1', 5672, 0, 0))
2022-04-08 09:49:28,701 - AMQPConnector - reporting failure: AMQPConnectorSocketConnectError: ConnectionRefusedError(61, 'Connection refused')
2022-04-08 09:49:28,701 - Pika version 1.2.0 connecting to ('127.0.0.1', 5672)
2022-04-08 09:49:28,701 - Socket connected: <socket.socket fd=22, family=AddressFamily.AF_INET, type=SocketKind.SOCK_STREAM, proto=6, laddr=('127.0.0.1', 51208), raddr=('127.0.0.1', 5672)>
2022-04-08 09:49:28,702 - Streaming transport linked up: (<pika.adapters.utils.io_services_utils._AsyncPlaintextTransport object at 0x11719f2b0>, _StreamingProtocolShim: <SelectConnection PROTOCOL transport=<pika.adapters.utils.io_services_utils._AsyncPlaintextTransport object at 0x11719f2b0> params=<ConnectionParameters host=localhost port=5672 virtual_host=/ ssl=False>>).
2022-04-08 09:49:28,706 - AMQPConnector - reporting success: <SelectConnection OPEN transport=<pika.adapters.utils.io_services_utils._AsyncPlaintextTransport object at 0x11719f2b0> params=<ConnectionParameters host=localhost port=5672 virtual_host=/ ssl=False>>
2022-04-08 09:49:28,706 - AMQPConnectionWorkflow - reporting success: <SelectConnection OPEN transport=<pika.adapters.utils.io_services_utils._AsyncPlaintextTransport object at 0x11719f2b0> params=<ConnectionParameters host=localhost port=5672 virtual_host=/ ssl=False>>
2022-04-08 09:49:28,706 - Connection workflow succeeded: <SelectConnection OPEN transport=<pika.adapters.utils.io_services_utils._AsyncPlaintextTransport object at 0x11719f2b0> params=<ConnectionParameters host=localhost port=5672 virtual_host=/ ssl=False>>
2022-04-08 09:49:28,706 - Created channel=1
2022-04-08 09:49:28,708 - Logging before start consuming
2022-04-08 09:49:29,763 - processing started: 0_000 
2022-04-08 09:49:29,960 - processing completed: 0_000
2022-04-08 09:49:29,985 - processing started: 2_000 
2022-04-08 09:49:30,198 - processing completed: 2_000
2022-04-08 09:49:30,203 - processing started: 4_001 
2022-04-08 09:49:30,409 - processing completed: 4_001
2022-04-08 09:49:30,414 - processing started: 6_002 
2022-04-08 09:49:30,556 - processing completed: 6_002
2022-04-08 09:49:30,561 - processing started: 8_003 
2022-04-08 09:49:30,794 - processing completed: 8_003
2022-04-08 09:49:30,800 - processing started: 10_004 
2022-04-08 09:49:30,969 - processing completed: 10_004
2022-04-08 09:49:30,973 - processing started: 12_005 
2022-04-08 09:49:31,203 - processing completed: 12_005
2022-04-08 09:49:31,209 - processing started: 14_005 
2022-04-08 09:49:31,386 - processing completed: 14_005
2022-04-08 09:49:31,391 - processing started: 16_006 
2022-04-08 09:49:31,637 - processing completed: 16_006
2022-04-08 09:49:31,642 - processing started: 18_007 
2022-04-08 09:49:31,794 - processing completed: 18_007
2022-04-08 09:49:31,799 - processing started: 20_008 
2022-04-08 09:49:32,003 - processing completed: 20_008
2022-04-08 09:49:32,009 - processing started: 22_009 
2022-04-08 09:49:32,183 - processing completed: 22_009
2022-04-08 09:49:32,189 - processing started: 24_009 
2022-04-08 09:49:32,434 - processing completed: 24_009
2022-04-08 09:49:32,441 - processing started: 26_010 
2022-04-08 09:49:32,623 - processing completed: 26_010
2022-04-08 09:49:32,628 - processing started: 28_011 
2022-04-08 09:49:32,880 - processing completed: 28_011
2022-04-08 09:49:32,887 - processing started: 30_012 
2022-04-08 09:49:32,957 - processing completed: 30_012
2022-04-08 09:49:32,961 - processing started: 32_013 
2022-04-08 09:49:33,148 - processing completed: 32_013
2022-04-08 09:49:33,153 - processing started: 34_014 
2022-04-08 09:49:33,341 - processing completed: 34_014
2022-04-08 09:49:33,345 - processing started: 36_014 
2022-04-08 09:49:33,459 - processing completed: 36_014
2022-04-08 09:49:33,466 - processing started: 38_015 
2022-04-08 09:49:33,633 - processing completed: 38_015
2022-04-08 09:49:33,637 - processing started: 40_015 
2022-04-08 09:49:33,731 - processing completed: 40_015
2022-04-08 09:49:33,734 - processing started: 42_015 
2022-04-08 09:49:33,894 - processing completed: 42_015
2022-04-08 09:49:33,900 - processing started: 44_016 
2022-04-08 09:49:33,997 - processing completed: 44_016
2022-04-08 09:49:34,001 - processing started: 46_017 
2022-04-08 09:49:34,171 - processing completed: 46_017
2022-04-08 09:49:34,175 - processing started: 48_018 
2022-04-08 09:49:34,269 - processing completed: 48_018
2022-04-08 09:49:34,273 - processing started: 50_019 
2022-04-08 09:49:34,442 - processing completed: 50_019
2022-04-08 09:49:34,447 - processing started: 52_020 
2022-04-08 09:49:34,548 - processing completed: 52_020
2022-04-08 09:49:34,555 - processing started: 54_021 
2022-04-08 09:49:34,708 - processing completed: 54_021
2022-04-08 09:49:34,712 - processing started: 56_022 
2022-04-08 09:49:34,845 - processing completed: 56_022
2022-04-08 09:49:34,850 - processing started: 58_022 
2022-04-08 09:49:35,072 - processing completed: 58_022
2022-04-08 09:49:35,081 - processing started: 60_023 
2022-04-08 09:49:35,196 - processing completed: 60_023
2022-04-08 09:49:35,200 - processing started: 62_023 
2022-04-08 09:49:35,360 - processing completed: 62_023
2022-04-08 09:49:35,363 - processing started: 64_024 
2022-04-08 09:49:35,519 - processing completed: 64_024
2022-04-08 09:49:35,523 - processing started: 66_025 
2022-04-08 09:49:35,620 - processing completed: 66_025
2022-04-08 09:49:35,624 - processing started: 68_026 
2022-04-08 09:49:35,786 - processing completed: 68_026
2022-04-08 09:49:35,789 - processing started: 70_027 
2022-04-08 09:49:35,886 - processing completed: 70_027
2022-04-08 09:49:35,890 - processing started: 72_028 
2022-04-08 09:49:36,040 - processing completed: 72_028
2022-04-08 09:49:36,045 - processing started: 74_028 
2022-04-08 09:49:36,134 - processing completed: 74_028
2022-04-08 09:49:36,138 - processing started: 76_029 
2022-04-08 09:49:36,290 - processing completed: 76_029
2022-04-08 09:49:36,293 - processing started: 78_030 
2022-04-08 09:49:36,385 - processing completed: 78_030
2022-04-08 09:49:36,389 - processing started: 80_031 
2022-04-08 09:49:36,563 - processing completed: 80_031
2022-04-08 09:49:36,568 - processing started: 82_031 
2022-04-08 09:49:36,686 - processing completed: 82_031
2022-04-08 09:49:36,691 - processing started: 84_032 
2022-04-08 09:49:36,907 - processing completed: 84_032
2022-04-08 09:49:36,913 - processing started: 86_032 
2022-04-08 09:49:37,057 - processing completed: 86_032
2022-04-08 09:49:37,062 - processing started: 88_033 
2022-04-08 09:49:37,223 - processing completed: 88_033
2022-04-08 09:49:37,227 - processing started: 90_033 
2022-04-08 09:49:37,338 - processing completed: 90_033
2022-04-08 09:49:37,344 - processing started: 92_033 
2022-04-08 09:49:37,510 - processing completed: 92_033
2022-04-08 09:49:37,514 - processing started: 94_034 
2022-04-08 09:49:37,692 - processing completed: 94_034
2022-04-08 09:49:37,697 - processing started: 96_035 
2022-04-08 09:49:37,807 - processing completed: 96_035
2022-04-08 09:49:37,812 - processing started: 98_035 
2022-04-08 09:49:37,986 - processing completed: 98_035
2022-04-08 09:49:37,990 - processing started: 100_036 
2022-04-08 09:49:38,102 - processing completed: 100_036
2022-04-08 09:49:38,107 - processing started: 102_037 
2022-04-08 09:49:38,320 - processing completed: 102_037
2022-04-08 09:49:38,324 - processing started: 104_038 
2022-04-08 09:49:38,448 - processing completed: 104_038
2022-04-08 09:49:38,452 - processing started: 106_039 
2022-04-08 09:49:38,649 - processing completed: 106_039
2022-04-08 09:49:38,653 - processing started: 108_039 
2022-04-08 09:49:38,772 - processing completed: 108_039
2022-04-08 09:49:38,775 - processing started: 110_040 
2022-04-08 09:49:38,953 - processing completed: 110_040
2022-04-08 09:49:38,957 - processing started: 112_040 
2022-04-08 09:49:39,070 - processing completed: 112_040
2022-04-08 09:49:39,074 - processing started: 114_040 
2022-04-08 09:49:39,253 - processing completed: 114_040
2022-04-08 09:49:39,257 - processing started: 116_041 
2022-04-08 09:49:39,371 - processing completed: 116_041
2022-04-08 09:49:39,375 - processing started: 118_042 
2022-04-08 09:49:39,548 - processing completed: 118_042
2022-04-08 09:49:39,552 - processing started: 120_042 
2022-04-08 09:49:39,674 - processing completed: 120_042
2022-04-08 09:49:39,679 - processing started: 122_043 
2022-04-08 09:49:39,855 - processing completed: 122_043
2022-04-08 09:49:39,860 - processing started: 124_044 
2022-04-08 09:49:40,062 - processing completed: 124_044
2022-04-08 09:49:40,067 - processing started: 126_044 
2022-04-08 09:49:40,188 - processing completed: 126_044
2022-04-08 09:49:40,194 - processing started: 128_045 
2022-04-08 09:49:40,382 - processing completed: 128_045
2022-04-08 09:49:40,386 - processing started: 130_046 
2022-04-08 09:49:40,498 - processing completed: 130_046
2022-04-08 09:49:40,503 - processing started: 132_047 
2022-04-08 09:49:40,684 - processing completed: 132_047
2022-04-08 09:49:40,689 - processing started: 134_048 
2022-04-08 09:49:40,800 - processing completed: 134_048
2022-04-08 09:49:40,804 - processing started: 136_048 
2022-04-08 09:49:40,983 - processing completed: 136_048
2022-04-08 09:49:40,987 - processing started: 138_049 
2022-04-08 09:49:41,107 - processing completed: 138_049
2022-04-08 09:49:41,111 - processing started: 140_050 
2022-04-08 09:49:41,284 - processing completed: 140_050
2022-04-08 09:49:41,288 - processing started: 142_050 
2022-04-08 09:49:41,400 - processing completed: 142_050
2022-04-08 09:49:41,404 - processing started: 144_051 
2022-04-08 09:49:41,579 - processing completed: 144_051
2022-04-08 09:49:41,584 - processing started: 146_051 
2022-04-08 09:49:41,701 - processing completed: 146_051
2022-04-08 09:49:41,704 - processing started: 148_052 
2022-04-08 09:49:41,930 - processing completed: 148_052
2022-04-08 09:49:41,934 - processing started: 150_053 
2022-04-08 09:49:42,057 - processing completed: 150_053
2022-04-08 09:49:42,062 - processing started: 152_054 
2022-04-08 09:49:42,241 - processing completed: 152_054
2022-04-08 09:49:42,245 - processing started: 154_055 
2022-04-08 09:49:42,432 - processing completed: 154_055
2022-04-08 09:49:42,437 - processing started: 156_056 
2022-04-08 09:49:42,557 - processing completed: 156_056
2022-04-08 09:49:42,560 - processing started: 158_057 
2022-04-08 09:49:42,744 - processing completed: 158_057
2022-04-08 09:49:42,748 - processing started: 160_058 
2022-04-08 09:49:42,927 - processing completed: 160_058
2022-04-08 09:49:42,933 - processing started: 162_058 
2022-04-08 09:49:43,176 - processing completed: 162_058
2022-04-08 09:49:43,181 - processing started: 164_059 
2022-04-08 09:49:43,288 - processing completed: 164_059
2022-04-08 09:49:43,292 - processing started: 166_060 
2022-04-08 09:49:43,461 - processing completed: 166_060
2022-04-08 09:49:43,467 - processing started: 168_061 
2022-04-08 09:49:43,599 - processing completed: 168_061
2022-04-08 09:49:43,604 - processing started: 170_062 
2022-04-08 09:49:43,785 - processing completed: 170_062
2022-04-08 09:49:43,789 - processing started: 172_062 
2022-04-08 09:49:43,899 - processing completed: 172_062
2022-04-08 09:49:43,904 - processing started: 174_063 
2022-04-08 09:49:44,169 - processing completed: 174_063
2022-04-08 09:49:44,175 - processing started: 176_064 
2022-04-08 09:49:44,377 - processing completed: 176_064
2022-04-08 09:49:44,383 - processing started: 178_064 
2022-04-08 09:49:44,644 - processing completed: 178_064
2022-04-08 09:49:44,651 - processing started: 180_065 
2022-04-08 09:49:44,922 - processing completed: 180_065
2022-04-08 09:49:44,928 - processing started: 182_066 
2022-04-08 09:49:45,150 - processing completed: 182_066
2022-04-08 09:49:45,156 - processing started: 184_066 
2022-04-08 09:49:45,447 - processing completed: 184_066
2022-04-08 09:49:45,452 - processing started: 186_066 
2022-04-08 09:49:45,653 - processing completed: 186_066
2022-04-08 09:49:45,660 - processing started: 188_067 
2022-04-08 09:49:45,766 - processing completed: 188_067
2022-04-08 09:49:45,769 - processing started: 190_067 
2022-04-08 09:49:45,910 - processing completed: 190_067
2022-04-08 09:49:45,914 - processing started: 192_067 
2022-04-08 09:49:46,180 - processing completed: 192_067
2022-04-08 09:49:46,186 - processing started: 194_068 
2022-04-08 09:49:46,323 - processing completed: 194_068
2022-04-08 09:49:46,327 - processing started: 196_069 
2022-04-08 09:49:46,525 - processing completed: 196_069
2022-04-08 09:49:46,530 - processing started: 198_069 
2022-04-08 09:49:46,668 - processing completed: 198_069
2022-04-08 09:49:46,673 - processing started: 200_070 
2022-04-08 09:49:46,787 - processing completed: 200_070
2022-04-08 09:49:46,791 - processing started: 202_071 
2022-04-08 09:49:47,011 - processing completed: 202_071
2022-04-08 09:49:47,018 - processing started: 204_072 
2022-04-08 09:49:47,297 - processing completed: 204_072
2022-04-08 09:49:47,303 - processing started: 206_072 
2022-04-08 09:49:47,500 - processing completed: 206_072
2022-04-08 09:49:47,507 - processing started: 208_073 
2022-04-08 09:49:47,761 - processing completed: 208_073
2022-04-08 09:49:47,767 - processing started: 210_074 
2022-04-08 09:49:48,033 - processing completed: 210_074
2022-04-08 09:49:48,039 - processing started: 212_075 
2022-04-08 09:49:48,246 - processing completed: 212_075
2022-04-08 09:49:48,252 - processing started: 214_076 
2022-04-08 09:49:48,533 - processing completed: 214_076
2022-04-08 09:49:48,541 - processing started: 216_077 
2022-04-08 09:49:48,772 - processing completed: 216_077
2022-04-08 09:49:48,778 - processing started: 218_078 
2022-04-08 09:49:49,045 - processing completed: 218_078
2022-04-08 09:49:49,051 - processing started: 220_079 
2022-04-08 09:49:49,264 - processing completed: 220_079
2022-04-08 09:49:49,270 - processing started: 222_079 
2022-04-08 09:49:49,534 - processing completed: 222_079
2022-04-08 09:49:49,540 - processing started: 224_080 
2022-04-08 09:49:49,637 - processing completed: 224_080
2022-04-08 09:49:49,641 - processing started: 226_081 
2022-04-08 09:49:49,832 - processing completed: 226_081
2022-04-08 09:49:49,837 - processing started: 228_081 
2022-04-08 09:49:49,964 - processing completed: 228_081
2022-04-08 09:49:49,970 - processing started: 230_081 
2022-04-08 09:49:50,156 - processing completed: 230_081
2022-04-08 09:49:50,163 - processing started: 232_082 
2022-04-08 09:49:50,321 - processing completed: 232_082
2022-04-08 09:49:50,328 - processing started: 234_082 
2022-04-08 09:49:50,544 - processing completed: 234_082
2022-04-08 09:49:50,549 - processing started: 236_083 
2022-04-08 09:49:50,680 - processing completed: 236_083
2022-04-08 09:49:50,685 - processing started: 238_084 
2022-04-08 09:49:50,870 - processing completed: 238_084
2022-04-08 09:49:50,876 - processing started: 240_085 
2022-04-08 09:49:51,061 - processing completed: 240_085
2022-04-08 09:49:51,066 - processing started: 242_086 
2022-04-08 09:49:51,213 - processing completed: 242_086
2022-04-08 09:49:51,219 - processing started: 244_087 
2022-04-08 09:49:51,403 - processing completed: 244_087
2022-04-08 09:49:51,408 - processing started: 246_088 
2022-04-08 09:49:51,542 - processing completed: 246_088
2022-04-08 09:49:51,547 - processing started: 248_088 
2022-04-08 09:49:51,733 - processing completed: 248_088
2022-04-08 09:49:51,737 - processing started: 250_089 
2022-04-08 09:49:51,817 - processing completed: 250_089
2022-04-08 09:49:51,820 - processing started: 252_090 
2022-04-08 09:49:51,984 - processing completed: 252_090
2022-04-08 09:49:51,989 - processing started: 254_091 
2022-04-08 09:49:52,074 - processing completed: 254_091
2022-04-08 09:49:52,079 - processing started: 256_092 
2022-04-08 09:49:52,235 - processing completed: 256_092
2022-04-08 09:49:52,239 - processing started: 258_093 
2022-04-08 09:49:52,338 - processing completed: 258_093
2022-04-08 09:49:52,344 - processing started: 260_094 
2022-04-08 09:49:52,499 - processing completed: 260_094
2022-04-08 09:49:52,504 - processing started: 262_094 
2022-04-08 09:49:52,604 - processing completed: 262_094
2022-04-08 09:49:52,609 - processing started: 264_095 
2022-04-08 09:49:52,766 - processing completed: 264_095
2022-04-08 09:49:52,771 - processing started: 266_096 
2022-04-08 09:49:52,868 - processing completed: 266_096
2022-04-08 09:49:52,873 - processing started: 268_097 
2022-04-08 09:49:53,032 - processing completed: 268_097
2022-04-08 09:49:53,035 - processing started: 270_098 
2022-04-08 09:49:53,199 - processing completed: 270_098
2022-04-08 09:49:53,203 - processing started: 272_099 
2022-04-08 09:49:53,286 - processing completed: 272_099
2022-04-08 09:49:53,289 - processing started: 274_100 
2022-04-08 09:49:53,475 - processing completed: 274_100
2022-04-08 09:49:53,480 - processing started: 276_101 
2022-04-08 09:49:53,579 - processing completed: 276_101
2022-04-08 09:49:53,585 - processing started: 278_102 
2022-04-08 09:49:53,769 - processing completed: 278_102
2022-04-08 09:49:53,772 - processing started: 280_103 
2022-04-08 09:49:53,854 - processing completed: 280_103
2022-04-08 09:49:53,859 - processing started: 282_103 
2022-04-08 09:49:54,010 - processing completed: 282_103
2022-04-08 09:49:54,014 - processing started: 284_104 
2022-04-08 09:49:54,097 - processing completed: 284_104
2022-04-08 09:49:54,101 - processing started: 286_105 
2022-04-08 09:49:54,246 - processing completed: 286_105
2022-04-08 09:49:54,249 - processing started: 288_106 
2022-04-08 09:49:54,329 - processing completed: 288_106
2022-04-08 09:49:54,333 - processing started: 290_107 
2022-04-08 09:49:54,478 - processing completed: 290_107
2022-04-08 09:49:54,482 - processing started: 292_108 
2022-04-08 09:49:54,560 - processing completed: 292_108
2022-04-08 09:49:54,565 - processing started: 294_108 
2022-04-08 09:49:54,704 - processing completed: 294_108
2022-04-08 09:49:54,708 - processing started: 296_109 
2022-04-08 09:49:54,787 - processing completed: 296_109
2022-04-08 09:49:54,790 - processing started: 298_110 
2022-04-08 09:49:54,940 - processing completed: 298_110
2022-04-08 09:49:54,945 - processing started: 300_111 
2022-04-08 09:49:55,084 - processing completed: 300_111
2022-04-08 09:49:55,088 - processing started: 302_112 
2022-04-08 09:49:55,171 - processing completed: 302_112
2022-04-08 09:49:55,175 - processing started: 304_113 
2022-04-08 09:49:55,329 - processing completed: 304_113
2022-04-08 09:49:55,332 - processing started: 306_114 
2022-04-08 09:49:55,475 - processing completed: 306_114
2022-04-08 09:49:55,479 - processing started: 308_115 
2022-04-08 09:49:55,687 - processing completed: 308_115
2022-04-08 09:49:55,692 - processing started: 310_116 
2022-04-08 09:49:55,819 - processing completed: 310_116
2022-04-08 09:49:55,824 - processing started: 312_117 
2022-04-08 09:49:56,006 - processing completed: 312_117
2022-04-08 09:49:56,010 - processing started: 314_117 
2022-04-08 09:49:56,134 - processing completed: 314_117
2022-04-08 09:49:56,139 - processing started: 316_118 
2022-04-08 09:49:56,324 - processing completed: 316_118
2022-04-08 09:49:56,329 - processing started: 318_119 
2022-04-08 09:49:56,452 - processing completed: 318_119
2022-04-08 09:49:56,457 - processing started: 320_120 
2022-04-08 09:49:56,612 - processing completed: 320_120
2022-04-08 09:49:56,616 - processing started: 322_120 
2022-04-08 09:49:56,713 - processing completed: 322_120
2022-04-08 09:49:56,717 - processing started: 324_121 
2022-04-08 09:49:56,900 - processing completed: 324_121
2022-04-08 09:49:56,905 - processing started: 326_122 
2022-04-08 09:49:57,032 - processing completed: 326_122
2022-04-08 09:49:57,037 - processing started: 328_123 
2022-04-08 09:49:57,259 - processing completed: 328_123
2022-04-08 09:49:57,264 - processing started: 330_123 
2022-04-08 09:49:57,459 - processing completed: 330_123
2022-04-08 09:49:57,463 - processing started: 332_124 
2022-04-08 09:49:57,588 - processing completed: 332_124
2022-04-08 09:49:57,593 - processing started: 334_124 
2022-04-08 09:49:57,781 - processing completed: 334_124
2022-04-08 09:49:57,787 - processing started: 336_124 
2022-04-08 09:49:57,913 - processing completed: 336_124
2022-04-08 09:49:57,917 - processing started: 338_124 
2022-04-08 09:49:58,106 - processing completed: 338_124
2022-04-08 09:49:58,110 - processing started: 340_125 
2022-04-08 09:49:58,235 - processing completed: 340_125
2022-04-08 09:49:58,240 - processing started: 342_126 
2022-04-08 09:49:58,430 - processing completed: 342_126
2022-04-08 09:49:58,434 - processing started: 344_126 
2022-04-08 09:49:58,558 - processing completed: 344_126
2022-04-08 09:49:58,563 - processing started: 346_127 
2022-04-08 09:49:58,745 - processing completed: 346_127
2022-04-08 09:49:58,750 - processing started: 348_128 
2022-04-08 09:49:58,900 - processing completed: 348_128
2022-04-08 09:49:58,906 - processing started: 350_129 
2022-04-08 09:49:59,101 - processing completed: 350_129
2022-04-08 09:49:59,106 - processing started: 352_130 
2022-04-08 09:49:59,236 - processing completed: 352_130
2022-04-08 09:49:59,241 - processing started: 354_131 
2022-04-08 09:49:59,422 - processing completed: 354_131
2022-04-08 09:49:59,427 - processing started: 356_132 
2022-04-08 09:49:59,552 - processing completed: 356_132
2022-04-08 09:49:59,557 - processing started: 358_133 
2022-04-08 09:49:59,743 - processing completed: 358_133
2022-04-08 09:49:59,749 - processing started: 360_134 
2022-04-08 09:49:59,941 - processing completed: 360_134
2022-04-08 09:49:59,945 - processing started: 362_134 
2022-04-08 09:50:00,070 - processing completed: 362_134
2022-04-08 09:50:00,076 - processing started: 364_134 
2022-04-08 09:50:00,262 - processing completed: 364_134
2022-04-08 09:50:00,267 - processing started: 366_135 
2022-04-08 09:50:00,388 - processing completed: 366_135
2022-04-08 09:50:00,394 - processing started: 368_136 
2022-04-08 09:50:00,615 - processing completed: 368_136
2022-04-08 09:50:00,620 - processing started: 370_137 
2022-04-08 09:50:00,752 - processing completed: 370_137
2022-04-08 09:50:00,757 - processing started: 372_138 
2022-04-08 09:50:00,944 - processing completed: 372_138
2022-04-08 09:50:00,948 - processing started: 374_139 
2022-04-08 09:50:01,074 - processing completed: 374_139
2022-04-08 09:50:01,079 - processing started: 376_140 
2022-04-08 09:50:01,267 - processing completed: 376_140
2022-04-08 09:50:01,273 - processing started: 378_140 
2022-04-08 09:50:01,399 - processing completed: 378_140
2022-04-08 09:50:01,403 - processing started: 380_141 
2022-04-08 09:50:01,586 - processing completed: 380_141
2022-04-08 09:50:01,591 - processing started: 382_142 
2022-04-08 09:50:01,715 - processing completed: 382_142
2022-04-08 09:50:01,721 - processing started: 384_143 
2022-04-08 09:50:01,906 - processing completed: 384_143
2022-04-08 09:50:01,911 - processing started: 386_144 
2022-04-08 09:50:02,032 - processing completed: 386_144
2022-04-08 09:50:02,037 - processing started: 388_145 
2022-04-08 09:50:02,243 - processing completed: 388_145
2022-04-08 09:50:02,249 - processing started: 390_145 
2022-04-08 09:50:02,456 - processing completed: 390_145
2022-04-08 09:50:02,461 - processing started: 392_145 
2022-04-08 09:50:02,587 - processing completed: 392_145
2022-04-08 09:50:02,593 - processing started: 394_146 
2022-04-08 09:50:02,780 - processing completed: 394_146
2022-04-08 09:50:02,784 - processing started: 396_147 
2022-04-08 09:50:02,907 - processing completed: 396_147
2022-04-08 09:50:02,912 - processing started: 398_147 
2022-04-08 09:50:03,098 - processing completed: 398_147
2022-04-08 09:50:03,103 - processing started: 400_148 
2022-04-08 09:50:03,229 - processing completed: 400_148
2022-04-08 09:50:03,233 - processing started: 402_149 
2022-04-08 09:50:03,417 - processing completed: 402_149
2022-04-08 09:50:03,421 - processing started: 404_149 
2022-04-08 09:50:03,545 - processing completed: 404_149
2022-04-08 09:50:03,549 - processing started: 406_150 
2022-04-08 09:50:03,737 - processing completed: 406_150
2022-04-08 09:50:03,742 - processing started: 408_151 
2022-04-08 09:50:03,867 - processing completed: 408_151
2022-04-08 09:50:03,872 - processing started: 410_152 
2022-04-08 09:50:04,101 - processing completed: 410_152
2022-04-08 09:50:04,107 - processing started: 412_153 
2022-04-08 09:50:04,240 - processing completed: 412_153
2022-04-08 09:50:04,245 - processing started: 414_154 
2022-04-08 09:50:04,437 - processing completed: 414_154
2022-04-08 09:50:04,442 - processing started: 416_155 
2022-04-08 09:50:04,568 - processing completed: 416_155
2022-04-08 09:50:04,573 - processing started: 418_156 
2022-04-08 09:50:04,756 - processing completed: 418_156
2022-04-08 09:50:04,761 - processing started: 420_157 
2022-04-08 09:50:04,948 - processing completed: 420_157
2022-04-08 09:50:04,953 - processing started: 422_157 
2022-04-08 09:50:05,077 - processing completed: 422_157
2022-04-08 09:50:05,083 - processing started: 424_158 
2022-04-08 09:50:05,276 - processing completed: 424_158
2022-04-08 09:50:05,281 - processing started: 426_159 
2022-04-08 09:50:05,408 - processing completed: 426_159
2022-04-08 09:50:05,413 - processing started: 428_160 
2022-04-08 09:50:05,600 - processing completed: 428_160
2022-04-08 09:50:05,606 - processing started: 430_160 
2022-04-08 09:50:05,757 - processing completed: 430_160
2022-04-08 09:50:05,763 - processing started: 432_161 
2022-04-08 09:50:05,959 - processing completed: 432_161
2022-04-08 09:50:05,965 - processing started: 434_162 
2022-04-08 09:50:06,093 - processing completed: 434_162
2022-04-08 09:50:06,098 - processing started: 436_163 
2022-04-08 09:50:06,282 - processing completed: 436_163
2022-04-08 09:50:06,286 - processing started: 438_164 
2022-04-08 09:50:06,413 - processing completed: 438_164
2022-04-08 09:50:06,418 - processing started: 440_165 
2022-04-08 09:50:06,601 - processing completed: 440_165
2022-04-08 09:50:06,607 - processing started: 442_166 
2022-04-08 09:50:06,731 - processing completed: 442_166
2022-04-08 09:50:06,736 - processing started: 444_167 
2022-04-08 09:50:06,918 - processing completed: 444_167
2022-04-08 09:50:06,924 - processing started: 446_167 
2022-04-08 09:50:07,109 - processing completed: 446_167
2022-04-08 09:50:07,114 - processing started: 448_168 
2022-04-08 09:50:07,239 - processing completed: 448_168
2022-04-08 09:50:07,244 - processing started: 450_168 
2022-04-08 09:50:07,470 - processing completed: 450_168
2022-04-08 09:50:07,477 - processing started: 452_169 
2022-04-08 09:50:07,604 - processing completed: 452_169
2022-04-08 09:50:07,610 - processing started: 454_170 
2022-04-08 09:50:07,802 - processing completed: 454_170
2022-04-08 09:50:07,807 - processing started: 456_171 
2022-04-08 09:50:07,933 - processing completed: 456_171
2022-04-08 09:50:07,938 - processing started: 458_171 
2022-04-08 09:50:08,125 - processing completed: 458_171
2022-04-08 09:50:08,132 - processing started: 460_172 
2022-04-08 09:50:08,257 - processing completed: 460_172
2022-04-08 09:50:08,261 - processing started: 462_173 
2022-04-08 09:50:08,448 - processing completed: 462_173
2022-04-08 09:50:08,453 - processing started: 464_174 
2022-04-08 09:50:08,579 - processing completed: 464_174
2022-04-08 09:50:08,584 - processing started: 466_174 
2022-04-08 09:50:08,774 - processing completed: 466_174
2022-04-08 09:50:08,780 - processing started: 468_175 
2022-04-08 09:50:08,903 - processing completed: 468_175
2022-04-08 09:50:08,909 - processing started: 470_176 
2022-04-08 09:50:09,114 - processing completed: 470_176
2022-04-08 09:50:09,119 - processing started: 472_177 
2022-04-08 09:50:09,267 - processing completed: 472_177
2022-04-08 09:50:09,273 - processing started: 474_178 
2022-04-08 09:50:09,486 - processing completed: 474_178
2022-04-08 09:50:09,492 - processing started: 476_178 
2022-04-08 09:50:09,702 - processing completed: 476_178
2022-04-08 09:50:09,707 - processing started: 478_179 
2022-04-08 09:50:09,832 - processing completed: 478_179
2022-04-08 09:50:09,838 - processing started: 480_180 
2022-04-08 09:50:10,028 - processing completed: 480_180
2022-04-08 09:50:10,034 - processing started: 482_180 
2022-04-08 09:50:10,159 - processing completed: 482_180
2022-04-08 09:50:10,164 - processing started: 484_181 
2022-04-08 09:50:10,347 - processing completed: 484_181
2022-04-08 09:50:10,351 - processing started: 486_182 
2022-04-08 09:50:10,477 - processing completed: 486_182
2022-04-08 09:50:10,482 - processing started: 488_183 
2022-04-08 09:50:10,668 - processing completed: 488_183
2022-04-08 09:50:10,673 - processing started: 490_183 
2022-04-08 09:50:10,797 - processing completed: 490_183
2022-04-08 09:50:10,802 - processing started: 492_184 
2022-04-08 09:50:11,027 - processing completed: 492_184
2022-04-08 09:50:11,034 - processing started: 494_184 
2022-04-08 09:50:11,167 - processing completed: 494_184
2022-04-08 09:50:11,173 - processing started: 496_185 
2022-04-08 09:50:11,361 - processing completed: 496_185
2022-04-08 09:50:11,366 - processing started: 498_186 
2022-04-08 09:50:11,489 - processing completed: 498_186
2022-04-08 09:50:11,494 - processing started: 500_187 
2022-04-08 09:50:11,687 - processing completed: 500_187
2022-04-08 09:50:11,691 - processing started: 502_188 
2022-04-08 09:50:11,819 - processing completed: 502_188
2022-04-08 09:50:11,824 - processing started: 504_188 
2022-04-08 09:50:12,014 - processing completed: 504_188
2022-04-08 09:50:12,020 - processing started: 506_189 
2022-04-08 09:50:12,181 - processing completed: 506_189
2022-04-08 09:50:12,185 - processing started: 508_190 
2022-04-08 09:50:12,309 - processing completed: 508_190
2022-04-08 09:50:12,314 - processing started: 510_191 
2022-04-08 09:50:12,499 - processing completed: 510_191
2022-04-08 09:50:12,503 - processing started: 512_192 
2022-04-08 09:50:12,644 - processing completed: 512_192
2022-04-08 09:50:12,650 - processing started: 514_192 
2022-04-08 09:50:12,851 - processing completed: 514_192
2022-04-08 09:50:12,856 - processing started: 516_193 
2022-04-08 09:50:12,983 - processing completed: 516_193
2022-04-08 09:50:12,988 - processing started: 518_194 
2022-04-08 09:50:13,178 - processing completed: 518_194
2022-04-08 09:50:13,184 - processing started: 520_195 
2022-04-08 09:50:13,311 - processing completed: 520_195
2022-04-08 09:50:13,315 - processing started: 522_196 
2022-04-08 09:50:13,506 - processing completed: 522_196
2022-04-08 09:50:13,510 - processing started: 524_196 
2022-04-08 09:50:13,643 - processing completed: 524_196
2022-04-08 09:50:13,650 - processing started: 526_196 
2022-04-08 09:50:13,857 - processing completed: 526_196
2022-04-08 09:50:13,864 - processing started: 528_197 
2022-04-08 09:50:13,994 - processing completed: 528_197
2022-04-08 09:50:13,999 - processing started: 530_197 
2022-04-08 09:50:14,192 - processing completed: 530_197
2022-04-08 09:50:14,197 - processing started: 532_198 
2022-04-08 09:50:14,331 - processing completed: 532_198
2022-04-08 09:50:14,337 - processing started: 534_199 
2022-04-08 09:50:14,555 - processing completed: 534_199
2022-04-08 09:50:14,560 - processing started: 536_200 
2022-04-08 09:50:14,765 - processing completed: 536_200
2022-04-08 09:50:14,771 - processing started: 538_201 
2022-04-08 09:50:14,905 - processing completed: 538_201
2022-04-08 09:50:14,910 - processing started: 540_202 
2022-04-08 09:50:15,101 - processing completed: 540_202
2022-04-08 09:50:15,107 - processing started: 542_203 
2022-04-08 09:50:15,236 - processing completed: 542_203
2022-04-08 09:50:15,241 - processing started: 544_204 
2022-04-08 09:50:15,432 - processing completed: 544_204
2022-04-08 09:50:15,438 - processing started: 546_205 
2022-04-08 09:50:15,566 - processing completed: 546_205
2022-04-08 09:50:15,570 - processing started: 548_206 
2022-04-08 09:50:15,761 - processing completed: 548_206
2022-04-08 09:50:15,765 - processing started: 550_207 
2022-04-08 09:50:15,895 - processing completed: 550_207
2022-04-08 09:50:15,900 - processing started: 552_207 
2022-04-08 09:50:16,121 - processing completed: 552_207
2022-04-08 09:50:16,128 - processing started: 554_208 
2022-04-08 09:50:16,279 - processing completed: 554_208
2022-04-08 09:50:16,285 - processing started: 556_209 
2022-04-08 09:50:16,484 - processing completed: 556_209
2022-04-08 09:50:16,489 - processing started: 558_210 
2022-04-08 09:50:16,622 - processing completed: 558_210
2022-04-08 09:50:16,628 - processing started: 560_211 
2022-04-08 09:50:16,816 - processing completed: 560_211
2022-04-08 09:50:16,821 - processing started: 562_212 
2022-04-08 09:50:16,949 - processing completed: 562_212
2022-04-08 09:50:16,956 - processing started: 564_213 
2022-04-08 09:50:17,160 - processing completed: 564_213
2022-04-08 09:50:17,164 - processing started: 566_214 
2022-04-08 09:50:17,353 - processing completed: 566_214
2022-04-08 09:50:17,357 - processing started: 568_214 
2022-04-08 09:50:17,484 - processing completed: 568_214
2022-04-08 09:50:17,490 - processing started: 570_214 
2022-04-08 09:50:17,682 - processing completed: 570_214
2022-04-08 09:50:17,686 - processing started: 572_215 
2022-04-08 09:50:17,810 - processing completed: 572_215
2022-04-08 09:50:17,816 - processing started: 574_216 
2022-04-08 09:50:18,044 - processing completed: 574_216
2022-04-08 09:50:18,050 - processing started: 576_217 
2022-04-08 09:50:18,181 - processing completed: 576_217
2022-04-08 09:50:18,186 - processing started: 578_218 
2022-04-08 09:50:18,381 - processing completed: 578_218
2022-04-08 09:50:18,387 - processing started: 580_219 
2022-04-08 09:50:18,512 - processing completed: 580_219
2022-04-08 09:50:18,517 - processing started: 582_220 
2022-04-08 09:50:18,702 - processing completed: 582_220
2022-04-08 09:50:18,709 - processing started: 584_221 
2022-04-08 09:50:18,836 - processing completed: 584_221
2022-04-08 09:50:18,842 - processing started: 586_221 
2022-04-08 09:50:19,025 - processing completed: 586_221
2022-04-08 09:50:19,030 - processing started: 588_222 
2022-04-08 09:50:19,162 - processing completed: 588_222
2022-04-08 09:50:19,167 - processing started: 590_222 
2022-04-08 09:50:19,351 - processing completed: 590_222
2022-04-08 09:50:19,356 - processing started: 592_223 
2022-04-08 09:50:19,453 - processing completed: 592_223
2022-04-08 09:50:19,458 - processing started: 594_224 
2022-04-08 09:50:19,710 - processing completed: 594_224
2022-04-08 09:50:19,715 - processing started: 596_224 
2022-04-08 09:50:19,941 - processing completed: 596_224
2022-04-08 09:50:19,946 - processing started: 598_225 
2022-04-08 09:50:20,049 - processing completed: 598_225
2022-04-08 09:50:20,053 - processing started: 600_225 
2022-04-08 09:50:20,229 - processing completed: 600_225
2022-04-08 09:50:20,233 - processing started: 602_226 
2022-04-08 09:50:20,339 - processing completed: 602_226
2022-04-08 09:50:20,344 - processing started: 604_226 
2022-04-08 09:50:20,518 - processing completed: 604_226
2022-04-08 09:50:20,522 - processing started: 606_227 
2022-04-08 09:50:20,653 - processing completed: 606_227
2022-04-08 09:50:20,657 - processing started: 608_227 
2022-04-08 09:50:20,848 - processing completed: 608_227
2022-04-08 09:50:20,852 - processing started: 610_227 
2022-04-08 09:50:20,959 - processing completed: 610_227
2022-04-08 09:50:20,963 - processing started: 612_227 
2022-04-08 09:50:21,206 - processing completed: 612_227
2022-04-08 09:50:21,212 - processing started: 614_227 
2022-04-08 09:50:21,340 - processing completed: 614_227
2022-04-08 09:50:21,344 - processing started: 616_228 
2022-04-08 09:50:21,536 - processing completed: 616_228
2022-04-08 09:50:21,540 - processing started: 618_229 
2022-04-08 09:50:21,651 - processing completed: 618_229
2022-04-08 09:50:21,655 - processing started: 620_230 
2022-04-08 09:50:21,827 - processing completed: 620_230
2022-04-08 09:50:21,831 - processing started: 622_230 
2022-04-08 09:50:21,936 - processing completed: 622_230
2022-04-08 09:50:21,939 - processing started: 624_231 
2022-04-08 09:50:22,101 - processing completed: 624_231
2022-04-08 09:50:22,104 - processing started: 626_232 
2022-04-08 09:50:22,283 - processing completed: 626_232
2022-04-08 09:50:22,287 - processing started: 628_232 
2022-04-08 09:50:22,389 - processing completed: 628_232
2022-04-08 09:50:22,392 - processing started: 630_232 
2022-04-08 09:50:22,559 - processing completed: 630_232
2022-04-08 09:50:22,563 - processing started: 632_233 
2022-04-08 09:50:22,666 - processing completed: 632_233
2022-04-08 09:50:22,670 - processing started: 634_234 
2022-04-08 09:50:22,835 - processing completed: 634_234
2022-04-08 09:50:22,839 - processing started: 636_234 
2022-04-08 09:50:22,937 - processing completed: 636_234
2022-04-08 09:50:22,941 - processing started: 638_235 
2022-04-08 09:50:23,152 - processing completed: 638_235
2022-04-08 09:50:23,156 - processing started: 640_236 
2022-04-08 09:50:23,289 - processing completed: 640_236
2022-04-08 09:50:23,293 - processing started: 642_236 
2022-04-08 09:50:23,487 - processing completed: 642_236
2022-04-08 09:50:23,492 - processing started: 644_237 
2022-04-08 09:50:23,619 - processing completed: 644_237
2022-04-08 09:50:23,623 - processing started: 646_238 
2022-04-08 09:50:23,805 - processing completed: 646_238
2022-04-08 09:50:23,809 - processing started: 648_239 
2022-04-08 09:50:23,934 - processing completed: 648_239
2022-04-08 09:50:23,938 - processing started: 650_240 
2022-04-08 09:50:24,124 - processing completed: 650_240
2022-04-08 09:50:24,129 - processing started: 652_240 
2022-04-08 09:50:24,252 - processing completed: 652_240
2022-04-08 09:50:24,256 - processing started: 654_241 
2022-04-08 09:50:24,443 - processing completed: 654_241
2022-04-08 09:50:24,447 - processing started: 656_242 
2022-04-08 09:50:24,642 - processing completed: 656_242
2022-04-08 09:50:24,646 - processing started: 658_243 
2022-04-08 09:50:24,777 - processing completed: 658_243
2022-04-08 09:50:24,782 - processing started: 660_243 
2022-04-08 09:50:25,008 - processing completed: 660_243
2022-04-08 09:50:25,013 - processing started: 662_244 
2022-04-08 09:50:25,104 - processing completed: 662_244
2022-04-08 09:50:25,108 - processing started: 664_245 
2022-04-08 09:50:25,258 - processing completed: 664_245
2022-04-08 09:50:25,261 - processing started: 666_246 
2022-04-08 09:50:25,345 - processing completed: 666_246
2022-04-08 09:50:25,348 - processing started: 668_247 
2022-04-08 09:50:25,488 - processing completed: 668_247
2022-04-08 09:50:25,492 - processing started: 670_248 
2022-04-08 09:50:25,571 - processing completed: 670_248
2022-04-08 09:50:25,575 - processing started: 672_248 
2022-04-08 09:50:25,714 - processing completed: 672_248
2022-04-08 09:50:25,718 - processing started: 674_249 
2022-04-08 09:50:25,797 - processing completed: 674_249
2022-04-08 09:50:25,802 - processing started: 676_250 
2022-04-08 09:50:25,942 - processing completed: 676_250
2022-04-08 09:50:25,946 - processing started: 678_251 
2022-04-08 09:50:26,027 - processing completed: 678_251
2022-04-08 09:50:26,032 - processing started: 680_252 
2022-04-08 09:50:26,175 - processing completed: 680_252
2022-04-08 09:50:26,179 - processing started: 682_252 
2022-04-08 09:50:26,258 - processing completed: 682_252
2022-04-08 09:50:26,262 - processing started: 684_253 
2022-04-08 09:50:26,421 - processing completed: 684_253
2022-04-08 09:50:26,426 - processing started: 686_254 
2022-04-08 09:50:26,635 - processing completed: 686_254
2022-04-08 09:50:26,641 - processing started: 688_255 
2022-04-08 09:50:26,752 - processing completed: 688_255
2022-04-08 09:50:26,758 - processing started: 690_256 
2022-04-08 09:50:26,941 - processing completed: 690_256
2022-04-08 09:50:26,945 - processing started: 692_257 
2022-04-08 09:50:27,072 - processing completed: 692_257
2022-04-08 09:50:27,076 - processing started: 694_257 
2022-04-08 09:50:27,259 - processing completed: 694_257
2022-04-08 09:50:27,263 - processing started: 696_258 
2022-04-08 09:50:27,380 - processing completed: 696_258
2022-04-08 09:50:27,383 - processing started: 698_258 
2022-04-08 09:50:27,557 - processing completed: 698_258
2022-04-08 09:50:27,561 - processing started: 700_259 
2022-04-08 09:50:27,661 - processing completed: 700_259
2022-04-08 09:50:27,665 - processing started: 702_260 
2022-04-08 09:50:27,845 - processing completed: 702_260
2022-04-08 09:50:27,849 - processing started: 704_261 
2022-04-08 09:50:27,962 - processing completed: 704_261
2022-04-08 09:50:27,966 - processing started: 706_261 
2022-04-08 09:50:28,150 - processing completed: 706_261
2022-04-08 09:50:28,154 - processing started: 708_262 
2022-04-08 09:50:28,265 - processing completed: 708_262
2022-04-08 09:50:28,269 - processing started: 710_263 
2022-04-08 09:50:28,459 - processing completed: 710_263
2022-04-08 09:50:28,463 - processing started: 712_264 
2022-04-08 09:50:28,639 - processing completed: 712_264
2022-04-08 09:50:28,644 - processing started: 714_264 
2022-04-08 09:50:28,752 - processing completed: 714_264
2022-04-08 09:50:28,758 - processing started: 716_265 
2022-04-08 09:50:28,921 - processing completed: 716_265
2022-04-08 09:50:28,925 - processing started: 718_266 
2022-04-08 09:50:29,027 - processing completed: 718_266
2022-04-08 09:50:29,032 - processing started: 720_267 
2022-04-08 09:50:29,199 - processing completed: 720_267
2022-04-08 09:50:29,203 - processing started: 722_267 
2022-04-08 09:50:29,305 - processing completed: 722_267
2022-04-08 09:50:29,309 - processing started: 724_267 
2022-04-08 09:50:29,471 - processing completed: 724_267
2022-04-08 09:50:29,477 - processing started: 726_268 
2022-04-08 09:50:29,582 - processing completed: 726_268
2022-04-08 09:50:29,586 - processing started: 728_268 
2022-04-08 09:50:29,765 - processing completed: 728_268
2022-04-08 09:50:29,770 - processing started: 730_268 
2022-04-08 09:50:29,872 - processing completed: 730_268
2022-04-08 09:50:29,877 - processing started: 732_268 
2022-04-08 09:50:30,044 - processing completed: 732_268
2022-04-08 09:50:30,048 - processing started: 734_268 
2022-04-08 09:50:30,160 - processing completed: 734_268
2022-04-08 09:50:30,165 - processing started: 736_269 
2022-04-08 09:50:30,341 - processing completed: 736_269
2022-04-08 09:50:30,346 - processing started: 738_270 
2022-04-08 09:50:30,459 - processing completed: 738_270
2022-04-08 09:50:30,463 - processing started: 740_271 
2022-04-08 09:50:30,634 - processing completed: 740_271
2022-04-08 09:50:30,638 - processing started: 742_272 
2022-04-08 09:50:30,799 - processing completed: 742_272
2022-04-08 09:50:30,803 - processing started: 744_272 
2022-04-08 09:50:30,895 - processing completed: 744_272
2022-04-08 09:50:30,899 - processing started: 746_273 
2022-04-08 09:50:31,063 - processing completed: 746_273
2022-04-08 09:50:31,068 - processing started: 748_274 
2022-04-08 09:50:31,159 - processing completed: 748_274
2022-04-08 09:50:31,163 - processing started: 750_274 
2022-04-08 09:50:31,318 - processing completed: 750_274
2022-04-08 09:50:31,323 - processing started: 752_275 
2022-04-08 09:50:31,418 - processing completed: 752_275
2022-04-08 09:50:31,422 - processing started: 754_275 
2022-04-08 09:50:31,584 - processing completed: 754_275
2022-04-08 09:50:31,589 - processing started: 756_276 
2022-04-08 09:50:31,685 - processing completed: 756_276
2022-04-08 09:50:31,689 - processing started: 758_277 
2022-04-08 09:50:31,894 - processing completed: 758_277
2022-04-08 09:50:31,899 - processing started: 760_278 
2022-04-08 09:50:32,005 - processing completed: 760_278
2022-04-08 09:50:32,009 - processing started: 762_278 
2022-04-08 09:50:32,180 - processing completed: 762_278
2022-04-08 09:50:32,184 - processing started: 764_279 
2022-04-08 09:50:32,280 - processing completed: 764_279
2022-04-08 09:50:32,285 - processing started: 766_280 
2022-04-08 09:50:32,431 - processing completed: 766_280
2022-04-08 09:50:32,435 - processing started: 768_281 
2022-04-08 09:50:32,523 - processing completed: 768_281
2022-04-08 09:50:32,527 - processing started: 770_282 
2022-04-08 09:50:32,672 - processing completed: 770_282
2022-04-08 09:50:32,676 - processing started: 772_283 
2022-04-08 09:50:32,832 - processing completed: 772_283
2022-04-08 09:50:32,836 - processing started: 774_284 
2022-04-08 09:50:32,918 - processing completed: 774_284
2022-04-08 09:50:32,923 - processing started: 776_285 
2022-04-08 09:50:33,076 - processing completed: 776_285
2022-04-08 09:50:33,080 - processing started: 778_285 
2022-04-08 09:50:33,166 - processing completed: 778_285
2022-04-08 09:50:33,169 - processing started: 780_286 
2022-04-08 09:50:33,394 - processing completed: 780_286
2022-04-08 09:50:33,400 - processing started: 782_287 
2022-04-08 09:50:33,495 - processing completed: 782_287
2022-04-08 09:50:33,500 - processing started: 784_288 
2022-04-08 09:50:33,664 - processing completed: 784_288
2022-04-08 09:50:33,668 - processing started: 786_289 
2022-04-08 09:50:33,755 - processing completed: 786_289
2022-04-08 09:50:33,760 - processing started: 788_290 
2022-04-08 09:50:33,907 - processing completed: 788_290
2022-04-08 09:50:33,911 - processing started: 790_290 
2022-04-08 09:50:33,998 - processing completed: 790_290
2022-04-08 09:50:34,002 - processing started: 792_291 
2022-04-08 09:50:34,144 - processing completed: 792_291
2022-04-08 09:50:34,147 - processing started: 794_292 
2022-04-08 09:50:34,227 - processing completed: 794_292
2022-04-08 09:50:34,231 - processing started: 796_293 
2022-04-08 09:50:34,343 - processing completed: 796_293
2022-04-08 09:50:34,346 - processing started: 798_294 
2022-04-08 09:50:34,397 - processing completed: 798_294
2022-04-08 09:50:34,400 - processing started: 800_295 
2022-04-08 09:50:34,535 - processing completed: 800_295
2022-04-08 09:50:34,539 - processing started: 802_296 
2022-04-08 09:50:34,690 - processing completed: 802_296
2022-04-08 09:50:34,693 - processing started: 804_296 
2022-04-08 09:50:34,773 - processing completed: 804_296
2022-04-08 09:50:34,776 - processing started: 806_297 
2022-04-08 09:50:35,001 - processing completed: 806_297
2022-04-08 09:50:35,006 - processing started: 808_298 
2022-04-08 09:50:35,087 - processing completed: 808_298
2022-04-08 09:50:35,091 - processing started: 810_299 
2022-04-08 09:50:35,238 - processing completed: 810_299
2022-04-08 09:50:35,241 - processing started: 0_0 
2022-04-08 09:50:35,242 - Closing connection (200): Normal shutdown
2022-04-08 09:50:35,242 - Closing channel (200): 'Normal shutdown' on <Channel number=1 OPEN conn=<SelectConnection OPEN transport=<pika.adapters.utils.io_services_utils._AsyncPlaintextTransport object at 0x11719f2b0> params=<ConnectionParameters host=localhost port=5672 virtual_host=/ ssl=False>>>
2022-04-08 09:50:35,243 - Received <Channel.CloseOk> on <Channel number=1 CLOSING conn=<SelectConnection OPEN transport=<pika.adapters.utils.io_services_utils._AsyncPlaintextTransport object at 0x11719f2b0> params=<ConnectionParameters host=localhost port=5672 virtual_host=/ ssl=False>>>
2022-04-08 09:50:35,243 - Closing connection (200): 'Normal shutdown'
2022-04-08 09:50:35,244 - Aborting transport connection: state=1; <socket.socket fd=22, family=AddressFamily.AF_INET, type=SocketKind.SOCK_STREAM, proto=6, laddr=('127.0.0.1', 51208), raddr=('127.0.0.1', 5672)>
2022-04-08 09:50:35,244 - _AsyncTransportBase._initate_abort(): Initiating abrupt asynchronous transport shutdown: state=1; error=None; <socket.socket fd=22, family=AddressFamily.AF_INET, type=SocketKind.SOCK_STREAM, proto=6, laddr=('127.0.0.1', 51208), raddr=('127.0.0.1', 5672)>
2022-04-08 09:50:35,244 - Deactivating transport: state=1; <socket.socket fd=22, family=AddressFamily.AF_INET, type=SocketKind.SOCK_STREAM, proto=6, laddr=('127.0.0.1', 51208), raddr=('127.0.0.1', 5672)>
2022-04-08 09:50:35,244 - AMQP stack terminated, failed to connect, or aborted: opened=True, error-arg=None; pending-error=ConnectionClosedByClient: (200) 'Normal shutdown'
2022-04-08 09:50:35,244 - Stack terminated due to ConnectionClosedByClient: (200) 'Normal shutdown'
2022-04-08 09:50:35,245 - Closing transport socket and unlinking: state=3; <socket.socket fd=22, family=AddressFamily.AF_INET, type=SocketKind.SOCK_STREAM, proto=6, laddr=('127.0.0.1', 51208), raddr=('127.0.0.1', 5672)>
2022-04-08 09:50:35,245 - User-initiated close: result=BlockingConnection__OnClosedArgs(connection=<SelectConnection CLOSED transport=None params=<ConnectionParameters host=localhost port=5672 virtual_host=/ ssl=False>>, error=ConnectionClosedByClient: (200) 'Normal shutdown')
2022-04-08 09:50:35,245 - PID 77567 completed loading and processing
