2022-04-08 09:53:05,743 - PID 78337 started loading and processing
2022-04-08 09:53:05,750 - Pika version 1.2.0 connecting to ('::1', 5672, 0, 0)
2022-04-08 09:53:05,750 - Socket failed to connect: <socket.socket fd=22, family=AddressFamily.AF_INET6, type=SocketKind.SOCK_STREAM, proto=6, laddr=('::1', 51289, 0, 0)>; error=61 (Connection refused)
2022-04-08 09:53:05,750 - TCP Connection attempt failed: ConnectionRefusedError(61, 'Connection refused'); dest=(<AddressFamily.AF_INET6: 30>, <SocketKind.SOCK_STREAM: 1>, 6, '', ('::1', 5672, 0, 0))
2022-04-08 09:53:05,751 - AMQPConnector - reporting failure: AMQPConnectorSocketConnectError: ConnectionRefusedError(61, 'Connection refused')
2022-04-08 09:53:05,751 - Pika version 1.2.0 connecting to ('127.0.0.1', 5672)
2022-04-08 09:53:05,751 - Socket connected: <socket.socket fd=22, family=AddressFamily.AF_INET, type=SocketKind.SOCK_STREAM, proto=6, laddr=('127.0.0.1', 51291), raddr=('127.0.0.1', 5672)>
2022-04-08 09:53:05,752 - Streaming transport linked up: (<pika.adapters.utils.io_services_utils._AsyncPlaintextTransport object at 0x1208fa1c0>, _StreamingProtocolShim: <SelectConnection PROTOCOL transport=<pika.adapters.utils.io_services_utils._AsyncPlaintextTransport object at 0x1208fa1c0> params=<ConnectionParameters host=localhost port=5672 virtual_host=/ ssl=False>>).
2022-04-08 09:53:05,756 - AMQPConnector - reporting success: <SelectConnection OPEN transport=<pika.adapters.utils.io_services_utils._AsyncPlaintextTransport object at 0x1208fa1c0> params=<ConnectionParameters host=localhost port=5672 virtual_host=/ ssl=False>>
2022-04-08 09:53:05,756 - AMQPConnectionWorkflow - reporting success: <SelectConnection OPEN transport=<pika.adapters.utils.io_services_utils._AsyncPlaintextTransport object at 0x1208fa1c0> params=<ConnectionParameters host=localhost port=5672 virtual_host=/ ssl=False>>
2022-04-08 09:53:05,756 - Connection workflow succeeded: <SelectConnection OPEN transport=<pika.adapters.utils.io_services_utils._AsyncPlaintextTransport object at 0x1208fa1c0> params=<ConnectionParameters host=localhost port=5672 virtual_host=/ ssl=False>>
2022-04-08 09:53:05,757 - Created channel=1
2022-04-08 09:53:05,759 - Logging before start consuming
2022-04-08 09:53:06,360 - processing started: 0_000 
2022-04-08 09:53:06,555 - processing completed: 0_000
2022-04-08 09:53:06,575 - processing started: 2_000 
2022-04-08 09:53:06,786 - processing completed: 2_000
2022-04-08 09:53:06,791 - processing started: 4_001 
2022-04-08 09:53:06,996 - processing completed: 4_001
2022-04-08 09:53:07,001 - processing started: 6_002 
2022-04-08 09:53:07,145 - processing completed: 6_002
2022-04-08 09:53:07,150 - processing started: 8_003 
2022-04-08 09:53:07,387 - processing completed: 8_003
2022-04-08 09:53:07,393 - processing started: 10_004 
2022-04-08 09:53:07,573 - processing completed: 10_004
2022-04-08 09:53:07,579 - processing started: 12_005 
2022-04-08 09:53:07,811 - processing completed: 12_005
2022-04-08 09:53:07,817 - processing started: 14_005 
2022-04-08 09:53:07,989 - processing completed: 14_005
2022-04-08 09:53:07,994 - processing started: 16_006 
2022-04-08 09:53:08,232 - processing completed: 16_006
2022-04-08 09:53:08,237 - processing started: 18_007 
2022-04-08 09:53:08,399 - processing completed: 18_007
2022-04-08 09:53:08,404 - processing started: 20_008 
2022-04-08 09:53:08,599 - processing completed: 20_008
2022-04-08 09:53:08,605 - processing started: 22_009 
2022-04-08 09:53:08,783 - processing completed: 22_009
2022-04-08 09:53:08,789 - processing started: 24_009 
2022-04-08 09:53:09,026 - processing completed: 24_009
2022-04-08 09:53:09,032 - processing started: 26_010 
2022-04-08 09:53:09,215 - processing completed: 26_010
2022-04-08 09:53:09,221 - processing started: 28_011 
2022-04-08 09:53:09,487 - processing completed: 28_011
2022-04-08 09:53:09,494 - processing started: 30_012 
2022-04-08 09:53:09,565 - processing completed: 30_012
2022-04-08 09:53:09,568 - processing started: 32_013 
2022-04-08 09:53:09,752 - processing completed: 32_013
2022-04-08 09:53:09,757 - processing started: 34_014 
2022-04-08 09:53:09,942 - processing completed: 34_014
2022-04-08 09:53:09,947 - processing started: 36_014 
2022-04-08 09:53:10,059 - processing completed: 36_014
2022-04-08 09:53:10,065 - processing started: 38_015 
2022-04-08 09:53:10,233 - processing completed: 38_015
2022-04-08 09:53:10,237 - processing started: 40_015 
2022-04-08 09:53:10,331 - processing completed: 40_015
2022-04-08 09:53:10,334 - processing started: 42_015 
2022-04-08 09:53:10,500 - processing completed: 42_015
2022-04-08 09:53:10,504 - processing started: 44_016 
2022-04-08 09:53:10,600 - processing completed: 44_016
2022-04-08 09:53:10,604 - processing started: 46_017 
2022-04-08 09:53:10,774 - processing completed: 46_017
2022-04-08 09:53:10,778 - processing started: 48_018 
2022-04-08 09:53:10,877 - processing completed: 48_018
2022-04-08 09:53:10,882 - processing started: 50_019 
2022-04-08 09:53:11,048 - processing completed: 50_019
2022-04-08 09:53:11,052 - processing started: 52_020 
2022-04-08 09:53:11,156 - processing completed: 52_020
2022-04-08 09:53:11,161 - processing started: 54_021 
2022-04-08 09:53:11,312 - processing completed: 54_021
2022-04-08 09:53:11,316 - processing started: 56_022 
2022-04-08 09:53:11,449 - processing completed: 56_022
2022-04-08 09:53:11,454 - processing started: 58_022 
2022-04-08 09:53:11,691 - processing completed: 58_022
2022-04-08 09:53:11,699 - processing started: 60_023 
2022-04-08 09:53:11,804 - processing completed: 60_023
2022-04-08 09:53:11,807 - processing started: 62_023 
2022-04-08 09:53:11,967 - processing completed: 62_023
2022-04-08 09:53:11,971 - processing started: 64_024 
2022-04-08 09:53:12,127 - processing completed: 64_024
2022-04-08 09:53:12,131 - processing started: 66_025 
2022-04-08 09:53:12,226 - processing completed: 66_025
2022-04-08 09:53:12,231 - processing started: 68_026 
2022-04-08 09:53:12,393 - processing completed: 68_026
2022-04-08 09:53:12,397 - processing started: 70_027 
2022-04-08 09:53:12,490 - processing completed: 70_027
2022-04-08 09:53:12,494 - processing started: 72_028 
2022-04-08 09:53:12,643 - processing completed: 72_028
2022-04-08 09:53:12,647 - processing started: 74_028 
2022-04-08 09:53:12,741 - processing completed: 74_028
2022-04-08 09:53:12,744 - processing started: 76_029 
2022-04-08 09:53:12,900 - processing completed: 76_029
2022-04-08 09:53:12,903 - processing started: 78_030 
2022-04-08 09:53:13,002 - processing completed: 78_030
2022-04-08 09:53:13,006 - processing started: 80_031 
2022-04-08 09:53:13,195 - processing completed: 80_031
2022-04-08 09:53:13,200 - processing started: 82_031 
2022-04-08 09:53:13,313 - processing completed: 82_031
2022-04-08 09:53:13,317 - processing started: 84_032 
2022-04-08 09:53:13,539 - processing completed: 84_032
2022-04-08 09:53:13,545 - processing started: 86_032 
2022-04-08 09:53:13,697 - processing completed: 86_032
2022-04-08 09:53:13,702 - processing started: 88_033 
2022-04-08 09:53:13,869 - processing completed: 88_033
2022-04-08 09:53:13,873 - processing started: 90_033 
2022-04-08 09:53:13,988 - processing completed: 90_033
2022-04-08 09:53:13,993 - processing started: 92_033 
2022-04-08 09:53:14,165 - processing completed: 92_033
2022-04-08 09:53:14,169 - processing started: 94_034 
2022-04-08 09:53:14,352 - processing completed: 94_034
2022-04-08 09:53:14,357 - processing started: 96_035 
2022-04-08 09:53:14,469 - processing completed: 96_035
2022-04-08 09:53:14,473 - processing started: 98_035 
2022-04-08 09:53:14,649 - processing completed: 98_035
2022-04-08 09:53:14,653 - processing started: 100_036 
2022-04-08 09:53:14,769 - processing completed: 100_036
2022-04-08 09:53:14,775 - processing started: 102_037 
2022-04-08 09:53:14,986 - processing completed: 102_037
2022-04-08 09:53:14,991 - processing started: 104_038 
2022-04-08 09:53:15,112 - processing completed: 104_038
2022-04-08 09:53:15,116 - processing started: 106_039 
2022-04-08 09:53:15,302 - processing completed: 106_039
2022-04-08 09:53:15,307 - processing started: 108_039 
2022-04-08 09:53:15,425 - processing completed: 108_039
2022-04-08 09:53:15,429 - processing started: 110_040 
2022-04-08 09:53:15,609 - processing completed: 110_040
2022-04-08 09:53:15,613 - processing started: 112_040 
2022-04-08 09:53:15,733 - processing completed: 112_040
2022-04-08 09:53:15,737 - processing started: 114_040 
2022-04-08 09:53:15,925 - processing completed: 114_040
2022-04-08 09:53:15,929 - processing started: 116_041 
2022-04-08 09:53:16,050 - processing completed: 116_041
2022-04-08 09:53:16,055 - processing started: 118_042 
2022-04-08 09:53:16,236 - processing completed: 118_042
2022-04-08 09:53:16,242 - processing started: 120_042 
2022-04-08 09:53:16,358 - processing completed: 120_042
2022-04-08 09:53:16,363 - processing started: 122_043 
2022-04-08 09:53:16,538 - processing completed: 122_043
2022-04-08 09:53:16,543 - processing started: 124_044 
2022-04-08 09:53:16,755 - processing completed: 124_044
2022-04-08 09:53:16,759 - processing started: 126_044 
2022-04-08 09:53:16,876 - processing completed: 126_044
2022-04-08 09:53:16,881 - processing started: 128_045 
2022-04-08 09:53:17,074 - processing completed: 128_045
2022-04-08 09:53:17,078 - processing started: 130_046 
2022-04-08 09:53:17,194 - processing completed: 130_046
2022-04-08 09:53:17,199 - processing started: 132_047 
2022-04-08 09:53:17,383 - processing completed: 132_047
2022-04-08 09:53:17,387 - processing started: 134_048 
2022-04-08 09:53:17,505 - processing completed: 134_048
2022-04-08 09:53:17,509 - processing started: 136_048 
2022-04-08 09:53:17,683 - processing completed: 136_048
2022-04-08 09:53:17,687 - processing started: 138_049 
2022-04-08 09:53:17,807 - processing completed: 138_049
2022-04-08 09:53:17,811 - processing started: 140_050 
2022-04-08 09:53:17,988 - processing completed: 140_050
2022-04-08 09:53:17,992 - processing started: 142_050 
2022-04-08 09:53:18,102 - processing completed: 142_050
2022-04-08 09:53:18,107 - processing started: 144_051 
2022-04-08 09:53:18,280 - processing completed: 144_051
2022-04-08 09:53:18,284 - processing started: 146_051 
2022-04-08 09:53:18,425 - processing completed: 146_051
2022-04-08 09:53:18,431 - processing started: 148_052 
2022-04-08 09:53:18,613 - processing completed: 148_052
2022-04-08 09:53:18,618 - processing started: 150_053 
2022-04-08 09:53:18,733 - processing completed: 150_053
2022-04-08 09:53:18,737 - processing started: 152_054 
2022-04-08 09:53:18,904 - processing completed: 152_054
2022-04-08 09:53:18,908 - processing started: 154_055 
2022-04-08 09:53:19,090 - processing completed: 154_055
2022-04-08 09:53:19,095 - processing started: 156_056 
2022-04-08 09:53:19,214 - processing completed: 156_056
2022-04-08 09:53:19,217 - processing started: 158_057 
2022-04-08 09:53:19,386 - processing completed: 158_057
2022-04-08 09:53:19,390 - processing started: 160_058 
2022-04-08 09:53:19,569 - processing completed: 160_058
2022-04-08 09:53:19,575 - processing started: 162_058 
2022-04-08 09:53:19,809 - processing completed: 162_058
2022-04-08 09:53:19,814 - processing started: 164_059 
2022-04-08 09:53:19,920 - processing completed: 164_059
2022-04-08 09:53:19,924 - processing started: 166_060 
2022-04-08 09:53:20,120 - processing completed: 166_060
2022-04-08 09:53:20,126 - processing started: 168_061 
2022-04-08 09:53:20,242 - processing completed: 168_061
2022-04-08 09:53:20,246 - processing started: 170_062 
2022-04-08 09:53:20,426 - processing completed: 170_062
2022-04-08 09:53:20,431 - processing started: 172_062 
2022-04-08 09:53:20,538 - processing completed: 172_062
2022-04-08 09:53:20,542 - processing started: 174_063 
2022-04-08 09:53:20,806 - processing completed: 174_063
2022-04-08 09:53:20,813 - processing started: 176_064 
2022-04-08 09:53:21,016 - processing completed: 176_064
2022-04-08 09:53:21,022 - processing started: 178_064 
2022-04-08 09:53:21,288 - processing completed: 178_064
2022-04-08 09:53:21,293 - processing started: 180_065 
2022-04-08 09:53:21,566 - processing completed: 180_065
2022-04-08 09:53:21,573 - processing started: 182_066 
2022-04-08 09:53:21,802 - processing completed: 182_066
2022-04-08 09:53:21,808 - processing started: 184_066 
2022-04-08 09:53:22,081 - processing completed: 184_066
2022-04-08 09:53:22,088 - processing started: 186_066 
2022-04-08 09:53:22,303 - processing completed: 186_066
2022-04-08 09:53:22,310 - processing started: 188_067 
2022-04-08 09:53:22,419 - processing completed: 188_067
2022-04-08 09:53:22,422 - processing started: 190_067 
2022-04-08 09:53:22,570 - processing completed: 190_067
2022-04-08 09:53:22,575 - processing started: 192_067 
2022-04-08 09:53:22,846 - processing completed: 192_067
2022-04-08 09:53:22,852 - processing started: 194_068 
2022-04-08 09:53:22,993 - processing completed: 194_068
2022-04-08 09:53:22,998 - processing started: 196_069 
2022-04-08 09:53:23,201 - processing completed: 196_069
2022-04-08 09:53:23,206 - processing started: 198_069 
2022-04-08 09:53:23,375 - processing completed: 198_069
2022-04-08 09:53:23,380 - processing started: 200_070 
2022-04-08 09:53:23,510 - processing completed: 200_070
2022-04-08 09:53:23,513 - processing started: 202_071 
2022-04-08 09:53:23,727 - processing completed: 202_071
2022-04-08 09:53:23,734 - processing started: 204_072 
2022-04-08 09:53:24,005 - processing completed: 204_072
2022-04-08 09:53:24,010 - processing started: 206_072 
2022-04-08 09:53:24,217 - processing completed: 206_072
2022-04-08 09:53:24,224 - processing started: 208_073 
2022-04-08 09:53:24,491 - processing completed: 208_073
2022-04-08 09:53:24,498 - processing started: 210_074 
2022-04-08 09:53:24,781 - processing completed: 210_074
2022-04-08 09:53:24,788 - processing started: 212_075 
2022-04-08 09:53:25,022 - processing completed: 212_075
2022-04-08 09:53:25,029 - processing started: 214_076 
2022-04-08 09:53:25,311 - processing completed: 214_076
2022-04-08 09:53:25,318 - processing started: 216_077 
2022-04-08 09:53:25,524 - processing completed: 216_077
2022-04-08 09:53:25,530 - processing started: 218_078 
2022-04-08 09:53:25,793 - processing completed: 218_078
2022-04-08 09:53:25,800 - processing started: 220_079 
2022-04-08 09:53:26,009 - processing completed: 220_079
2022-04-08 09:53:26,016 - processing started: 222_079 
2022-04-08 09:53:26,288 - processing completed: 222_079
2022-04-08 09:53:26,295 - processing started: 224_080 
2022-04-08 09:53:26,389 - processing completed: 224_080
2022-04-08 09:53:26,393 - processing started: 226_081 
2022-04-08 09:53:26,581 - processing completed: 226_081
2022-04-08 09:53:26,587 - processing started: 228_081 
2022-04-08 09:53:26,736 - processing completed: 228_081
2022-04-08 09:53:26,743 - processing started: 230_081 
2022-04-08 09:53:26,939 - processing completed: 230_081
2022-04-08 09:53:26,946 - processing started: 232_082 
2022-04-08 09:53:27,082 - processing completed: 232_082
2022-04-08 09:53:27,088 - processing started: 234_082 
2022-04-08 09:53:27,272 - processing completed: 234_082
2022-04-08 09:53:27,276 - processing started: 236_083 
2022-04-08 09:53:27,400 - processing completed: 236_083
2022-04-08 09:53:27,406 - processing started: 238_084 
2022-04-08 09:53:27,592 - processing completed: 238_084
2022-04-08 09:53:27,597 - processing started: 240_085 
2022-04-08 09:53:27,783 - processing completed: 240_085
2022-04-08 09:53:27,789 - processing started: 242_086 
2022-04-08 09:53:27,938 - processing completed: 242_086
2022-04-08 09:53:27,943 - processing started: 244_087 
2022-04-08 09:53:28,129 - processing completed: 244_087
2022-04-08 09:53:28,134 - processing started: 246_088 
2022-04-08 09:53:28,282 - processing completed: 246_088
2022-04-08 09:53:28,288 - processing started: 248_088 
2022-04-08 09:53:28,524 - processing completed: 248_088
2022-04-08 09:53:28,529 - processing started: 250_089 
2022-04-08 09:53:28,623 - processing completed: 250_089
2022-04-08 09:53:28,627 - processing started: 252_090 
2022-04-08 09:53:28,771 - processing completed: 252_090
2022-04-08 09:53:28,775 - processing started: 254_091 
2022-04-08 09:53:28,853 - processing completed: 254_091
2022-04-08 09:53:28,856 - processing started: 256_092 
2022-04-08 09:53:28,995 - processing completed: 256_092
2022-04-08 09:53:28,998 - processing started: 258_093 
2022-04-08 09:53:29,096 - processing completed: 258_093
2022-04-08 09:53:29,101 - processing started: 260_094 
2022-04-08 09:53:29,257 - processing completed: 260_094
2022-04-08 09:53:29,262 - processing started: 262_094 
2022-04-08 09:53:29,359 - processing completed: 262_094
2022-04-08 09:53:29,364 - processing started: 264_095 
2022-04-08 09:53:29,520 - processing completed: 264_095
2022-04-08 09:53:29,525 - processing started: 266_096 
2022-04-08 09:53:29,624 - processing completed: 266_096
2022-04-08 09:53:29,629 - processing started: 268_097 
2022-04-08 09:53:29,795 - processing completed: 268_097
2022-04-08 09:53:29,799 - processing started: 270_098 
2022-04-08 09:53:29,975 - processing completed: 270_098
2022-04-08 09:53:29,980 - processing started: 272_099 
2022-04-08 09:53:30,078 - processing completed: 272_099
2022-04-08 09:53:30,083 - processing started: 274_100 
2022-04-08 09:53:30,282 - processing completed: 274_100
2022-04-08 09:53:30,288 - processing started: 276_101 
2022-04-08 09:53:30,379 - processing completed: 276_101
2022-04-08 09:53:30,383 - processing started: 278_102 
2022-04-08 09:53:30,531 - processing completed: 278_102
2022-04-08 09:53:30,535 - processing started: 280_103 
2022-04-08 09:53:30,612 - processing completed: 280_103
2022-04-08 09:53:30,617 - processing started: 282_103 
2022-04-08 09:53:30,765 - processing completed: 282_103
2022-04-08 09:53:30,769 - processing started: 284_104 
2022-04-08 09:53:30,851 - processing completed: 284_104
2022-04-08 09:53:30,854 - processing started: 286_105 
2022-04-08 09:53:30,998 - processing completed: 286_105
2022-04-08 09:53:31,002 - processing started: 288_106 
2022-04-08 09:53:31,082 - processing completed: 288_106
2022-04-08 09:53:31,087 - processing started: 290_107 
2022-04-08 09:53:31,230 - processing completed: 290_107
2022-04-08 09:53:31,235 - processing started: 292_108 
2022-04-08 09:53:31,314 - processing completed: 292_108
2022-04-08 09:53:31,318 - processing started: 294_108 
2022-04-08 09:53:31,455 - processing completed: 294_108
2022-04-08 09:53:31,458 - processing started: 296_109 
2022-04-08 09:53:31,537 - processing completed: 296_109
2022-04-08 09:53:31,540 - processing started: 298_110 
2022-04-08 09:53:31,720 - processing completed: 298_110
2022-04-08 09:53:31,725 - processing started: 300_111 
2022-04-08 09:53:31,883 - processing completed: 300_111
2022-04-08 09:53:31,889 - processing started: 302_112 
2022-04-08 09:53:31,971 - processing completed: 302_112
2022-04-08 09:53:31,975 - processing started: 304_113 
2022-04-08 09:53:32,121 - processing completed: 304_113
2022-04-08 09:53:32,125 - processing started: 306_114 
2022-04-08 09:53:32,248 - processing completed: 306_114
2022-04-08 09:53:32,253 - processing started: 308_115 
2022-04-08 09:53:32,437 - processing completed: 308_115
2022-04-08 09:53:32,443 - processing started: 310_116 
2022-04-08 09:53:32,566 - processing completed: 310_116
2022-04-08 09:53:32,572 - processing started: 312_117 
2022-04-08 09:53:32,754 - processing completed: 312_117
2022-04-08 09:53:32,760 - processing started: 314_117 
2022-04-08 09:53:32,884 - processing completed: 314_117
2022-04-08 09:53:32,889 - processing started: 316_118 
2022-04-08 09:53:33,076 - processing completed: 316_118
2022-04-08 09:53:33,081 - processing started: 318_119 
2022-04-08 09:53:33,207 - processing completed: 318_119
2022-04-08 09:53:33,213 - processing started: 320_120 
2022-04-08 09:53:33,366 - processing completed: 320_120
2022-04-08 09:53:33,370 - processing started: 322_120 
2022-04-08 09:53:33,485 - processing completed: 322_120
2022-04-08 09:53:33,490 - processing started: 324_121 
2022-04-08 09:53:33,696 - processing completed: 324_121
2022-04-08 09:53:33,702 - processing started: 326_122 
2022-04-08 09:53:33,831 - processing completed: 326_122
2022-04-08 09:53:33,836 - processing started: 328_123 
2022-04-08 09:53:34,033 - processing completed: 328_123
2022-04-08 09:53:34,038 - processing started: 330_123 
2022-04-08 09:53:34,226 - processing completed: 330_123
2022-04-08 09:53:34,230 - processing started: 332_124 
2022-04-08 09:53:34,356 - processing completed: 332_124
2022-04-08 09:53:34,361 - processing started: 334_124 
2022-04-08 09:53:34,545 - processing completed: 334_124
2022-04-08 09:53:34,550 - processing started: 336_124 
2022-04-08 09:53:34,679 - processing completed: 336_124
2022-04-08 09:53:34,684 - processing started: 338_124 
2022-04-08 09:53:34,869 - processing completed: 338_124
2022-04-08 09:53:34,874 - processing started: 340_125 
2022-04-08 09:53:34,999 - processing completed: 340_125
2022-04-08 09:53:35,005 - processing started: 342_126 
2022-04-08 09:53:35,224 - processing completed: 342_126
2022-04-08 09:53:35,231 - processing started: 344_126 
2022-04-08 09:53:35,362 - processing completed: 344_126
2022-04-08 09:53:35,367 - processing started: 346_127 
2022-04-08 09:53:35,556 - processing completed: 346_127
2022-04-08 09:53:35,562 - processing started: 348_128 
2022-04-08 09:53:35,685 - processing completed: 348_128
2022-04-08 09:53:35,689 - processing started: 350_129 
2022-04-08 09:53:35,871 - processing completed: 350_129
2022-04-08 09:53:35,875 - processing started: 352_130 
2022-04-08 09:53:36,001 - processing completed: 352_130
2022-04-08 09:53:36,007 - processing started: 354_131 
2022-04-08 09:53:36,190 - processing completed: 354_131
2022-04-08 09:53:36,196 - processing started: 356_132 
2022-04-08 09:53:36,321 - processing completed: 356_132
2022-04-08 09:53:36,326 - processing started: 358_133 
2022-04-08 09:53:36,511 - processing completed: 358_133
2022-04-08 09:53:36,516 - processing started: 360_134 
2022-04-08 09:53:36,706 - processing completed: 360_134
2022-04-08 09:53:36,711 - processing started: 362_134 
2022-04-08 09:53:36,847 - processing completed: 362_134
2022-04-08 09:53:36,854 - processing started: 364_134 
2022-04-08 09:53:37,053 - processing completed: 364_134
2022-04-08 09:53:37,058 - processing started: 366_135 
2022-04-08 09:53:37,194 - processing completed: 366_135
2022-04-08 09:53:37,200 - processing started: 368_136 
2022-04-08 09:53:37,385 - processing completed: 368_136
2022-04-08 09:53:37,390 - processing started: 370_137 
2022-04-08 09:53:37,512 - processing completed: 370_137
2022-04-08 09:53:37,516 - processing started: 372_138 
2022-04-08 09:53:37,700 - processing completed: 372_138
2022-04-08 09:53:37,704 - processing started: 374_139 
2022-04-08 09:53:37,829 - processing completed: 374_139
2022-04-08 09:53:37,835 - processing started: 376_140 
2022-04-08 09:53:38,018 - processing completed: 376_140
2022-04-08 09:53:38,024 - processing started: 378_140 
2022-04-08 09:53:38,150 - processing completed: 378_140
2022-04-08 09:53:38,156 - processing started: 380_141 
2022-04-08 09:53:38,338 - processing completed: 380_141
2022-04-08 09:53:38,344 - processing started: 382_142 
2022-04-08 09:53:38,475 - processing completed: 382_142
2022-04-08 09:53:38,481 - processing started: 384_143 
2022-04-08 09:53:38,697 - processing completed: 384_143
2022-04-08 09:53:38,702 - processing started: 386_144 
2022-04-08 09:53:38,830 - processing completed: 386_144
2022-04-08 09:53:38,835 - processing started: 388_145 
2022-04-08 09:53:39,020 - processing completed: 388_145
2022-04-08 09:53:39,026 - processing started: 390_145 
2022-04-08 09:53:39,212 - processing completed: 390_145
2022-04-08 09:53:39,216 - processing started: 392_145 
2022-04-08 09:53:39,340 - processing completed: 392_145
2022-04-08 09:53:39,345 - processing started: 394_146 
2022-04-08 09:53:39,529 - processing completed: 394_146
2022-04-08 09:53:39,535 - processing started: 396_147 
2022-04-08 09:53:39,658 - processing completed: 396_147
2022-04-08 09:53:39,663 - processing started: 398_147 
2022-04-08 09:53:39,850 - processing completed: 398_147
2022-04-08 09:53:39,855 - processing started: 400_148 
2022-04-08 09:53:39,982 - processing completed: 400_148
2022-04-08 09:53:39,987 - processing started: 402_149 
2022-04-08 09:53:40,182 - processing completed: 402_149
2022-04-08 09:53:40,187 - processing started: 404_149 
2022-04-08 09:53:40,340 - processing completed: 404_149
2022-04-08 09:53:40,346 - processing started: 406_150 
2022-04-08 09:53:40,541 - processing completed: 406_150
2022-04-08 09:53:40,546 - processing started: 408_151 
2022-04-08 09:53:40,675 - processing completed: 408_151
2022-04-08 09:53:40,680 - processing started: 410_152 
2022-04-08 09:53:40,863 - processing completed: 410_152
2022-04-08 09:53:40,867 - processing started: 412_153 
2022-04-08 09:53:40,990 - processing completed: 412_153
2022-04-08 09:53:40,994 - processing started: 414_154 
2022-04-08 09:53:41,177 - processing completed: 414_154
2022-04-08 09:53:41,181 - processing started: 416_155 
2022-04-08 09:53:41,305 - processing completed: 416_155
2022-04-08 09:53:41,310 - processing started: 418_156 
2022-04-08 09:53:41,495 - processing completed: 418_156
2022-04-08 09:53:41,500 - processing started: 420_157 
2022-04-08 09:53:41,687 - processing completed: 420_157
2022-04-08 09:53:41,691 - processing started: 422_157 
2022-04-08 09:53:41,821 - processing completed: 422_157
2022-04-08 09:53:41,826 - processing started: 424_158 
2022-04-08 09:53:42,034 - processing completed: 424_158
2022-04-08 09:53:42,040 - processing started: 426_159 
2022-04-08 09:53:42,169 - processing completed: 426_159
2022-04-08 09:53:42,175 - processing started: 428_160 
2022-04-08 09:53:42,364 - processing completed: 428_160
2022-04-08 09:53:42,370 - processing started: 430_160 
2022-04-08 09:53:42,495 - processing completed: 430_160
2022-04-08 09:53:42,501 - processing started: 432_161 
2022-04-08 09:53:42,692 - processing completed: 432_161
2022-04-08 09:53:42,696 - processing started: 434_162 
2022-04-08 09:53:42,819 - processing completed: 434_162
2022-04-08 09:53:42,824 - processing started: 436_163 
2022-04-08 09:53:43,006 - processing completed: 436_163
2022-04-08 09:53:43,010 - processing started: 438_164 
2022-04-08 09:53:43,134 - processing completed: 438_164
2022-04-08 09:53:43,139 - processing started: 440_165 
2022-04-08 09:53:43,322 - processing completed: 440_165
2022-04-08 09:53:43,328 - processing started: 442_166 
2022-04-08 09:53:43,472 - processing completed: 442_166
2022-04-08 09:53:43,477 - processing started: 444_167 
2022-04-08 09:53:43,700 - processing completed: 444_167
2022-04-08 09:53:43,708 - processing started: 446_167 
2022-04-08 09:53:43,899 - processing completed: 446_167
2022-04-08 09:53:43,904 - processing started: 448_168 
2022-04-08 09:53:44,028 - processing completed: 448_168
2022-04-08 09:53:44,032 - processing started: 450_168 
2022-04-08 09:53:44,220 - processing completed: 450_168
2022-04-08 09:53:44,225 - processing started: 452_169 
2022-04-08 09:53:44,350 - processing completed: 452_169
2022-04-08 09:53:44,355 - processing started: 454_170 
2022-04-08 09:53:44,540 - processing completed: 454_170
2022-04-08 09:53:44,545 - processing started: 456_171 
2022-04-08 09:53:44,674 - processing completed: 456_171
2022-04-08 09:53:44,679 - processing started: 458_171 
2022-04-08 09:53:44,868 - processing completed: 458_171
2022-04-08 09:53:44,873 - processing started: 460_172 
2022-04-08 09:53:44,996 - processing completed: 460_172
2022-04-08 09:53:45,000 - processing started: 462_173 
2022-04-08 09:53:45,212 - processing completed: 462_173
2022-04-08 09:53:45,218 - processing started: 464_174 
2022-04-08 09:53:45,357 - processing completed: 464_174
2022-04-08 09:53:45,362 - processing started: 466_174 
2022-04-08 09:53:45,555 - processing completed: 466_174
2022-04-08 09:53:45,560 - processing started: 468_175 
2022-04-08 09:53:45,688 - processing completed: 468_175
2022-04-08 09:53:45,693 - processing started: 470_176 
2022-04-08 09:53:45,878 - processing completed: 470_176
2022-04-08 09:53:45,884 - processing started: 472_177 
2022-04-08 09:53:46,007 - processing completed: 472_177
2022-04-08 09:53:46,012 - processing started: 474_178 
2022-04-08 09:53:46,196 - processing completed: 474_178
2022-04-08 09:53:46,200 - processing started: 476_178 
2022-04-08 09:53:46,385 - processing completed: 476_178
2022-04-08 09:53:46,389 - processing started: 478_179 
2022-04-08 09:53:46,513 - processing completed: 478_179
2022-04-08 09:53:46,517 - processing started: 480_180 
2022-04-08 09:53:46,704 - processing completed: 480_180
2022-04-08 09:53:46,709 - processing started: 482_180 
2022-04-08 09:53:46,833 - processing completed: 482_180
2022-04-08 09:53:46,838 - processing started: 484_181 
2022-04-08 09:53:47,045 - processing completed: 484_181
2022-04-08 09:53:47,050 - processing started: 486_182 
2022-04-08 09:53:47,181 - processing completed: 486_182
2022-04-08 09:53:47,186 - processing started: 488_183 
2022-04-08 09:53:47,377 - processing completed: 488_183
2022-04-08 09:53:47,382 - processing started: 490_183 
2022-04-08 09:53:47,507 - processing completed: 490_183
2022-04-08 09:53:47,512 - processing started: 492_184 
2022-04-08 09:53:47,696 - processing completed: 492_184
2022-04-08 09:53:47,701 - processing started: 494_184 
2022-04-08 09:53:47,831 - processing completed: 494_184
2022-04-08 09:53:47,836 - processing started: 496_185 
2022-04-08 09:53:48,018 - processing completed: 496_185
2022-04-08 09:53:48,023 - processing started: 498_186 
2022-04-08 09:53:48,148 - processing completed: 498_186
2022-04-08 09:53:48,153 - processing started: 500_187 
2022-04-08 09:53:48,337 - processing completed: 500_187
2022-04-08 09:53:48,342 - processing started: 502_188 
2022-04-08 09:53:48,466 - processing completed: 502_188
2022-04-08 09:53:48,471 - processing started: 504_188 
2022-04-08 09:53:48,663 - processing completed: 504_188
2022-04-08 09:53:48,669 - processing started: 506_189 
2022-04-08 09:53:48,861 - processing completed: 506_189
2022-04-08 09:53:48,865 - processing started: 508_190 
2022-04-08 09:53:48,993 - processing completed: 508_190
2022-04-08 09:53:48,999 - processing started: 510_191 
2022-04-08 09:53:49,190 - processing completed: 510_191
2022-04-08 09:53:49,194 - processing started: 512_192 
2022-04-08 09:53:49,315 - processing completed: 512_192
2022-04-08 09:53:49,321 - processing started: 514_192 
2022-04-08 09:53:49,505 - processing completed: 514_192
2022-04-08 09:53:49,510 - processing started: 516_193 
2022-04-08 09:53:49,635 - processing completed: 516_193
2022-04-08 09:53:49,640 - processing started: 518_194 
2022-04-08 09:53:49,822 - processing completed: 518_194
2022-04-08 09:53:49,828 - processing started: 520_195 
2022-04-08 09:53:49,953 - processing completed: 520_195
2022-04-08 09:53:49,957 - processing started: 522_196 
2022-04-08 09:53:50,147 - processing completed: 522_196
2022-04-08 09:53:50,152 - processing started: 524_196 
2022-04-08 09:53:50,277 - processing completed: 524_196
2022-04-08 09:53:50,282 - processing started: 526_196 
2022-04-08 09:53:50,489 - processing completed: 526_196
2022-04-08 09:53:50,493 - processing started: 528_197 
2022-04-08 09:53:50,625 - processing completed: 528_197
2022-04-08 09:53:50,630 - processing started: 530_197 
2022-04-08 09:53:50,821 - processing completed: 530_197
2022-04-08 09:53:50,826 - processing started: 532_198 
2022-04-08 09:53:50,949 - processing completed: 532_198
2022-04-08 09:53:50,953 - processing started: 534_199 
2022-04-08 09:53:51,134 - processing completed: 534_199
2022-04-08 09:53:51,138 - processing started: 536_200 
2022-04-08 09:53:51,328 - processing completed: 536_200
2022-04-08 09:53:51,333 - processing started: 538_201 
2022-04-08 09:53:51,456 - processing completed: 538_201
2022-04-08 09:53:51,461 - processing started: 540_202 
2022-04-08 09:53:51,649 - processing completed: 540_202
2022-04-08 09:53:51,654 - processing started: 542_203 
2022-04-08 09:53:51,777 - processing completed: 542_203
2022-04-08 09:53:51,782 - processing started: 544_204 
2022-04-08 09:53:51,967 - processing completed: 544_204
2022-04-08 09:53:51,972 - processing started: 546_205 
2022-04-08 09:53:52,115 - processing completed: 546_205
2022-04-08 09:53:52,120 - processing started: 548_206 
2022-04-08 09:53:52,318 - processing completed: 548_206
2022-04-08 09:53:52,322 - processing started: 550_207 
2022-04-08 09:53:52,450 - processing completed: 550_207
2022-04-08 09:53:52,455 - processing started: 552_207 
2022-04-08 09:53:52,642 - processing completed: 552_207
2022-04-08 09:53:52,646 - processing started: 554_208 
2022-04-08 09:53:52,768 - processing completed: 554_208
2022-04-08 09:53:52,773 - processing started: 556_209 
2022-04-08 09:53:52,959 - processing completed: 556_209
2022-04-08 09:53:52,964 - processing started: 558_210 
2022-04-08 09:53:53,089 - processing completed: 558_210
2022-04-08 09:53:53,094 - processing started: 560_211 
2022-04-08 09:53:53,278 - processing completed: 560_211
2022-04-08 09:53:53,282 - processing started: 562_212 
2022-04-08 09:53:53,408 - processing completed: 562_212
2022-04-08 09:53:53,412 - processing started: 564_213 
2022-04-08 09:53:53,598 - processing completed: 564_213
2022-04-08 09:53:53,602 - processing started: 566_214 
2022-04-08 09:53:53,808 - processing completed: 566_214
2022-04-08 09:53:53,814 - processing started: 568_214 
2022-04-08 09:53:53,945 - processing completed: 568_214
2022-04-08 09:53:53,951 - processing started: 570_214 
2022-04-08 09:53:54,170 - processing completed: 570_214
2022-04-08 09:53:54,176 - processing started: 572_215 
2022-04-08 09:53:54,303 - processing completed: 572_215
2022-04-08 09:53:54,308 - processing started: 574_216 
2022-04-08 09:53:54,491 - processing completed: 574_216
2022-04-08 09:53:54,495 - processing started: 576_217 
2022-04-08 09:53:54,620 - processing completed: 576_217
2022-04-08 09:53:54,625 - processing started: 578_218 
2022-04-08 09:53:54,808 - processing completed: 578_218
2022-04-08 09:53:54,814 - processing started: 580_219 
2022-04-08 09:53:54,937 - processing completed: 580_219
2022-04-08 09:53:54,942 - processing started: 582_220 
2022-04-08 09:53:55,131 - processing completed: 582_220
2022-04-08 09:53:55,136 - processing started: 584_221 
2022-04-08 09:53:55,266 - processing completed: 584_221
2022-04-08 09:53:55,272 - processing started: 586_221 
2022-04-08 09:53:55,475 - processing completed: 586_221
2022-04-08 09:53:55,480 - processing started: 588_222 
2022-04-08 09:53:55,611 - processing completed: 588_222
2022-04-08 09:53:55,616 - processing started: 590_222 
2022-04-08 09:53:55,805 - processing completed: 590_222
2022-04-08 09:53:55,811 - processing started: 592_223 
2022-04-08 09:53:55,908 - processing completed: 592_223
2022-04-08 09:53:55,912 - processing started: 594_224 
2022-04-08 09:53:56,118 - processing completed: 594_224
2022-04-08 09:53:56,123 - processing started: 596_224 
2022-04-08 09:53:56,340 - processing completed: 596_224
2022-04-08 09:53:56,344 - processing started: 598_225 
2022-04-08 09:53:56,446 - processing completed: 598_225
2022-04-08 09:53:56,450 - processing started: 600_225 
2022-04-08 09:53:56,615 - processing completed: 600_225
2022-04-08 09:53:56,619 - processing started: 602_226 
2022-04-08 09:53:56,722 - processing completed: 602_226
2022-04-08 09:53:56,726 - processing started: 604_226 
2022-04-08 09:53:56,890 - processing completed: 604_226
2022-04-08 09:53:56,894 - processing started: 606_227 
2022-04-08 09:53:57,018 - processing completed: 606_227
2022-04-08 09:53:57,023 - processing started: 608_227 
2022-04-08 09:53:57,245 - processing completed: 608_227
2022-04-08 09:53:57,250 - processing started: 610_227 
2022-04-08 09:53:57,356 - processing completed: 610_227
2022-04-08 09:53:57,361 - processing started: 612_227 
2022-04-08 09:53:57,595 - processing completed: 612_227
2022-04-08 09:53:57,600 - processing started: 614_227 
2022-04-08 09:53:57,702 - processing completed: 614_227
2022-04-08 09:53:57,707 - processing started: 616_228 
2022-04-08 09:53:57,864 - processing completed: 616_228
2022-04-08 09:53:57,868 - processing started: 618_229 
2022-04-08 09:53:57,972 - processing completed: 618_229
2022-04-08 09:53:57,977 - processing started: 620_230 
2022-04-08 09:53:58,136 - processing completed: 620_230
2022-04-08 09:53:58,141 - processing started: 622_230 
2022-04-08 09:53:58,242 - processing completed: 622_230
2022-04-08 09:53:58,245 - processing started: 624_231 
2022-04-08 09:53:58,405 - processing completed: 624_231
2022-04-08 09:53:58,409 - processing started: 626_232 
2022-04-08 09:53:58,569 - processing completed: 626_232
2022-04-08 09:53:58,572 - processing started: 628_232 
2022-04-08 09:53:58,668 - processing completed: 628_232
2022-04-08 09:53:58,673 - processing started: 630_232 
2022-04-08 09:53:58,860 - processing completed: 630_232
2022-04-08 09:53:58,864 - processing started: 632_233 
2022-04-08 09:53:58,974 - processing completed: 632_233
2022-04-08 09:53:58,980 - processing started: 634_234 
2022-04-08 09:53:59,149 - processing completed: 634_234
2022-04-08 09:53:59,153 - processing started: 636_234 
2022-04-08 09:53:59,250 - processing completed: 636_234
2022-04-08 09:53:59,253 - processing started: 638_235 
2022-04-08 09:53:59,437 - processing completed: 638_235
2022-04-08 09:53:59,442 - processing started: 640_236 
2022-04-08 09:53:59,568 - processing completed: 640_236
2022-04-08 09:53:59,572 - processing started: 642_236 
2022-04-08 09:53:59,759 - processing completed: 642_236
2022-04-08 09:53:59,763 - processing started: 644_237 
2022-04-08 09:53:59,886 - processing completed: 644_237
2022-04-08 09:53:59,892 - processing started: 646_238 
2022-04-08 09:54:00,080 - processing completed: 646_238
2022-04-08 09:54:00,085 - processing started: 648_239 
2022-04-08 09:54:00,210 - processing completed: 648_239
2022-04-08 09:54:00,214 - processing started: 650_240 
2022-04-08 09:54:00,400 - processing completed: 650_240
2022-04-08 09:54:00,404 - processing started: 652_240 
2022-04-08 09:54:00,556 - processing completed: 652_240
2022-04-08 09:54:00,560 - processing started: 654_241 
2022-04-08 09:54:00,767 - processing completed: 654_241
2022-04-08 09:54:00,771 - processing started: 656_242 
2022-04-08 09:54:00,967 - processing completed: 656_242
2022-04-08 09:54:00,973 - processing started: 658_243 
2022-04-08 09:54:01,097 - processing completed: 658_243
2022-04-08 09:54:01,102 - processing started: 660_243 
2022-04-08 09:54:01,287 - processing completed: 660_243
2022-04-08 09:54:01,291 - processing started: 662_244 
2022-04-08 09:54:01,375 - processing completed: 662_244
2022-04-08 09:54:01,378 - processing started: 664_245 
2022-04-08 09:54:01,518 - processing completed: 664_245
2022-04-08 09:54:01,521 - processing started: 666_246 
2022-04-08 09:54:01,607 - processing completed: 666_246
2022-04-08 09:54:01,610 - processing started: 668_247 
2022-04-08 09:54:01,750 - processing completed: 668_247
2022-04-08 09:54:01,753 - processing started: 670_248 
2022-04-08 09:54:01,832 - processing completed: 670_248
2022-04-08 09:54:01,835 - processing started: 672_248 
2022-04-08 09:54:01,972 - processing completed: 672_248
2022-04-08 09:54:01,976 - processing started: 674_249 
2022-04-08 09:54:02,054 - processing completed: 674_249
2022-04-08 09:54:02,058 - processing started: 676_250 
2022-04-08 09:54:02,210 - processing completed: 676_250
2022-04-08 09:54:02,214 - processing started: 678_251 
2022-04-08 09:54:02,305 - processing completed: 678_251
2022-04-08 09:54:02,310 - processing started: 680_252 
2022-04-08 09:54:02,463 - processing completed: 680_252
2022-04-08 09:54:02,468 - processing started: 682_252 
2022-04-08 09:54:02,550 - processing completed: 682_252
2022-04-08 09:54:02,554 - processing started: 684_253 
2022-04-08 09:54:02,726 - processing completed: 684_253
2022-04-08 09:54:02,730 - processing started: 686_254 
2022-04-08 09:54:02,897 - processing completed: 686_254
2022-04-08 09:54:02,901 - processing started: 688_255 
2022-04-08 09:54:03,006 - processing completed: 688_255
2022-04-08 09:54:03,011 - processing started: 690_256 
2022-04-08 09:54:03,186 - processing completed: 690_256
2022-04-08 09:54:03,189 - processing started: 692_257 
2022-04-08 09:54:03,296 - processing completed: 692_257
2022-04-08 09:54:03,300 - processing started: 694_257 
2022-04-08 09:54:03,466 - processing completed: 694_257
2022-04-08 09:54:03,469 - processing started: 696_258 
2022-04-08 09:54:03,575 - processing completed: 696_258
2022-04-08 09:54:03,579 - processing started: 698_258 
2022-04-08 09:54:03,748 - processing completed: 698_258
2022-04-08 09:54:03,752 - processing started: 700_259 
2022-04-08 09:54:03,845 - processing completed: 700_259
2022-04-08 09:54:03,849 - processing started: 702_260 
2022-04-08 09:54:04,057 - processing completed: 702_260
2022-04-08 09:54:04,062 - processing started: 704_261 
2022-04-08 09:54:04,177 - processing completed: 704_261
2022-04-08 09:54:04,182 - processing started: 706_261 
2022-04-08 09:54:04,362 - processing completed: 706_261
2022-04-08 09:54:04,366 - processing started: 708_262 
2022-04-08 09:54:04,464 - processing completed: 708_262
2022-04-08 09:54:04,468 - processing started: 710_263 
2022-04-08 09:54:04,634 - processing completed: 710_263
2022-04-08 09:54:04,638 - processing started: 712_264 
2022-04-08 09:54:04,805 - processing completed: 712_264
2022-04-08 09:54:04,810 - processing started: 714_264 
2022-04-08 09:54:04,909 - processing completed: 714_264
2022-04-08 09:54:04,913 - processing started: 716_265 
2022-04-08 09:54:05,070 - processing completed: 716_265
2022-04-08 09:54:05,074 - processing started: 718_266 
2022-04-08 09:54:05,174 - processing completed: 718_266
2022-04-08 09:54:05,179 - processing started: 720_267 
2022-04-08 09:54:05,339 - processing completed: 720_267
2022-04-08 09:54:05,343 - processing started: 722_267 
2022-04-08 09:54:05,442 - processing completed: 722_267
2022-04-08 09:54:05,446 - processing started: 724_267 
2022-04-08 09:54:05,608 - processing completed: 724_267
2022-04-08 09:54:05,614 - processing started: 726_268 
2022-04-08 09:54:05,730 - processing completed: 726_268
2022-04-08 09:54:05,737 - processing started: 728_268 
2022-04-08 09:54:05,918 - processing completed: 728_268
2022-04-08 09:54:05,923 - processing started: 730_268 
2022-04-08 09:54:06,026 - processing completed: 730_268
2022-04-08 09:54:06,031 - processing started: 732_268 
2022-04-08 09:54:06,192 - processing completed: 732_268
2022-04-08 09:54:06,197 - processing started: 734_268 
2022-04-08 09:54:06,294 - processing completed: 734_268
2022-04-08 09:54:06,297 - processing started: 736_269 
2022-04-08 09:54:06,456 - processing completed: 736_269
2022-04-08 09:54:06,461 - processing started: 738_270 
2022-04-08 09:54:06,571 - processing completed: 738_270
2022-04-08 09:54:06,575 - processing started: 740_271 
2022-04-08 09:54:06,746 - processing completed: 740_271
2022-04-08 09:54:06,750 - processing started: 742_272 
2022-04-08 09:54:06,905 - processing completed: 742_272
2022-04-08 09:54:06,910 - processing started: 744_272 
2022-04-08 09:54:07,006 - processing completed: 744_272
2022-04-08 09:54:07,010 - processing started: 746_273 
2022-04-08 09:54:07,172 - processing completed: 746_273
2022-04-08 09:54:07,177 - processing started: 748_274 
2022-04-08 09:54:07,277 - processing completed: 748_274
2022-04-08 09:54:07,282 - processing started: 750_274 
2022-04-08 09:54:07,457 - processing completed: 750_274
2022-04-08 09:54:07,463 - processing started: 752_275 
2022-04-08 09:54:07,563 - processing completed: 752_275
2022-04-08 09:54:07,567 - processing started: 754_275 
2022-04-08 09:54:07,732 - processing completed: 754_275
2022-04-08 09:54:07,738 - processing started: 756_276 
2022-04-08 09:54:07,833 - processing completed: 756_276
2022-04-08 09:54:07,837 - processing started: 758_277 
2022-04-08 09:54:08,001 - processing completed: 758_277
2022-04-08 09:54:08,004 - processing started: 760_278 
2022-04-08 09:54:08,107 - processing completed: 760_278
2022-04-08 09:54:08,112 - processing started: 762_278 
2022-04-08 09:54:08,276 - processing completed: 762_278
2022-04-08 09:54:08,281 - processing started: 764_279 
2022-04-08 09:54:08,378 - processing completed: 764_279
2022-04-08 09:54:08,382 - processing started: 766_280 
2022-04-08 09:54:08,528 - processing completed: 766_280
2022-04-08 09:54:08,532 - processing started: 768_281 
2022-04-08 09:54:08,620 - processing completed: 768_281
2022-04-08 09:54:08,623 - processing started: 770_282 
2022-04-08 09:54:08,770 - processing completed: 770_282
2022-04-08 09:54:08,773 - processing started: 772_283 
2022-04-08 09:54:08,932 - processing completed: 772_283
2022-04-08 09:54:08,937 - processing started: 774_284 
2022-04-08 09:54:09,035 - processing completed: 774_284
2022-04-08 09:54:09,041 - processing started: 776_285 
2022-04-08 09:54:09,212 - processing completed: 776_285
2022-04-08 09:54:09,216 - processing started: 778_285 
2022-04-08 09:54:09,306 - processing completed: 778_285
2022-04-08 09:54:09,309 - processing started: 780_286 
2022-04-08 09:54:09,537 - processing completed: 780_286
2022-04-08 09:54:09,543 - processing started: 782_287 
2022-04-08 09:54:09,625 - processing completed: 782_287
2022-04-08 09:54:09,629 - processing started: 784_288 
2022-04-08 09:54:09,767 - processing completed: 784_288
2022-04-08 09:54:09,772 - processing started: 786_289 
2022-04-08 09:54:09,855 - processing completed: 786_289
2022-04-08 09:54:09,859 - processing started: 788_290 
2022-04-08 09:54:10,000 - processing completed: 788_290
2022-04-08 09:54:10,004 - processing started: 790_290 
2022-04-08 09:54:10,086 - processing completed: 790_290
2022-04-08 09:54:10,089 - processing started: 792_291 
2022-04-08 09:54:10,235 - processing completed: 792_291
2022-04-08 09:54:10,238 - processing started: 794_292 
2022-04-08 09:54:10,318 - processing completed: 794_292
2022-04-08 09:54:10,322 - processing started: 796_293 
2022-04-08 09:54:10,431 - processing completed: 796_293
2022-04-08 09:54:10,434 - processing started: 798_294 
2022-04-08 09:54:10,483 - processing completed: 798_294
2022-04-08 09:54:10,487 - processing started: 800_295 
2022-04-08 09:54:10,631 - processing completed: 800_295
2022-04-08 09:54:10,635 - processing started: 802_296 
2022-04-08 09:54:10,802 - processing completed: 802_296
2022-04-08 09:54:10,806 - processing started: 804_296 
2022-04-08 09:54:10,893 - processing completed: 804_296
2022-04-08 09:54:10,896 - processing started: 806_297 
2022-04-08 09:54:11,135 - processing completed: 806_297
2022-04-08 09:54:11,143 - processing started: 808_298 
2022-04-08 09:54:11,227 - processing completed: 808_298
2022-04-08 09:54:11,230 - processing started: 810_299 
2022-04-08 09:54:11,368 - processing completed: 810_299
2022-04-08 09:54:11,372 - processing started: 0_0 
2022-04-08 09:54:11,373 - Closing connection (200): Normal shutdown
2022-04-08 09:54:11,373 - Closing channel (200): 'Normal shutdown' on <Channel number=1 OPEN conn=<SelectConnection OPEN transport=<pika.adapters.utils.io_services_utils._AsyncPlaintextTransport object at 0x1208fa1c0> params=<ConnectionParameters host=localhost port=5672 virtual_host=/ ssl=False>>>
2022-04-08 09:54:11,373 - Received <Channel.CloseOk> on <Channel number=1 CLOSING conn=<SelectConnection OPEN transport=<pika.adapters.utils.io_services_utils._AsyncPlaintextTransport object at 0x1208fa1c0> params=<ConnectionParameters host=localhost port=5672 virtual_host=/ ssl=False>>>
2022-04-08 09:54:11,374 - Closing connection (200): 'Normal shutdown'
2022-04-08 09:54:11,374 - Aborting transport connection: state=1; <socket.socket fd=22, family=AddressFamily.AF_INET, type=SocketKind.SOCK_STREAM, proto=6, laddr=('127.0.0.1', 51291), raddr=('127.0.0.1', 5672)>
2022-04-08 09:54:11,374 - _AsyncTransportBase._initate_abort(): Initiating abrupt asynchronous transport shutdown: state=1; error=None; <socket.socket fd=22, family=AddressFamily.AF_INET, type=SocketKind.SOCK_STREAM, proto=6, laddr=('127.0.0.1', 51291), raddr=('127.0.0.1', 5672)>
2022-04-08 09:54:11,375 - Deactivating transport: state=1; <socket.socket fd=22, family=AddressFamily.AF_INET, type=SocketKind.SOCK_STREAM, proto=6, laddr=('127.0.0.1', 51291), raddr=('127.0.0.1', 5672)>
2022-04-08 09:54:11,375 - AMQP stack terminated, failed to connect, or aborted: opened=True, error-arg=None; pending-error=ConnectionClosedByClient: (200) 'Normal shutdown'
2022-04-08 09:54:11,375 - Stack terminated due to ConnectionClosedByClient: (200) 'Normal shutdown'
2022-04-08 09:54:11,375 - Closing transport socket and unlinking: state=3; <socket.socket fd=22, family=AddressFamily.AF_INET, type=SocketKind.SOCK_STREAM, proto=6, laddr=('127.0.0.1', 51291), raddr=('127.0.0.1', 5672)>
2022-04-08 09:54:11,375 - User-initiated close: result=BlockingConnection__OnClosedArgs(connection=<SelectConnection CLOSED transport=None params=<ConnectionParameters host=localhost port=5672 virtual_host=/ ssl=False>>, error=ConnectionClosedByClient: (200) 'Normal shutdown')
2022-04-08 09:54:11,376 - PID 78337 completed loading and processing
