2022-04-08 09:49:28,693 - PID 77568 started loading and processing
2022-04-08 09:49:28,700 - Pika version 1.2.0 connecting to ('::1', 5672, 0, 0)
2022-04-08 09:49:28,700 - Socket failed to connect: <socket.socket fd=22, family=AddressFamily.AF_INET6, type=SocketKind.SOCK_STREAM, proto=6, laddr=('::1', 51206, 0, 0)>; error=61 (Connection refused)
2022-04-08 09:49:28,701 - TCP Connection attempt failed: ConnectionRefusedError(61, 'Connection refused'); dest=(<AddressFamily.AF_INET6: 30>, <SocketKind.SOCK_STREAM: 1>, 6, '', ('::1', 5672, 0, 0))
2022-04-08 09:49:28,701 - AMQPConnector - reporting failure: AMQPConnectorSocketConnectError: ConnectionRefusedError(61, 'Connection refused')
2022-04-08 09:49:28,701 - Pika version 1.2.0 connecting to ('127.0.0.1', 5672)
2022-04-08 09:49:28,701 - Socket connected: <socket.socket fd=22, family=AddressFamily.AF_INET, type=SocketKind.SOCK_STREAM, proto=6, laddr=('127.0.0.1', 51207), raddr=('127.0.0.1', 5672)>
2022-04-08 09:49:28,702 - Streaming transport linked up: (<pika.adapters.utils.io_services_utils._AsyncPlaintextTransport object at 0x1221951c0>, _StreamingProtocolShim: <SelectConnection PROTOCOL transport=<pika.adapters.utils.io_services_utils._AsyncPlaintextTransport object at 0x1221951c0> params=<ConnectionParameters host=localhost port=5672 virtual_host=/ ssl=False>>).
2022-04-08 09:49:28,706 - AMQPConnector - reporting success: <SelectConnection OPEN transport=<pika.adapters.utils.io_services_utils._AsyncPlaintextTransport object at 0x1221951c0> params=<ConnectionParameters host=localhost port=5672 virtual_host=/ ssl=False>>
2022-04-08 09:49:28,706 - AMQPConnectionWorkflow - reporting success: <SelectConnection OPEN transport=<pika.adapters.utils.io_services_utils._AsyncPlaintextTransport object at 0x1221951c0> params=<ConnectionParameters host=localhost port=5672 virtual_host=/ ssl=False>>
2022-04-08 09:49:28,706 - Connection workflow succeeded: <SelectConnection OPEN transport=<pika.adapters.utils.io_services_utils._AsyncPlaintextTransport object at 0x1221951c0> params=<ConnectionParameters host=localhost port=5672 virtual_host=/ ssl=False>>
2022-04-08 09:49:28,706 - Created channel=1
2022-04-08 09:49:28,708 - Logging before start consuming
2022-04-08 09:49:29,763 - processing started: 1_000 
2022-04-08 09:49:29,967 - processing completed: 1_000
2022-04-08 09:49:29,988 - processing started: 3_001 
2022-04-08 09:49:30,203 - processing completed: 3_001
2022-04-08 09:49:30,207 - processing started: 5_002 
2022-04-08 09:49:30,420 - processing completed: 5_002
2022-04-08 09:49:30,425 - processing started: 7_003 
2022-04-08 09:49:30,576 - processing completed: 7_003
2022-04-08 09:49:30,581 - processing started: 9_003 
2022-04-08 09:49:30,804 - processing completed: 9_003
2022-04-08 09:49:30,809 - processing started: 11_004 
2022-04-08 09:49:30,853 - processing completed: 11_004
2022-04-08 09:49:30,855 - processing started: 13_005 
2022-04-08 09:49:31,094 - processing completed: 13_005
2022-04-08 09:49:31,099 - processing started: 15_005 
2022-04-08 09:49:31,274 - processing completed: 15_005
2022-04-08 09:49:31,280 - processing started: 17_006 
2022-04-08 09:49:31,430 - processing completed: 17_006
2022-04-08 09:49:31,434 - processing started: 19_007 
2022-04-08 09:49:31,597 - processing completed: 19_007
2022-04-08 09:49:31,603 - processing started: 21_008 
2022-04-08 09:49:31,816 - processing completed: 21_008
2022-04-08 09:49:31,822 - processing started: 23_009 
2022-04-08 09:49:32,000 - processing completed: 23_009
2022-04-08 09:49:32,006 - processing started: 25_010 
2022-04-08 09:49:32,240 - processing completed: 25_010
2022-04-08 09:49:32,246 - processing started: 27_011 
2022-04-08 09:49:32,434 - processing completed: 27_011
2022-04-08 09:49:32,440 - processing started: 29_012 
2022-04-08 09:49:32,567 - processing completed: 29_012
2022-04-08 09:49:32,570 - processing started: 31_013 
2022-04-08 09:49:32,697 - processing completed: 31_013
2022-04-08 09:49:32,702 - processing started: 33_014 
2022-04-08 09:49:32,863 - processing completed: 33_014
2022-04-08 09:49:32,868 - processing started: 35_014 
2022-04-08 09:49:33,022 - processing completed: 35_014
2022-04-08 09:49:33,026 - processing started: 37_014 
2022-04-08 09:49:33,119 - processing completed: 37_014
2022-04-08 09:49:33,123 - processing started: 39_015 
2022-04-08 09:49:33,299 - processing completed: 39_015
2022-04-08 09:49:33,304 - processing started: 41_015 
2022-04-08 09:49:33,429 - processing completed: 41_015
2022-04-08 09:49:33,433 - processing started: 43_016 
2022-04-08 09:49:33,605 - processing completed: 43_016
2022-04-08 09:49:33,609 - processing started: 45_017 
2022-04-08 09:49:33,717 - processing completed: 45_017
2022-04-08 09:49:33,721 - processing started: 47_017 
2022-04-08 09:49:33,896 - processing completed: 47_017
2022-04-08 09:49:33,901 - processing started: 49_018 
2022-04-08 09:49:33,998 - processing completed: 49_018
2022-04-08 09:49:34,002 - processing started: 51_019 
2022-04-08 09:49:34,167 - processing completed: 51_019
2022-04-08 09:49:34,171 - processing started: 53_020 
2022-04-08 09:49:34,264 - processing completed: 53_020
2022-04-08 09:49:34,269 - processing started: 55_021 
2022-04-08 09:49:34,448 - processing completed: 55_021
2022-04-08 09:49:34,453 - processing started: 57_022 
2022-04-08 09:49:34,548 - processing completed: 57_022
2022-04-08 09:49:34,552 - processing started: 59_023 
2022-04-08 09:49:34,711 - processing completed: 59_023
2022-04-08 09:49:34,715 - processing started: 61_023 
2022-04-08 09:49:34,804 - processing completed: 61_023
2022-04-08 09:49:34,807 - processing started: 63_024 
2022-04-08 09:49:34,971 - processing completed: 63_024
2022-04-08 09:49:34,974 - processing started: 65_024 
2022-04-08 09:49:35,154 - processing completed: 65_024
2022-04-08 09:49:35,158 - processing started: 67_025 
2022-04-08 09:49:35,258 - processing completed: 67_025
2022-04-08 09:49:35,262 - processing started: 69_026 
2022-04-08 09:49:35,424 - processing completed: 69_026
2022-04-08 09:49:35,427 - processing started: 71_027 
2022-04-08 09:49:35,525 - processing completed: 71_027
2022-04-08 09:49:35,528 - processing started: 73_028 
2022-04-08 09:49:35,673 - processing completed: 73_028
2022-04-08 09:49:35,676 - processing started: 75_029 
2022-04-08 09:49:35,770 - processing completed: 75_029
2022-04-08 09:49:35,776 - processing started: 77_030 
2022-04-08 09:49:35,936 - processing completed: 77_030
2022-04-08 09:49:35,940 - processing started: 79_030 
2022-04-08 09:49:36,031 - processing completed: 79_030
2022-04-08 09:49:36,035 - processing started: 81_031 
2022-04-08 09:49:36,195 - processing completed: 81_031
2022-04-08 09:49:36,198 - processing started: 83_032 
2022-04-08 09:49:36,332 - processing completed: 83_032
2022-04-08 09:49:36,337 - processing started: 85_032 
2022-04-08 09:49:36,545 - processing completed: 85_032
2022-04-08 09:49:36,550 - processing started: 87_032 
2022-04-08 09:49:36,715 - processing completed: 87_032
2022-04-08 09:49:36,720 - processing started: 89_033 
2022-04-08 09:49:36,891 - processing completed: 89_033
2022-04-08 09:49:36,896 - processing started: 91_033 
2022-04-08 09:49:36,999 - processing completed: 91_033
2022-04-08 09:49:37,003 - processing started: 93_034 
2022-04-08 09:49:37,166 - processing completed: 93_034
2022-04-08 09:49:37,170 - processing started: 95_035 
2022-04-08 09:49:37,375 - processing completed: 95_035
2022-04-08 09:49:37,379 - processing started: 97_035 
2022-04-08 09:49:37,485 - processing completed: 97_035
2022-04-08 09:49:37,489 - processing started: 99_036 
2022-04-08 09:49:37,667 - processing completed: 99_036
2022-04-08 09:49:37,671 - processing started: 101_037 
2022-04-08 09:49:37,788 - processing completed: 101_037
2022-04-08 09:49:37,792 - processing started: 103_037 
2022-04-08 09:49:37,971 - processing completed: 103_037
2022-04-08 09:49:37,974 - processing started: 105_038 
2022-04-08 09:49:38,088 - processing completed: 105_038
2022-04-08 09:49:38,092 - processing started: 107_039 
2022-04-08 09:49:38,310 - processing completed: 107_039
2022-04-08 09:49:38,315 - processing started: 109_040 
2022-04-08 09:49:38,439 - processing completed: 109_040
2022-04-08 09:49:38,443 - processing started: 111_040 
2022-04-08 09:49:38,639 - processing completed: 111_040
2022-04-08 09:49:38,643 - processing started: 113_040 
2022-04-08 09:49:38,758 - processing completed: 113_040
2022-04-08 09:49:38,763 - processing started: 115_040 
2022-04-08 09:49:38,942 - processing completed: 115_040
2022-04-08 09:49:38,946 - processing started: 117_041 
2022-04-08 09:49:39,062 - processing completed: 117_041
2022-04-08 09:49:39,066 - processing started: 119_042 
2022-04-08 09:49:39,241 - processing completed: 119_042
2022-04-08 09:49:39,245 - processing started: 121_042 
2022-04-08 09:49:39,357 - processing completed: 121_042
2022-04-08 09:49:39,361 - processing started: 123_043 
2022-04-08 09:49:39,531 - processing completed: 123_043
2022-04-08 09:49:39,535 - processing started: 125_044 
2022-04-08 09:49:39,714 - processing completed: 125_044
2022-04-08 09:49:39,718 - processing started: 127_045 
2022-04-08 09:49:39,829 - processing completed: 127_045
2022-04-08 09:49:39,834 - processing started: 129_045 
2022-04-08 09:49:40,034 - processing completed: 129_045
2022-04-08 09:49:40,038 - processing started: 131_046 
2022-04-08 09:49:40,157 - processing completed: 131_046
2022-04-08 09:49:40,163 - processing started: 133_047 
2022-04-08 09:49:40,357 - processing completed: 133_047
2022-04-08 09:49:40,361 - processing started: 135_048 
2022-04-08 09:49:40,475 - processing completed: 135_048
2022-04-08 09:49:40,479 - processing started: 137_049 
2022-04-08 09:49:40,665 - processing completed: 137_049
2022-04-08 09:49:40,669 - processing started: 139_049 
2022-04-08 09:49:40,786 - processing completed: 139_049
2022-04-08 09:49:40,791 - processing started: 141_050 
2022-04-08 09:49:40,976 - processing completed: 141_050
2022-04-08 09:49:40,980 - processing started: 143_051 
2022-04-08 09:49:41,092 - processing completed: 143_051
2022-04-08 09:49:41,096 - processing started: 145_051 
2022-04-08 09:49:41,269 - processing completed: 145_051
2022-04-08 09:49:41,272 - processing started: 147_051 
2022-04-08 09:49:41,384 - processing completed: 147_051
2022-04-08 09:49:41,388 - processing started: 149_052 
2022-04-08 09:49:41,561 - processing completed: 149_052
2022-04-08 09:49:41,565 - processing started: 151_053 
2022-04-08 09:49:41,678 - processing completed: 151_053
2022-04-08 09:49:41,683 - processing started: 153_054 
2022-04-08 09:49:41,883 - processing completed: 153_054
2022-04-08 09:49:41,888 - processing started: 155_055 
2022-04-08 09:49:42,078 - processing completed: 155_055
2022-04-08 09:49:42,082 - processing started: 157_056 
2022-04-08 09:49:42,207 - processing completed: 157_056
2022-04-08 09:49:42,211 - processing started: 159_057 
2022-04-08 09:49:42,384 - processing completed: 159_057
2022-04-08 09:49:42,388 - processing started: 161_058 
2022-04-08 09:49:42,563 - processing completed: 161_058
2022-04-08 09:49:42,569 - processing started: 163_059 
2022-04-08 09:49:42,749 - processing completed: 163_059
2022-04-08 09:49:42,753 - processing started: 165_060 
2022-04-08 09:49:42,861 - processing completed: 165_060
2022-04-08 09:49:42,864 - processing started: 167_060 
2022-04-08 09:49:43,033 - processing completed: 167_060
2022-04-08 09:49:43,036 - processing started: 169_061 
2022-04-08 09:49:43,147 - processing completed: 169_061
2022-04-08 09:49:43,151 - processing started: 171_062 
2022-04-08 09:49:43,320 - processing completed: 171_062
2022-04-08 09:49:43,325 - processing started: 173_063 
2022-04-08 09:49:43,548 - processing completed: 173_063
2022-04-08 09:49:43,556 - processing started: 175_064 
2022-04-08 09:49:43,833 - processing completed: 175_064
2022-04-08 09:49:43,839 - processing started: 177_064 
2022-04-08 09:49:44,054 - processing completed: 177_064
2022-04-08 09:49:44,060 - processing started: 179_065 
2022-04-08 09:49:44,326 - processing completed: 179_065
2022-04-08 09:49:44,334 - processing started: 181_066 
2022-04-08 09:49:44,612 - processing completed: 181_066
2022-04-08 09:49:44,619 - processing started: 183_066 
2022-04-08 09:49:44,827 - processing completed: 183_066
2022-04-08 09:49:44,834 - processing started: 185_066 
2022-04-08 09:49:45,110 - processing completed: 185_066
2022-04-08 09:49:45,118 - processing started: 187_066 
2022-04-08 09:49:45,302 - processing completed: 187_066
2022-04-08 09:49:45,308 - processing started: 189_067 
2022-04-08 09:49:45,580 - processing completed: 189_067
2022-04-08 09:49:45,587 - processing started: 191_067 
2022-04-08 09:49:45,790 - processing completed: 191_067
2022-04-08 09:49:45,795 - processing started: 193_068 
2022-04-08 09:49:45,992 - processing completed: 193_068
2022-04-08 09:49:45,999 - processing started: 195_069 
2022-04-08 09:49:46,142 - processing completed: 195_069
2022-04-08 09:49:46,147 - processing started: 197_069 
2022-04-08 09:49:46,347 - processing completed: 197_069
2022-04-08 09:49:46,352 - processing started: 199_070 
2022-04-08 09:49:46,552 - processing completed: 199_070
2022-04-08 09:49:46,558 - processing started: 201_071 
2022-04-08 09:49:46,824 - processing completed: 201_071
2022-04-08 09:49:46,832 - processing started: 203_072 
2022-04-08 09:49:47,043 - processing completed: 203_072
2022-04-08 09:49:47,050 - processing started: 205_072 
2022-04-08 09:49:47,321 - processing completed: 205_072
2022-04-08 09:49:47,328 - processing started: 207_073 
2022-04-08 09:49:47,517 - processing completed: 207_073
2022-04-08 09:49:47,523 - processing started: 209_074 
2022-04-08 09:49:47,780 - processing completed: 209_074
2022-04-08 09:49:47,787 - processing started: 211_075 
2022-04-08 09:49:48,053 - processing completed: 211_075
2022-04-08 09:49:48,060 - processing started: 213_076 
2022-04-08 09:49:48,261 - processing completed: 213_076
2022-04-08 09:49:48,267 - processing started: 215_077 
2022-04-08 09:49:48,479 - processing completed: 215_077
2022-04-08 09:49:48,486 - processing started: 217_077 
2022-04-08 09:49:48,718 - processing completed: 217_077
2022-04-08 09:49:48,725 - processing started: 219_078 
2022-04-08 09:49:49,002 - processing completed: 219_078
2022-04-08 09:49:49,008 - processing started: 221_079 
2022-04-08 09:49:49,214 - processing completed: 221_079
2022-04-08 09:49:49,221 - processing started: 223_080 
2022-04-08 09:49:49,386 - processing completed: 223_080
2022-04-08 09:49:49,390 - processing started: 225_081 
2022-04-08 09:49:49,515 - processing completed: 225_081
2022-04-08 09:49:49,520 - processing started: 227_081 
2022-04-08 09:49:49,710 - processing completed: 227_081
2022-04-08 09:49:49,715 - processing started: 229_081 
2022-04-08 09:49:49,844 - processing completed: 229_081
2022-04-08 09:49:49,849 - processing started: 231_081 
2022-04-08 09:49:50,034 - processing completed: 231_081
2022-04-08 09:49:50,040 - processing started: 233_082 
2022-04-08 09:49:50,170 - processing completed: 233_082
2022-04-08 09:49:50,177 - processing started: 235_082 
2022-04-08 09:49:50,408 - processing completed: 235_082
2022-04-08 09:49:50,413 - processing started: 237_083 
2022-04-08 09:49:50,558 - processing completed: 237_083
2022-04-08 09:49:50,563 - processing started: 239_084 
2022-04-08 09:49:50,752 - processing completed: 239_084
2022-04-08 09:49:50,757 - processing started: 241_085 
2022-04-08 09:49:50,943 - processing completed: 241_085
2022-04-08 09:49:50,947 - processing started: 243_086 
2022-04-08 09:49:51,099 - processing completed: 243_086
2022-04-08 09:49:51,104 - processing started: 245_087 
2022-04-08 09:49:51,290 - processing completed: 245_087
2022-04-08 09:49:51,295 - processing started: 247_088 
2022-04-08 09:49:51,422 - processing completed: 247_088
2022-04-08 09:49:51,427 - processing started: 249_089 
2022-04-08 09:49:51,576 - processing completed: 249_089
2022-04-08 09:49:51,580 - processing started: 251_089 
2022-04-08 09:49:51,658 - processing completed: 251_089
2022-04-08 09:49:51,663 - processing started: 253_090 
2022-04-08 09:49:51,804 - processing completed: 253_090
2022-04-08 09:49:51,808 - processing started: 255_091 
2022-04-08 09:49:51,892 - processing completed: 255_091
2022-04-08 09:49:51,898 - processing started: 257_092 
2022-04-08 09:49:52,065 - processing completed: 257_092
2022-04-08 09:49:52,070 - processing started: 259_093 
2022-04-08 09:49:52,178 - processing completed: 259_093
2022-04-08 09:49:52,183 - processing started: 261_094 
2022-04-08 09:49:52,344 - processing completed: 261_094
2022-04-08 09:49:52,349 - processing started: 263_095 
2022-04-08 09:49:52,444 - processing completed: 263_095
2022-04-08 09:49:52,449 - processing started: 265_096 
2022-04-08 09:49:52,608 - processing completed: 265_096
2022-04-08 09:49:52,613 - processing started: 267_097 
2022-04-08 09:49:52,709 - processing completed: 267_097
2022-04-08 09:49:52,713 - processing started: 269_098 
2022-04-08 09:49:52,873 - processing completed: 269_098
2022-04-08 09:49:52,878 - processing started: 271_098 
2022-04-08 09:49:53,038 - processing completed: 271_098
2022-04-08 09:49:53,041 - processing started: 273_099 
2022-04-08 09:49:53,123 - processing completed: 273_099
2022-04-08 09:49:53,128 - processing started: 275_100 
2022-04-08 09:49:53,315 - processing completed: 275_100
2022-04-08 09:49:53,319 - processing started: 277_101 
2022-04-08 09:49:53,405 - processing completed: 277_101
2022-04-08 09:49:53,408 - processing started: 279_102 
2022-04-08 09:49:53,559 - processing completed: 279_102
2022-04-08 09:49:53,564 - processing started: 281_103 
2022-04-08 09:49:53,680 - processing completed: 281_103
2022-04-08 09:49:53,684 - processing started: 283_104 
2022-04-08 09:49:53,840 - processing completed: 283_104
2022-04-08 09:49:53,844 - processing started: 285_105 
2022-04-08 09:49:53,931 - processing completed: 285_105
2022-04-08 09:49:53,936 - processing started: 287_106 
2022-04-08 09:49:54,080 - processing completed: 287_106
2022-04-08 09:49:54,085 - processing started: 289_107 
2022-04-08 09:49:54,170 - processing completed: 289_107
2022-04-08 09:49:54,175 - processing started: 291_107 
2022-04-08 09:49:54,317 - processing completed: 291_107
2022-04-08 09:49:54,321 - processing started: 293_108 
2022-04-08 09:49:54,400 - processing completed: 293_108
2022-04-08 09:49:54,404 - processing started: 295_109 
2022-04-08 09:49:54,541 - processing completed: 295_109
2022-04-08 09:49:54,546 - processing started: 297_110 
2022-04-08 09:49:54,630 - processing completed: 297_110
2022-04-08 09:49:54,635 - processing started: 299_110 
2022-04-08 09:49:54,779 - processing completed: 299_110
2022-04-08 09:49:54,782 - processing started: 301_111 
2022-04-08 09:49:54,934 - processing completed: 301_111
2022-04-08 09:49:54,939 - processing started: 303_112 
2022-04-08 09:49:55,022 - processing completed: 303_112
2022-04-08 09:49:55,026 - processing started: 305_113 
2022-04-08 09:49:55,166 - processing completed: 305_113
2022-04-08 09:49:55,170 - processing started: 307_114 
2022-04-08 09:49:55,304 - processing completed: 307_114
2022-04-08 09:49:55,309 - processing started: 309_115 
2022-04-08 09:49:55,524 - processing completed: 309_115
2022-04-08 09:49:55,531 - processing started: 311_116 
2022-04-08 09:49:55,673 - processing completed: 311_116
2022-04-08 09:49:55,680 - processing started: 313_117 
2022-04-08 09:49:55,865 - processing completed: 313_117
2022-04-08 09:49:55,870 - processing started: 315_117 
2022-04-08 09:49:55,991 - processing completed: 315_117
2022-04-08 09:49:55,996 - processing started: 317_118 
2022-04-08 09:49:56,180 - processing completed: 317_118
2022-04-08 09:49:56,186 - processing started: 319_119 
2022-04-08 09:49:56,311 - processing completed: 319_119
2022-04-08 09:49:56,316 - processing started: 321_120 
2022-04-08 09:49:56,469 - processing completed: 321_120
2022-04-08 09:49:56,473 - processing started: 323_120 
2022-04-08 09:49:56,568 - processing completed: 323_120
2022-04-08 09:49:56,573 - processing started: 325_121 
2022-04-08 09:49:56,757 - processing completed: 325_121
2022-04-08 09:49:56,761 - processing started: 327_122 
2022-04-08 09:49:56,885 - processing completed: 327_122
2022-04-08 09:49:56,889 - processing started: 329_123 
2022-04-08 09:49:57,085 - processing completed: 329_123
2022-04-08 09:49:57,090 - processing started: 331_124 
2022-04-08 09:49:57,308 - processing completed: 331_124
2022-04-08 09:49:57,314 - processing started: 333_124 
2022-04-08 09:49:57,441 - processing completed: 333_124
2022-04-08 09:49:57,447 - processing started: 335_124 
2022-04-08 09:49:57,637 - processing completed: 335_124
2022-04-08 09:49:57,643 - processing started: 337_124 
2022-04-08 09:49:57,766 - processing completed: 337_124
2022-04-08 09:49:57,771 - processing started: 339_124 
2022-04-08 09:49:57,960 - processing completed: 339_124
2022-04-08 09:49:57,965 - processing started: 341_125 
2022-04-08 09:49:58,090 - processing completed: 341_125
2022-04-08 09:49:58,096 - processing started: 343_126 
2022-04-08 09:49:58,285 - processing completed: 343_126
2022-04-08 09:49:58,290 - processing started: 345_127 
2022-04-08 09:49:58,416 - processing completed: 345_127
2022-04-08 09:49:58,422 - processing started: 347_128 
2022-04-08 09:49:58,604 - processing completed: 347_128
2022-04-08 09:49:58,608 - processing started: 349_129 
2022-04-08 09:49:58,731 - processing completed: 349_129
2022-04-08 09:49:58,735 - processing started: 351_129 
2022-04-08 09:49:58,958 - processing completed: 351_129
2022-04-08 09:49:58,963 - processing started: 353_130 
2022-04-08 09:49:59,091 - processing completed: 353_130
2022-04-08 09:49:59,096 - processing started: 355_131 
2022-04-08 09:49:59,286 - processing completed: 355_131
2022-04-08 09:49:59,291 - processing started: 357_132 
2022-04-08 09:49:59,416 - processing completed: 357_132
2022-04-08 09:49:59,422 - processing started: 359_133 
2022-04-08 09:49:59,607 - processing completed: 359_133
2022-04-08 09:49:59,612 - processing started: 361_134 
2022-04-08 09:49:59,800 - processing completed: 361_134
2022-04-08 09:49:59,805 - processing started: 363_134 
2022-04-08 09:49:59,928 - processing completed: 363_134
2022-04-08 09:49:59,933 - processing started: 365_135 
2022-04-08 09:50:00,121 - processing completed: 365_135
2022-04-08 09:50:00,127 - processing started: 367_135 
2022-04-08 09:50:00,253 - processing completed: 367_135
2022-04-08 09:50:00,258 - processing started: 369_136 
2022-04-08 09:50:00,442 - processing completed: 369_136
2022-04-08 09:50:00,449 - processing started: 371_137 
2022-04-08 09:50:00,603 - processing completed: 371_137
2022-04-08 09:50:00,608 - processing started: 373_138 
2022-04-08 09:50:00,808 - processing completed: 373_138
2022-04-08 09:50:00,812 - processing started: 375_139 
2022-04-08 09:50:00,939 - processing completed: 375_139
2022-04-08 09:50:00,944 - processing started: 377_140 
2022-04-08 09:50:01,140 - processing completed: 377_140
2022-04-08 09:50:01,144 - processing started: 379_141 
2022-04-08 09:50:01,268 - processing completed: 379_141
2022-04-08 09:50:01,273 - processing started: 381_142 
2022-04-08 09:50:01,454 - processing completed: 381_142
2022-04-08 09:50:01,458 - processing started: 383_143 
2022-04-08 09:50:01,583 - processing completed: 383_143
2022-04-08 09:50:01,588 - processing started: 385_144 
2022-04-08 09:50:01,771 - processing completed: 385_144
2022-04-08 09:50:01,777 - processing started: 387_144 
2022-04-08 09:50:01,901 - processing completed: 387_144
2022-04-08 09:50:01,905 - processing started: 389_145 
2022-04-08 09:50:02,088 - processing completed: 389_145
2022-04-08 09:50:02,093 - processing started: 391_145 
2022-04-08 09:50:02,313 - processing completed: 391_145
2022-04-08 09:50:02,319 - processing started: 393_146 
2022-04-08 09:50:02,449 - processing completed: 393_146
2022-04-08 09:50:02,454 - processing started: 395_147 
2022-04-08 09:50:02,647 - processing completed: 395_147
2022-04-08 09:50:02,652 - processing started: 397_147 
2022-04-08 09:50:02,776 - processing completed: 397_147
2022-04-08 09:50:02,781 - processing started: 399_148 
2022-04-08 09:50:02,965 - processing completed: 399_148
2022-04-08 09:50:02,970 - processing started: 401_149 
2022-04-08 09:50:03,095 - processing completed: 401_149
2022-04-08 09:50:03,101 - processing started: 403_149 
2022-04-08 09:50:03,289 - processing completed: 403_149
2022-04-08 09:50:03,294 - processing started: 405_150 
2022-04-08 09:50:03,419 - processing completed: 405_150
2022-04-08 09:50:03,424 - processing started: 407_151 
2022-04-08 09:50:03,610 - processing completed: 407_151
2022-04-08 09:50:03,614 - processing started: 409_152 
2022-04-08 09:50:03,738 - processing completed: 409_152
2022-04-08 09:50:03,743 - processing started: 411_153 
2022-04-08 09:50:03,959 - processing completed: 411_153
2022-04-08 09:50:03,965 - processing started: 413_154 
2022-04-08 09:50:04,118 - processing completed: 413_154
2022-04-08 09:50:04,122 - processing started: 415_155 
2022-04-08 09:50:04,319 - processing completed: 415_155
2022-04-08 09:50:04,324 - processing started: 417_156 
2022-04-08 09:50:04,451 - processing completed: 417_156
2022-04-08 09:50:04,454 - processing started: 419_156 
2022-04-08 09:50:04,638 - processing completed: 419_156
2022-04-08 09:50:04,643 - processing started: 421_157 
2022-04-08 09:50:04,832 - processing completed: 421_157
2022-04-08 09:50:04,837 - processing started: 423_158 
2022-04-08 09:50:04,960 - processing completed: 423_158
2022-04-08 09:50:04,966 - processing started: 425_159 
2022-04-08 09:50:05,155 - processing completed: 425_159
2022-04-08 09:50:05,159 - processing started: 427_159 
2022-04-08 09:50:05,290 - processing completed: 427_159
2022-04-08 09:50:05,296 - processing started: 429_160 
2022-04-08 09:50:05,481 - processing completed: 429_160
2022-04-08 09:50:05,485 - processing started: 431_161 
2022-04-08 09:50:05,616 - processing completed: 431_161
2022-04-08 09:50:05,621 - processing started: 433_162 
2022-04-08 09:50:05,826 - processing completed: 433_162
2022-04-08 09:50:05,830 - processing started: 435_163 
2022-04-08 09:50:05,961 - processing completed: 435_163
2022-04-08 09:50:05,967 - processing started: 437_164 
2022-04-08 09:50:06,157 - processing completed: 437_164
2022-04-08 09:50:06,162 - processing started: 439_164 
2022-04-08 09:50:06,285 - processing completed: 439_164
2022-04-08 09:50:06,289 - processing started: 441_165 
2022-04-08 09:50:06,474 - processing completed: 441_165
2022-04-08 09:50:06,480 - processing started: 443_166 
2022-04-08 09:50:06,604 - processing completed: 443_166
2022-04-08 09:50:06,609 - processing started: 445_167 
2022-04-08 09:50:06,788 - processing completed: 445_167
2022-04-08 09:50:06,794 - processing started: 447_167 
2022-04-08 09:50:06,982 - processing completed: 447_167
2022-04-08 09:50:06,987 - processing started: 449_168 
2022-04-08 09:50:07,110 - processing completed: 449_168
2022-04-08 09:50:07,116 - processing started: 451_168 
2022-04-08 09:50:07,309 - processing completed: 451_168
2022-04-08 09:50:07,314 - processing started: 453_169 
2022-04-08 09:50:07,462 - processing completed: 453_169
2022-04-08 09:50:07,467 - processing started: 455_170 
2022-04-08 09:50:07,663 - processing completed: 455_170
2022-04-08 09:50:07,668 - processing started: 457_171 
2022-04-08 09:50:07,796 - processing completed: 457_171
2022-04-08 09:50:07,801 - processing started: 459_172 
2022-04-08 09:50:07,988 - processing completed: 459_172
2022-04-08 09:50:07,993 - processing started: 461_173 
2022-04-08 09:50:08,117 - processing completed: 461_173
2022-04-08 09:50:08,121 - processing started: 463_173 
2022-04-08 09:50:08,312 - processing completed: 463_173
2022-04-08 09:50:08,316 - processing started: 465_174 
2022-04-08 09:50:08,441 - processing completed: 465_174
2022-04-08 09:50:08,446 - processing started: 467_174 
2022-04-08 09:50:08,638 - processing completed: 467_174
2022-04-08 09:50:08,643 - processing started: 469_175 
2022-04-08 09:50:08,768 - processing completed: 469_175
2022-04-08 09:50:08,773 - processing started: 471_176 
2022-04-08 09:50:08,959 - processing completed: 471_176
2022-04-08 09:50:08,964 - processing started: 473_177 
2022-04-08 09:50:09,101 - processing completed: 473_177
2022-04-08 09:50:09,105 - processing started: 475_178 
2022-04-08 09:50:09,331 - processing completed: 475_178
2022-04-08 09:50:09,335 - processing started: 477_179 
2022-04-08 09:50:09,553 - processing completed: 477_179
2022-04-08 09:50:09,557 - processing started: 479_180 
2022-04-08 09:50:09,692 - processing completed: 479_180
2022-04-08 09:50:09,697 - processing started: 481_180 
2022-04-08 09:50:09,885 - processing completed: 481_180
2022-04-08 09:50:09,889 - processing started: 483_181 
2022-04-08 09:50:10,013 - processing completed: 483_181
2022-04-08 09:50:10,017 - processing started: 485_182 
2022-04-08 09:50:10,204 - processing completed: 485_182
2022-04-08 09:50:10,208 - processing started: 487_182 
2022-04-08 09:50:10,330 - processing completed: 487_182
2022-04-08 09:50:10,335 - processing started: 489_183 
2022-04-08 09:50:10,524 - processing completed: 489_183
2022-04-08 09:50:10,528 - processing started: 491_183 
2022-04-08 09:50:10,653 - processing completed: 491_183
2022-04-08 09:50:10,658 - processing started: 493_184 
2022-04-08 09:50:10,842 - processing completed: 493_184
2022-04-08 09:50:10,847 - processing started: 495_185 
2022-04-08 09:50:10,996 - processing completed: 495_185
2022-04-08 09:50:11,002 - processing started: 497_186 
2022-04-08 09:50:11,207 - processing completed: 497_186
2022-04-08 09:50:11,213 - processing started: 499_187 
2022-04-08 09:50:11,338 - processing completed: 499_187
2022-04-08 09:50:11,342 - processing started: 501_188 
2022-04-08 09:50:11,524 - processing completed: 501_188
2022-04-08 09:50:11,527 - processing started: 503_188 
2022-04-08 09:50:11,659 - processing completed: 503_188
2022-04-08 09:50:11,663 - processing started: 505_189 
2022-04-08 09:50:11,823 - processing completed: 505_189
2022-04-08 09:50:11,827 - processing started: 507_190 
2022-04-08 09:50:12,015 - processing completed: 507_190
2022-04-08 09:50:12,021 - processing started: 509_191 
2022-04-08 09:50:12,145 - processing completed: 509_191
2022-04-08 09:50:12,150 - processing started: 511_192 
2022-04-08 09:50:12,334 - processing completed: 511_192
2022-04-08 09:50:12,339 - processing started: 513_192 
2022-04-08 09:50:12,461 - processing completed: 513_192
2022-04-08 09:50:12,465 - processing started: 515_193 
2022-04-08 09:50:12,670 - processing completed: 515_193
2022-04-08 09:50:12,676 - processing started: 517_194 
2022-04-08 09:50:12,808 - processing completed: 517_194
2022-04-08 09:50:12,814 - processing started: 519_195 
2022-04-08 09:50:13,006 - processing completed: 519_195
2022-04-08 09:50:13,010 - processing started: 521_196 
2022-04-08 09:50:13,138 - processing completed: 521_196
2022-04-08 09:50:13,143 - processing started: 523_196 
2022-04-08 09:50:13,332 - processing completed: 523_196
2022-04-08 09:50:13,337 - processing started: 525_196 
2022-04-08 09:50:13,467 - processing completed: 525_196
2022-04-08 09:50:13,471 - processing started: 527_197 
2022-04-08 09:50:13,681 - processing completed: 527_197
2022-04-08 09:50:13,685 - processing started: 529_197 
2022-04-08 09:50:13,813 - processing completed: 529_197
2022-04-08 09:50:13,817 - processing started: 531_197 
2022-04-08 09:50:14,010 - processing completed: 531_197
2022-04-08 09:50:14,014 - processing started: 533_198 
2022-04-08 09:50:14,141 - processing completed: 533_198
2022-04-08 09:50:14,145 - processing started: 535_199 
2022-04-08 09:50:14,345 - processing completed: 535_199
2022-04-08 09:50:14,351 - processing started: 537_200 
2022-04-08 09:50:14,572 - processing completed: 537_200
2022-04-08 09:50:14,580 - processing started: 539_201 
2022-04-08 09:50:14,713 - processing completed: 539_201
2022-04-08 09:50:14,719 - processing started: 541_202 
2022-04-08 09:50:14,916 - processing completed: 541_202
2022-04-08 09:50:14,922 - processing started: 543_203 
2022-04-08 09:50:15,048 - processing completed: 543_203
2022-04-08 09:50:15,053 - processing started: 545_204 
2022-04-08 09:50:15,243 - processing completed: 545_204
2022-04-08 09:50:15,248 - processing started: 547_205 
2022-04-08 09:50:15,376 - processing completed: 547_205
2022-04-08 09:50:15,381 - processing started: 549_206 
2022-04-08 09:50:15,570 - processing completed: 549_206
2022-04-08 09:50:15,575 - processing started: 551_207 
2022-04-08 09:50:15,706 - processing completed: 551_207
2022-04-08 09:50:15,712 - processing started: 553_207 
2022-04-08 09:50:15,901 - processing completed: 553_207
2022-04-08 09:50:15,906 - processing started: 555_208 
2022-04-08 09:50:16,038 - processing completed: 555_208
2022-04-08 09:50:16,044 - processing started: 557_209 
2022-04-08 09:50:16,284 - processing completed: 557_209
2022-04-08 09:50:16,289 - processing started: 559_210 
2022-04-08 09:50:16,422 - processing completed: 559_210
2022-04-08 09:50:16,427 - processing started: 561_211 
2022-04-08 09:50:16,622 - processing completed: 561_211
2022-04-08 09:50:16,627 - processing started: 563_212 
2022-04-08 09:50:16,755 - processing completed: 563_212
2022-04-08 09:50:16,760 - processing started: 565_213 
2022-04-08 09:50:16,949 - processing completed: 565_213
2022-04-08 09:50:16,955 - processing started: 567_214 
2022-04-08 09:50:17,154 - processing completed: 567_214
2022-04-08 09:50:17,159 - processing started: 569_214 
2022-04-08 09:50:17,284 - processing completed: 569_214
2022-04-08 09:50:17,290 - processing started: 571_215 
2022-04-08 09:50:17,476 - processing completed: 571_215
2022-04-08 09:50:17,480 - processing started: 573_216 
2022-04-08 09:50:17,604 - processing completed: 573_216
2022-04-08 09:50:17,609 - processing started: 575_217 
2022-04-08 09:50:17,798 - processing completed: 575_217
2022-04-08 09:50:17,802 - processing started: 577_218 
2022-04-08 09:50:17,955 - processing completed: 577_218
2022-04-08 09:50:17,960 - processing started: 579_219 
2022-04-08 09:50:18,167 - processing completed: 579_219
2022-04-08 09:50:18,173 - processing started: 581_220 
2022-04-08 09:50:18,305 - processing completed: 581_220
2022-04-08 09:50:18,309 - processing started: 583_220 
2022-04-08 09:50:18,495 - processing completed: 583_220
2022-04-08 09:50:18,500 - processing started: 585_221 
2022-04-08 09:50:18,627 - processing completed: 585_221
2022-04-08 09:50:18,632 - processing started: 587_222 
2022-04-08 09:50:18,817 - processing completed: 587_222
2022-04-08 09:50:18,822 - processing started: 589_222 
2022-04-08 09:50:18,946 - processing completed: 589_222
2022-04-08 09:50:18,951 - processing started: 591_223 
2022-04-08 09:50:19,111 - processing completed: 591_223
2022-04-08 09:50:19,115 - processing started: 593_223 
2022-04-08 09:50:19,212 - processing completed: 593_223
2022-04-08 09:50:19,216 - processing started: 595_224 
2022-04-08 09:50:19,423 - processing completed: 595_224
2022-04-08 09:50:19,428 - processing started: 597_225 
2022-04-08 09:50:19,609 - processing completed: 597_225
2022-04-08 09:50:19,614 - processing started: 599_225 
2022-04-08 09:50:19,791 - processing completed: 599_225
2022-04-08 09:50:19,797 - processing started: 601_225 
2022-04-08 09:50:19,968 - processing completed: 601_225
2022-04-08 09:50:19,972 - processing started: 603_226 
2022-04-08 09:50:20,078 - processing completed: 603_226
2022-04-08 09:50:20,082 - processing started: 605_227 
2022-04-08 09:50:20,280 - processing completed: 605_227
2022-04-08 09:50:20,285 - processing started: 607_227 
2022-04-08 09:50:20,416 - processing completed: 607_227
2022-04-08 09:50:20,421 - processing started: 609_227 
2022-04-08 09:50:20,593 - processing completed: 609_227
2022-04-08 09:50:20,598 - processing started: 611_227 
2022-04-08 09:50:20,770 - processing completed: 611_227
2022-04-08 09:50:20,776 - processing started: 613_227 
2022-04-08 09:50:20,946 - processing completed: 613_227
2022-04-08 09:50:20,950 - processing started: 615_228 
2022-04-08 09:50:21,058 - processing completed: 615_228
2022-04-08 09:50:21,063 - processing started: 617_229 
2022-04-08 09:50:21,235 - processing completed: 617_229
2022-04-08 09:50:21,239 - processing started: 619_230 
2022-04-08 09:50:21,371 - processing completed: 619_230
2022-04-08 09:50:21,375 - processing started: 621_230 
2022-04-08 09:50:21,561 - processing completed: 621_230
2022-04-08 09:50:21,566 - processing started: 623_231 
2022-04-08 09:50:21,669 - processing completed: 623_231
2022-04-08 09:50:21,673 - processing started: 625_232 
2022-04-08 09:50:21,836 - processing completed: 625_232
2022-04-08 09:50:21,840 - processing started: 627_232 
2022-04-08 09:50:22,001 - processing completed: 627_232
2022-04-08 09:50:22,005 - processing started: 629_232 
2022-04-08 09:50:22,106 - processing completed: 629_232
2022-04-08 09:50:22,109 - processing started: 631_233 
2022-04-08 09:50:22,288 - processing completed: 631_233
2022-04-08 09:50:22,292 - processing started: 633_234 
2022-04-08 09:50:22,391 - processing completed: 633_234
2022-04-08 09:50:22,395 - processing started: 635_234 
2022-04-08 09:50:22,560 - processing completed: 635_234
2022-04-08 09:50:22,565 - processing started: 637_234 
2022-04-08 09:50:22,665 - processing completed: 637_234
2022-04-08 09:50:22,669 - processing started: 639_235 
2022-04-08 09:50:22,861 - processing completed: 639_235
2022-04-08 09:50:22,866 - processing started: 641_236 
2022-04-08 09:50:22,994 - processing completed: 641_236
2022-04-08 09:50:22,998 - processing started: 643_237 
2022-04-08 09:50:23,220 - processing completed: 643_237
2022-04-08 09:50:23,224 - processing started: 645_238 
2022-04-08 09:50:23,354 - processing completed: 645_238
2022-04-08 09:50:23,358 - processing started: 647_239 
2022-04-08 09:50:23,553 - processing completed: 647_239
2022-04-08 09:50:23,557 - processing started: 649_240 
2022-04-08 09:50:23,681 - processing completed: 649_240
2022-04-08 09:50:23,686 - processing started: 651_240 
2022-04-08 09:50:23,869 - processing completed: 651_240
2022-04-08 09:50:23,874 - processing started: 653_241 
2022-04-08 09:50:24,001 - processing completed: 653_241
2022-04-08 09:50:24,005 - processing started: 655_242 
2022-04-08 09:50:24,191 - processing completed: 655_242
2022-04-08 09:50:24,196 - processing started: 657_242 
2022-04-08 09:50:24,386 - processing completed: 657_242
2022-04-08 09:50:24,391 - processing started: 659_243 
2022-04-08 09:50:24,517 - processing completed: 659_243
2022-04-08 09:50:24,522 - processing started: 661_244 
2022-04-08 09:50:24,668 - processing completed: 661_244
2022-04-08 09:50:24,673 - processing started: 663_244 
2022-04-08 09:50:24,756 - processing completed: 663_244
2022-04-08 09:50:24,762 - processing started: 665_245 
2022-04-08 09:50:24,938 - processing completed: 665_245
2022-04-08 09:50:24,945 - processing started: 667_246 
2022-04-08 09:50:25,031 - processing completed: 667_246
2022-04-08 09:50:25,034 - processing started: 669_247 
2022-04-08 09:50:25,191 - processing completed: 669_247
2022-04-08 09:50:25,197 - processing started: 671_248 
2022-04-08 09:50:25,276 - processing completed: 671_248
2022-04-08 09:50:25,279 - processing started: 673_249 
2022-04-08 09:50:25,417 - processing completed: 673_249
2022-04-08 09:50:25,421 - processing started: 675_250 
2022-04-08 09:50:25,500 - processing completed: 675_250
2022-04-08 09:50:25,504 - processing started: 677_251 
2022-04-08 09:50:25,647 - processing completed: 677_251
2022-04-08 09:50:25,651 - processing started: 679_251 
2022-04-08 09:50:25,736 - processing completed: 679_251
2022-04-08 09:50:25,740 - processing started: 681_252 
2022-04-08 09:50:25,878 - processing completed: 681_252
2022-04-08 09:50:25,883 - processing started: 683_252 
2022-04-08 09:50:25,959 - processing completed: 683_252
2022-04-08 09:50:25,963 - processing started: 685_253 
2022-04-08 09:50:26,122 - processing completed: 685_253
2022-04-08 09:50:26,126 - processing started: 687_254 
2022-04-08 09:50:26,290 - processing completed: 687_254
2022-04-08 09:50:26,294 - processing started: 689_255 
2022-04-08 09:50:26,401 - processing completed: 689_255
2022-04-08 09:50:26,405 - processing started: 691_256 
2022-04-08 09:50:26,613 - processing completed: 691_256
2022-04-08 09:50:26,618 - processing started: 693_257 
2022-04-08 09:50:26,735 - processing completed: 693_257
2022-04-08 09:50:26,740 - processing started: 695_257 
2022-04-08 09:50:26,923 - processing completed: 695_257
2022-04-08 09:50:26,927 - processing started: 697_258 
2022-04-08 09:50:27,042 - processing completed: 697_258
2022-04-08 09:50:27,046 - processing started: 699_259 
2022-04-08 09:50:27,209 - processing completed: 699_259
2022-04-08 09:50:27,214 - processing started: 701_260 
2022-04-08 09:50:27,340 - processing completed: 701_260
2022-04-08 09:50:27,345 - processing started: 703_260 
2022-04-08 09:50:27,527 - processing completed: 703_260
2022-04-08 09:50:27,531 - processing started: 705_261 
2022-04-08 09:50:27,660 - processing completed: 705_261
2022-04-08 09:50:27,664 - processing started: 707_262 
2022-04-08 09:50:27,831 - processing completed: 707_262
2022-04-08 09:50:27,835 - processing started: 709_262 
2022-04-08 09:50:27,942 - processing completed: 709_262
2022-04-08 09:50:27,947 - processing started: 711_263 
2022-04-08 09:50:28,113 - processing completed: 711_263
2022-04-08 09:50:28,118 - processing started: 713_264 
2022-04-08 09:50:28,291 - processing completed: 713_264
2022-04-08 09:50:28,295 - processing started: 715_265 
2022-04-08 09:50:28,418 - processing completed: 715_265
2022-04-08 09:50:28,424 - processing started: 717_265 
2022-04-08 09:50:28,604 - processing completed: 717_265
2022-04-08 09:50:28,608 - processing started: 719_266 
2022-04-08 09:50:28,720 - processing completed: 719_266
2022-04-08 09:50:28,724 - processing started: 721_267 
2022-04-08 09:50:28,892 - processing completed: 721_267
2022-04-08 09:50:28,896 - processing started: 723_267 
2022-04-08 09:50:28,996 - processing completed: 723_267
2022-04-08 09:50:29,000 - processing started: 725_267 
2022-04-08 09:50:29,166 - processing completed: 725_267
2022-04-08 09:50:29,170 - processing started: 727_268 
2022-04-08 09:50:29,280 - processing completed: 727_268
2022-04-08 09:50:29,285 - processing started: 729_268 
2022-04-08 09:50:29,450 - processing completed: 729_268
2022-04-08 09:50:29,455 - processing started: 731_268 
2022-04-08 09:50:29,558 - processing completed: 731_268
2022-04-08 09:50:29,563 - processing started: 733_268 
2022-04-08 09:50:29,740 - processing completed: 733_268
2022-04-08 09:50:29,745 - processing started: 735_269 
2022-04-08 09:50:29,848 - processing completed: 735_269
2022-04-08 09:50:29,851 - processing started: 737_269 
2022-04-08 09:50:30,017 - processing completed: 737_269
2022-04-08 09:50:30,023 - processing started: 739_270 
2022-04-08 09:50:30,153 - processing completed: 739_270
2022-04-08 09:50:30,157 - processing started: 741_271 
2022-04-08 09:50:30,345 - processing completed: 741_271
2022-04-08 09:50:30,349 - processing started: 743_272 
2022-04-08 09:50:30,511 - processing completed: 743_272
2022-04-08 09:50:30,515 - processing started: 745_273 
2022-04-08 09:50:30,618 - processing completed: 745_273
2022-04-08 09:50:30,622 - processing started: 747_274 
2022-04-08 09:50:30,784 - processing completed: 747_274
2022-04-08 09:50:30,787 - processing started: 749_274 
2022-04-08 09:50:30,876 - processing completed: 749_274
2022-04-08 09:50:30,880 - processing started: 751_275 
2022-04-08 09:50:31,042 - processing completed: 751_275
2022-04-08 09:50:31,045 - processing started: 753_275 
2022-04-08 09:50:31,140 - processing completed: 753_275
2022-04-08 09:50:31,144 - processing started: 755_276 
2022-04-08 09:50:31,306 - processing completed: 755_276
2022-04-08 09:50:31,312 - processing started: 757_276 
2022-04-08 09:50:31,407 - processing completed: 757_276
2022-04-08 09:50:31,411 - processing started: 759_277 
2022-04-08 09:50:31,579 - processing completed: 759_277
2022-04-08 09:50:31,584 - processing started: 761_278 
2022-04-08 09:50:31,687 - processing completed: 761_278
2022-04-08 09:50:31,692 - processing started: 763_279 
2022-04-08 09:50:31,898 - processing completed: 763_279
2022-04-08 09:50:31,902 - processing started: 765_280 
2022-04-08 09:50:31,985 - processing completed: 765_280
2022-04-08 09:50:31,989 - processing started: 767_280 
2022-04-08 09:50:32,144 - processing completed: 767_280
2022-04-08 09:50:32,149 - processing started: 769_281 
2022-04-08 09:50:32,234 - processing completed: 769_281
2022-04-08 09:50:32,238 - processing started: 771_282 
2022-04-08 09:50:32,375 - processing completed: 771_282
2022-04-08 09:50:32,379 - processing started: 773_283 
2022-04-08 09:50:32,533 - processing completed: 773_283
2022-04-08 09:50:32,538 - processing started: 775_284 
2022-04-08 09:50:32,618 - processing completed: 775_284
2022-04-08 09:50:32,623 - processing started: 777_285 
2022-04-08 09:50:32,769 - processing completed: 777_285
2022-04-08 09:50:32,772 - processing started: 779_286 
2022-04-08 09:50:32,936 - processing completed: 779_286
2022-04-08 09:50:32,942 - processing started: 781_287 
2022-04-08 09:50:33,091 - processing completed: 781_287
2022-04-08 09:50:33,094 - processing started: 783_288 
2022-04-08 09:50:33,174 - processing completed: 783_288
2022-04-08 09:50:33,178 - processing started: 785_289 
2022-04-08 09:50:33,316 - processing completed: 785_289
2022-04-08 09:50:33,320 - processing started: 787_290 
2022-04-08 09:50:33,402 - processing completed: 787_290
2022-04-08 09:50:33,405 - processing started: 789_290 
2022-04-08 09:50:33,564 - processing completed: 789_290
2022-04-08 09:50:33,569 - processing started: 791_291 
2022-04-08 09:50:33,659 - processing completed: 791_291
2022-04-08 09:50:33,662 - processing started: 793_292 
2022-04-08 09:50:33,814 - processing completed: 793_292
2022-04-08 09:50:33,817 - processing started: 795_292 
2022-04-08 09:50:33,898 - processing completed: 795_292
2022-04-08 09:50:33,903 - processing started: 797_293 
2022-04-08 09:50:34,015 - processing completed: 797_293
2022-04-08 09:50:34,019 - processing started: 799_294 
2022-04-08 09:50:34,070 - processing completed: 799_294
2022-04-08 09:50:34,073 - processing started: 801_295 
2022-04-08 09:50:34,209 - processing completed: 801_295
2022-04-08 09:50:34,212 - processing started: 803_296 
2022-04-08 09:50:34,359 - processing completed: 803_296
2022-04-08 09:50:34,363 - processing started: 805_297 
2022-04-08 09:50:34,524 - processing completed: 805_297
2022-04-08 09:50:34,530 - processing started: 807_298 
2022-04-08 09:50:34,681 - processing completed: 807_298
2022-04-08 09:50:34,685 - processing started: 809_298 
2022-04-08 09:50:34,767 - processing completed: 809_298
2022-04-08 09:50:34,770 - processing started: 811_299 
2022-04-08 09:50:34,908 - processing completed: 811_299
2022-04-08 09:50:34,911 - processing started: 0_0 
2022-04-08 09:50:34,912 - Closing connection (200): Normal shutdown
2022-04-08 09:50:34,912 - Closing channel (200): 'Normal shutdown' on <Channel number=1 OPEN conn=<SelectConnection OPEN transport=<pika.adapters.utils.io_services_utils._AsyncPlaintextTransport object at 0x1221951c0> params=<ConnectionParameters host=localhost port=5672 virtual_host=/ ssl=False>>>
2022-04-08 09:50:34,913 - Received <Channel.CloseOk> on <Channel number=1 CLOSING conn=<SelectConnection OPEN transport=<pika.adapters.utils.io_services_utils._AsyncPlaintextTransport object at 0x1221951c0> params=<ConnectionParameters host=localhost port=5672 virtual_host=/ ssl=False>>>
2022-04-08 09:50:34,913 - Closing connection (200): 'Normal shutdown'
2022-04-08 09:50:34,914 - Aborting transport connection: state=1; <socket.socket fd=22, family=AddressFamily.AF_INET, type=SocketKind.SOCK_STREAM, proto=6, laddr=('127.0.0.1', 51207), raddr=('127.0.0.1', 5672)>
2022-04-08 09:50:34,914 - _AsyncTransportBase._initate_abort(): Initiating abrupt asynchronous transport shutdown: state=1; error=None; <socket.socket fd=22, family=AddressFamily.AF_INET, type=SocketKind.SOCK_STREAM, proto=6, laddr=('127.0.0.1', 51207), raddr=('127.0.0.1', 5672)>
2022-04-08 09:50:34,914 - Deactivating transport: state=1; <socket.socket fd=22, family=AddressFamily.AF_INET, type=SocketKind.SOCK_STREAM, proto=6, laddr=('127.0.0.1', 51207), raddr=('127.0.0.1', 5672)>
2022-04-08 09:50:34,914 - AMQP stack terminated, failed to connect, or aborted: opened=True, error-arg=None; pending-error=ConnectionClosedByClient: (200) 'Normal shutdown'
2022-04-08 09:50:34,914 - Stack terminated due to ConnectionClosedByClient: (200) 'Normal shutdown'
2022-04-08 09:50:34,914 - Closing transport socket and unlinking: state=3; <socket.socket fd=22, family=AddressFamily.AF_INET, type=SocketKind.SOCK_STREAM, proto=6, laddr=('127.0.0.1', 51207), raddr=('127.0.0.1', 5672)>
2022-04-08 09:50:34,915 - User-initiated close: result=BlockingConnection__OnClosedArgs(connection=<SelectConnection CLOSED transport=None params=<ConnectionParameters host=localhost port=5672 virtual_host=/ ssl=False>>, error=ConnectionClosedByClient: (200) 'Normal shutdown')
2022-04-08 09:50:34,915 - PID 77568 completed loading and processing
