2022-04-08 09:47:12,680 - PID 77081 started loading and processing
2022-04-08 09:47:12,687 - Pika version 1.2.0 connecting to ('::1', 5672, 0, 0)
2022-04-08 09:47:12,687 - Socket failed to connect: <socket.socket fd=22, family=AddressFamily.AF_INET6, type=SocketKind.SOCK_STREAM, proto=6, laddr=('::1', 51160, 0, 0)>; error=61 (Connection refused)
2022-04-08 09:47:12,687 - TCP Connection attempt failed: ConnectionRefusedError(61, 'Connection refused'); dest=(<AddressFamily.AF_INET6: 30>, <SocketKind.SOCK_STREAM: 1>, 6, '', ('::1', 5672, 0, 0))
2022-04-08 09:47:12,687 - AMQPConnector - reporting failure: AMQPConnectorSocketConnectError: ConnectionRefusedError(61, 'Connection refused')
2022-04-08 09:47:12,687 - Pika version 1.2.0 connecting to ('127.0.0.1', 5672)
2022-04-08 09:47:12,688 - Socket connected: <socket.socket fd=22, family=AddressFamily.AF_INET, type=SocketKind.SOCK_STREAM, proto=6, laddr=('127.0.0.1', 51162), raddr=('127.0.0.1', 5672)>
2022-04-08 09:47:12,688 - Streaming transport linked up: (<pika.adapters.utils.io_services_utils._AsyncPlaintextTransport object at 0x1254df2b0>, _StreamingProtocolShim: <SelectConnection PROTOCOL transport=<pika.adapters.utils.io_services_utils._AsyncPlaintextTransport object at 0x1254df2b0> params=<ConnectionParameters host=localhost port=5672 virtual_host=/ ssl=False>>).
2022-04-08 09:47:12,692 - AMQPConnector - reporting success: <SelectConnection OPEN transport=<pika.adapters.utils.io_services_utils._AsyncPlaintextTransport object at 0x1254df2b0> params=<ConnectionParameters host=localhost port=5672 virtual_host=/ ssl=False>>
2022-04-08 09:47:12,693 - AMQPConnectionWorkflow - reporting success: <SelectConnection OPEN transport=<pika.adapters.utils.io_services_utils._AsyncPlaintextTransport object at 0x1254df2b0> params=<ConnectionParameters host=localhost port=5672 virtual_host=/ ssl=False>>
2022-04-08 09:47:12,693 - Connection workflow succeeded: <SelectConnection OPEN transport=<pika.adapters.utils.io_services_utils._AsyncPlaintextTransport object at 0x1254df2b0> params=<ConnectionParameters host=localhost port=5672 virtual_host=/ ssl=False>>
2022-04-08 09:47:12,693 - Created channel=1
2022-04-08 09:47:12,695 - Logging before start consuming
2022-04-08 09:47:13,722 - processing started: 0_000 
2022-04-08 09:47:13,918 - processing completed: 0_000
2022-04-08 09:47:13,939 - processing started: 2_000 
2022-04-08 09:47:14,145 - processing completed: 2_000
2022-04-08 09:47:14,151 - processing started: 4_001 
2022-04-08 09:47:14,370 - processing completed: 4_001
2022-04-08 09:47:14,375 - processing started: 6_002 
2022-04-08 09:47:14,518 - processing completed: 6_002
2022-04-08 09:47:14,523 - processing started: 8_003 
2022-04-08 09:47:14,761 - processing completed: 8_003
2022-04-08 09:47:14,766 - processing started: 10_004 
2022-04-08 09:47:14,954 - processing completed: 10_004
2022-04-08 09:47:14,960 - processing started: 12_005 
2022-04-08 09:47:15,196 - processing completed: 12_005
2022-04-08 09:47:15,203 - processing started: 14_005 
2022-04-08 09:47:15,387 - processing completed: 14_005
2022-04-08 09:47:15,394 - processing started: 16_006 
2022-04-08 09:47:15,633 - processing completed: 16_006
2022-04-08 09:47:15,640 - processing started: 18_007 
2022-04-08 09:47:15,799 - processing completed: 18_007
2022-04-08 09:47:15,804 - processing started: 20_008 
2022-04-08 09:47:16,015 - processing completed: 20_008
2022-04-08 09:47:16,021 - processing started: 22_009 
2022-04-08 09:47:16,201 - processing completed: 22_009
2022-04-08 09:47:16,207 - processing started: 24_009 
2022-04-08 09:47:16,467 - processing completed: 24_009
2022-04-08 09:47:16,474 - processing started: 26_010 
2022-04-08 09:47:16,658 - processing completed: 26_010
2022-04-08 09:47:16,664 - processing started: 28_011 
2022-04-08 09:47:16,919 - processing completed: 28_011
2022-04-08 09:47:16,925 - processing started: 30_012 
2022-04-08 09:47:16,998 - processing completed: 30_012
2022-04-08 09:47:17,001 - processing started: 32_013 
2022-04-08 09:47:17,199 - processing completed: 32_013
2022-04-08 09:47:17,204 - processing started: 34_014 
2022-04-08 09:47:17,405 - processing completed: 34_014
2022-04-08 09:47:17,409 - processing started: 36_014 
2022-04-08 09:47:17,517 - processing completed: 36_014
2022-04-08 09:47:17,523 - processing started: 38_015 
2022-04-08 09:47:17,689 - processing completed: 38_015
2022-04-08 09:47:17,693 - processing started: 40_015 
2022-04-08 09:47:17,786 - processing completed: 40_015
2022-04-08 09:47:17,790 - processing started: 42_015 
2022-04-08 09:47:17,963 - processing completed: 42_015
2022-04-08 09:47:17,967 - processing started: 44_016 
2022-04-08 09:47:18,064 - processing completed: 44_016
2022-04-08 09:47:18,068 - processing started: 46_017 
2022-04-08 09:47:18,239 - processing completed: 46_017
2022-04-08 09:47:18,243 - processing started: 48_018 
2022-04-08 09:47:18,343 - processing completed: 48_018
2022-04-08 09:47:18,348 - processing started: 50_019 
2022-04-08 09:47:18,531 - processing completed: 50_019
2022-04-08 09:47:18,535 - processing started: 52_020 
2022-04-08 09:47:18,632 - processing completed: 52_020
2022-04-08 09:47:18,636 - processing started: 54_021 
2022-04-08 09:47:18,800 - processing completed: 54_021
2022-04-08 09:47:18,804 - processing started: 56_022 
2022-04-08 09:47:18,952 - processing completed: 56_022
2022-04-08 09:47:18,957 - processing started: 58_022 
2022-04-08 09:47:19,164 - processing completed: 58_022
2022-04-08 09:47:19,170 - processing started: 60_023 
2022-04-08 09:47:19,273 - processing completed: 60_023
2022-04-08 09:47:19,277 - processing started: 62_023 
2022-04-08 09:47:19,436 - processing completed: 62_023
2022-04-08 09:47:19,439 - processing started: 64_024 
2022-04-08 09:47:19,598 - processing completed: 64_024
2022-04-08 09:47:19,602 - processing started: 66_025 
2022-04-08 09:47:19,701 - processing completed: 66_025
2022-04-08 09:47:19,706 - processing started: 68_026 
2022-04-08 09:47:19,872 - processing completed: 68_026
2022-04-08 09:47:19,876 - processing started: 70_027 
2022-04-08 09:47:19,966 - processing completed: 70_027
2022-04-08 09:47:19,970 - processing started: 72_028 
2022-04-08 09:47:20,120 - processing completed: 72_028
2022-04-08 09:47:20,124 - processing started: 74_028 
2022-04-08 09:47:20,215 - processing completed: 74_028
2022-04-08 09:47:20,218 - processing started: 76_029 
2022-04-08 09:47:20,371 - processing completed: 76_029
2022-04-08 09:47:20,374 - processing started: 78_030 
2022-04-08 09:47:20,471 - processing completed: 78_030
2022-04-08 09:47:20,475 - processing started: 80_031 
2022-04-08 09:47:20,678 - processing completed: 80_031
2022-04-08 09:47:20,684 - processing started: 82_031 
2022-04-08 09:47:20,797 - processing completed: 82_031
2022-04-08 09:47:20,802 - processing started: 84_032 
2022-04-08 09:47:21,025 - processing completed: 84_032
2022-04-08 09:47:21,030 - processing started: 86_032 
2022-04-08 09:47:21,182 - processing completed: 86_032
2022-04-08 09:47:21,188 - processing started: 88_033 
2022-04-08 09:47:21,354 - processing completed: 88_033
2022-04-08 09:47:21,358 - processing started: 90_033 
2022-04-08 09:47:21,470 - processing completed: 90_033
2022-04-08 09:47:21,475 - processing started: 92_033 
2022-04-08 09:47:21,657 - processing completed: 92_033
2022-04-08 09:47:21,661 - processing started: 94_034 
2022-04-08 09:47:21,849 - processing completed: 94_034
2022-04-08 09:47:21,854 - processing started: 96_035 
2022-04-08 09:47:21,971 - processing completed: 96_035
2022-04-08 09:47:21,976 - processing started: 98_035 
2022-04-08 09:47:22,160 - processing completed: 98_035
2022-04-08 09:47:22,164 - processing started: 100_036 
2022-04-08 09:47:22,281 - processing completed: 100_036
2022-04-08 09:47:22,286 - processing started: 102_037 
2022-04-08 09:47:22,506 - processing completed: 102_037
2022-04-08 09:47:22,511 - processing started: 104_038 
2022-04-08 09:47:22,644 - processing completed: 104_038
2022-04-08 09:47:22,649 - processing started: 106_039 
2022-04-08 09:47:22,846 - processing completed: 106_039
2022-04-08 09:47:22,851 - processing started: 108_039 
2022-04-08 09:47:22,974 - processing completed: 108_039
2022-04-08 09:47:22,978 - processing started: 110_040 
2022-04-08 09:47:23,161 - processing completed: 110_040
2022-04-08 09:47:23,166 - processing started: 112_040 
2022-04-08 09:47:23,283 - processing completed: 112_040
2022-04-08 09:47:23,288 - processing started: 114_040 
2022-04-08 09:47:23,472 - processing completed: 114_040
2022-04-08 09:47:23,476 - processing started: 116_041 
2022-04-08 09:47:23,598 - processing completed: 116_041
2022-04-08 09:47:23,602 - processing started: 118_042 
2022-04-08 09:47:23,780 - processing completed: 118_042
2022-04-08 09:47:23,786 - processing started: 120_042 
2022-04-08 09:47:23,905 - processing completed: 120_042
2022-04-08 09:47:23,910 - processing started: 122_043 
2022-04-08 09:47:24,081 - processing completed: 122_043
2022-04-08 09:47:24,086 - processing started: 124_044 
2022-04-08 09:47:24,282 - processing completed: 124_044
2022-04-08 09:47:24,287 - processing started: 126_044 
2022-04-08 09:47:24,413 - processing completed: 126_044
2022-04-08 09:47:24,418 - processing started: 128_045 
2022-04-08 09:47:24,606 - processing completed: 128_045
2022-04-08 09:47:24,610 - processing started: 130_046 
2022-04-08 09:47:24,724 - processing completed: 130_046
2022-04-08 09:47:24,729 - processing started: 132_047 
2022-04-08 09:47:24,909 - processing completed: 132_047
2022-04-08 09:47:24,915 - processing started: 134_048 
2022-04-08 09:47:25,028 - processing completed: 134_048
2022-04-08 09:47:25,031 - processing started: 136_048 
2022-04-08 09:47:25,203 - processing completed: 136_048
2022-04-08 09:47:25,207 - processing started: 138_049 
2022-04-08 09:47:25,327 - processing completed: 138_049
2022-04-08 09:47:25,331 - processing started: 140_050 
2022-04-08 09:47:25,502 - processing completed: 140_050
2022-04-08 09:47:25,506 - processing started: 142_050 
2022-04-08 09:47:25,618 - processing completed: 142_050
2022-04-08 09:47:25,624 - processing started: 144_051 
2022-04-08 09:47:25,798 - processing completed: 144_051
2022-04-08 09:47:25,803 - processing started: 146_051 
2022-04-08 09:47:25,936 - processing completed: 146_051
2022-04-08 09:47:25,940 - processing started: 148_052 
2022-04-08 09:47:26,174 - processing completed: 148_052
2022-04-08 09:47:26,180 - processing started: 150_053 
2022-04-08 09:47:26,307 - processing completed: 150_053
2022-04-08 09:47:26,312 - processing started: 152_054 
2022-04-08 09:47:26,486 - processing completed: 152_054
2022-04-08 09:47:26,491 - processing started: 154_055 
2022-04-08 09:47:26,676 - processing completed: 154_055
2022-04-08 09:47:26,681 - processing started: 156_056 
2022-04-08 09:47:26,797 - processing completed: 156_056
2022-04-08 09:47:26,801 - processing started: 158_057 
2022-04-08 09:47:26,969 - processing completed: 158_057
2022-04-08 09:47:26,974 - processing started: 160_058 
2022-04-08 09:47:27,152 - processing completed: 160_058
2022-04-08 09:47:27,158 - processing started: 162_058 
2022-04-08 09:47:27,392 - processing completed: 162_058
2022-04-08 09:47:27,399 - processing started: 164_059 
2022-04-08 09:47:27,504 - processing completed: 164_059
2022-04-08 09:47:27,508 - processing started: 166_060 
2022-04-08 09:47:27,669 - processing completed: 166_060
2022-04-08 09:47:27,673 - processing started: 168_061 
2022-04-08 09:47:27,780 - processing completed: 168_061
2022-04-08 09:47:27,784 - processing started: 170_062 
2022-04-08 09:47:27,985 - processing completed: 170_062
2022-04-08 09:47:27,989 - processing started: 172_062 
2022-04-08 09:47:28,105 - processing completed: 172_062
2022-04-08 09:47:28,109 - processing started: 174_063 
2022-04-08 09:47:28,374 - processing completed: 174_063
2022-04-08 09:47:28,380 - processing started: 176_064 
2022-04-08 09:47:28,582 - processing completed: 176_064
2022-04-08 09:47:28,587 - processing started: 178_064 
2022-04-08 09:47:28,850 - processing completed: 178_064
2022-04-08 09:47:28,856 - processing started: 180_065 
2022-04-08 09:47:29,132 - processing completed: 180_065
2022-04-08 09:47:29,138 - processing started: 182_066 
2022-04-08 09:47:29,351 - processing completed: 182_066
2022-04-08 09:47:29,357 - processing started: 184_066 
2022-04-08 09:47:29,652 - processing completed: 184_066
2022-04-08 09:47:29,659 - processing started: 186_066 
2022-04-08 09:47:29,869 - processing completed: 186_066
2022-04-08 09:47:29,876 - processing started: 188_067 
2022-04-08 09:47:29,988 - processing completed: 188_067
2022-04-08 09:47:29,991 - processing started: 190_067 
2022-04-08 09:47:30,144 - processing completed: 190_067
2022-04-08 09:47:30,150 - processing started: 192_067 
2022-04-08 09:47:30,429 - processing completed: 192_067
2022-04-08 09:47:30,436 - processing started: 194_068 
2022-04-08 09:47:30,583 - processing completed: 194_068
2022-04-08 09:47:30,588 - processing started: 196_069 
2022-04-08 09:47:30,797 - processing completed: 196_069
2022-04-08 09:47:30,802 - processing started: 198_069 
2022-04-08 09:47:30,949 - processing completed: 198_069
2022-04-08 09:47:30,955 - processing started: 200_070 
2022-04-08 09:47:31,070 - processing completed: 200_070
2022-04-08 09:47:31,073 - processing started: 202_071 
2022-04-08 09:47:31,300 - processing completed: 202_071
2022-04-08 09:47:31,308 - processing started: 204_072 
2022-04-08 09:47:31,605 - processing completed: 204_072
2022-04-08 09:47:31,613 - processing started: 206_072 
2022-04-08 09:47:31,832 - processing completed: 206_072
2022-04-08 09:47:31,839 - processing started: 208_073 
2022-04-08 09:47:32,108 - processing completed: 208_073
2022-04-08 09:47:32,115 - processing started: 210_074 
2022-04-08 09:47:32,406 - processing completed: 210_074
2022-04-08 09:47:32,412 - processing started: 212_075 
2022-04-08 09:47:32,629 - processing completed: 212_075
2022-04-08 09:47:32,636 - processing started: 214_076 
2022-04-08 09:47:32,913 - processing completed: 214_076
2022-04-08 09:47:32,920 - processing started: 216_077 
2022-04-08 09:47:33,144 - processing completed: 216_077
2022-04-08 09:47:33,152 - processing started: 218_078 
2022-04-08 09:47:33,442 - processing completed: 218_078
2022-04-08 09:47:33,449 - processing started: 220_079 
2022-04-08 09:47:33,669 - processing completed: 220_079
2022-04-08 09:47:33,675 - processing started: 222_079 
2022-04-08 09:47:33,956 - processing completed: 222_079
2022-04-08 09:47:33,963 - processing started: 224_080 
2022-04-08 09:47:34,063 - processing completed: 224_080
2022-04-08 09:47:34,067 - processing started: 226_081 
2022-04-08 09:47:34,261 - processing completed: 226_081
2022-04-08 09:47:34,266 - processing started: 228_081 
2022-04-08 09:47:34,393 - processing completed: 228_081
2022-04-08 09:47:34,399 - processing started: 230_081 
2022-04-08 09:47:34,588 - processing completed: 230_081
2022-04-08 09:47:34,593 - processing started: 232_082 
2022-04-08 09:47:34,719 - processing completed: 232_082
2022-04-08 09:47:34,725 - processing started: 234_082 
2022-04-08 09:47:34,930 - processing completed: 234_082
2022-04-08 09:47:34,935 - processing started: 236_083 
2022-04-08 09:47:35,075 - processing completed: 236_083
2022-04-08 09:47:35,082 - processing started: 238_084 
2022-04-08 09:47:35,273 - processing completed: 238_084
2022-04-08 09:47:35,279 - processing started: 240_085 
2022-04-08 09:47:35,464 - processing completed: 240_085
2022-04-08 09:47:35,469 - processing started: 242_086 
2022-04-08 09:47:35,614 - processing completed: 242_086
2022-04-08 09:47:35,618 - processing started: 244_087 
2022-04-08 09:47:35,804 - processing completed: 244_087
2022-04-08 09:47:35,809 - processing started: 246_088 
2022-04-08 09:47:35,935 - processing completed: 246_088
2022-04-08 09:47:35,939 - processing started: 248_088 
2022-04-08 09:47:36,127 - processing completed: 248_088
2022-04-08 09:47:36,131 - processing started: 250_089 
2022-04-08 09:47:36,210 - processing completed: 250_089
2022-04-08 09:47:36,213 - processing started: 252_090 
2022-04-08 09:47:36,352 - processing completed: 252_090
2022-04-08 09:47:36,357 - processing started: 254_091 
2022-04-08 09:47:36,435 - processing completed: 254_091
2022-04-08 09:47:36,438 - processing started: 256_092 
2022-04-08 09:47:36,579 - processing completed: 256_092
2022-04-08 09:47:36,583 - processing started: 258_093 
2022-04-08 09:47:36,699 - processing completed: 258_093
2022-04-08 09:47:36,704 - processing started: 260_094 
2022-04-08 09:47:36,877 - processing completed: 260_094
2022-04-08 09:47:36,882 - processing started: 262_094 
2022-04-08 09:47:36,980 - processing completed: 262_094
2022-04-08 09:47:36,986 - processing started: 264_095 
2022-04-08 09:47:37,148 - processing completed: 264_095
2022-04-08 09:47:37,152 - processing started: 266_096 
2022-04-08 09:47:37,249 - processing completed: 266_096
2022-04-08 09:47:37,254 - processing started: 268_097 
2022-04-08 09:47:37,416 - processing completed: 268_097
2022-04-08 09:47:37,420 - processing started: 270_098 
2022-04-08 09:47:37,589 - processing completed: 270_098
2022-04-08 09:47:37,593 - processing started: 272_099 
2022-04-08 09:47:37,698 - processing completed: 272_099
2022-04-08 09:47:37,701 - processing started: 274_100 
2022-04-08 09:47:37,893 - processing completed: 274_100
2022-04-08 09:47:37,899 - processing started: 276_101 
2022-04-08 09:47:37,989 - processing completed: 276_101
2022-04-08 09:47:37,994 - processing started: 278_102 
2022-04-08 09:47:38,147 - processing completed: 278_102
2022-04-08 09:47:38,151 - processing started: 280_103 
2022-04-08 09:47:38,231 - processing completed: 280_103
2022-04-08 09:47:38,235 - processing started: 282_103 
2022-04-08 09:47:38,384 - processing completed: 282_103
2022-04-08 09:47:38,388 - processing started: 284_104 
2022-04-08 09:47:38,487 - processing completed: 284_104
2022-04-08 09:47:38,492 - processing started: 286_105 
2022-04-08 09:47:38,668 - processing completed: 286_105
2022-04-08 09:47:38,673 - processing started: 288_106 
2022-04-08 09:47:38,761 - processing completed: 288_106
2022-04-08 09:47:38,766 - processing started: 290_107 
2022-04-08 09:47:38,917 - processing completed: 290_107
2022-04-08 09:47:38,921 - processing started: 292_108 
2022-04-08 09:47:39,001 - processing completed: 292_108
2022-04-08 09:47:39,006 - processing started: 294_108 
2022-04-08 09:47:39,147 - processing completed: 294_108
2022-04-08 09:47:39,150 - processing started: 296_109 
2022-04-08 09:47:39,231 - processing completed: 296_109
2022-04-08 09:47:39,234 - processing started: 298_110 
2022-04-08 09:47:39,385 - processing completed: 298_110
2022-04-08 09:47:39,391 - processing started: 300_111 
2022-04-08 09:47:39,534 - processing completed: 300_111
2022-04-08 09:47:39,538 - processing started: 302_112 
2022-04-08 09:47:39,621 - processing completed: 302_112
2022-04-08 09:47:39,625 - processing started: 304_113 
2022-04-08 09:47:39,771 - processing completed: 304_113
2022-04-08 09:47:39,774 - processing started: 306_114 
2022-04-08 09:47:39,902 - processing completed: 306_114
2022-04-08 09:47:39,907 - processing started: 308_115 
2022-04-08 09:47:40,095 - processing completed: 308_115
2022-04-08 09:47:40,101 - processing started: 310_116 
2022-04-08 09:47:40,231 - processing completed: 310_116
2022-04-08 09:47:40,236 - processing started: 312_117 
2022-04-08 09:47:40,453 - processing completed: 312_117
2022-04-08 09:47:40,458 - processing started: 314_117 
2022-04-08 09:47:40,590 - processing completed: 314_117
2022-04-08 09:47:40,595 - processing started: 316_118 
2022-04-08 09:47:40,791 - processing completed: 316_118
2022-04-08 09:47:40,798 - processing started: 318_119 
2022-04-08 09:47:40,926 - processing completed: 318_119
2022-04-08 09:47:40,931 - processing started: 320_120 
2022-04-08 09:47:41,087 - processing completed: 320_120
2022-04-08 09:47:41,092 - processing started: 322_120 
2022-04-08 09:47:41,191 - processing completed: 322_120
2022-04-08 09:47:41,194 - processing started: 324_121 
2022-04-08 09:47:41,384 - processing completed: 324_121
2022-04-08 09:47:41,389 - processing started: 326_122 
2022-04-08 09:47:41,518 - processing completed: 326_122
2022-04-08 09:47:41,522 - processing started: 328_123 
2022-04-08 09:47:41,711 - processing completed: 328_123
2022-04-08 09:47:41,716 - processing started: 330_123 
2022-04-08 09:47:41,916 - processing completed: 330_123
2022-04-08 09:47:41,920 - processing started: 332_124 
2022-04-08 09:47:42,047 - processing completed: 332_124
2022-04-08 09:47:42,052 - processing started: 334_124 
2022-04-08 09:47:42,284 - processing completed: 334_124
2022-04-08 09:47:42,288 - processing started: 336_124 
2022-04-08 09:47:42,421 - processing completed: 336_124
2022-04-08 09:47:42,426 - processing started: 338_124 
2022-04-08 09:47:42,627 - processing completed: 338_124
2022-04-08 09:47:42,631 - processing started: 340_125 
2022-04-08 09:47:42,759 - processing completed: 340_125
2022-04-08 09:47:42,764 - processing started: 342_126 
2022-04-08 09:47:42,963 - processing completed: 342_126
2022-04-08 09:47:42,967 - processing started: 344_126 
2022-04-08 09:47:43,107 - processing completed: 344_126
2022-04-08 09:47:43,112 - processing started: 346_127 
2022-04-08 09:47:43,301 - processing completed: 346_127
2022-04-08 09:47:43,306 - processing started: 348_128 
2022-04-08 09:47:43,433 - processing completed: 348_128
2022-04-08 09:47:43,437 - processing started: 350_129 
2022-04-08 09:47:43,630 - processing completed: 350_129
2022-04-08 09:47:43,634 - processing started: 352_130 
2022-04-08 09:47:43,762 - processing completed: 352_130
2022-04-08 09:47:43,767 - processing started: 354_131 
2022-04-08 09:47:43,974 - processing completed: 354_131
2022-04-08 09:47:43,979 - processing started: 356_132 
2022-04-08 09:47:44,121 - processing completed: 356_132
2022-04-08 09:47:44,128 - processing started: 358_133 
2022-04-08 09:47:44,321 - processing completed: 358_133
2022-04-08 09:47:44,327 - processing started: 360_134 
2022-04-08 09:47:44,512 - processing completed: 360_134
2022-04-08 09:47:44,517 - processing started: 362_134 
2022-04-08 09:47:44,640 - processing completed: 362_134
2022-04-08 09:47:44,646 - processing started: 364_134 
2022-04-08 09:47:44,830 - processing completed: 364_134
2022-04-08 09:47:44,835 - processing started: 366_135 
2022-04-08 09:47:44,957 - processing completed: 366_135
2022-04-08 09:47:44,963 - processing started: 368_136 
2022-04-08 09:47:45,150 - processing completed: 368_136
2022-04-08 09:47:45,155 - processing started: 370_137 
2022-04-08 09:47:45,279 - processing completed: 370_137
2022-04-08 09:47:45,283 - processing started: 372_138 
2022-04-08 09:47:45,466 - processing completed: 372_138
2022-04-08 09:47:45,470 - processing started: 374_139 
2022-04-08 09:47:45,595 - processing completed: 374_139
2022-04-08 09:47:45,600 - processing started: 376_140 
2022-04-08 09:47:45,812 - processing completed: 376_140
2022-04-08 09:47:45,819 - processing started: 378_140 
2022-04-08 09:47:45,950 - processing completed: 378_140
2022-04-08 09:47:45,955 - processing started: 380_141 
2022-04-08 09:47:46,151 - processing completed: 380_141
2022-04-08 09:47:46,157 - processing started: 382_142 
2022-04-08 09:47:46,286 - processing completed: 382_142
2022-04-08 09:47:46,292 - processing started: 384_143 
2022-04-08 09:47:46,480 - processing completed: 384_143
2022-04-08 09:47:46,485 - processing started: 386_144 
2022-04-08 09:47:46,614 - processing completed: 386_144
2022-04-08 09:47:46,619 - processing started: 388_145 
2022-04-08 09:47:46,810 - processing completed: 388_145
2022-04-08 09:47:46,815 - processing started: 390_145 
2022-04-08 09:47:47,012 - processing completed: 390_145
2022-04-08 09:47:47,016 - processing started: 392_145 
2022-04-08 09:47:47,145 - processing completed: 392_145
2022-04-08 09:47:47,150 - processing started: 394_146 
2022-04-08 09:47:47,345 - processing completed: 394_146
2022-04-08 09:47:47,350 - processing started: 396_147 
2022-04-08 09:47:47,507 - processing completed: 396_147
2022-04-08 09:47:47,512 - processing started: 398_147 
2022-04-08 09:47:47,720 - processing completed: 398_147
2022-04-08 09:47:47,726 - processing started: 400_148 
2022-04-08 09:47:47,856 - processing completed: 400_148
2022-04-08 09:47:47,862 - processing started: 402_149 
2022-04-08 09:47:48,052 - processing completed: 402_149
2022-04-08 09:47:48,057 - processing started: 404_149 
2022-04-08 09:47:48,188 - processing completed: 404_149
2022-04-08 09:47:48,193 - processing started: 406_150 
2022-04-08 09:47:48,395 - processing completed: 406_150
2022-04-08 09:47:48,400 - processing started: 408_151 
2022-04-08 09:47:48,530 - processing completed: 408_151
2022-04-08 09:47:48,535 - processing started: 410_152 
2022-04-08 09:47:48,731 - processing completed: 410_152
2022-04-08 09:47:48,735 - processing started: 412_153 
2022-04-08 09:47:48,867 - processing completed: 412_153
2022-04-08 09:47:48,871 - processing started: 414_154 
2022-04-08 09:47:49,065 - processing completed: 414_154
2022-04-08 09:47:49,070 - processing started: 416_155 
2022-04-08 09:47:49,200 - processing completed: 416_155
2022-04-08 09:47:49,204 - processing started: 418_156 
2022-04-08 09:47:49,439 - processing completed: 418_156
2022-04-08 09:47:49,444 - processing started: 420_157 
2022-04-08 09:47:49,649 - processing completed: 420_157
2022-04-08 09:47:49,653 - processing started: 422_157 
2022-04-08 09:47:49,783 - processing completed: 422_157
2022-04-08 09:47:49,788 - processing started: 424_158 
2022-04-08 09:47:49,978 - processing completed: 424_158
2022-04-08 09:47:49,982 - processing started: 426_159 
2022-04-08 09:47:50,109 - processing completed: 426_159
2022-04-08 09:47:50,114 - processing started: 428_160 
2022-04-08 09:47:50,309 - processing completed: 428_160
2022-04-08 09:47:50,314 - processing started: 430_160 
2022-04-08 09:47:50,446 - processing completed: 430_160
2022-04-08 09:47:50,451 - processing started: 432_161 
2022-04-08 09:47:50,642 - processing completed: 432_161
2022-04-08 09:47:50,647 - processing started: 434_162 
2022-04-08 09:47:50,776 - processing completed: 434_162
2022-04-08 09:47:50,781 - processing started: 436_163 
2022-04-08 09:47:50,974 - processing completed: 436_163
2022-04-08 09:47:50,978 - processing started: 438_164 
2022-04-08 09:47:51,133 - processing completed: 438_164
2022-04-08 09:47:51,140 - processing started: 440_165 
2022-04-08 09:47:51,357 - processing completed: 440_165
2022-04-08 09:47:51,363 - processing started: 442_166 
2022-04-08 09:47:51,504 - processing completed: 442_166
2022-04-08 09:47:51,510 - processing started: 444_167 
2022-04-08 09:47:51,704 - processing completed: 444_167
2022-04-08 09:47:51,710 - processing started: 446_167 
2022-04-08 09:47:51,903 - processing completed: 446_167
2022-04-08 09:47:51,908 - processing started: 448_168 
2022-04-08 09:47:52,042 - processing completed: 448_168
2022-04-08 09:47:52,046 - processing started: 450_168 
2022-04-08 09:47:52,243 - processing completed: 450_168
2022-04-08 09:47:52,249 - processing started: 452_169 
2022-04-08 09:47:52,379 - processing completed: 452_169
2022-04-08 09:47:52,383 - processing started: 454_170 
2022-04-08 09:47:52,579 - processing completed: 454_170
2022-04-08 09:47:52,585 - processing started: 456_171 
2022-04-08 09:47:52,720 - processing completed: 456_171
2022-04-08 09:47:52,724 - processing started: 458_171 
2022-04-08 09:47:52,944 - processing completed: 458_171
2022-04-08 09:47:52,950 - processing started: 460_172 
2022-04-08 09:47:53,089 - processing completed: 460_172
2022-04-08 09:47:53,095 - processing started: 462_173 
2022-04-08 09:47:53,305 - processing completed: 462_173
2022-04-08 09:47:53,311 - processing started: 464_174 
2022-04-08 09:47:53,449 - processing completed: 464_174
2022-04-08 09:47:53,454 - processing started: 466_174 
2022-04-08 09:47:53,662 - processing completed: 466_174
2022-04-08 09:47:53,667 - processing started: 468_175 
2022-04-08 09:47:53,821 - processing completed: 468_175
2022-04-08 09:47:53,828 - processing started: 470_176 
2022-04-08 09:47:54,035 - processing completed: 470_176
2022-04-08 09:47:54,041 - processing started: 472_177 
2022-04-08 09:47:54,180 - processing completed: 472_177
2022-04-08 09:47:54,185 - processing started: 474_178 
2022-04-08 09:47:54,387 - processing completed: 474_178
2022-04-08 09:47:54,392 - processing started: 476_178 
2022-04-08 09:47:54,598 - processing completed: 476_178
2022-04-08 09:47:54,604 - processing started: 478_179 
2022-04-08 09:47:54,807 - processing completed: 478_179
2022-04-08 09:47:54,814 - processing started: 480_180 
2022-04-08 09:47:55,053 - processing completed: 480_180
2022-04-08 09:47:55,059 - processing started: 482_180 
2022-04-08 09:47:55,194 - processing completed: 482_180
2022-04-08 09:47:55,198 - processing started: 484_181 
2022-04-08 09:47:55,394 - processing completed: 484_181
2022-04-08 09:47:55,399 - processing started: 486_182 
2022-04-08 09:47:55,534 - processing completed: 486_182
2022-04-08 09:47:55,540 - processing started: 488_183 
2022-04-08 09:47:55,744 - processing completed: 488_183
2022-04-08 09:47:55,749 - processing started: 490_183 
2022-04-08 09:47:55,888 - processing completed: 490_183
2022-04-08 09:47:55,893 - processing started: 492_184 
2022-04-08 09:47:56,098 - processing completed: 492_184
2022-04-08 09:47:56,103 - processing started: 494_184 
2022-04-08 09:47:56,237 - processing completed: 494_184
2022-04-08 09:47:56,243 - processing started: 496_185 
2022-04-08 09:47:56,448 - processing completed: 496_185
2022-04-08 09:47:56,455 - processing started: 498_186 
2022-04-08 09:47:56,610 - processing completed: 498_186
2022-04-08 09:47:56,617 - processing started: 500_187 
2022-04-08 09:47:56,824 - processing completed: 500_187
2022-04-08 09:47:56,830 - processing started: 502_188 
2022-04-08 09:47:56,971 - processing completed: 502_188
2022-04-08 09:47:56,976 - processing started: 504_188 
2022-04-08 09:47:57,171 - processing completed: 504_188
2022-04-08 09:47:57,178 - processing started: 506_189 
2022-04-08 09:47:57,344 - processing completed: 506_189
2022-04-08 09:47:57,348 - processing started: 508_190 
2022-04-08 09:47:57,483 - processing completed: 508_190
2022-04-08 09:47:57,488 - processing started: 510_191 
2022-04-08 09:47:57,686 - processing completed: 510_191
2022-04-08 09:47:57,690 - processing started: 512_192 
2022-04-08 09:47:57,823 - processing completed: 512_192
2022-04-08 09:47:57,829 - processing started: 514_192 
2022-04-08 09:47:58,027 - processing completed: 514_192
2022-04-08 09:47:58,033 - processing started: 516_193 
2022-04-08 09:47:58,167 - processing completed: 516_193
2022-04-08 09:47:58,172 - processing started: 518_194 
2022-04-08 09:47:58,416 - processing completed: 518_194
2022-04-08 09:47:58,423 - processing started: 520_195 
2022-04-08 09:47:58,565 - processing completed: 520_195
2022-04-08 09:47:58,571 - processing started: 522_196 
2022-04-08 09:47:58,775 - processing completed: 522_196
2022-04-08 09:47:58,781 - processing started: 524_196 
2022-04-08 09:47:58,913 - processing completed: 524_196
2022-04-08 09:47:58,919 - processing started: 526_196 
2022-04-08 09:47:59,118 - processing completed: 526_196
2022-04-08 09:47:59,122 - processing started: 528_197 
2022-04-08 09:47:59,257 - processing completed: 528_197
2022-04-08 09:47:59,261 - processing started: 530_197 
2022-04-08 09:47:59,458 - processing completed: 530_197
2022-04-08 09:47:59,462 - processing started: 532_198 
2022-04-08 09:47:59,597 - processing completed: 532_198
2022-04-08 09:47:59,601 - processing started: 534_199 
2022-04-08 09:47:59,796 - processing completed: 534_199
2022-04-08 09:47:59,800 - processing started: 536_200 
2022-04-08 09:48:00,000 - processing completed: 536_200
2022-04-08 09:48:00,008 - processing started: 538_201 
2022-04-08 09:48:00,176 - processing completed: 538_201
2022-04-08 09:48:00,183 - processing started: 540_202 
2022-04-08 09:48:00,395 - processing completed: 540_202
2022-04-08 09:48:00,400 - processing started: 542_203 
2022-04-08 09:48:00,537 - processing completed: 542_203
2022-04-08 09:48:00,543 - processing started: 544_204 
2022-04-08 09:48:00,738 - processing completed: 544_204
2022-04-08 09:48:00,743 - processing started: 546_205 
2022-04-08 09:48:00,875 - processing completed: 546_205
2022-04-08 09:48:00,880 - processing started: 548_206 
2022-04-08 09:48:01,078 - processing completed: 548_206
2022-04-08 09:48:01,082 - processing started: 550_207 
2022-04-08 09:48:01,220 - processing completed: 550_207
2022-04-08 09:48:01,225 - processing started: 552_207 
2022-04-08 09:48:01,422 - processing completed: 552_207
2022-04-08 09:48:01,426 - processing started: 554_208 
2022-04-08 09:48:01,558 - processing completed: 554_208
2022-04-08 09:48:01,563 - processing started: 556_209 
2022-04-08 09:48:01,757 - processing completed: 556_209
2022-04-08 09:48:01,763 - processing started: 558_210 
2022-04-08 09:48:01,907 - processing completed: 558_210
2022-04-08 09:48:01,912 - processing started: 560_211 
2022-04-08 09:48:02,124 - processing completed: 560_211
2022-04-08 09:48:02,129 - processing started: 562_212 
2022-04-08 09:48:02,263 - processing completed: 562_212
2022-04-08 09:48:02,269 - processing started: 564_213 
2022-04-08 09:48:02,459 - processing completed: 564_213
2022-04-08 09:48:02,464 - processing started: 566_214 
2022-04-08 09:48:02,655 - processing completed: 566_214
2022-04-08 09:48:02,660 - processing started: 568_214 
2022-04-08 09:48:02,787 - processing completed: 568_214
2022-04-08 09:48:02,792 - processing started: 570_214 
2022-04-08 09:48:02,986 - processing completed: 570_214
2022-04-08 09:48:02,992 - processing started: 572_215 
2022-04-08 09:48:03,120 - processing completed: 572_215
2022-04-08 09:48:03,126 - processing started: 574_216 
2022-04-08 09:48:03,323 - processing completed: 574_216
2022-04-08 09:48:03,328 - processing started: 576_217 
2022-04-08 09:48:03,454 - processing completed: 576_217
2022-04-08 09:48:03,459 - processing started: 578_218 
2022-04-08 09:48:03,651 - processing completed: 578_218
2022-04-08 09:48:03,656 - processing started: 580_219 
2022-04-08 09:48:03,801 - processing completed: 580_219
2022-04-08 09:48:03,806 - processing started: 582_220 
2022-04-08 09:48:04,018 - processing completed: 582_220
2022-04-08 09:48:04,023 - processing started: 584_221 
2022-04-08 09:48:04,159 - processing completed: 584_221
2022-04-08 09:48:04,165 - processing started: 586_221 
2022-04-08 09:48:04,365 - processing completed: 586_221
2022-04-08 09:48:04,370 - processing started: 588_222 
2022-04-08 09:48:04,499 - processing completed: 588_222
2022-04-08 09:48:04,505 - processing started: 590_222 
2022-04-08 09:48:04,696 - processing completed: 590_222
2022-04-08 09:48:04,701 - processing started: 592_223 
2022-04-08 09:48:04,800 - processing completed: 592_223
2022-04-08 09:48:04,805 - processing started: 594_224 
2022-04-08 09:48:05,021 - processing completed: 594_224
2022-04-08 09:48:05,026 - processing started: 596_224 
2022-04-08 09:48:05,242 - processing completed: 596_224
2022-04-08 09:48:05,246 - processing started: 598_225 
2022-04-08 09:48:05,349 - processing completed: 598_225
2022-04-08 09:48:05,353 - processing started: 600_225 
2022-04-08 09:48:05,541 - processing completed: 600_225
2022-04-08 09:48:05,545 - processing started: 602_226 
2022-04-08 09:48:05,670 - processing completed: 602_226
2022-04-08 09:48:05,674 - processing started: 604_226 
2022-04-08 09:48:05,850 - processing completed: 604_226
2022-04-08 09:48:05,854 - processing started: 606_227 
2022-04-08 09:48:05,980 - processing completed: 606_227
2022-04-08 09:48:05,985 - processing started: 608_227 
2022-04-08 09:48:06,170 - processing completed: 608_227
2022-04-08 09:48:06,175 - processing started: 610_227 
2022-04-08 09:48:06,277 - processing completed: 610_227
2022-04-08 09:48:06,280 - processing started: 612_227 
2022-04-08 09:48:06,509 - processing completed: 612_227
2022-04-08 09:48:06,514 - processing started: 614_227 
2022-04-08 09:48:06,618 - processing completed: 614_227
2022-04-08 09:48:06,622 - processing started: 616_228 
2022-04-08 09:48:06,781 - processing completed: 616_228
2022-04-08 09:48:06,785 - processing started: 618_229 
2022-04-08 09:48:06,885 - processing completed: 618_229
2022-04-08 09:48:06,889 - processing started: 620_230 
2022-04-08 09:48:07,047 - processing completed: 620_230
2022-04-08 09:48:07,051 - processing started: 622_230 
2022-04-08 09:48:07,151 - processing completed: 622_230
2022-04-08 09:48:07,155 - processing started: 624_231 
2022-04-08 09:48:07,309 - processing completed: 624_231
2022-04-08 09:48:07,312 - processing started: 626_232 
2022-04-08 09:48:07,496 - processing completed: 626_232
2022-04-08 09:48:07,500 - processing started: 628_232 
2022-04-08 09:48:07,612 - processing completed: 628_232
2022-04-08 09:48:07,619 - processing started: 630_232 
2022-04-08 09:48:07,790 - processing completed: 630_232
2022-04-08 09:48:07,794 - processing started: 632_233 
2022-04-08 09:48:07,891 - processing completed: 632_233
2022-04-08 09:48:07,894 - processing started: 634_234 
2022-04-08 09:48:08,051 - processing completed: 634_234
2022-04-08 09:48:08,054 - processing started: 636_234 
2022-04-08 09:48:08,148 - processing completed: 636_234
2022-04-08 09:48:08,152 - processing started: 638_235 
2022-04-08 09:48:08,338 - processing completed: 638_235
2022-04-08 09:48:08,343 - processing started: 640_236 
2022-04-08 09:48:08,465 - processing completed: 640_236
2022-04-08 09:48:08,469 - processing started: 642_236 
2022-04-08 09:48:08,674 - processing completed: 642_236
2022-04-08 09:48:08,678 - processing started: 644_237 
2022-04-08 09:48:08,806 - processing completed: 644_237
2022-04-08 09:48:08,810 - processing started: 646_238 
2022-04-08 09:48:09,000 - processing completed: 646_238
2022-04-08 09:48:09,004 - processing started: 648_239 
2022-04-08 09:48:09,139 - processing completed: 648_239
2022-04-08 09:48:09,144 - processing started: 650_240 
2022-04-08 09:48:09,358 - processing completed: 650_240
2022-04-08 09:48:09,363 - processing started: 652_240 
2022-04-08 09:48:09,494 - processing completed: 652_240
2022-04-08 09:48:09,500 - processing started: 654_241 
2022-04-08 09:48:09,707 - processing completed: 654_241
2022-04-08 09:48:09,712 - processing started: 656_242 
2022-04-08 09:48:09,910 - processing completed: 656_242
2022-04-08 09:48:09,914 - processing started: 658_243 
2022-04-08 09:48:10,041 - processing completed: 658_243
2022-04-08 09:48:10,045 - processing started: 660_243 
2022-04-08 09:48:10,239 - processing completed: 660_243
2022-04-08 09:48:10,243 - processing started: 662_244 
2022-04-08 09:48:10,328 - processing completed: 662_244
2022-04-08 09:48:10,332 - processing started: 664_245 
2022-04-08 09:48:10,476 - processing completed: 664_245
2022-04-08 09:48:10,480 - processing started: 666_246 
2022-04-08 09:48:10,566 - processing completed: 666_246
2022-04-08 09:48:10,570 - processing started: 668_247 
2022-04-08 09:48:10,717 - processing completed: 668_247
2022-04-08 09:48:10,721 - processing started: 670_248 
2022-04-08 09:48:10,801 - processing completed: 670_248
2022-04-08 09:48:10,804 - processing started: 672_248 
2022-04-08 09:48:10,959 - processing completed: 672_248
2022-04-08 09:48:10,963 - processing started: 674_249 
2022-04-08 09:48:11,054 - processing completed: 674_249
2022-04-08 09:48:11,060 - processing started: 676_250 
2022-04-08 09:48:11,214 - processing completed: 676_250
2022-04-08 09:48:11,217 - processing started: 678_251 
2022-04-08 09:48:11,303 - processing completed: 678_251
2022-04-08 09:48:11,308 - processing started: 680_252 
2022-04-08 09:48:11,456 - processing completed: 680_252
2022-04-08 09:48:11,460 - processing started: 682_252 
2022-04-08 09:48:11,539 - processing completed: 682_252
2022-04-08 09:48:11,543 - processing started: 684_253 
2022-04-08 09:48:11,706 - processing completed: 684_253
2022-04-08 09:48:11,711 - processing started: 686_254 
2022-04-08 09:48:11,888 - processing completed: 686_254
2022-04-08 09:48:11,892 - processing started: 688_255 
2022-04-08 09:48:11,999 - processing completed: 688_255
2022-04-08 09:48:12,004 - processing started: 690_256 
2022-04-08 09:48:12,186 - processing completed: 690_256
2022-04-08 09:48:12,190 - processing started: 692_257 
2022-04-08 09:48:12,301 - processing completed: 692_257
2022-04-08 09:48:12,305 - processing started: 694_257 
2022-04-08 09:48:12,478 - processing completed: 694_257
2022-04-08 09:48:12,482 - processing started: 696_258 
2022-04-08 09:48:12,590 - processing completed: 696_258
2022-04-08 09:48:12,594 - processing started: 698_258 
2022-04-08 09:48:12,785 - processing completed: 698_258
2022-04-08 09:48:12,790 - processing started: 700_259 
2022-04-08 09:48:12,911 - processing completed: 700_259
2022-04-08 09:48:12,914 - processing started: 702_260 
2022-04-08 09:48:13,103 - processing completed: 702_260
2022-04-08 09:48:13,107 - processing started: 704_261 
2022-04-08 09:48:13,222 - processing completed: 704_261
2022-04-08 09:48:13,227 - processing started: 706_261 
2022-04-08 09:48:13,407 - processing completed: 706_261
2022-04-08 09:48:13,411 - processing started: 708_262 
2022-04-08 09:48:13,512 - processing completed: 708_262
2022-04-08 09:48:13,516 - processing started: 710_263 
2022-04-08 09:48:13,687 - processing completed: 710_263
2022-04-08 09:48:13,692 - processing started: 712_264 
2022-04-08 09:48:13,862 - processing completed: 712_264
2022-04-08 09:48:13,867 - processing started: 714_264 
2022-04-08 09:48:13,966 - processing completed: 714_264
2022-04-08 09:48:13,972 - processing started: 716_265 
2022-04-08 09:48:14,137 - processing completed: 716_265
2022-04-08 09:48:14,141 - processing started: 718_266 
2022-04-08 09:48:14,242 - processing completed: 718_266
2022-04-08 09:48:14,247 - processing started: 720_267 
2022-04-08 09:48:14,411 - processing completed: 720_267
2022-04-08 09:48:14,415 - processing started: 722_267 
2022-04-08 09:48:14,514 - processing completed: 722_267
2022-04-08 09:48:14,519 - processing started: 724_267 
2022-04-08 09:48:14,717 - processing completed: 724_267
2022-04-08 09:48:14,722 - processing started: 726_268 
2022-04-08 09:48:14,831 - processing completed: 726_268
2022-04-08 09:48:14,836 - processing started: 728_268 
2022-04-08 09:48:15,021 - processing completed: 728_268
2022-04-08 09:48:15,027 - processing started: 730_268 
2022-04-08 09:48:15,141 - processing completed: 730_268
2022-04-08 09:48:15,146 - processing started: 732_268 
2022-04-08 09:48:15,307 - processing completed: 732_268
2022-04-08 09:48:15,312 - processing started: 734_268 
2022-04-08 09:48:15,411 - processing completed: 734_268
2022-04-08 09:48:15,415 - processing started: 736_269 
2022-04-08 09:48:15,581 - processing completed: 736_269
2022-04-08 09:48:15,586 - processing started: 738_270 
2022-04-08 09:48:15,698 - processing completed: 738_270
2022-04-08 09:48:15,702 - processing started: 740_271 
2022-04-08 09:48:15,876 - processing completed: 740_271
2022-04-08 09:48:15,881 - processing started: 742_272 
2022-04-08 09:48:16,043 - processing completed: 742_272
2022-04-08 09:48:16,047 - processing started: 744_272 
2022-04-08 09:48:16,144 - processing completed: 744_272
2022-04-08 09:48:16,150 - processing started: 746_273 
2022-04-08 09:48:16,318 - processing completed: 746_273
2022-04-08 09:48:16,324 - processing started: 748_274 
2022-04-08 09:48:16,439 - processing completed: 748_274
2022-04-08 09:48:16,444 - processing started: 750_274 
2022-04-08 09:48:16,627 - processing completed: 750_274
2022-04-08 09:48:16,632 - processing started: 752_275 
2022-04-08 09:48:16,733 - processing completed: 752_275
2022-04-08 09:48:16,738 - processing started: 754_275 
2022-04-08 09:48:16,906 - processing completed: 754_275
2022-04-08 09:48:16,911 - processing started: 756_276 
2022-04-08 09:48:17,010 - processing completed: 756_276
2022-04-08 09:48:17,013 - processing started: 758_277 
2022-04-08 09:48:17,185 - processing completed: 758_277
2022-04-08 09:48:17,190 - processing started: 760_278 
2022-04-08 09:48:17,296 - processing completed: 760_278
2022-04-08 09:48:17,300 - processing started: 762_278 
2022-04-08 09:48:17,472 - processing completed: 762_278
2022-04-08 09:48:17,476 - processing started: 764_279 
2022-04-08 09:48:17,575 - processing completed: 764_279
2022-04-08 09:48:17,580 - processing started: 766_280 
2022-04-08 09:48:17,731 - processing completed: 766_280
2022-04-08 09:48:17,735 - processing started: 768_281 
2022-04-08 09:48:17,825 - processing completed: 768_281
2022-04-08 09:48:17,829 - processing started: 770_282 
2022-04-08 09:48:17,973 - processing completed: 770_282
2022-04-08 09:48:17,976 - processing started: 772_283 
2022-04-08 09:48:18,137 - processing completed: 772_283
2022-04-08 09:48:18,141 - processing started: 774_284 
2022-04-08 09:48:18,222 - processing completed: 774_284
2022-04-08 09:48:18,227 - processing started: 776_285 
2022-04-08 09:48:18,403 - processing completed: 776_285
2022-04-08 09:48:18,408 - processing started: 778_285 
2022-04-08 09:48:18,504 - processing completed: 778_285
2022-04-08 09:48:18,508 - processing started: 780_286 
2022-04-08 09:48:18,753 - processing completed: 780_286
2022-04-08 09:48:18,759 - processing started: 782_287 
2022-04-08 09:48:18,842 - processing completed: 782_287
2022-04-08 09:48:18,846 - processing started: 784_288 
2022-04-08 09:48:18,993 - processing completed: 784_288
2022-04-08 09:48:18,997 - processing started: 786_289 
2022-04-08 09:48:19,079 - processing completed: 786_289
2022-04-08 09:48:19,084 - processing started: 788_290 
2022-04-08 09:48:19,230 - processing completed: 788_290
2022-04-08 09:48:19,234 - processing started: 790_290 
2022-04-08 09:48:19,321 - processing completed: 790_290
2022-04-08 09:48:19,325 - processing started: 792_291 
2022-04-08 09:48:19,470 - processing completed: 792_291
2022-04-08 09:48:19,474 - processing started: 794_292 
2022-04-08 09:48:19,554 - processing completed: 794_292
2022-04-08 09:48:19,558 - processing started: 796_293 
2022-04-08 09:48:19,675 - processing completed: 796_293
2022-04-08 09:48:19,678 - processing started: 798_294 
2022-04-08 09:48:19,727 - processing completed: 798_294
2022-04-08 09:48:19,730 - processing started: 800_295 
2022-04-08 09:48:19,875 - processing completed: 800_295
2022-04-08 09:48:19,879 - processing started: 802_296 
2022-04-08 09:48:20,033 - processing completed: 802_296
2022-04-08 09:48:20,037 - processing started: 804_296 
2022-04-08 09:48:20,131 - processing completed: 804_296
2022-04-08 09:48:20,135 - processing started: 806_297 
2022-04-08 09:48:20,399 - processing completed: 806_297
2022-04-08 09:48:20,404 - processing started: 808_298 
2022-04-08 09:48:20,489 - processing completed: 808_298
2022-04-08 09:48:20,493 - processing started: 810_299 
2022-04-08 09:48:20,647 - processing completed: 810_299
2022-04-08 09:48:20,651 - processing started: 0_0 
2022-04-08 09:48:20,652 - Closing connection (200): Normal shutdown
2022-04-08 09:48:20,652 - Closing channel (200): 'Normal shutdown' on <Channel number=1 OPEN conn=<SelectConnection OPEN transport=<pika.adapters.utils.io_services_utils._AsyncPlaintextTransport object at 0x1254df2b0> params=<ConnectionParameters host=localhost port=5672 virtual_host=/ ssl=False>>>
2022-04-08 09:48:20,653 - Received <Channel.CloseOk> on <Channel number=1 CLOSING conn=<SelectConnection OPEN transport=<pika.adapters.utils.io_services_utils._AsyncPlaintextTransport object at 0x1254df2b0> params=<ConnectionParameters host=localhost port=5672 virtual_host=/ ssl=False>>>
2022-04-08 09:48:20,653 - Closing connection (200): 'Normal shutdown'
2022-04-08 09:48:20,654 - Aborting transport connection: state=1; <socket.socket fd=22, family=AddressFamily.AF_INET, type=SocketKind.SOCK_STREAM, proto=6, laddr=('127.0.0.1', 51162), raddr=('127.0.0.1', 5672)>
2022-04-08 09:48:20,654 - _AsyncTransportBase._initate_abort(): Initiating abrupt asynchronous transport shutdown: state=1; error=None; <socket.socket fd=22, family=AddressFamily.AF_INET, type=SocketKind.SOCK_STREAM, proto=6, laddr=('127.0.0.1', 51162), raddr=('127.0.0.1', 5672)>
2022-04-08 09:48:20,654 - Deactivating transport: state=1; <socket.socket fd=22, family=AddressFamily.AF_INET, type=SocketKind.SOCK_STREAM, proto=6, laddr=('127.0.0.1', 51162), raddr=('127.0.0.1', 5672)>
2022-04-08 09:48:20,655 - AMQP stack terminated, failed to connect, or aborted: opened=True, error-arg=None; pending-error=ConnectionClosedByClient: (200) 'Normal shutdown'
2022-04-08 09:48:20,655 - Stack terminated due to ConnectionClosedByClient: (200) 'Normal shutdown'
2022-04-08 09:48:20,655 - Closing transport socket and unlinking: state=3; <socket.socket fd=22, family=AddressFamily.AF_INET, type=SocketKind.SOCK_STREAM, proto=6, laddr=('127.0.0.1', 51162), raddr=('127.0.0.1', 5672)>
2022-04-08 09:48:20,655 - User-initiated close: result=BlockingConnection__OnClosedArgs(connection=<SelectConnection CLOSED transport=None params=<ConnectionParameters host=localhost port=5672 virtual_host=/ ssl=False>>, error=ConnectionClosedByClient: (200) 'Normal shutdown')
2022-04-08 09:48:20,656 - PID 77081 completed loading and processing
