2022-04-08 09:43:34,471 - Pika version 1.2.0 connecting to ('::1', 5672, 0, 0)
2022-04-08 09:43:34,472 - Socket failed to connect: <socket.socket fd=9, family=AddressFamily.AF_INET6, type=SocketKind.SOCK_STREAM, proto=6, laddr=('::1', 51109, 0, 0)>; error=61 (Connection refused)
2022-04-08 09:43:34,472 - TCP Connection attempt failed: ConnectionRefusedError(61, 'Connection refused'); dest=(<AddressFamily.AF_INET6: 30>, <SocketKind.SOCK_STREAM: 1>, 6, '', ('::1', 5672, 0, 0))
2022-04-08 09:43:34,472 - AMQPConnector - reporting failure: AMQPConnectorSocketConnectError: ConnectionRefusedError(61, 'Connection refused')
2022-04-08 09:43:34,472 - Pika version 1.2.0 connecting to ('127.0.0.1', 5672)
2022-04-08 09:43:34,472 - Socket connected: <socket.socket fd=9, family=AddressFamily.AF_INET, type=SocketKind.SOCK_STREAM, proto=6, laddr=('127.0.0.1', 51110), raddr=('127.0.0.1', 5672)>
2022-04-08 09:43:34,473 - Streaming transport linked up: (<pika.adapters.utils.io_services_utils._AsyncPlaintextTransport object at 0x11ef1bbb0>, _StreamingProtocolShim: <SelectConnection PROTOCOL transport=<pika.adapters.utils.io_services_utils._AsyncPlaintextTransport object at 0x11ef1bbb0> params=<ConnectionParameters host=localhost port=5672 virtual_host=/ ssl=False>>).
2022-04-08 09:43:34,478 - AMQPConnector - reporting success: <SelectConnection OPEN transport=<pika.adapters.utils.io_services_utils._AsyncPlaintextTransport object at 0x11ef1bbb0> params=<ConnectionParameters host=localhost port=5672 virtual_host=/ ssl=False>>
2022-04-08 09:43:34,479 - AMQPConnectionWorkflow - reporting success: <SelectConnection OPEN transport=<pika.adapters.utils.io_services_utils._AsyncPlaintextTransport object at 0x11ef1bbb0> params=<ConnectionParameters host=localhost port=5672 virtual_host=/ ssl=False>>
2022-04-08 09:43:34,479 - Connection workflow succeeded: <SelectConnection OPEN transport=<pika.adapters.utils.io_services_utils._AsyncPlaintextTransport object at 0x11ef1bbb0> params=<ConnectionParameters host=localhost port=5672 virtual_host=/ ssl=False>>
2022-04-08 09:43:34,479 - Created channel=1
2022-04-08 09:43:34,493 - image: 8900_mag arrived at table_manipulation
2022-04-08 09:43:34,493 - adding: 8900_mag to LSH
2022-04-08 09:43:34,493 - added: 8900_mag to LSH
2022-04-08 09:43:34,493 - image: 8902_mag arrived at table_manipulation
2022-04-08 09:43:34,494 - adding: 8902_mag to LSH
2022-04-08 09:43:34,494 - added: 8902_mag to LSH
2022-04-08 09:43:34,495 - image: 8904_mag arrived at table_manipulation
2022-04-08 09:43:34,495 - adding: 8904_mag to LSH
2022-04-08 09:43:34,495 - added: 8904_mag to LSH
2022-04-08 09:43:34,495 - image: 8906_mag arrived at table_manipulation
2022-04-08 09:43:34,495 - adding: 8906_mag to LSH
2022-04-08 09:43:34,496 - added: 8906_mag to LSH
2022-04-08 09:43:34,496 - image: 8908_mag arrived at table_manipulation
2022-04-08 09:43:34,496 - adding: 8908_mag to LSH
2022-04-08 09:43:34,497 - added: 8908_mag to LSH
2022-04-08 09:43:34,497 - image: 8910_mag arrived at table_manipulation
2022-04-08 09:43:34,497 - adding: 8910_mag to LSH
2022-04-08 09:43:34,497 - added: 8910_mag to LSH
2022-04-08 09:43:34,498 - image: 8912_mag arrived at table_manipulation
2022-04-08 09:43:34,498 - adding: 8912_mag to LSH
2022-04-08 09:43:34,498 - added: 8912_mag to LSH
2022-04-08 09:43:34,499 - image: 8914_mag arrived at table_manipulation
2022-04-08 09:43:34,499 - adding: 8914_mag to LSH
2022-04-08 09:43:34,499 - added: 8914_mag to LSH
2022-04-08 09:43:34,500 - image: 8916_mag arrived at table_manipulation
2022-04-08 09:43:34,500 - adding: 8916_mag to LSH
2022-04-08 09:43:34,500 - added: 8916_mag to LSH
2022-04-08 09:43:34,501 - image: 8918_mag arrived at table_manipulation
2022-04-08 09:43:34,501 - adding: 8918_mag to LSH
2022-04-08 09:43:34,501 - added: 8918_mag to LSH
2022-04-08 09:43:34,502 - image: 8920_mag arrived at table_manipulation
2022-04-08 09:43:34,502 - adding: 8920_mag to LSH
2022-04-08 09:43:34,502 - added: 8920_mag to LSH
2022-04-08 09:43:34,503 - image: 8922_mag arrived at table_manipulation
2022-04-08 09:43:34,503 - adding: 8922_mag to LSH
2022-04-08 09:43:34,503 - added: 8922_mag to LSH
2022-04-08 09:43:34,504 - image: 8924_mag arrived at table_manipulation
2022-04-08 09:43:34,504 - adding: 8924_mag to LSH
2022-04-08 09:43:34,504 - added: 8924_mag to LSH
2022-04-08 09:43:34,504 - image: 8926_mag arrived at table_manipulation
2022-04-08 09:43:34,504 - adding: 8926_mag to LSH
2022-04-08 09:43:34,504 - added: 8926_mag to LSH
2022-04-08 09:43:34,505 - image: 8928_mag arrived at table_manipulation
2022-04-08 09:43:34,505 - adding: 8928_mag to LSH
2022-04-08 09:43:34,505 - added: 8928_mag to LSH
2022-04-08 09:43:34,506 - image: 8930_mag arrived at table_manipulation
2022-04-08 09:43:34,506 - adding: 8930_mag to LSH
2022-04-08 09:43:34,506 - added: 8930_mag to LSH
2022-04-08 09:43:34,506 - image: 8932_mag arrived at table_manipulation
2022-04-08 09:43:34,507 - adding: 8932_mag to LSH
2022-04-08 09:43:34,507 - added: 8932_mag to LSH
2022-04-08 09:43:34,507 - image: 8934_mag arrived at table_manipulation
2022-04-08 09:43:34,507 - adding: 8934_mag to LSH
2022-04-08 09:43:34,507 - added: 8934_mag to LSH
2022-04-08 09:43:34,508 - image: 8936_mag arrived at table_manipulation
2022-04-08 09:43:34,508 - adding: 8936_mag to LSH
2022-04-08 09:43:34,508 - added: 8936_mag to LSH
2022-04-08 09:43:34,508 - image: 8938_mag arrived at table_manipulation
2022-04-08 09:43:34,509 - adding: 8938_mag to LSH
2022-04-08 09:43:34,509 - added: 8938_mag to LSH
2022-04-08 09:43:34,510 - image: 8940_mag arrived at table_manipulation
2022-04-08 09:43:34,510 - adding: 8940_mag to LSH
2022-04-08 09:43:34,510 - added: 8940_mag to LSH
2022-04-08 09:43:34,511 - image: 8942_mag arrived at table_manipulation
2022-04-08 09:43:34,511 - adding: 8942_mag to LSH
2022-04-08 09:43:34,511 - added: 8942_mag to LSH
2022-04-08 09:43:34,512 - image: 8944_mag arrived at table_manipulation
2022-04-08 09:43:34,512 - adding: 8944_mag to LSH
2022-04-08 09:43:34,512 - added: 8944_mag to LSH
2022-04-08 09:43:34,513 - image: 8946_mag arrived at table_manipulation
2022-04-08 09:43:34,513 - adding: 8946_mag to LSH
2022-04-08 09:43:34,513 - added: 8946_mag to LSH
2022-04-08 09:43:34,514 - image: 8948_mag arrived at table_manipulation
2022-04-08 09:43:34,514 - adding: 8948_mag to LSH
2022-04-08 09:43:34,514 - added: 8948_mag to LSH
2022-04-08 09:43:34,515 - image: 8950_mag arrived at table_manipulation
2022-04-08 09:43:34,515 - adding: 8950_mag to LSH
2022-04-08 09:43:34,515 - added: 8950_mag to LSH
2022-04-08 09:43:34,515 - image: 8952_mag arrived at table_manipulation
2022-04-08 09:43:34,516 - adding: 8952_mag to LSH
2022-04-08 09:43:34,516 - added: 8952_mag to LSH
2022-04-08 09:43:34,516 - image: 8954_mag arrived at table_manipulation
2022-04-08 09:43:34,516 - adding: 8954_mag to LSH
2022-04-08 09:43:34,516 - added: 8954_mag to LSH
2022-04-08 09:43:34,517 - image: 8956_mag arrived at table_manipulation
2022-04-08 09:43:34,517 - adding: 8956_mag to LSH
2022-04-08 09:43:34,517 - added: 8956_mag to LSH
2022-04-08 09:43:34,517 - image: 8958_mag arrived at table_manipulation
2022-04-08 09:43:34,517 - adding: 8958_mag to LSH
2022-04-08 09:43:34,517 - added: 8958_mag to LSH
2022-04-08 09:43:34,518 - image: 8960_mag arrived at table_manipulation
2022-04-08 09:43:34,518 - adding: 8960_mag to LSH
2022-04-08 09:43:34,518 - added: 8960_mag to LSH
2022-04-08 09:43:34,518 - image: 8962_mag arrived at table_manipulation
2022-04-08 09:43:34,518 - adding: 8962_mag to LSH
2022-04-08 09:43:34,518 - added: 8962_mag to LSH
2022-04-08 09:43:34,519 - image: 8964_mag arrived at table_manipulation
2022-04-08 09:43:34,519 - adding: 8964_mag to LSH
2022-04-08 09:43:34,519 - added: 8964_mag to LSH
2022-04-08 09:43:34,519 - image: 8966_mag arrived at table_manipulation
2022-04-08 09:43:34,519 - adding: 8966_mag to LSH
2022-04-08 09:43:34,520 - added: 8966_mag to LSH
2022-04-08 09:43:34,520 - image: 8968_mag arrived at table_manipulation
2022-04-08 09:43:34,520 - adding: 8968_mag to LSH
2022-04-08 09:43:34,520 - added: 8968_mag to LSH
2022-04-08 09:43:34,520 - image: 8970_mag arrived at table_manipulation
2022-04-08 09:43:34,521 - adding: 8970_mag to LSH
2022-04-08 09:43:34,521 - added: 8970_mag to LSH
2022-04-08 09:43:34,521 - image: 8972_mag arrived at table_manipulation
2022-04-08 09:43:34,521 - adding: 8972_mag to LSH
2022-04-08 09:43:34,521 - added: 8972_mag to LSH
2022-04-08 09:43:34,521 - image: 8974_mag arrived at table_manipulation
2022-04-08 09:43:34,522 - adding: 8974_mag to LSH
2022-04-08 09:43:34,522 - added: 8974_mag to LSH
2022-04-08 09:43:34,522 - image: 8976_mag arrived at table_manipulation
2022-04-08 09:43:34,522 - adding: 8976_mag to LSH
2022-04-08 09:43:34,522 - added: 8976_mag to LSH
2022-04-08 09:43:34,523 - image: 8978_mag arrived at table_manipulation
2022-04-08 09:43:34,523 - adding: 8978_mag to LSH
2022-04-08 09:43:34,523 - added: 8978_mag to LSH
2022-04-08 09:43:34,523 - image: 8980_mag arrived at table_manipulation
2022-04-08 09:43:34,523 - adding: 8980_mag to LSH
2022-04-08 09:43:34,523 - added: 8980_mag to LSH
2022-04-08 09:43:34,524 - image: 8982_mag arrived at table_manipulation
2022-04-08 09:43:34,524 - adding: 8982_mag to LSH
2022-04-08 09:43:34,524 - added: 8982_mag to LSH
2022-04-08 09:43:34,524 - image: 8984_mag arrived at table_manipulation
2022-04-08 09:43:34,525 - adding: 8984_mag to LSH
2022-04-08 09:43:34,525 - added: 8984_mag to LSH
2022-04-08 09:43:34,525 - image: 8986_mag arrived at table_manipulation
2022-04-08 09:43:34,526 - adding: 8986_mag to LSH
2022-04-08 09:43:34,526 - added: 8986_mag to LSH
2022-04-08 09:43:34,526 - image: 8988_mag arrived at table_manipulation
2022-04-08 09:43:34,526 - adding: 8988_mag to LSH
2022-04-08 09:43:34,526 - added: 8988_mag to LSH
2022-04-08 09:43:34,527 - image: 8990_mag arrived at table_manipulation
2022-04-08 09:43:34,527 - adding: 8990_mag to LSH
2022-04-08 09:43:34,527 - added: 8990_mag to LSH
2022-04-08 09:43:34,528 - image: 8992_mag arrived at table_manipulation
2022-04-08 09:43:34,528 - adding: 8992_mag to LSH
2022-04-08 09:43:34,528 - added: 8992_mag to LSH
2022-04-08 09:43:34,529 - image: 8994_mag arrived at table_manipulation
2022-04-08 09:43:34,529 - adding: 8994_mag to LSH
2022-04-08 09:43:34,529 - added: 8994_mag to LSH
2022-04-08 09:43:34,529 - image: 8996_mag arrived at table_manipulation
2022-04-08 09:43:34,529 - adding: 8996_mag to LSH
2022-04-08 09:43:34,529 - added: 8996_mag to LSH
2022-04-08 09:43:34,530 - image: 8998_mag arrived at table_manipulation
2022-04-08 09:43:34,530 - adding: 8998_mag to LSH
2022-04-08 09:43:34,530 - added: 8998_mag to LSH
2022-04-08 09:43:34,530 - image: 9000_mag arrived at table_manipulation
2022-04-08 09:43:34,531 - adding: 9000_mag to LSH
2022-04-08 09:43:34,531 - added: 9000_mag to LSH
2022-04-08 09:43:34,531 - image: 9002_mag arrived at table_manipulation
2022-04-08 09:43:34,531 - adding: 9002_mag to LSH
2022-04-08 09:43:34,531 - added: 9002_mag to LSH
2022-04-08 09:43:34,532 - image: 9004_mag arrived at table_manipulation
2022-04-08 09:43:34,532 - adding: 9004_mag to LSH
2022-04-08 09:43:34,532 - added: 9004_mag to LSH
2022-04-08 09:43:34,532 - image: 9006_mag arrived at table_manipulation
2022-04-08 09:43:34,532 - adding: 9006_mag to LSH
2022-04-08 09:43:34,532 - added: 9006_mag to LSH
2022-04-08 09:43:34,533 - image: 9008_mag arrived at table_manipulation
2022-04-08 09:43:34,533 - adding: 9008_mag to LSH
2022-04-08 09:43:34,533 - added: 9008_mag to LSH
2022-04-08 09:43:34,534 - image: 9010_mag arrived at table_manipulation
2022-04-08 09:43:34,534 - adding: 9010_mag to LSH
2022-04-08 09:43:34,534 - added: 9010_mag to LSH
2022-04-08 09:43:34,534 - image: 9012_mag arrived at table_manipulation
2022-04-08 09:43:34,534 - adding: 9012_mag to LSH
2022-04-08 09:43:34,534 - added: 9012_mag to LSH
2022-04-08 09:43:34,535 - image: 9014_mag arrived at table_manipulation
2022-04-08 09:43:34,535 - adding: 9014_mag to LSH
2022-04-08 09:43:34,535 - added: 9014_mag to LSH
2022-04-08 09:43:34,535 - image: 9016_mag arrived at table_manipulation
2022-04-08 09:43:34,535 - adding: 9016_mag to LSH
2022-04-08 09:43:34,535 - added: 9016_mag to LSH
2022-04-08 09:43:34,536 - image: 9018_mag arrived at table_manipulation
2022-04-08 09:43:34,536 - adding: 9018_mag to LSH
2022-04-08 09:43:34,536 - added: 9018_mag to LSH
2022-04-08 09:43:34,536 - image: 9020_mag arrived at table_manipulation
2022-04-08 09:43:34,536 - adding: 9020_mag to LSH
2022-04-08 09:43:34,536 - added: 9020_mag to LSH
2022-04-08 09:43:34,537 - image: 9022_mag arrived at table_manipulation
2022-04-08 09:43:34,537 - adding: 9022_mag to LSH
2022-04-08 09:43:34,537 - added: 9022_mag to LSH
2022-04-08 09:43:34,537 - image: 9024_mag arrived at table_manipulation
2022-04-08 09:43:34,537 - adding: 9024_mag to LSH
2022-04-08 09:43:34,537 - added: 9024_mag to LSH
2022-04-08 09:43:34,538 - image: 9026_mag arrived at table_manipulation
2022-04-08 09:43:34,538 - adding: 9026_mag to LSH
2022-04-08 09:43:34,538 - added: 9026_mag to LSH
2022-04-08 09:43:34,538 - image: 9028_mag arrived at table_manipulation
2022-04-08 09:43:34,538 - adding: 9028_mag to LSH
2022-04-08 09:43:34,538 - added: 9028_mag to LSH
2022-04-08 09:43:34,539 - image: 9030_mag arrived at table_manipulation
2022-04-08 09:43:34,539 - adding: 9030_mag to LSH
2022-04-08 09:43:34,539 - added: 9030_mag to LSH
2022-04-08 09:43:34,539 - image: 9032_mag arrived at table_manipulation
2022-04-08 09:43:34,539 - adding: 9032_mag to LSH
2022-04-08 09:43:34,539 - added: 9032_mag to LSH
2022-04-08 09:43:34,540 - image: 9034_mag arrived at table_manipulation
2022-04-08 09:43:34,540 - adding: 9034_mag to LSH
2022-04-08 09:43:34,540 - added: 9034_mag to LSH
2022-04-08 09:43:34,540 - image: 9036_mag arrived at table_manipulation
2022-04-08 09:43:34,540 - adding: 9036_mag to LSH
2022-04-08 09:43:34,540 - added: 9036_mag to LSH
2022-04-08 09:43:34,541 - image: 9038_mag arrived at table_manipulation
2022-04-08 09:43:34,541 - adding: 9038_mag to LSH
2022-04-08 09:43:34,541 - added: 9038_mag to LSH
2022-04-08 09:43:34,542 - image: 9040_mag arrived at table_manipulation
2022-04-08 09:43:34,542 - adding: 9040_mag to LSH
2022-04-08 09:43:34,542 - added: 9040_mag to LSH
2022-04-08 09:43:34,542 - image: 9042_mag arrived at table_manipulation
2022-04-08 09:43:34,542 - adding: 9042_mag to LSH
2022-04-08 09:43:34,542 - added: 9042_mag to LSH
2022-04-08 09:43:34,543 - image: 9044_mag arrived at table_manipulation
2022-04-08 09:43:34,543 - adding: 9044_mag to LSH
2022-04-08 09:43:34,543 - added: 9044_mag to LSH
2022-04-08 09:43:34,543 - image: 9046_mag arrived at table_manipulation
2022-04-08 09:43:34,543 - adding: 9046_mag to LSH
2022-04-08 09:43:34,544 - added: 9046_mag to LSH
2022-04-08 09:43:34,544 - image: 9048_mag arrived at table_manipulation
2022-04-08 09:43:34,544 - adding: 9048_mag to LSH
2022-04-08 09:43:34,544 - added: 9048_mag to LSH
2022-04-08 09:43:34,545 - image: 9050_mag arrived at table_manipulation
2022-04-08 09:43:34,545 - adding: 9050_mag to LSH
2022-04-08 09:43:34,545 - added: 9050_mag to LSH
2022-04-08 09:43:34,545 - image: 9052_mag arrived at table_manipulation
2022-04-08 09:43:34,545 - adding: 9052_mag to LSH
2022-04-08 09:43:34,545 - added: 9052_mag to LSH
2022-04-08 09:43:34,546 - image: 9054_mag arrived at table_manipulation
2022-04-08 09:43:34,546 - adding: 9054_mag to LSH
2022-04-08 09:43:34,546 - added: 9054_mag to LSH
2022-04-08 09:43:34,546 - image: 9056_mag arrived at table_manipulation
2022-04-08 09:43:34,546 - adding: 9056_mag to LSH
2022-04-08 09:43:34,547 - added: 9056_mag to LSH
2022-04-08 09:43:34,547 - image: 9058_mag arrived at table_manipulation
2022-04-08 09:43:34,547 - adding: 9058_mag to LSH
2022-04-08 09:43:34,547 - added: 9058_mag to LSH
2022-04-08 09:43:34,547 - image: 9060_mag arrived at table_manipulation
2022-04-08 09:43:34,547 - adding: 9060_mag to LSH
2022-04-08 09:43:34,547 - added: 9060_mag to LSH
2022-04-08 09:43:34,548 - image: 9062_mag arrived at table_manipulation
2022-04-08 09:43:34,548 - adding: 9062_mag to LSH
2022-04-08 09:43:34,548 - added: 9062_mag to LSH
2022-04-08 09:43:34,548 - image: 9064_mag arrived at table_manipulation
2022-04-08 09:43:34,548 - adding: 9064_mag to LSH
2022-04-08 09:43:34,548 - added: 9064_mag to LSH
2022-04-08 09:43:34,549 - image: 9066_mag arrived at table_manipulation
2022-04-08 09:43:34,549 - adding: 9066_mag to LSH
2022-04-08 09:43:34,549 - added: 9066_mag to LSH
2022-04-08 09:43:34,549 - image: 9077_mag arrived at table_manipulation
2022-04-08 09:43:34,549 - adding: 9077_mag to LSH
2022-04-08 09:43:34,549 - added: 9077_mag to LSH
2022-04-08 09:43:34,550 - image: 9079_mag arrived at table_manipulation
2022-04-08 09:43:34,550 - adding: 9079_mag to LSH
2022-04-08 09:43:34,550 - added: 9079_mag to LSH
2022-04-08 09:43:34,550 - image: 9081_mag arrived at table_manipulation
2022-04-08 09:43:34,550 - adding: 9081_mag to LSH
2022-04-08 09:43:34,550 - added: 9081_mag to LSH
2022-04-08 09:43:34,551 - image: 9083_mag arrived at table_manipulation
2022-04-08 09:43:34,551 - adding: 9083_mag to LSH
2022-04-08 09:43:34,551 - added: 9083_mag to LSH
2022-04-08 09:43:34,551 - image: 9085_mag arrived at table_manipulation
2022-04-08 09:43:34,551 - adding: 9085_mag to LSH
2022-04-08 09:43:34,551 - added: 9085_mag to LSH
2022-04-08 09:43:34,552 - image: 9087_mag arrived at table_manipulation
2022-04-08 09:43:34,552 - adding: 9087_mag to LSH
2022-04-08 09:43:34,552 - added: 9087_mag to LSH
2022-04-08 09:43:34,552 - image: 9080_mag arrived at table_manipulation
2022-04-08 09:43:34,552 - adding: 9080_mag to LSH
2022-04-08 09:43:34,552 - added: 9080_mag to LSH
2022-04-08 09:43:34,553 - image: 9082_mag arrived at table_manipulation
2022-04-08 09:43:34,553 - adding: 9082_mag to LSH
2022-04-08 09:43:34,553 - added: 9082_mag to LSH
2022-04-08 09:43:34,553 - image: 9084_mag arrived at table_manipulation
2022-04-08 09:43:34,554 - adding: 9084_mag to LSH
2022-04-08 09:43:34,554 - added: 9084_mag to LSH
2022-04-08 09:43:34,554 - image: 9086_mag arrived at table_manipulation
2022-04-08 09:43:34,554 - adding: 9086_mag to LSH
2022-04-08 09:43:34,554 - added: 9086_mag to LSH
2022-04-08 09:43:34,555 - image: 9088_mag arrived at table_manipulation
2022-04-08 09:43:34,555 - adding: 9088_mag to LSH
2022-04-08 09:43:34,555 - added: 9088_mag to LSH
2022-04-08 09:43:34,555 - image: 9090_mag arrived at table_manipulation
2022-04-08 09:43:34,556 - adding: 9090_mag to LSH
2022-04-08 09:43:34,556 - added: 9090_mag to LSH
2022-04-08 09:43:34,556 - image: 9092_mag arrived at table_manipulation
2022-04-08 09:43:34,556 - adding: 9092_mag to LSH
2022-04-08 09:43:34,556 - added: 9092_mag to LSH
2022-04-08 09:43:34,557 - image: 9094_mag arrived at table_manipulation
2022-04-08 09:43:34,557 - adding: 9094_mag to LSH
2022-04-08 09:43:34,557 - added: 9094_mag to LSH
2022-04-08 09:43:34,557 - image: 9096_mag arrived at table_manipulation
2022-04-08 09:43:34,557 - adding: 9096_mag to LSH
2022-04-08 09:43:34,557 - added: 9096_mag to LSH
2022-04-08 09:43:34,558 - image: 9098_mag arrived at table_manipulation
2022-04-08 09:43:34,558 - adding: 9098_mag to LSH
2022-04-08 09:43:34,558 - added: 9098_mag to LSH
2022-04-08 09:43:34,558 - image: 9100_mag arrived at table_manipulation
2022-04-08 09:43:34,558 - adding: 9100_mag to LSH
2022-04-08 09:43:34,558 - added: 9100_mag to LSH
2022-04-08 09:43:34,559 - image: 9102_mag arrived at table_manipulation
2022-04-08 09:43:34,559 - adding: 9102_mag to LSH
2022-04-08 09:43:34,559 - added: 9102_mag to LSH
2022-04-08 09:43:34,559 - image: 9104_mag arrived at table_manipulation
2022-04-08 09:43:34,559 - adding: 9104_mag to LSH
2022-04-08 09:43:34,559 - added: 9104_mag to LSH
2022-04-08 09:43:34,559 - image: 9106_mag arrived at table_manipulation
2022-04-08 09:43:34,559 - adding: 9106_mag to LSH
2022-04-08 09:43:34,560 - added: 9106_mag to LSH
2022-04-08 09:43:34,560 - image: 9108_mag arrived at table_manipulation
2022-04-08 09:43:34,560 - adding: 9108_mag to LSH
2022-04-08 09:43:34,560 - added: 9108_mag to LSH
2022-04-08 09:43:34,561 - image: 9110_mag arrived at table_manipulation
2022-04-08 09:43:34,561 - adding: 9110_mag to LSH
2022-04-08 09:43:34,561 - added: 9110_mag to LSH
2022-04-08 09:43:34,561 - image: 9121_mag arrived at table_manipulation
2022-04-08 09:43:34,561 - adding: 9121_mag to LSH
2022-04-08 09:43:34,561 - added: 9121_mag to LSH
2022-04-08 09:43:34,562 - image: 9114_mag arrived at table_manipulation
2022-04-08 09:43:34,562 - adding: 9114_mag to LSH
2022-04-08 09:43:34,562 - added: 9114_mag to LSH
2022-04-08 09:43:34,562 - image: 9116_mag arrived at table_manipulation
2022-04-08 09:43:34,562 - adding: 9116_mag to LSH
2022-04-08 09:43:34,562 - added: 9116_mag to LSH
2022-04-08 09:43:34,563 - image: 9118_mag arrived at table_manipulation
2022-04-08 09:43:34,563 - adding: 9118_mag to LSH
2022-04-08 09:43:34,563 - added: 9118_mag to LSH
2022-04-08 09:43:34,563 - image: 9120_mag arrived at table_manipulation
2022-04-08 09:43:34,563 - adding: 9120_mag to LSH
2022-04-08 09:43:34,563 - added: 9120_mag to LSH
2022-04-08 09:43:34,564 - image: 9122_mag arrived at table_manipulation
2022-04-08 09:43:34,564 - adding: 9122_mag to LSH
2022-04-08 09:43:34,564 - added: 9122_mag to LSH
2022-04-08 09:43:34,564 - image: 9124_mag arrived at table_manipulation
2022-04-08 09:43:34,564 - adding: 9124_mag to LSH
2022-04-08 09:43:34,565 - added: 9124_mag to LSH
2022-04-08 09:43:34,565 - image: 9126_mag arrived at table_manipulation
2022-04-08 09:43:34,565 - adding: 9126_mag to LSH
2022-04-08 09:43:34,565 - added: 9126_mag to LSH
2022-04-08 09:43:34,566 - image: 9128_mag arrived at table_manipulation
2022-04-08 09:43:34,566 - adding: 9128_mag to LSH
2022-04-08 09:43:34,566 - added: 9128_mag to LSH
2022-04-08 09:43:34,566 - image: 9130_mag arrived at table_manipulation
2022-04-08 09:43:34,566 - adding: 9130_mag to LSH
2022-04-08 09:43:34,566 - added: 9130_mag to LSH
2022-04-08 09:43:34,567 - image: 9132_mag arrived at table_manipulation
2022-04-08 09:43:34,567 - adding: 9132_mag to LSH
2022-04-08 09:43:34,567 - added: 9132_mag to LSH
2022-04-08 09:43:34,567 - image: 9134_mag arrived at table_manipulation
2022-04-08 09:43:34,567 - adding: 9134_mag to LSH
2022-04-08 09:43:34,568 - added: 9134_mag to LSH
2022-04-08 09:43:34,568 - image: 9136_mag arrived at table_manipulation
2022-04-08 09:43:34,568 - adding: 9136_mag to LSH
2022-04-08 09:43:34,568 - added: 9136_mag to LSH
2022-04-08 09:43:34,568 - image: 9140_mag arrived at table_manipulation
2022-04-08 09:43:34,569 - adding: 9140_mag to LSH
2022-04-08 09:43:34,569 - added: 9140_mag to LSH
2022-04-08 09:43:34,569 - image: 1_000 arrived at table_manipulation
2022-04-08 09:43:34,569 - adding: 1_000 to LSH
2022-04-08 09:43:34,569 - added: 1_000 to LSH
2022-04-08 09:43:34,569 - image: 0_000 arrived at table_manipulation
2022-04-08 09:43:34,569 - adding: 0_000 to LSH
2022-04-08 09:43:34,569 - added: 0_000 to LSH
2022-04-08 09:43:34,570 - image: 3_001 arrived at table_manipulation
2022-04-08 09:43:34,570 - adding: 3_001 to LSH
2022-04-08 09:43:34,570 - added: 3_001 to LSH
2022-04-08 09:43:34,570 - image: 2_000 arrived at table_manipulation
2022-04-08 09:43:34,570 - adding: 2_000 to LSH
2022-04-08 09:43:34,570 - added: 2_000 to LSH
2022-04-08 09:43:34,570 - image: 4_001 arrived at table_manipulation
2022-04-08 09:43:34,570 - adding: 4_001 to LSH
2022-04-08 09:43:34,570 - added: 4_001 to LSH
2022-04-08 09:43:34,571 - image: 5_002 arrived at table_manipulation
2022-04-08 09:43:34,571 - adding: 5_002 to LSH
2022-04-08 09:43:34,571 - added: 5_002 to LSH
2022-04-08 09:43:34,571 - image: 7_003 arrived at table_manipulation
2022-04-08 09:43:34,571 - adding: 7_003 to LSH
2022-04-08 09:43:34,571 - added: 7_003 to LSH
2022-04-08 09:43:34,571 - image: 6_002 arrived at table_manipulation
2022-04-08 09:43:34,572 - adding: 6_002 to LSH
2022-04-08 09:43:34,572 - added: 6_002 to LSH
2022-04-08 09:43:34,620 - image: 9_003 arrived at table_manipulation
2022-04-08 09:43:34,623 - adding: 9_003 to LSH
2022-04-08 09:43:34,624 - added: 9_003 to LSH
2022-04-08 09:43:34,630 - image: 8_003 arrived at table_manipulation
2022-04-08 09:43:34,630 - adding: 8_003 to LSH
2022-04-08 09:43:34,630 - added: 8_003 to LSH
2022-04-08 09:43:34,631 - image: 11_004 arrived at table_manipulation
2022-04-08 09:43:34,632 - adding: 11_004 to LSH
2022-04-08 09:43:34,632 - added: 11_004 to LSH
2022-04-08 09:43:34,633 - image: 10_004 arrived at table_manipulation
2022-04-08 09:43:34,633 - adding: 10_004 to LSH
2022-04-08 09:43:34,633 - added: 10_004 to LSH
2022-04-08 09:43:34,634 - image: 13_005 arrived at table_manipulation
2022-04-08 09:43:34,634 - adding: 13_005 to LSH
2022-04-08 09:43:34,634 - added: 13_005 to LSH
2022-04-08 09:43:34,635 - image: 12_005 arrived at table_manipulation
2022-04-08 09:43:34,636 - adding: 12_005 to LSH
2022-04-08 09:43:34,636 - added: 12_005 to LSH
2022-04-08 09:43:34,637 - image: 15_005 arrived at table_manipulation
2022-04-08 09:43:34,637 - adding: 15_005 to LSH
2022-04-08 09:43:34,637 - added: 15_005 to LSH
2022-04-08 09:43:34,638 - image: 14_005 arrived at table_manipulation
2022-04-08 09:43:34,638 - adding: 14_005 to LSH
2022-04-08 09:43:34,638 - added: 14_005 to LSH
2022-04-08 09:43:35,781 - image: 56_022 arrived at table_manipulation
2022-04-08 09:43:35,781 - adding: 56_022 to LSH
2022-04-08 09:43:35,781 - added: 56_022 to LSH
2022-04-08 09:43:35,973 - image: 58_022 arrived at table_manipulation
2022-04-08 09:43:35,973 - adding: 58_022 to LSH
2022-04-08 09:43:35,973 - added: 58_022 to LSH
2022-04-08 09:43:36,168 - image: 60_023 arrived at table_manipulation
2022-04-08 09:43:36,168 - adding: 60_023 to LSH
2022-04-08 09:43:36,168 - added: 60_023 to LSH
2022-04-08 09:43:36,209 - image: 17_006 arrived at table_manipulation
2022-04-08 09:43:36,209 - adding: 17_006 to LSH
2022-04-08 09:43:36,209 - added: 17_006 to LSH
2022-04-08 09:43:36,215 - image: 19_007 arrived at table_manipulation
2022-04-08 09:43:36,216 - adding: 19_007 to LSH
2022-04-08 09:43:36,216 - added: 19_007 to LSH
2022-04-08 09:43:36,217 - image: 16_006 arrived at table_manipulation
2022-04-08 09:43:36,217 - adding: 16_006 to LSH
2022-04-08 09:43:36,217 - added: 16_006 to LSH
2022-04-08 09:43:36,218 - image: 18_007 arrived at table_manipulation
2022-04-08 09:43:36,218 - adding: 18_007 to LSH
2022-04-08 09:43:36,218 - added: 18_007 to LSH
2022-04-08 09:43:36,219 - image: 21_008 arrived at table_manipulation
2022-04-08 09:43:36,219 - adding: 21_008 to LSH
2022-04-08 09:43:36,219 - added: 21_008 to LSH
2022-04-08 09:43:36,221 - image: 20_008 arrived at table_manipulation
2022-04-08 09:43:36,221 - adding: 20_008 to LSH
2022-04-08 09:43:36,221 - added: 20_008 to LSH
2022-04-08 09:43:36,222 - image: 23_009 arrived at table_manipulation
2022-04-08 09:43:36,222 - adding: 23_009 to LSH
2022-04-08 09:43:36,222 - added: 23_009 to LSH
2022-04-08 09:43:36,224 - image: 22_009 arrived at table_manipulation
2022-04-08 09:43:36,224 - adding: 22_009 to LSH
2022-04-08 09:43:36,224 - added: 22_009 to LSH
2022-04-08 09:43:36,389 - image: 62_023 arrived at table_manipulation
2022-04-08 09:43:36,389 - adding: 62_023 to LSH
2022-04-08 09:43:36,389 - added: 62_023 to LSH
2022-04-08 09:43:36,594 - image: 64_024 arrived at table_manipulation
2022-04-08 09:43:36,594 - adding: 64_024 to LSH
2022-04-08 09:43:36,594 - added: 64_024 to LSH
2022-04-08 09:43:36,796 - image: 66_025 arrived at table_manipulation
2022-04-08 09:43:36,797 - adding: 66_025 to LSH
2022-04-08 09:43:36,797 - added: 66_025 to LSH
2022-04-08 09:43:37,001 - image: 68_026 arrived at table_manipulation
2022-04-08 09:43:37,001 - adding: 68_026 to LSH
2022-04-08 09:43:37,001 - added: 68_026 to LSH
2022-04-08 09:43:37,213 - image: 70_027 arrived at table_manipulation
2022-04-08 09:43:37,213 - adding: 70_027 to LSH
2022-04-08 09:43:37,213 - added: 70_027 to LSH
