2022-04-08 09:47:12,679 - PID 77082 started loading and processing
2022-04-08 09:47:12,686 - Pika version 1.2.0 connecting to ('::1', 5672, 0, 0)
2022-04-08 09:47:12,687 - Socket failed to connect: <socket.socket fd=22, family=AddressFamily.AF_INET6, type=SocketKind.SOCK_STREAM, proto=6, laddr=('::1', 51159, 0, 0)>; error=61 (Connection refused)
2022-04-08 09:47:12,687 - TCP Connection attempt failed: ConnectionRefusedError(61, 'Connection refused'); dest=(<AddressFamily.AF_INET6: 30>, <SocketKind.SOCK_STREAM: 1>, 6, '', ('::1', 5672, 0, 0))
2022-04-08 09:47:12,687 - AMQPConnector - reporting failure: AMQPConnectorSocketConnectError: ConnectionRefusedError(61, 'Connection refused')
2022-04-08 09:47:12,687 - Pika version 1.2.0 connecting to ('127.0.0.1', 5672)
2022-04-08 09:47:12,687 - Socket connected: <socket.socket fd=22, family=AddressFamily.AF_INET, type=SocketKind.SOCK_STREAM, proto=6, laddr=('127.0.0.1', 51161), raddr=('127.0.0.1', 5672)>
2022-04-08 09:47:12,688 - Streaming transport linked up: (<pika.adapters.utils.io_services_utils._AsyncPlaintextTransport object at 0x11c63c1c0>, _StreamingProtocolShim: <SelectConnection PROTOCOL transport=<pika.adapters.utils.io_services_utils._AsyncPlaintextTransport object at 0x11c63c1c0> params=<ConnectionParameters host=localhost port=5672 virtual_host=/ ssl=False>>).
2022-04-08 09:47:12,692 - AMQPConnector - reporting success: <SelectConnection OPEN transport=<pika.adapters.utils.io_services_utils._AsyncPlaintextTransport object at 0x11c63c1c0> params=<ConnectionParameters host=localhost port=5672 virtual_host=/ ssl=False>>
2022-04-08 09:47:12,693 - AMQPConnectionWorkflow - reporting success: <SelectConnection OPEN transport=<pika.adapters.utils.io_services_utils._AsyncPlaintextTransport object at 0x11c63c1c0> params=<ConnectionParameters host=localhost port=5672 virtual_host=/ ssl=False>>
2022-04-08 09:47:12,693 - Connection workflow succeeded: <SelectConnection OPEN transport=<pika.adapters.utils.io_services_utils._AsyncPlaintextTransport object at 0x11c63c1c0> params=<ConnectionParameters host=localhost port=5672 virtual_host=/ ssl=False>>
2022-04-08 09:47:12,693 - Created channel=1
2022-04-08 09:47:12,695 - Logging before start consuming
2022-04-08 09:47:13,722 - processing started: 1_000 
2022-04-08 09:47:13,918 - processing completed: 1_000
2022-04-08 09:47:13,940 - processing started: 3_001 
2022-04-08 09:47:14,145 - processing completed: 3_001
2022-04-08 09:47:14,150 - processing started: 5_002 
2022-04-08 09:47:14,368 - processing completed: 5_002
2022-04-08 09:47:14,373 - processing started: 7_003 
2022-04-08 09:47:14,517 - processing completed: 7_003
2022-04-08 09:47:14,522 - processing started: 9_003 
2022-04-08 09:47:14,770 - processing completed: 9_003
2022-04-08 09:47:14,775 - processing started: 11_004 
2022-04-08 09:47:14,822 - processing completed: 11_004
2022-04-08 09:47:14,825 - processing started: 13_005 
2022-04-08 09:47:15,068 - processing completed: 13_005
2022-04-08 09:47:15,074 - processing started: 15_005 
2022-04-08 09:47:15,260 - processing completed: 15_005
2022-04-08 09:47:15,264 - processing started: 17_006 
2022-04-08 09:47:15,426 - processing completed: 17_006
2022-04-08 09:47:15,431 - processing started: 19_007 
2022-04-08 09:47:15,589 - processing completed: 19_007
2022-04-08 09:47:15,595 - processing started: 21_008 
2022-04-08 09:47:15,818 - processing completed: 21_008
2022-04-08 09:47:15,824 - processing started: 23_009 
2022-04-08 09:47:16,007 - processing completed: 23_009
2022-04-08 09:47:16,014 - processing started: 25_010 
2022-04-08 09:47:16,256 - processing completed: 25_010
2022-04-08 09:47:16,263 - processing started: 27_011 
2022-04-08 09:47:16,458 - processing completed: 27_011
2022-04-08 09:47:16,464 - processing started: 29_012 
2022-04-08 09:47:16,590 - processing completed: 29_012
2022-04-08 09:47:16,594 - processing started: 31_013 
2022-04-08 09:47:16,725 - processing completed: 31_013
2022-04-08 09:47:16,730 - processing started: 33_014 
2022-04-08 09:47:16,897 - processing completed: 33_014
2022-04-08 09:47:16,903 - processing started: 35_014 
2022-04-08 09:47:17,062 - processing completed: 35_014
2022-04-08 09:47:17,066 - processing started: 37_014 
2022-04-08 09:47:17,166 - processing completed: 37_014
2022-04-08 09:47:17,169 - processing started: 39_015 
2022-04-08 09:47:17,342 - processing completed: 39_015
2022-04-08 09:47:17,348 - processing started: 41_015 
2022-04-08 09:47:17,473 - processing completed: 41_015
2022-04-08 09:47:17,478 - processing started: 43_016 
2022-04-08 09:47:17,648 - processing completed: 43_016
2022-04-08 09:47:17,653 - processing started: 45_017 
2022-04-08 09:47:17,758 - processing completed: 45_017
2022-04-08 09:47:17,762 - processing started: 47_017 
2022-04-08 09:47:17,939 - processing completed: 47_017
2022-04-08 09:47:17,945 - processing started: 49_018 
2022-04-08 09:47:18,042 - processing completed: 49_018
2022-04-08 09:47:18,046 - processing started: 51_019 
2022-04-08 09:47:18,217 - processing completed: 51_019
2022-04-08 09:47:18,221 - processing started: 53_020 
2022-04-08 09:47:18,317 - processing completed: 53_020
2022-04-08 09:47:18,323 - processing started: 55_021 
2022-04-08 09:47:18,509 - processing completed: 55_021
2022-04-08 09:47:18,512 - processing started: 57_022 
2022-04-08 09:47:18,609 - processing completed: 57_022
2022-04-08 09:47:18,613 - processing started: 59_023 
2022-04-08 09:47:18,787 - processing completed: 59_023
2022-04-08 09:47:18,791 - processing started: 61_023 
2022-04-08 09:47:18,886 - processing completed: 61_023
2022-04-08 09:47:18,889 - processing started: 63_024 
2022-04-08 09:47:19,051 - processing completed: 63_024
2022-04-08 09:47:19,057 - processing started: 65_024 
2022-04-08 09:47:19,232 - processing completed: 65_024
2022-04-08 09:47:19,236 - processing started: 67_025 
2022-04-08 09:47:19,336 - processing completed: 67_025
2022-04-08 09:47:19,340 - processing started: 69_026 
2022-04-08 09:47:19,503 - processing completed: 69_026
2022-04-08 09:47:19,507 - processing started: 71_027 
2022-04-08 09:47:19,599 - processing completed: 71_027
2022-04-08 09:47:19,604 - processing started: 73_028 
2022-04-08 09:47:19,752 - processing completed: 73_028
2022-04-08 09:47:19,756 - processing started: 75_029 
2022-04-08 09:47:19,851 - processing completed: 75_029
2022-04-08 09:47:19,855 - processing started: 77_030 
2022-04-08 09:47:20,010 - processing completed: 77_030
2022-04-08 09:47:20,014 - processing started: 79_030 
2022-04-08 09:47:20,107 - processing completed: 79_030
2022-04-08 09:47:20,110 - processing started: 81_031 
2022-04-08 09:47:20,268 - processing completed: 81_031
2022-04-08 09:47:20,271 - processing started: 83_032 
2022-04-08 09:47:20,415 - processing completed: 83_032
2022-04-08 09:47:20,420 - processing started: 85_032 
2022-04-08 09:47:20,645 - processing completed: 85_032
2022-04-08 09:47:20,650 - processing started: 87_032 
2022-04-08 09:47:20,820 - processing completed: 87_032
2022-04-08 09:47:20,825 - processing started: 89_033 
2022-04-08 09:47:20,999 - processing completed: 89_033
2022-04-08 09:47:21,003 - processing started: 91_033 
2022-04-08 09:47:21,113 - processing completed: 91_033
2022-04-08 09:47:21,117 - processing started: 93_034 
2022-04-08 09:47:21,288 - processing completed: 93_034
2022-04-08 09:47:21,292 - processing started: 95_035 
2022-04-08 09:47:21,466 - processing completed: 95_035
2022-04-08 09:47:21,470 - processing started: 97_035 
2022-04-08 09:47:21,585 - processing completed: 97_035
2022-04-08 09:47:21,590 - processing started: 99_036 
2022-04-08 09:47:21,783 - processing completed: 99_036
2022-04-08 09:47:21,788 - processing started: 101_037 
2022-04-08 09:47:21,908 - processing completed: 101_037
2022-04-08 09:47:21,913 - processing started: 103_037 
2022-04-08 09:47:22,096 - processing completed: 103_037
2022-04-08 09:47:22,100 - processing started: 105_038 
2022-04-08 09:47:22,219 - processing completed: 105_038
2022-04-08 09:47:22,223 - processing started: 107_039 
2022-04-08 09:47:22,427 - processing completed: 107_039
2022-04-08 09:47:22,432 - processing started: 109_040 
2022-04-08 09:47:22,573 - processing completed: 109_040
2022-04-08 09:47:22,578 - processing started: 111_040 
2022-04-08 09:47:22,773 - processing completed: 111_040
2022-04-08 09:47:22,777 - processing started: 113_040 
2022-04-08 09:47:22,900 - processing completed: 113_040
2022-04-08 09:47:22,904 - processing started: 115_040 
2022-04-08 09:47:23,088 - processing completed: 115_040
2022-04-08 09:47:23,093 - processing started: 117_041 
2022-04-08 09:47:23,214 - processing completed: 117_041
2022-04-08 09:47:23,219 - processing started: 119_042 
2022-04-08 09:47:23,398 - processing completed: 119_042
2022-04-08 09:47:23,402 - processing started: 121_042 
2022-04-08 09:47:23,519 - processing completed: 121_042
2022-04-08 09:47:23,524 - processing started: 123_043 
2022-04-08 09:47:23,700 - processing completed: 123_043
2022-04-08 09:47:23,704 - processing started: 125_044 
2022-04-08 09:47:23,883 - processing completed: 125_044
2022-04-08 09:47:23,887 - processing started: 127_045 
2022-04-08 09:47:24,002 - processing completed: 127_045
2022-04-08 09:47:24,007 - processing started: 129_045 
2022-04-08 09:47:24,187 - processing completed: 129_045
2022-04-08 09:47:24,191 - processing started: 131_046 
2022-04-08 09:47:24,321 - processing completed: 131_046
2022-04-08 09:47:24,326 - processing started: 133_047 
2022-04-08 09:47:24,519 - processing completed: 133_047
2022-04-08 09:47:24,523 - processing started: 135_048 
2022-04-08 09:47:24,641 - processing completed: 135_048
2022-04-08 09:47:24,645 - processing started: 137_049 
2022-04-08 09:47:24,827 - processing completed: 137_049
2022-04-08 09:47:24,830 - processing started: 139_049 
2022-04-08 09:47:24,950 - processing completed: 139_049
2022-04-08 09:47:24,955 - processing started: 141_050 
2022-04-08 09:47:25,132 - processing completed: 141_050
2022-04-08 09:47:25,136 - processing started: 143_051 
2022-04-08 09:47:25,249 - processing completed: 143_051
2022-04-08 09:47:25,253 - processing started: 145_051 
2022-04-08 09:47:25,422 - processing completed: 145_051
2022-04-08 09:47:25,426 - processing started: 147_051 
2022-04-08 09:47:25,538 - processing completed: 147_051
2022-04-08 09:47:25,542 - processing started: 149_052 
2022-04-08 09:47:25,713 - processing completed: 149_052
2022-04-08 09:47:25,717 - processing started: 151_053 
2022-04-08 09:47:25,834 - processing completed: 151_053
2022-04-08 09:47:25,838 - processing started: 153_054 
2022-04-08 09:47:26,048 - processing completed: 153_054
2022-04-08 09:47:26,052 - processing started: 155_055 
2022-04-08 09:47:26,285 - processing completed: 155_055
2022-04-08 09:47:26,289 - processing started: 157_056 
2022-04-08 09:47:26,410 - processing completed: 157_056
2022-04-08 09:47:26,415 - processing started: 159_057 
2022-04-08 09:47:26,589 - processing completed: 159_057
2022-04-08 09:47:26,594 - processing started: 161_058 
2022-04-08 09:47:26,763 - processing completed: 161_058
2022-04-08 09:47:26,768 - processing started: 163_059 
2022-04-08 09:47:26,938 - processing completed: 163_059
2022-04-08 09:47:26,942 - processing started: 165_060 
2022-04-08 09:47:27,054 - processing completed: 165_060
2022-04-08 09:47:27,057 - processing started: 167_060 
2022-04-08 09:47:27,223 - processing completed: 167_060
2022-04-08 09:47:27,227 - processing started: 169_061 
2022-04-08 09:47:27,336 - processing completed: 169_061
2022-04-08 09:47:27,340 - processing started: 171_062 
2022-04-08 09:47:27,506 - processing completed: 171_062
2022-04-08 09:47:27,511 - processing started: 173_063 
2022-04-08 09:47:27,721 - processing completed: 173_063
2022-04-08 09:47:27,728 - processing started: 175_064 
2022-04-08 09:47:28,026 - processing completed: 175_064
2022-04-08 09:47:28,032 - processing started: 177_064 
2022-04-08 09:47:28,250 - processing completed: 177_064
2022-04-08 09:47:28,257 - processing started: 179_065 
2022-04-08 09:47:28,521 - processing completed: 179_065
2022-04-08 09:47:28,527 - processing started: 181_066 
2022-04-08 09:47:28,803 - processing completed: 181_066
2022-04-08 09:47:28,810 - processing started: 183_066 
2022-04-08 09:47:29,018 - processing completed: 183_066
2022-04-08 09:47:29,024 - processing started: 185_066 
2022-04-08 09:47:29,305 - processing completed: 185_066
2022-04-08 09:47:29,312 - processing started: 187_066 
2022-04-08 09:47:29,474 - processing completed: 187_066
2022-04-08 09:47:29,479 - processing started: 189_067 
2022-04-08 09:47:29,777 - processing completed: 189_067
2022-04-08 09:47:29,784 - processing started: 191_067 
2022-04-08 09:47:29,999 - processing completed: 191_067
2022-04-08 09:47:30,004 - processing started: 193_068 
2022-04-08 09:47:30,217 - processing completed: 193_068
2022-04-08 09:47:30,222 - processing started: 195_069 
2022-04-08 09:47:30,372 - processing completed: 195_069
2022-04-08 09:47:30,377 - processing started: 197_069 
2022-04-08 09:47:30,592 - processing completed: 197_069
2022-04-08 09:47:30,598 - processing started: 199_070 
2022-04-08 09:47:30,812 - processing completed: 199_070
2022-04-08 09:47:30,818 - processing started: 201_071 
2022-04-08 09:47:31,090 - processing completed: 201_071
2022-04-08 09:47:31,097 - processing started: 203_072 
2022-04-08 09:47:31,323 - processing completed: 203_072
2022-04-08 09:47:31,329 - processing started: 205_072 
2022-04-08 09:47:31,627 - processing completed: 205_072
2022-04-08 09:47:31,635 - processing started: 207_073 
2022-04-08 09:47:31,841 - processing completed: 207_073
2022-04-08 09:47:31,847 - processing started: 209_074 
2022-04-08 09:47:32,122 - processing completed: 209_074
2022-04-08 09:47:32,129 - processing started: 211_075 
2022-04-08 09:47:32,419 - processing completed: 211_075
2022-04-08 09:47:32,426 - processing started: 213_076 
2022-04-08 09:47:32,639 - processing completed: 213_076
2022-04-08 09:47:32,646 - processing started: 215_077 
2022-04-08 09:47:32,860 - processing completed: 215_077
2022-04-08 09:47:32,865 - processing started: 217_077 
2022-04-08 09:47:33,075 - processing completed: 217_077
2022-04-08 09:47:33,084 - processing started: 219_078 
2022-04-08 09:47:33,391 - processing completed: 219_078
2022-04-08 09:47:33,398 - processing started: 221_079 
2022-04-08 09:47:33,616 - processing completed: 221_079
2022-04-08 09:47:33,624 - processing started: 223_080 
2022-04-08 09:47:33,787 - processing completed: 223_080
2022-04-08 09:47:33,791 - processing started: 225_081 
2022-04-08 09:47:33,924 - processing completed: 225_081
2022-04-08 09:47:33,929 - processing started: 227_081 
2022-04-08 09:47:34,126 - processing completed: 227_081
2022-04-08 09:47:34,132 - processing started: 229_081 
2022-04-08 09:47:34,263 - processing completed: 229_081
2022-04-08 09:47:34,268 - processing started: 231_081 
2022-04-08 09:47:34,457 - processing completed: 231_081
2022-04-08 09:47:34,463 - processing started: 233_082 
2022-04-08 09:47:34,587 - processing completed: 233_082
2022-04-08 09:47:34,592 - processing started: 235_082 
2022-04-08 09:47:34,773 - processing completed: 235_082
2022-04-08 09:47:34,778 - processing started: 237_083 
2022-04-08 09:47:34,922 - processing completed: 237_083
2022-04-08 09:47:34,928 - processing started: 239_084 
2022-04-08 09:47:35,142 - processing completed: 239_084
2022-04-08 09:47:35,148 - processing started: 241_085 
2022-04-08 09:47:35,340 - processing completed: 241_085
2022-04-08 09:47:35,344 - processing started: 243_086 
2022-04-08 09:47:35,491 - processing completed: 243_086
2022-04-08 09:47:35,495 - processing started: 245_087 
2022-04-08 09:47:35,682 - processing completed: 245_087
2022-04-08 09:47:35,687 - processing started: 247_088 
2022-04-08 09:47:35,815 - processing completed: 247_088
2022-04-08 09:47:35,821 - processing started: 249_089 
2022-04-08 09:47:35,962 - processing completed: 249_089
2022-04-08 09:47:35,966 - processing started: 251_089 
2022-04-08 09:47:36,043 - processing completed: 251_089
2022-04-08 09:47:36,047 - processing started: 253_090 
2022-04-08 09:47:36,191 - processing completed: 253_090
2022-04-08 09:47:36,195 - processing started: 255_091 
2022-04-08 09:47:36,274 - processing completed: 255_091
2022-04-08 09:47:36,279 - processing started: 257_092 
2022-04-08 09:47:36,420 - processing completed: 257_092
2022-04-08 09:47:36,424 - processing started: 259_093 
2022-04-08 09:47:36,521 - processing completed: 259_093
2022-04-08 09:47:36,526 - processing started: 261_094 
2022-04-08 09:47:36,704 - processing completed: 261_094
2022-04-08 09:47:36,710 - processing started: 263_095 
2022-04-08 09:47:36,815 - processing completed: 263_095
2022-04-08 09:47:36,820 - processing started: 265_096 
2022-04-08 09:47:36,984 - processing completed: 265_096
2022-04-08 09:47:36,990 - processing started: 267_097 
2022-04-08 09:47:37,089 - processing completed: 267_097
2022-04-08 09:47:37,093 - processing started: 269_098 
2022-04-08 09:47:37,251 - processing completed: 269_098
2022-04-08 09:47:37,257 - processing started: 271_098 
2022-04-08 09:47:37,421 - processing completed: 271_098
2022-04-08 09:47:37,425 - processing started: 273_099 
2022-04-08 09:47:37,509 - processing completed: 273_099
2022-04-08 09:47:37,514 - processing started: 275_100 
2022-04-08 09:47:37,730 - processing completed: 275_100
2022-04-08 09:47:37,734 - processing started: 277_101 
2022-04-08 09:47:37,823 - processing completed: 277_101
2022-04-08 09:47:37,827 - processing started: 279_102 
2022-04-08 09:47:37,980 - processing completed: 279_102
2022-04-08 09:47:37,983 - processing started: 281_103 
2022-04-08 09:47:38,072 - processing completed: 281_103
2022-04-08 09:47:38,076 - processing started: 283_104 
2022-04-08 09:47:38,222 - processing completed: 283_104
2022-04-08 09:47:38,227 - processing started: 285_105 
2022-04-08 09:47:38,313 - processing completed: 285_105
2022-04-08 09:47:38,317 - processing started: 287_106 
2022-04-08 09:47:38,487 - processing completed: 287_106
2022-04-08 09:47:38,491 - processing started: 289_107 
2022-04-08 09:47:38,601 - processing completed: 289_107
2022-04-08 09:47:38,606 - processing started: 291_107 
2022-04-08 09:47:38,770 - processing completed: 291_107
2022-04-08 09:47:38,774 - processing started: 293_108 
2022-04-08 09:47:38,858 - processing completed: 293_108
2022-04-08 09:47:38,862 - processing started: 295_109 
2022-04-08 09:47:39,001 - processing completed: 295_109
2022-04-08 09:47:39,006 - processing started: 297_110 
2022-04-08 09:47:39,091 - processing completed: 297_110
2022-04-08 09:47:39,096 - processing started: 299_110 
2022-04-08 09:47:39,242 - processing completed: 299_110
2022-04-08 09:47:39,246 - processing started: 301_111 
2022-04-08 09:47:39,402 - processing completed: 301_111
2022-04-08 09:47:39,407 - processing started: 303_112 
2022-04-08 09:47:39,491 - processing completed: 303_112
2022-04-08 09:47:39,496 - processing started: 305_113 
2022-04-08 09:47:39,639 - processing completed: 305_113
2022-04-08 09:47:39,644 - processing started: 307_114 
2022-04-08 09:47:39,772 - processing completed: 307_114
2022-04-08 09:47:39,776 - processing started: 309_115 
2022-04-08 09:47:39,966 - processing completed: 309_115
2022-04-08 09:47:39,972 - processing started: 311_116 
2022-04-08 09:47:40,099 - processing completed: 311_116
2022-04-08 09:47:40,104 - processing started: 313_117 
2022-04-08 09:47:40,308 - processing completed: 313_117
2022-04-08 09:47:40,314 - processing started: 315_117 
2022-04-08 09:47:40,454 - processing completed: 315_117
2022-04-08 09:47:40,461 - processing started: 317_118 
2022-04-08 09:47:40,663 - processing completed: 317_118
2022-04-08 09:47:40,668 - processing started: 319_119 
2022-04-08 09:47:40,801 - processing completed: 319_119
2022-04-08 09:47:40,806 - processing started: 321_120 
2022-04-08 09:47:40,965 - processing completed: 321_120
2022-04-08 09:47:40,970 - processing started: 323_120 
2022-04-08 09:47:41,069 - processing completed: 323_120
2022-04-08 09:47:41,073 - processing started: 325_121 
2022-04-08 09:47:41,264 - processing completed: 325_121
2022-04-08 09:47:41,269 - processing started: 327_122 
2022-04-08 09:47:41,398 - processing completed: 327_122
2022-04-08 09:47:41,402 - processing started: 329_123 
2022-04-08 09:47:41,590 - processing completed: 329_123
2022-04-08 09:47:41,595 - processing started: 331_124 
2022-04-08 09:47:41,788 - processing completed: 331_124
2022-04-08 09:47:41,793 - processing started: 333_124 
2022-04-08 09:47:41,925 - processing completed: 333_124
2022-04-08 09:47:41,930 - processing started: 335_124 
2022-04-08 09:47:42,137 - processing completed: 335_124
2022-04-08 09:47:42,145 - processing started: 337_124 
2022-04-08 09:47:42,291 - processing completed: 337_124
2022-04-08 09:47:42,297 - processing started: 339_124 
2022-04-08 09:47:42,500 - processing completed: 339_124
2022-04-08 09:47:42,505 - processing started: 341_125 
2022-04-08 09:47:42,637 - processing completed: 341_125
2022-04-08 09:47:42,642 - processing started: 343_126 
2022-04-08 09:47:42,833 - processing completed: 343_126
2022-04-08 09:47:42,839 - processing started: 345_127 
2022-04-08 09:47:42,982 - processing completed: 345_127
2022-04-08 09:47:42,987 - processing started: 347_128 
2022-04-08 09:47:43,190 - processing completed: 347_128
2022-04-08 09:47:43,195 - processing started: 349_129 
2022-04-08 09:47:43,324 - processing completed: 349_129
2022-04-08 09:47:43,328 - processing started: 351_129 
2022-04-08 09:47:43,520 - processing completed: 351_129
2022-04-08 09:47:43,524 - processing started: 353_130 
2022-04-08 09:47:43,654 - processing completed: 353_130
2022-04-08 09:47:43,659 - processing started: 355_131 
2022-04-08 09:47:43,849 - processing completed: 355_131
2022-04-08 09:47:43,853 - processing started: 357_132 
2022-04-08 09:47:44,004 - processing completed: 357_132
2022-04-08 09:47:44,009 - processing started: 359_133 
2022-04-08 09:47:44,218 - processing completed: 359_133
2022-04-08 09:47:44,223 - processing started: 361_134 
2022-04-08 09:47:44,413 - processing completed: 361_134
2022-04-08 09:47:44,419 - processing started: 363_134 
2022-04-08 09:47:44,542 - processing completed: 363_134
2022-04-08 09:47:44,547 - processing started: 365_135 
2022-04-08 09:47:44,731 - processing completed: 365_135
2022-04-08 09:47:44,736 - processing started: 367_135 
2022-04-08 09:47:44,859 - processing completed: 367_135
2022-04-08 09:47:44,864 - processing started: 369_136 
2022-04-08 09:47:45,048 - processing completed: 369_136
2022-04-08 09:47:45,053 - processing started: 371_137 
2022-04-08 09:47:45,180 - processing completed: 371_137
2022-04-08 09:47:45,185 - processing started: 373_138 
2022-04-08 09:47:45,367 - processing completed: 373_138
2022-04-08 09:47:45,371 - processing started: 375_139 
2022-04-08 09:47:45,494 - processing completed: 375_139
2022-04-08 09:47:45,499 - processing started: 377_140 
2022-04-08 09:47:45,694 - processing completed: 377_140
2022-04-08 09:47:45,699 - processing started: 379_141 
2022-04-08 09:47:45,838 - processing completed: 379_141
2022-04-08 09:47:45,843 - processing started: 381_142 
2022-04-08 09:47:46,033 - processing completed: 381_142
2022-04-08 09:47:46,037 - processing started: 383_143 
2022-04-08 09:47:46,174 - processing completed: 383_143
2022-04-08 09:47:46,179 - processing started: 385_144 
2022-04-08 09:47:46,368 - processing completed: 385_144
2022-04-08 09:47:46,373 - processing started: 387_144 
2022-04-08 09:47:46,504 - processing completed: 387_144
2022-04-08 09:47:46,509 - processing started: 389_145 
2022-04-08 09:47:46,701 - processing completed: 389_145
2022-04-08 09:47:46,708 - processing started: 391_145 
2022-04-08 09:47:46,905 - processing completed: 391_145
2022-04-08 09:47:46,910 - processing started: 393_146 
2022-04-08 09:47:47,043 - processing completed: 393_146
2022-04-08 09:47:47,048 - processing started: 395_147 
2022-04-08 09:47:47,239 - processing completed: 395_147
2022-04-08 09:47:47,245 - processing started: 397_147 
2022-04-08 09:47:47,384 - processing completed: 397_147
2022-04-08 09:47:47,391 - processing started: 399_148 
2022-04-08 09:47:47,608 - processing completed: 399_148
2022-04-08 09:47:47,613 - processing started: 401_149 
2022-04-08 09:47:47,753 - processing completed: 401_149
2022-04-08 09:47:47,759 - processing started: 403_149 
2022-04-08 09:47:47,950 - processing completed: 403_149
2022-04-08 09:47:47,956 - processing started: 405_150 
2022-04-08 09:47:48,090 - processing completed: 405_150
2022-04-08 09:47:48,095 - processing started: 407_151 
2022-04-08 09:47:48,290 - processing completed: 407_151
2022-04-08 09:47:48,295 - processing started: 409_152 
2022-04-08 09:47:48,429 - processing completed: 409_152
2022-04-08 09:47:48,433 - processing started: 411_153 
2022-04-08 09:47:48,649 - processing completed: 411_153
2022-04-08 09:47:48,653 - processing started: 413_154 
2022-04-08 09:47:48,787 - processing completed: 413_154
2022-04-08 09:47:48,792 - processing started: 415_155 
2022-04-08 09:47:48,988 - processing completed: 415_155
2022-04-08 09:47:48,993 - processing started: 417_156 
2022-04-08 09:47:49,125 - processing completed: 417_156
2022-04-08 09:47:49,129 - processing started: 419_156 
2022-04-08 09:47:49,353 - processing completed: 419_156
2022-04-08 09:47:49,358 - processing started: 421_157 
2022-04-08 09:47:49,566 - processing completed: 421_157
2022-04-08 09:47:49,571 - processing started: 423_158 
2022-04-08 09:47:49,705 - processing completed: 423_158
2022-04-08 09:47:49,710 - processing started: 425_159 
2022-04-08 09:47:49,901 - processing completed: 425_159
2022-04-08 09:47:49,906 - processing started: 427_159 
2022-04-08 09:47:50,036 - processing completed: 427_159
2022-04-08 09:47:50,042 - processing started: 429_160 
2022-04-08 09:47:50,238 - processing completed: 429_160
2022-04-08 09:47:50,242 - processing started: 431_161 
2022-04-08 09:47:50,371 - processing completed: 431_161
2022-04-08 09:47:50,375 - processing started: 433_162 
2022-04-08 09:47:50,565 - processing completed: 433_162
2022-04-08 09:47:50,570 - processing started: 435_163 
2022-04-08 09:47:50,701 - processing completed: 435_163
2022-04-08 09:47:50,706 - processing started: 437_164 
2022-04-08 09:47:50,898 - processing completed: 437_164
2022-04-08 09:47:50,903 - processing started: 439_164 
2022-04-08 09:47:51,040 - processing completed: 439_164
2022-04-08 09:47:51,047 - processing started: 441_165 
2022-04-08 09:47:51,276 - processing completed: 441_165
2022-04-08 09:47:51,284 - processing started: 443_166 
2022-04-08 09:47:51,425 - processing completed: 443_166
2022-04-08 09:47:51,432 - processing started: 445_167 
2022-04-08 09:47:51,632 - processing completed: 445_167
2022-04-08 09:47:51,638 - processing started: 447_167 
2022-04-08 09:47:51,834 - processing completed: 447_167
2022-04-08 09:47:51,840 - processing started: 449_168 
2022-04-08 09:47:51,968 - processing completed: 449_168
2022-04-08 09:47:51,974 - processing started: 451_168 
2022-04-08 09:47:52,173 - processing completed: 451_168
2022-04-08 09:47:52,178 - processing started: 453_169 
2022-04-08 09:47:52,307 - processing completed: 453_169
2022-04-08 09:47:52,312 - processing started: 455_170 
2022-04-08 09:47:52,510 - processing completed: 455_170
2022-04-08 09:47:52,515 - processing started: 457_171 
2022-04-08 09:47:52,648 - processing completed: 457_171
2022-04-08 09:47:52,654 - processing started: 459_172 
2022-04-08 09:47:52,864 - processing completed: 459_172
2022-04-08 09:47:52,870 - processing started: 461_173 
2022-04-08 09:47:53,015 - processing completed: 461_173
2022-04-08 09:47:53,020 - processing started: 463_173 
2022-04-08 09:47:53,228 - processing completed: 463_173
2022-04-08 09:47:53,235 - processing started: 465_174 
2022-04-08 09:47:53,375 - processing completed: 465_174
2022-04-08 09:47:53,380 - processing started: 467_174 
2022-04-08 09:47:53,584 - processing completed: 467_174
2022-04-08 09:47:53,589 - processing started: 469_175 
2022-04-08 09:47:53,730 - processing completed: 469_175
2022-04-08 09:47:53,736 - processing started: 471_176 
2022-04-08 09:47:53,959 - processing completed: 471_176
2022-04-08 09:47:53,966 - processing started: 473_177 
2022-04-08 09:47:54,107 - processing completed: 473_177
2022-04-08 09:47:54,113 - processing started: 475_178 
2022-04-08 09:47:54,315 - processing completed: 475_178
2022-04-08 09:47:54,319 - processing started: 477_179 
2022-04-08 09:47:54,519 - processing completed: 477_179
2022-04-08 09:47:54,524 - processing started: 479_180 
2022-04-08 09:47:54,703 - processing completed: 479_180
2022-04-08 09:47:54,710 - processing started: 481_180 
2022-04-08 09:47:54,987 - processing completed: 481_180
2022-04-08 09:47:54,993 - processing started: 483_181 
2022-04-08 09:47:55,129 - processing completed: 483_181
2022-04-08 09:47:55,134 - processing started: 485_182 
2022-04-08 09:47:55,331 - processing completed: 485_182
2022-04-08 09:47:55,336 - processing started: 487_182 
2022-04-08 09:47:55,475 - processing completed: 487_182
2022-04-08 09:47:55,480 - processing started: 489_183 
2022-04-08 09:47:55,684 - processing completed: 489_183
2022-04-08 09:47:55,689 - processing started: 491_183 
2022-04-08 09:47:55,827 - processing completed: 491_183
2022-04-08 09:47:55,833 - processing started: 493_184 
2022-04-08 09:47:56,036 - processing completed: 493_184
2022-04-08 09:47:56,041 - processing started: 495_185 
2022-04-08 09:47:56,175 - processing completed: 495_185
2022-04-08 09:47:56,180 - processing started: 497_186 
2022-04-08 09:47:56,377 - processing completed: 497_186
2022-04-08 09:47:56,383 - processing started: 499_187 
2022-04-08 09:47:56,533 - processing completed: 499_187
2022-04-08 09:47:56,538 - processing started: 501_188 
2022-04-08 09:47:56,755 - processing completed: 501_188
2022-04-08 09:47:56,760 - processing started: 503_188 
2022-04-08 09:47:56,898 - processing completed: 503_188
2022-04-08 09:47:56,903 - processing started: 505_189 
2022-04-08 09:47:57,068 - processing completed: 505_189
2022-04-08 09:47:57,073 - processing started: 507_190 
2022-04-08 09:47:57,271 - processing completed: 507_190
2022-04-08 09:47:57,278 - processing started: 509_191 
2022-04-08 09:47:57,413 - processing completed: 509_191
2022-04-08 09:47:57,418 - processing started: 511_192 
2022-04-08 09:47:57,614 - processing completed: 511_192
2022-04-08 09:47:57,620 - processing started: 513_192 
2022-04-08 09:47:57,753 - processing completed: 513_192
2022-04-08 09:47:57,758 - processing started: 515_193 
2022-04-08 09:47:57,956 - processing completed: 515_193
2022-04-08 09:47:57,962 - processing started: 517_194 
2022-04-08 09:47:58,097 - processing completed: 517_194
2022-04-08 09:47:58,102 - processing started: 519_195 
2022-04-08 09:47:58,321 - processing completed: 519_195
2022-04-08 09:47:58,327 - processing started: 521_196 
2022-04-08 09:47:58,475 - processing completed: 521_196
2022-04-08 09:47:58,481 - processing started: 523_196 
2022-04-08 09:47:58,691 - processing completed: 523_196
2022-04-08 09:47:58,697 - processing started: 525_196 
2022-04-08 09:47:58,831 - processing completed: 525_196
2022-04-08 09:47:58,836 - processing started: 527_197 
2022-04-08 09:47:59,031 - processing completed: 527_197
2022-04-08 09:47:59,037 - processing started: 529_197 
2022-04-08 09:47:59,174 - processing completed: 529_197
2022-04-08 09:47:59,180 - processing started: 531_197 
2022-04-08 09:47:59,374 - processing completed: 531_197
2022-04-08 09:47:59,379 - processing started: 533_198 
2022-04-08 09:47:59,513 - processing completed: 533_198
2022-04-08 09:47:59,518 - processing started: 535_199 
2022-04-08 09:47:59,714 - processing completed: 535_199
2022-04-08 09:47:59,720 - processing started: 537_200 
2022-04-08 09:47:59,919 - processing completed: 537_200
2022-04-08 09:47:59,924 - processing started: 539_201 
2022-04-08 09:48:00,081 - processing completed: 539_201
2022-04-08 09:48:00,089 - processing started: 541_202 
2022-04-08 09:48:00,320 - processing completed: 541_202
2022-04-08 09:48:00,326 - processing started: 543_203 
2022-04-08 09:48:00,463 - processing completed: 543_203
2022-04-08 09:48:00,469 - processing started: 545_204 
2022-04-08 09:48:00,666 - processing completed: 545_204
2022-04-08 09:48:00,672 - processing started: 547_205 
2022-04-08 09:48:00,805 - processing completed: 547_205
2022-04-08 09:48:00,810 - processing started: 549_206 
2022-04-08 09:48:01,007 - processing completed: 549_206
2022-04-08 09:48:01,013 - processing started: 551_207 
2022-04-08 09:48:01,154 - processing completed: 551_207
2022-04-08 09:48:01,160 - processing started: 553_207 
2022-04-08 09:48:01,358 - processing completed: 553_207
2022-04-08 09:48:01,364 - processing started: 555_208 
2022-04-08 09:48:01,499 - processing completed: 555_208
2022-04-08 09:48:01,504 - processing started: 557_209 
2022-04-08 09:48:01,700 - processing completed: 557_209
2022-04-08 09:48:01,706 - processing started: 559_210 
2022-04-08 09:48:01,838 - processing completed: 559_210
2022-04-08 09:48:01,842 - processing started: 561_211 
2022-04-08 09:48:02,061 - processing completed: 561_211
2022-04-08 09:48:02,065 - processing started: 563_212 
2022-04-08 09:48:02,201 - processing completed: 563_212
2022-04-08 09:48:02,206 - processing started: 565_213 
2022-04-08 09:48:02,400 - processing completed: 565_213
2022-04-08 09:48:02,406 - processing started: 567_214 
2022-04-08 09:48:02,597 - processing completed: 567_214
2022-04-08 09:48:02,602 - processing started: 569_214 
2022-04-08 09:48:02,729 - processing completed: 569_214
2022-04-08 09:48:02,734 - processing started: 571_215 
2022-04-08 09:48:02,927 - processing completed: 571_215
2022-04-08 09:48:02,932 - processing started: 573_216 
2022-04-08 09:48:03,061 - processing completed: 573_216
2022-04-08 09:48:03,066 - processing started: 575_217 
2022-04-08 09:48:03,262 - processing completed: 575_217
2022-04-08 09:48:03,267 - processing started: 577_218 
2022-04-08 09:48:03,397 - processing completed: 577_218
2022-04-08 09:48:03,401 - processing started: 579_219 
2022-04-08 09:48:03,591 - processing completed: 579_219
2022-04-08 09:48:03,597 - processing started: 581_220 
2022-04-08 09:48:03,736 - processing completed: 581_220
2022-04-08 09:48:03,741 - processing started: 583_220 
2022-04-08 09:48:03,969 - processing completed: 583_220
2022-04-08 09:48:03,974 - processing started: 585_221 
2022-04-08 09:48:04,109 - processing completed: 585_221
2022-04-08 09:48:04,115 - processing started: 587_222 
2022-04-08 09:48:04,317 - processing completed: 587_222
2022-04-08 09:48:04,322 - processing started: 589_222 
2022-04-08 09:48:04,452 - processing completed: 589_222
2022-04-08 09:48:04,458 - processing started: 591_223 
2022-04-08 09:48:04,619 - processing completed: 591_223
2022-04-08 09:48:04,623 - processing started: 593_223 
2022-04-08 09:48:04,725 - processing completed: 593_223
2022-04-08 09:48:04,731 - processing started: 595_224 
2022-04-08 09:48:04,943 - processing completed: 595_224
2022-04-08 09:48:04,948 - processing started: 597_225 
2022-04-08 09:48:05,118 - processing completed: 597_225
2022-04-08 09:48:05,123 - processing started: 599_225 
2022-04-08 09:48:05,290 - processing completed: 599_225
2022-04-08 09:48:05,295 - processing started: 601_225 
2022-04-08 09:48:05,462 - processing completed: 601_225
2022-04-08 09:48:05,466 - processing started: 603_226 
2022-04-08 09:48:05,604 - processing completed: 603_226
2022-04-08 09:48:05,609 - processing started: 605_227 
2022-04-08 09:48:05,823 - processing completed: 605_227
2022-04-08 09:48:05,828 - processing started: 607_227 
2022-04-08 09:48:05,955 - processing completed: 607_227
2022-04-08 09:48:05,959 - processing started: 609_227 
2022-04-08 09:48:06,125 - processing completed: 609_227
2022-04-08 09:48:06,130 - processing started: 611_227 
2022-04-08 09:48:06,295 - processing completed: 611_227
2022-04-08 09:48:06,300 - processing started: 613_227 
2022-04-08 09:48:06,467 - processing completed: 613_227
2022-04-08 09:48:06,470 - processing started: 615_228 
2022-04-08 09:48:06,579 - processing completed: 615_228
2022-04-08 09:48:06,583 - processing started: 617_229 
2022-04-08 09:48:06,747 - processing completed: 617_229
2022-04-08 09:48:06,751 - processing started: 619_230 
2022-04-08 09:48:06,851 - processing completed: 619_230
2022-04-08 09:48:06,855 - processing started: 621_230 
2022-04-08 09:48:07,020 - processing completed: 621_230
2022-04-08 09:48:07,024 - processing started: 623_231 
2022-04-08 09:48:07,121 - processing completed: 623_231
2022-04-08 09:48:07,125 - processing started: 625_232 
2022-04-08 09:48:07,280 - processing completed: 625_232
2022-04-08 09:48:07,284 - processing started: 627_232 
2022-04-08 09:48:07,467 - processing completed: 627_232
2022-04-08 09:48:07,471 - processing started: 629_232 
2022-04-08 09:48:07,584 - processing completed: 629_232
2022-04-08 09:48:07,589 - processing started: 631_233 
2022-04-08 09:48:07,769 - processing completed: 631_233
2022-04-08 09:48:07,772 - processing started: 633_234 
2022-04-08 09:48:07,869 - processing completed: 633_234
2022-04-08 09:48:07,872 - processing started: 635_234 
2022-04-08 09:48:08,034 - processing completed: 635_234
2022-04-08 09:48:08,038 - processing started: 637_234 
2022-04-08 09:48:08,132 - processing completed: 637_234
2022-04-08 09:48:08,136 - processing started: 639_235 
2022-04-08 09:48:08,325 - processing completed: 639_235
2022-04-08 09:48:08,330 - processing started: 641_236 
2022-04-08 09:48:08,453 - processing completed: 641_236
2022-04-08 09:48:08,457 - processing started: 643_237 
2022-04-08 09:48:08,655 - processing completed: 643_237
2022-04-08 09:48:08,661 - processing started: 645_238 
2022-04-08 09:48:08,788 - processing completed: 645_238
2022-04-08 09:48:08,792 - processing started: 647_239 
2022-04-08 09:48:08,985 - processing completed: 647_239
2022-04-08 09:48:08,989 - processing started: 649_240 
2022-04-08 09:48:09,118 - processing completed: 649_240
2022-04-08 09:48:09,125 - processing started: 651_240 
2022-04-08 09:48:09,354 - processing completed: 651_240
2022-04-08 09:48:09,359 - processing started: 653_241 
2022-04-08 09:48:09,493 - processing completed: 653_241
2022-04-08 09:48:09,497 - processing started: 655_242 
2022-04-08 09:48:09,700 - processing completed: 655_242
2022-04-08 09:48:09,706 - processing started: 657_242 
2022-04-08 09:48:09,903 - processing completed: 657_242
2022-04-08 09:48:09,909 - processing started: 659_243 
2022-04-08 09:48:10,037 - processing completed: 659_243
2022-04-08 09:48:10,042 - processing started: 661_244 
2022-04-08 09:48:10,194 - processing completed: 661_244
2022-04-08 09:48:10,199 - processing started: 663_244 
2022-04-08 09:48:10,286 - processing completed: 663_244
2022-04-08 09:48:10,291 - processing started: 665_245 
2022-04-08 09:48:10,439 - processing completed: 665_245
2022-04-08 09:48:10,444 - processing started: 667_246 
2022-04-08 09:48:10,527 - processing completed: 667_246
2022-04-08 09:48:10,531 - processing started: 669_247 
2022-04-08 09:48:10,677 - processing completed: 669_247
2022-04-08 09:48:10,681 - processing started: 671_248 
2022-04-08 09:48:10,761 - processing completed: 671_248
2022-04-08 09:48:10,765 - processing started: 673_249 
2022-04-08 09:48:10,912 - processing completed: 673_249
2022-04-08 09:48:10,918 - processing started: 675_250 
2022-04-08 09:48:11,024 - processing completed: 675_250
2022-04-08 09:48:11,029 - processing started: 677_251 
2022-04-08 09:48:11,193 - processing completed: 677_251
2022-04-08 09:48:11,197 - processing started: 679_251 
2022-04-08 09:48:11,284 - processing completed: 679_251
2022-04-08 09:48:11,290 - processing started: 681_252 
2022-04-08 09:48:11,442 - processing completed: 681_252
2022-04-08 09:48:11,446 - processing started: 683_252 
2022-04-08 09:48:11,524 - processing completed: 683_252
2022-04-08 09:48:11,528 - processing started: 685_253 
2022-04-08 09:48:11,695 - processing completed: 685_253
2022-04-08 09:48:11,699 - processing started: 687_254 
2022-04-08 09:48:11,873 - processing completed: 687_254
2022-04-08 09:48:11,877 - processing started: 689_255 
2022-04-08 09:48:11,986 - processing completed: 689_255
2022-04-08 09:48:11,989 - processing started: 691_256 
2022-04-08 09:48:12,172 - processing completed: 691_256
2022-04-08 09:48:12,176 - processing started: 693_257 
2022-04-08 09:48:12,285 - processing completed: 693_257
2022-04-08 09:48:12,289 - processing started: 695_257 
2022-04-08 09:48:12,468 - processing completed: 695_257
2022-04-08 09:48:12,472 - processing started: 697_258 
2022-04-08 09:48:12,582 - processing completed: 697_258
2022-04-08 09:48:12,585 - processing started: 699_259 
2022-04-08 09:48:12,760 - processing completed: 699_259
2022-04-08 09:48:12,763 - processing started: 701_260 
2022-04-08 09:48:12,892 - processing completed: 701_260
2022-04-08 09:48:12,897 - processing started: 703_260 
2022-04-08 09:48:13,087 - processing completed: 703_260
2022-04-08 09:48:13,091 - processing started: 705_261 
2022-04-08 09:48:13,214 - processing completed: 705_261
2022-04-08 09:48:13,218 - processing started: 707_262 
2022-04-08 09:48:13,384 - processing completed: 707_262
2022-04-08 09:48:13,387 - processing started: 709_262 
2022-04-08 09:48:13,493 - processing completed: 709_262
2022-04-08 09:48:13,497 - processing started: 711_263 
2022-04-08 09:48:13,670 - processing completed: 711_263
2022-04-08 09:48:13,674 - processing started: 713_264 
2022-04-08 09:48:13,844 - processing completed: 713_264
2022-04-08 09:48:13,848 - processing started: 715_265 
2022-04-08 09:48:13,947 - processing completed: 715_265
2022-04-08 09:48:13,951 - processing started: 717_265 
2022-04-08 09:48:14,123 - processing completed: 717_265
2022-04-08 09:48:14,126 - processing started: 719_266 
2022-04-08 09:48:14,227 - processing completed: 719_266
2022-04-08 09:48:14,231 - processing started: 721_267 
2022-04-08 09:48:14,398 - processing completed: 721_267
2022-04-08 09:48:14,402 - processing started: 723_267 
2022-04-08 09:48:14,500 - processing completed: 723_267
2022-04-08 09:48:14,504 - processing started: 725_267 
2022-04-08 09:48:14,697 - processing completed: 725_267
2022-04-08 09:48:14,701 - processing started: 727_268 
2022-04-08 09:48:14,818 - processing completed: 727_268
2022-04-08 09:48:14,822 - processing started: 729_268 
2022-04-08 09:48:14,999 - processing completed: 729_268
2022-04-08 09:48:15,004 - processing started: 731_268 
2022-04-08 09:48:15,119 - processing completed: 731_268
2022-04-08 09:48:15,125 - processing started: 733_268 
2022-04-08 09:48:15,289 - processing completed: 733_268
2022-04-08 09:48:15,293 - processing started: 735_269 
2022-04-08 09:48:15,395 - processing completed: 735_269
2022-04-08 09:48:15,399 - processing started: 737_269 
2022-04-08 09:48:15,567 - processing completed: 737_269
2022-04-08 09:48:15,573 - processing started: 739_270 
2022-04-08 09:48:15,683 - processing completed: 739_270
2022-04-08 09:48:15,687 - processing started: 741_271 
2022-04-08 09:48:15,863 - processing completed: 741_271
2022-04-08 09:48:15,867 - processing started: 743_272 
2022-04-08 09:48:16,032 - processing completed: 743_272
2022-04-08 09:48:16,036 - processing started: 745_273 
2022-04-08 09:48:16,143 - processing completed: 745_273
2022-04-08 09:48:16,148 - processing started: 747_274 
2022-04-08 09:48:16,309 - processing completed: 747_274
2022-04-08 09:48:16,312 - processing started: 749_274 
2022-04-08 09:48:16,410 - processing completed: 749_274
2022-04-08 09:48:16,414 - processing started: 751_275 
2022-04-08 09:48:16,603 - processing completed: 751_275
2022-04-08 09:48:16,607 - processing started: 753_275 
2022-04-08 09:48:16,712 - processing completed: 753_275
2022-04-08 09:48:16,717 - processing started: 755_276 
2022-04-08 09:48:16,888 - processing completed: 755_276
2022-04-08 09:48:16,892 - processing started: 757_276 
2022-04-08 09:48:16,991 - processing completed: 757_276
2022-04-08 09:48:16,996 - processing started: 759_277 
2022-04-08 09:48:17,170 - processing completed: 759_277
2022-04-08 09:48:17,174 - processing started: 761_278 
2022-04-08 09:48:17,283 - processing completed: 761_278
2022-04-08 09:48:17,287 - processing started: 763_279 
2022-04-08 09:48:17,461 - processing completed: 763_279
2022-04-08 09:48:17,465 - processing started: 765_280 
2022-04-08 09:48:17,548 - processing completed: 765_280
2022-04-08 09:48:17,552 - processing started: 767_280 
2022-04-08 09:48:17,704 - processing completed: 767_280
2022-04-08 09:48:17,708 - processing started: 769_281 
2022-04-08 09:48:17,796 - processing completed: 769_281
2022-04-08 09:48:17,800 - processing started: 771_282 
2022-04-08 09:48:17,946 - processing completed: 771_282
2022-04-08 09:48:17,951 - processing started: 773_283 
2022-04-08 09:48:18,118 - processing completed: 773_283
2022-04-08 09:48:18,123 - processing started: 775_284 
2022-04-08 09:48:18,203 - processing completed: 775_284
2022-04-08 09:48:18,208 - processing started: 777_285 
2022-04-08 09:48:18,389 - processing completed: 777_285
2022-04-08 09:48:18,395 - processing started: 779_286 
2022-04-08 09:48:18,572 - processing completed: 779_286
2022-04-08 09:48:18,578 - processing started: 781_287 
2022-04-08 09:48:18,739 - processing completed: 781_287
2022-04-08 09:48:18,742 - processing started: 783_288 
2022-04-08 09:48:18,826 - processing completed: 783_288
2022-04-08 09:48:18,831 - processing started: 785_289 
2022-04-08 09:48:18,981 - processing completed: 785_289
2022-04-08 09:48:18,985 - processing started: 787_290 
2022-04-08 09:48:19,069 - processing completed: 787_290
2022-04-08 09:48:19,073 - processing started: 789_290 
2022-04-08 09:48:19,221 - processing completed: 789_290
2022-04-08 09:48:19,225 - processing started: 791_291 
2022-04-08 09:48:19,309 - processing completed: 791_291
2022-04-08 09:48:19,312 - processing started: 793_292 
2022-04-08 09:48:19,461 - processing completed: 793_292
2022-04-08 09:48:19,464 - processing started: 795_292 
2022-04-08 09:48:19,546 - processing completed: 795_292
2022-04-08 09:48:19,550 - processing started: 797_293 
2022-04-08 09:48:19,667 - processing completed: 797_293
2022-04-08 09:48:19,671 - processing started: 799_294 
2022-04-08 09:48:19,721 - processing completed: 799_294
2022-04-08 09:48:19,724 - processing started: 801_295 
2022-04-08 09:48:19,871 - processing completed: 801_295
2022-04-08 09:48:19,875 - processing started: 803_296 
2022-04-08 09:48:20,030 - processing completed: 803_296
2022-04-08 09:48:20,034 - processing started: 805_297 
2022-04-08 09:48:20,227 - processing completed: 805_297
2022-04-08 09:48:20,234 - processing started: 807_298 
2022-04-08 09:48:20,401 - processing completed: 807_298
2022-04-08 09:48:20,405 - processing started: 809_298 
2022-04-08 09:48:20,490 - processing completed: 809_298
2022-04-08 09:48:20,494 - processing started: 811_299 
2022-04-08 09:48:20,649 - processing completed: 811_299
2022-04-08 09:48:20,653 - processing started: 0_0 
2022-04-08 09:48:20,654 - Closing connection (200): Normal shutdown
2022-04-08 09:48:20,654 - Closing channel (200): 'Normal shutdown' on <Channel number=1 OPEN conn=<SelectConnection OPEN transport=<pika.adapters.utils.io_services_utils._AsyncPlaintextTransport object at 0x11c63c1c0> params=<ConnectionParameters host=localhost port=5672 virtual_host=/ ssl=False>>>
2022-04-08 09:48:20,655 - Received <Channel.CloseOk> on <Channel number=1 CLOSING conn=<SelectConnection OPEN transport=<pika.adapters.utils.io_services_utils._AsyncPlaintextTransport object at 0x11c63c1c0> params=<ConnectionParameters host=localhost port=5672 virtual_host=/ ssl=False>>>
2022-04-08 09:48:20,655 - Closing connection (200): 'Normal shutdown'
2022-04-08 09:48:20,656 - Aborting transport connection: state=1; <socket.socket fd=22, family=AddressFamily.AF_INET, type=SocketKind.SOCK_STREAM, proto=6, laddr=('127.0.0.1', 51161), raddr=('127.0.0.1', 5672)>
2022-04-08 09:48:20,656 - _AsyncTransportBase._initate_abort(): Initiating abrupt asynchronous transport shutdown: state=1; error=None; <socket.socket fd=22, family=AddressFamily.AF_INET, type=SocketKind.SOCK_STREAM, proto=6, laddr=('127.0.0.1', 51161), raddr=('127.0.0.1', 5672)>
2022-04-08 09:48:20,656 - Deactivating transport: state=1; <socket.socket fd=22, family=AddressFamily.AF_INET, type=SocketKind.SOCK_STREAM, proto=6, laddr=('127.0.0.1', 51161), raddr=('127.0.0.1', 5672)>
2022-04-08 09:48:20,657 - AMQP stack terminated, failed to connect, or aborted: opened=True, error-arg=None; pending-error=ConnectionClosedByClient: (200) 'Normal shutdown'
2022-04-08 09:48:20,657 - Stack terminated due to ConnectionClosedByClient: (200) 'Normal shutdown'
2022-04-08 09:48:20,657 - Closing transport socket and unlinking: state=3; <socket.socket fd=22, family=AddressFamily.AF_INET, type=SocketKind.SOCK_STREAM, proto=6, laddr=('127.0.0.1', 51161), raddr=('127.0.0.1', 5672)>
2022-04-08 09:48:20,657 - User-initiated close: result=BlockingConnection__OnClosedArgs(connection=<SelectConnection CLOSED transport=None params=<ConnectionParameters host=localhost port=5672 virtual_host=/ ssl=False>>, error=ConnectionClosedByClient: (200) 'Normal shutdown')
2022-04-08 09:48:20,658 - PID 77082 completed loading and processing
