2022-04-08 09:51:14,194 - PID 77942 started loading and processing
2022-04-08 09:51:14,201 - Pika version 1.2.0 connecting to ('::1', 5672, 0, 0)
2022-04-08 09:51:14,201 - Socket failed to connect: <socket.socket fd=22, family=AddressFamily.AF_INET6, type=SocketKind.SOCK_STREAM, proto=6, laddr=('::1', 51247, 0, 0)>; error=61 (Connection refused)
2022-04-08 09:51:14,201 - TCP Connection attempt failed: ConnectionRefusedError(61, 'Connection refused'); dest=(<AddressFamily.AF_INET6: 30>, <SocketKind.SOCK_STREAM: 1>, 6, '', ('::1', 5672, 0, 0))
2022-04-08 09:51:14,201 - AMQPConnector - reporting failure: AMQPConnectorSocketConnectError: ConnectionRefusedError(61, 'Connection refused')
2022-04-08 09:51:14,201 - Pika version 1.2.0 connecting to ('127.0.0.1', 5672)
2022-04-08 09:51:14,202 - Socket connected: <socket.socket fd=22, family=AddressFamily.AF_INET, type=SocketKind.SOCK_STREAM, proto=6, laddr=('127.0.0.1', 51248), raddr=('127.0.0.1', 5672)>
2022-04-08 09:51:14,202 - Streaming transport linked up: (<pika.adapters.utils.io_services_utils._AsyncPlaintextTransport object at 0x1219441c0>, _StreamingProtocolShim: <SelectConnection PROTOCOL transport=<pika.adapters.utils.io_services_utils._AsyncPlaintextTransport object at 0x1219441c0> params=<ConnectionParameters host=localhost port=5672 virtual_host=/ ssl=False>>).
2022-04-08 09:51:14,205 - AMQPConnector - reporting success: <SelectConnection OPEN transport=<pika.adapters.utils.io_services_utils._AsyncPlaintextTransport object at 0x1219441c0> params=<ConnectionParameters host=localhost port=5672 virtual_host=/ ssl=False>>
2022-04-08 09:51:14,205 - AMQPConnectionWorkflow - reporting success: <SelectConnection OPEN transport=<pika.adapters.utils.io_services_utils._AsyncPlaintextTransport object at 0x1219441c0> params=<ConnectionParameters host=localhost port=5672 virtual_host=/ ssl=False>>
2022-04-08 09:51:14,206 - Connection workflow succeeded: <SelectConnection OPEN transport=<pika.adapters.utils.io_services_utils._AsyncPlaintextTransport object at 0x1219441c0> params=<ConnectionParameters host=localhost port=5672 virtual_host=/ ssl=False>>
2022-04-08 09:51:14,206 - Created channel=1
2022-04-08 09:51:14,207 - Logging before start consuming
2022-04-08 09:51:14,776 - processing started: 0_000 
2022-04-08 09:51:14,968 - processing completed: 0_000
2022-04-08 09:51:14,993 - processing started: 2_000 
2022-04-08 09:51:15,224 - processing completed: 2_000
2022-04-08 09:51:15,229 - processing started: 4_001 
2022-04-08 09:51:15,436 - processing completed: 4_001
2022-04-08 09:51:15,442 - processing started: 6_002 
2022-04-08 09:51:15,589 - processing completed: 6_002
2022-04-08 09:51:15,594 - processing started: 8_003 
2022-04-08 09:51:15,850 - processing completed: 8_003
2022-04-08 09:51:15,856 - processing started: 10_004 
2022-04-08 09:51:16,036 - processing completed: 10_004
2022-04-08 09:51:16,041 - processing started: 12_005 
2022-04-08 09:51:16,292 - processing completed: 12_005
2022-04-08 09:51:16,297 - processing started: 14_005 
2022-04-08 09:51:16,485 - processing completed: 14_005
2022-04-08 09:51:16,490 - processing started: 16_006 
2022-04-08 09:51:16,733 - processing completed: 16_006
2022-04-08 09:51:16,741 - processing started: 18_007 
2022-04-08 09:51:16,926 - processing completed: 18_007
2022-04-08 09:51:16,932 - processing started: 20_008 
2022-04-08 09:51:17,153 - processing completed: 20_008
2022-04-08 09:51:17,160 - processing started: 22_009 
2022-04-08 09:51:17,361 - processing completed: 22_009
2022-04-08 09:51:17,367 - processing started: 24_009 
2022-04-08 09:51:17,614 - processing completed: 24_009
2022-04-08 09:51:17,621 - processing started: 26_010 
2022-04-08 09:51:17,812 - processing completed: 26_010
2022-04-08 09:51:17,818 - processing started: 28_011 
2022-04-08 09:51:18,069 - processing completed: 28_011
2022-04-08 09:51:18,076 - processing started: 30_012 
2022-04-08 09:51:18,153 - processing completed: 30_012
2022-04-08 09:51:18,157 - processing started: 32_013 
2022-04-08 09:51:18,389 - processing completed: 32_013
2022-04-08 09:51:18,394 - processing started: 34_014 
2022-04-08 09:51:18,567 - processing completed: 34_014
2022-04-08 09:51:18,571 - processing started: 36_014 
2022-04-08 09:51:18,674 - processing completed: 36_014
2022-04-08 09:51:18,679 - processing started: 38_015 
2022-04-08 09:51:18,835 - processing completed: 38_015
2022-04-08 09:51:18,839 - processing started: 40_015 
2022-04-08 09:51:18,936 - processing completed: 40_015
2022-04-08 09:51:18,940 - processing started: 42_015 
2022-04-08 09:51:19,117 - processing completed: 42_015
2022-04-08 09:51:19,121 - processing started: 44_016 
2022-04-08 09:51:19,218 - processing completed: 44_016
2022-04-08 09:51:19,222 - processing started: 46_017 
2022-04-08 09:51:19,398 - processing completed: 46_017
2022-04-08 09:51:19,402 - processing started: 48_018 
2022-04-08 09:51:19,501 - processing completed: 48_018
2022-04-08 09:51:19,506 - processing started: 50_019 
2022-04-08 09:51:19,673 - processing completed: 50_019
2022-04-08 09:51:19,676 - processing started: 52_020 
2022-04-08 09:51:19,774 - processing completed: 52_020
2022-04-08 09:51:19,779 - processing started: 54_021 
2022-04-08 09:51:19,946 - processing completed: 54_021
2022-04-08 09:51:19,950 - processing started: 56_022 
2022-04-08 09:51:20,105 - processing completed: 56_022
2022-04-08 09:51:20,111 - processing started: 58_022 
2022-04-08 09:51:20,321 - processing completed: 58_022
2022-04-08 09:51:20,328 - processing started: 60_023 
2022-04-08 09:51:20,431 - processing completed: 60_023
2022-04-08 09:51:20,434 - processing started: 62_023 
2022-04-08 09:51:20,594 - processing completed: 62_023
2022-04-08 09:51:20,598 - processing started: 64_024 
2022-04-08 09:51:20,761 - processing completed: 64_024
2022-04-08 09:51:20,765 - processing started: 66_025 
2022-04-08 09:51:20,874 - processing completed: 66_025
2022-04-08 09:51:20,878 - processing started: 68_026 
2022-04-08 09:51:21,052 - processing completed: 68_026
2022-04-08 09:51:21,056 - processing started: 70_027 
2022-04-08 09:51:21,181 - processing completed: 70_027
2022-04-08 09:51:21,185 - processing started: 72_028 
2022-04-08 09:51:21,357 - processing completed: 72_028
2022-04-08 09:51:21,361 - processing started: 74_028 
2022-04-08 09:51:21,470 - processing completed: 74_028
2022-04-08 09:51:21,474 - processing started: 76_029 
2022-04-08 09:51:21,682 - processing completed: 76_029
2022-04-08 09:51:21,688 - processing started: 78_030 
2022-04-08 09:51:21,803 - processing completed: 78_030
2022-04-08 09:51:21,808 - processing started: 80_031 
2022-04-08 09:51:21,991 - processing completed: 80_031
2022-04-08 09:51:21,995 - processing started: 82_031 
2022-04-08 09:51:22,114 - processing completed: 82_031
2022-04-08 09:51:22,118 - processing started: 84_032 
2022-04-08 09:51:22,351 - processing completed: 84_032
2022-04-08 09:51:22,357 - processing started: 86_032 
2022-04-08 09:51:22,524 - processing completed: 86_032
2022-04-08 09:51:22,530 - processing started: 88_033 
2022-04-08 09:51:22,709 - processing completed: 88_033
2022-04-08 09:51:22,713 - processing started: 90_033 
2022-04-08 09:51:22,830 - processing completed: 90_033
2022-04-08 09:51:22,834 - processing started: 92_033 
2022-04-08 09:51:23,015 - processing completed: 92_033
2022-04-08 09:51:23,019 - processing started: 94_034 
2022-04-08 09:51:23,202 - processing completed: 94_034
2022-04-08 09:51:23,207 - processing started: 96_035 
2022-04-08 09:51:23,340 - processing completed: 96_035
2022-04-08 09:51:23,345 - processing started: 98_035 
2022-04-08 09:51:23,546 - processing completed: 98_035
2022-04-08 09:51:23,551 - processing started: 100_036 
2022-04-08 09:51:23,674 - processing completed: 100_036
2022-04-08 09:51:23,679 - processing started: 102_037 
2022-04-08 09:51:23,867 - processing completed: 102_037
2022-04-08 09:51:23,871 - processing started: 104_038 
2022-04-08 09:51:23,991 - processing completed: 104_038
2022-04-08 09:51:23,995 - processing started: 106_039 
2022-04-08 09:51:24,180 - processing completed: 106_039
2022-04-08 09:51:24,185 - processing started: 108_039 
2022-04-08 09:51:24,309 - processing completed: 108_039
2022-04-08 09:51:24,313 - processing started: 110_040 
2022-04-08 09:51:24,494 - processing completed: 110_040
2022-04-08 09:51:24,497 - processing started: 112_040 
2022-04-08 09:51:24,620 - processing completed: 112_040
2022-04-08 09:51:24,626 - processing started: 114_040 
2022-04-08 09:51:24,806 - processing completed: 114_040
2022-04-08 09:51:24,810 - processing started: 116_041 
2022-04-08 09:51:24,930 - processing completed: 116_041
2022-04-08 09:51:24,934 - processing started: 118_042 
2022-04-08 09:51:25,138 - processing completed: 118_042
2022-04-08 09:51:25,144 - processing started: 120_042 
2022-04-08 09:51:25,269 - processing completed: 120_042
2022-04-08 09:51:25,274 - processing started: 122_043 
2022-04-08 09:51:25,457 - processing completed: 122_043
2022-04-08 09:51:25,463 - processing started: 124_044 
2022-04-08 09:51:25,653 - processing completed: 124_044
2022-04-08 09:51:25,657 - processing started: 126_044 
2022-04-08 09:51:25,773 - processing completed: 126_044
2022-04-08 09:51:25,778 - processing started: 128_045 
2022-04-08 09:51:25,960 - processing completed: 128_045
2022-04-08 09:51:25,965 - processing started: 130_046 
2022-04-08 09:51:26,082 - processing completed: 130_046
2022-04-08 09:51:26,086 - processing started: 132_047 
2022-04-08 09:51:26,269 - processing completed: 132_047
2022-04-08 09:51:26,274 - processing started: 134_048 
2022-04-08 09:51:26,392 - processing completed: 134_048
2022-04-08 09:51:26,396 - processing started: 136_048 
2022-04-08 09:51:26,569 - processing completed: 136_048
2022-04-08 09:51:26,573 - processing started: 138_049 
2022-04-08 09:51:26,693 - processing completed: 138_049
2022-04-08 09:51:26,697 - processing started: 140_050 
2022-04-08 09:51:26,895 - processing completed: 140_050
2022-04-08 09:51:26,900 - processing started: 142_050 
2022-04-08 09:51:27,015 - processing completed: 142_050
2022-04-08 09:51:27,021 - processing started: 144_051 
2022-04-08 09:51:27,203 - processing completed: 144_051
2022-04-08 09:51:27,208 - processing started: 146_051 
2022-04-08 09:51:27,324 - processing completed: 146_051
2022-04-08 09:51:27,328 - processing started: 148_052 
2022-04-08 09:51:27,515 - processing completed: 148_052
2022-04-08 09:51:27,520 - processing started: 150_053 
2022-04-08 09:51:27,633 - processing completed: 150_053
2022-04-08 09:51:27,638 - processing started: 152_054 
2022-04-08 09:51:27,824 - processing completed: 152_054
2022-04-08 09:51:27,829 - processing started: 154_055 
2022-04-08 09:51:28,009 - processing completed: 154_055
2022-04-08 09:51:28,014 - processing started: 156_056 
2022-04-08 09:51:28,133 - processing completed: 156_056
2022-04-08 09:51:28,137 - processing started: 158_057 
2022-04-08 09:51:28,303 - processing completed: 158_057
2022-04-08 09:51:28,308 - processing started: 160_058 
2022-04-08 09:51:28,483 - processing completed: 160_058
2022-04-08 09:51:28,489 - processing started: 162_058 
2022-04-08 09:51:28,765 - processing completed: 162_058
2022-04-08 09:51:28,771 - processing started: 164_059 
2022-04-08 09:51:28,879 - processing completed: 164_059
2022-04-08 09:51:28,885 - processing started: 166_060 
2022-04-08 09:51:29,054 - processing completed: 166_060
2022-04-08 09:51:29,059 - processing started: 168_061 
2022-04-08 09:51:29,168 - processing completed: 168_061
2022-04-08 09:51:29,172 - processing started: 170_062 
2022-04-08 09:51:29,341 - processing completed: 170_062
2022-04-08 09:51:29,345 - processing started: 172_062 
2022-04-08 09:51:29,455 - processing completed: 172_062
2022-04-08 09:51:29,459 - processing started: 174_063 
2022-04-08 09:51:29,721 - processing completed: 174_063
2022-04-08 09:51:29,727 - processing started: 176_064 
2022-04-08 09:51:29,929 - processing completed: 176_064
2022-04-08 09:51:29,936 - processing started: 178_064 
2022-04-08 09:51:30,203 - processing completed: 178_064
2022-04-08 09:51:30,209 - processing started: 180_065 
2022-04-08 09:51:30,507 - processing completed: 180_065
2022-04-08 09:51:30,514 - processing started: 182_066 
2022-04-08 09:51:30,729 - processing completed: 182_066
2022-04-08 09:51:30,735 - processing started: 184_066 
2022-04-08 09:51:31,008 - processing completed: 184_066
2022-04-08 09:51:31,016 - processing started: 186_066 
2022-04-08 09:51:31,219 - processing completed: 186_066
2022-04-08 09:51:31,224 - processing started: 188_067 
2022-04-08 09:51:31,334 - processing completed: 188_067
2022-04-08 09:51:31,337 - processing started: 190_067 
2022-04-08 09:51:31,487 - processing completed: 190_067
2022-04-08 09:51:31,492 - processing started: 192_067 
2022-04-08 09:51:31,767 - processing completed: 192_067
2022-04-08 09:51:31,774 - processing started: 194_068 
2022-04-08 09:51:31,933 - processing completed: 194_068
2022-04-08 09:51:31,940 - processing started: 196_069 
2022-04-08 09:51:32,165 - processing completed: 196_069
2022-04-08 09:51:32,171 - processing started: 198_069 
2022-04-08 09:51:32,316 - processing completed: 198_069
2022-04-08 09:51:32,323 - processing started: 200_070 
2022-04-08 09:51:32,431 - processing completed: 200_070
2022-04-08 09:51:32,434 - processing started: 202_071 
2022-04-08 09:51:32,642 - processing completed: 202_071
2022-04-08 09:51:32,649 - processing started: 204_072 
2022-04-08 09:51:32,913 - processing completed: 204_072
2022-04-08 09:51:32,919 - processing started: 206_072 
2022-04-08 09:51:33,131 - processing completed: 206_072
2022-04-08 09:51:33,138 - processing started: 208_073 
2022-04-08 09:51:33,394 - processing completed: 208_073
2022-04-08 09:51:33,400 - processing started: 210_074 
2022-04-08 09:51:33,697 - processing completed: 210_074
2022-04-08 09:51:33,704 - processing started: 212_075 
2022-04-08 09:51:33,919 - processing completed: 212_075
2022-04-08 09:51:33,926 - processing started: 214_076 
2022-04-08 09:51:34,201 - processing completed: 214_076
2022-04-08 09:51:34,207 - processing started: 216_077 
2022-04-08 09:51:34,414 - processing completed: 216_077
2022-04-08 09:51:34,420 - processing started: 218_078 
2022-04-08 09:51:34,684 - processing completed: 218_078
2022-04-08 09:51:34,690 - processing started: 220_079 
2022-04-08 09:51:34,898 - processing completed: 220_079
2022-04-08 09:51:34,904 - processing started: 222_079 
2022-04-08 09:51:35,195 - processing completed: 222_079
2022-04-08 09:51:35,202 - processing started: 224_080 
2022-04-08 09:51:35,347 - processing completed: 224_080
2022-04-08 09:51:35,352 - processing started: 226_081 
2022-04-08 09:51:35,570 - processing completed: 226_081
2022-04-08 09:51:35,577 - processing started: 228_081 
2022-04-08 09:51:35,708 - processing completed: 228_081
2022-04-08 09:51:35,714 - processing started: 230_081 
2022-04-08 09:51:35,897 - processing completed: 230_081
2022-04-08 09:51:35,902 - processing started: 232_082 
2022-04-08 09:51:36,027 - processing completed: 232_082
2022-04-08 09:51:36,033 - processing started: 234_082 
2022-04-08 09:51:36,219 - processing completed: 234_082
2022-04-08 09:51:36,223 - processing started: 236_083 
2022-04-08 09:51:36,351 - processing completed: 236_083
2022-04-08 09:51:36,356 - processing started: 238_084 
2022-04-08 09:51:36,542 - processing completed: 238_084
2022-04-08 09:51:36,548 - processing started: 240_085 
2022-04-08 09:51:36,733 - processing completed: 240_085
2022-04-08 09:51:36,738 - processing started: 242_086 
2022-04-08 09:51:36,881 - processing completed: 242_086
2022-04-08 09:51:36,886 - processing started: 244_087 
2022-04-08 09:51:37,092 - processing completed: 244_087
2022-04-08 09:51:37,099 - processing started: 246_088 
2022-04-08 09:51:37,234 - processing completed: 246_088
2022-04-08 09:51:37,238 - processing started: 248_088 
2022-04-08 09:51:37,432 - processing completed: 248_088
2022-04-08 09:51:37,437 - processing started: 250_089 
2022-04-08 09:51:37,513 - processing completed: 250_089
2022-04-08 09:51:37,517 - processing started: 252_090 
2022-04-08 09:51:37,659 - processing completed: 252_090
2022-04-08 09:51:37,663 - processing started: 254_091 
2022-04-08 09:51:37,739 - processing completed: 254_091
2022-04-08 09:51:37,743 - processing started: 256_092 
2022-04-08 09:51:37,891 - processing completed: 256_092
2022-04-08 09:51:37,894 - processing started: 258_093 
2022-04-08 09:51:37,990 - processing completed: 258_093
2022-04-08 09:51:37,996 - processing started: 260_094 
2022-04-08 09:51:38,156 - processing completed: 260_094
2022-04-08 09:51:38,161 - processing started: 262_094 
2022-04-08 09:51:38,258 - processing completed: 262_094
2022-04-08 09:51:38,263 - processing started: 264_095 
2022-04-08 09:51:38,421 - processing completed: 264_095
2022-04-08 09:51:38,426 - processing started: 266_096 
2022-04-08 09:51:38,527 - processing completed: 266_096
2022-04-08 09:51:38,532 - processing started: 268_097 
2022-04-08 09:51:38,713 - processing completed: 268_097
2022-04-08 09:51:38,718 - processing started: 270_098 
2022-04-08 09:51:38,898 - processing completed: 270_098
2022-04-08 09:51:38,902 - processing started: 272_099 
2022-04-08 09:51:38,986 - processing completed: 272_099
2022-04-08 09:51:38,990 - processing started: 274_100 
2022-04-08 09:51:39,186 - processing completed: 274_100
2022-04-08 09:51:39,191 - processing started: 276_101 
2022-04-08 09:51:39,278 - processing completed: 276_101
2022-04-08 09:51:39,282 - processing started: 278_102 
2022-04-08 09:51:39,431 - processing completed: 278_102
2022-04-08 09:51:39,434 - processing started: 280_103 
2022-04-08 09:51:39,513 - processing completed: 280_103
2022-04-08 09:51:39,517 - processing started: 282_103 
2022-04-08 09:51:39,667 - processing completed: 282_103
2022-04-08 09:51:39,671 - processing started: 284_104 
2022-04-08 09:51:39,752 - processing completed: 284_104
2022-04-08 09:51:39,755 - processing started: 286_105 
2022-04-08 09:51:39,907 - processing completed: 286_105
2022-04-08 09:51:39,910 - processing started: 288_106 
2022-04-08 09:51:39,989 - processing completed: 288_106
2022-04-08 09:51:39,994 - processing started: 290_107 
2022-04-08 09:51:40,139 - processing completed: 290_107
2022-04-08 09:51:40,144 - processing started: 292_108 
2022-04-08 09:51:40,222 - processing completed: 292_108
2022-04-08 09:51:40,225 - processing started: 294_108 
2022-04-08 09:51:40,383 - processing completed: 294_108
2022-04-08 09:51:40,388 - processing started: 296_109 
2022-04-08 09:51:40,471 - processing completed: 296_109
2022-04-08 09:51:40,475 - processing started: 298_110 
2022-04-08 09:51:40,640 - processing completed: 298_110
2022-04-08 09:51:40,646 - processing started: 300_111 
2022-04-08 09:51:40,796 - processing completed: 300_111
2022-04-08 09:51:40,801 - processing started: 302_112 
2022-04-08 09:51:40,881 - processing completed: 302_112
2022-04-08 09:51:40,884 - processing started: 304_113 
2022-04-08 09:51:41,020 - processing completed: 304_113
2022-04-08 09:51:41,023 - processing started: 306_114 
2022-04-08 09:51:41,148 - processing completed: 306_114
2022-04-08 09:51:41,152 - processing started: 308_115 
2022-04-08 09:51:41,339 - processing completed: 308_115
2022-04-08 09:51:41,345 - processing started: 310_116 
2022-04-08 09:51:41,468 - processing completed: 310_116
2022-04-08 09:51:41,473 - processing started: 312_117 
2022-04-08 09:51:41,663 - processing completed: 312_117
2022-04-08 09:51:41,668 - processing started: 314_117 
2022-04-08 09:51:41,789 - processing completed: 314_117
2022-04-08 09:51:41,793 - processing started: 316_118 
2022-04-08 09:51:41,977 - processing completed: 316_118
2022-04-08 09:51:41,981 - processing started: 318_119 
2022-04-08 09:51:42,136 - processing completed: 318_119
2022-04-08 09:51:42,141 - processing started: 320_120 
2022-04-08 09:51:42,308 - processing completed: 320_120
2022-04-08 09:51:42,312 - processing started: 322_120 
2022-04-08 09:51:42,411 - processing completed: 322_120
2022-04-08 09:51:42,414 - processing started: 324_121 
2022-04-08 09:51:42,596 - processing completed: 324_121
2022-04-08 09:51:42,600 - processing started: 326_122 
2022-04-08 09:51:42,737 - processing completed: 326_122
2022-04-08 09:51:42,741 - processing started: 328_123 
2022-04-08 09:51:42,927 - processing completed: 328_123
2022-04-08 09:51:42,932 - processing started: 330_123 
2022-04-08 09:51:43,117 - processing completed: 330_123
2022-04-08 09:51:43,121 - processing started: 332_124 
2022-04-08 09:51:43,245 - processing completed: 332_124
2022-04-08 09:51:43,250 - processing started: 334_124 
2022-04-08 09:51:43,435 - processing completed: 334_124
2022-04-08 09:51:43,439 - processing started: 336_124 
2022-04-08 09:51:43,563 - processing completed: 336_124
2022-04-08 09:51:43,567 - processing started: 338_124 
2022-04-08 09:51:43,772 - processing completed: 338_124
2022-04-08 09:51:43,777 - processing started: 340_125 
2022-04-08 09:51:43,915 - processing completed: 340_125
2022-04-08 09:51:43,920 - processing started: 342_126 
2022-04-08 09:51:44,112 - processing completed: 342_126
2022-04-08 09:51:44,116 - processing started: 344_126 
2022-04-08 09:51:44,242 - processing completed: 344_126
2022-04-08 09:51:44,246 - processing started: 346_127 
2022-04-08 09:51:44,428 - processing completed: 346_127
2022-04-08 09:51:44,433 - processing started: 348_128 
2022-04-08 09:51:44,556 - processing completed: 348_128
2022-04-08 09:51:44,560 - processing started: 350_129 
2022-04-08 09:51:44,745 - processing completed: 350_129
2022-04-08 09:51:44,750 - processing started: 352_130 
2022-04-08 09:51:44,873 - processing completed: 352_130
2022-04-08 09:51:44,878 - processing started: 354_131 
2022-04-08 09:51:45,062 - processing completed: 354_131
2022-04-08 09:51:45,068 - processing started: 356_132 
2022-04-08 09:51:45,194 - processing completed: 356_132
2022-04-08 09:51:45,198 - processing started: 358_133 
2022-04-08 09:51:45,398 - processing completed: 358_133
2022-04-08 09:51:45,404 - processing started: 360_134 
2022-04-08 09:51:45,617 - processing completed: 360_134
2022-04-08 09:51:45,622 - processing started: 362_134 
2022-04-08 09:51:45,750 - processing completed: 362_134
2022-04-08 09:51:45,756 - processing started: 364_134 
2022-04-08 09:51:45,944 - processing completed: 364_134
2022-04-08 09:51:45,949 - processing started: 366_135 
2022-04-08 09:51:46,069 - processing completed: 366_135
2022-04-08 09:51:46,075 - processing started: 368_136 
2022-04-08 09:51:46,260 - processing completed: 368_136
2022-04-08 09:51:46,265 - processing started: 370_137 
2022-04-08 09:51:46,386 - processing completed: 370_137
2022-04-08 09:51:46,390 - processing started: 372_138 
2022-04-08 09:51:46,572 - processing completed: 372_138
2022-04-08 09:51:46,576 - processing started: 374_139 
2022-04-08 09:51:46,702 - processing completed: 374_139
2022-04-08 09:51:46,706 - processing started: 376_140 
2022-04-08 09:51:46,890 - processing completed: 376_140
2022-04-08 09:51:46,896 - processing started: 378_140 
2022-04-08 09:51:47,024 - processing completed: 378_140
2022-04-08 09:51:47,029 - processing started: 380_141 
2022-04-08 09:51:47,246 - processing completed: 380_141
2022-04-08 09:51:47,251 - processing started: 382_142 
2022-04-08 09:51:47,384 - processing completed: 382_142
2022-04-08 09:51:47,390 - processing started: 384_143 
2022-04-08 09:51:47,578 - processing completed: 384_143
2022-04-08 09:51:47,584 - processing started: 386_144 
2022-04-08 09:51:47,707 - processing completed: 386_144
2022-04-08 09:51:47,711 - processing started: 388_145 
2022-04-08 09:51:47,896 - processing completed: 388_145
2022-04-08 09:51:47,901 - processing started: 390_145 
2022-04-08 09:51:48,088 - processing completed: 390_145
2022-04-08 09:51:48,092 - processing started: 392_145 
2022-04-08 09:51:48,217 - processing completed: 392_145
2022-04-08 09:51:48,222 - processing started: 394_146 
2022-04-08 09:51:48,409 - processing completed: 394_146
2022-04-08 09:51:48,413 - processing started: 396_147 
2022-04-08 09:51:48,535 - processing completed: 396_147
2022-04-08 09:51:48,540 - processing started: 398_147 
2022-04-08 09:51:48,725 - processing completed: 398_147
2022-04-08 09:51:48,731 - processing started: 400_148 
2022-04-08 09:51:48,873 - processing completed: 400_148
2022-04-08 09:51:48,878 - processing started: 402_149 
2022-04-08 09:51:49,079 - processing completed: 402_149
2022-04-08 09:51:49,083 - processing started: 404_149 
2022-04-08 09:51:49,215 - processing completed: 404_149
2022-04-08 09:51:49,220 - processing started: 406_150 
2022-04-08 09:51:49,406 - processing completed: 406_150
2022-04-08 09:51:49,411 - processing started: 408_151 
2022-04-08 09:51:49,534 - processing completed: 408_151
2022-04-08 09:51:49,539 - processing started: 410_152 
2022-04-08 09:51:49,725 - processing completed: 410_152
2022-04-08 09:51:49,729 - processing started: 412_153 
2022-04-08 09:51:49,852 - processing completed: 412_153
2022-04-08 09:51:49,856 - processing started: 414_154 
2022-04-08 09:51:50,038 - processing completed: 414_154
2022-04-08 09:51:50,042 - processing started: 416_155 
2022-04-08 09:51:50,168 - processing completed: 416_155
2022-04-08 09:51:50,173 - processing started: 418_156 
2022-04-08 09:51:50,359 - processing completed: 418_156
2022-04-08 09:51:50,363 - processing started: 420_157 
2022-04-08 09:51:50,552 - processing completed: 420_157
2022-04-08 09:51:50,558 - processing started: 422_157 
2022-04-08 09:51:50,697 - processing completed: 422_157
2022-04-08 09:51:50,703 - processing started: 424_158 
2022-04-08 09:51:50,898 - processing completed: 424_158
2022-04-08 09:51:50,903 - processing started: 426_159 
2022-04-08 09:51:51,029 - processing completed: 426_159
2022-04-08 09:51:51,035 - processing started: 428_160 
2022-04-08 09:51:51,220 - processing completed: 428_160
2022-04-08 09:51:51,226 - processing started: 430_160 
2022-04-08 09:51:51,352 - processing completed: 430_160
2022-04-08 09:51:51,357 - processing started: 432_161 
2022-04-08 09:51:51,543 - processing completed: 432_161
2022-04-08 09:51:51,548 - processing started: 434_162 
2022-04-08 09:51:51,672 - processing completed: 434_162
2022-04-08 09:51:51,676 - processing started: 436_163 
2022-04-08 09:51:51,861 - processing completed: 436_163
2022-04-08 09:51:51,866 - processing started: 438_164 
2022-04-08 09:51:51,988 - processing completed: 438_164
2022-04-08 09:51:51,992 - processing started: 440_165 
2022-04-08 09:51:52,178 - processing completed: 440_165
2022-04-08 09:51:52,183 - processing started: 442_166 
2022-04-08 09:51:52,330 - processing completed: 442_166
2022-04-08 09:51:52,335 - processing started: 444_167 
2022-04-08 09:51:52,535 - processing completed: 444_167
2022-04-08 09:51:52,541 - processing started: 446_167 
2022-04-08 09:51:52,734 - processing completed: 446_167
2022-04-08 09:51:52,739 - processing started: 448_168 
2022-04-08 09:51:52,862 - processing completed: 448_168
2022-04-08 09:51:52,867 - processing started: 450_168 
2022-04-08 09:51:53,055 - processing completed: 450_168
2022-04-08 09:51:53,061 - processing started: 452_169 
2022-04-08 09:51:53,184 - processing completed: 452_169
2022-04-08 09:51:53,189 - processing started: 454_170 
2022-04-08 09:51:53,378 - processing completed: 454_170
2022-04-08 09:51:53,384 - processing started: 456_171 
2022-04-08 09:51:53,509 - processing completed: 456_171
2022-04-08 09:51:53,514 - processing started: 458_171 
2022-04-08 09:51:53,702 - processing completed: 458_171
2022-04-08 09:51:53,708 - processing started: 460_172 
2022-04-08 09:51:53,830 - processing completed: 460_172
2022-04-08 09:51:53,834 - processing started: 462_173 
2022-04-08 09:51:54,037 - processing completed: 462_173
2022-04-08 09:51:54,044 - processing started: 464_174 
2022-04-08 09:51:54,177 - processing completed: 464_174
2022-04-08 09:51:54,183 - processing started: 466_174 
2022-04-08 09:51:54,374 - processing completed: 466_174
2022-04-08 09:51:54,378 - processing started: 468_175 
2022-04-08 09:51:54,500 - processing completed: 468_175
2022-04-08 09:51:54,505 - processing started: 470_176 
2022-04-08 09:51:54,687 - processing completed: 470_176
2022-04-08 09:51:54,693 - processing started: 472_177 
2022-04-08 09:51:54,820 - processing completed: 472_177
2022-04-08 09:51:54,825 - processing started: 474_178 
2022-04-08 09:51:55,011 - processing completed: 474_178
2022-04-08 09:51:55,016 - processing started: 476_178 
2022-04-08 09:51:55,201 - processing completed: 476_178
2022-04-08 09:51:55,206 - processing started: 478_179 
2022-04-08 09:51:55,329 - processing completed: 478_179
2022-04-08 09:51:55,333 - processing started: 480_180 
2022-04-08 09:51:55,521 - processing completed: 480_180
2022-04-08 09:51:55,526 - processing started: 482_180 
2022-04-08 09:51:55,669 - processing completed: 482_180
2022-04-08 09:51:55,673 - processing started: 484_181 
2022-04-08 09:51:55,878 - processing completed: 484_181
2022-04-08 09:51:55,884 - processing started: 486_182 
2022-04-08 09:51:56,011 - processing completed: 486_182
2022-04-08 09:51:56,016 - processing started: 488_183 
2022-04-08 09:51:56,205 - processing completed: 488_183
2022-04-08 09:51:56,209 - processing started: 490_183 
2022-04-08 09:51:56,334 - processing completed: 490_183
2022-04-08 09:51:56,338 - processing started: 492_184 
2022-04-08 09:51:56,524 - processing completed: 492_184
2022-04-08 09:51:56,529 - processing started: 494_184 
2022-04-08 09:51:56,653 - processing completed: 494_184
2022-04-08 09:51:56,659 - processing started: 496_185 
2022-04-08 09:51:56,842 - processing completed: 496_185
2022-04-08 09:51:56,847 - processing started: 498_186 
2022-04-08 09:51:56,973 - processing completed: 498_186
2022-04-08 09:51:56,979 - processing started: 500_187 
2022-04-08 09:51:57,162 - processing completed: 500_187
2022-04-08 09:51:57,167 - processing started: 502_188 
2022-04-08 09:51:57,291 - processing completed: 502_188
2022-04-08 09:51:57,296 - processing started: 504_188 
2022-04-08 09:51:57,511 - processing completed: 504_188
2022-04-08 09:51:57,518 - processing started: 506_189 
2022-04-08 09:51:57,699 - processing completed: 506_189
2022-04-08 09:51:57,703 - processing started: 508_190 
2022-04-08 09:51:57,829 - processing completed: 508_190
2022-04-08 09:51:57,833 - processing started: 510_191 
2022-04-08 09:51:58,018 - processing completed: 510_191
2022-04-08 09:51:58,022 - processing started: 512_192 
2022-04-08 09:51:58,144 - processing completed: 512_192
2022-04-08 09:51:58,150 - processing started: 514_192 
2022-04-08 09:51:58,333 - processing completed: 514_192
2022-04-08 09:51:58,338 - processing started: 516_193 
2022-04-08 09:51:58,461 - processing completed: 516_193
2022-04-08 09:51:58,465 - processing started: 518_194 
2022-04-08 09:51:58,650 - processing completed: 518_194
2022-04-08 09:51:58,655 - processing started: 520_195 
2022-04-08 09:51:58,778 - processing completed: 520_195
2022-04-08 09:51:58,783 - processing started: 522_196 
2022-04-08 09:51:58,966 - processing completed: 522_196
2022-04-08 09:51:58,972 - processing started: 524_196 
2022-04-08 09:51:59,113 - processing completed: 524_196
2022-04-08 09:51:59,119 - processing started: 526_196 
2022-04-08 09:51:59,317 - processing completed: 526_196
2022-04-08 09:51:59,322 - processing started: 528_197 
2022-04-08 09:51:59,453 - processing completed: 528_197
2022-04-08 09:51:59,457 - processing started: 530_197 
2022-04-08 09:51:59,641 - processing completed: 530_197
2022-04-08 09:51:59,646 - processing started: 532_198 
2022-04-08 09:51:59,770 - processing completed: 532_198
2022-04-08 09:51:59,774 - processing started: 534_199 
2022-04-08 09:51:59,962 - processing completed: 534_199
2022-04-08 09:51:59,966 - processing started: 536_200 
2022-04-08 09:52:00,156 - processing completed: 536_200
2022-04-08 09:52:00,161 - processing started: 538_201 
2022-04-08 09:52:00,288 - processing completed: 538_201
2022-04-08 09:52:00,293 - processing started: 540_202 
2022-04-08 09:52:00,478 - processing completed: 540_202
2022-04-08 09:52:00,483 - processing started: 542_203 
2022-04-08 09:52:00,606 - processing completed: 542_203
2022-04-08 09:52:00,611 - processing started: 544_204 
2022-04-08 09:52:00,824 - processing completed: 544_204
2022-04-08 09:52:00,831 - processing started: 546_205 
2022-04-08 09:52:00,963 - processing completed: 546_205
2022-04-08 09:52:00,968 - processing started: 548_206 
2022-04-08 09:52:01,158 - processing completed: 548_206
2022-04-08 09:52:01,162 - processing started: 550_207 
2022-04-08 09:52:01,285 - processing completed: 550_207
2022-04-08 09:52:01,290 - processing started: 552_207 
2022-04-08 09:52:01,473 - processing completed: 552_207
2022-04-08 09:52:01,477 - processing started: 554_208 
2022-04-08 09:52:01,602 - processing completed: 554_208
2022-04-08 09:52:01,607 - processing started: 556_209 
2022-04-08 09:52:01,789 - processing completed: 556_209
2022-04-08 09:52:01,794 - processing started: 558_210 
2022-04-08 09:52:01,921 - processing completed: 558_210
2022-04-08 09:52:01,926 - processing started: 560_211 
2022-04-08 09:52:02,112 - processing completed: 560_211
2022-04-08 09:52:02,116 - processing started: 562_212 
2022-04-08 09:52:02,241 - processing completed: 562_212
2022-04-08 09:52:02,245 - processing started: 564_213 
2022-04-08 09:52:02,436 - processing completed: 564_213
2022-04-08 09:52:02,440 - processing started: 566_214 
2022-04-08 09:52:02,660 - processing completed: 566_214
2022-04-08 09:52:02,665 - processing started: 568_214 
2022-04-08 09:52:02,792 - processing completed: 568_214
2022-04-08 09:52:02,798 - processing started: 570_214 
2022-04-08 09:52:02,986 - processing completed: 570_214
2022-04-08 09:52:02,991 - processing started: 572_215 
2022-04-08 09:52:03,114 - processing completed: 572_215
2022-04-08 09:52:03,120 - processing started: 574_216 
2022-04-08 09:52:03,304 - processing completed: 574_216
2022-04-08 09:52:03,309 - processing started: 576_217 
2022-04-08 09:52:03,432 - processing completed: 576_217
2022-04-08 09:52:03,437 - processing started: 578_218 
2022-04-08 09:52:03,620 - processing completed: 578_218
2022-04-08 09:52:03,626 - processing started: 580_219 
2022-04-08 09:52:03,749 - processing completed: 580_219
2022-04-08 09:52:03,754 - processing started: 582_220 
2022-04-08 09:52:03,940 - processing completed: 582_220
2022-04-08 09:52:03,944 - processing started: 584_221 
2022-04-08 09:52:04,071 - processing completed: 584_221
2022-04-08 09:52:04,077 - processing started: 586_221 
2022-04-08 09:52:04,289 - processing completed: 586_221
2022-04-08 09:52:04,295 - processing started: 588_222 
2022-04-08 09:52:04,422 - processing completed: 588_222
2022-04-08 09:52:04,428 - processing started: 590_222 
2022-04-08 09:52:04,615 - processing completed: 590_222
2022-04-08 09:52:04,620 - processing started: 592_223 
2022-04-08 09:52:04,715 - processing completed: 592_223
2022-04-08 09:52:04,720 - processing started: 594_224 
2022-04-08 09:52:04,935 - processing completed: 594_224
2022-04-08 09:52:04,940 - processing started: 596_224 
2022-04-08 09:52:05,155 - processing completed: 596_224
2022-04-08 09:52:05,160 - processing started: 598_225 
2022-04-08 09:52:05,259 - processing completed: 598_225
2022-04-08 09:52:05,263 - processing started: 600_225 
2022-04-08 09:52:05,431 - processing completed: 600_225
2022-04-08 09:52:05,434 - processing started: 602_226 
2022-04-08 09:52:05,537 - processing completed: 602_226
2022-04-08 09:52:05,542 - processing started: 604_226 
2022-04-08 09:52:05,702 - processing completed: 604_226
2022-04-08 09:52:05,706 - processing started: 606_227 
2022-04-08 09:52:05,846 - processing completed: 606_227
2022-04-08 09:52:05,853 - processing started: 608_227 
2022-04-08 09:52:06,073 - processing completed: 608_227
2022-04-08 09:52:06,077 - processing started: 610_227 
2022-04-08 09:52:06,184 - processing completed: 610_227
2022-04-08 09:52:06,187 - processing started: 612_227 
2022-04-08 09:52:06,414 - processing completed: 612_227
2022-04-08 09:52:06,419 - processing started: 614_227 
2022-04-08 09:52:06,521 - processing completed: 614_227
2022-04-08 09:52:06,525 - processing started: 616_228 
2022-04-08 09:52:06,684 - processing completed: 616_228
2022-04-08 09:52:06,687 - processing started: 618_229 
2022-04-08 09:52:06,789 - processing completed: 618_229
2022-04-08 09:52:06,793 - processing started: 620_230 
2022-04-08 09:52:06,950 - processing completed: 620_230
2022-04-08 09:52:06,953 - processing started: 622_230 
2022-04-08 09:52:07,053 - processing completed: 622_230
2022-04-08 09:52:07,058 - processing started: 624_231 
2022-04-08 09:52:07,216 - processing completed: 624_231
2022-04-08 09:52:07,220 - processing started: 626_232 
2022-04-08 09:52:07,377 - processing completed: 626_232
2022-04-08 09:52:07,380 - processing started: 628_232 
2022-04-08 09:52:07,475 - processing completed: 628_232
2022-04-08 09:52:07,478 - processing started: 630_232 
2022-04-08 09:52:07,661 - processing completed: 630_232
2022-04-08 09:52:07,665 - processing started: 632_233 
2022-04-08 09:52:07,768 - processing completed: 632_233
2022-04-08 09:52:07,772 - processing started: 634_234 
2022-04-08 09:52:07,935 - processing completed: 634_234
2022-04-08 09:52:07,939 - processing started: 636_234 
2022-04-08 09:52:08,035 - processing completed: 636_234
2022-04-08 09:52:08,039 - processing started: 638_235 
2022-04-08 09:52:08,234 - processing completed: 638_235
2022-04-08 09:52:08,239 - processing started: 640_236 
2022-04-08 09:52:08,369 - processing completed: 640_236
2022-04-08 09:52:08,374 - processing started: 642_236 
2022-04-08 09:52:08,562 - processing completed: 642_236
2022-04-08 09:52:08,566 - processing started: 644_237 
2022-04-08 09:52:08,690 - processing completed: 644_237
2022-04-08 09:52:08,695 - processing started: 646_238 
2022-04-08 09:52:08,876 - processing completed: 646_238
2022-04-08 09:52:08,881 - processing started: 648_239 
2022-04-08 09:52:09,005 - processing completed: 648_239
2022-04-08 09:52:09,010 - processing started: 650_240 
2022-04-08 09:52:09,195 - processing completed: 650_240
2022-04-08 09:52:09,199 - processing started: 652_240 
2022-04-08 09:52:09,334 - processing completed: 652_240
2022-04-08 09:52:09,339 - processing started: 654_241 
2022-04-08 09:52:09,557 - processing completed: 654_241
2022-04-08 09:52:09,562 - processing started: 656_242 
2022-04-08 09:52:09,759 - processing completed: 656_242
2022-04-08 09:52:09,763 - processing started: 658_243 
2022-04-08 09:52:09,887 - processing completed: 658_243
2022-04-08 09:52:09,891 - processing started: 660_243 
2022-04-08 09:52:10,075 - processing completed: 660_243
2022-04-08 09:52:10,079 - processing started: 662_244 
2022-04-08 09:52:10,165 - processing completed: 662_244
2022-04-08 09:52:10,168 - processing started: 664_245 
2022-04-08 09:52:10,308 - processing completed: 664_245
2022-04-08 09:52:10,312 - processing started: 666_246 
2022-04-08 09:52:10,396 - processing completed: 666_246
2022-04-08 09:52:10,399 - processing started: 668_247 
2022-04-08 09:52:10,542 - processing completed: 668_247
2022-04-08 09:52:10,546 - processing started: 670_248 
2022-04-08 09:52:10,622 - processing completed: 670_248
2022-04-08 09:52:10,626 - processing started: 672_248 
2022-04-08 09:52:10,763 - processing completed: 672_248
2022-04-08 09:52:10,767 - processing started: 674_249 
2022-04-08 09:52:10,846 - processing completed: 674_249
2022-04-08 09:52:10,850 - processing started: 676_250 
2022-04-08 09:52:11,002 - processing completed: 676_250
2022-04-08 09:52:11,006 - processing started: 678_251 
2022-04-08 09:52:11,100 - processing completed: 678_251
2022-04-08 09:52:11,105 - processing started: 680_252 
2022-04-08 09:52:11,259 - processing completed: 680_252
2022-04-08 09:52:11,263 - processing started: 682_252 
2022-04-08 09:52:11,346 - processing completed: 682_252
2022-04-08 09:52:11,350 - processing started: 684_253 
2022-04-08 09:52:11,519 - processing completed: 684_253
2022-04-08 09:52:11,523 - processing started: 686_254 
2022-04-08 09:52:11,694 - processing completed: 686_254
2022-04-08 09:52:11,698 - processing started: 688_255 
2022-04-08 09:52:11,802 - processing completed: 688_255
2022-04-08 09:52:11,807 - processing started: 690_256 
2022-04-08 09:52:11,981 - processing completed: 690_256
2022-04-08 09:52:11,985 - processing started: 692_257 
2022-04-08 09:52:12,093 - processing completed: 692_257
2022-04-08 09:52:12,097 - processing started: 694_257 
2022-04-08 09:52:12,263 - processing completed: 694_257
2022-04-08 09:52:12,267 - processing started: 696_258 
2022-04-08 09:52:12,371 - processing completed: 696_258
2022-04-08 09:52:12,374 - processing started: 698_258 
2022-04-08 09:52:12,544 - processing completed: 698_258
2022-04-08 09:52:12,548 - processing started: 700_259 
2022-04-08 09:52:12,651 - processing completed: 700_259
2022-04-08 09:52:12,655 - processing started: 702_260 
2022-04-08 09:52:12,857 - processing completed: 702_260
2022-04-08 09:52:12,863 - processing started: 704_261 
2022-04-08 09:52:12,976 - processing completed: 704_261
2022-04-08 09:52:12,981 - processing started: 706_261 
2022-04-08 09:52:13,168 - processing completed: 706_261
2022-04-08 09:52:13,171 - processing started: 708_262 
2022-04-08 09:52:13,270 - processing completed: 708_262
2022-04-08 09:52:13,273 - processing started: 710_263 
2022-04-08 09:52:13,441 - processing completed: 710_263
2022-04-08 09:52:13,445 - processing started: 712_264 
2022-04-08 09:52:13,608 - processing completed: 712_264
2022-04-08 09:52:13,613 - processing started: 714_264 
2022-04-08 09:52:13,708 - processing completed: 714_264
2022-04-08 09:52:13,712 - processing started: 716_265 
2022-04-08 09:52:13,869 - processing completed: 716_265
2022-04-08 09:52:13,873 - processing started: 718_266 
2022-04-08 09:52:13,972 - processing completed: 718_266
2022-04-08 09:52:13,977 - processing started: 720_267 
2022-04-08 09:52:14,137 - processing completed: 720_267
2022-04-08 09:52:14,141 - processing started: 722_267 
2022-04-08 09:52:14,239 - processing completed: 722_267
2022-04-08 09:52:14,242 - processing started: 724_267 
2022-04-08 09:52:14,410 - processing completed: 724_267
2022-04-08 09:52:14,415 - processing started: 726_268 
2022-04-08 09:52:14,529 - processing completed: 726_268
2022-04-08 09:52:14,536 - processing started: 728_268 
2022-04-08 09:52:14,723 - processing completed: 728_268
2022-04-08 09:52:14,727 - processing started: 730_268 
2022-04-08 09:52:14,828 - processing completed: 730_268
2022-04-08 09:52:14,832 - processing started: 732_268 
2022-04-08 09:52:14,989 - processing completed: 732_268
2022-04-08 09:52:14,994 - processing started: 734_268 
2022-04-08 09:52:15,091 - processing completed: 734_268
2022-04-08 09:52:15,095 - processing started: 736_269 
2022-04-08 09:52:15,252 - processing completed: 736_269
2022-04-08 09:52:15,257 - processing started: 738_270 
2022-04-08 09:52:15,368 - processing completed: 738_270
2022-04-08 09:52:15,372 - processing started: 740_271 
2022-04-08 09:52:15,548 - processing completed: 740_271
2022-04-08 09:52:15,552 - processing started: 742_272 
2022-04-08 09:52:15,712 - processing completed: 742_272
2022-04-08 09:52:15,715 - processing started: 744_272 
2022-04-08 09:52:15,808 - processing completed: 744_272
2022-04-08 09:52:15,812 - processing started: 746_273 
2022-04-08 09:52:15,971 - processing completed: 746_273
2022-04-08 09:52:15,976 - processing started: 748_274 
2022-04-08 09:52:16,066 - processing completed: 748_274
2022-04-08 09:52:16,071 - processing started: 750_274 
2022-04-08 09:52:16,253 - processing completed: 750_274
2022-04-08 09:52:16,260 - processing started: 752_275 
2022-04-08 09:52:16,359 - processing completed: 752_275
2022-04-08 09:52:16,363 - processing started: 754_275 
2022-04-08 09:52:16,525 - processing completed: 754_275
2022-04-08 09:52:16,531 - processing started: 756_276 
2022-04-08 09:52:16,630 - processing completed: 756_276
2022-04-08 09:52:16,634 - processing started: 758_277 
2022-04-08 09:52:16,799 - processing completed: 758_277
2022-04-08 09:52:16,802 - processing started: 760_278 
2022-04-08 09:52:16,904 - processing completed: 760_278
2022-04-08 09:52:16,908 - processing started: 762_278 
2022-04-08 09:52:17,073 - processing completed: 762_278
2022-04-08 09:52:17,077 - processing started: 764_279 
2022-04-08 09:52:17,173 - processing completed: 764_279
2022-04-08 09:52:17,177 - processing started: 766_280 
2022-04-08 09:52:17,322 - processing completed: 766_280
2022-04-08 09:52:17,327 - processing started: 768_281 
2022-04-08 09:52:17,414 - processing completed: 768_281
2022-04-08 09:52:17,418 - processing started: 770_282 
2022-04-08 09:52:17,562 - processing completed: 770_282
2022-04-08 09:52:17,565 - processing started: 772_283 
2022-04-08 09:52:17,717 - processing completed: 772_283
2022-04-08 09:52:17,721 - processing started: 774_284 
2022-04-08 09:52:17,820 - processing completed: 774_284
2022-04-08 09:52:17,827 - processing started: 776_285 
2022-04-08 09:52:17,988 - processing completed: 776_285
2022-04-08 09:52:17,993 - processing started: 778_285 
2022-04-08 09:52:18,083 - processing completed: 778_285
2022-04-08 09:52:18,086 - processing started: 780_286 
2022-04-08 09:52:18,317 - processing completed: 780_286
2022-04-08 09:52:18,323 - processing started: 782_287 
2022-04-08 09:52:18,402 - processing completed: 782_287
2022-04-08 09:52:18,406 - processing started: 784_288 
2022-04-08 09:52:18,544 - processing completed: 784_288
2022-04-08 09:52:18,548 - processing started: 786_289 
2022-04-08 09:52:18,629 - processing completed: 786_289
2022-04-08 09:52:18,634 - processing started: 788_290 
2022-04-08 09:52:18,773 - processing completed: 788_290
2022-04-08 09:52:18,777 - processing started: 790_290 
2022-04-08 09:52:18,860 - processing completed: 790_290
2022-04-08 09:52:18,863 - processing started: 792_291 
2022-04-08 09:52:19,012 - processing completed: 792_291
2022-04-08 09:52:19,015 - processing started: 794_292 
2022-04-08 09:52:19,094 - processing completed: 794_292
2022-04-08 09:52:19,098 - processing started: 796_293 
2022-04-08 09:52:19,209 - processing completed: 796_293
2022-04-08 09:52:19,212 - processing started: 798_294 
2022-04-08 09:52:19,260 - processing completed: 798_294
2022-04-08 09:52:19,263 - processing started: 800_295 
2022-04-08 09:52:19,413 - processing completed: 800_295
2022-04-08 09:52:19,416 - processing started: 802_296 
2022-04-08 09:52:19,589 - processing completed: 802_296
2022-04-08 09:52:19,595 - processing started: 804_296 
2022-04-08 09:52:19,679 - processing completed: 804_296
2022-04-08 09:52:19,683 - processing started: 806_297 
2022-04-08 09:52:19,915 - processing completed: 806_297
2022-04-08 09:52:19,921 - processing started: 808_298 
2022-04-08 09:52:20,001 - processing completed: 808_298
2022-04-08 09:52:20,005 - processing started: 810_299 
2022-04-08 09:52:20,142 - processing completed: 810_299
2022-04-08 09:52:20,146 - processing started: 0_0 
2022-04-08 09:52:20,147 - Closing connection (200): Normal shutdown
2022-04-08 09:52:20,147 - Closing channel (200): 'Normal shutdown' on <Channel number=1 OPEN conn=<SelectConnection OPEN transport=<pika.adapters.utils.io_services_utils._AsyncPlaintextTransport object at 0x1219441c0> params=<ConnectionParameters host=localhost port=5672 virtual_host=/ ssl=False>>>
2022-04-08 09:52:20,148 - Received <Channel.CloseOk> on <Channel number=1 CLOSING conn=<SelectConnection OPEN transport=<pika.adapters.utils.io_services_utils._AsyncPlaintextTransport object at 0x1219441c0> params=<ConnectionParameters host=localhost port=5672 virtual_host=/ ssl=False>>>
2022-04-08 09:52:20,148 - Closing connection (200): 'Normal shutdown'
2022-04-08 09:52:20,148 - Aborting transport connection: state=1; <socket.socket fd=22, family=AddressFamily.AF_INET, type=SocketKind.SOCK_STREAM, proto=6, laddr=('127.0.0.1', 51248), raddr=('127.0.0.1', 5672)>
2022-04-08 09:52:20,149 - _AsyncTransportBase._initate_abort(): Initiating abrupt asynchronous transport shutdown: state=1; error=None; <socket.socket fd=22, family=AddressFamily.AF_INET, type=SocketKind.SOCK_STREAM, proto=6, laddr=('127.0.0.1', 51248), raddr=('127.0.0.1', 5672)>
2022-04-08 09:52:20,149 - Deactivating transport: state=1; <socket.socket fd=22, family=AddressFamily.AF_INET, type=SocketKind.SOCK_STREAM, proto=6, laddr=('127.0.0.1', 51248), raddr=('127.0.0.1', 5672)>
2022-04-08 09:52:20,149 - AMQP stack terminated, failed to connect, or aborted: opened=True, error-arg=None; pending-error=ConnectionClosedByClient: (200) 'Normal shutdown'
2022-04-08 09:52:20,149 - Stack terminated due to ConnectionClosedByClient: (200) 'Normal shutdown'
2022-04-08 09:52:20,149 - Closing transport socket and unlinking: state=3; <socket.socket fd=22, family=AddressFamily.AF_INET, type=SocketKind.SOCK_STREAM, proto=6, laddr=('127.0.0.1', 51248), raddr=('127.0.0.1', 5672)>
2022-04-08 09:52:20,149 - User-initiated close: result=BlockingConnection__OnClosedArgs(connection=<SelectConnection CLOSED transport=None params=<ConnectionParameters host=localhost port=5672 virtual_host=/ ssl=False>>, error=ConnectionClosedByClient: (200) 'Normal shutdown')
2022-04-08 09:52:20,150 - PID 77942 completed loading and processing
