2022-04-08 09:53:05,743 - PID 78338 started loading and processing
2022-04-08 09:53:05,750 - Pika version 1.2.0 connecting to ('::1', 5672, 0, 0)
2022-04-08 09:53:05,750 - Socket failed to connect: <socket.socket fd=22, family=AddressFamily.AF_INET6, type=SocketKind.SOCK_STREAM, proto=6, laddr=('::1', 51288, 0, 0)>; error=61 (Connection refused)
2022-04-08 09:53:05,750 - TCP Connection attempt failed: ConnectionRefusedError(61, 'Connection refused'); dest=(<AddressFamily.AF_INET6: 30>, <SocketKind.SOCK_STREAM: 1>, 6, '', ('::1', 5672, 0, 0))
2022-04-08 09:53:05,751 - AMQPConnector - reporting failure: AMQPConnectorSocketConnectError: ConnectionRefusedError(61, 'Connection refused')
2022-04-08 09:53:05,751 - Pika version 1.2.0 connecting to ('127.0.0.1', 5672)
2022-04-08 09:53:05,751 - Socket connected: <socket.socket fd=22, family=AddressFamily.AF_INET, type=SocketKind.SOCK_STREAM, proto=6, laddr=('127.0.0.1', 51290), raddr=('127.0.0.1', 5672)>
2022-04-08 09:53:05,752 - Streaming transport linked up: (<pika.adapters.utils.io_services_utils._AsyncPlaintextTransport object at 0x1213aed60>, _StreamingProtocolShim: <SelectConnection PROTOCOL transport=<pika.adapters.utils.io_services_utils._AsyncPlaintextTransport object at 0x1213aed60> params=<ConnectionParameters host=localhost port=5672 virtual_host=/ ssl=False>>).
2022-04-08 09:53:05,756 - AMQPConnector - reporting success: <SelectConnection OPEN transport=<pika.adapters.utils.io_services_utils._AsyncPlaintextTransport object at 0x1213aed60> params=<ConnectionParameters host=localhost port=5672 virtual_host=/ ssl=False>>
2022-04-08 09:53:05,756 - AMQPConnectionWorkflow - reporting success: <SelectConnection OPEN transport=<pika.adapters.utils.io_services_utils._AsyncPlaintextTransport object at 0x1213aed60> params=<ConnectionParameters host=localhost port=5672 virtual_host=/ ssl=False>>
2022-04-08 09:53:05,756 - Connection workflow succeeded: <SelectConnection OPEN transport=<pika.adapters.utils.io_services_utils._AsyncPlaintextTransport object at 0x1213aed60> params=<ConnectionParameters host=localhost port=5672 virtual_host=/ ssl=False>>
2022-04-08 09:53:05,757 - Created channel=1
2022-04-08 09:53:05,759 - Logging before start consuming
2022-04-08 09:53:06,360 - processing started: 1_000 
2022-04-08 09:53:06,557 - processing completed: 1_000
2022-04-08 09:53:06,580 - processing started: 3_001 
2022-04-08 09:53:06,788 - processing completed: 3_001
2022-04-08 09:53:06,795 - processing started: 5_002 
2022-04-08 09:53:06,999 - processing completed: 5_002
2022-04-08 09:53:07,005 - processing started: 7_003 
2022-04-08 09:53:07,156 - processing completed: 7_003
2022-04-08 09:53:07,161 - processing started: 9_003 
2022-04-08 09:53:07,392 - processing completed: 9_003
2022-04-08 09:53:07,397 - processing started: 11_004 
2022-04-08 09:53:07,435 - processing completed: 11_004
2022-04-08 09:53:07,437 - processing started: 13_005 
2022-04-08 09:53:07,670 - processing completed: 13_005
2022-04-08 09:53:07,676 - processing started: 15_005 
2022-04-08 09:53:07,851 - processing completed: 15_005
2022-04-08 09:53:07,856 - processing started: 17_006 
2022-04-08 09:53:08,001 - processing completed: 17_006
2022-04-08 09:53:08,004 - processing started: 19_007 
2022-04-08 09:53:08,163 - processing completed: 19_007
2022-04-08 09:53:08,170 - processing started: 21_008 
2022-04-08 09:53:08,388 - processing completed: 21_008
2022-04-08 09:53:08,394 - processing started: 23_009 
2022-04-08 09:53:08,569 - processing completed: 23_009
2022-04-08 09:53:08,576 - processing started: 25_010 
2022-04-08 09:53:08,814 - processing completed: 25_010
2022-04-08 09:53:08,820 - processing started: 27_011 
2022-04-08 09:53:09,003 - processing completed: 27_011
2022-04-08 09:53:09,009 - processing started: 29_012 
2022-04-08 09:53:09,138 - processing completed: 29_012
2022-04-08 09:53:09,141 - processing started: 31_013 
2022-04-08 09:53:09,282 - processing completed: 31_013
2022-04-08 09:53:09,286 - processing started: 33_014 
2022-04-08 09:53:09,452 - processing completed: 33_014
2022-04-08 09:53:09,457 - processing started: 35_014 
2022-04-08 09:53:09,612 - processing completed: 35_014
2022-04-08 09:53:09,616 - processing started: 37_014 
2022-04-08 09:53:09,710 - processing completed: 37_014
2022-04-08 09:53:09,714 - processing started: 39_015 
2022-04-08 09:53:09,888 - processing completed: 39_015
2022-04-08 09:53:09,893 - processing started: 41_015 
2022-04-08 09:53:09,995 - processing completed: 41_015
2022-04-08 09:53:09,999 - processing started: 43_016 
2022-04-08 09:53:10,175 - processing completed: 43_016
2022-04-08 09:53:10,180 - processing started: 45_017 
2022-04-08 09:53:10,296 - processing completed: 45_017
2022-04-08 09:53:10,301 - processing started: 47_017 
2022-04-08 09:53:10,484 - processing completed: 47_017
2022-04-08 09:53:10,490 - processing started: 49_018 
2022-04-08 09:53:10,585 - processing completed: 49_018
2022-04-08 09:53:10,589 - processing started: 51_019 
2022-04-08 09:53:10,758 - processing completed: 51_019
2022-04-08 09:53:10,762 - processing started: 53_020 
2022-04-08 09:53:10,860 - processing completed: 53_020
2022-04-08 09:53:10,865 - processing started: 55_021 
2022-04-08 09:53:11,031 - processing completed: 55_021
2022-04-08 09:53:11,036 - processing started: 57_022 
2022-04-08 09:53:11,141 - processing completed: 57_022
2022-04-08 09:53:11,145 - processing started: 59_023 
2022-04-08 09:53:11,308 - processing completed: 59_023
2022-04-08 09:53:11,312 - processing started: 61_023 
2022-04-08 09:53:11,402 - processing completed: 61_023
2022-04-08 09:53:11,405 - processing started: 63_024 
2022-04-08 09:53:11,569 - processing completed: 63_024
2022-04-08 09:53:11,573 - processing started: 65_024 
2022-04-08 09:53:11,753 - processing completed: 65_024
2022-04-08 09:53:11,758 - processing started: 67_025 
2022-04-08 09:53:11,860 - processing completed: 67_025
2022-04-08 09:53:11,864 - processing started: 69_026 
2022-04-08 09:53:12,027 - processing completed: 69_026
2022-04-08 09:53:12,031 - processing started: 71_027 
2022-04-08 09:53:12,123 - processing completed: 71_027
2022-04-08 09:53:12,128 - processing started: 73_028 
2022-04-08 09:53:12,272 - processing completed: 73_028
2022-04-08 09:53:12,276 - processing started: 75_029 
2022-04-08 09:53:12,371 - processing completed: 75_029
2022-04-08 09:53:12,375 - processing started: 77_030 
2022-04-08 09:53:12,524 - processing completed: 77_030
2022-04-08 09:53:12,527 - processing started: 79_030 
2022-04-08 09:53:12,619 - processing completed: 79_030
2022-04-08 09:53:12,623 - processing started: 81_031 
2022-04-08 09:53:12,786 - processing completed: 81_031
2022-04-08 09:53:12,789 - processing started: 83_032 
2022-04-08 09:53:12,932 - processing completed: 83_032
2022-04-08 09:53:12,937 - processing started: 85_032 
2022-04-08 09:53:13,164 - processing completed: 85_032
2022-04-08 09:53:13,171 - processing started: 87_032 
2022-04-08 09:53:13,335 - processing completed: 87_032
2022-04-08 09:53:13,340 - processing started: 89_033 
2022-04-08 09:53:13,515 - processing completed: 89_033
2022-04-08 09:53:13,519 - processing started: 91_033 
2022-04-08 09:53:13,630 - processing completed: 91_033
2022-04-08 09:53:13,635 - processing started: 93_034 
2022-04-08 09:53:13,806 - processing completed: 93_034
2022-04-08 09:53:13,810 - processing started: 95_035 
2022-04-08 09:53:13,987 - processing completed: 95_035
2022-04-08 09:53:13,991 - processing started: 97_035 
2022-04-08 09:53:14,102 - processing completed: 97_035
2022-04-08 09:53:14,105 - processing started: 99_036 
2022-04-08 09:53:14,283 - processing completed: 99_036
2022-04-08 09:53:14,287 - processing started: 101_037 
2022-04-08 09:53:14,405 - processing completed: 101_037
2022-04-08 09:53:14,409 - processing started: 103_037 
2022-04-08 09:53:14,586 - processing completed: 103_037
2022-04-08 09:53:14,590 - processing started: 105_038 
2022-04-08 09:53:14,703 - processing completed: 105_038
2022-04-08 09:53:14,707 - processing started: 107_039 
2022-04-08 09:53:14,919 - processing completed: 107_039
2022-04-08 09:53:14,923 - processing started: 109_040 
2022-04-08 09:53:15,044 - processing completed: 109_040
2022-04-08 09:53:15,048 - processing started: 111_040 
2022-04-08 09:53:15,233 - processing completed: 111_040
2022-04-08 09:53:15,237 - processing started: 113_040 
2022-04-08 09:53:15,353 - processing completed: 113_040
2022-04-08 09:53:15,357 - processing started: 115_040 
2022-04-08 09:53:15,534 - processing completed: 115_040
2022-04-08 09:53:15,538 - processing started: 117_041 
2022-04-08 09:53:15,660 - processing completed: 117_041
2022-04-08 09:53:15,665 - processing started: 119_042 
2022-04-08 09:53:15,841 - processing completed: 119_042
2022-04-08 09:53:15,846 - processing started: 121_042 
2022-04-08 09:53:15,966 - processing completed: 121_042
2022-04-08 09:53:15,970 - processing started: 123_043 
2022-04-08 09:53:16,145 - processing completed: 123_043
2022-04-08 09:53:16,149 - processing started: 125_044 
2022-04-08 09:53:16,323 - processing completed: 125_044
2022-04-08 09:53:16,327 - processing started: 127_045 
2022-04-08 09:53:16,442 - processing completed: 127_045
2022-04-08 09:53:16,447 - processing started: 129_045 
2022-04-08 09:53:16,658 - processing completed: 129_045
2022-04-08 09:53:16,662 - processing started: 131_046 
2022-04-08 09:53:16,782 - processing completed: 131_046
2022-04-08 09:53:16,787 - processing started: 133_047 
2022-04-08 09:53:16,979 - processing completed: 133_047
2022-04-08 09:53:16,984 - processing started: 135_048 
2022-04-08 09:53:17,100 - processing completed: 135_048
2022-04-08 09:53:17,104 - processing started: 137_049 
2022-04-08 09:53:17,290 - processing completed: 137_049
2022-04-08 09:53:17,294 - processing started: 139_049 
2022-04-08 09:53:17,416 - processing completed: 139_049
2022-04-08 09:53:17,421 - processing started: 141_050 
2022-04-08 09:53:17,603 - processing completed: 141_050
2022-04-08 09:53:17,607 - processing started: 143_051 
2022-04-08 09:53:17,721 - processing completed: 143_051
2022-04-08 09:53:17,724 - processing started: 145_051 
2022-04-08 09:53:17,893 - processing completed: 145_051
2022-04-08 09:53:17,897 - processing started: 147_051 
2022-04-08 09:53:18,011 - processing completed: 147_051
2022-04-08 09:53:18,015 - processing started: 149_052 
2022-04-08 09:53:18,185 - processing completed: 149_052
2022-04-08 09:53:18,188 - processing started: 151_053 
2022-04-08 09:53:18,300 - processing completed: 151_053
2022-04-08 09:53:18,308 - processing started: 153_054 
2022-04-08 09:53:18,504 - processing completed: 153_054
2022-04-08 09:53:18,508 - processing started: 155_055 
2022-04-08 09:53:18,694 - processing completed: 155_055
2022-04-08 09:53:18,698 - processing started: 157_056 
2022-04-08 09:53:18,815 - processing completed: 157_056
2022-04-08 09:53:18,820 - processing started: 159_057 
2022-04-08 09:53:18,988 - processing completed: 159_057
2022-04-08 09:53:18,992 - processing started: 161_058 
2022-04-08 09:53:19,164 - processing completed: 161_058
2022-04-08 09:53:19,170 - processing started: 163_059 
2022-04-08 09:53:19,339 - processing completed: 163_059
2022-04-08 09:53:19,343 - processing started: 165_060 
2022-04-08 09:53:19,447 - processing completed: 165_060
2022-04-08 09:53:19,452 - processing started: 167_060 
2022-04-08 09:53:19,621 - processing completed: 167_060
2022-04-08 09:53:19,624 - processing started: 169_061 
2022-04-08 09:53:19,733 - processing completed: 169_061
2022-04-08 09:53:19,737 - processing started: 171_062 
2022-04-08 09:53:19,904 - processing completed: 171_062
2022-04-08 09:53:19,908 - processing started: 173_063 
2022-04-08 09:53:20,152 - processing completed: 173_063
2022-04-08 09:53:20,159 - processing started: 175_064 
2022-04-08 09:53:20,437 - processing completed: 175_064
2022-04-08 09:53:20,444 - processing started: 177_064 
2022-04-08 09:53:20,653 - processing completed: 177_064
2022-04-08 09:53:20,659 - processing started: 179_065 
2022-04-08 09:53:20,927 - processing completed: 179_065
2022-04-08 09:53:20,934 - processing started: 181_066 
2022-04-08 09:53:21,214 - processing completed: 181_066
2022-04-08 09:53:21,221 - processing started: 183_066 
2022-04-08 09:53:21,430 - processing completed: 183_066
2022-04-08 09:53:21,437 - processing started: 185_066 
2022-04-08 09:53:21,739 - processing completed: 185_066
2022-04-08 09:53:21,746 - processing started: 187_066 
2022-04-08 09:53:21,913 - processing completed: 187_066
2022-04-08 09:53:21,919 - processing started: 189_067 
2022-04-08 09:53:22,201 - processing completed: 189_067
2022-04-08 09:53:22,208 - processing started: 191_067 
2022-04-08 09:53:22,421 - processing completed: 191_067
2022-04-08 09:53:22,429 - processing started: 193_068 
2022-04-08 09:53:22,636 - processing completed: 193_068
2022-04-08 09:53:22,641 - processing started: 195_069 
2022-04-08 09:53:22,785 - processing completed: 195_069
2022-04-08 09:53:22,790 - processing started: 197_069 
2022-04-08 09:53:22,997 - processing completed: 197_069
2022-04-08 09:53:23,002 - processing started: 199_070 
2022-04-08 09:53:23,208 - processing completed: 199_070
2022-04-08 09:53:23,215 - processing started: 201_071 
2022-04-08 09:53:23,520 - processing completed: 201_071
2022-04-08 09:53:23,526 - processing started: 203_072 
2022-04-08 09:53:23,734 - processing completed: 203_072
2022-04-08 09:53:23,740 - processing started: 205_072 
2022-04-08 09:53:24,006 - processing completed: 205_072
2022-04-08 09:53:24,013 - processing started: 207_073 
2022-04-08 09:53:24,210 - processing completed: 207_073
2022-04-08 09:53:24,217 - processing started: 209_074 
2022-04-08 09:53:24,491 - processing completed: 209_074
2022-04-08 09:53:24,498 - processing started: 211_075 
2022-04-08 09:53:24,784 - processing completed: 211_075
2022-04-08 09:53:24,791 - processing started: 213_076 
2022-04-08 09:53:25,021 - processing completed: 213_076
2022-04-08 09:53:25,028 - processing started: 215_077 
2022-04-08 09:53:25,251 - processing completed: 215_077
2022-04-08 09:53:25,257 - processing started: 217_077 
2022-04-08 09:53:25,468 - processing completed: 217_077
2022-04-08 09:53:25,474 - processing started: 219_078 
2022-04-08 09:53:25,745 - processing completed: 219_078
2022-04-08 09:53:25,752 - processing started: 221_079 
2022-04-08 09:53:25,957 - processing completed: 221_079
2022-04-08 09:53:25,964 - processing started: 223_080 
2022-04-08 09:53:26,124 - processing completed: 223_080
2022-04-08 09:53:26,130 - processing started: 225_081 
2022-04-08 09:53:26,259 - processing completed: 225_081
2022-04-08 09:53:26,263 - processing started: 227_081 
2022-04-08 09:53:26,451 - processing completed: 227_081
2022-04-08 09:53:26,456 - processing started: 229_081 
2022-04-08 09:53:26,582 - processing completed: 229_081
2022-04-08 09:53:26,588 - processing started: 231_081 
2022-04-08 09:53:26,803 - processing completed: 231_081
2022-04-08 09:53:26,809 - processing started: 233_082 
2022-04-08 09:53:26,937 - processing completed: 233_082
2022-04-08 09:53:26,944 - processing started: 235_082 
2022-04-08 09:53:27,137 - processing completed: 235_082
2022-04-08 09:53:27,142 - processing started: 237_083 
2022-04-08 09:53:27,268 - processing completed: 237_083
2022-04-08 09:53:27,272 - processing started: 239_084 
2022-04-08 09:53:27,456 - processing completed: 239_084
2022-04-08 09:53:27,462 - processing started: 241_085 
2022-04-08 09:53:27,650 - processing completed: 241_085
2022-04-08 09:53:27,654 - processing started: 243_086 
2022-04-08 09:53:27,806 - processing completed: 243_086
2022-04-08 09:53:27,811 - processing started: 245_087 
2022-04-08 09:53:28,000 - processing completed: 245_087
2022-04-08 09:53:28,005 - processing started: 247_088 
2022-04-08 09:53:28,133 - processing completed: 247_088
2022-04-08 09:53:28,139 - processing started: 249_089 
2022-04-08 09:53:28,308 - processing completed: 249_089
2022-04-08 09:53:28,313 - processing started: 251_089 
2022-04-08 09:53:28,407 - processing completed: 251_089
2022-04-08 09:53:28,415 - processing started: 253_090 
2022-04-08 09:53:28,595 - processing completed: 253_090
2022-04-08 09:53:28,601 - processing started: 255_091 
2022-04-08 09:53:28,686 - processing completed: 255_091
2022-04-08 09:53:28,692 - processing started: 257_092 
2022-04-08 09:53:28,834 - processing completed: 257_092
2022-04-08 09:53:28,838 - processing started: 259_093 
2022-04-08 09:53:28,936 - processing completed: 259_093
2022-04-08 09:53:28,940 - processing started: 261_094 
2022-04-08 09:53:29,095 - processing completed: 261_094
2022-04-08 09:53:29,100 - processing started: 263_095 
2022-04-08 09:53:29,197 - processing completed: 263_095
2022-04-08 09:53:29,201 - processing started: 265_096 
2022-04-08 09:53:29,359 - processing completed: 265_096
2022-04-08 09:53:29,364 - processing started: 267_097 
2022-04-08 09:53:29,460 - processing completed: 267_097
2022-04-08 09:53:29,464 - processing started: 269_098 
2022-04-08 09:53:29,623 - processing completed: 269_098
2022-04-08 09:53:29,629 - processing started: 271_098 
2022-04-08 09:53:29,798 - processing completed: 271_098
2022-04-08 09:53:29,801 - processing started: 273_099 
2022-04-08 09:53:29,883 - processing completed: 273_099
2022-04-08 09:53:29,888 - processing started: 275_100 
2022-04-08 09:53:30,110 - processing completed: 275_100
2022-04-08 09:53:30,117 - processing started: 277_101 
2022-04-08 09:53:30,209 - processing completed: 277_101
2022-04-08 09:53:30,213 - processing started: 279_102 
2022-04-08 09:53:30,367 - processing completed: 279_102
2022-04-08 09:53:30,371 - processing started: 281_103 
2022-04-08 09:53:30,459 - processing completed: 281_103
2022-04-08 09:53:30,462 - processing started: 283_104 
2022-04-08 09:53:30,605 - processing completed: 283_104
2022-04-08 09:53:30,609 - processing started: 285_105 
2022-04-08 09:53:30,695 - processing completed: 285_105
2022-04-08 09:53:30,700 - processing started: 287_106 
2022-04-08 09:53:30,843 - processing completed: 287_106
2022-04-08 09:53:30,847 - processing started: 289_107 
2022-04-08 09:53:30,930 - processing completed: 289_107
2022-04-08 09:53:30,935 - processing started: 291_107 
2022-04-08 09:53:31,079 - processing completed: 291_107
2022-04-08 09:53:31,082 - processing started: 293_108 
2022-04-08 09:53:31,163 - processing completed: 293_108
2022-04-08 09:53:31,166 - processing started: 295_109 
2022-04-08 09:53:31,302 - processing completed: 295_109
2022-04-08 09:53:31,307 - processing started: 297_110 
2022-04-08 09:53:31,389 - processing completed: 297_110
2022-04-08 09:53:31,394 - processing started: 299_110 
2022-04-08 09:53:31,538 - processing completed: 299_110
2022-04-08 09:53:31,541 - processing started: 301_111 
2022-04-08 09:53:31,721 - processing completed: 301_111
2022-04-08 09:53:31,726 - processing started: 303_112 
2022-04-08 09:53:31,823 - processing completed: 303_112
2022-04-08 09:53:31,830 - processing started: 305_113 
2022-04-08 09:53:31,978 - processing completed: 305_113
2022-04-08 09:53:31,982 - processing started: 307_114 
2022-04-08 09:53:32,110 - processing completed: 307_114
2022-04-08 09:53:32,115 - processing started: 309_115 
2022-04-08 09:53:32,305 - processing completed: 309_115
2022-04-08 09:53:32,310 - processing started: 311_116 
2022-04-08 09:53:32,433 - processing completed: 311_116
2022-04-08 09:53:32,438 - processing started: 313_117 
2022-04-08 09:53:32,625 - processing completed: 313_117
2022-04-08 09:53:32,629 - processing started: 315_117 
2022-04-08 09:53:32,752 - processing completed: 315_117
2022-04-08 09:53:32,758 - processing started: 317_118 
2022-04-08 09:53:32,947 - processing completed: 317_118
2022-04-08 09:53:32,953 - processing started: 319_119 
2022-04-08 09:53:33,078 - processing completed: 319_119
2022-04-08 09:53:33,083 - processing started: 321_120 
2022-04-08 09:53:33,238 - processing completed: 321_120
2022-04-08 09:53:33,243 - processing started: 323_120 
2022-04-08 09:53:33,338 - processing completed: 323_120
2022-04-08 09:53:33,341 - processing started: 325_121 
2022-04-08 09:53:33,546 - processing completed: 325_121
2022-04-08 09:53:33,553 - processing started: 327_122 
2022-04-08 09:53:33,686 - processing completed: 327_122
2022-04-08 09:53:33,691 - processing started: 329_123 
2022-04-08 09:53:33,878 - processing completed: 329_123
2022-04-08 09:53:33,884 - processing started: 331_124 
2022-04-08 09:53:34,079 - processing completed: 331_124
2022-04-08 09:53:34,084 - processing started: 333_124 
2022-04-08 09:53:34,210 - processing completed: 333_124
2022-04-08 09:53:34,215 - processing started: 335_124 
2022-04-08 09:53:34,401 - processing completed: 335_124
2022-04-08 09:53:34,407 - processing started: 337_124 
2022-04-08 09:53:34,531 - processing completed: 337_124
2022-04-08 09:53:34,536 - processing started: 339_124 
2022-04-08 09:53:34,726 - processing completed: 339_124
2022-04-08 09:53:34,732 - processing started: 341_125 
2022-04-08 09:53:34,858 - processing completed: 341_125
2022-04-08 09:53:34,863 - processing started: 343_126 
2022-04-08 09:53:35,056 - processing completed: 343_126
2022-04-08 09:53:35,062 - processing started: 345_127 
2022-04-08 09:53:35,213 - processing completed: 345_127
2022-04-08 09:53:35,219 - processing started: 347_128 
2022-04-08 09:53:35,413 - processing completed: 347_128
2022-04-08 09:53:35,418 - processing started: 349_129 
2022-04-08 09:53:35,543 - processing completed: 349_129
2022-04-08 09:53:35,548 - processing started: 351_129 
2022-04-08 09:53:35,731 - processing completed: 351_129
2022-04-08 09:53:35,736 - processing started: 353_130 
2022-04-08 09:53:35,860 - processing completed: 353_130
2022-04-08 09:53:35,866 - processing started: 355_131 
2022-04-08 09:53:36,049 - processing completed: 355_131
2022-04-08 09:53:36,054 - processing started: 357_132 
2022-04-08 09:53:36,182 - processing completed: 357_132
2022-04-08 09:53:36,187 - processing started: 359_133 
2022-04-08 09:53:36,375 - processing completed: 359_133
2022-04-08 09:53:36,381 - processing started: 361_134 
2022-04-08 09:53:36,567 - processing completed: 361_134
2022-04-08 09:53:36,572 - processing started: 363_134 
2022-04-08 09:53:36,697 - processing completed: 363_134
2022-04-08 09:53:36,702 - processing started: 365_135 
2022-04-08 09:53:36,911 - processing completed: 365_135
2022-04-08 09:53:36,917 - processing started: 367_135 
2022-04-08 09:53:37,043 - processing completed: 367_135
2022-04-08 09:53:37,048 - processing started: 369_136 
2022-04-08 09:53:37,250 - processing completed: 369_136
2022-04-08 09:53:37,255 - processing started: 371_137 
2022-04-08 09:53:37,376 - processing completed: 371_137
2022-04-08 09:53:37,381 - processing started: 373_138 
2022-04-08 09:53:37,563 - processing completed: 373_138
2022-04-08 09:53:37,568 - processing started: 375_139 
2022-04-08 09:53:37,694 - processing completed: 375_139
2022-04-08 09:53:37,700 - processing started: 377_140 
2022-04-08 09:53:37,885 - processing completed: 377_140
2022-04-08 09:53:37,890 - processing started: 379_141 
2022-04-08 09:53:38,013 - processing completed: 379_141
2022-04-08 09:53:38,018 - processing started: 381_142 
2022-04-08 09:53:38,208 - processing completed: 381_142
2022-04-08 09:53:38,212 - processing started: 383_143 
2022-04-08 09:53:38,338 - processing completed: 383_143
2022-04-08 09:53:38,344 - processing started: 385_144 
2022-04-08 09:53:38,552 - processing completed: 385_144
2022-04-08 09:53:38,558 - processing started: 387_144 
2022-04-08 09:53:38,696 - processing completed: 387_144
2022-04-08 09:53:38,702 - processing started: 389_145 
2022-04-08 09:53:38,892 - processing completed: 389_145
2022-04-08 09:53:38,897 - processing started: 391_145 
2022-04-08 09:53:39,085 - processing completed: 391_145
2022-04-08 09:53:39,091 - processing started: 393_146 
2022-04-08 09:53:39,216 - processing completed: 393_146
2022-04-08 09:53:39,221 - processing started: 395_147 
2022-04-08 09:53:39,408 - processing completed: 395_147
2022-04-08 09:53:39,413 - processing started: 397_147 
2022-04-08 09:53:39,537 - processing completed: 397_147
2022-04-08 09:53:39,543 - processing started: 399_148 
2022-04-08 09:53:39,727 - processing completed: 399_148
2022-04-08 09:53:39,732 - processing started: 401_149 
2022-04-08 09:53:39,858 - processing completed: 401_149
2022-04-08 09:53:39,863 - processing started: 403_149 
2022-04-08 09:53:40,050 - processing completed: 403_149
2022-04-08 09:53:40,055 - processing started: 405_150 
2022-04-08 09:53:40,192 - processing completed: 405_150
2022-04-08 09:53:40,198 - processing started: 407_151 
2022-04-08 09:53:40,416 - processing completed: 407_151
2022-04-08 09:53:40,420 - processing started: 409_152 
2022-04-08 09:53:40,550 - processing completed: 409_152
2022-04-08 09:53:40,555 - processing started: 411_153 
2022-04-08 09:53:40,767 - processing completed: 411_153
2022-04-08 09:53:40,772 - processing started: 413_154 
2022-04-08 09:53:40,896 - processing completed: 413_154
2022-04-08 09:53:40,900 - processing started: 415_155 
2022-04-08 09:53:41,083 - processing completed: 415_155
2022-04-08 09:53:41,088 - processing started: 417_156 
2022-04-08 09:53:41,214 - processing completed: 417_156
2022-04-08 09:53:41,218 - processing started: 419_156 
2022-04-08 09:53:41,404 - processing completed: 419_156
2022-04-08 09:53:41,409 - processing started: 421_157 
2022-04-08 09:53:41,595 - processing completed: 421_157
2022-04-08 09:53:41,599 - processing started: 423_158 
2022-04-08 09:53:41,722 - processing completed: 423_158
2022-04-08 09:53:41,727 - processing started: 425_159 
2022-04-08 09:53:41,928 - processing completed: 425_159
2022-04-08 09:53:41,933 - processing started: 427_159 
2022-04-08 09:53:42,065 - processing completed: 427_159
2022-04-08 09:53:42,071 - processing started: 429_160 
2022-04-08 09:53:42,264 - processing completed: 429_160
2022-04-08 09:53:42,268 - processing started: 431_161 
2022-04-08 09:53:42,396 - processing completed: 431_161
2022-04-08 09:53:42,400 - processing started: 433_162 
2022-04-08 09:53:42,582 - processing completed: 433_162
2022-04-08 09:53:42,586 - processing started: 435_163 
2022-04-08 09:53:42,712 - processing completed: 435_163
2022-04-08 09:53:42,717 - processing started: 437_164 
2022-04-08 09:53:42,899 - processing completed: 437_164
2022-04-08 09:53:42,905 - processing started: 439_164 
2022-04-08 09:53:43,029 - processing completed: 439_164
2022-04-08 09:53:43,034 - processing started: 441_165 
2022-04-08 09:53:43,216 - processing completed: 441_165
2022-04-08 09:53:43,222 - processing started: 443_166 
2022-04-08 09:53:43,348 - processing completed: 443_166
2022-04-08 09:53:43,353 - processing started: 445_167 
2022-04-08 09:53:43,575 - processing completed: 445_167
2022-04-08 09:53:43,584 - processing started: 447_167 
2022-04-08 09:53:43,794 - processing completed: 447_167
2022-04-08 09:53:43,800 - processing started: 449_168 
2022-04-08 09:53:43,926 - processing completed: 449_168
2022-04-08 09:53:43,931 - processing started: 451_168 
2022-04-08 09:53:44,116 - processing completed: 451_168
2022-04-08 09:53:44,121 - processing started: 453_169 
2022-04-08 09:53:44,244 - processing completed: 453_169
2022-04-08 09:53:44,249 - processing started: 455_170 
2022-04-08 09:53:44,437 - processing completed: 455_170
2022-04-08 09:53:44,441 - processing started: 457_171 
2022-04-08 09:53:44,566 - processing completed: 457_171
2022-04-08 09:53:44,572 - processing started: 459_172 
2022-04-08 09:53:44,762 - processing completed: 459_172
2022-04-08 09:53:44,768 - processing started: 461_173 
2022-04-08 09:53:44,892 - processing completed: 461_173
2022-04-08 09:53:44,896 - processing started: 463_173 
2022-04-08 09:53:45,089 - processing completed: 463_173
2022-04-08 09:53:45,095 - processing started: 465_174 
2022-04-08 09:53:45,243 - processing completed: 465_174
2022-04-08 09:53:45,247 - processing started: 467_174 
2022-04-08 09:53:45,448 - processing completed: 467_174
2022-04-08 09:53:45,452 - processing started: 469_175 
2022-04-08 09:53:45,580 - processing completed: 469_175
2022-04-08 09:53:45,585 - processing started: 471_176 
2022-04-08 09:53:45,773 - processing completed: 471_176
2022-04-08 09:53:45,778 - processing started: 473_177 
2022-04-08 09:53:45,903 - processing completed: 473_177
2022-04-08 09:53:45,907 - processing started: 475_178 
2022-04-08 09:53:46,089 - processing completed: 475_178
2022-04-08 09:53:46,093 - processing started: 477_179 
2022-04-08 09:53:46,281 - processing completed: 477_179
2022-04-08 09:53:46,285 - processing started: 479_180 
2022-04-08 09:53:46,410 - processing completed: 479_180
2022-04-08 09:53:46,415 - processing started: 481_180 
2022-04-08 09:53:46,600 - processing completed: 481_180
2022-04-08 09:53:46,604 - processing started: 483_181 
2022-04-08 09:53:46,728 - processing completed: 483_181
2022-04-08 09:53:46,732 - processing started: 485_182 
2022-04-08 09:53:46,928 - processing completed: 485_182
2022-04-08 09:53:46,932 - processing started: 487_182 
2022-04-08 09:53:47,076 - processing completed: 487_182
2022-04-08 09:53:47,081 - processing started: 489_183 
2022-04-08 09:53:47,275 - processing completed: 489_183
2022-04-08 09:53:47,280 - processing started: 491_183 
2022-04-08 09:53:47,409 - processing completed: 491_183
2022-04-08 09:53:47,414 - processing started: 493_184 
2022-04-08 09:53:47,595 - processing completed: 493_184
2022-04-08 09:53:47,600 - processing started: 495_185 
2022-04-08 09:53:47,725 - processing completed: 495_185
2022-04-08 09:53:47,730 - processing started: 497_186 
2022-04-08 09:53:47,918 - processing completed: 497_186
2022-04-08 09:53:47,923 - processing started: 499_187 
2022-04-08 09:53:48,046 - processing completed: 499_187
2022-04-08 09:53:48,051 - processing started: 501_188 
2022-04-08 09:53:48,233 - processing completed: 501_188
2022-04-08 09:53:48,238 - processing started: 503_188 
2022-04-08 09:53:48,363 - processing completed: 503_188
2022-04-08 09:53:48,369 - processing started: 505_189 
2022-04-08 09:53:48,524 - processing completed: 505_189
2022-04-08 09:53:48,529 - processing started: 507_190 
2022-04-08 09:53:48,741 - processing completed: 507_190
2022-04-08 09:53:48,748 - processing started: 509_191 
2022-04-08 09:53:48,887 - processing completed: 509_191
2022-04-08 09:53:48,894 - processing started: 511_192 
2022-04-08 09:53:49,085 - processing completed: 511_192
2022-04-08 09:53:49,089 - processing started: 513_192 
2022-04-08 09:53:49,214 - processing completed: 513_192
2022-04-08 09:53:49,218 - processing started: 515_193 
2022-04-08 09:53:49,403 - processing completed: 515_193
2022-04-08 09:53:49,408 - processing started: 517_194 
2022-04-08 09:53:49,533 - processing completed: 517_194
2022-04-08 09:53:49,538 - processing started: 519_195 
2022-04-08 09:53:49,722 - processing completed: 519_195
2022-04-08 09:53:49,726 - processing started: 521_196 
2022-04-08 09:53:49,850 - processing completed: 521_196
2022-04-08 09:53:49,855 - processing started: 523_196 
2022-04-08 09:53:50,040 - processing completed: 523_196
2022-04-08 09:53:50,046 - processing started: 525_196 
2022-04-08 09:53:50,176 - processing completed: 525_196
2022-04-08 09:53:50,181 - processing started: 527_197 
2022-04-08 09:53:50,388 - processing completed: 527_197
2022-04-08 09:53:50,393 - processing started: 529_197 
2022-04-08 09:53:50,525 - processing completed: 529_197
2022-04-08 09:53:50,530 - processing started: 531_197 
2022-04-08 09:53:50,729 - processing completed: 531_197
2022-04-08 09:53:50,734 - processing started: 533_198 
2022-04-08 09:53:50,858 - processing completed: 533_198
2022-04-08 09:53:50,862 - processing started: 535_199 
2022-04-08 09:53:51,046 - processing completed: 535_199
2022-04-08 09:53:51,052 - processing started: 537_200 
2022-04-08 09:53:51,241 - processing completed: 537_200
2022-04-08 09:53:51,247 - processing started: 539_201 
2022-04-08 09:53:51,370 - processing completed: 539_201
2022-04-08 09:53:51,375 - processing started: 541_202 
2022-04-08 09:53:51,560 - processing completed: 541_202
2022-04-08 09:53:51,566 - processing started: 543_203 
2022-04-08 09:53:51,690 - processing completed: 543_203
2022-04-08 09:53:51,695 - processing started: 545_204 
2022-04-08 09:53:51,878 - processing completed: 545_204
2022-04-08 09:53:51,883 - processing started: 547_205 
2022-04-08 09:53:52,016 - processing completed: 547_205
2022-04-08 09:53:52,021 - processing started: 549_206 
2022-04-08 09:53:52,239 - processing completed: 549_206
2022-04-08 09:53:52,245 - processing started: 551_207 
2022-04-08 09:53:52,374 - processing completed: 551_207
2022-04-08 09:53:52,380 - processing started: 553_207 
2022-04-08 09:53:52,567 - processing completed: 553_207
2022-04-08 09:53:52,573 - processing started: 555_208 
2022-04-08 09:53:52,697 - processing completed: 555_208
2022-04-08 09:53:52,703 - processing started: 557_209 
2022-04-08 09:53:52,888 - processing completed: 557_209
2022-04-08 09:53:52,894 - processing started: 559_210 
2022-04-08 09:53:53,017 - processing completed: 559_210
2022-04-08 09:53:53,022 - processing started: 561_211 
2022-04-08 09:53:53,206 - processing completed: 561_211
2022-04-08 09:53:53,210 - processing started: 563_212 
2022-04-08 09:53:53,337 - processing completed: 563_212
2022-04-08 09:53:53,342 - processing started: 565_213 
2022-04-08 09:53:53,524 - processing completed: 565_213
2022-04-08 09:53:53,530 - processing started: 567_214 
2022-04-08 09:53:53,720 - processing completed: 567_214
2022-04-08 09:53:53,728 - processing started: 569_214 
2022-04-08 09:53:53,868 - processing completed: 569_214
2022-04-08 09:53:53,874 - processing started: 571_215 
2022-04-08 09:53:54,075 - processing completed: 571_215
2022-04-08 09:53:54,080 - processing started: 573_216 
2022-04-08 09:53:54,213 - processing completed: 573_216
2022-04-08 09:53:54,217 - processing started: 575_217 
2022-04-08 09:53:54,403 - processing completed: 575_217
2022-04-08 09:53:54,407 - processing started: 577_218 
2022-04-08 09:53:54,533 - processing completed: 577_218
2022-04-08 09:53:54,537 - processing started: 579_219 
2022-04-08 09:53:54,724 - processing completed: 579_219
2022-04-08 09:53:54,729 - processing started: 581_220 
2022-04-08 09:53:54,854 - processing completed: 581_220
2022-04-08 09:53:54,858 - processing started: 583_220 
2022-04-08 09:53:55,042 - processing completed: 583_220
2022-04-08 09:53:55,048 - processing started: 585_221 
2022-04-08 09:53:55,175 - processing completed: 585_221
2022-04-08 09:53:55,179 - processing started: 587_222 
2022-04-08 09:53:55,378 - processing completed: 587_222
2022-04-08 09:53:55,383 - processing started: 589_222 
2022-04-08 09:53:55,526 - processing completed: 589_222
2022-04-08 09:53:55,533 - processing started: 591_223 
2022-04-08 09:53:55,705 - processing completed: 591_223
2022-04-08 09:53:55,709 - processing started: 593_223 
2022-04-08 09:53:55,809 - processing completed: 593_223
2022-04-08 09:53:55,814 - processing started: 595_224 
2022-04-08 09:53:56,019 - processing completed: 595_224
2022-04-08 09:53:56,023 - processing started: 597_225 
2022-04-08 09:53:56,186 - processing completed: 597_225
2022-04-08 09:53:56,190 - processing started: 599_225 
2022-04-08 09:53:56,355 - processing completed: 599_225
2022-04-08 09:53:56,360 - processing started: 601_225 
2022-04-08 09:53:56,523 - processing completed: 601_225
2022-04-08 09:53:56,526 - processing started: 603_226 
2022-04-08 09:53:56,631 - processing completed: 603_226
2022-04-08 09:53:56,635 - processing started: 605_227 
2022-04-08 09:53:56,819 - processing completed: 605_227
2022-04-08 09:53:56,824 - processing started: 607_227 
2022-04-08 09:53:56,948 - processing completed: 607_227
2022-04-08 09:53:56,953 - processing started: 609_227 
2022-04-08 09:53:57,132 - processing completed: 609_227
2022-04-08 09:53:57,139 - processing started: 611_227 
2022-04-08 09:53:57,316 - processing completed: 611_227
2022-04-08 09:53:57,322 - processing started: 613_227 
2022-04-08 09:53:57,499 - processing completed: 613_227
2022-04-08 09:53:57,504 - processing started: 615_228 
2022-04-08 09:53:57,610 - processing completed: 615_228
2022-04-08 09:53:57,615 - processing started: 617_229 
2022-04-08 09:53:57,776 - processing completed: 617_229
2022-04-08 09:53:57,781 - processing started: 619_230 
2022-04-08 09:53:57,883 - processing completed: 619_230
2022-04-08 09:53:57,886 - processing started: 621_230 
2022-04-08 09:53:58,050 - processing completed: 621_230
2022-04-08 09:53:58,054 - processing started: 623_231 
2022-04-08 09:53:58,152 - processing completed: 623_231
2022-04-08 09:53:58,155 - processing started: 625_232 
2022-04-08 09:53:58,312 - processing completed: 625_232
2022-04-08 09:53:58,316 - processing started: 627_232 
2022-04-08 09:53:58,478 - processing completed: 627_232
2022-04-08 09:53:58,483 - processing started: 629_232 
2022-04-08 09:53:58,580 - processing completed: 629_232
2022-04-08 09:53:58,583 - processing started: 631_233 
2022-04-08 09:53:58,741 - processing completed: 631_233
2022-04-08 09:53:58,746 - processing started: 633_234 
2022-04-08 09:53:58,859 - processing completed: 633_234
2022-04-08 09:53:58,863 - processing started: 635_234 
2022-04-08 09:53:59,046 - processing completed: 635_234
2022-04-08 09:53:59,051 - processing started: 637_234 
2022-04-08 09:53:59,151 - processing completed: 637_234
2022-04-08 09:53:59,155 - processing started: 639_235 
2022-04-08 09:53:59,340 - processing completed: 639_235
2022-04-08 09:53:59,346 - processing started: 641_236 
2022-04-08 09:53:59,471 - processing completed: 641_236
2022-04-08 09:53:59,476 - processing started: 643_237 
2022-04-08 09:53:59,661 - processing completed: 643_237
2022-04-08 09:53:59,666 - processing started: 645_238 
2022-04-08 09:53:59,789 - processing completed: 645_238
2022-04-08 09:53:59,793 - processing started: 647_239 
2022-04-08 09:53:59,976 - processing completed: 647_239
2022-04-08 09:53:59,981 - processing started: 649_240 
2022-04-08 09:54:00,107 - processing completed: 649_240
2022-04-08 09:54:00,112 - processing started: 651_240 
2022-04-08 09:54:00,298 - processing completed: 651_240
2022-04-08 09:54:00,304 - processing started: 653_241 
2022-04-08 09:54:00,430 - processing completed: 653_241
2022-04-08 09:54:00,435 - processing started: 655_242 
2022-04-08 09:54:00,658 - processing completed: 655_242
2022-04-08 09:54:00,666 - processing started: 657_242 
2022-04-08 09:54:00,866 - processing completed: 657_242
2022-04-08 09:54:00,872 - processing started: 659_243 
2022-04-08 09:54:00,998 - processing completed: 659_243
2022-04-08 09:54:01,003 - processing started: 661_244 
2022-04-08 09:54:01,148 - processing completed: 661_244
2022-04-08 09:54:01,153 - processing started: 663_244 
2022-04-08 09:54:01,239 - processing completed: 663_244
2022-04-08 09:54:01,244 - processing started: 665_245 
2022-04-08 09:54:01,387 - processing completed: 665_245
2022-04-08 09:54:01,391 - processing started: 667_246 
2022-04-08 09:54:01,469 - processing completed: 667_246
2022-04-08 09:54:01,473 - processing started: 669_247 
2022-04-08 09:54:01,616 - processing completed: 669_247
2022-04-08 09:54:01,621 - processing started: 671_248 
2022-04-08 09:54:01,697 - processing completed: 671_248
2022-04-08 09:54:01,700 - processing started: 673_249 
2022-04-08 09:54:01,842 - processing completed: 673_249
2022-04-08 09:54:01,845 - processing started: 675_250 
2022-04-08 09:54:01,925 - processing completed: 675_250
2022-04-08 09:54:01,929 - processing started: 677_251 
2022-04-08 09:54:02,069 - processing completed: 677_251
2022-04-08 09:54:02,072 - processing started: 679_251 
2022-04-08 09:54:02,155 - processing completed: 679_251
2022-04-08 09:54:02,160 - processing started: 681_252 
2022-04-08 09:54:02,323 - processing completed: 681_252
2022-04-08 09:54:02,328 - processing started: 683_252 
2022-04-08 09:54:02,412 - processing completed: 683_252
2022-04-08 09:54:02,416 - processing started: 685_253 
2022-04-08 09:54:02,585 - processing completed: 685_253
2022-04-08 09:54:02,590 - processing started: 687_254 
2022-04-08 09:54:02,762 - processing completed: 687_254
2022-04-08 09:54:02,765 - processing started: 689_255 
2022-04-08 09:54:02,870 - processing completed: 689_255
2022-04-08 09:54:02,874 - processing started: 691_256 
2022-04-08 09:54:03,048 - processing completed: 691_256
2022-04-08 09:54:03,052 - processing started: 693_257 
2022-04-08 09:54:03,158 - processing completed: 693_257
2022-04-08 09:54:03,163 - processing started: 695_257 
2022-04-08 09:54:03,331 - processing completed: 695_257
2022-04-08 09:54:03,335 - processing started: 697_258 
2022-04-08 09:54:03,440 - processing completed: 697_258
2022-04-08 09:54:03,445 - processing started: 699_259 
2022-04-08 09:54:03,600 - processing completed: 699_259
2022-04-08 09:54:03,604 - processing started: 701_260 
2022-04-08 09:54:03,712 - processing completed: 701_260
2022-04-08 09:54:03,716 - processing started: 703_260 
2022-04-08 09:54:03,906 - processing completed: 703_260
2022-04-08 09:54:03,912 - processing started: 705_261 
2022-04-08 09:54:04,048 - processing completed: 705_261
2022-04-08 09:54:04,053 - processing started: 707_262 
2022-04-08 09:54:04,223 - processing completed: 707_262
2022-04-08 09:54:04,227 - processing started: 709_262 
2022-04-08 09:54:04,334 - processing completed: 709_262
2022-04-08 09:54:04,338 - processing started: 711_263 
2022-04-08 09:54:04,500 - processing completed: 711_263
2022-04-08 09:54:04,504 - processing started: 713_264 
2022-04-08 09:54:04,667 - processing completed: 713_264
2022-04-08 09:54:04,672 - processing started: 715_265 
2022-04-08 09:54:04,769 - processing completed: 715_265
2022-04-08 09:54:04,774 - processing started: 717_265 
2022-04-08 09:54:04,937 - processing completed: 717_265
2022-04-08 09:54:04,942 - processing started: 719_266 
2022-04-08 09:54:05,040 - processing completed: 719_266
2022-04-08 09:54:05,045 - processing started: 721_267 
2022-04-08 09:54:05,210 - processing completed: 721_267
2022-04-08 09:54:05,215 - processing started: 723_267 
2022-04-08 09:54:05,311 - processing completed: 723_267
2022-04-08 09:54:05,316 - processing started: 725_267 
2022-04-08 09:54:05,477 - processing completed: 725_267
2022-04-08 09:54:05,481 - processing started: 727_268 
2022-04-08 09:54:05,589 - processing completed: 727_268
2022-04-08 09:54:05,594 - processing started: 729_268 
2022-04-08 09:54:05,782 - processing completed: 729_268
2022-04-08 09:54:05,786 - processing started: 731_268 
2022-04-08 09:54:05,892 - processing completed: 731_268
2022-04-08 09:54:05,898 - processing started: 733_268 
2022-04-08 09:54:06,069 - processing completed: 733_268
2022-04-08 09:54:06,073 - processing started: 735_269 
2022-04-08 09:54:06,173 - processing completed: 735_269
2022-04-08 09:54:06,177 - processing started: 737_269 
2022-04-08 09:54:06,336 - processing completed: 737_269
2022-04-08 09:54:06,341 - processing started: 739_270 
2022-04-08 09:54:06,448 - processing completed: 739_270
2022-04-08 09:54:06,451 - processing started: 741_271 
2022-04-08 09:54:06,622 - processing completed: 741_271
2022-04-08 09:54:06,627 - processing started: 743_272 
2022-04-08 09:54:06,783 - processing completed: 743_272
2022-04-08 09:54:06,788 - processing started: 745_273 
2022-04-08 09:54:06,890 - processing completed: 745_273
2022-04-08 09:54:06,894 - processing started: 747_274 
2022-04-08 09:54:07,053 - processing completed: 747_274
2022-04-08 09:54:07,057 - processing started: 749_274 
2022-04-08 09:54:07,147 - processing completed: 749_274
2022-04-08 09:54:07,151 - processing started: 751_275 
2022-04-08 09:54:07,328 - processing completed: 751_275
2022-04-08 09:54:07,333 - processing started: 753_275 
2022-04-08 09:54:07,439 - processing completed: 753_275
2022-04-08 09:54:07,445 - processing started: 755_276 
2022-04-08 09:54:07,611 - processing completed: 755_276
2022-04-08 09:54:07,616 - processing started: 757_276 
2022-04-08 09:54:07,716 - processing completed: 757_276
2022-04-08 09:54:07,721 - processing started: 759_277 
2022-04-08 09:54:07,883 - processing completed: 759_277
2022-04-08 09:54:07,887 - processing started: 761_278 
2022-04-08 09:54:07,990 - processing completed: 761_278
2022-04-08 09:54:07,994 - processing started: 763_279 
2022-04-08 09:54:08,160 - processing completed: 763_279
2022-04-08 09:54:08,163 - processing started: 765_280 
2022-04-08 09:54:08,246 - processing completed: 765_280
2022-04-08 09:54:08,250 - processing started: 767_280 
2022-04-08 09:54:08,395 - processing completed: 767_280
2022-04-08 09:54:08,399 - processing started: 769_281 
2022-04-08 09:54:08,483 - processing completed: 769_281
2022-04-08 09:54:08,487 - processing started: 771_282 
2022-04-08 09:54:08,630 - processing completed: 771_282
2022-04-08 09:54:08,635 - processing started: 773_283 
2022-04-08 09:54:08,791 - processing completed: 773_283
2022-04-08 09:54:08,796 - processing started: 775_284 
2022-04-08 09:54:08,873 - processing completed: 775_284
2022-04-08 09:54:08,878 - processing started: 777_285 
2022-04-08 09:54:09,055 - processing completed: 777_285
2022-04-08 09:54:09,060 - processing started: 779_286 
2022-04-08 09:54:09,236 - processing completed: 779_286
2022-04-08 09:54:09,242 - processing started: 781_287 
2022-04-08 09:54:09,388 - processing completed: 781_287
2022-04-08 09:54:09,391 - processing started: 783_288 
2022-04-08 09:54:09,472 - processing completed: 783_288
2022-04-08 09:54:09,477 - processing started: 785_289 
2022-04-08 09:54:09,618 - processing completed: 785_289
2022-04-08 09:54:09,622 - processing started: 787_290 
2022-04-08 09:54:09,704 - processing completed: 787_290
2022-04-08 09:54:09,708 - processing started: 789_290 
2022-04-08 09:54:09,851 - processing completed: 789_290
2022-04-08 09:54:09,855 - processing started: 791_291 
2022-04-08 09:54:09,935 - processing completed: 791_291
2022-04-08 09:54:09,938 - processing started: 793_292 
2022-04-08 09:54:10,080 - processing completed: 793_292
2022-04-08 09:54:10,083 - processing started: 795_292 
2022-04-08 09:54:10,166 - processing completed: 795_292
2022-04-08 09:54:10,171 - processing started: 797_293 
2022-04-08 09:54:10,281 - processing completed: 797_293
2022-04-08 09:54:10,284 - processing started: 799_294 
2022-04-08 09:54:10,333 - processing completed: 799_294
2022-04-08 09:54:10,336 - processing started: 801_295 
2022-04-08 09:54:10,473 - processing completed: 801_295
2022-04-08 09:54:10,476 - processing started: 803_296 
2022-04-08 09:54:10,627 - processing completed: 803_296
2022-04-08 09:54:10,632 - processing started: 805_297 
2022-04-08 09:54:10,825 - processing completed: 805_297
2022-04-08 09:54:10,831 - processing started: 807_298 
2022-04-08 09:54:10,989 - processing completed: 807_298
2022-04-08 09:54:10,993 - processing started: 809_298 
2022-04-08 09:54:11,078 - processing completed: 809_298
2022-04-08 09:54:11,082 - processing started: 811_299 
2022-04-08 09:54:11,233 - processing completed: 811_299
2022-04-08 09:54:11,237 - processing started: 0_0 
2022-04-08 09:54:11,238 - Closing connection (200): Normal shutdown
2022-04-08 09:54:11,238 - Closing channel (200): 'Normal shutdown' on <Channel number=1 OPEN conn=<SelectConnection OPEN transport=<pika.adapters.utils.io_services_utils._AsyncPlaintextTransport object at 0x1213aed60> params=<ConnectionParameters host=localhost port=5672 virtual_host=/ ssl=False>>>
2022-04-08 09:54:11,239 - Received <Channel.CloseOk> on <Channel number=1 CLOSING conn=<SelectConnection OPEN transport=<pika.adapters.utils.io_services_utils._AsyncPlaintextTransport object at 0x1213aed60> params=<ConnectionParameters host=localhost port=5672 virtual_host=/ ssl=False>>>
2022-04-08 09:54:11,239 - Closing connection (200): 'Normal shutdown'
2022-04-08 09:54:11,239 - Aborting transport connection: state=1; <socket.socket fd=22, family=AddressFamily.AF_INET, type=SocketKind.SOCK_STREAM, proto=6, laddr=('127.0.0.1', 51290), raddr=('127.0.0.1', 5672)>
2022-04-08 09:54:11,240 - _AsyncTransportBase._initate_abort(): Initiating abrupt asynchronous transport shutdown: state=1; error=None; <socket.socket fd=22, family=AddressFamily.AF_INET, type=SocketKind.SOCK_STREAM, proto=6, laddr=('127.0.0.1', 51290), raddr=('127.0.0.1', 5672)>
2022-04-08 09:54:11,240 - Deactivating transport: state=1; <socket.socket fd=22, family=AddressFamily.AF_INET, type=SocketKind.SOCK_STREAM, proto=6, laddr=('127.0.0.1', 51290), raddr=('127.0.0.1', 5672)>
2022-04-08 09:54:11,240 - AMQP stack terminated, failed to connect, or aborted: opened=True, error-arg=None; pending-error=ConnectionClosedByClient: (200) 'Normal shutdown'
2022-04-08 09:54:11,240 - Stack terminated due to ConnectionClosedByClient: (200) 'Normal shutdown'
2022-04-08 09:54:11,240 - Closing transport socket and unlinking: state=3; <socket.socket fd=22, family=AddressFamily.AF_INET, type=SocketKind.SOCK_STREAM, proto=6, laddr=('127.0.0.1', 51290), raddr=('127.0.0.1', 5672)>
2022-04-08 09:54:11,240 - User-initiated close: result=BlockingConnection__OnClosedArgs(connection=<SelectConnection CLOSED transport=None params=<ConnectionParameters host=localhost port=5672 virtual_host=/ ssl=False>>, error=ConnectionClosedByClient: (200) 'Normal shutdown')
2022-04-08 09:54:11,241 - PID 78338 completed loading and processing
