2022-04-07 19:25:45,317 - PID 94769 started loading and processing
2022-04-07 19:25:45,324 - Pika version 1.2.0 connecting to ('::1', 5672, 0, 0)
2022-04-07 19:25:45,324 - Socket failed to connect: <socket.socket fd=22, family=AddressFamily.AF_INET6, type=SocketKind.SOCK_STREAM, proto=6, laddr=('::1', 63865, 0, 0)>; error=61 (Connection refused)
2022-04-07 19:25:45,324 - TCP Connection attempt failed: ConnectionRefusedError(61, 'Connection refused'); dest=(<AddressFamily.AF_INET6: 30>, <SocketKind.SOCK_STREAM: 1>, 6, '', ('::1', 5672, 0, 0))
2022-04-07 19:25:45,324 - AMQPConnector - reporting failure: AMQPConnectorSocketConnectError: ConnectionRefusedError(61, 'Connection refused')
2022-04-07 19:25:45,325 - Pika version 1.2.0 connecting to ('127.0.0.1', 5672)
2022-04-07 19:25:45,325 - Socket connected: <socket.socket fd=22, family=AddressFamily.AF_INET, type=SocketKind.SOCK_STREAM, proto=6, laddr=('127.0.0.1', 63868), raddr=('127.0.0.1', 5672)>
2022-04-07 19:25:45,325 - Streaming transport linked up: (<pika.adapters.utils.io_services_utils._AsyncPlaintextTransport object at 0x11a6d41c0>, _StreamingProtocolShim: <SelectConnection PROTOCOL transport=<pika.adapters.utils.io_services_utils._AsyncPlaintextTransport object at 0x11a6d41c0> params=<ConnectionParameters host=localhost port=5672 virtual_host=/ ssl=False>>).
2022-04-07 19:25:45,339 - AMQPConnector - reporting success: <SelectConnection OPEN transport=<pika.adapters.utils.io_services_utils._AsyncPlaintextTransport object at 0x11a6d41c0> params=<ConnectionParameters host=localhost port=5672 virtual_host=/ ssl=False>>
2022-04-07 19:25:45,339 - AMQPConnectionWorkflow - reporting success: <SelectConnection OPEN transport=<pika.adapters.utils.io_services_utils._AsyncPlaintextTransport object at 0x11a6d41c0> params=<ConnectionParameters host=localhost port=5672 virtual_host=/ ssl=False>>
2022-04-07 19:25:45,339 - Connection workflow succeeded: <SelectConnection OPEN transport=<pika.adapters.utils.io_services_utils._AsyncPlaintextTransport object at 0x11a6d41c0> params=<ConnectionParameters host=localhost port=5672 virtual_host=/ ssl=False>>
2022-04-07 19:25:45,340 - Created channel=1
2022-04-07 19:25:45,344 - Logging before start consuming
2022-04-07 19:25:45,945 - processing started: 0_000 
2022-04-07 19:25:46,135 - processing completed: 0_000
2022-04-07 19:25:46,157 - processing started: 2_000 
2022-04-07 19:25:46,367 - processing completed: 2_000
2022-04-07 19:25:46,373 - processing started: 4_001 
2022-04-07 19:25:46,578 - processing completed: 4_001
2022-04-07 19:25:46,584 - processing started: 6_002 
2022-04-07 19:25:46,722 - processing completed: 6_002
2022-04-07 19:25:46,727 - processing started: 8_003 
2022-04-07 19:25:46,929 - processing completed: 8_003
2022-04-07 19:25:46,935 - processing started: 10_004 
2022-04-07 19:25:47,081 - processing completed: 10_004
2022-04-07 19:25:47,086 - processing started: 12_005 
2022-04-07 19:25:47,276 - processing completed: 12_005
2022-04-07 19:25:47,282 - processing started: 14_005 
2022-04-07 19:25:47,440 - processing completed: 14_005
2022-04-07 19:25:47,445 - processing started: 16_006 
2022-04-07 19:25:47,658 - processing completed: 16_006
2022-04-07 19:25:47,664 - processing started: 18_007 
2022-04-07 19:25:47,806 - processing completed: 18_007
2022-04-07 19:25:47,811 - processing started: 20_008 
2022-04-07 19:25:47,988 - processing completed: 20_008
2022-04-07 19:25:47,993 - processing started: 22_009 
2022-04-07 19:25:48,131 - processing completed: 22_009
2022-04-07 19:25:48,136 - processing started: 24_009 
2022-04-07 19:25:48,330 - processing completed: 24_009
2022-04-07 19:25:48,336 - processing started: 26_010 
2022-04-07 19:25:48,533 - processing completed: 26_010
2022-04-07 19:25:48,539 - processing started: 28_011 
2022-04-07 19:25:48,749 - processing completed: 28_011
2022-04-07 19:25:48,755 - processing started: 30_012 
2022-04-07 19:25:48,813 - processing completed: 30_012
2022-04-07 19:25:48,816 - processing started: 32_013 
2022-04-07 19:25:48,976 - processing completed: 32_013
2022-04-07 19:25:48,981 - processing started: 34_014 
2022-04-07 19:25:49,123 - processing completed: 34_014
2022-04-07 19:25:49,126 - processing started: 36_014 
2022-04-07 19:25:49,199 - processing completed: 36_014
2022-04-07 19:25:49,203 - processing started: 38_015 
2022-04-07 19:25:49,338 - processing completed: 38_015
2022-04-07 19:25:49,341 - processing started: 40_015 
2022-04-07 19:25:49,412 - processing completed: 40_015
2022-04-07 19:25:49,416 - processing started: 42_015 
2022-04-07 19:25:49,568 - processing completed: 42_015
2022-04-07 19:25:49,571 - processing started: 44_016 
2022-04-07 19:25:49,650 - processing completed: 44_016
2022-04-07 19:25:49,654 - processing started: 46_017 
2022-04-07 19:25:49,793 - processing completed: 46_017
2022-04-07 19:25:49,797 - processing started: 48_018 
2022-04-07 19:25:49,872 - processing completed: 48_018
2022-04-07 19:25:49,877 - processing started: 50_019 
2022-04-07 19:25:50,027 - processing completed: 50_019
2022-04-07 19:25:50,030 - processing started: 52_020 
2022-04-07 19:25:50,107 - processing completed: 52_020
2022-04-07 19:25:50,111 - processing started: 54_021 
2022-04-07 19:25:50,251 - processing completed: 54_021
2022-04-07 19:25:50,255 - processing started: 56_022 
2022-04-07 19:25:50,364 - processing completed: 56_022
2022-04-07 19:25:50,368 - processing started: 58_022 
2022-04-07 19:25:50,533 - processing completed: 58_022
2022-04-07 19:25:50,538 - processing started: 60_023 
2022-04-07 19:25:50,616 - processing completed: 60_023
2022-04-07 19:25:50,620 - processing started: 62_023 
2022-04-07 19:25:50,750 - processing completed: 62_023
2022-04-07 19:25:50,754 - processing started: 64_024 
2022-04-07 19:25:50,885 - processing completed: 64_024
2022-04-07 19:25:50,888 - processing started: 66_025 
2022-04-07 19:25:50,971 - processing completed: 66_025
2022-04-07 19:25:50,976 - processing started: 68_026 
2022-04-07 19:25:51,116 - processing completed: 68_026
2022-04-07 19:25:51,120 - processing started: 70_027 
2022-04-07 19:25:51,197 - processing completed: 70_027
2022-04-07 19:25:51,201 - processing started: 72_028 
2022-04-07 19:25:51,327 - processing completed: 72_028
2022-04-07 19:25:51,330 - processing started: 74_028 
2022-04-07 19:25:51,404 - processing completed: 74_028
2022-04-07 19:25:51,407 - processing started: 76_029 
2022-04-07 19:25:51,540 - processing completed: 76_029
2022-04-07 19:25:51,544 - processing started: 78_030 
2022-04-07 19:25:51,617 - processing completed: 78_030
2022-04-07 19:25:51,621 - processing started: 80_031 
2022-04-07 19:25:51,771 - processing completed: 80_031
2022-04-07 19:25:51,775 - processing started: 82_031 
2022-04-07 19:25:51,853 - processing completed: 82_031
2022-04-07 19:25:51,856 - processing started: 84_032 
2022-04-07 19:25:52,034 - processing completed: 84_032
2022-04-07 19:25:52,039 - processing started: 86_032 
2022-04-07 19:25:52,145 - processing completed: 86_032
2022-04-07 19:25:52,149 - processing started: 88_033 
2022-04-07 19:25:52,280 - processing completed: 88_033
2022-04-07 19:25:52,284 - processing started: 90_033 
2022-04-07 19:25:52,359 - processing completed: 90_033
2022-04-07 19:25:52,363 - processing started: 92_033 
2022-04-07 19:25:52,493 - processing completed: 92_033
2022-04-07 19:25:52,496 - processing started: 94_034 
2022-04-07 19:25:52,633 - processing completed: 94_034
2022-04-07 19:25:52,637 - processing started: 96_035 
2022-04-07 19:25:52,713 - processing completed: 96_035
2022-04-07 19:25:52,718 - processing started: 98_035 
2022-04-07 19:25:52,855 - processing completed: 98_035
2022-04-07 19:25:52,858 - processing started: 100_036 
2022-04-07 19:25:52,933 - processing completed: 100_036
2022-04-07 19:25:52,937 - processing started: 102_037 
2022-04-07 19:25:53,083 - processing completed: 102_037
2022-04-07 19:25:53,087 - processing started: 104_038 
2022-04-07 19:25:53,164 - processing completed: 104_038
2022-04-07 19:25:53,167 - processing started: 106_039 
2022-04-07 19:25:53,308 - processing completed: 106_039
2022-04-07 19:25:53,311 - processing started: 108_039 
2022-04-07 19:25:53,390 - processing completed: 108_039
2022-04-07 19:25:53,393 - processing started: 110_040 
2022-04-07 19:25:53,543 - processing completed: 110_040
2022-04-07 19:25:53,546 - processing started: 112_040 
2022-04-07 19:25:53,624 - processing completed: 112_040
2022-04-07 19:25:53,628 - processing started: 114_040 
2022-04-07 19:25:53,773 - processing completed: 114_040
2022-04-07 19:25:53,776 - processing started: 116_041 
2022-04-07 19:25:53,856 - processing completed: 116_041
2022-04-07 19:25:53,859 - processing started: 118_042 
2022-04-07 19:25:53,994 - processing completed: 118_042
2022-04-07 19:25:53,998 - processing started: 120_042 
2022-04-07 19:25:54,074 - processing completed: 120_042
2022-04-07 19:25:54,078 - processing started: 122_043 
2022-04-07 19:25:54,200 - processing completed: 122_043
2022-04-07 19:25:54,204 - processing started: 124_044 
2022-04-07 19:25:54,346 - processing completed: 124_044
2022-04-07 19:25:54,349 - processing started: 126_044 
2022-04-07 19:25:54,420 - processing completed: 126_044
2022-04-07 19:25:54,424 - processing started: 128_045 
2022-04-07 19:25:54,572 - processing completed: 128_045
2022-04-07 19:25:54,575 - processing started: 130_046 
2022-04-07 19:25:54,650 - processing completed: 130_046
2022-04-07 19:25:54,653 - processing started: 132_047 
2022-04-07 19:25:54,801 - processing completed: 132_047
2022-04-07 19:25:54,805 - processing started: 134_048 
2022-04-07 19:25:54,879 - processing completed: 134_048
2022-04-07 19:25:54,883 - processing started: 136_048 
2022-04-07 19:25:55,024 - processing completed: 136_048
2022-04-07 19:25:55,027 - processing started: 138_049 
2022-04-07 19:25:55,108 - processing completed: 138_049
2022-04-07 19:25:55,112 - processing started: 140_050 
2022-04-07 19:25:55,250 - processing completed: 140_050
2022-04-07 19:25:55,253 - processing started: 142_050 
2022-04-07 19:25:55,328 - processing completed: 142_050
2022-04-07 19:25:55,332 - processing started: 144_051 
2022-04-07 19:25:55,471 - processing completed: 144_051
2022-04-07 19:25:55,475 - processing started: 146_051 
2022-04-07 19:25:55,555 - processing completed: 146_051
2022-04-07 19:25:55,558 - processing started: 148_052 
2022-04-07 19:25:55,697 - processing completed: 148_052
2022-04-07 19:25:55,701 - processing started: 150_053 
2022-04-07 19:25:55,780 - processing completed: 150_053
2022-04-07 19:25:55,784 - processing started: 152_054 
2022-04-07 19:25:55,915 - processing completed: 152_054
2022-04-07 19:25:55,919 - processing started: 154_055 
2022-04-07 19:25:56,074 - processing completed: 154_055
2022-04-07 19:25:56,078 - processing started: 156_056 
2022-04-07 19:25:56,161 - processing completed: 156_056
2022-04-07 19:25:56,164 - processing started: 158_057 
2022-04-07 19:25:56,297 - processing completed: 158_057
2022-04-07 19:25:56,301 - processing started: 160_058 
2022-04-07 19:25:56,428 - processing completed: 160_058
2022-04-07 19:25:56,433 - processing started: 162_058 
2022-04-07 19:25:56,615 - processing completed: 162_058
2022-04-07 19:25:56,619 - processing started: 164_059 
2022-04-07 19:25:56,696 - processing completed: 164_059
2022-04-07 19:25:56,700 - processing started: 166_060 
2022-04-07 19:25:56,829 - processing completed: 166_060
2022-04-07 19:25:56,834 - processing started: 168_061 
2022-04-07 19:25:56,914 - processing completed: 168_061
2022-04-07 19:25:56,917 - processing started: 170_062 
2022-04-07 19:25:57,051 - processing completed: 170_062
2022-04-07 19:25:57,054 - processing started: 172_062 
2022-04-07 19:25:57,134 - processing completed: 172_062
2022-04-07 19:25:57,137 - processing started: 174_063 
2022-04-07 19:25:57,338 - processing completed: 174_063
2022-04-07 19:25:57,343 - processing started: 176_064 
2022-04-07 19:25:57,491 - processing completed: 176_064
2022-04-07 19:25:57,497 - processing started: 178_064 
2022-04-07 19:25:57,706 - processing completed: 178_064
2022-04-07 19:25:57,711 - processing started: 180_065 
2022-04-07 19:25:57,923 - processing completed: 180_065
2022-04-07 19:25:57,928 - processing started: 182_066 
2022-04-07 19:25:58,086 - processing completed: 182_066
2022-04-07 19:25:58,090 - processing started: 184_066 
2022-04-07 19:25:58,294 - processing completed: 184_066
2022-04-07 19:25:58,300 - processing started: 186_066 
2022-04-07 19:25:58,450 - processing completed: 186_066
2022-04-07 19:25:58,454 - processing started: 188_067 
2022-04-07 19:25:58,547 - processing completed: 188_067
2022-04-07 19:25:58,549 - processing started: 190_067 
2022-04-07 19:25:58,659 - processing completed: 190_067
2022-04-07 19:25:58,663 - processing started: 192_067 
2022-04-07 19:25:58,872 - processing completed: 192_067
2022-04-07 19:25:58,878 - processing started: 194_068 
2022-04-07 19:25:58,985 - processing completed: 194_068
2022-04-07 19:25:58,990 - processing started: 196_069 
2022-04-07 19:25:59,169 - processing completed: 196_069
2022-04-07 19:25:59,173 - processing started: 198_069 
2022-04-07 19:25:59,281 - processing completed: 198_069
2022-04-07 19:25:59,285 - processing started: 200_070 
2022-04-07 19:25:59,375 - processing completed: 200_070
2022-04-07 19:25:59,377 - processing started: 202_071 
2022-04-07 19:25:59,534 - processing completed: 202_071
2022-04-07 19:25:59,539 - processing started: 204_072 
2022-04-07 19:25:59,754 - processing completed: 204_072
2022-04-07 19:25:59,760 - processing started: 206_072 
2022-04-07 19:25:59,916 - processing completed: 206_072
2022-04-07 19:25:59,921 - processing started: 208_073 
2022-04-07 19:26:00,134 - processing completed: 208_073
2022-04-07 19:26:00,140 - processing started: 210_074 
2022-04-07 19:26:00,353 - processing completed: 210_074
2022-04-07 19:26:00,359 - processing started: 212_075 
2022-04-07 19:26:00,516 - processing completed: 212_075
2022-04-07 19:26:00,522 - processing started: 214_076 
2022-04-07 19:26:00,741 - processing completed: 214_076
2022-04-07 19:26:00,747 - processing started: 216_077 
2022-04-07 19:26:00,899 - processing completed: 216_077
2022-04-07 19:26:00,904 - processing started: 218_078 
2022-04-07 19:26:01,127 - processing completed: 218_078
2022-04-07 19:26:01,133 - processing started: 220_079 
2022-04-07 19:26:01,285 - processing completed: 220_079
2022-04-07 19:26:01,290 - processing started: 222_079 
2022-04-07 19:26:01,491 - processing completed: 222_079
2022-04-07 19:26:01,497 - processing started: 224_080 
2022-04-07 19:26:01,568 - processing completed: 224_080
2022-04-07 19:26:01,571 - processing started: 226_081 
2022-04-07 19:26:01,719 - processing completed: 226_081
2022-04-07 19:26:01,723 - processing started: 228_081 
2022-04-07 19:26:01,815 - processing completed: 228_081
2022-04-07 19:26:01,820 - processing started: 230_081 
2022-04-07 19:26:01,964 - processing completed: 230_081
2022-04-07 19:26:01,968 - processing started: 232_082 
2022-04-07 19:26:02,063 - processing completed: 232_082
2022-04-07 19:26:02,067 - processing started: 234_082 
2022-04-07 19:26:02,216 - processing completed: 234_082
2022-04-07 19:26:02,219 - processing started: 236_083 
2022-04-07 19:26:02,311 - processing completed: 236_083
2022-04-07 19:26:02,316 - processing started: 238_084 
2022-04-07 19:26:02,462 - processing completed: 238_084
2022-04-07 19:26:02,467 - processing started: 240_085 
2022-04-07 19:26:02,612 - processing completed: 240_085
2022-04-07 19:26:02,617 - processing started: 242_086 
2022-04-07 19:26:02,733 - processing completed: 242_086
2022-04-07 19:26:02,737 - processing started: 244_087 
2022-04-07 19:26:02,894 - processing completed: 244_087
2022-04-07 19:26:02,898 - processing started: 246_088 
2022-04-07 19:26:03,007 - processing completed: 246_088
2022-04-07 19:26:03,018 - processing started: 248_088 
2022-04-07 19:26:03,163 - processing completed: 248_088
2022-04-07 19:26:03,167 - processing started: 250_089 
2022-04-07 19:26:03,223 - processing completed: 250_089
2022-04-07 19:26:03,226 - processing started: 252_090 
2022-04-07 19:26:03,340 - processing completed: 252_090
2022-04-07 19:26:03,343 - processing started: 254_091 
2022-04-07 19:26:03,402 - processing completed: 254_091
2022-04-07 19:26:03,405 - processing started: 256_092 
2022-04-07 19:26:03,519 - processing completed: 256_092
2022-04-07 19:26:03,522 - processing started: 258_093 
2022-04-07 19:26:03,596 - processing completed: 258_093
2022-04-07 19:26:03,600 - processing started: 260_094 
2022-04-07 19:26:03,727 - processing completed: 260_094
2022-04-07 19:26:03,731 - processing started: 262_094 
2022-04-07 19:26:03,804 - processing completed: 262_094
2022-04-07 19:26:03,807 - processing started: 264_095 
2022-04-07 19:26:03,933 - processing completed: 264_095
2022-04-07 19:26:03,937 - processing started: 266_096 
2022-04-07 19:26:04,011 - processing completed: 266_096
2022-04-07 19:26:04,016 - processing started: 268_097 
2022-04-07 19:26:04,144 - processing completed: 268_097
2022-04-07 19:26:04,147 - processing started: 270_098 
2022-04-07 19:26:04,284 - processing completed: 270_098
2022-04-07 19:26:04,287 - processing started: 272_099 
2022-04-07 19:26:04,349 - processing completed: 272_099
2022-04-07 19:26:04,352 - processing started: 274_100 
2022-04-07 19:26:04,500 - processing completed: 274_100
2022-04-07 19:26:04,504 - processing started: 276_101 
2022-04-07 19:26:04,572 - processing completed: 276_101
2022-04-07 19:26:04,575 - processing started: 278_102 
2022-04-07 19:26:04,693 - processing completed: 278_102
2022-04-07 19:26:04,696 - processing started: 280_103 
2022-04-07 19:26:04,755 - processing completed: 280_103
2022-04-07 19:26:04,759 - processing started: 282_103 
2022-04-07 19:26:04,876 - processing completed: 282_103
2022-04-07 19:26:04,879 - processing started: 284_104 
2022-04-07 19:26:04,940 - processing completed: 284_104
2022-04-07 19:26:04,943 - processing started: 286_105 
2022-04-07 19:26:05,064 - processing completed: 286_105
2022-04-07 19:26:05,067 - processing started: 288_106 
2022-04-07 19:26:05,127 - processing completed: 288_106
2022-04-07 19:26:05,131 - processing started: 290_107 
2022-04-07 19:26:05,245 - processing completed: 290_107
2022-04-07 19:26:05,249 - processing started: 292_108 
2022-04-07 19:26:05,308 - processing completed: 292_108
2022-04-07 19:26:05,311 - processing started: 294_108 
2022-04-07 19:26:05,424 - processing completed: 294_108
2022-04-07 19:26:05,427 - processing started: 296_109 
2022-04-07 19:26:05,486 - processing completed: 296_109
2022-04-07 19:26:05,489 - processing started: 298_110 
2022-04-07 19:26:05,606 - processing completed: 298_110
2022-04-07 19:26:05,610 - processing started: 300_111 
2022-04-07 19:26:05,722 - processing completed: 300_111
2022-04-07 19:26:05,726 - processing started: 302_112 
2022-04-07 19:26:05,786 - processing completed: 302_112
2022-04-07 19:26:05,789 - processing started: 304_113 
2022-04-07 19:26:05,901 - processing completed: 304_113
2022-04-07 19:26:05,904 - processing started: 306_114 
2022-04-07 19:26:05,998 - processing completed: 306_114
2022-04-07 19:26:06,002 - processing started: 308_115 
2022-04-07 19:26:06,156 - processing completed: 308_115
2022-04-07 19:26:06,161 - processing started: 310_116 
2022-04-07 19:26:06,253 - processing completed: 310_116
2022-04-07 19:26:06,258 - processing started: 312_117 
2022-04-07 19:26:06,409 - processing completed: 312_117
2022-04-07 19:26:06,413 - processing started: 314_117 
2022-04-07 19:26:06,505 - processing completed: 314_117
2022-04-07 19:26:06,509 - processing started: 316_118 
2022-04-07 19:26:06,657 - processing completed: 316_118
2022-04-07 19:26:06,661 - processing started: 318_119 
2022-04-07 19:26:06,754 - processing completed: 318_119
2022-04-07 19:26:06,758 - processing started: 320_120 
2022-04-07 19:26:06,882 - processing completed: 320_120
2022-04-07 19:26:06,886 - processing started: 322_120 
2022-04-07 19:26:06,959 - processing completed: 322_120
2022-04-07 19:26:06,963 - processing started: 324_121 
2022-04-07 19:26:07,110 - processing completed: 324_121
2022-04-07 19:26:07,114 - processing started: 326_122 
2022-04-07 19:26:07,208 - processing completed: 326_122
2022-04-07 19:26:07,212 - processing started: 328_123 
2022-04-07 19:26:07,357 - processing completed: 328_123
2022-04-07 19:26:07,362 - processing started: 330_123 
2022-04-07 19:26:07,511 - processing completed: 330_123
2022-04-07 19:26:07,515 - processing started: 332_124 
2022-04-07 19:26:07,608 - processing completed: 332_124
2022-04-07 19:26:07,613 - processing started: 334_124 
2022-04-07 19:26:07,758 - processing completed: 334_124
2022-04-07 19:26:07,762 - processing started: 336_124 
2022-04-07 19:26:07,853 - processing completed: 336_124
2022-04-07 19:26:07,857 - processing started: 338_124 
2022-04-07 19:26:08,006 - processing completed: 338_124
2022-04-07 19:26:08,010 - processing started: 340_125 
2022-04-07 19:26:08,103 - processing completed: 340_125
2022-04-07 19:26:08,108 - processing started: 342_126 
2022-04-07 19:26:08,257 - processing completed: 342_126
2022-04-07 19:26:08,261 - processing started: 344_126 
2022-04-07 19:26:08,352 - processing completed: 344_126
2022-04-07 19:26:08,356 - processing started: 346_127 
2022-04-07 19:26:08,504 - processing completed: 346_127
2022-04-07 19:26:08,509 - processing started: 348_128 
2022-04-07 19:26:08,600 - processing completed: 348_128
2022-04-07 19:26:08,604 - processing started: 350_129 
2022-04-07 19:26:08,746 - processing completed: 350_129
2022-04-07 19:26:08,750 - processing started: 352_130 
2022-04-07 19:26:08,841 - processing completed: 352_130
2022-04-07 19:26:08,845 - processing started: 354_131 
2022-04-07 19:26:08,987 - processing completed: 354_131
2022-04-07 19:26:08,991 - processing started: 356_132 
2022-04-07 19:26:09,085 - processing completed: 356_132
2022-04-07 19:26:09,089 - processing started: 358_133 
2022-04-07 19:26:09,233 - processing completed: 358_133
2022-04-07 19:26:09,238 - processing started: 360_134 
2022-04-07 19:26:09,385 - processing completed: 360_134
2022-04-07 19:26:09,389 - processing started: 362_134 
2022-04-07 19:26:09,481 - processing completed: 362_134
2022-04-07 19:26:09,486 - processing started: 364_134 
2022-04-07 19:26:09,644 - processing completed: 364_134
2022-04-07 19:26:09,648 - processing started: 366_135 
2022-04-07 19:26:09,739 - processing completed: 366_135
2022-04-07 19:26:09,743 - processing started: 368_136 
2022-04-07 19:26:09,890 - processing completed: 368_136
2022-04-07 19:26:09,894 - processing started: 370_137 
2022-04-07 19:26:09,986 - processing completed: 370_137
2022-04-07 19:26:09,989 - processing started: 372_138 
2022-04-07 19:26:10,136 - processing completed: 372_138
2022-04-07 19:26:10,141 - processing started: 374_139 
2022-04-07 19:26:10,234 - processing completed: 374_139
2022-04-07 19:26:10,239 - processing started: 376_140 
2022-04-07 19:26:10,386 - processing completed: 376_140
2022-04-07 19:26:10,390 - processing started: 378_140 
2022-04-07 19:26:10,485 - processing completed: 378_140
2022-04-07 19:26:10,489 - processing started: 380_141 
2022-04-07 19:26:10,637 - processing completed: 380_141
2022-04-07 19:26:10,642 - processing started: 382_142 
2022-04-07 19:26:10,736 - processing completed: 382_142
2022-04-07 19:26:10,740 - processing started: 384_143 
2022-04-07 19:26:10,886 - processing completed: 384_143
2022-04-07 19:26:10,891 - processing started: 386_144 
2022-04-07 19:26:10,983 - processing completed: 386_144
2022-04-07 19:26:10,987 - processing started: 388_145 
2022-04-07 19:26:11,134 - processing completed: 388_145
2022-04-07 19:26:11,139 - processing started: 390_145 
2022-04-07 19:26:11,288 - processing completed: 390_145
2022-04-07 19:26:11,292 - processing started: 392_145 
2022-04-07 19:26:11,384 - processing completed: 392_145
2022-04-07 19:26:11,388 - processing started: 394_146 
2022-04-07 19:26:11,537 - processing completed: 394_146
2022-04-07 19:26:11,541 - processing started: 396_147 
2022-04-07 19:26:11,634 - processing completed: 396_147
2022-04-07 19:26:11,639 - processing started: 398_147 
2022-04-07 19:26:11,791 - processing completed: 398_147
2022-04-07 19:26:11,795 - processing started: 400_148 
2022-04-07 19:26:11,888 - processing completed: 400_148
2022-04-07 19:26:11,892 - processing started: 402_149 
2022-04-07 19:26:12,042 - processing completed: 402_149
2022-04-07 19:26:12,046 - processing started: 404_149 
2022-04-07 19:26:12,139 - processing completed: 404_149
2022-04-07 19:26:12,143 - processing started: 406_150 
2022-04-07 19:26:12,293 - processing completed: 406_150
2022-04-07 19:26:12,298 - processing started: 408_151 
2022-04-07 19:26:12,392 - processing completed: 408_151
2022-04-07 19:26:12,396 - processing started: 410_152 
2022-04-07 19:26:12,543 - processing completed: 410_152
2022-04-07 19:26:12,547 - processing started: 412_153 
2022-04-07 19:26:12,640 - processing completed: 412_153
2022-04-07 19:26:12,643 - processing started: 414_154 
2022-04-07 19:26:12,797 - processing completed: 414_154
2022-04-07 19:26:12,800 - processing started: 416_155 
2022-04-07 19:26:12,893 - processing completed: 416_155
2022-04-07 19:26:12,897 - processing started: 418_156 
2022-04-07 19:26:13,044 - processing completed: 418_156
2022-04-07 19:26:13,048 - processing started: 420_157 
2022-04-07 19:26:13,196 - processing completed: 420_157
2022-04-07 19:26:13,199 - processing started: 422_157 
2022-04-07 19:26:13,291 - processing completed: 422_157
2022-04-07 19:26:13,295 - processing started: 424_158 
2022-04-07 19:26:13,441 - processing completed: 424_158
2022-04-07 19:26:13,445 - processing started: 426_159 
2022-04-07 19:26:13,537 - processing completed: 426_159
2022-04-07 19:26:13,541 - processing started: 428_160 
2022-04-07 19:26:13,691 - processing completed: 428_160
2022-04-07 19:26:13,694 - processing started: 430_160 
2022-04-07 19:26:13,788 - processing completed: 430_160
2022-04-07 19:26:13,792 - processing started: 432_161 
2022-04-07 19:26:13,938 - processing completed: 432_161
2022-04-07 19:26:13,942 - processing started: 434_162 
2022-04-07 19:26:14,034 - processing completed: 434_162
2022-04-07 19:26:14,038 - processing started: 436_163 
2022-04-07 19:26:14,181 - processing completed: 436_163
2022-04-07 19:26:14,184 - processing started: 438_164 
2022-04-07 19:26:14,274 - processing completed: 438_164
2022-04-07 19:26:14,278 - processing started: 440_165 
2022-04-07 19:26:14,425 - processing completed: 440_165
2022-04-07 19:26:14,429 - processing started: 442_166 
2022-04-07 19:26:14,522 - processing completed: 442_166
2022-04-07 19:26:14,525 - processing started: 444_167 
2022-04-07 19:26:14,668 - processing completed: 444_167
2022-04-07 19:26:14,672 - processing started: 446_167 
2022-04-07 19:26:14,823 - processing completed: 446_167
2022-04-07 19:26:14,827 - processing started: 448_168 
2022-04-07 19:26:14,918 - processing completed: 448_168
2022-04-07 19:26:14,922 - processing started: 450_168 
2022-04-07 19:26:15,072 - processing completed: 450_168
2022-04-07 19:26:15,077 - processing started: 452_169 
2022-04-07 19:26:15,166 - processing completed: 452_169
2022-04-07 19:26:15,170 - processing started: 454_170 
2022-04-07 19:26:15,317 - processing completed: 454_170
2022-04-07 19:26:15,321 - processing started: 456_171 
2022-04-07 19:26:15,414 - processing completed: 456_171
2022-04-07 19:26:15,418 - processing started: 458_171 
2022-04-07 19:26:15,572 - processing completed: 458_171
2022-04-07 19:26:15,577 - processing started: 460_172 
2022-04-07 19:26:15,667 - processing completed: 460_172
2022-04-07 19:26:15,671 - processing started: 462_173 
2022-04-07 19:26:15,817 - processing completed: 462_173
2022-04-07 19:26:15,821 - processing started: 464_174 
2022-04-07 19:26:15,913 - processing completed: 464_174
2022-04-07 19:26:15,917 - processing started: 466_174 
2022-04-07 19:26:16,063 - processing completed: 466_174
2022-04-07 19:26:16,067 - processing started: 468_175 
2022-04-07 19:26:16,156 - processing completed: 468_175
2022-04-07 19:26:16,161 - processing started: 470_176 
2022-04-07 19:26:16,305 - processing completed: 470_176
2022-04-07 19:26:16,309 - processing started: 472_177 
2022-04-07 19:26:16,401 - processing completed: 472_177
2022-04-07 19:26:16,404 - processing started: 474_178 
2022-04-07 19:26:16,553 - processing completed: 474_178
2022-04-07 19:26:16,556 - processing started: 476_178 
2022-04-07 19:26:16,704 - processing completed: 476_178
2022-04-07 19:26:16,708 - processing started: 478_179 
2022-04-07 19:26:16,801 - processing completed: 478_179
2022-04-07 19:26:16,805 - processing started: 480_180 
2022-04-07 19:26:16,959 - processing completed: 480_180
2022-04-07 19:26:16,963 - processing started: 482_180 
2022-04-07 19:26:17,057 - processing completed: 482_180
2022-04-07 19:26:17,060 - processing started: 484_181 
2022-04-07 19:26:17,210 - processing completed: 484_181
2022-04-07 19:26:17,214 - processing started: 486_182 
2022-04-07 19:26:17,307 - processing completed: 486_182
2022-04-07 19:26:17,311 - processing started: 488_183 
2022-04-07 19:26:17,460 - processing completed: 488_183
2022-04-07 19:26:17,464 - processing started: 490_183 
2022-04-07 19:26:17,560 - processing completed: 490_183
2022-04-07 19:26:17,564 - processing started: 492_184 
2022-04-07 19:26:17,713 - processing completed: 492_184
2022-04-07 19:26:17,717 - processing started: 494_184 
2022-04-07 19:26:17,810 - processing completed: 494_184
2022-04-07 19:26:17,815 - processing started: 496_185 
2022-04-07 19:26:17,968 - processing completed: 496_185
2022-04-07 19:26:17,972 - processing started: 498_186 
2022-04-07 19:26:18,067 - processing completed: 498_186
2022-04-07 19:26:18,071 - processing started: 500_187 
2022-04-07 19:26:18,219 - processing completed: 500_187
2022-04-07 19:26:18,223 - processing started: 502_188 
2022-04-07 19:26:18,317 - processing completed: 502_188
2022-04-07 19:26:18,321 - processing started: 504_188 
2022-04-07 19:26:18,469 - processing completed: 504_188
2022-04-07 19:26:18,474 - processing started: 506_189 
2022-04-07 19:26:18,604 - processing completed: 506_189
2022-04-07 19:26:18,607 - processing started: 508_190 
2022-04-07 19:26:18,701 - processing completed: 508_190
2022-04-07 19:26:18,705 - processing started: 510_191 
2022-04-07 19:26:18,854 - processing completed: 510_191
2022-04-07 19:26:18,858 - processing started: 512_192 
2022-04-07 19:26:18,951 - processing completed: 512_192
2022-04-07 19:26:18,956 - processing started: 514_192 
2022-04-07 19:26:19,107 - processing completed: 514_192
2022-04-07 19:26:19,111 - processing started: 516_193 
2022-04-07 19:26:19,204 - processing completed: 516_193
2022-04-07 19:26:19,208 - processing started: 518_194 
2022-04-07 19:26:19,356 - processing completed: 518_194
2022-04-07 19:26:19,361 - processing started: 520_195 
2022-04-07 19:26:19,456 - processing completed: 520_195
2022-04-07 19:26:19,460 - processing started: 522_196 
2022-04-07 19:26:19,610 - processing completed: 522_196
2022-04-07 19:26:19,615 - processing started: 524_196 
2022-04-07 19:26:19,712 - processing completed: 524_196
2022-04-07 19:26:19,716 - processing started: 526_196 
2022-04-07 19:26:19,862 - processing completed: 526_196
2022-04-07 19:26:19,866 - processing started: 528_197 
2022-04-07 19:26:19,961 - processing completed: 528_197
2022-04-07 19:26:19,964 - processing started: 530_197 
2022-04-07 19:26:20,123 - processing completed: 530_197
2022-04-07 19:26:20,127 - processing started: 532_198 
2022-04-07 19:26:20,222 - processing completed: 532_198
2022-04-07 19:26:20,225 - processing started: 534_199 
2022-04-07 19:26:20,370 - processing completed: 534_199
2022-04-07 19:26:20,374 - processing started: 536_200 
2022-04-07 19:26:20,526 - processing completed: 536_200
2022-04-07 19:26:20,531 - processing started: 538_201 
2022-04-07 19:26:20,623 - processing completed: 538_201
2022-04-07 19:26:20,628 - processing started: 540_202 
2022-04-07 19:26:20,777 - processing completed: 540_202
2022-04-07 19:26:20,781 - processing started: 542_203 
2022-04-07 19:26:20,873 - processing completed: 542_203
2022-04-07 19:26:20,878 - processing started: 544_204 
2022-04-07 19:26:21,028 - processing completed: 544_204
2022-04-07 19:26:21,032 - processing started: 546_205 
2022-04-07 19:26:21,123 - processing completed: 546_205
2022-04-07 19:26:21,127 - processing started: 548_206 
2022-04-07 19:26:21,275 - processing completed: 548_206
2022-04-07 19:26:21,279 - processing started: 550_207 
2022-04-07 19:26:21,370 - processing completed: 550_207
2022-04-07 19:26:21,373 - processing started: 552_207 
2022-04-07 19:26:21,519 - processing completed: 552_207
2022-04-07 19:26:21,522 - processing started: 554_208 
2022-04-07 19:26:21,612 - processing completed: 554_208
2022-04-07 19:26:21,616 - processing started: 556_209 
2022-04-07 19:26:21,760 - processing completed: 556_209
2022-04-07 19:26:21,765 - processing started: 558_210 
2022-04-07 19:26:21,856 - processing completed: 558_210
2022-04-07 19:26:21,859 - processing started: 560_211 
2022-04-07 19:26:22,005 - processing completed: 560_211
2022-04-07 19:26:22,008 - processing started: 562_212 
2022-04-07 19:26:22,099 - processing completed: 562_212
2022-04-07 19:26:22,103 - processing started: 564_213 
2022-04-07 19:26:22,253 - processing completed: 564_213
2022-04-07 19:26:22,257 - processing started: 566_214 
2022-04-07 19:26:22,404 - processing completed: 566_214
2022-04-07 19:26:22,408 - processing started: 568_214 
2022-04-07 19:26:22,498 - processing completed: 568_214
2022-04-07 19:26:22,502 - processing started: 570_214 
2022-04-07 19:26:22,649 - processing completed: 570_214
2022-04-07 19:26:22,653 - processing started: 572_215 
2022-04-07 19:26:22,743 - processing completed: 572_215
2022-04-07 19:26:22,748 - processing started: 574_216 
2022-04-07 19:26:22,892 - processing completed: 574_216
2022-04-07 19:26:22,896 - processing started: 576_217 
2022-04-07 19:26:22,987 - processing completed: 576_217
2022-04-07 19:26:22,991 - processing started: 578_218 
2022-04-07 19:26:23,137 - processing completed: 578_218
2022-04-07 19:26:23,141 - processing started: 580_219 
2022-04-07 19:26:23,232 - processing completed: 580_219
2022-04-07 19:26:23,236 - processing started: 582_220 
2022-04-07 19:26:23,382 - processing completed: 582_220
2022-04-07 19:26:23,386 - processing started: 584_221 
2022-04-07 19:26:23,477 - processing completed: 584_221
2022-04-07 19:26:23,482 - processing started: 586_221 
2022-04-07 19:26:23,631 - processing completed: 586_221
2022-04-07 19:26:23,635 - processing started: 588_222 
2022-04-07 19:26:23,728 - processing completed: 588_222
2022-04-07 19:26:23,733 - processing started: 590_222 
2022-04-07 19:26:23,887 - processing completed: 590_222
2022-04-07 19:26:23,891 - processing started: 592_223 
2022-04-07 19:26:23,964 - processing completed: 592_223
2022-04-07 19:26:23,968 - processing started: 594_224 
2022-04-07 19:26:24,133 - processing completed: 594_224
2022-04-07 19:26:24,137 - processing started: 596_224 
2022-04-07 19:26:24,306 - processing completed: 596_224
2022-04-07 19:26:24,312 - processing started: 598_225 
2022-04-07 19:26:24,387 - processing completed: 598_225
2022-04-07 19:26:24,391 - processing started: 600_225 
2022-04-07 19:26:24,526 - processing completed: 600_225
2022-04-07 19:26:24,530 - processing started: 602_226 
2022-04-07 19:26:24,607 - processing completed: 602_226
2022-04-07 19:26:24,611 - processing started: 604_226 
2022-04-07 19:26:24,742 - processing completed: 604_226
2022-04-07 19:26:24,745 - processing started: 606_227 
2022-04-07 19:26:24,838 - processing completed: 606_227
2022-04-07 19:26:24,842 - processing started: 608_227 
2022-04-07 19:26:24,992 - processing completed: 608_227
2022-04-07 19:26:24,995 - processing started: 610_227 
2022-04-07 19:26:25,074 - processing completed: 610_227
2022-04-07 19:26:25,077 - processing started: 612_227 
2022-04-07 19:26:25,255 - processing completed: 612_227
2022-04-07 19:26:25,259 - processing started: 614_227 
2022-04-07 19:26:25,339 - processing completed: 614_227
2022-04-07 19:26:25,343 - processing started: 616_228 
2022-04-07 19:26:25,472 - processing completed: 616_228
2022-04-07 19:26:25,475 - processing started: 618_229 
2022-04-07 19:26:25,553 - processing completed: 618_229
2022-04-07 19:26:25,557 - processing started: 620_230 
2022-04-07 19:26:25,684 - processing completed: 620_230
2022-04-07 19:26:25,688 - processing started: 622_230 
2022-04-07 19:26:25,764 - processing completed: 622_230
2022-04-07 19:26:25,767 - processing started: 624_231 
2022-04-07 19:26:25,893 - processing completed: 624_231
2022-04-07 19:26:25,896 - processing started: 626_232 
2022-04-07 19:26:26,029 - processing completed: 626_232
2022-04-07 19:26:26,032 - processing started: 628_232 
2022-04-07 19:26:26,103 - processing completed: 628_232
2022-04-07 19:26:26,108 - processing started: 630_232 
2022-04-07 19:26:26,238 - processing completed: 630_232
2022-04-07 19:26:26,241 - processing started: 632_233 
2022-04-07 19:26:26,314 - processing completed: 632_233
2022-04-07 19:26:26,318 - processing started: 634_234 
2022-04-07 19:26:26,448 - processing completed: 634_234
2022-04-07 19:26:26,451 - processing started: 636_234 
2022-04-07 19:26:26,524 - processing completed: 636_234
2022-04-07 19:26:26,527 - processing started: 638_235 
2022-04-07 19:26:26,674 - processing completed: 638_235
2022-04-07 19:26:26,678 - processing started: 640_236 
2022-04-07 19:26:26,771 - processing completed: 640_236
2022-04-07 19:26:26,775 - processing started: 642_236 
2022-04-07 19:26:26,923 - processing completed: 642_236
2022-04-07 19:26:26,927 - processing started: 644_237 
2022-04-07 19:26:27,025 - processing completed: 644_237
2022-04-07 19:26:27,029 - processing started: 646_238 
2022-04-07 19:26:27,178 - processing completed: 646_238
2022-04-07 19:26:27,182 - processing started: 648_239 
2022-04-07 19:26:27,276 - processing completed: 648_239
2022-04-07 19:26:27,280 - processing started: 650_240 
2022-04-07 19:26:27,431 - processing completed: 650_240
2022-04-07 19:26:27,435 - processing started: 652_240 
2022-04-07 19:26:27,530 - processing completed: 652_240
2022-04-07 19:26:27,533 - processing started: 654_241 
2022-04-07 19:26:27,680 - processing completed: 654_241
2022-04-07 19:26:27,684 - processing started: 656_242 
2022-04-07 19:26:27,833 - processing completed: 656_242
2022-04-07 19:26:27,838 - processing started: 658_243 
2022-04-07 19:26:27,932 - processing completed: 658_243
2022-04-07 19:26:27,937 - processing started: 660_243 
2022-04-07 19:26:28,090 - processing completed: 660_243
2022-04-07 19:26:28,093 - processing started: 662_244 
2022-04-07 19:26:28,155 - processing completed: 662_244
2022-04-07 19:26:28,158 - processing started: 664_245 
2022-04-07 19:26:28,269 - processing completed: 664_245
2022-04-07 19:26:28,272 - processing started: 666_246 
2022-04-07 19:26:28,333 - processing completed: 666_246
2022-04-07 19:26:28,336 - processing started: 668_247 
2022-04-07 19:26:28,456 - processing completed: 668_247
2022-04-07 19:26:28,459 - processing started: 670_248 
2022-04-07 19:26:28,517 - processing completed: 670_248
2022-04-07 19:26:28,520 - processing started: 672_248 
2022-04-07 19:26:28,630 - processing completed: 672_248
2022-04-07 19:26:28,633 - processing started: 674_249 
2022-04-07 19:26:28,691 - processing completed: 674_249
2022-04-07 19:26:28,694 - processing started: 676_250 
2022-04-07 19:26:28,805 - processing completed: 676_250
2022-04-07 19:26:28,807 - processing started: 678_251 
2022-04-07 19:26:28,867 - processing completed: 678_251
2022-04-07 19:26:28,870 - processing started: 680_252 
2022-04-07 19:26:28,982 - processing completed: 680_252
2022-04-07 19:26:28,986 - processing started: 682_252 
2022-04-07 19:26:29,044 - processing completed: 682_252
2022-04-07 19:26:29,046 - processing started: 684_253 
2022-04-07 19:26:29,177 - processing completed: 684_253
2022-04-07 19:26:29,180 - processing started: 686_254 
2022-04-07 19:26:29,312 - processing completed: 686_254
2022-04-07 19:26:29,315 - processing started: 688_255 
2022-04-07 19:26:29,393 - processing completed: 688_255
2022-04-07 19:26:29,397 - processing started: 690_256 
2022-04-07 19:26:29,545 - processing completed: 690_256
2022-04-07 19:26:29,548 - processing started: 692_257 
2022-04-07 19:26:29,630 - processing completed: 692_257
2022-04-07 19:26:29,633 - processing started: 694_257 
2022-04-07 19:26:29,764 - processing completed: 694_257
2022-04-07 19:26:29,767 - processing started: 696_258 
2022-04-07 19:26:29,844 - processing completed: 696_258
2022-04-07 19:26:29,847 - processing started: 698_258 
2022-04-07 19:26:29,978 - processing completed: 698_258
2022-04-07 19:26:29,982 - processing started: 700_259 
2022-04-07 19:26:30,052 - processing completed: 700_259
2022-04-07 19:26:30,055 - processing started: 702_260 
2022-04-07 19:26:30,189 - processing completed: 702_260
2022-04-07 19:26:30,192 - processing started: 704_261 
2022-04-07 19:26:30,272 - processing completed: 704_261
2022-04-07 19:26:30,275 - processing started: 706_261 
2022-04-07 19:26:30,416 - processing completed: 706_261
2022-04-07 19:26:30,419 - processing started: 708_262 
2022-04-07 19:26:30,493 - processing completed: 708_262
2022-04-07 19:26:30,496 - processing started: 710_263 
2022-04-07 19:26:30,650 - processing completed: 710_263
2022-04-07 19:26:30,653 - processing started: 712_264 
2022-04-07 19:26:30,784 - processing completed: 712_264
2022-04-07 19:26:30,787 - processing started: 714_264 
2022-04-07 19:26:30,858 - processing completed: 714_264
2022-04-07 19:26:30,862 - processing started: 716_265 
2022-04-07 19:26:30,988 - processing completed: 716_265
2022-04-07 19:26:30,992 - processing started: 718_266 
2022-04-07 19:26:31,067 - processing completed: 718_266
2022-04-07 19:26:31,070 - processing started: 720_267 
2022-04-07 19:26:31,197 - processing completed: 720_267
2022-04-07 19:26:31,201 - processing started: 722_267 
2022-04-07 19:26:31,274 - processing completed: 722_267
2022-04-07 19:26:31,278 - processing started: 724_267 
2022-04-07 19:26:31,406 - processing completed: 724_267
2022-04-07 19:26:31,410 - processing started: 726_268 
2022-04-07 19:26:31,486 - processing completed: 726_268
2022-04-07 19:26:31,490 - processing started: 728_268 
2022-04-07 19:26:31,623 - processing completed: 728_268
2022-04-07 19:26:31,627 - processing started: 730_268 
2022-04-07 19:26:31,705 - processing completed: 730_268
2022-04-07 19:26:31,709 - processing started: 732_268 
2022-04-07 19:26:31,837 - processing completed: 732_268
2022-04-07 19:26:31,842 - processing started: 734_268 
2022-04-07 19:26:31,916 - processing completed: 734_268
2022-04-07 19:26:31,919 - processing started: 736_269 
2022-04-07 19:26:32,049 - processing completed: 736_269
2022-04-07 19:26:32,053 - processing started: 738_270 
2022-04-07 19:26:32,136 - processing completed: 738_270
2022-04-07 19:26:32,138 - processing started: 740_271 
2022-04-07 19:26:32,284 - processing completed: 740_271
2022-04-07 19:26:32,288 - processing started: 742_272 
2022-04-07 19:26:32,415 - processing completed: 742_272
2022-04-07 19:26:32,418 - processing started: 744_272 
2022-04-07 19:26:32,489 - processing completed: 744_272
2022-04-07 19:26:32,492 - processing started: 746_273 
2022-04-07 19:26:32,625 - processing completed: 746_273
2022-04-07 19:26:32,630 - processing started: 748_274 
2022-04-07 19:26:32,698 - processing completed: 748_274
2022-04-07 19:26:32,702 - processing started: 750_274 
2022-04-07 19:26:32,830 - processing completed: 750_274
2022-04-07 19:26:32,835 - processing started: 752_275 
2022-04-07 19:26:32,906 - processing completed: 752_275
2022-04-07 19:26:32,909 - processing started: 754_275 
2022-04-07 19:26:33,036 - processing completed: 754_275
2022-04-07 19:26:33,040 - processing started: 756_276 
2022-04-07 19:26:33,113 - processing completed: 756_276
2022-04-07 19:26:33,116 - processing started: 758_277 
2022-04-07 19:26:33,246 - processing completed: 758_277
2022-04-07 19:26:33,250 - processing started: 760_278 
2022-04-07 19:26:33,327 - processing completed: 760_278
2022-04-07 19:26:33,330 - processing started: 762_278 
2022-04-07 19:26:33,466 - processing completed: 762_278
2022-04-07 19:26:33,470 - processing started: 764_279 
2022-04-07 19:26:33,546 - processing completed: 764_279
2022-04-07 19:26:33,549 - processing started: 766_280 
2022-04-07 19:26:33,678 - processing completed: 766_280
2022-04-07 19:26:33,681 - processing started: 768_281 
2022-04-07 19:26:33,747 - processing completed: 768_281
2022-04-07 19:26:33,750 - processing started: 770_282 
2022-04-07 19:26:33,876 - processing completed: 770_282
2022-04-07 19:26:33,878 - processing started: 772_283 
2022-04-07 19:26:34,013 - processing completed: 772_283
2022-04-07 19:26:34,016 - processing started: 774_284 
2022-04-07 19:26:34,076 - processing completed: 774_284
2022-04-07 19:26:34,079 - processing started: 776_285 
2022-04-07 19:26:34,195 - processing completed: 776_285
2022-04-07 19:26:34,198 - processing started: 778_285 
2022-04-07 19:26:34,262 - processing completed: 778_285
2022-04-07 19:26:34,264 - processing started: 780_286 
2022-04-07 19:26:34,449 - processing completed: 780_286
2022-04-07 19:26:34,454 - processing started: 782_287 
2022-04-07 19:26:34,514 - processing completed: 782_287
2022-04-07 19:26:34,517 - processing started: 784_288 
2022-04-07 19:26:34,639 - processing completed: 784_288
2022-04-07 19:26:34,642 - processing started: 786_289 
2022-04-07 19:26:34,702 - processing completed: 786_289
2022-04-07 19:26:34,706 - processing started: 788_290 
2022-04-07 19:26:34,834 - processing completed: 788_290
2022-04-07 19:26:34,836 - processing started: 790_290 
2022-04-07 19:26:34,896 - processing completed: 790_290
2022-04-07 19:26:34,899 - processing started: 792_291 
2022-04-07 19:26:35,020 - processing completed: 792_291
2022-04-07 19:26:35,023 - processing started: 794_292 
2022-04-07 19:26:35,081 - processing completed: 794_292
2022-04-07 19:26:35,085 - processing started: 796_293 
2022-04-07 19:26:35,180 - processing completed: 796_293
2022-04-07 19:26:35,182 - processing started: 798_294 
2022-04-07 19:26:35,218 - processing completed: 798_294
2022-04-07 19:26:35,221 - processing started: 800_295 
2022-04-07 19:26:35,333 - processing completed: 800_295
2022-04-07 19:26:35,336 - processing started: 802_296 
2022-04-07 19:26:35,454 - processing completed: 802_296
2022-04-07 19:26:35,457 - processing started: 804_296 
2022-04-07 19:26:35,518 - processing completed: 804_296
2022-04-07 19:26:35,520 - processing started: 806_297 
2022-04-07 19:26:35,704 - processing completed: 806_297
2022-04-07 19:26:35,709 - processing started: 808_298 
2022-04-07 19:26:35,769 - processing completed: 808_298
2022-04-07 19:26:35,771 - processing started: 810_299 
2022-04-07 19:26:35,884 - processing completed: 810_299
2022-04-07 19:26:35,887 - processing started: 0_0 
2022-04-07 19:26:35,888 - Closing connection (200): Normal shutdown
2022-04-07 19:26:35,888 - Closing channel (200): 'Normal shutdown' on <Channel number=1 OPEN conn=<SelectConnection OPEN transport=<pika.adapters.utils.io_services_utils._AsyncPlaintextTransport object at 0x11a6d41c0> params=<ConnectionParameters host=localhost port=5672 virtual_host=/ ssl=False>>>
2022-04-07 19:26:35,889 - Received <Channel.CloseOk> on <Channel number=1 CLOSING conn=<SelectConnection OPEN transport=<pika.adapters.utils.io_services_utils._AsyncPlaintextTransport object at 0x11a6d41c0> params=<ConnectionParameters host=localhost port=5672 virtual_host=/ ssl=False>>>
2022-04-07 19:26:35,889 - Closing connection (200): 'Normal shutdown'
2022-04-07 19:26:35,889 - Aborting transport connection: state=1; <socket.socket fd=22, family=AddressFamily.AF_INET, type=SocketKind.SOCK_STREAM, proto=6, laddr=('127.0.0.1', 63868), raddr=('127.0.0.1', 5672)>
2022-04-07 19:26:35,889 - _AsyncTransportBase._initate_abort(): Initiating abrupt asynchronous transport shutdown: state=1; error=None; <socket.socket fd=22, family=AddressFamily.AF_INET, type=SocketKind.SOCK_STREAM, proto=6, laddr=('127.0.0.1', 63868), raddr=('127.0.0.1', 5672)>
2022-04-07 19:26:35,889 - Deactivating transport: state=1; <socket.socket fd=22, family=AddressFamily.AF_INET, type=SocketKind.SOCK_STREAM, proto=6, laddr=('127.0.0.1', 63868), raddr=('127.0.0.1', 5672)>
2022-04-07 19:26:35,890 - AMQP stack terminated, failed to connect, or aborted: opened=True, error-arg=None; pending-error=ConnectionClosedByClient: (200) 'Normal shutdown'
2022-04-07 19:26:35,890 - Stack terminated due to ConnectionClosedByClient: (200) 'Normal shutdown'
2022-04-07 19:26:35,890 - Closing transport socket and unlinking: state=3; <socket.socket fd=22, family=AddressFamily.AF_INET, type=SocketKind.SOCK_STREAM, proto=6, laddr=('127.0.0.1', 63868), raddr=('127.0.0.1', 5672)>
2022-04-07 19:26:35,890 - User-initiated close: result=BlockingConnection__OnClosedArgs(connection=<SelectConnection CLOSED transport=None params=<ConnectionParameters host=localhost port=5672 virtual_host=/ ssl=False>>, error=ConnectionClosedByClient: (200) 'Normal shutdown')
2022-04-07 19:26:35,890 - PID 94769 completed loading and processing
