2022-04-07 19:23:16,101 - PID 94252 started loading and processing
2022-04-07 19:23:16,107 - Pika version 1.2.0 connecting to ('::1', 5672, 0, 0)
2022-04-07 19:23:16,108 - Socket failed to connect: <socket.socket fd=22, family=AddressFamily.AF_INET6, type=SocketKind.SOCK_STREAM, proto=6, laddr=('::1', 63827, 0, 0)>; error=61 (Connection refused)
2022-04-07 19:23:16,108 - TCP Connection attempt failed: ConnectionRefusedError(61, 'Connection refused'); dest=(<AddressFamily.AF_INET6: 30>, <SocketKind.SOCK_STREAM: 1>, 6, '', ('::1', 5672, 0, 0))
2022-04-07 19:23:16,108 - AMQPConnector - reporting failure: AMQPConnectorSocketConnectError: ConnectionRefusedError(61, 'Connection refused')
2022-04-07 19:23:16,108 - Pika version 1.2.0 connecting to ('127.0.0.1', 5672)
2022-04-07 19:23:16,109 - Socket connected: <socket.socket fd=22, family=AddressFamily.AF_INET, type=SocketKind.SOCK_STREAM, proto=6, laddr=('127.0.0.1', 63829), raddr=('127.0.0.1', 5672)>
2022-04-07 19:23:16,109 - Streaming transport linked up: (<pika.adapters.utils.io_services_utils._AsyncPlaintextTransport object at 0x120fa0d60>, _StreamingProtocolShim: <SelectConnection PROTOCOL transport=<pika.adapters.utils.io_services_utils._AsyncPlaintextTransport object at 0x120fa0d60> params=<ConnectionParameters host=localhost port=5672 virtual_host=/ ssl=False>>).
2022-04-07 19:23:16,122 - AMQPConnector - reporting success: <SelectConnection OPEN transport=<pika.adapters.utils.io_services_utils._AsyncPlaintextTransport object at 0x120fa0d60> params=<ConnectionParameters host=localhost port=5672 virtual_host=/ ssl=False>>
2022-04-07 19:23:16,122 - AMQPConnectionWorkflow - reporting success: <SelectConnection OPEN transport=<pika.adapters.utils.io_services_utils._AsyncPlaintextTransport object at 0x120fa0d60> params=<ConnectionParameters host=localhost port=5672 virtual_host=/ ssl=False>>
2022-04-07 19:23:16,123 - Connection workflow succeeded: <SelectConnection OPEN transport=<pika.adapters.utils.io_services_utils._AsyncPlaintextTransport object at 0x120fa0d60> params=<ConnectionParameters host=localhost port=5672 virtual_host=/ ssl=False>>
2022-04-07 19:23:16,123 - Created channel=1
2022-04-07 19:23:16,125 - Logging before start consuming
2022-04-07 19:23:17,017 - processing started: 1_000 
2022-04-07 19:23:17,221 - processing completed: 1_000
2022-04-07 19:23:17,241 - processing started: 3_001 
2022-04-07 19:23:17,451 - processing completed: 3_001
2022-04-07 19:23:17,456 - processing started: 5_002 
2022-04-07 19:23:17,668 - processing completed: 5_002
2022-04-07 19:23:17,673 - processing started: 7_003 
2022-04-07 19:23:17,830 - processing completed: 7_003
2022-04-07 19:23:17,835 - processing started: 9_003 
2022-04-07 19:23:18,033 - processing completed: 9_003
2022-04-07 19:23:18,038 - processing started: 11_004 
2022-04-07 19:23:18,073 - processing completed: 11_004
2022-04-07 19:23:18,076 - processing started: 13_005 
2022-04-07 19:23:18,283 - processing completed: 13_005
2022-04-07 19:23:18,288 - processing started: 15_005 
2022-04-07 19:23:18,433 - processing completed: 15_005
2022-04-07 19:23:18,438 - processing started: 17_006 
2022-04-07 19:23:18,580 - processing completed: 17_006
2022-04-07 19:23:18,583 - processing started: 19_007 
2022-04-07 19:23:18,741 - processing completed: 19_007
2022-04-07 19:23:18,746 - processing started: 21_008 
2022-04-07 19:23:18,953 - processing completed: 21_008
2022-04-07 19:23:18,958 - processing started: 23_009 
2022-04-07 19:23:19,115 - processing completed: 23_009
2022-04-07 19:23:19,120 - processing started: 25_010 
2022-04-07 19:23:19,328 - processing completed: 25_010
2022-04-07 19:23:19,333 - processing started: 27_011 
2022-04-07 19:23:19,478 - processing completed: 27_011
2022-04-07 19:23:19,483 - processing started: 29_012 
2022-04-07 19:23:19,598 - processing completed: 29_012
2022-04-07 19:23:19,601 - processing started: 31_013 
2022-04-07 19:23:19,712 - processing completed: 31_013
2022-04-07 19:23:19,716 - processing started: 33_014 
2022-04-07 19:23:19,854 - processing completed: 33_014
2022-04-07 19:23:19,858 - processing started: 35_014 
2022-04-07 19:23:19,990 - processing completed: 35_014
2022-04-07 19:23:19,992 - processing started: 37_014 
2022-04-07 19:23:20,067 - processing completed: 37_014
2022-04-07 19:23:20,070 - processing started: 39_015 
2022-04-07 19:23:20,217 - processing completed: 39_015
2022-04-07 19:23:20,220 - processing started: 41_015 
2022-04-07 19:23:20,305 - processing completed: 41_015
2022-04-07 19:23:20,310 - processing started: 43_016 
2022-04-07 19:23:20,457 - processing completed: 43_016
2022-04-07 19:23:20,461 - processing started: 45_017 
2022-04-07 19:23:20,544 - processing completed: 45_017
2022-04-07 19:23:20,547 - processing started: 47_017 
2022-04-07 19:23:20,694 - processing completed: 47_017
2022-04-07 19:23:20,698 - processing started: 49_018 
2022-04-07 19:23:20,775 - processing completed: 49_018
2022-04-07 19:23:20,778 - processing started: 51_019 
2022-04-07 19:23:20,935 - processing completed: 51_019
2022-04-07 19:23:20,939 - processing started: 53_020 
2022-04-07 19:23:21,030 - processing completed: 53_020
2022-04-07 19:23:21,035 - processing started: 55_021 
2022-04-07 19:23:21,183 - processing completed: 55_021
2022-04-07 19:23:21,186 - processing started: 57_022 
2022-04-07 19:23:21,262 - processing completed: 57_022
2022-04-07 19:23:21,265 - processing started: 59_023 
2022-04-07 19:23:21,419 - processing completed: 59_023
2022-04-07 19:23:21,423 - processing started: 61_023 
2022-04-07 19:23:21,503 - processing completed: 61_023
2022-04-07 19:23:21,506 - processing started: 63_024 
2022-04-07 19:23:21,634 - processing completed: 63_024
2022-04-07 19:23:21,637 - processing started: 65_024 
2022-04-07 19:23:21,769 - processing completed: 65_024
2022-04-07 19:23:21,772 - processing started: 67_025 
2022-04-07 19:23:21,850 - processing completed: 67_025
2022-04-07 19:23:21,853 - processing started: 69_026 
2022-04-07 19:23:21,990 - processing completed: 69_026
2022-04-07 19:23:21,994 - processing started: 71_027 
2022-04-07 19:23:22,071 - processing completed: 71_027
2022-04-07 19:23:22,074 - processing started: 73_028 
2022-04-07 19:23:22,206 - processing completed: 73_028
2022-04-07 19:23:22,209 - processing started: 75_029 
2022-04-07 19:23:22,288 - processing completed: 75_029
2022-04-07 19:23:22,292 - processing started: 77_030 
2022-04-07 19:23:22,425 - processing completed: 77_030
2022-04-07 19:23:22,429 - processing started: 79_030 
2022-04-07 19:23:22,506 - processing completed: 79_030
2022-04-07 19:23:22,510 - processing started: 81_031 
2022-04-07 19:23:22,650 - processing completed: 81_031
2022-04-07 19:23:22,653 - processing started: 83_032 
2022-04-07 19:23:22,763 - processing completed: 83_032
2022-04-07 19:23:22,767 - processing started: 85_032 
2022-04-07 19:23:22,941 - processing completed: 85_032
2022-04-07 19:23:22,945 - processing started: 87_032 
2022-04-07 19:23:23,065 - processing completed: 87_032
2022-04-07 19:23:23,069 - processing started: 89_033 
2022-04-07 19:23:23,210 - processing completed: 89_033
2022-04-07 19:23:23,213 - processing started: 91_033 
2022-04-07 19:23:23,288 - processing completed: 91_033
2022-04-07 19:23:23,291 - processing started: 93_034 
2022-04-07 19:23:23,428 - processing completed: 93_034
2022-04-07 19:23:23,432 - processing started: 95_035 
2022-04-07 19:23:23,569 - processing completed: 95_035
2022-04-07 19:23:23,572 - processing started: 97_035 
2022-04-07 19:23:23,647 - processing completed: 97_035
2022-04-07 19:23:23,650 - processing started: 99_036 
2022-04-07 19:23:23,788 - processing completed: 99_036
2022-04-07 19:23:23,792 - processing started: 101_037 
2022-04-07 19:23:23,869 - processing completed: 101_037
2022-04-07 19:23:23,873 - processing started: 103_037 
2022-04-07 19:23:24,017 - processing completed: 103_037
2022-04-07 19:23:24,020 - processing started: 105_038 
2022-04-07 19:23:24,097 - processing completed: 105_038
2022-04-07 19:23:24,101 - processing started: 107_039 
2022-04-07 19:23:24,245 - processing completed: 107_039
2022-04-07 19:23:24,248 - processing started: 109_040 
2022-04-07 19:23:24,324 - processing completed: 109_040
2022-04-07 19:23:24,327 - processing started: 111_040 
2022-04-07 19:23:24,472 - processing completed: 111_040
2022-04-07 19:23:24,475 - processing started: 113_040 
2022-04-07 19:23:24,553 - processing completed: 113_040
2022-04-07 19:23:24,556 - processing started: 115_040 
2022-04-07 19:23:24,704 - processing completed: 115_040
2022-04-07 19:23:24,708 - processing started: 117_041 
2022-04-07 19:23:24,785 - processing completed: 117_041
2022-04-07 19:23:24,789 - processing started: 119_042 
2022-04-07 19:23:24,926 - processing completed: 119_042
2022-04-07 19:23:24,929 - processing started: 121_042 
2022-04-07 19:23:25,006 - processing completed: 121_042
2022-04-07 19:23:25,010 - processing started: 123_043 
2022-04-07 19:23:25,145 - processing completed: 123_043
2022-04-07 19:23:25,149 - processing started: 125_044 
2022-04-07 19:23:25,274 - processing completed: 125_044
2022-04-07 19:23:25,278 - processing started: 127_045 
2022-04-07 19:23:25,352 - processing completed: 127_045
2022-04-07 19:23:25,355 - processing started: 129_045 
2022-04-07 19:23:25,502 - processing completed: 129_045
2022-04-07 19:23:25,505 - processing started: 131_046 
2022-04-07 19:23:25,579 - processing completed: 131_046
2022-04-07 19:23:25,583 - processing started: 133_047 
2022-04-07 19:23:25,732 - processing completed: 133_047
2022-04-07 19:23:25,735 - processing started: 135_048 
2022-04-07 19:23:25,809 - processing completed: 135_048
2022-04-07 19:23:25,812 - processing started: 137_049 
2022-04-07 19:23:25,958 - processing completed: 137_049
2022-04-07 19:23:25,961 - processing started: 139_049 
2022-04-07 19:23:26,044 - processing completed: 139_049
2022-04-07 19:23:26,048 - processing started: 141_050 
2022-04-07 19:23:26,191 - processing completed: 141_050
2022-04-07 19:23:26,194 - processing started: 143_051 
2022-04-07 19:23:26,270 - processing completed: 143_051
2022-04-07 19:23:26,273 - processing started: 145_051 
2022-04-07 19:23:26,411 - processing completed: 145_051
2022-04-07 19:23:26,414 - processing started: 147_051 
2022-04-07 19:23:26,491 - processing completed: 147_051
2022-04-07 19:23:26,494 - processing started: 149_052 
2022-04-07 19:23:26,632 - processing completed: 149_052
2022-04-07 19:23:26,635 - processing started: 151_053 
2022-04-07 19:23:26,715 - processing completed: 151_053
2022-04-07 19:23:26,718 - processing started: 153_054 
2022-04-07 19:23:26,862 - processing completed: 153_054
2022-04-07 19:23:26,865 - processing started: 155_055 
2022-04-07 19:23:26,997 - processing completed: 155_055
2022-04-07 19:23:27,001 - processing started: 157_056 
2022-04-07 19:23:27,087 - processing completed: 157_056
2022-04-07 19:23:27,091 - processing started: 159_057 
2022-04-07 19:23:27,234 - processing completed: 159_057
2022-04-07 19:23:27,237 - processing started: 161_058 
2022-04-07 19:23:27,358 - processing completed: 161_058
2022-04-07 19:23:27,363 - processing started: 163_059 
2022-04-07 19:23:27,503 - processing completed: 163_059
2022-04-07 19:23:27,507 - processing started: 165_060 
2022-04-07 19:23:27,582 - processing completed: 165_060
2022-04-07 19:23:27,585 - processing started: 167_060 
2022-04-07 19:23:27,713 - processing completed: 167_060
2022-04-07 19:23:27,718 - processing started: 169_061 
2022-04-07 19:23:27,798 - processing completed: 169_061
2022-04-07 19:23:27,801 - processing started: 171_062 
2022-04-07 19:23:27,933 - processing completed: 171_062
2022-04-07 19:23:27,936 - processing started: 173_063 
2022-04-07 19:23:28,090 - processing completed: 173_063
2022-04-07 19:23:28,095 - processing started: 175_064 
2022-04-07 19:23:28,296 - processing completed: 175_064
2022-04-07 19:23:28,301 - processing started: 177_064 
2022-04-07 19:23:28,457 - processing completed: 177_064
2022-04-07 19:23:28,463 - processing started: 179_065 
2022-04-07 19:23:28,669 - processing completed: 179_065
2022-04-07 19:23:28,674 - processing started: 181_066 
2022-04-07 19:23:28,892 - processing completed: 181_066
2022-04-07 19:23:28,897 - processing started: 183_066 
2022-04-07 19:23:29,052 - processing completed: 183_066
2022-04-07 19:23:29,057 - processing started: 185_066 
2022-04-07 19:23:29,266 - processing completed: 185_066
2022-04-07 19:23:29,271 - processing started: 187_066 
2022-04-07 19:23:29,389 - processing completed: 187_066
2022-04-07 19:23:29,393 - processing started: 189_067 
2022-04-07 19:23:29,600 - processing completed: 189_067
2022-04-07 19:23:29,605 - processing started: 191_067 
2022-04-07 19:23:29,760 - processing completed: 191_067
2022-04-07 19:23:29,765 - processing started: 193_068 
2022-04-07 19:23:29,927 - processing completed: 193_068
2022-04-07 19:23:29,931 - processing started: 195_069 
2022-04-07 19:23:30,042 - processing completed: 195_069
2022-04-07 19:23:30,046 - processing started: 197_069 
2022-04-07 19:23:30,211 - processing completed: 197_069
2022-04-07 19:23:30,215 - processing started: 199_070 
2022-04-07 19:23:30,372 - processing completed: 199_070
2022-04-07 19:23:30,377 - processing started: 201_071 
2022-04-07 19:23:30,587 - processing completed: 201_071
2022-04-07 19:23:30,592 - processing started: 203_072 
2022-04-07 19:23:30,743 - processing completed: 203_072
2022-04-07 19:23:30,747 - processing started: 205_072 
2022-04-07 19:23:30,963 - processing completed: 205_072
2022-04-07 19:23:30,968 - processing started: 207_073 
2022-04-07 19:23:31,118 - processing completed: 207_073
2022-04-07 19:23:31,123 - processing started: 209_074 
2022-04-07 19:23:31,332 - processing completed: 209_074
2022-04-07 19:23:31,338 - processing started: 211_075 
2022-04-07 19:23:31,559 - processing completed: 211_075
2022-04-07 19:23:31,564 - processing started: 213_076 
2022-04-07 19:23:31,718 - processing completed: 213_076
2022-04-07 19:23:31,723 - processing started: 215_077 
2022-04-07 19:23:31,901 - processing completed: 215_077
2022-04-07 19:23:31,906 - processing started: 217_077 
2022-04-07 19:23:32,064 - processing completed: 217_077
2022-04-07 19:23:32,069 - processing started: 219_078 
2022-04-07 19:23:32,288 - processing completed: 219_078
2022-04-07 19:23:32,293 - processing started: 221_079 
2022-04-07 19:23:32,443 - processing completed: 221_079
2022-04-07 19:23:32,447 - processing started: 223_080 
2022-04-07 19:23:32,574 - processing completed: 223_080
2022-04-07 19:23:32,578 - processing started: 225_081 
2022-04-07 19:23:32,670 - processing completed: 225_081
2022-04-07 19:23:32,674 - processing started: 227_081 
2022-04-07 19:23:32,819 - processing completed: 227_081
2022-04-07 19:23:32,824 - processing started: 229_081 
2022-04-07 19:23:32,917 - processing completed: 229_081
2022-04-07 19:23:32,921 - processing started: 231_081 
2022-04-07 19:23:33,080 - processing completed: 231_081
2022-04-07 19:23:33,084 - processing started: 233_082 
2022-04-07 19:23:33,174 - processing completed: 233_082
2022-04-07 19:23:33,178 - processing started: 235_082 
2022-04-07 19:23:33,320 - processing completed: 235_082
2022-04-07 19:23:33,324 - processing started: 237_083 
2022-04-07 19:23:33,415 - processing completed: 237_083
2022-04-07 19:23:33,419 - processing started: 239_084 
2022-04-07 19:23:33,567 - processing completed: 239_084
2022-04-07 19:23:33,571 - processing started: 241_085 
2022-04-07 19:23:33,718 - processing completed: 241_085
2022-04-07 19:23:33,721 - processing started: 243_086 
2022-04-07 19:23:33,830 - processing completed: 243_086
2022-04-07 19:23:33,833 - processing started: 245_087 
2022-04-07 19:23:33,981 - processing completed: 245_087
2022-04-07 19:23:33,985 - processing started: 247_088 
2022-04-07 19:23:34,079 - processing completed: 247_088
2022-04-07 19:23:34,084 - processing started: 249_089 
2022-04-07 19:23:34,199 - processing completed: 249_089
2022-04-07 19:23:34,202 - processing started: 251_089 
2022-04-07 19:23:34,259 - processing completed: 251_089
2022-04-07 19:23:34,263 - processing started: 253_090 
2022-04-07 19:23:34,373 - processing completed: 253_090
2022-04-07 19:23:34,376 - processing started: 255_091 
2022-04-07 19:23:34,434 - processing completed: 255_091
2022-04-07 19:23:34,438 - processing started: 257_092 
2022-04-07 19:23:34,553 - processing completed: 257_092
2022-04-07 19:23:34,556 - processing started: 259_093 
2022-04-07 19:23:34,627 - processing completed: 259_093
2022-04-07 19:23:34,631 - processing started: 261_094 
2022-04-07 19:23:34,754 - processing completed: 261_094
2022-04-07 19:23:34,758 - processing started: 263_095 
2022-04-07 19:23:34,828 - processing completed: 263_095
2022-04-07 19:23:34,831 - processing started: 265_096 
2022-04-07 19:23:34,955 - processing completed: 265_096
2022-04-07 19:23:34,960 - processing started: 267_097 
2022-04-07 19:23:35,032 - processing completed: 267_097
2022-04-07 19:23:35,035 - processing started: 269_098 
2022-04-07 19:23:35,162 - processing completed: 269_098
2022-04-07 19:23:35,166 - processing started: 271_098 
2022-04-07 19:23:35,291 - processing completed: 271_098
2022-04-07 19:23:35,295 - processing started: 273_099 
2022-04-07 19:23:35,355 - processing completed: 273_099
2022-04-07 19:23:35,358 - processing started: 275_100 
2022-04-07 19:23:35,529 - processing completed: 275_100
2022-04-07 19:23:35,532 - processing started: 277_101 
2022-04-07 19:23:35,596 - processing completed: 277_101
2022-04-07 19:23:35,599 - processing started: 279_102 
2022-04-07 19:23:35,717 - processing completed: 279_102
2022-04-07 19:23:35,720 - processing started: 281_103 
2022-04-07 19:23:35,782 - processing completed: 281_103
2022-04-07 19:23:35,785 - processing started: 283_104 
2022-04-07 19:23:35,898 - processing completed: 283_104
2022-04-07 19:23:35,901 - processing started: 285_105 
2022-04-07 19:23:35,964 - processing completed: 285_105
2022-04-07 19:23:35,968 - processing started: 287_106 
2022-04-07 19:23:36,085 - processing completed: 287_106
2022-04-07 19:23:36,088 - processing started: 289_107 
2022-04-07 19:23:36,151 - processing completed: 289_107
2022-04-07 19:23:36,155 - processing started: 291_107 
2022-04-07 19:23:36,272 - processing completed: 291_107
2022-04-07 19:23:36,275 - processing started: 293_108 
2022-04-07 19:23:36,335 - processing completed: 293_108
2022-04-07 19:23:36,338 - processing started: 295_109 
2022-04-07 19:23:36,448 - processing completed: 295_109
2022-04-07 19:23:36,452 - processing started: 297_110 
2022-04-07 19:23:36,516 - processing completed: 297_110
2022-04-07 19:23:36,519 - processing started: 299_110 
2022-04-07 19:23:36,634 - processing completed: 299_110
2022-04-07 19:23:36,638 - processing started: 301_111 
2022-04-07 19:23:36,753 - processing completed: 301_111
2022-04-07 19:23:36,757 - processing started: 303_112 
2022-04-07 19:23:36,818 - processing completed: 303_112
2022-04-07 19:23:36,822 - processing started: 305_113 
2022-04-07 19:23:36,935 - processing completed: 305_113
2022-04-07 19:23:36,940 - processing started: 307_114 
2022-04-07 19:23:37,034 - processing completed: 307_114
2022-04-07 19:23:37,037 - processing started: 309_115 
2022-04-07 19:23:37,192 - processing completed: 309_115
2022-04-07 19:23:37,197 - processing started: 311_116 
2022-04-07 19:23:37,293 - processing completed: 311_116
2022-04-07 19:23:37,297 - processing started: 313_117 
2022-04-07 19:23:37,442 - processing completed: 313_117
2022-04-07 19:23:37,446 - processing started: 315_117 
2022-04-07 19:23:37,541 - processing completed: 315_117
2022-04-07 19:23:37,546 - processing started: 317_118 
2022-04-07 19:23:37,691 - processing completed: 317_118
2022-04-07 19:23:37,695 - processing started: 319_119 
2022-04-07 19:23:37,787 - processing completed: 319_119
2022-04-07 19:23:37,791 - processing started: 321_120 
2022-04-07 19:23:37,918 - processing completed: 321_120
2022-04-07 19:23:37,922 - processing started: 323_120 
2022-04-07 19:23:37,995 - processing completed: 323_120
2022-04-07 19:23:37,999 - processing started: 325_121 
2022-04-07 19:23:38,144 - processing completed: 325_121
2022-04-07 19:23:38,148 - processing started: 327_122 
2022-04-07 19:23:38,243 - processing completed: 327_122
2022-04-07 19:23:38,247 - processing started: 329_123 
2022-04-07 19:23:38,395 - processing completed: 329_123
2022-04-07 19:23:38,400 - processing started: 331_124 
2022-04-07 19:23:38,553 - processing completed: 331_124
2022-04-07 19:23:38,558 - processing started: 333_124 
2022-04-07 19:23:38,651 - processing completed: 333_124
2022-04-07 19:23:38,655 - processing started: 335_124 
2022-04-07 19:23:38,803 - processing completed: 335_124
2022-04-07 19:23:38,808 - processing started: 337_124 
2022-04-07 19:23:38,902 - processing completed: 337_124
2022-04-07 19:23:38,906 - processing started: 339_124 
2022-04-07 19:23:39,059 - processing completed: 339_124
2022-04-07 19:23:39,062 - processing started: 341_125 
2022-04-07 19:23:39,155 - processing completed: 341_125
2022-04-07 19:23:39,159 - processing started: 343_126 
2022-04-07 19:23:39,309 - processing completed: 343_126
2022-04-07 19:23:39,314 - processing started: 345_127 
2022-04-07 19:23:39,407 - processing completed: 345_127
2022-04-07 19:23:39,411 - processing started: 347_128 
2022-04-07 19:23:39,562 - processing completed: 347_128
2022-04-07 19:23:39,566 - processing started: 349_129 
2022-04-07 19:23:39,659 - processing completed: 349_129
2022-04-07 19:23:39,663 - processing started: 351_129 
2022-04-07 19:23:39,808 - processing completed: 351_129
2022-04-07 19:23:39,812 - processing started: 353_130 
2022-04-07 19:23:39,903 - processing completed: 353_130
2022-04-07 19:23:39,907 - processing started: 355_131 
2022-04-07 19:23:40,056 - processing completed: 355_131
2022-04-07 19:23:40,060 - processing started: 357_132 
2022-04-07 19:23:40,152 - processing completed: 357_132
2022-04-07 19:23:40,156 - processing started: 359_133 
2022-04-07 19:23:40,301 - processing completed: 359_133
2022-04-07 19:23:40,305 - processing started: 361_134 
2022-04-07 19:23:40,454 - processing completed: 361_134
2022-04-07 19:23:40,458 - processing started: 363_134 
2022-04-07 19:23:40,551 - processing completed: 363_134
2022-04-07 19:23:40,555 - processing started: 365_135 
2022-04-07 19:23:40,700 - processing completed: 365_135
2022-04-07 19:23:40,704 - processing started: 367_135 
2022-04-07 19:23:40,793 - processing completed: 367_135
2022-04-07 19:23:40,797 - processing started: 369_136 
2022-04-07 19:23:40,942 - processing completed: 369_136
2022-04-07 19:23:40,947 - processing started: 371_137 
2022-04-07 19:23:41,039 - processing completed: 371_137
2022-04-07 19:23:41,042 - processing started: 373_138 
2022-04-07 19:23:41,186 - processing completed: 373_138
2022-04-07 19:23:41,190 - processing started: 375_139 
2022-04-07 19:23:41,280 - processing completed: 375_139
2022-04-07 19:23:41,285 - processing started: 377_140 
2022-04-07 19:23:41,434 - processing completed: 377_140
2022-04-07 19:23:41,438 - processing started: 379_141 
2022-04-07 19:23:41,530 - processing completed: 379_141
2022-04-07 19:23:41,535 - processing started: 381_142 
2022-04-07 19:23:41,678 - processing completed: 381_142
2022-04-07 19:23:41,683 - processing started: 383_143 
2022-04-07 19:23:41,775 - processing completed: 383_143
2022-04-07 19:23:41,779 - processing started: 385_144 
2022-04-07 19:23:41,922 - processing completed: 385_144
2022-04-07 19:23:41,926 - processing started: 387_144 
2022-04-07 19:23:42,021 - processing completed: 387_144
2022-04-07 19:23:42,025 - processing started: 389_145 
2022-04-07 19:23:42,167 - processing completed: 389_145
2022-04-07 19:23:42,171 - processing started: 391_145 
2022-04-07 19:23:42,319 - processing completed: 391_145
2022-04-07 19:23:42,323 - processing started: 393_146 
2022-04-07 19:23:42,415 - processing completed: 393_146
2022-04-07 19:23:42,420 - processing started: 395_147 
2022-04-07 19:23:42,580 - processing completed: 395_147
2022-04-07 19:23:42,585 - processing started: 397_147 
2022-04-07 19:23:42,678 - processing completed: 397_147
2022-04-07 19:23:42,683 - processing started: 399_148 
2022-04-07 19:23:42,832 - processing completed: 399_148
2022-04-07 19:23:42,836 - processing started: 401_149 
2022-04-07 19:23:42,930 - processing completed: 401_149
2022-04-07 19:23:42,934 - processing started: 403_149 
2022-04-07 19:23:43,083 - processing completed: 403_149
2022-04-07 19:23:43,088 - processing started: 405_150 
2022-04-07 19:23:43,182 - processing completed: 405_150
2022-04-07 19:23:43,186 - processing started: 407_151 
2022-04-07 19:23:43,333 - processing completed: 407_151
2022-04-07 19:23:43,337 - processing started: 409_152 
2022-04-07 19:23:43,430 - processing completed: 409_152
2022-04-07 19:23:43,434 - processing started: 411_153 
2022-04-07 19:23:43,610 - processing completed: 411_153
2022-04-07 19:23:43,613 - processing started: 413_154 
2022-04-07 19:23:43,707 - processing completed: 413_154
2022-04-07 19:23:43,710 - processing started: 415_155 
2022-04-07 19:23:43,856 - processing completed: 415_155
2022-04-07 19:23:43,860 - processing started: 417_156 
2022-04-07 19:23:43,955 - processing completed: 417_156
2022-04-07 19:23:43,958 - processing started: 419_156 
2022-04-07 19:23:44,105 - processing completed: 419_156
2022-04-07 19:23:44,109 - processing started: 421_157 
2022-04-07 19:23:44,256 - processing completed: 421_157
2022-04-07 19:23:44,260 - processing started: 423_158 
2022-04-07 19:23:44,353 - processing completed: 423_158
2022-04-07 19:23:44,357 - processing started: 425_159 
2022-04-07 19:23:44,509 - processing completed: 425_159
2022-04-07 19:23:44,513 - processing started: 427_159 
2022-04-07 19:23:44,610 - processing completed: 427_159
2022-04-07 19:23:44,614 - processing started: 429_160 
2022-04-07 19:23:44,762 - processing completed: 429_160
2022-04-07 19:23:44,766 - processing started: 431_161 
2022-04-07 19:23:44,861 - processing completed: 431_161
2022-04-07 19:23:44,864 - processing started: 433_162 
2022-04-07 19:23:45,016 - processing completed: 433_162
2022-04-07 19:23:45,023 - processing started: 435_163 
2022-04-07 19:23:45,119 - processing completed: 435_163
2022-04-07 19:23:45,123 - processing started: 437_164 
2022-04-07 19:23:45,273 - processing completed: 437_164
2022-04-07 19:23:45,277 - processing started: 439_164 
2022-04-07 19:23:45,372 - processing completed: 439_164
2022-04-07 19:23:45,377 - processing started: 441_165 
2022-04-07 19:23:45,530 - processing completed: 441_165
2022-04-07 19:23:45,534 - processing started: 443_166 
2022-04-07 19:23:45,630 - processing completed: 443_166
2022-04-07 19:23:45,634 - processing started: 445_167 
2022-04-07 19:23:45,785 - processing completed: 445_167
2022-04-07 19:23:45,789 - processing started: 447_167 
2022-04-07 19:23:45,940 - processing completed: 447_167
2022-04-07 19:23:45,945 - processing started: 449_168 
2022-04-07 19:23:46,043 - processing completed: 449_168
2022-04-07 19:23:46,047 - processing started: 451_168 
2022-04-07 19:23:46,196 - processing completed: 451_168
2022-04-07 19:23:46,201 - processing started: 453_169 
2022-04-07 19:23:46,291 - processing completed: 453_169
2022-04-07 19:23:46,295 - processing started: 455_170 
2022-04-07 19:23:46,440 - processing completed: 455_170
2022-04-07 19:23:46,445 - processing started: 457_171 
2022-04-07 19:23:46,540 - processing completed: 457_171
2022-04-07 19:23:46,544 - processing started: 459_172 
2022-04-07 19:23:46,692 - processing completed: 459_172
2022-04-07 19:23:46,697 - processing started: 461_173 
2022-04-07 19:23:46,788 - processing completed: 461_173
2022-04-07 19:23:46,792 - processing started: 463_173 
2022-04-07 19:23:46,937 - processing completed: 463_173
2022-04-07 19:23:46,942 - processing started: 465_174 
2022-04-07 19:23:47,034 - processing completed: 465_174
2022-04-07 19:23:47,037 - processing started: 467_174 
2022-04-07 19:23:47,183 - processing completed: 467_174
2022-04-07 19:23:47,186 - processing started: 469_175 
2022-04-07 19:23:47,276 - processing completed: 469_175
2022-04-07 19:23:47,279 - processing started: 471_176 
2022-04-07 19:23:47,425 - processing completed: 471_176
2022-04-07 19:23:47,430 - processing started: 473_177 
2022-04-07 19:23:47,526 - processing completed: 473_177
2022-04-07 19:23:47,529 - processing started: 475_178 
2022-04-07 19:23:47,672 - processing completed: 475_178
2022-04-07 19:23:47,676 - processing started: 477_179 
2022-04-07 19:23:47,827 - processing completed: 477_179
2022-04-07 19:23:47,830 - processing started: 479_180 
2022-04-07 19:23:47,921 - processing completed: 479_180
2022-04-07 19:23:47,925 - processing started: 481_180 
2022-04-07 19:23:48,073 - processing completed: 481_180
2022-04-07 19:23:48,077 - processing started: 483_181 
2022-04-07 19:23:48,168 - processing completed: 483_181
2022-04-07 19:23:48,171 - processing started: 485_182 
2022-04-07 19:23:48,317 - processing completed: 485_182
2022-04-07 19:23:48,321 - processing started: 487_182 
2022-04-07 19:23:48,411 - processing completed: 487_182
2022-04-07 19:23:48,415 - processing started: 489_183 
2022-04-07 19:23:48,565 - processing completed: 489_183
2022-04-07 19:23:48,569 - processing started: 491_183 
2022-04-07 19:23:48,661 - processing completed: 491_183
2022-04-07 19:23:48,664 - processing started: 493_184 
2022-04-07 19:23:48,815 - processing completed: 493_184
2022-04-07 19:23:48,819 - processing started: 495_185 
2022-04-07 19:23:48,913 - processing completed: 495_185
2022-04-07 19:23:48,917 - processing started: 497_186 
2022-04-07 19:23:49,067 - processing completed: 497_186
2022-04-07 19:23:49,071 - processing started: 499_187 
2022-04-07 19:23:49,165 - processing completed: 499_187
2022-04-07 19:23:49,168 - processing started: 501_188 
2022-04-07 19:23:49,315 - processing completed: 501_188
2022-04-07 19:23:49,318 - processing started: 503_188 
2022-04-07 19:23:49,412 - processing completed: 503_188
2022-04-07 19:23:49,416 - processing started: 505_189 
2022-04-07 19:23:49,545 - processing completed: 505_189
2022-04-07 19:23:49,548 - processing started: 507_190 
2022-04-07 19:23:49,699 - processing completed: 507_190
2022-04-07 19:23:49,703 - processing started: 509_191 
2022-04-07 19:23:49,798 - processing completed: 509_191
2022-04-07 19:23:49,802 - processing started: 511_192 
2022-04-07 19:23:49,950 - processing completed: 511_192
2022-04-07 19:23:49,954 - processing started: 513_192 
2022-04-07 19:23:50,048 - processing completed: 513_192
2022-04-07 19:23:50,052 - processing started: 515_193 
2022-04-07 19:23:50,199 - processing completed: 515_193
2022-04-07 19:23:50,204 - processing started: 517_194 
2022-04-07 19:23:50,297 - processing completed: 517_194
2022-04-07 19:23:50,301 - processing started: 519_195 
2022-04-07 19:23:50,452 - processing completed: 519_195
2022-04-07 19:23:50,457 - processing started: 521_196 
2022-04-07 19:23:50,552 - processing completed: 521_196
2022-04-07 19:23:50,556 - processing started: 523_196 
2022-04-07 19:23:50,708 - processing completed: 523_196
2022-04-07 19:23:50,712 - processing started: 525_196 
2022-04-07 19:23:50,808 - processing completed: 525_196
2022-04-07 19:23:50,812 - processing started: 527_197 
2022-04-07 19:23:50,959 - processing completed: 527_197
2022-04-07 19:23:50,963 - processing started: 529_197 
2022-04-07 19:23:51,060 - processing completed: 529_197
2022-04-07 19:23:51,064 - processing started: 531_197 
2022-04-07 19:23:51,215 - processing completed: 531_197
2022-04-07 19:23:51,220 - processing started: 533_198 
2022-04-07 19:23:51,316 - processing completed: 533_198
2022-04-07 19:23:51,320 - processing started: 535_199 
2022-04-07 19:23:51,473 - processing completed: 535_199
2022-04-07 19:23:51,478 - processing started: 537_200 
2022-04-07 19:23:51,629 - processing completed: 537_200
2022-04-07 19:23:51,633 - processing started: 539_201 
2022-04-07 19:23:51,726 - processing completed: 539_201
2022-04-07 19:23:51,730 - processing started: 541_202 
2022-04-07 19:23:51,881 - processing completed: 541_202
2022-04-07 19:23:51,885 - processing started: 543_203 
2022-04-07 19:23:51,984 - processing completed: 543_203
2022-04-07 19:23:51,989 - processing started: 545_204 
2022-04-07 19:23:52,137 - processing completed: 545_204
2022-04-07 19:23:52,141 - processing started: 547_205 
2022-04-07 19:23:52,235 - processing completed: 547_205
2022-04-07 19:23:52,239 - processing started: 549_206 
2022-04-07 19:23:52,387 - processing completed: 549_206
2022-04-07 19:23:52,392 - processing started: 551_207 
2022-04-07 19:23:52,491 - processing completed: 551_207
2022-04-07 19:23:52,495 - processing started: 553_207 
2022-04-07 19:23:52,646 - processing completed: 553_207
2022-04-07 19:23:52,651 - processing started: 555_208 
2022-04-07 19:23:52,750 - processing completed: 555_208
2022-04-07 19:23:52,754 - processing started: 557_209 
2022-04-07 19:23:52,903 - processing completed: 557_209
2022-04-07 19:23:52,908 - processing started: 559_210 
2022-04-07 19:23:53,016 - processing completed: 559_210
2022-04-07 19:23:53,020 - processing started: 561_211 
2022-04-07 19:23:53,170 - processing completed: 561_211
2022-04-07 19:23:53,174 - processing started: 563_212 
2022-04-07 19:23:53,268 - processing completed: 563_212
2022-04-07 19:23:53,273 - processing started: 565_213 
2022-04-07 19:23:53,422 - processing completed: 565_213
2022-04-07 19:23:53,426 - processing started: 567_214 
2022-04-07 19:23:53,578 - processing completed: 567_214
2022-04-07 19:23:53,582 - processing started: 569_214 
2022-04-07 19:23:53,677 - processing completed: 569_214
2022-04-07 19:23:53,681 - processing started: 571_215 
2022-04-07 19:23:53,832 - processing completed: 571_215
2022-04-07 19:23:53,836 - processing started: 573_216 
2022-04-07 19:23:53,930 - processing completed: 573_216
2022-04-07 19:23:53,934 - processing started: 575_217 
2022-04-07 19:23:54,088 - processing completed: 575_217
2022-04-07 19:23:54,092 - processing started: 577_218 
2022-04-07 19:23:54,188 - processing completed: 577_218
2022-04-07 19:23:54,192 - processing started: 579_219 
2022-04-07 19:23:54,338 - processing completed: 579_219
2022-04-07 19:23:54,342 - processing started: 581_220 
2022-04-07 19:23:54,437 - processing completed: 581_220
2022-04-07 19:23:54,440 - processing started: 583_220 
2022-04-07 19:23:54,587 - processing completed: 583_220
2022-04-07 19:23:54,591 - processing started: 585_221 
2022-04-07 19:23:54,684 - processing completed: 585_221
2022-04-07 19:23:54,687 - processing started: 587_222 
2022-04-07 19:23:54,829 - processing completed: 587_222
2022-04-07 19:23:54,833 - processing started: 589_222 
2022-04-07 19:23:54,924 - processing completed: 589_222
2022-04-07 19:23:54,928 - processing started: 591_223 
2022-04-07 19:23:55,061 - processing completed: 591_223
2022-04-07 19:23:55,064 - processing started: 593_223 
2022-04-07 19:23:55,138 - processing completed: 593_223
2022-04-07 19:23:55,141 - processing started: 595_224 
2022-04-07 19:23:55,302 - processing completed: 595_224
2022-04-07 19:23:55,306 - processing started: 597_225 
2022-04-07 19:23:55,436 - processing completed: 597_225
2022-04-07 19:23:55,439 - processing started: 599_225 
2022-04-07 19:23:55,559 - processing completed: 599_225
2022-04-07 19:23:55,564 - processing started: 601_225 
2022-04-07 19:23:55,694 - processing completed: 601_225
2022-04-07 19:23:55,697 - processing started: 603_226 
2022-04-07 19:23:55,772 - processing completed: 603_226
2022-04-07 19:23:55,775 - processing started: 605_227 
2022-04-07 19:23:55,921 - processing completed: 605_227
2022-04-07 19:23:55,925 - processing started: 607_227 
2022-04-07 19:23:56,019 - processing completed: 607_227
2022-04-07 19:23:56,023 - processing started: 609_227 
2022-04-07 19:23:56,151 - processing completed: 609_227
2022-04-07 19:23:56,155 - processing started: 611_227 
2022-04-07 19:23:56,278 - processing completed: 611_227
2022-04-07 19:23:56,283 - processing started: 613_227 
2022-04-07 19:23:56,412 - processing completed: 613_227
2022-04-07 19:23:56,416 - processing started: 615_228 
2022-04-07 19:23:56,494 - processing completed: 615_228
2022-04-07 19:23:56,498 - processing started: 617_229 
2022-04-07 19:23:56,626 - processing completed: 617_229
2022-04-07 19:23:56,630 - processing started: 619_230 
2022-04-07 19:23:56,704 - processing completed: 619_230
2022-04-07 19:23:56,707 - processing started: 621_230 
2022-04-07 19:23:56,835 - processing completed: 621_230
2022-04-07 19:23:56,838 - processing started: 623_231 
2022-04-07 19:23:56,909 - processing completed: 623_231
2022-04-07 19:23:56,912 - processing started: 625_232 
2022-04-07 19:23:57,039 - processing completed: 625_232
2022-04-07 19:23:57,042 - processing started: 627_232 
2022-04-07 19:23:57,169 - processing completed: 627_232
2022-04-07 19:23:57,173 - processing started: 629_232 
2022-04-07 19:23:57,244 - processing completed: 629_232
2022-04-07 19:23:57,247 - processing started: 631_233 
2022-04-07 19:23:57,373 - processing completed: 631_233
2022-04-07 19:23:57,376 - processing started: 633_234 
2022-04-07 19:23:57,445 - processing completed: 633_234
2022-04-07 19:23:57,448 - processing started: 635_234 
2022-04-07 19:23:57,579 - processing completed: 635_234
2022-04-07 19:23:57,584 - processing started: 637_234 
2022-04-07 19:23:57,655 - processing completed: 637_234
2022-04-07 19:23:57,659 - processing started: 639_235 
2022-04-07 19:23:57,807 - processing completed: 639_235
2022-04-07 19:23:57,812 - processing started: 641_236 
2022-04-07 19:23:57,905 - processing completed: 641_236
2022-04-07 19:23:57,908 - processing started: 643_237 
2022-04-07 19:23:58,060 - processing completed: 643_237
2022-04-07 19:23:58,063 - processing started: 645_238 
2022-04-07 19:23:58,158 - processing completed: 645_238
2022-04-07 19:23:58,161 - processing started: 647_239 
2022-04-07 19:23:58,312 - processing completed: 647_239
2022-04-07 19:23:58,316 - processing started: 649_240 
2022-04-07 19:23:58,409 - processing completed: 649_240
2022-04-07 19:23:58,413 - processing started: 651_240 
2022-04-07 19:23:58,561 - processing completed: 651_240
2022-04-07 19:23:58,566 - processing started: 653_241 
2022-04-07 19:23:58,660 - processing completed: 653_241
2022-04-07 19:23:58,664 - processing started: 655_242 
2022-04-07 19:23:58,811 - processing completed: 655_242
2022-04-07 19:23:58,815 - processing started: 657_242 
2022-04-07 19:23:58,967 - processing completed: 657_242
2022-04-07 19:23:58,972 - processing started: 659_243 
2022-04-07 19:23:59,067 - processing completed: 659_243
2022-04-07 19:23:59,071 - processing started: 661_244 
2022-04-07 19:23:59,193 - processing completed: 661_244
2022-04-07 19:23:59,196 - processing started: 663_244 
2022-04-07 19:23:59,262 - processing completed: 663_244
2022-04-07 19:23:59,265 - processing started: 665_245 
2022-04-07 19:23:59,384 - processing completed: 665_245
2022-04-07 19:23:59,388 - processing started: 667_246 
2022-04-07 19:23:59,450 - processing completed: 667_246
2022-04-07 19:23:59,453 - processing started: 669_247 
2022-04-07 19:23:59,571 - processing completed: 669_247
2022-04-07 19:23:59,575 - processing started: 671_248 
2022-04-07 19:23:59,634 - processing completed: 671_248
2022-04-07 19:23:59,637 - processing started: 673_249 
2022-04-07 19:23:59,764 - processing completed: 673_249
2022-04-07 19:23:59,768 - processing started: 675_250 
2022-04-07 19:23:59,839 - processing completed: 675_250
2022-04-07 19:23:59,843 - processing started: 677_251 
2022-04-07 19:23:59,960 - processing completed: 677_251
2022-04-07 19:23:59,963 - processing started: 679_251 
2022-04-07 19:24:00,027 - processing completed: 679_251
2022-04-07 19:24:00,031 - processing started: 681_252 
2022-04-07 19:24:00,144 - processing completed: 681_252
2022-04-07 19:24:00,148 - processing started: 683_252 
2022-04-07 19:24:00,205 - processing completed: 683_252
2022-04-07 19:24:00,209 - processing started: 685_253 
2022-04-07 19:24:00,338 - processing completed: 685_253
2022-04-07 19:24:00,341 - processing started: 687_254 
2022-04-07 19:24:00,475 - processing completed: 687_254
2022-04-07 19:24:00,479 - processing started: 689_255 
2022-04-07 19:24:00,561 - processing completed: 689_255
2022-04-07 19:24:00,564 - processing started: 691_256 
2022-04-07 19:24:00,703 - processing completed: 691_256
2022-04-07 19:24:00,706 - processing started: 693_257 
2022-04-07 19:24:00,786 - processing completed: 693_257
2022-04-07 19:24:00,790 - processing started: 695_257 
2022-04-07 19:24:00,929 - processing completed: 695_257
2022-04-07 19:24:00,932 - processing started: 697_258 
2022-04-07 19:24:01,016 - processing completed: 697_258
2022-04-07 19:24:01,019 - processing started: 699_259 
2022-04-07 19:24:01,158 - processing completed: 699_259
2022-04-07 19:24:01,161 - processing started: 701_260 
2022-04-07 19:24:01,241 - processing completed: 701_260
2022-04-07 19:24:01,244 - processing started: 703_260 
2022-04-07 19:24:01,386 - processing completed: 703_260
2022-04-07 19:24:01,389 - processing started: 705_261 
2022-04-07 19:24:01,476 - processing completed: 705_261
2022-04-07 19:24:01,479 - processing started: 707_262 
2022-04-07 19:24:01,607 - processing completed: 707_262
2022-04-07 19:24:01,609 - processing started: 709_262 
2022-04-07 19:24:01,688 - processing completed: 709_262
2022-04-07 19:24:01,691 - processing started: 711_263 
2022-04-07 19:24:01,824 - processing completed: 711_263
2022-04-07 19:24:01,827 - processing started: 713_264 
2022-04-07 19:24:01,970 - processing completed: 713_264
2022-04-07 19:24:01,973 - processing started: 715_265 
2022-04-07 19:24:02,056 - processing completed: 715_265
2022-04-07 19:24:02,060 - processing started: 717_265 
2022-04-07 19:24:02,192 - processing completed: 717_265
2022-04-07 19:24:02,197 - processing started: 719_266 
2022-04-07 19:24:02,285 - processing completed: 719_266
2022-04-07 19:24:02,288 - processing started: 721_267 
2022-04-07 19:24:02,423 - processing completed: 721_267
2022-04-07 19:24:02,426 - processing started: 723_267 
2022-04-07 19:24:02,500 - processing completed: 723_267
2022-04-07 19:24:02,503 - processing started: 725_267 
2022-04-07 19:24:02,638 - processing completed: 725_267
2022-04-07 19:24:02,641 - processing started: 727_268 
2022-04-07 19:24:02,723 - processing completed: 727_268
2022-04-07 19:24:02,727 - processing started: 729_268 
2022-04-07 19:24:02,851 - processing completed: 729_268
2022-04-07 19:24:02,855 - processing started: 731_268 
2022-04-07 19:24:02,929 - processing completed: 731_268
2022-04-07 19:24:02,933 - processing started: 733_268 
2022-04-07 19:24:03,074 - processing completed: 733_268
2022-04-07 19:24:03,077 - processing started: 735_269 
2022-04-07 19:24:03,154 - processing completed: 735_269
2022-04-07 19:24:03,157 - processing started: 737_269 
2022-04-07 19:24:03,286 - processing completed: 737_269
2022-04-07 19:24:03,290 - processing started: 739_270 
2022-04-07 19:24:03,371 - processing completed: 739_270
2022-04-07 19:24:03,374 - processing started: 741_271 
2022-04-07 19:24:03,524 - processing completed: 741_271
2022-04-07 19:24:03,527 - processing started: 743_272 
2022-04-07 19:24:03,671 - processing completed: 743_272
2022-04-07 19:24:03,674 - processing started: 745_273 
2022-04-07 19:24:03,750 - processing completed: 745_273
2022-04-07 19:24:03,755 - processing started: 747_274 
2022-04-07 19:24:03,880 - processing completed: 747_274
2022-04-07 19:24:03,883 - processing started: 749_274 
2022-04-07 19:24:03,950 - processing completed: 749_274
2022-04-07 19:24:03,953 - processing started: 751_275 
2022-04-07 19:24:04,082 - processing completed: 751_275
2022-04-07 19:24:04,085 - processing started: 753_275 
2022-04-07 19:24:04,158 - processing completed: 753_275
2022-04-07 19:24:04,163 - processing started: 755_276 
2022-04-07 19:24:04,293 - processing completed: 755_276
2022-04-07 19:24:04,297 - processing started: 757_276 
2022-04-07 19:24:04,368 - processing completed: 757_276
2022-04-07 19:24:04,373 - processing started: 759_277 
2022-04-07 19:24:04,509 - processing completed: 759_277
2022-04-07 19:24:04,513 - processing started: 761_278 
2022-04-07 19:24:04,594 - processing completed: 761_278
2022-04-07 19:24:04,598 - processing started: 763_279 
2022-04-07 19:24:04,731 - processing completed: 763_279
2022-04-07 19:24:04,734 - processing started: 765_280 
2022-04-07 19:24:04,797 - processing completed: 765_280
2022-04-07 19:24:04,800 - processing started: 767_280 
2022-04-07 19:24:04,924 - processing completed: 767_280
2022-04-07 19:24:04,927 - processing started: 769_281 
2022-04-07 19:24:04,991 - processing completed: 769_281
2022-04-07 19:24:04,995 - processing started: 771_282 
2022-04-07 19:24:05,115 - processing completed: 771_282
2022-04-07 19:24:05,119 - processing started: 773_283 
2022-04-07 19:24:05,249 - processing completed: 773_283
2022-04-07 19:24:05,252 - processing started: 775_284 
2022-04-07 19:24:05,312 - processing completed: 775_284
2022-04-07 19:24:05,316 - processing started: 777_285 
2022-04-07 19:24:05,445 - processing completed: 777_285
2022-04-07 19:24:05,449 - processing started: 779_286 
2022-04-07 19:24:05,573 - processing completed: 779_286
2022-04-07 19:24:05,578 - processing started: 781_287 
2022-04-07 19:24:05,702 - processing completed: 781_287
2022-04-07 19:24:05,705 - processing started: 783_288 
2022-04-07 19:24:05,765 - processing completed: 783_288
2022-04-07 19:24:05,768 - processing started: 785_289 
2022-04-07 19:24:05,893 - processing completed: 785_289
2022-04-07 19:24:05,895 - processing started: 787_290 
2022-04-07 19:24:05,957 - processing completed: 787_290
2022-04-07 19:24:05,960 - processing started: 789_290 
2022-04-07 19:24:06,088 - processing completed: 789_290
2022-04-07 19:24:06,091 - processing started: 791_291 
2022-04-07 19:24:06,151 - processing completed: 791_291
2022-04-07 19:24:06,153 - processing started: 793_292 
2022-04-07 19:24:06,279 - processing completed: 793_292
2022-04-07 19:24:06,282 - processing started: 795_292 
2022-04-07 19:24:06,341 - processing completed: 795_292
2022-04-07 19:24:06,345 - processing started: 797_293 
2022-04-07 19:24:06,447 - processing completed: 797_293
2022-04-07 19:24:06,450 - processing started: 799_294 
2022-04-07 19:24:06,486 - processing completed: 799_294
2022-04-07 19:24:06,489 - processing started: 801_295 
2022-04-07 19:24:06,615 - processing completed: 801_295
2022-04-07 19:24:06,618 - processing started: 803_296 
2022-04-07 19:24:06,761 - processing completed: 803_296
2022-04-07 19:24:06,765 - processing started: 805_297 
2022-04-07 19:24:06,887 - processing completed: 805_297
2022-04-07 19:24:06,892 - processing started: 807_298 
2022-04-07 19:24:07,009 - processing completed: 807_298
2022-04-07 19:24:07,012 - processing started: 809_298 
2022-04-07 19:24:07,075 - processing completed: 809_298
2022-04-07 19:24:07,078 - processing started: 811_299 
2022-04-07 19:24:07,200 - processing completed: 811_299
2022-04-07 19:24:07,202 - processing started: 0_0 
2022-04-07 19:24:07,203 - Closing connection (200): Normal shutdown
2022-04-07 19:24:07,203 - Closing channel (200): 'Normal shutdown' on <Channel number=1 OPEN conn=<SelectConnection OPEN transport=<pika.adapters.utils.io_services_utils._AsyncPlaintextTransport object at 0x120fa0d60> params=<ConnectionParameters host=localhost port=5672 virtual_host=/ ssl=False>>>
2022-04-07 19:24:07,204 - Received <Channel.CloseOk> on <Channel number=1 CLOSING conn=<SelectConnection OPEN transport=<pika.adapters.utils.io_services_utils._AsyncPlaintextTransport object at 0x120fa0d60> params=<ConnectionParameters host=localhost port=5672 virtual_host=/ ssl=False>>>
2022-04-07 19:24:07,204 - Closing connection (200): 'Normal shutdown'
2022-04-07 19:24:07,204 - Aborting transport connection: state=1; <socket.socket fd=22, family=AddressFamily.AF_INET, type=SocketKind.SOCK_STREAM, proto=6, laddr=('127.0.0.1', 63829), raddr=('127.0.0.1', 5672)>
2022-04-07 19:24:07,204 - _AsyncTransportBase._initate_abort(): Initiating abrupt asynchronous transport shutdown: state=1; error=None; <socket.socket fd=22, family=AddressFamily.AF_INET, type=SocketKind.SOCK_STREAM, proto=6, laddr=('127.0.0.1', 63829), raddr=('127.0.0.1', 5672)>
2022-04-07 19:24:07,205 - Deactivating transport: state=1; <socket.socket fd=22, family=AddressFamily.AF_INET, type=SocketKind.SOCK_STREAM, proto=6, laddr=('127.0.0.1', 63829), raddr=('127.0.0.1', 5672)>
2022-04-07 19:24:07,205 - AMQP stack terminated, failed to connect, or aborted: opened=True, error-arg=None; pending-error=ConnectionClosedByClient: (200) 'Normal shutdown'
2022-04-07 19:24:07,205 - Stack terminated due to ConnectionClosedByClient: (200) 'Normal shutdown'
2022-04-07 19:24:07,205 - Closing transport socket and unlinking: state=3; <socket.socket fd=22, family=AddressFamily.AF_INET, type=SocketKind.SOCK_STREAM, proto=6, laddr=('127.0.0.1', 63829), raddr=('127.0.0.1', 5672)>
2022-04-07 19:24:07,205 - User-initiated close: result=BlockingConnection__OnClosedArgs(connection=<SelectConnection CLOSED transport=None params=<ConnectionParameters host=localhost port=5672 virtual_host=/ ssl=False>>, error=ConnectionClosedByClient: (200) 'Normal shutdown')
2022-04-07 19:24:07,206 - PID 94252 completed loading and processing
