2022-04-07 19:20:25,907 - PID 93641 started loading and processing
2022-04-07 19:20:25,914 - Pika version 1.2.0 connecting to ('::1', 5672, 0, 0)
2022-04-07 19:20:25,914 - Socket failed to connect: <socket.socket fd=22, family=AddressFamily.AF_INET6, type=SocketKind.SOCK_STREAM, proto=6, laddr=('::1', 63782, 0, 0)>; error=61 (Connection refused)
2022-04-07 19:20:25,914 - TCP Connection attempt failed: ConnectionRefusedError(61, 'Connection refused'); dest=(<AddressFamily.AF_INET6: 30>, <SocketKind.SOCK_STREAM: 1>, 6, '', ('::1', 5672, 0, 0))
2022-04-07 19:20:25,914 - AMQPConnector - reporting failure: AMQPConnectorSocketConnectError: ConnectionRefusedError(61, 'Connection refused')
2022-04-07 19:20:25,914 - Pika version 1.2.0 connecting to ('127.0.0.1', 5672)
2022-04-07 19:20:25,915 - Socket connected: <socket.socket fd=22, family=AddressFamily.AF_INET, type=SocketKind.SOCK_STREAM, proto=6, laddr=('127.0.0.1', 63783), raddr=('127.0.0.1', 5672)>
2022-04-07 19:20:25,915 - Streaming transport linked up: (<pika.adapters.utils.io_services_utils._AsyncPlaintextTransport object at 0x11b2f91c0>, _StreamingProtocolShim: <SelectConnection PROTOCOL transport=<pika.adapters.utils.io_services_utils._AsyncPlaintextTransport object at 0x11b2f91c0> params=<ConnectionParameters host=localhost port=5672 virtual_host=/ ssl=False>>).
2022-04-07 19:20:25,919 - AMQPConnector - reporting success: <SelectConnection OPEN transport=<pika.adapters.utils.io_services_utils._AsyncPlaintextTransport object at 0x11b2f91c0> params=<ConnectionParameters host=localhost port=5672 virtual_host=/ ssl=False>>
2022-04-07 19:20:25,920 - AMQPConnectionWorkflow - reporting success: <SelectConnection OPEN transport=<pika.adapters.utils.io_services_utils._AsyncPlaintextTransport object at 0x11b2f91c0> params=<ConnectionParameters host=localhost port=5672 virtual_host=/ ssl=False>>
2022-04-07 19:20:25,920 - Connection workflow succeeded: <SelectConnection OPEN transport=<pika.adapters.utils.io_services_utils._AsyncPlaintextTransport object at 0x11b2f91c0> params=<ConnectionParameters host=localhost port=5672 virtual_host=/ ssl=False>>
2022-04-07 19:20:25,920 - Created channel=1
2022-04-07 19:20:25,921 - Logging before start consuming
2022-04-07 19:20:26,497 - processing started: 0_000 
2022-04-07 19:20:26,688 - processing completed: 0_000
2022-04-07 19:20:26,708 - processing started: 2_000 
2022-04-07 19:20:26,925 - processing completed: 2_000
2022-04-07 19:20:26,930 - processing started: 4_001 
2022-04-07 19:20:27,150 - processing completed: 4_001
2022-04-07 19:20:27,155 - processing started: 6_002 
2022-04-07 19:20:27,295 - processing completed: 6_002
2022-04-07 19:20:27,300 - processing started: 8_003 
2022-04-07 19:20:27,503 - processing completed: 8_003
2022-04-07 19:20:27,509 - processing started: 10_004 
2022-04-07 19:20:27,652 - processing completed: 10_004
2022-04-07 19:20:27,656 - processing started: 12_005 
2022-04-07 19:20:27,851 - processing completed: 12_005
2022-04-07 19:20:27,856 - processing started: 14_005 
2022-04-07 19:20:28,019 - processing completed: 14_005
2022-04-07 19:20:28,024 - processing started: 16_006 
2022-04-07 19:20:28,238 - processing completed: 16_006
2022-04-07 19:20:28,243 - processing started: 18_007 
2022-04-07 19:20:28,384 - processing completed: 18_007
2022-04-07 19:20:28,389 - processing started: 20_008 
2022-04-07 19:20:28,570 - processing completed: 20_008
2022-04-07 19:20:28,575 - processing started: 22_009 
2022-04-07 19:20:28,714 - processing completed: 22_009
2022-04-07 19:20:28,720 - processing started: 24_009 
2022-04-07 19:20:28,916 - processing completed: 24_009
2022-04-07 19:20:28,921 - processing started: 26_010 
2022-04-07 19:20:29,080 - processing completed: 26_010
2022-04-07 19:20:29,085 - processing started: 28_011 
2022-04-07 19:20:29,299 - processing completed: 28_011
2022-04-07 19:20:29,304 - processing started: 30_012 
2022-04-07 19:20:29,361 - processing completed: 30_012
2022-04-07 19:20:29,364 - processing started: 32_013 
2022-04-07 19:20:29,517 - processing completed: 32_013
2022-04-07 19:20:29,521 - processing started: 34_014 
2022-04-07 19:20:29,664 - processing completed: 34_014
2022-04-07 19:20:29,667 - processing started: 36_014 
2022-04-07 19:20:29,765 - processing completed: 36_014
2022-04-07 19:20:29,769 - processing started: 38_015 
2022-04-07 19:20:29,909 - processing completed: 38_015
2022-04-07 19:20:29,913 - processing started: 40_015 
2022-04-07 19:20:29,993 - processing completed: 40_015
2022-04-07 19:20:29,997 - processing started: 42_015 
2022-04-07 19:20:30,145 - processing completed: 42_015
2022-04-07 19:20:30,149 - processing started: 44_016 
2022-04-07 19:20:30,229 - processing completed: 44_016
2022-04-07 19:20:30,233 - processing started: 46_017 
2022-04-07 19:20:30,371 - processing completed: 46_017
2022-04-07 19:20:30,374 - processing started: 48_018 
2022-04-07 19:20:30,449 - processing completed: 48_018
2022-04-07 19:20:30,452 - processing started: 50_019 
2022-04-07 19:20:30,607 - processing completed: 50_019
2022-04-07 19:20:30,610 - processing started: 52_020 
2022-04-07 19:20:30,689 - processing completed: 52_020
2022-04-07 19:20:30,692 - processing started: 54_021 
2022-04-07 19:20:30,834 - processing completed: 54_021
2022-04-07 19:20:30,838 - processing started: 56_022 
2022-04-07 19:20:30,948 - processing completed: 56_022
2022-04-07 19:20:30,952 - processing started: 58_022 
2022-04-07 19:20:31,121 - processing completed: 58_022
2022-04-07 19:20:31,126 - processing started: 60_023 
2022-04-07 19:20:31,206 - processing completed: 60_023
2022-04-07 19:20:31,209 - processing started: 62_023 
2022-04-07 19:20:31,338 - processing completed: 62_023
2022-04-07 19:20:31,341 - processing started: 64_024 
2022-04-07 19:20:31,474 - processing completed: 64_024
2022-04-07 19:20:31,478 - processing started: 66_025 
2022-04-07 19:20:31,561 - processing completed: 66_025
2022-04-07 19:20:31,565 - processing started: 68_026 
2022-04-07 19:20:31,705 - processing completed: 68_026
2022-04-07 19:20:31,710 - processing started: 70_027 
2022-04-07 19:20:31,786 - processing completed: 70_027
2022-04-07 19:20:31,789 - processing started: 72_028 
2022-04-07 19:20:31,918 - processing completed: 72_028
2022-04-07 19:20:31,921 - processing started: 74_028 
2022-04-07 19:20:31,996 - processing completed: 74_028
2022-04-07 19:20:32,000 - processing started: 76_029 
2022-04-07 19:20:32,131 - processing completed: 76_029
2022-04-07 19:20:32,135 - processing started: 78_030 
2022-04-07 19:20:32,210 - processing completed: 78_030
2022-04-07 19:20:32,214 - processing started: 80_031 
2022-04-07 19:20:32,352 - processing completed: 80_031
2022-04-07 19:20:32,355 - processing started: 82_031 
2022-04-07 19:20:32,434 - processing completed: 82_031
2022-04-07 19:20:32,437 - processing started: 84_032 
2022-04-07 19:20:32,611 - processing completed: 84_032
2022-04-07 19:20:32,616 - processing started: 86_032 
2022-04-07 19:20:32,721 - processing completed: 86_032
2022-04-07 19:20:32,726 - processing started: 88_033 
2022-04-07 19:20:32,855 - processing completed: 88_033
2022-04-07 19:20:32,858 - processing started: 90_033 
2022-04-07 19:20:32,935 - processing completed: 90_033
2022-04-07 19:20:32,939 - processing started: 92_033 
2022-04-07 19:20:33,078 - processing completed: 92_033
2022-04-07 19:20:33,082 - processing started: 94_034 
2022-04-07 19:20:33,226 - processing completed: 94_034
2022-04-07 19:20:33,229 - processing started: 96_035 
2022-04-07 19:20:33,310 - processing completed: 96_035
2022-04-07 19:20:33,313 - processing started: 98_035 
2022-04-07 19:20:33,450 - processing completed: 98_035
2022-04-07 19:20:33,453 - processing started: 100_036 
2022-04-07 19:20:33,533 - processing completed: 100_036
2022-04-07 19:20:33,537 - processing started: 102_037 
2022-04-07 19:20:33,676 - processing completed: 102_037
2022-04-07 19:20:33,680 - processing started: 104_038 
2022-04-07 19:20:33,761 - processing completed: 104_038
2022-04-07 19:20:33,765 - processing started: 106_039 
2022-04-07 19:20:33,904 - processing completed: 106_039
2022-04-07 19:20:33,907 - processing started: 108_039 
2022-04-07 19:20:33,992 - processing completed: 108_039
2022-04-07 19:20:33,995 - processing started: 110_040 
2022-04-07 19:20:34,132 - processing completed: 110_040
2022-04-07 19:20:34,134 - processing started: 112_040 
2022-04-07 19:20:34,214 - processing completed: 112_040
2022-04-07 19:20:34,217 - processing started: 114_040 
2022-04-07 19:20:34,360 - processing completed: 114_040
2022-04-07 19:20:34,363 - processing started: 116_041 
2022-04-07 19:20:34,444 - processing completed: 116_041
2022-04-07 19:20:34,447 - processing started: 118_042 
2022-04-07 19:20:34,581 - processing completed: 118_042
2022-04-07 19:20:34,585 - processing started: 120_042 
2022-04-07 19:20:34,663 - processing completed: 120_042
2022-04-07 19:20:34,666 - processing started: 122_043 
2022-04-07 19:20:34,794 - processing completed: 122_043
2022-04-07 19:20:34,798 - processing started: 124_044 
2022-04-07 19:20:34,937 - processing completed: 124_044
2022-04-07 19:20:34,940 - processing started: 126_044 
2022-04-07 19:20:35,017 - processing completed: 126_044
2022-04-07 19:20:35,021 - processing started: 128_045 
2022-04-07 19:20:35,157 - processing completed: 128_045
2022-04-07 19:20:35,160 - processing started: 130_046 
2022-04-07 19:20:35,241 - processing completed: 130_046
2022-04-07 19:20:35,244 - processing started: 132_047 
2022-04-07 19:20:35,387 - processing completed: 132_047
2022-04-07 19:20:35,391 - processing started: 134_048 
2022-04-07 19:20:35,472 - processing completed: 134_048
2022-04-07 19:20:35,475 - processing started: 136_048 
2022-04-07 19:20:35,609 - processing completed: 136_048
2022-04-07 19:20:35,613 - processing started: 138_049 
2022-04-07 19:20:35,700 - processing completed: 138_049
2022-04-07 19:20:35,704 - processing started: 140_050 
2022-04-07 19:20:35,837 - processing completed: 140_050
2022-04-07 19:20:35,840 - processing started: 142_050 
2022-04-07 19:20:35,922 - processing completed: 142_050
2022-04-07 19:20:35,926 - processing started: 144_051 
2022-04-07 19:20:36,063 - processing completed: 144_051
2022-04-07 19:20:36,067 - processing started: 146_051 
2022-04-07 19:20:36,152 - processing completed: 146_051
2022-04-07 19:20:36,155 - processing started: 148_052 
2022-04-07 19:20:36,291 - processing completed: 148_052
2022-04-07 19:20:36,295 - processing started: 150_053 
2022-04-07 19:20:36,380 - processing completed: 150_053
2022-04-07 19:20:36,384 - processing started: 152_054 
2022-04-07 19:20:36,520 - processing completed: 152_054
2022-04-07 19:20:36,524 - processing started: 154_055 
2022-04-07 19:20:36,669 - processing completed: 154_055
2022-04-07 19:20:36,673 - processing started: 156_056 
2022-04-07 19:20:36,760 - processing completed: 156_056
2022-04-07 19:20:36,763 - processing started: 158_057 
2022-04-07 19:20:36,908 - processing completed: 158_057
2022-04-07 19:20:36,911 - processing started: 160_058 
2022-04-07 19:20:37,047 - processing completed: 160_058
2022-04-07 19:20:37,052 - processing started: 162_058 
2022-04-07 19:20:37,238 - processing completed: 162_058
2022-04-07 19:20:37,243 - processing started: 164_059 
2022-04-07 19:20:37,322 - processing completed: 164_059
2022-04-07 19:20:37,325 - processing started: 166_060 
2022-04-07 19:20:37,456 - processing completed: 166_060
2022-04-07 19:20:37,460 - processing started: 168_061 
2022-04-07 19:20:37,541 - processing completed: 168_061
2022-04-07 19:20:37,544 - processing started: 170_062 
2022-04-07 19:20:37,688 - processing completed: 170_062
2022-04-07 19:20:37,691 - processing started: 172_062 
2022-04-07 19:20:37,773 - processing completed: 172_062
2022-04-07 19:20:37,776 - processing started: 174_063 
2022-04-07 19:20:37,980 - processing completed: 174_063
2022-04-07 19:20:37,986 - processing started: 176_064 
2022-04-07 19:20:38,138 - processing completed: 176_064
2022-04-07 19:20:38,142 - processing started: 178_064 
2022-04-07 19:20:38,349 - processing completed: 178_064
2022-04-07 19:20:38,355 - processing started: 180_065 
2022-04-07 19:20:38,571 - processing completed: 180_065
2022-04-07 19:20:38,576 - processing started: 182_066 
2022-04-07 19:20:38,735 - processing completed: 182_066
2022-04-07 19:20:38,741 - processing started: 184_066 
2022-04-07 19:20:38,950 - processing completed: 184_066
2022-04-07 19:20:38,955 - processing started: 186_066 
2022-04-07 19:20:39,104 - processing completed: 186_066
2022-04-07 19:20:39,109 - processing started: 188_067 
2022-04-07 19:20:39,199 - processing completed: 188_067
2022-04-07 19:20:39,201 - processing started: 190_067 
2022-04-07 19:20:39,309 - processing completed: 190_067
2022-04-07 19:20:39,313 - processing started: 192_067 
2022-04-07 19:20:39,527 - processing completed: 192_067
2022-04-07 19:20:39,532 - processing started: 194_068 
2022-04-07 19:20:39,635 - processing completed: 194_068
2022-04-07 19:20:39,639 - processing started: 196_069 
2022-04-07 19:20:39,797 - processing completed: 196_069
2022-04-07 19:20:39,801 - processing started: 198_069 
2022-04-07 19:20:39,904 - processing completed: 198_069
2022-04-07 19:20:39,908 - processing started: 200_070 
2022-04-07 19:20:40,007 - processing completed: 200_070
2022-04-07 19:20:40,010 - processing started: 202_071 
2022-04-07 19:20:40,161 - processing completed: 202_071
2022-04-07 19:20:40,166 - processing started: 204_072 
2022-04-07 19:20:40,378 - processing completed: 204_072
2022-04-07 19:20:40,383 - processing started: 206_072 
2022-04-07 19:20:40,542 - processing completed: 206_072
2022-04-07 19:20:40,547 - processing started: 208_073 
2022-04-07 19:20:40,754 - processing completed: 208_073
2022-04-07 19:20:40,760 - processing started: 210_074 
2022-04-07 19:20:40,976 - processing completed: 210_074
2022-04-07 19:20:40,980 - processing started: 212_075 
2022-04-07 19:20:41,132 - processing completed: 212_075
2022-04-07 19:20:41,137 - processing started: 214_076 
2022-04-07 19:20:41,340 - processing completed: 214_076
2022-04-07 19:20:41,345 - processing started: 216_077 
2022-04-07 19:20:41,495 - processing completed: 216_077
2022-04-07 19:20:41,499 - processing started: 218_078 
2022-04-07 19:20:41,708 - processing completed: 218_078
2022-04-07 19:20:41,713 - processing started: 220_079 
2022-04-07 19:20:41,863 - processing completed: 220_079
2022-04-07 19:20:41,868 - processing started: 222_079 
2022-04-07 19:20:42,071 - processing completed: 222_079
2022-04-07 19:20:42,076 - processing started: 224_080 
2022-04-07 19:20:42,146 - processing completed: 224_080
2022-04-07 19:20:42,149 - processing started: 226_081 
2022-04-07 19:20:42,294 - processing completed: 226_081
2022-04-07 19:20:42,298 - processing started: 228_081 
2022-04-07 19:20:42,390 - processing completed: 228_081
2022-04-07 19:20:42,394 - processing started: 230_081 
2022-04-07 19:20:42,543 - processing completed: 230_081
2022-04-07 19:20:42,548 - processing started: 232_082 
2022-04-07 19:20:42,643 - processing completed: 232_082
2022-04-07 19:20:42,647 - processing started: 234_082 
2022-04-07 19:20:42,788 - processing completed: 234_082
2022-04-07 19:20:42,792 - processing started: 236_083 
2022-04-07 19:20:42,884 - processing completed: 236_083
2022-04-07 19:20:42,888 - processing started: 238_084 
2022-04-07 19:20:43,031 - processing completed: 238_084
2022-04-07 19:20:43,036 - processing started: 240_085 
2022-04-07 19:20:43,181 - processing completed: 240_085
2022-04-07 19:20:43,184 - processing started: 242_086 
2022-04-07 19:20:43,290 - processing completed: 242_086
2022-04-07 19:20:43,293 - processing started: 244_087 
2022-04-07 19:20:43,439 - processing completed: 244_087
2022-04-07 19:20:43,443 - processing started: 246_088 
2022-04-07 19:20:43,537 - processing completed: 246_088
2022-04-07 19:20:43,541 - processing started: 248_088 
2022-04-07 19:20:43,696 - processing completed: 248_088
2022-04-07 19:20:43,699 - processing started: 250_089 
2022-04-07 19:20:43,760 - processing completed: 250_089
2022-04-07 19:20:43,763 - processing started: 252_090 
2022-04-07 19:20:43,878 - processing completed: 252_090
2022-04-07 19:20:43,881 - processing started: 254_091 
2022-04-07 19:20:43,938 - processing completed: 254_091
2022-04-07 19:20:43,941 - processing started: 256_092 
2022-04-07 19:20:44,056 - processing completed: 256_092
2022-04-07 19:20:44,059 - processing started: 258_093 
2022-04-07 19:20:44,129 - processing completed: 258_093
2022-04-07 19:20:44,132 - processing started: 260_094 
2022-04-07 19:20:44,255 - processing completed: 260_094
2022-04-07 19:20:44,259 - processing started: 262_094 
2022-04-07 19:20:44,329 - processing completed: 262_094
2022-04-07 19:20:44,333 - processing started: 264_095 
2022-04-07 19:20:44,460 - processing completed: 264_095
2022-04-07 19:20:44,464 - processing started: 266_096 
2022-04-07 19:20:44,537 - processing completed: 266_096
2022-04-07 19:20:44,541 - processing started: 268_097 
2022-04-07 19:20:44,677 - processing completed: 268_097
2022-04-07 19:20:44,680 - processing started: 270_098 
2022-04-07 19:20:44,808 - processing completed: 270_098
2022-04-07 19:20:44,811 - processing started: 272_099 
2022-04-07 19:20:44,876 - processing completed: 272_099
2022-04-07 19:20:44,879 - processing started: 274_100 
2022-04-07 19:20:45,031 - processing completed: 274_100
2022-04-07 19:20:45,034 - processing started: 276_101 
2022-04-07 19:20:45,100 - processing completed: 276_101
2022-04-07 19:20:45,103 - processing started: 278_102 
2022-04-07 19:20:45,225 - processing completed: 278_102
2022-04-07 19:20:45,228 - processing started: 280_103 
2022-04-07 19:20:45,286 - processing completed: 280_103
2022-04-07 19:20:45,289 - processing started: 282_103 
2022-04-07 19:20:45,407 - processing completed: 282_103
2022-04-07 19:20:45,411 - processing started: 284_104 
2022-04-07 19:20:45,473 - processing completed: 284_104
2022-04-07 19:20:45,476 - processing started: 286_105 
2022-04-07 19:20:45,596 - processing completed: 286_105
2022-04-07 19:20:45,599 - processing started: 288_106 
2022-04-07 19:20:45,659 - processing completed: 288_106
2022-04-07 19:20:45,662 - processing started: 290_107 
2022-04-07 19:20:45,779 - processing completed: 290_107
2022-04-07 19:20:45,782 - processing started: 292_108 
2022-04-07 19:20:45,842 - processing completed: 292_108
2022-04-07 19:20:45,845 - processing started: 294_108 
2022-04-07 19:20:45,962 - processing completed: 294_108
2022-04-07 19:20:45,964 - processing started: 296_109 
2022-04-07 19:20:46,025 - processing completed: 296_109
2022-04-07 19:20:46,028 - processing started: 298_110 
2022-04-07 19:20:46,154 - processing completed: 298_110
2022-04-07 19:20:46,157 - processing started: 300_111 
2022-04-07 19:20:46,269 - processing completed: 300_111
2022-04-07 19:20:46,273 - processing started: 302_112 
2022-04-07 19:20:46,333 - processing completed: 302_112
2022-04-07 19:20:46,336 - processing started: 304_113 
2022-04-07 19:20:46,450 - processing completed: 304_113
2022-04-07 19:20:46,453 - processing started: 306_114 
2022-04-07 19:20:46,547 - processing completed: 306_114
2022-04-07 19:20:46,551 - processing started: 308_115 
2022-04-07 19:20:46,698 - processing completed: 308_115
2022-04-07 19:20:46,702 - processing started: 310_116 
2022-04-07 19:20:46,794 - processing completed: 310_116
2022-04-07 19:20:46,798 - processing started: 312_117 
2022-04-07 19:20:46,946 - processing completed: 312_117
2022-04-07 19:20:46,950 - processing started: 314_117 
2022-04-07 19:20:47,044 - processing completed: 314_117
2022-04-07 19:20:47,047 - processing started: 316_118 
2022-04-07 19:20:47,195 - processing completed: 316_118
2022-04-07 19:20:47,199 - processing started: 318_119 
2022-04-07 19:20:47,291 - processing completed: 318_119
2022-04-07 19:20:47,295 - processing started: 320_120 
2022-04-07 19:20:47,421 - processing completed: 320_120
2022-04-07 19:20:47,425 - processing started: 322_120 
2022-04-07 19:20:47,498 - processing completed: 322_120
2022-04-07 19:20:47,501 - processing started: 324_121 
2022-04-07 19:20:47,646 - processing completed: 324_121
2022-04-07 19:20:47,650 - processing started: 326_122 
2022-04-07 19:20:47,744 - processing completed: 326_122
2022-04-07 19:20:47,747 - processing started: 328_123 
2022-04-07 19:20:47,897 - processing completed: 328_123
2022-04-07 19:20:47,901 - processing started: 330_123 
2022-04-07 19:20:48,055 - processing completed: 330_123
2022-04-07 19:20:48,059 - processing started: 332_124 
2022-04-07 19:20:48,153 - processing completed: 332_124
2022-04-07 19:20:48,156 - processing started: 334_124 
2022-04-07 19:20:48,303 - processing completed: 334_124
2022-04-07 19:20:48,306 - processing started: 336_124 
2022-04-07 19:20:48,398 - processing completed: 336_124
2022-04-07 19:20:48,401 - processing started: 338_124 
2022-04-07 19:20:48,549 - processing completed: 338_124
2022-04-07 19:20:48,552 - processing started: 340_125 
2022-04-07 19:20:48,643 - processing completed: 340_125
2022-04-07 19:20:48,647 - processing started: 342_126 
2022-04-07 19:20:48,793 - processing completed: 342_126
2022-04-07 19:20:48,796 - processing started: 344_126 
2022-04-07 19:20:48,888 - processing completed: 344_126
2022-04-07 19:20:48,892 - processing started: 346_127 
2022-04-07 19:20:49,045 - processing completed: 346_127
2022-04-07 19:20:49,048 - processing started: 348_128 
2022-04-07 19:20:49,139 - processing completed: 348_128
2022-04-07 19:20:49,142 - processing started: 350_129 
2022-04-07 19:20:49,285 - processing completed: 350_129
2022-04-07 19:20:49,288 - processing started: 352_130 
2022-04-07 19:20:49,379 - processing completed: 352_130
2022-04-07 19:20:49,382 - processing started: 354_131 
2022-04-07 19:20:49,526 - processing completed: 354_131
2022-04-07 19:20:49,530 - processing started: 356_132 
2022-04-07 19:20:49,622 - processing completed: 356_132
2022-04-07 19:20:49,626 - processing started: 358_133 
2022-04-07 19:20:49,776 - processing completed: 358_133
2022-04-07 19:20:49,780 - processing started: 360_134 
2022-04-07 19:20:49,926 - processing completed: 360_134
2022-04-07 19:20:49,930 - processing started: 362_134 
2022-04-07 19:20:50,026 - processing completed: 362_134
2022-04-07 19:20:50,030 - processing started: 364_134 
2022-04-07 19:20:50,179 - processing completed: 364_134
2022-04-07 19:20:50,183 - processing started: 366_135 
2022-04-07 19:20:50,273 - processing completed: 366_135
2022-04-07 19:20:50,277 - processing started: 368_136 
2022-04-07 19:20:50,421 - processing completed: 368_136
2022-04-07 19:20:50,425 - processing started: 370_137 
2022-04-07 19:20:50,518 - processing completed: 370_137
2022-04-07 19:20:50,521 - processing started: 372_138 
2022-04-07 19:20:50,667 - processing completed: 372_138
2022-04-07 19:20:50,670 - processing started: 374_139 
2022-04-07 19:20:50,764 - processing completed: 374_139
2022-04-07 19:20:50,768 - processing started: 376_140 
2022-04-07 19:20:50,913 - processing completed: 376_140
2022-04-07 19:20:50,918 - processing started: 378_140 
2022-04-07 19:20:51,015 - processing completed: 378_140
2022-04-07 19:20:51,019 - processing started: 380_141 
2022-04-07 19:20:51,168 - processing completed: 380_141
2022-04-07 19:20:51,172 - processing started: 382_142 
2022-04-07 19:20:51,265 - processing completed: 382_142
2022-04-07 19:20:51,269 - processing started: 384_143 
2022-04-07 19:20:51,415 - processing completed: 384_143
2022-04-07 19:20:51,418 - processing started: 386_144 
2022-04-07 19:20:51,512 - processing completed: 386_144
2022-04-07 19:20:51,516 - processing started: 388_145 
2022-04-07 19:20:51,671 - processing completed: 388_145
2022-04-07 19:20:51,675 - processing started: 390_145 
2022-04-07 19:20:51,825 - processing completed: 390_145
2022-04-07 19:20:51,828 - processing started: 392_145 
2022-04-07 19:20:51,920 - processing completed: 392_145
2022-04-07 19:20:51,924 - processing started: 394_146 
2022-04-07 19:20:52,074 - processing completed: 394_146
2022-04-07 19:20:52,077 - processing started: 396_147 
2022-04-07 19:20:52,173 - processing completed: 396_147
2022-04-07 19:20:52,177 - processing started: 398_147 
2022-04-07 19:20:52,325 - processing completed: 398_147
2022-04-07 19:20:52,329 - processing started: 400_148 
2022-04-07 19:20:52,422 - processing completed: 400_148
2022-04-07 19:20:52,426 - processing started: 402_149 
2022-04-07 19:20:52,577 - processing completed: 402_149
2022-04-07 19:20:52,580 - processing started: 404_149 
2022-04-07 19:20:52,673 - processing completed: 404_149
2022-04-07 19:20:52,677 - processing started: 406_150 
2022-04-07 19:20:52,827 - processing completed: 406_150
2022-04-07 19:20:52,831 - processing started: 408_151 
2022-04-07 19:20:52,924 - processing completed: 408_151
2022-04-07 19:20:52,928 - processing started: 410_152 
2022-04-07 19:20:53,078 - processing completed: 410_152
2022-04-07 19:20:53,081 - processing started: 412_153 
2022-04-07 19:20:53,178 - processing completed: 412_153
2022-04-07 19:20:53,181 - processing started: 414_154 
2022-04-07 19:20:53,329 - processing completed: 414_154
2022-04-07 19:20:53,333 - processing started: 416_155 
2022-04-07 19:20:53,427 - processing completed: 416_155
2022-04-07 19:20:53,430 - processing started: 418_156 
2022-04-07 19:20:53,586 - processing completed: 418_156
2022-04-07 19:20:53,589 - processing started: 420_157 
2022-04-07 19:20:53,738 - processing completed: 420_157
2022-04-07 19:20:53,741 - processing started: 422_157 
2022-04-07 19:20:53,835 - processing completed: 422_157
2022-04-07 19:20:53,839 - processing started: 424_158 
2022-04-07 19:20:53,992 - processing completed: 424_158
2022-04-07 19:20:53,995 - processing started: 426_159 
2022-04-07 19:20:54,090 - processing completed: 426_159
2022-04-07 19:20:54,094 - processing started: 428_160 
2022-04-07 19:20:54,247 - processing completed: 428_160
2022-04-07 19:20:54,252 - processing started: 430_160 
2022-04-07 19:20:54,351 - processing completed: 430_160
2022-04-07 19:20:54,356 - processing started: 432_161 
2022-04-07 19:20:54,506 - processing completed: 432_161
2022-04-07 19:20:54,510 - processing started: 434_162 
2022-04-07 19:20:54,603 - processing completed: 434_162
2022-04-07 19:20:54,607 - processing started: 436_163 
2022-04-07 19:20:54,756 - processing completed: 436_163
2022-04-07 19:20:54,760 - processing started: 438_164 
2022-04-07 19:20:54,852 - processing completed: 438_164
2022-04-07 19:20:54,856 - processing started: 440_165 
2022-04-07 19:20:55,007 - processing completed: 440_165
2022-04-07 19:20:55,011 - processing started: 442_166 
2022-04-07 19:20:55,102 - processing completed: 442_166
2022-04-07 19:20:55,106 - processing started: 444_167 
2022-04-07 19:20:55,260 - processing completed: 444_167
2022-04-07 19:20:55,264 - processing started: 446_167 
2022-04-07 19:20:55,416 - processing completed: 446_167
2022-04-07 19:20:55,420 - processing started: 448_168 
2022-04-07 19:20:55,513 - processing completed: 448_168
2022-04-07 19:20:55,517 - processing started: 450_168 
2022-04-07 19:20:55,665 - processing completed: 450_168
2022-04-07 19:20:55,669 - processing started: 452_169 
2022-04-07 19:20:55,760 - processing completed: 452_169
2022-04-07 19:20:55,764 - processing started: 454_170 
2022-04-07 19:20:55,911 - processing completed: 454_170
2022-04-07 19:20:55,916 - processing started: 456_171 
2022-04-07 19:20:56,011 - processing completed: 456_171
2022-04-07 19:20:56,015 - processing started: 458_171 
2022-04-07 19:20:56,163 - processing completed: 458_171
2022-04-07 19:20:56,168 - processing started: 460_172 
2022-04-07 19:20:56,259 - processing completed: 460_172
2022-04-07 19:20:56,262 - processing started: 462_173 
2022-04-07 19:20:56,411 - processing completed: 462_173
2022-04-07 19:20:56,415 - processing started: 464_174 
2022-04-07 19:20:56,508 - processing completed: 464_174
2022-04-07 19:20:56,512 - processing started: 466_174 
2022-04-07 19:20:56,655 - processing completed: 466_174
2022-04-07 19:20:56,659 - processing started: 468_175 
2022-04-07 19:20:56,749 - processing completed: 468_175
2022-04-07 19:20:56,753 - processing started: 470_176 
2022-04-07 19:20:56,895 - processing completed: 470_176
2022-04-07 19:20:56,900 - processing started: 472_177 
2022-04-07 19:20:56,993 - processing completed: 472_177
2022-04-07 19:20:56,997 - processing started: 474_178 
2022-04-07 19:20:57,150 - processing completed: 474_178
2022-04-07 19:20:57,153 - processing started: 476_178 
2022-04-07 19:20:57,299 - processing completed: 476_178
2022-04-07 19:20:57,303 - processing started: 478_179 
2022-04-07 19:20:57,395 - processing completed: 478_179
2022-04-07 19:20:57,399 - processing started: 480_180 
2022-04-07 19:20:57,553 - processing completed: 480_180
2022-04-07 19:20:57,557 - processing started: 482_180 
2022-04-07 19:20:57,650 - processing completed: 482_180
2022-04-07 19:20:57,653 - processing started: 484_181 
2022-04-07 19:20:57,802 - processing completed: 484_181
2022-04-07 19:20:57,806 - processing started: 486_182 
2022-04-07 19:20:57,899 - processing completed: 486_182
2022-04-07 19:20:57,904 - processing started: 488_183 
2022-04-07 19:20:58,056 - processing completed: 488_183
2022-04-07 19:20:58,060 - processing started: 490_183 
2022-04-07 19:20:58,155 - processing completed: 490_183
2022-04-07 19:20:58,158 - processing started: 492_184 
2022-04-07 19:20:58,306 - processing completed: 492_184
2022-04-07 19:20:58,310 - processing started: 494_184 
2022-04-07 19:20:58,403 - processing completed: 494_184
2022-04-07 19:20:58,408 - processing started: 496_185 
2022-04-07 19:20:58,561 - processing completed: 496_185
2022-04-07 19:20:58,565 - processing started: 498_186 
2022-04-07 19:20:58,659 - processing completed: 498_186
2022-04-07 19:20:58,664 - processing started: 500_187 
2022-04-07 19:20:58,813 - processing completed: 500_187
2022-04-07 19:20:58,817 - processing started: 502_188 
2022-04-07 19:20:58,912 - processing completed: 502_188
2022-04-07 19:20:58,916 - processing started: 504_188 
2022-04-07 19:20:59,068 - processing completed: 504_188
2022-04-07 19:20:59,072 - processing started: 506_189 
2022-04-07 19:20:59,201 - processing completed: 506_189
2022-04-07 19:20:59,205 - processing started: 508_190 
2022-04-07 19:20:59,298 - processing completed: 508_190
2022-04-07 19:20:59,302 - processing started: 510_191 
2022-04-07 19:20:59,452 - processing completed: 510_191
2022-04-07 19:20:59,456 - processing started: 512_192 
2022-04-07 19:20:59,552 - processing completed: 512_192
2022-04-07 19:20:59,556 - processing started: 514_192 
2022-04-07 19:20:59,701 - processing completed: 514_192
2022-04-07 19:20:59,706 - processing started: 516_193 
2022-04-07 19:20:59,799 - processing completed: 516_193
2022-04-07 19:20:59,803 - processing started: 518_194 
2022-04-07 19:20:59,951 - processing completed: 518_194
2022-04-07 19:20:59,955 - processing started: 520_195 
2022-04-07 19:21:00,052 - processing completed: 520_195
2022-04-07 19:21:00,056 - processing started: 522_196 
2022-04-07 19:21:00,206 - processing completed: 522_196
2022-04-07 19:21:00,210 - processing started: 524_196 
2022-04-07 19:21:00,304 - processing completed: 524_196
2022-04-07 19:21:00,308 - processing started: 526_196 
2022-04-07 19:21:00,456 - processing completed: 526_196
2022-04-07 19:21:00,460 - processing started: 528_197 
2022-04-07 19:21:00,559 - processing completed: 528_197
2022-04-07 19:21:00,562 - processing started: 530_197 
2022-04-07 19:21:00,708 - processing completed: 530_197
2022-04-07 19:21:00,712 - processing started: 532_198 
2022-04-07 19:21:00,805 - processing completed: 532_198
2022-04-07 19:21:00,808 - processing started: 534_199 
2022-04-07 19:21:00,971 - processing completed: 534_199
2022-04-07 19:21:00,975 - processing started: 536_200 
2022-04-07 19:21:01,128 - processing completed: 536_200
2022-04-07 19:21:01,132 - processing started: 538_201 
2022-04-07 19:21:01,239 - processing completed: 538_201
2022-04-07 19:21:01,244 - processing started: 540_202 
2022-04-07 19:21:01,393 - processing completed: 540_202
2022-04-07 19:21:01,397 - processing started: 542_203 
2022-04-07 19:21:01,491 - processing completed: 542_203
2022-04-07 19:21:01,496 - processing started: 544_204 
2022-04-07 19:21:01,649 - processing completed: 544_204
2022-04-07 19:21:01,653 - processing started: 546_205 
2022-04-07 19:21:01,746 - processing completed: 546_205
2022-04-07 19:21:01,750 - processing started: 548_206 
2022-04-07 19:21:01,896 - processing completed: 548_206
2022-04-07 19:21:01,899 - processing started: 550_207 
2022-04-07 19:21:01,993 - processing completed: 550_207
2022-04-07 19:21:01,998 - processing started: 552_207 
2022-04-07 19:21:02,145 - processing completed: 552_207
2022-04-07 19:21:02,149 - processing started: 554_208 
2022-04-07 19:21:02,242 - processing completed: 554_208
2022-04-07 19:21:02,245 - processing started: 556_209 
2022-04-07 19:21:02,391 - processing completed: 556_209
2022-04-07 19:21:02,396 - processing started: 558_210 
2022-04-07 19:21:02,490 - processing completed: 558_210
2022-04-07 19:21:02,494 - processing started: 560_211 
2022-04-07 19:21:02,649 - processing completed: 560_211
2022-04-07 19:21:02,653 - processing started: 562_212 
2022-04-07 19:21:02,745 - processing completed: 562_212
2022-04-07 19:21:02,749 - processing started: 564_213 
2022-04-07 19:21:02,899 - processing completed: 564_213
2022-04-07 19:21:02,902 - processing started: 566_214 
2022-04-07 19:21:03,068 - processing completed: 566_214
2022-04-07 19:21:03,073 - processing started: 568_214 
2022-04-07 19:21:03,166 - processing completed: 568_214
2022-04-07 19:21:03,170 - processing started: 570_214 
2022-04-07 19:21:03,323 - processing completed: 570_214
2022-04-07 19:21:03,327 - processing started: 572_215 
2022-04-07 19:21:03,421 - processing completed: 572_215
2022-04-07 19:21:03,426 - processing started: 574_216 
2022-04-07 19:21:03,583 - processing completed: 574_216
2022-04-07 19:21:03,587 - processing started: 576_217 
2022-04-07 19:21:03,682 - processing completed: 576_217
2022-04-07 19:21:03,686 - processing started: 578_218 
2022-04-07 19:21:03,843 - processing completed: 578_218
2022-04-07 19:21:03,848 - processing started: 580_219 
2022-04-07 19:21:03,941 - processing completed: 580_219
2022-04-07 19:21:03,945 - processing started: 582_220 
2022-04-07 19:21:04,101 - processing completed: 582_220
2022-04-07 19:21:04,105 - processing started: 584_221 
2022-04-07 19:21:04,199 - processing completed: 584_221
2022-04-07 19:21:04,203 - processing started: 586_221 
2022-04-07 19:21:04,364 - processing completed: 586_221
2022-04-07 19:21:04,369 - processing started: 588_222 
2022-04-07 19:21:04,460 - processing completed: 588_222
2022-04-07 19:21:04,465 - processing started: 590_222 
2022-04-07 19:21:04,626 - processing completed: 590_222
2022-04-07 19:21:04,630 - processing started: 592_223 
2022-04-07 19:21:04,704 - processing completed: 592_223
2022-04-07 19:21:04,709 - processing started: 594_224 
2022-04-07 19:21:04,882 - processing completed: 594_224
2022-04-07 19:21:04,886 - processing started: 596_224 
2022-04-07 19:21:05,058 - processing completed: 596_224
2022-04-07 19:21:05,062 - processing started: 598_225 
2022-04-07 19:21:05,135 - processing completed: 598_225
2022-04-07 19:21:05,138 - processing started: 600_225 
2022-04-07 19:21:05,276 - processing completed: 600_225
2022-04-07 19:21:05,279 - processing started: 602_226 
2022-04-07 19:21:05,356 - processing completed: 602_226
2022-04-07 19:21:05,359 - processing started: 604_226 
2022-04-07 19:21:05,503 - processing completed: 604_226
2022-04-07 19:21:05,507 - processing started: 606_227 
2022-04-07 19:21:05,598 - processing completed: 606_227
2022-04-07 19:21:05,601 - processing started: 608_227 
2022-04-07 19:21:05,758 - processing completed: 608_227
2022-04-07 19:21:05,762 - processing started: 610_227 
2022-04-07 19:21:05,836 - processing completed: 610_227
2022-04-07 19:21:05,840 - processing started: 612_227 
2022-04-07 19:21:06,021 - processing completed: 612_227
2022-04-07 19:21:06,025 - processing started: 614_227 
2022-04-07 19:21:06,100 - processing completed: 614_227
2022-04-07 19:21:06,103 - processing started: 616_228 
2022-04-07 19:21:06,232 - processing completed: 616_228
2022-04-07 19:21:06,235 - processing started: 618_229 
2022-04-07 19:21:06,309 - processing completed: 618_229
2022-04-07 19:21:06,312 - processing started: 620_230 
2022-04-07 19:21:06,441 - processing completed: 620_230
2022-04-07 19:21:06,444 - processing started: 622_230 
2022-04-07 19:21:06,520 - processing completed: 622_230
2022-04-07 19:21:06,523 - processing started: 624_231 
2022-04-07 19:21:06,645 - processing completed: 624_231
2022-04-07 19:21:06,648 - processing started: 626_232 
2022-04-07 19:21:06,779 - processing completed: 626_232
2022-04-07 19:21:06,782 - processing started: 628_232 
2022-04-07 19:21:06,852 - processing completed: 628_232
2022-04-07 19:21:06,856 - processing started: 630_232 
2022-04-07 19:21:06,992 - processing completed: 630_232
2022-04-07 19:21:06,995 - processing started: 632_233 
2022-04-07 19:21:07,067 - processing completed: 632_233
2022-04-07 19:21:07,070 - processing started: 634_234 
2022-04-07 19:21:07,204 - processing completed: 634_234
2022-04-07 19:21:07,207 - processing started: 636_234 
2022-04-07 19:21:07,276 - processing completed: 636_234
2022-04-07 19:21:07,279 - processing started: 638_235 
2022-04-07 19:21:07,437 - processing completed: 638_235
2022-04-07 19:21:07,441 - processing started: 640_236 
2022-04-07 19:21:07,531 - processing completed: 640_236
2022-04-07 19:21:07,534 - processing started: 642_236 
2022-04-07 19:21:07,687 - processing completed: 642_236
2022-04-07 19:21:07,690 - processing started: 644_237 
2022-04-07 19:21:07,780 - processing completed: 644_237
2022-04-07 19:21:07,783 - processing started: 646_238 
2022-04-07 19:21:07,942 - processing completed: 646_238
2022-04-07 19:21:07,945 - processing started: 648_239 
2022-04-07 19:21:08,037 - processing completed: 648_239
2022-04-07 19:21:08,040 - processing started: 650_240 
2022-04-07 19:21:08,192 - processing completed: 650_240
2022-04-07 19:21:08,195 - processing started: 652_240 
2022-04-07 19:21:08,283 - processing completed: 652_240
2022-04-07 19:21:08,287 - processing started: 654_241 
2022-04-07 19:21:08,428 - processing completed: 654_241
2022-04-07 19:21:08,432 - processing started: 656_242 
2022-04-07 19:21:08,585 - processing completed: 656_242
2022-04-07 19:21:08,589 - processing started: 658_243 
2022-04-07 19:21:08,677 - processing completed: 658_243
2022-04-07 19:21:08,681 - processing started: 660_243 
2022-04-07 19:21:08,822 - processing completed: 660_243
2022-04-07 19:21:08,826 - processing started: 662_244 
2022-04-07 19:21:08,886 - processing completed: 662_244
2022-04-07 19:21:08,889 - processing started: 664_245 
2022-04-07 19:21:09,008 - processing completed: 664_245
2022-04-07 19:21:09,011 - processing started: 666_246 
2022-04-07 19:21:09,071 - processing completed: 666_246
2022-04-07 19:21:09,073 - processing started: 668_247 
2022-04-07 19:21:09,183 - processing completed: 668_247
2022-04-07 19:21:09,186 - processing started: 670_248 
2022-04-07 19:21:09,241 - processing completed: 670_248
2022-04-07 19:21:09,244 - processing started: 672_248 
2022-04-07 19:21:09,352 - processing completed: 672_248
2022-04-07 19:21:09,355 - processing started: 674_249 
2022-04-07 19:21:09,413 - processing completed: 674_249
2022-04-07 19:21:09,417 - processing started: 676_250 
2022-04-07 19:21:09,529 - processing completed: 676_250
2022-04-07 19:21:09,532 - processing started: 678_251 
2022-04-07 19:21:09,592 - processing completed: 678_251
2022-04-07 19:21:09,596 - processing started: 680_252 
2022-04-07 19:21:09,708 - processing completed: 680_252
2022-04-07 19:21:09,711 - processing started: 682_252 
2022-04-07 19:21:09,769 - processing completed: 682_252
2022-04-07 19:21:09,772 - processing started: 684_253 
2022-04-07 19:21:09,897 - processing completed: 684_253
2022-04-07 19:21:09,901 - processing started: 686_254 
2022-04-07 19:21:10,046 - processing completed: 686_254
2022-04-07 19:21:10,049 - processing started: 688_255 
2022-04-07 19:21:10,125 - processing completed: 688_255
2022-04-07 19:21:10,129 - processing started: 690_256 
2022-04-07 19:21:10,266 - processing completed: 690_256
2022-04-07 19:21:10,270 - processing started: 692_257 
2022-04-07 19:21:10,348 - processing completed: 692_257
2022-04-07 19:21:10,351 - processing started: 694_257 
2022-04-07 19:21:10,486 - processing completed: 694_257
2022-04-07 19:21:10,489 - processing started: 696_258 
2022-04-07 19:21:10,570 - processing completed: 696_258
2022-04-07 19:21:10,573 - processing started: 698_258 
2022-04-07 19:21:10,707 - processing completed: 698_258
2022-04-07 19:21:10,711 - processing started: 700_259 
2022-04-07 19:21:10,781 - processing completed: 700_259
2022-04-07 19:21:10,784 - processing started: 702_260 
2022-04-07 19:21:10,922 - processing completed: 702_260
2022-04-07 19:21:10,926 - processing started: 704_261 
2022-04-07 19:21:11,010 - processing completed: 704_261
2022-04-07 19:21:11,015 - processing started: 706_261 
2022-04-07 19:21:11,156 - processing completed: 706_261
2022-04-07 19:21:11,159 - processing started: 708_262 
2022-04-07 19:21:11,234 - processing completed: 708_262
2022-04-07 19:21:11,237 - processing started: 710_263 
2022-04-07 19:21:11,368 - processing completed: 710_263
2022-04-07 19:21:11,371 - processing started: 712_264 
2022-04-07 19:21:11,500 - processing completed: 712_264
2022-04-07 19:21:11,505 - processing started: 714_264 
2022-04-07 19:21:11,578 - processing completed: 714_264
2022-04-07 19:21:11,582 - processing started: 716_265 
2022-04-07 19:21:11,710 - processing completed: 716_265
2022-04-07 19:21:11,713 - processing started: 718_266 
2022-04-07 19:21:11,787 - processing completed: 718_266
2022-04-07 19:21:11,791 - processing started: 720_267 
2022-04-07 19:21:11,919 - processing completed: 720_267
2022-04-07 19:21:11,923 - processing started: 722_267 
2022-04-07 19:21:11,997 - processing completed: 722_267
2022-04-07 19:21:12,000 - processing started: 724_267 
2022-04-07 19:21:12,135 - processing completed: 724_267
2022-04-07 19:21:12,139 - processing started: 726_268 
2022-04-07 19:21:12,215 - processing completed: 726_268
2022-04-07 19:21:12,219 - processing started: 728_268 
2022-04-07 19:21:12,351 - processing completed: 728_268
2022-04-07 19:21:12,355 - processing started: 730_268 
2022-04-07 19:21:12,429 - processing completed: 730_268
2022-04-07 19:21:12,433 - processing started: 732_268 
2022-04-07 19:21:12,563 - processing completed: 732_268
2022-04-07 19:21:12,566 - processing started: 734_268 
2022-04-07 19:21:12,640 - processing completed: 734_268
2022-04-07 19:21:12,644 - processing started: 736_269 
2022-04-07 19:21:12,773 - processing completed: 736_269
2022-04-07 19:21:12,777 - processing started: 738_270 
2022-04-07 19:21:12,860 - processing completed: 738_270
2022-04-07 19:21:12,863 - processing started: 740_271 
2022-04-07 19:21:13,003 - processing completed: 740_271
2022-04-07 19:21:13,007 - processing started: 742_272 
2022-04-07 19:21:13,134 - processing completed: 742_272
2022-04-07 19:21:13,137 - processing started: 744_272 
2022-04-07 19:21:13,208 - processing completed: 744_272
2022-04-07 19:21:13,212 - processing started: 746_273 
2022-04-07 19:21:13,343 - processing completed: 746_273
2022-04-07 19:21:13,347 - processing started: 748_274 
2022-04-07 19:21:13,417 - processing completed: 748_274
2022-04-07 19:21:13,421 - processing started: 750_274 
2022-04-07 19:21:13,548 - processing completed: 750_274
2022-04-07 19:21:13,552 - processing started: 752_275 
2022-04-07 19:21:13,626 - processing completed: 752_275
2022-04-07 19:21:13,630 - processing started: 754_275 
2022-04-07 19:21:13,761 - processing completed: 754_275
2022-04-07 19:21:13,765 - processing started: 756_276 
2022-04-07 19:21:13,841 - processing completed: 756_276
2022-04-07 19:21:13,844 - processing started: 758_277 
2022-04-07 19:21:13,984 - processing completed: 758_277
2022-04-07 19:21:13,988 - processing started: 760_278 
2022-04-07 19:21:14,070 - processing completed: 760_278
2022-04-07 19:21:14,074 - processing started: 762_278 
2022-04-07 19:21:14,217 - processing completed: 762_278
2022-04-07 19:21:14,220 - processing started: 764_279 
2022-04-07 19:21:14,298 - processing completed: 764_279
2022-04-07 19:21:14,302 - processing started: 766_280 
2022-04-07 19:21:14,434 - processing completed: 766_280
2022-04-07 19:21:14,437 - processing started: 768_281 
2022-04-07 19:21:14,510 - processing completed: 768_281
2022-04-07 19:21:14,513 - processing started: 770_282 
2022-04-07 19:21:14,640 - processing completed: 770_282
2022-04-07 19:21:14,643 - processing started: 772_283 
2022-04-07 19:21:14,776 - processing completed: 772_283
2022-04-07 19:21:14,779 - processing started: 774_284 
2022-04-07 19:21:14,844 - processing completed: 774_284
2022-04-07 19:21:14,848 - processing started: 776_285 
2022-04-07 19:21:14,975 - processing completed: 776_285
2022-04-07 19:21:14,978 - processing started: 778_285 
2022-04-07 19:21:15,050 - processing completed: 778_285
2022-04-07 19:21:15,054 - processing started: 780_286 
2022-04-07 19:21:15,260 - processing completed: 780_286
2022-04-07 19:21:15,265 - processing started: 782_287 
2022-04-07 19:21:15,335 - processing completed: 782_287
2022-04-07 19:21:15,339 - processing started: 784_288 
2022-04-07 19:21:15,467 - processing completed: 784_288
2022-04-07 19:21:15,471 - processing started: 786_289 
2022-04-07 19:21:15,542 - processing completed: 786_289
2022-04-07 19:21:15,546 - processing started: 788_290 
2022-04-07 19:21:15,678 - processing completed: 788_290
2022-04-07 19:21:15,681 - processing started: 790_290 
2022-04-07 19:21:15,749 - processing completed: 790_290
2022-04-07 19:21:15,752 - processing started: 792_291 
2022-04-07 19:21:15,879 - processing completed: 792_291
2022-04-07 19:21:15,882 - processing started: 794_292 
2022-04-07 19:21:15,951 - processing completed: 794_292
2022-04-07 19:21:15,956 - processing started: 796_293 
2022-04-07 19:21:16,059 - processing completed: 796_293
2022-04-07 19:21:16,061 - processing started: 798_294 
2022-04-07 19:21:16,104 - processing completed: 798_294
2022-04-07 19:21:16,107 - processing started: 800_295 
2022-04-07 19:21:16,230 - processing completed: 800_295
2022-04-07 19:21:16,233 - processing started: 802_296 
2022-04-07 19:21:16,364 - processing completed: 802_296
2022-04-07 19:21:16,367 - processing started: 804_296 
2022-04-07 19:21:16,440 - processing completed: 804_296
2022-04-07 19:21:16,443 - processing started: 806_297 
2022-04-07 19:21:16,644 - processing completed: 806_297
2022-04-07 19:21:16,648 - processing started: 808_298 
2022-04-07 19:21:16,718 - processing completed: 808_298
2022-04-07 19:21:16,721 - processing started: 810_299 
2022-04-07 19:21:16,848 - processing completed: 810_299
2022-04-07 19:21:16,851 - processing started: 0_0 
2022-04-07 19:21:16,851 - Closing connection (200): Normal shutdown
2022-04-07 19:21:16,852 - Closing channel (200): 'Normal shutdown' on <Channel number=1 OPEN conn=<SelectConnection OPEN transport=<pika.adapters.utils.io_services_utils._AsyncPlaintextTransport object at 0x11b2f91c0> params=<ConnectionParameters host=localhost port=5672 virtual_host=/ ssl=False>>>
2022-04-07 19:21:16,852 - Received <Channel.CloseOk> on <Channel number=1 CLOSING conn=<SelectConnection OPEN transport=<pika.adapters.utils.io_services_utils._AsyncPlaintextTransport object at 0x11b2f91c0> params=<ConnectionParameters host=localhost port=5672 virtual_host=/ ssl=False>>>
2022-04-07 19:21:16,852 - Closing connection (200): 'Normal shutdown'
2022-04-07 19:21:16,853 - Aborting transport connection: state=1; <socket.socket fd=22, family=AddressFamily.AF_INET, type=SocketKind.SOCK_STREAM, proto=6, laddr=('127.0.0.1', 63783), raddr=('127.0.0.1', 5672)>
2022-04-07 19:21:16,853 - _AsyncTransportBase._initate_abort(): Initiating abrupt asynchronous transport shutdown: state=1; error=None; <socket.socket fd=22, family=AddressFamily.AF_INET, type=SocketKind.SOCK_STREAM, proto=6, laddr=('127.0.0.1', 63783), raddr=('127.0.0.1', 5672)>
2022-04-07 19:21:16,853 - Deactivating transport: state=1; <socket.socket fd=22, family=AddressFamily.AF_INET, type=SocketKind.SOCK_STREAM, proto=6, laddr=('127.0.0.1', 63783), raddr=('127.0.0.1', 5672)>
2022-04-07 19:21:16,853 - AMQP stack terminated, failed to connect, or aborted: opened=True, error-arg=None; pending-error=ConnectionClosedByClient: (200) 'Normal shutdown'
2022-04-07 19:21:16,853 - Stack terminated due to ConnectionClosedByClient: (200) 'Normal shutdown'
2022-04-07 19:21:16,853 - Closing transport socket and unlinking: state=3; <socket.socket fd=22, family=AddressFamily.AF_INET, type=SocketKind.SOCK_STREAM, proto=6, laddr=('127.0.0.1', 63783), raddr=('127.0.0.1', 5672)>
2022-04-07 19:21:16,854 - User-initiated close: result=BlockingConnection__OnClosedArgs(connection=<SelectConnection CLOSED transport=None params=<ConnectionParameters host=localhost port=5672 virtual_host=/ ssl=False>>, error=ConnectionClosedByClient: (200) 'Normal shutdown')
2022-04-07 19:21:16,854 - PID 93641 completed loading and processing
