2022-04-07 16:05:29,725 - PID 53916 started loading and processing
2022-04-07 16:05:29,732 - Pika version 1.2.0 connecting to ('::1', 5672, 0, 0)
2022-04-07 16:05:29,733 - Socket failed to connect: <socket.socket fd=22, family=AddressFamily.AF_INET6, type=SocketKind.SOCK_STREAM, proto=6, laddr=('::1', 62942, 0, 0)>; error=61 (Connection refused)
2022-04-07 16:05:29,733 - TCP Connection attempt failed: ConnectionRefusedError(61, 'Connection refused'); dest=(<AddressFamily.AF_INET6: 30>, <SocketKind.SOCK_STREAM: 1>, 6, '', ('::1', 5672, 0, 0))
2022-04-07 16:05:29,733 - AMQPConnector - reporting failure: AMQPConnectorSocketConnectError: ConnectionRefusedError(61, 'Connection refused')
2022-04-07 16:05:29,733 - Pika version 1.2.0 connecting to ('127.0.0.1', 5672)
2022-04-07 16:05:29,733 - Socket connected: <socket.socket fd=22, family=AddressFamily.AF_INET, type=SocketKind.SOCK_STREAM, proto=6, laddr=('127.0.0.1', 62944), raddr=('127.0.0.1', 5672)>
2022-04-07 16:05:29,734 - Streaming transport linked up: (<pika.adapters.utils.io_services_utils._AsyncPlaintextTransport object at 0x11b0b21c0>, _StreamingProtocolShim: <SelectConnection PROTOCOL transport=<pika.adapters.utils.io_services_utils._AsyncPlaintextTransport object at 0x11b0b21c0> params=<ConnectionParameters host=localhost port=5672 virtual_host=/ ssl=False>>).
2022-04-07 16:05:29,747 - AMQPConnector - reporting success: <SelectConnection OPEN transport=<pika.adapters.utils.io_services_utils._AsyncPlaintextTransport object at 0x11b0b21c0> params=<ConnectionParameters host=localhost port=5672 virtual_host=/ ssl=False>>
2022-04-07 16:05:29,747 - AMQPConnectionWorkflow - reporting success: <SelectConnection OPEN transport=<pika.adapters.utils.io_services_utils._AsyncPlaintextTransport object at 0x11b0b21c0> params=<ConnectionParameters host=localhost port=5672 virtual_host=/ ssl=False>>
2022-04-07 16:05:29,747 - Connection workflow succeeded: <SelectConnection OPEN transport=<pika.adapters.utils.io_services_utils._AsyncPlaintextTransport object at 0x11b0b21c0> params=<ConnectionParameters host=localhost port=5672 virtual_host=/ ssl=False>>
2022-04-07 16:05:29,748 - Created channel=1
2022-04-07 16:05:29,751 - Logging before start consuming
2022-04-07 16:05:31,875 - processing started: 1_000 
2022-04-07 16:05:32,076 - processing completed: 1_000
2022-04-07 16:05:32,097 - processing started: 3_001 
2022-04-07 16:05:32,306 - processing completed: 3_001
2022-04-07 16:05:32,311 - processing started: 5_002 
2022-04-07 16:05:32,517 - processing completed: 5_002
2022-04-07 16:05:32,523 - processing started: 7_003 
2022-04-07 16:05:32,668 - processing completed: 7_003
2022-04-07 16:05:32,674 - processing started: 9_003 
2022-04-07 16:05:32,895 - processing completed: 9_003
2022-04-07 16:05:32,901 - processing started: 11_004 
2022-04-07 16:05:32,936 - processing completed: 11_004
2022-04-07 16:05:32,939 - processing started: 13_005 
2022-04-07 16:05:33,137 - processing completed: 13_005
2022-04-07 16:05:33,143 - processing started: 15_005 
2022-04-07 16:05:33,293 - processing completed: 15_005
2022-04-07 16:05:33,298 - processing started: 17_006 
2022-04-07 16:05:33,447 - processing completed: 17_006
2022-04-07 16:05:33,450 - processing started: 19_007 
2022-04-07 16:05:33,593 - processing completed: 19_007
2022-04-07 16:05:33,599 - processing started: 21_008 
2022-04-07 16:05:33,803 - processing completed: 21_008
2022-04-07 16:05:33,809 - processing started: 23_009 
2022-04-07 16:05:33,970 - processing completed: 23_009
2022-04-07 16:05:33,975 - processing started: 25_010 
2022-04-07 16:05:34,174 - processing completed: 25_010
2022-04-07 16:05:34,180 - processing started: 27_011 
2022-04-07 16:05:34,327 - processing completed: 27_011
2022-04-07 16:05:34,333 - processing started: 29_012 
2022-04-07 16:05:34,472 - processing completed: 29_012
2022-04-07 16:05:34,475 - processing started: 31_013 
2022-04-07 16:05:34,576 - processing completed: 31_013
2022-04-07 16:05:34,580 - processing started: 33_014 
2022-04-07 16:05:34,725 - processing completed: 33_014
2022-04-07 16:05:34,729 - processing started: 35_014 
2022-04-07 16:05:34,859 - processing completed: 35_014
2022-04-07 16:05:34,862 - processing started: 37_014 
2022-04-07 16:05:34,952 - processing completed: 37_014
2022-04-07 16:05:34,956 - processing started: 39_015 
2022-04-07 16:05:35,103 - processing completed: 39_015
2022-04-07 16:05:35,107 - processing started: 41_015 
2022-04-07 16:05:35,184 - processing completed: 41_015
2022-04-07 16:05:35,188 - processing started: 43_016 
2022-04-07 16:05:35,352 - processing completed: 43_016
2022-04-07 16:05:35,356 - processing started: 45_017 
2022-04-07 16:05:35,443 - processing completed: 45_017
2022-04-07 16:05:35,446 - processing started: 47_017 
2022-04-07 16:05:35,596 - processing completed: 47_017
2022-04-07 16:05:35,600 - processing started: 49_018 
2022-04-07 16:05:35,681 - processing completed: 49_018
2022-04-07 16:05:35,684 - processing started: 51_019 
2022-04-07 16:05:35,832 - processing completed: 51_019
2022-04-07 16:05:35,835 - processing started: 53_020 
2022-04-07 16:05:35,913 - processing completed: 53_020
2022-04-07 16:05:35,917 - processing started: 55_021 
2022-04-07 16:05:36,066 - processing completed: 55_021
2022-04-07 16:05:36,069 - processing started: 57_022 
2022-04-07 16:05:36,147 - processing completed: 57_022
2022-04-07 16:05:36,151 - processing started: 59_023 
2022-04-07 16:05:36,309 - processing completed: 59_023
2022-04-07 16:05:36,313 - processing started: 61_023 
2022-04-07 16:05:36,393 - processing completed: 61_023
2022-04-07 16:05:36,396 - processing started: 63_024 
2022-04-07 16:05:36,529 - processing completed: 63_024
2022-04-07 16:05:36,533 - processing started: 65_024 
2022-04-07 16:05:36,668 - processing completed: 65_024
2022-04-07 16:05:36,671 - processing started: 67_025 
2022-04-07 16:05:36,752 - processing completed: 67_025
2022-04-07 16:05:36,755 - processing started: 69_026 
2022-04-07 16:05:36,892 - processing completed: 69_026
2022-04-07 16:05:36,895 - processing started: 71_027 
2022-04-07 16:05:36,971 - processing completed: 71_027
2022-04-07 16:05:36,975 - processing started: 73_028 
2022-04-07 16:05:37,108 - processing completed: 73_028
2022-04-07 16:05:37,111 - processing started: 75_029 
2022-04-07 16:05:37,187 - processing completed: 75_029
2022-04-07 16:05:37,191 - processing started: 77_030 
2022-04-07 16:05:37,330 - processing completed: 77_030
2022-04-07 16:05:37,334 - processing started: 79_030 
2022-04-07 16:05:37,412 - processing completed: 79_030
2022-04-07 16:05:37,415 - processing started: 81_031 
2022-04-07 16:05:37,558 - processing completed: 81_031
2022-04-07 16:05:37,561 - processing started: 83_032 
2022-04-07 16:05:37,673 - processing completed: 83_032
2022-04-07 16:05:37,678 - processing started: 85_032 
2022-04-07 16:05:37,859 - processing completed: 85_032
2022-04-07 16:05:37,863 - processing started: 87_032 
2022-04-07 16:05:37,982 - processing completed: 87_032
2022-04-07 16:05:37,986 - processing started: 89_033 
2022-04-07 16:05:38,146 - processing completed: 89_033
2022-04-07 16:05:38,149 - processing started: 91_033 
2022-04-07 16:05:38,234 - processing completed: 91_033
2022-04-07 16:05:38,238 - processing started: 93_034 
2022-04-07 16:05:38,390 - processing completed: 93_034
2022-04-07 16:05:38,393 - processing started: 95_035 
2022-04-07 16:05:38,530 - processing completed: 95_035
2022-04-07 16:05:38,534 - processing started: 97_035 
2022-04-07 16:05:38,612 - processing completed: 97_035
2022-04-07 16:05:38,616 - processing started: 99_036 
2022-04-07 16:05:38,760 - processing completed: 99_036
2022-04-07 16:05:38,764 - processing started: 101_037 
2022-04-07 16:05:38,844 - processing completed: 101_037
2022-04-07 16:05:38,847 - processing started: 103_037 
2022-04-07 16:05:38,991 - processing completed: 103_037
2022-04-07 16:05:38,995 - processing started: 105_038 
2022-04-07 16:05:39,073 - processing completed: 105_038
2022-04-07 16:05:39,076 - processing started: 107_039 
2022-04-07 16:05:39,227 - processing completed: 107_039
2022-04-07 16:05:39,230 - processing started: 109_040 
2022-04-07 16:05:39,315 - processing completed: 109_040
2022-04-07 16:05:39,318 - processing started: 111_040 
2022-04-07 16:05:39,464 - processing completed: 111_040
2022-04-07 16:05:39,467 - processing started: 113_040 
2022-04-07 16:05:39,546 - processing completed: 113_040
2022-04-07 16:05:39,550 - processing started: 115_040 
2022-04-07 16:05:39,693 - processing completed: 115_040
2022-04-07 16:05:39,696 - processing started: 117_041 
2022-04-07 16:05:39,780 - processing completed: 117_041
2022-04-07 16:05:39,783 - processing started: 119_042 
2022-04-07 16:05:39,925 - processing completed: 119_042
2022-04-07 16:05:39,927 - processing started: 121_042 
2022-04-07 16:05:40,005 - processing completed: 121_042
2022-04-07 16:05:40,008 - processing started: 123_043 
2022-04-07 16:05:40,145 - processing completed: 123_043
2022-04-07 16:05:40,148 - processing started: 125_044 
2022-04-07 16:05:40,282 - processing completed: 125_044
2022-04-07 16:05:40,286 - processing started: 127_045 
2022-04-07 16:05:40,365 - processing completed: 127_045
2022-04-07 16:05:40,368 - processing started: 129_045 
2022-04-07 16:05:40,510 - processing completed: 129_045
2022-04-07 16:05:40,513 - processing started: 131_046 
2022-04-07 16:05:40,588 - processing completed: 131_046
2022-04-07 16:05:40,591 - processing started: 133_047 
2022-04-07 16:05:40,741 - processing completed: 133_047
2022-04-07 16:05:40,744 - processing started: 135_048 
2022-04-07 16:05:40,823 - processing completed: 135_048
2022-04-07 16:05:40,826 - processing started: 137_049 
2022-04-07 16:05:40,975 - processing completed: 137_049
2022-04-07 16:05:40,978 - processing started: 139_049 
2022-04-07 16:05:41,061 - processing completed: 139_049
2022-04-07 16:05:41,063 - processing started: 141_050 
2022-04-07 16:05:41,206 - processing completed: 141_050
2022-04-07 16:05:41,209 - processing started: 143_051 
2022-04-07 16:05:41,288 - processing completed: 143_051
2022-04-07 16:05:41,291 - processing started: 145_051 
2022-04-07 16:05:41,439 - processing completed: 145_051
2022-04-07 16:05:41,442 - processing started: 147_051 
2022-04-07 16:05:41,519 - processing completed: 147_051
2022-04-07 16:05:41,522 - processing started: 149_052 
2022-04-07 16:05:41,662 - processing completed: 149_052
2022-04-07 16:05:41,665 - processing started: 151_053 
2022-04-07 16:05:41,745 - processing completed: 151_053
2022-04-07 16:05:41,748 - processing started: 153_054 
2022-04-07 16:05:41,897 - processing completed: 153_054
2022-04-07 16:05:41,900 - processing started: 155_055 
2022-04-07 16:05:42,036 - processing completed: 155_055
2022-04-07 16:05:42,039 - processing started: 157_056 
2022-04-07 16:05:42,124 - processing completed: 157_056
2022-04-07 16:05:42,128 - processing started: 159_057 
2022-04-07 16:05:42,281 - processing completed: 159_057
2022-04-07 16:05:42,284 - processing started: 161_058 
2022-04-07 16:05:42,415 - processing completed: 161_058
2022-04-07 16:05:42,419 - processing started: 163_059 
2022-04-07 16:05:42,555 - processing completed: 163_059
2022-04-07 16:05:42,558 - processing started: 165_060 
2022-04-07 16:05:42,635 - processing completed: 165_060
2022-04-07 16:05:42,638 - processing started: 167_060 
2022-04-07 16:05:42,772 - processing completed: 167_060
2022-04-07 16:05:42,775 - processing started: 169_061 
2022-04-07 16:05:42,857 - processing completed: 169_061
2022-04-07 16:05:42,860 - processing started: 171_062 
2022-04-07 16:05:42,993 - processing completed: 171_062
2022-04-07 16:05:42,997 - processing started: 173_063 
2022-04-07 16:05:43,152 - processing completed: 173_063
2022-04-07 16:05:43,158 - processing started: 175_064 
2022-04-07 16:05:43,367 - processing completed: 175_064
2022-04-07 16:05:43,372 - processing started: 177_064 
2022-04-07 16:05:43,535 - processing completed: 177_064
2022-04-07 16:05:43,541 - processing started: 179_065 
2022-04-07 16:05:43,750 - processing completed: 179_065
2022-04-07 16:05:43,756 - processing started: 181_066 
2022-04-07 16:05:43,981 - processing completed: 181_066
2022-04-07 16:05:43,987 - processing started: 183_066 
2022-04-07 16:05:44,148 - processing completed: 183_066
2022-04-07 16:05:44,154 - processing started: 185_066 
2022-04-07 16:05:44,375 - processing completed: 185_066
2022-04-07 16:05:44,381 - processing started: 187_066 
2022-04-07 16:05:44,513 - processing completed: 187_066
2022-04-07 16:05:44,517 - processing started: 189_067 
2022-04-07 16:05:44,733 - processing completed: 189_067
2022-04-07 16:05:44,739 - processing started: 191_067 
2022-04-07 16:05:44,904 - processing completed: 191_067
2022-04-07 16:05:44,909 - processing started: 193_068 
2022-04-07 16:05:45,073 - processing completed: 193_068
2022-04-07 16:05:45,078 - processing started: 195_069 
2022-04-07 16:05:45,192 - processing completed: 195_069
2022-04-07 16:05:45,196 - processing started: 197_069 
2022-04-07 16:05:45,367 - processing completed: 197_069
2022-04-07 16:05:45,371 - processing started: 199_070 
2022-04-07 16:05:45,534 - processing completed: 199_070
2022-04-07 16:05:45,539 - processing started: 201_071 
2022-04-07 16:05:45,750 - processing completed: 201_071
2022-04-07 16:05:45,756 - processing started: 203_072 
2022-04-07 16:05:45,910 - processing completed: 203_072
2022-04-07 16:05:45,915 - processing started: 205_072 
2022-04-07 16:05:46,124 - processing completed: 205_072
2022-04-07 16:05:46,129 - processing started: 207_073 
2022-04-07 16:05:46,281 - processing completed: 207_073
2022-04-07 16:05:46,286 - processing started: 209_074 
2022-04-07 16:05:46,497 - processing completed: 209_074
2022-04-07 16:05:46,503 - processing started: 211_075 
2022-04-07 16:05:46,721 - processing completed: 211_075
2022-04-07 16:05:46,726 - processing started: 213_076 
2022-04-07 16:05:46,878 - processing completed: 213_076
2022-04-07 16:05:46,884 - processing started: 215_077 
2022-04-07 16:05:47,051 - processing completed: 215_077
2022-04-07 16:05:47,055 - processing started: 217_077 
2022-04-07 16:05:47,206 - processing completed: 217_077
2022-04-07 16:05:47,212 - processing started: 219_078 
2022-04-07 16:05:47,439 - processing completed: 219_078
2022-04-07 16:05:47,445 - processing started: 221_079 
2022-04-07 16:05:47,604 - processing completed: 221_079
2022-04-07 16:05:47,610 - processing started: 223_080 
2022-04-07 16:05:47,737 - processing completed: 223_080
2022-04-07 16:05:47,741 - processing started: 225_081 
2022-04-07 16:05:47,837 - processing completed: 225_081
2022-04-07 16:05:47,841 - processing started: 227_081 
2022-04-07 16:05:47,988 - processing completed: 227_081
2022-04-07 16:05:47,993 - processing started: 229_081 
2022-04-07 16:05:48,089 - processing completed: 229_081
2022-04-07 16:05:48,093 - processing started: 231_081 
2022-04-07 16:05:48,248 - processing completed: 231_081
2022-04-07 16:05:48,253 - processing started: 233_082 
2022-04-07 16:05:48,348 - processing completed: 233_082
2022-04-07 16:05:48,352 - processing started: 235_082 
2022-04-07 16:05:48,496 - processing completed: 235_082
2022-04-07 16:05:48,501 - processing started: 237_083 
2022-04-07 16:05:48,605 - processing completed: 237_083
2022-04-07 16:05:48,609 - processing started: 239_084 
2022-04-07 16:05:48,771 - processing completed: 239_084
2022-04-07 16:05:48,776 - processing started: 241_085 
2022-04-07 16:05:48,930 - processing completed: 241_085
2022-04-07 16:05:48,934 - processing started: 243_086 
2022-04-07 16:05:49,050 - processing completed: 243_086
2022-04-07 16:05:49,054 - processing started: 245_087 
2022-04-07 16:05:49,204 - processing completed: 245_087
2022-04-07 16:05:49,209 - processing started: 247_088 
2022-04-07 16:05:49,310 - processing completed: 247_088
2022-04-07 16:05:49,314 - processing started: 249_089 
2022-04-07 16:05:49,447 - processing completed: 249_089
2022-04-07 16:05:49,450 - processing started: 251_089 
2022-04-07 16:05:49,510 - processing completed: 251_089
2022-04-07 16:05:49,515 - processing started: 253_090 
2022-04-07 16:05:49,651 - processing completed: 253_090
2022-04-07 16:05:49,655 - processing started: 255_091 
2022-04-07 16:05:49,733 - processing completed: 255_091
2022-04-07 16:05:49,737 - processing started: 257_092 
2022-04-07 16:05:49,864 - processing completed: 257_092
2022-04-07 16:05:49,867 - processing started: 259_093 
2022-04-07 16:05:49,945 - processing completed: 259_093
2022-04-07 16:05:49,949 - processing started: 261_094 
2022-04-07 16:05:50,080 - processing completed: 261_094
2022-04-07 16:05:50,084 - processing started: 263_095 
2022-04-07 16:05:50,161 - processing completed: 263_095
2022-04-07 16:05:50,165 - processing started: 265_096 
2022-04-07 16:05:50,297 - processing completed: 265_096
2022-04-07 16:05:50,301 - processing started: 267_097 
2022-04-07 16:05:50,379 - processing completed: 267_097
2022-04-07 16:05:50,382 - processing started: 269_098 
2022-04-07 16:05:50,514 - processing completed: 269_098
2022-04-07 16:05:50,518 - processing started: 271_098 
2022-04-07 16:05:50,654 - processing completed: 271_098
2022-04-07 16:05:50,657 - processing started: 273_099 
2022-04-07 16:05:50,725 - processing completed: 273_099
2022-04-07 16:05:50,729 - processing started: 275_100 
2022-04-07 16:05:50,893 - processing completed: 275_100
2022-04-07 16:05:50,897 - processing started: 277_101 
2022-04-07 16:05:50,967 - processing completed: 277_101
2022-04-07 16:05:50,970 - processing started: 279_102 
2022-04-07 16:05:51,094 - processing completed: 279_102
2022-04-07 16:05:51,097 - processing started: 281_103 
2022-04-07 16:05:51,164 - processing completed: 281_103
2022-04-07 16:05:51,167 - processing started: 283_104 
2022-04-07 16:05:51,288 - processing completed: 283_104
2022-04-07 16:05:51,292 - processing started: 285_105 
2022-04-07 16:05:51,357 - processing completed: 285_105
2022-04-07 16:05:51,360 - processing started: 287_106 
2022-04-07 16:05:51,478 - processing completed: 287_106
2022-04-07 16:05:51,481 - processing started: 289_107 
2022-04-07 16:05:51,546 - processing completed: 289_107
2022-04-07 16:05:51,550 - processing started: 291_107 
2022-04-07 16:05:51,669 - processing completed: 291_107
2022-04-07 16:05:51,672 - processing started: 293_108 
2022-04-07 16:05:51,735 - processing completed: 293_108
2022-04-07 16:05:51,738 - processing started: 295_109 
2022-04-07 16:05:51,853 - processing completed: 295_109
2022-04-07 16:05:51,857 - processing started: 297_110 
2022-04-07 16:05:51,924 - processing completed: 297_110
2022-04-07 16:05:51,929 - processing started: 299_110 
2022-04-07 16:05:52,047 - processing completed: 299_110
2022-04-07 16:05:52,051 - processing started: 301_111 
2022-04-07 16:05:52,170 - processing completed: 301_111
2022-04-07 16:05:52,174 - processing started: 303_112 
2022-04-07 16:05:52,236 - processing completed: 303_112
2022-04-07 16:05:52,239 - processing started: 305_113 
2022-04-07 16:05:52,356 - processing completed: 305_113
2022-04-07 16:05:52,359 - processing started: 307_114 
2022-04-07 16:05:52,453 - processing completed: 307_114
2022-04-07 16:05:52,456 - processing started: 309_115 
2022-04-07 16:05:52,604 - processing completed: 309_115
2022-04-07 16:05:52,609 - processing started: 311_116 
2022-04-07 16:05:52,705 - processing completed: 311_116
2022-04-07 16:05:52,708 - processing started: 313_117 
2022-04-07 16:05:52,859 - processing completed: 313_117
2022-04-07 16:05:52,863 - processing started: 315_117 
2022-04-07 16:05:52,957 - processing completed: 315_117
2022-04-07 16:05:52,963 - processing started: 317_118 
2022-04-07 16:05:53,112 - processing completed: 317_118
2022-04-07 16:05:53,116 - processing started: 319_119 
2022-04-07 16:05:53,210 - processing completed: 319_119
2022-04-07 16:05:53,214 - processing started: 321_120 
2022-04-07 16:05:53,341 - processing completed: 321_120
2022-04-07 16:05:53,345 - processing started: 323_120 
2022-04-07 16:05:53,418 - processing completed: 323_120
2022-04-07 16:05:53,421 - processing started: 325_121 
2022-04-07 16:05:53,568 - processing completed: 325_121
2022-04-07 16:05:53,573 - processing started: 327_122 
2022-04-07 16:05:53,673 - processing completed: 327_122
2022-04-07 16:05:53,677 - processing started: 329_123 
2022-04-07 16:05:53,832 - processing completed: 329_123
2022-04-07 16:05:53,837 - processing started: 331_124 
2022-04-07 16:05:53,989 - processing completed: 331_124
2022-04-07 16:05:53,993 - processing started: 333_124 
2022-04-07 16:05:54,091 - processing completed: 333_124
2022-04-07 16:05:54,095 - processing started: 335_124 
2022-04-07 16:05:54,246 - processing completed: 335_124
2022-04-07 16:05:54,252 - processing started: 337_124 
2022-04-07 16:05:54,350 - processing completed: 337_124
2022-04-07 16:05:54,354 - processing started: 339_124 
2022-04-07 16:05:54,503 - processing completed: 339_124
2022-04-07 16:05:54,507 - processing started: 341_125 
2022-04-07 16:05:54,605 - processing completed: 341_125
2022-04-07 16:05:54,609 - processing started: 343_126 
2022-04-07 16:05:54,766 - processing completed: 343_126
2022-04-07 16:05:54,771 - processing started: 345_127 
2022-04-07 16:05:54,869 - processing completed: 345_127
2022-04-07 16:05:54,873 - processing started: 347_128 
2022-04-07 16:05:55,024 - processing completed: 347_128
2022-04-07 16:05:55,029 - processing started: 349_129 
2022-04-07 16:05:55,130 - processing completed: 349_129
2022-04-07 16:05:55,134 - processing started: 351_129 
2022-04-07 16:05:55,285 - processing completed: 351_129
2022-04-07 16:05:55,289 - processing started: 353_130 
2022-04-07 16:05:55,387 - processing completed: 353_130
2022-04-07 16:05:55,391 - processing started: 355_131 
2022-04-07 16:05:55,541 - processing completed: 355_131
2022-04-07 16:05:55,545 - processing started: 357_132 
2022-04-07 16:05:55,644 - processing completed: 357_132
2022-04-07 16:05:55,648 - processing started: 359_133 
2022-04-07 16:05:55,804 - processing completed: 359_133
2022-04-07 16:05:55,809 - processing started: 361_134 
2022-04-07 16:05:55,962 - processing completed: 361_134
2022-04-07 16:05:55,966 - processing started: 363_134 
2022-04-07 16:05:56,063 - processing completed: 363_134
2022-04-07 16:05:56,069 - processing started: 365_135 
2022-04-07 16:05:56,223 - processing completed: 365_135
2022-04-07 16:05:56,227 - processing started: 367_135 
2022-04-07 16:05:56,324 - processing completed: 367_135
2022-04-07 16:05:56,328 - processing started: 369_136 
2022-04-07 16:05:56,480 - processing completed: 369_136
2022-04-07 16:05:56,484 - processing started: 371_137 
2022-04-07 16:05:56,579 - processing completed: 371_137
2022-04-07 16:05:56,583 - processing started: 373_138 
2022-04-07 16:05:56,737 - processing completed: 373_138
2022-04-07 16:05:56,741 - processing started: 375_139 
2022-04-07 16:05:56,840 - processing completed: 375_139
2022-04-07 16:05:56,844 - processing started: 377_140 
2022-04-07 16:05:56,995 - processing completed: 377_140
2022-04-07 16:05:57,000 - processing started: 379_141 
2022-04-07 16:05:57,097 - processing completed: 379_141
2022-04-07 16:05:57,101 - processing started: 381_142 
2022-04-07 16:05:57,254 - processing completed: 381_142
2022-04-07 16:05:57,259 - processing started: 383_143 
2022-04-07 16:05:57,358 - processing completed: 383_143
2022-04-07 16:05:57,363 - processing started: 385_144 
2022-04-07 16:05:57,512 - processing completed: 385_144
2022-04-07 16:05:57,516 - processing started: 387_144 
2022-04-07 16:05:57,617 - processing completed: 387_144
2022-04-07 16:05:57,621 - processing started: 389_145 
2022-04-07 16:05:57,775 - processing completed: 389_145
2022-04-07 16:05:57,779 - processing started: 391_145 
2022-04-07 16:05:57,931 - processing completed: 391_145
2022-04-07 16:05:57,936 - processing started: 393_146 
2022-04-07 16:05:58,033 - processing completed: 393_146
2022-04-07 16:05:58,037 - processing started: 395_147 
2022-04-07 16:05:58,193 - processing completed: 395_147
2022-04-07 16:05:58,199 - processing started: 397_147 
2022-04-07 16:05:58,298 - processing completed: 397_147
2022-04-07 16:05:58,302 - processing started: 399_148 
2022-04-07 16:05:58,453 - processing completed: 399_148
2022-04-07 16:05:58,458 - processing started: 401_149 
2022-04-07 16:05:58,556 - processing completed: 401_149
2022-04-07 16:05:58,560 - processing started: 403_149 
2022-04-07 16:05:58,711 - processing completed: 403_149
2022-04-07 16:05:58,716 - processing started: 405_150 
2022-04-07 16:05:58,821 - processing completed: 405_150
2022-04-07 16:05:58,826 - processing started: 407_151 
2022-04-07 16:05:58,977 - processing completed: 407_151
2022-04-07 16:05:58,981 - processing started: 409_152 
2022-04-07 16:05:59,078 - processing completed: 409_152
2022-04-07 16:05:59,082 - processing started: 411_153 
2022-04-07 16:05:59,261 - processing completed: 411_153
2022-04-07 16:05:59,266 - processing started: 413_154 
2022-04-07 16:05:59,370 - processing completed: 413_154
2022-04-07 16:05:59,374 - processing started: 415_155 
2022-04-07 16:05:59,526 - processing completed: 415_155
2022-04-07 16:05:59,530 - processing started: 417_156 
2022-04-07 16:05:59,629 - processing completed: 417_156
2022-04-07 16:05:59,633 - processing started: 419_156 
2022-04-07 16:05:59,786 - processing completed: 419_156
2022-04-07 16:05:59,791 - processing started: 421_157 
2022-04-07 16:05:59,944 - processing completed: 421_157
2022-04-07 16:05:59,947 - processing started: 423_158 
2022-04-07 16:06:00,047 - processing completed: 423_158
2022-04-07 16:06:00,051 - processing started: 425_159 
2022-04-07 16:06:00,203 - processing completed: 425_159
2022-04-07 16:06:00,206 - processing started: 427_159 
2022-04-07 16:06:00,306 - processing completed: 427_159
2022-04-07 16:06:00,309 - processing started: 429_160 
2022-04-07 16:06:00,467 - processing completed: 429_160
2022-04-07 16:06:00,471 - processing started: 431_161 
2022-04-07 16:06:00,570 - processing completed: 431_161
2022-04-07 16:06:00,573 - processing started: 433_162 
2022-04-07 16:06:00,724 - processing completed: 433_162
2022-04-07 16:06:00,727 - processing started: 435_163 
2022-04-07 16:06:00,826 - processing completed: 435_163
2022-04-07 16:06:00,830 - processing started: 437_164 
2022-04-07 16:06:00,983 - processing completed: 437_164
2022-04-07 16:06:00,987 - processing started: 439_164 
2022-04-07 16:06:01,084 - processing completed: 439_164
2022-04-07 16:06:01,089 - processing started: 441_165 
2022-04-07 16:06:01,241 - processing completed: 441_165
2022-04-07 16:06:01,245 - processing started: 443_166 
2022-04-07 16:06:01,344 - processing completed: 443_166
2022-04-07 16:06:01,349 - processing started: 445_167 
2022-04-07 16:06:01,506 - processing completed: 445_167
2022-04-07 16:06:01,510 - processing started: 447_167 
2022-04-07 16:06:01,663 - processing completed: 447_167
2022-04-07 16:06:01,668 - processing started: 449_168 
2022-04-07 16:06:01,767 - processing completed: 449_168
2022-04-07 16:06:01,771 - processing started: 451_168 
2022-04-07 16:06:01,925 - processing completed: 451_168
2022-04-07 16:06:01,952 - processing started: 453_169 
2022-04-07 16:06:02,049 - processing completed: 453_169
2022-04-07 16:06:02,053 - processing started: 455_170 
2022-04-07 16:06:02,206 - processing completed: 455_170
2022-04-07 16:06:02,210 - processing started: 457_171 
2022-04-07 16:06:02,311 - processing completed: 457_171
2022-04-07 16:06:02,316 - processing started: 459_172 
2022-04-07 16:06:02,468 - processing completed: 459_172
2022-04-07 16:06:02,473 - processing started: 461_173 
2022-04-07 16:06:02,574 - processing completed: 461_173
2022-04-07 16:06:02,579 - processing started: 463_173 
2022-04-07 16:06:02,744 - processing completed: 463_173
2022-04-07 16:06:02,750 - processing started: 465_174 
2022-04-07 16:06:02,848 - processing completed: 465_174
2022-04-07 16:06:02,852 - processing started: 467_174 
2022-04-07 16:06:03,002 - processing completed: 467_174
2022-04-07 16:06:03,006 - processing started: 469_175 
2022-04-07 16:06:03,101 - processing completed: 469_175
2022-04-07 16:06:03,105 - processing started: 471_176 
2022-04-07 16:06:03,267 - processing completed: 471_176
2022-04-07 16:06:03,271 - processing started: 473_177 
2022-04-07 16:06:03,372 - processing completed: 473_177
2022-04-07 16:06:03,375 - processing started: 475_178 
2022-04-07 16:06:03,527 - processing completed: 475_178
2022-04-07 16:06:03,531 - processing started: 477_179 
2022-04-07 16:06:03,691 - processing completed: 477_179
2022-04-07 16:06:03,694 - processing started: 479_180 
2022-04-07 16:06:03,793 - processing completed: 479_180
2022-04-07 16:06:03,797 - processing started: 481_180 
2022-04-07 16:06:03,955 - processing completed: 481_180
2022-04-07 16:06:03,959 - processing started: 483_181 
2022-04-07 16:06:04,060 - processing completed: 483_181
2022-04-07 16:06:04,063 - processing started: 485_182 
2022-04-07 16:06:04,218 - processing completed: 485_182
2022-04-07 16:06:04,223 - processing started: 487_182 
2022-04-07 16:06:04,322 - processing completed: 487_182
2022-04-07 16:06:04,326 - processing started: 489_183 
2022-04-07 16:06:04,484 - processing completed: 489_183
2022-04-07 16:06:04,488 - processing started: 491_183 
2022-04-07 16:06:04,592 - processing completed: 491_183
2022-04-07 16:06:04,597 - processing started: 493_184 
2022-04-07 16:06:04,752 - processing completed: 493_184
2022-04-07 16:06:04,756 - processing started: 495_185 
2022-04-07 16:06:04,855 - processing completed: 495_185
2022-04-07 16:06:04,859 - processing started: 497_186 
2022-04-07 16:06:05,016 - processing completed: 497_186
2022-04-07 16:06:05,021 - processing started: 499_187 
2022-04-07 16:06:05,119 - processing completed: 499_187
2022-04-07 16:06:05,123 - processing started: 501_188 
2022-04-07 16:06:05,279 - processing completed: 501_188
2022-04-07 16:06:05,282 - processing started: 503_188 
2022-04-07 16:06:05,381 - processing completed: 503_188
2022-04-07 16:06:05,385 - processing started: 505_189 
2022-04-07 16:06:05,517 - processing completed: 505_189
2022-04-07 16:06:05,520 - processing started: 507_190 
2022-04-07 16:06:05,684 - processing completed: 507_190
2022-04-07 16:06:05,689 - processing started: 509_191 
2022-04-07 16:06:05,790 - processing completed: 509_191
2022-04-07 16:06:05,795 - processing started: 511_192 
2022-04-07 16:06:05,949 - processing completed: 511_192
2022-04-07 16:06:05,953 - processing started: 513_192 
2022-04-07 16:06:06,051 - processing completed: 513_192
2022-04-07 16:06:06,055 - processing started: 515_193 
2022-04-07 16:06:06,211 - processing completed: 515_193
2022-04-07 16:06:06,216 - processing started: 517_194 
2022-04-07 16:06:06,318 - processing completed: 517_194
2022-04-07 16:06:06,323 - processing started: 519_195 
2022-04-07 16:06:06,478 - processing completed: 519_195
2022-04-07 16:06:06,482 - processing started: 521_196 
2022-04-07 16:06:06,581 - processing completed: 521_196
2022-04-07 16:06:06,585 - processing started: 523_196 
2022-04-07 16:06:06,748 - processing completed: 523_196
2022-04-07 16:06:06,753 - processing started: 525_196 
2022-04-07 16:06:06,853 - processing completed: 525_196
2022-04-07 16:06:06,857 - processing started: 527_197 
2022-04-07 16:06:07,012 - processing completed: 527_197
2022-04-07 16:06:07,017 - processing started: 529_197 
2022-04-07 16:06:07,115 - processing completed: 529_197
2022-04-07 16:06:07,119 - processing started: 531_197 
2022-04-07 16:06:07,277 - processing completed: 531_197
2022-04-07 16:06:07,281 - processing started: 533_198 
2022-04-07 16:06:07,381 - processing completed: 533_198
2022-04-07 16:06:07,386 - processing started: 535_199 
2022-04-07 16:06:07,537 - processing completed: 535_199
2022-04-07 16:06:07,542 - processing started: 537_200 
2022-04-07 16:06:07,700 - processing completed: 537_200
2022-04-07 16:06:07,705 - processing started: 539_201 
2022-04-07 16:06:07,807 - processing completed: 539_201
2022-04-07 16:06:07,812 - processing started: 541_202 
2022-04-07 16:06:07,971 - processing completed: 541_202
2022-04-07 16:06:07,975 - processing started: 543_203 
2022-04-07 16:06:08,075 - processing completed: 543_203
2022-04-07 16:06:08,080 - processing started: 545_204 
2022-04-07 16:06:08,234 - processing completed: 545_204
2022-04-07 16:06:08,239 - processing started: 547_205 
2022-04-07 16:06:08,340 - processing completed: 547_205
2022-04-07 16:06:08,344 - processing started: 549_206 
2022-04-07 16:06:08,499 - processing completed: 549_206
2022-04-07 16:06:08,504 - processing started: 551_207 
2022-04-07 16:06:08,604 - processing completed: 551_207
2022-04-07 16:06:08,609 - processing started: 553_207 
2022-04-07 16:06:08,773 - processing completed: 553_207
2022-04-07 16:06:08,778 - processing started: 555_208 
2022-04-07 16:06:08,878 - processing completed: 555_208
2022-04-07 16:06:08,883 - processing started: 557_209 
2022-04-07 16:06:09,043 - processing completed: 557_209
2022-04-07 16:06:09,048 - processing started: 559_210 
2022-04-07 16:06:09,148 - processing completed: 559_210
2022-04-07 16:06:09,151 - processing started: 561_211 
2022-04-07 16:06:09,305 - processing completed: 561_211
2022-04-07 16:06:09,309 - processing started: 563_212 
2022-04-07 16:06:09,410 - processing completed: 563_212
2022-04-07 16:06:09,414 - processing started: 565_213 
2022-04-07 16:06:09,570 - processing completed: 565_213
2022-04-07 16:06:09,574 - processing started: 567_214 
2022-04-07 16:06:09,738 - processing completed: 567_214
2022-04-07 16:06:09,743 - processing started: 569_214 
2022-04-07 16:06:09,846 - processing completed: 569_214
2022-04-07 16:06:09,851 - processing started: 571_215 
2022-04-07 16:06:10,019 - processing completed: 571_215
2022-04-07 16:06:10,023 - processing started: 573_216 
2022-04-07 16:06:10,123 - processing completed: 573_216
2022-04-07 16:06:10,126 - processing started: 575_217 
2022-04-07 16:06:10,285 - processing completed: 575_217
2022-04-07 16:06:10,288 - processing started: 577_218 
2022-04-07 16:06:10,392 - processing completed: 577_218
2022-04-07 16:06:10,396 - processing started: 579_219 
2022-04-07 16:06:10,550 - processing completed: 579_219
2022-04-07 16:06:10,555 - processing started: 581_220 
2022-04-07 16:06:10,656 - processing completed: 581_220
2022-04-07 16:06:10,659 - processing started: 583_220 
2022-04-07 16:06:10,818 - processing completed: 583_220
2022-04-07 16:06:10,822 - processing started: 585_221 
2022-04-07 16:06:10,924 - processing completed: 585_221
2022-04-07 16:06:10,928 - processing started: 587_222 
2022-04-07 16:06:11,087 - processing completed: 587_222
2022-04-07 16:06:11,091 - processing started: 589_222 
2022-04-07 16:06:11,189 - processing completed: 589_222
2022-04-07 16:06:11,193 - processing started: 591_223 
2022-04-07 16:06:11,328 - processing completed: 591_223
2022-04-07 16:06:11,331 - processing started: 593_223 
2022-04-07 16:06:11,409 - processing completed: 593_223
2022-04-07 16:06:11,413 - processing started: 595_224 
2022-04-07 16:06:11,595 - processing completed: 595_224
2022-04-07 16:06:11,599 - processing started: 597_225 
2022-04-07 16:06:11,739 - processing completed: 597_225
2022-04-07 16:06:11,743 - processing started: 599_225 
2022-04-07 16:06:11,875 - processing completed: 599_225
2022-04-07 16:06:11,879 - processing started: 601_225 
2022-04-07 16:06:12,021 - processing completed: 601_225
2022-04-07 16:06:12,024 - processing started: 603_226 
2022-04-07 16:06:12,109 - processing completed: 603_226
2022-04-07 16:06:12,112 - processing started: 605_227 
2022-04-07 16:06:12,271 - processing completed: 605_227
2022-04-07 16:06:12,275 - processing started: 607_227 
2022-04-07 16:06:12,377 - processing completed: 607_227
2022-04-07 16:06:12,380 - processing started: 609_227 
2022-04-07 16:06:12,517 - processing completed: 609_227
2022-04-07 16:06:12,522 - processing started: 611_227 
2022-04-07 16:06:12,654 - processing completed: 611_227
2022-04-07 16:06:12,660 - processing started: 613_227 
2022-04-07 16:06:12,801 - processing completed: 613_227
2022-04-07 16:06:12,805 - processing started: 615_228 
2022-04-07 16:06:12,890 - processing completed: 615_228
2022-04-07 16:06:12,894 - processing started: 617_229 
2022-04-07 16:06:13,032 - processing completed: 617_229
2022-04-07 16:06:13,036 - processing started: 619_230 
2022-04-07 16:06:13,121 - processing completed: 619_230
2022-04-07 16:06:13,124 - processing started: 621_230 
2022-04-07 16:06:13,265 - processing completed: 621_230
2022-04-07 16:06:13,269 - processing started: 623_231 
2022-04-07 16:06:13,345 - processing completed: 623_231
2022-04-07 16:06:13,349 - processing started: 625_232 
2022-04-07 16:06:13,481 - processing completed: 625_232
2022-04-07 16:06:13,484 - processing started: 627_232 
2022-04-07 16:06:13,619 - processing completed: 627_232
2022-04-07 16:06:13,624 - processing started: 629_232 
2022-04-07 16:06:13,701 - processing completed: 629_232
2022-04-07 16:06:13,705 - processing started: 631_233 
2022-04-07 16:06:13,845 - processing completed: 631_233
2022-04-07 16:06:13,848 - processing started: 633_234 
2022-04-07 16:06:13,924 - processing completed: 633_234
2022-04-07 16:06:13,927 - processing started: 635_234 
2022-04-07 16:06:14,064 - processing completed: 635_234
2022-04-07 16:06:14,068 - processing started: 637_234 
2022-04-07 16:06:14,147 - processing completed: 637_234
2022-04-07 16:06:14,151 - processing started: 639_235 
2022-04-07 16:06:14,310 - processing completed: 639_235
2022-04-07 16:06:14,315 - processing started: 641_236 
2022-04-07 16:06:14,416 - processing completed: 641_236
2022-04-07 16:06:14,420 - processing started: 643_237 
2022-04-07 16:06:14,577 - processing completed: 643_237
2022-04-07 16:06:14,581 - processing started: 645_238 
2022-04-07 16:06:14,684 - processing completed: 645_238
2022-04-07 16:06:14,688 - processing started: 647_239 
2022-04-07 16:06:14,845 - processing completed: 647_239
2022-04-07 16:06:14,849 - processing started: 649_240 
2022-04-07 16:06:14,947 - processing completed: 649_240
2022-04-07 16:06:14,952 - processing started: 651_240 
2022-04-07 16:06:15,105 - processing completed: 651_240
2022-04-07 16:06:15,110 - processing started: 653_241 
2022-04-07 16:06:15,216 - processing completed: 653_241
2022-04-07 16:06:15,220 - processing started: 655_242 
2022-04-07 16:06:15,381 - processing completed: 655_242
2022-04-07 16:06:15,386 - processing started: 657_242 
2022-04-07 16:06:15,545 - processing completed: 657_242
2022-04-07 16:06:15,550 - processing started: 659_243 
2022-04-07 16:06:15,650 - processing completed: 659_243
2022-04-07 16:06:15,654 - processing started: 661_244 
2022-04-07 16:06:15,779 - processing completed: 661_244
2022-04-07 16:06:15,784 - processing started: 663_244 
2022-04-07 16:06:15,850 - processing completed: 663_244
2022-04-07 16:06:15,854 - processing started: 665_245 
2022-04-07 16:06:15,974 - processing completed: 665_245
2022-04-07 16:06:15,978 - processing started: 667_246 
2022-04-07 16:06:16,044 - processing completed: 667_246
2022-04-07 16:06:16,047 - processing started: 669_247 
2022-04-07 16:06:16,167 - processing completed: 669_247
2022-04-07 16:06:16,171 - processing started: 671_248 
2022-04-07 16:06:16,238 - processing completed: 671_248
2022-04-07 16:06:16,242 - processing started: 673_249 
2022-04-07 16:06:16,363 - processing completed: 673_249
2022-04-07 16:06:16,366 - processing started: 675_250 
2022-04-07 16:06:16,431 - processing completed: 675_250
2022-04-07 16:06:16,436 - processing started: 677_251 
2022-04-07 16:06:16,556 - processing completed: 677_251
2022-04-07 16:06:16,559 - processing started: 679_251 
2022-04-07 16:06:16,628 - processing completed: 679_251
2022-04-07 16:06:16,632 - processing started: 681_252 
2022-04-07 16:06:16,755 - processing completed: 681_252
2022-04-07 16:06:16,759 - processing started: 683_252 
2022-04-07 16:06:16,822 - processing completed: 683_252
2022-04-07 16:06:16,825 - processing started: 685_253 
2022-04-07 16:06:16,958 - processing completed: 685_253
2022-04-07 16:06:16,961 - processing started: 687_254 
2022-04-07 16:06:17,107 - processing completed: 687_254
2022-04-07 16:06:17,110 - processing started: 689_255 
2022-04-07 16:06:17,194 - processing completed: 689_255
2022-04-07 16:06:17,198 - processing started: 691_256 
2022-04-07 16:06:17,360 - processing completed: 691_256
2022-04-07 16:06:17,364 - processing started: 693_257 
2022-04-07 16:06:17,452 - processing completed: 693_257
2022-04-07 16:06:17,455 - processing started: 695_257 
2022-04-07 16:06:17,601 - processing completed: 695_257
2022-04-07 16:06:17,605 - processing started: 697_258 
2022-04-07 16:06:17,691 - processing completed: 697_258
2022-04-07 16:06:17,695 - processing started: 699_259 
2022-04-07 16:06:17,829 - processing completed: 699_259
2022-04-07 16:06:17,833 - processing started: 701_260 
2022-04-07 16:06:17,918 - processing completed: 701_260
2022-04-07 16:06:17,922 - processing started: 703_260 
2022-04-07 16:06:18,068 - processing completed: 703_260
2022-04-07 16:06:18,071 - processing started: 705_261 
2022-04-07 16:06:18,167 - processing completed: 705_261
2022-04-07 16:06:18,170 - processing started: 707_262 
2022-04-07 16:06:18,307 - processing completed: 707_262
2022-04-07 16:06:18,311 - processing started: 709_262 
2022-04-07 16:06:18,397 - processing completed: 709_262
2022-04-07 16:06:18,401 - processing started: 711_263 
2022-04-07 16:06:18,540 - processing completed: 711_263
2022-04-07 16:06:18,544 - processing started: 713_264 
2022-04-07 16:06:18,688 - processing completed: 713_264
2022-04-07 16:06:18,692 - processing started: 715_265 
2022-04-07 16:06:18,768 - processing completed: 715_265
2022-04-07 16:06:18,771 - processing started: 717_265 
2022-04-07 16:06:18,905 - processing completed: 717_265
2022-04-07 16:06:18,909 - processing started: 719_266 
2022-04-07 16:06:18,987 - processing completed: 719_266
2022-04-07 16:06:18,991 - processing started: 721_267 
2022-04-07 16:06:19,130 - processing completed: 721_267
2022-04-07 16:06:19,134 - processing started: 723_267 
2022-04-07 16:06:19,214 - processing completed: 723_267
2022-04-07 16:06:19,217 - processing started: 725_267 
2022-04-07 16:06:19,354 - processing completed: 725_267
2022-04-07 16:06:19,358 - processing started: 727_268 
2022-04-07 16:06:19,447 - processing completed: 727_268
2022-04-07 16:06:19,451 - processing started: 729_268 
2022-04-07 16:06:19,583 - processing completed: 729_268
2022-04-07 16:06:19,587 - processing started: 731_268 
2022-04-07 16:06:19,665 - processing completed: 731_268
2022-04-07 16:06:19,670 - processing started: 733_268 
2022-04-07 16:06:19,808 - processing completed: 733_268
2022-04-07 16:06:19,811 - processing started: 735_269 
2022-04-07 16:06:19,891 - processing completed: 735_269
2022-04-07 16:06:19,895 - processing started: 737_269 
2022-04-07 16:06:20,029 - processing completed: 737_269
2022-04-07 16:06:20,033 - processing started: 739_270 
2022-04-07 16:06:20,124 - processing completed: 739_270
2022-04-07 16:06:20,127 - processing started: 741_271 
2022-04-07 16:06:20,272 - processing completed: 741_271
2022-04-07 16:06:20,276 - processing started: 743_272 
2022-04-07 16:06:20,418 - processing completed: 743_272
2022-04-07 16:06:20,423 - processing started: 745_273 
2022-04-07 16:06:20,512 - processing completed: 745_273
2022-04-07 16:06:20,517 - processing started: 747_274 
2022-04-07 16:06:20,649 - processing completed: 747_274
2022-04-07 16:06:20,653 - processing started: 749_274 
2022-04-07 16:06:20,726 - processing completed: 749_274
2022-04-07 16:06:20,729 - processing started: 751_275 
2022-04-07 16:06:20,861 - processing completed: 751_275
2022-04-07 16:06:20,864 - processing started: 753_275 
2022-04-07 16:06:20,942 - processing completed: 753_275
2022-04-07 16:06:20,946 - processing started: 755_276 
2022-04-07 16:06:21,083 - processing completed: 755_276
2022-04-07 16:06:21,087 - processing started: 757_276 
2022-04-07 16:06:21,165 - processing completed: 757_276
2022-04-07 16:06:21,170 - processing started: 759_277 
2022-04-07 16:06:21,310 - processing completed: 759_277
2022-04-07 16:06:21,313 - processing started: 761_278 
2022-04-07 16:06:21,399 - processing completed: 761_278
2022-04-07 16:06:21,402 - processing started: 763_279 
2022-04-07 16:06:21,538 - processing completed: 763_279
2022-04-07 16:06:21,541 - processing started: 765_280 
2022-04-07 16:06:21,611 - processing completed: 765_280
2022-04-07 16:06:21,614 - processing started: 767_280 
2022-04-07 16:06:21,741 - processing completed: 767_280
2022-04-07 16:06:21,744 - processing started: 769_281 
2022-04-07 16:06:21,814 - processing completed: 769_281
2022-04-07 16:06:21,817 - processing started: 771_282 
2022-04-07 16:06:21,943 - processing completed: 771_282
2022-04-07 16:06:21,947 - processing started: 773_283 
2022-04-07 16:06:22,078 - processing completed: 773_283
2022-04-07 16:06:22,082 - processing started: 775_284 
2022-04-07 16:06:22,146 - processing completed: 775_284
2022-04-07 16:06:22,150 - processing started: 777_285 
2022-04-07 16:06:22,285 - processing completed: 777_285
2022-04-07 16:06:22,289 - processing started: 779_286 
2022-04-07 16:06:22,417 - processing completed: 779_286
2022-04-07 16:06:22,423 - processing started: 781_287 
2022-04-07 16:06:22,543 - processing completed: 781_287
2022-04-07 16:06:22,546 - processing started: 783_288 
2022-04-07 16:06:22,612 - processing completed: 783_288
2022-04-07 16:06:22,616 - processing started: 785_289 
2022-04-07 16:06:22,749 - processing completed: 785_289
2022-04-07 16:06:22,752 - processing started: 787_290 
2022-04-07 16:06:22,818 - processing completed: 787_290
2022-04-07 16:06:22,822 - processing started: 789_290 
2022-04-07 16:06:22,954 - processing completed: 789_290
2022-04-07 16:06:22,957 - processing started: 791_291 
2022-04-07 16:06:23,021 - processing completed: 791_291
2022-04-07 16:06:23,025 - processing started: 793_292 
2022-04-07 16:06:23,153 - processing completed: 793_292
2022-04-07 16:06:23,156 - processing started: 795_292 
2022-04-07 16:06:23,226 - processing completed: 795_292
2022-04-07 16:06:23,231 - processing started: 797_293 
2022-04-07 16:06:23,347 - processing completed: 797_293
2022-04-07 16:06:23,350 - processing started: 799_294 
2022-04-07 16:06:23,397 - processing completed: 799_294
2022-04-07 16:06:23,399 - processing started: 801_295 
2022-04-07 16:06:23,531 - processing completed: 801_295
2022-04-07 16:06:23,535 - processing started: 803_296 
2022-04-07 16:06:23,666 - processing completed: 803_296
2022-04-07 16:06:23,670 - processing started: 805_297 
2022-04-07 16:06:23,808 - processing completed: 805_297
2022-04-07 16:06:23,813 - processing started: 807_298 
2022-04-07 16:06:23,938 - processing completed: 807_298
2022-04-07 16:06:23,941 - processing started: 809_298 
2022-04-07 16:06:24,008 - processing completed: 809_298
2022-04-07 16:06:24,010 - processing started: 811_299 
2022-04-07 16:06:24,137 - processing completed: 811_299
2022-04-07 16:06:24,141 - processing started: 0_0 
2022-04-07 16:06:24,142 - Closing connection (200): Normal shutdown
2022-04-07 16:06:24,142 - Closing channel (200): 'Normal shutdown' on <Channel number=1 OPEN conn=<SelectConnection OPEN transport=<pika.adapters.utils.io_services_utils._AsyncPlaintextTransport object at 0x11b0b21c0> params=<ConnectionParameters host=localhost port=5672 virtual_host=/ ssl=False>>>
2022-04-07 16:06:24,142 - Received <Channel.CloseOk> on <Channel number=1 CLOSING conn=<SelectConnection OPEN transport=<pika.adapters.utils.io_services_utils._AsyncPlaintextTransport object at 0x11b0b21c0> params=<ConnectionParameters host=localhost port=5672 virtual_host=/ ssl=False>>>
2022-04-07 16:06:24,142 - Closing connection (200): 'Normal shutdown'
2022-04-07 16:06:24,143 - Aborting transport connection: state=1; <socket.socket fd=22, family=AddressFamily.AF_INET, type=SocketKind.SOCK_STREAM, proto=6, laddr=('127.0.0.1', 62944), raddr=('127.0.0.1', 5672)>
2022-04-07 16:06:24,143 - _AsyncTransportBase._initate_abort(): Initiating abrupt asynchronous transport shutdown: state=1; error=None; <socket.socket fd=22, family=AddressFamily.AF_INET, type=SocketKind.SOCK_STREAM, proto=6, laddr=('127.0.0.1', 62944), raddr=('127.0.0.1', 5672)>
2022-04-07 16:06:24,143 - Deactivating transport: state=1; <socket.socket fd=22, family=AddressFamily.AF_INET, type=SocketKind.SOCK_STREAM, proto=6, laddr=('127.0.0.1', 62944), raddr=('127.0.0.1', 5672)>
2022-04-07 16:06:24,143 - AMQP stack terminated, failed to connect, or aborted: opened=True, error-arg=None; pending-error=ConnectionClosedByClient: (200) 'Normal shutdown'
2022-04-07 16:06:24,143 - Stack terminated due to ConnectionClosedByClient: (200) 'Normal shutdown'
2022-04-07 16:06:24,144 - Closing transport socket and unlinking: state=3; <socket.socket fd=22, family=AddressFamily.AF_INET, type=SocketKind.SOCK_STREAM, proto=6, laddr=('127.0.0.1', 62944), raddr=('127.0.0.1', 5672)>
2022-04-07 16:06:24,144 - User-initiated close: result=BlockingConnection__OnClosedArgs(connection=<SelectConnection CLOSED transport=None params=<ConnectionParameters host=localhost port=5672 virtual_host=/ ssl=False>>, error=ConnectionClosedByClient: (200) 'Normal shutdown')
2022-04-07 16:06:24,144 - PID 53916 completed loading and processing
