2022-04-07 19:25:45,317 - PID 94768 started loading and processing
2022-04-07 19:25:45,324 - Pika version 1.2.0 connecting to ('::1', 5672, 0, 0)
2022-04-07 19:25:45,324 - Socket failed to connect: <socket.socket fd=22, family=AddressFamily.AF_INET6, type=SocketKind.SOCK_STREAM, proto=6, laddr=('::1', 63866, 0, 0)>; error=61 (Connection refused)
2022-04-07 19:25:45,324 - TCP Connection attempt failed: ConnectionRefusedError(61, 'Connection refused'); dest=(<AddressFamily.AF_INET6: 30>, <SocketKind.SOCK_STREAM: 1>, 6, '', ('::1', 5672, 0, 0))
2022-04-07 19:25:45,324 - AMQPConnector - reporting failure: AMQPConnectorSocketConnectError: ConnectionRefusedError(61, 'Connection refused')
2022-04-07 19:25:45,325 - Pika version 1.2.0 connecting to ('127.0.0.1', 5672)
2022-04-07 19:25:45,325 - Socket connected: <socket.socket fd=22, family=AddressFamily.AF_INET, type=SocketKind.SOCK_STREAM, proto=6, laddr=('127.0.0.1', 63867), raddr=('127.0.0.1', 5672)>
2022-04-07 19:25:45,325 - Streaming transport linked up: (<pika.adapters.utils.io_services_utils._AsyncPlaintextTransport object at 0x119ce51c0>, _StreamingProtocolShim: <SelectConnection PROTOCOL transport=<pika.adapters.utils.io_services_utils._AsyncPlaintextTransport object at 0x119ce51c0> params=<ConnectionParameters host=localhost port=5672 virtual_host=/ ssl=False>>).
2022-04-07 19:25:45,339 - AMQPConnector - reporting success: <SelectConnection OPEN transport=<pika.adapters.utils.io_services_utils._AsyncPlaintextTransport object at 0x119ce51c0> params=<ConnectionParameters host=localhost port=5672 virtual_host=/ ssl=False>>
2022-04-07 19:25:45,339 - AMQPConnectionWorkflow - reporting success: <SelectConnection OPEN transport=<pika.adapters.utils.io_services_utils._AsyncPlaintextTransport object at 0x119ce51c0> params=<ConnectionParameters host=localhost port=5672 virtual_host=/ ssl=False>>
2022-04-07 19:25:45,339 - Connection workflow succeeded: <SelectConnection OPEN transport=<pika.adapters.utils.io_services_utils._AsyncPlaintextTransport object at 0x119ce51c0> params=<ConnectionParameters host=localhost port=5672 virtual_host=/ ssl=False>>
2022-04-07 19:25:45,340 - Created channel=1
2022-04-07 19:25:45,344 - Logging before start consuming
2022-04-07 19:25:45,945 - processing started: 1_000 
2022-04-07 19:25:46,142 - processing completed: 1_000
2022-04-07 19:25:46,162 - processing started: 3_001 
2022-04-07 19:25:46,370 - processing completed: 3_001
2022-04-07 19:25:46,375 - processing started: 5_002 
2022-04-07 19:25:46,577 - processing completed: 5_002
2022-04-07 19:25:46,583 - processing started: 7_003 
2022-04-07 19:25:46,724 - processing completed: 7_003
2022-04-07 19:25:46,729 - processing started: 9_003 
2022-04-07 19:25:46,929 - processing completed: 9_003
2022-04-07 19:25:46,935 - processing started: 11_004 
2022-04-07 19:25:46,970 - processing completed: 11_004
2022-04-07 19:25:46,972 - processing started: 13_005 
2022-04-07 19:25:47,171 - processing completed: 13_005
2022-04-07 19:25:47,176 - processing started: 15_005 
2022-04-07 19:25:47,322 - processing completed: 15_005
2022-04-07 19:25:47,328 - processing started: 17_006 
2022-04-07 19:25:47,468 - processing completed: 17_006
2022-04-07 19:25:47,472 - processing started: 19_007 
2022-04-07 19:25:47,618 - processing completed: 19_007
2022-04-07 19:25:47,623 - processing started: 21_008 
2022-04-07 19:25:47,822 - processing completed: 21_008
2022-04-07 19:25:47,827 - processing started: 23_009 
2022-04-07 19:25:47,980 - processing completed: 23_009
2022-04-07 19:25:47,985 - processing started: 25_010 
2022-04-07 19:25:48,179 - processing completed: 25_010
2022-04-07 19:25:48,184 - processing started: 27_011 
2022-04-07 19:25:48,328 - processing completed: 27_011
2022-04-07 19:25:48,333 - processing started: 29_012 
2022-04-07 19:25:48,473 - processing completed: 29_012
2022-04-07 19:25:48,477 - processing started: 31_013 
2022-04-07 19:25:48,600 - processing completed: 31_013
2022-04-07 19:25:48,604 - processing started: 33_014 
2022-04-07 19:25:48,742 - processing completed: 33_014
2022-04-07 19:25:48,746 - processing started: 35_014 
2022-04-07 19:25:48,887 - processing completed: 35_014
2022-04-07 19:25:48,891 - processing started: 37_014 
2022-04-07 19:25:48,967 - processing completed: 37_014
2022-04-07 19:25:48,969 - processing started: 39_015 
2022-04-07 19:25:49,113 - processing completed: 39_015
2022-04-07 19:25:49,116 - processing started: 41_015 
2022-04-07 19:25:49,188 - processing completed: 41_015
2022-04-07 19:25:49,192 - processing started: 43_016 
2022-04-07 19:25:49,332 - processing completed: 43_016
2022-04-07 19:25:49,335 - processing started: 45_017 
2022-04-07 19:25:49,414 - processing completed: 45_017
2022-04-07 19:25:49,418 - processing started: 47_017 
2022-04-07 19:25:49,575 - processing completed: 47_017
2022-04-07 19:25:49,580 - processing started: 49_018 
2022-04-07 19:25:49,658 - processing completed: 49_018
2022-04-07 19:25:49,661 - processing started: 51_019 
2022-04-07 19:25:49,796 - processing completed: 51_019
2022-04-07 19:25:49,799 - processing started: 53_020 
2022-04-07 19:25:49,873 - processing completed: 53_020
2022-04-07 19:25:49,878 - processing started: 55_021 
2022-04-07 19:25:50,027 - processing completed: 55_021
2022-04-07 19:25:50,031 - processing started: 57_022 
2022-04-07 19:25:50,107 - processing completed: 57_022
2022-04-07 19:25:50,111 - processing started: 59_023 
2022-04-07 19:25:50,257 - processing completed: 59_023
2022-04-07 19:25:50,260 - processing started: 61_023 
2022-04-07 19:25:50,334 - processing completed: 61_023
2022-04-07 19:25:50,337 - processing started: 63_024 
2022-04-07 19:25:50,464 - processing completed: 63_024
2022-04-07 19:25:50,469 - processing started: 65_024 
2022-04-07 19:25:50,604 - processing completed: 65_024
2022-04-07 19:25:50,607 - processing started: 67_025 
2022-04-07 19:25:50,687 - processing completed: 67_025
2022-04-07 19:25:50,691 - processing started: 69_026 
2022-04-07 19:25:50,824 - processing completed: 69_026
2022-04-07 19:25:50,828 - processing started: 71_027 
2022-04-07 19:25:50,903 - processing completed: 71_027
2022-04-07 19:25:50,907 - processing started: 73_028 
2022-04-07 19:25:51,039 - processing completed: 73_028
2022-04-07 19:25:51,043 - processing started: 75_029 
2022-04-07 19:25:51,121 - processing completed: 75_029
2022-04-07 19:25:51,125 - processing started: 77_030 
2022-04-07 19:25:51,254 - processing completed: 77_030
2022-04-07 19:25:51,259 - processing started: 79_030 
2022-04-07 19:25:51,332 - processing completed: 79_030
2022-04-07 19:25:51,336 - processing started: 81_031 
2022-04-07 19:25:51,472 - processing completed: 81_031
2022-04-07 19:25:51,475 - processing started: 83_032 
2022-04-07 19:25:51,587 - processing completed: 83_032
2022-04-07 19:25:51,591 - processing started: 85_032 
2022-04-07 19:25:51,771 - processing completed: 85_032
2022-04-07 19:25:51,775 - processing started: 87_032 
2022-04-07 19:25:51,890 - processing completed: 87_032
2022-04-07 19:25:51,895 - processing started: 89_033 
2022-04-07 19:25:52,040 - processing completed: 89_033
2022-04-07 19:25:52,043 - processing started: 91_033 
2022-04-07 19:25:52,118 - processing completed: 91_033
2022-04-07 19:25:52,121 - processing started: 93_034 
2022-04-07 19:25:52,261 - processing completed: 93_034
2022-04-07 19:25:52,264 - processing started: 95_035 
2022-04-07 19:25:52,392 - processing completed: 95_035
2022-04-07 19:25:52,395 - processing started: 97_035 
2022-04-07 19:25:52,470 - processing completed: 97_035
2022-04-07 19:25:52,473 - processing started: 99_036 
2022-04-07 19:25:52,614 - processing completed: 99_036
2022-04-07 19:25:52,618 - processing started: 101_037 
2022-04-07 19:25:52,697 - processing completed: 101_037
2022-04-07 19:25:52,700 - processing started: 103_037 
2022-04-07 19:25:52,845 - processing completed: 103_037
2022-04-07 19:25:52,848 - processing started: 105_038 
2022-04-07 19:25:52,924 - processing completed: 105_038
2022-04-07 19:25:52,927 - processing started: 107_039 
2022-04-07 19:25:53,078 - processing completed: 107_039
2022-04-07 19:25:53,081 - processing started: 109_040 
2022-04-07 19:25:53,158 - processing completed: 109_040
2022-04-07 19:25:53,162 - processing started: 111_040 
2022-04-07 19:25:53,303 - processing completed: 111_040
2022-04-07 19:25:53,307 - processing started: 113_040 
2022-04-07 19:25:53,383 - processing completed: 113_040
2022-04-07 19:25:53,386 - processing started: 115_040 
2022-04-07 19:25:53,539 - processing completed: 115_040
2022-04-07 19:25:53,543 - processing started: 117_041 
2022-04-07 19:25:53,623 - processing completed: 117_041
2022-04-07 19:25:53,627 - processing started: 119_042 
2022-04-07 19:25:53,769 - processing completed: 119_042
2022-04-07 19:25:53,773 - processing started: 121_042 
2022-04-07 19:25:53,850 - processing completed: 121_042
2022-04-07 19:25:53,853 - processing started: 123_043 
2022-04-07 19:25:53,987 - processing completed: 123_043
2022-04-07 19:25:53,991 - processing started: 125_044 
2022-04-07 19:25:54,117 - processing completed: 125_044
2022-04-07 19:25:54,120 - processing started: 127_045 
2022-04-07 19:25:54,195 - processing completed: 127_045
2022-04-07 19:25:54,198 - processing started: 129_045 
2022-04-07 19:25:54,341 - processing completed: 129_045
2022-04-07 19:25:54,344 - processing started: 131_046 
2022-04-07 19:25:54,416 - processing completed: 131_046
2022-04-07 19:25:54,419 - processing started: 133_047 
2022-04-07 19:25:54,568 - processing completed: 133_047
2022-04-07 19:25:54,571 - processing started: 135_048 
2022-04-07 19:25:54,645 - processing completed: 135_048
2022-04-07 19:25:54,648 - processing started: 137_049 
2022-04-07 19:25:54,797 - processing completed: 137_049
2022-04-07 19:25:54,801 - processing started: 139_049 
2022-04-07 19:25:54,882 - processing completed: 139_049
2022-04-07 19:25:54,885 - processing started: 141_050 
2022-04-07 19:25:55,028 - processing completed: 141_050
2022-04-07 19:25:55,031 - processing started: 143_051 
2022-04-07 19:25:55,107 - processing completed: 143_051
2022-04-07 19:25:55,110 - processing started: 145_051 
2022-04-07 19:25:55,248 - processing completed: 145_051
2022-04-07 19:25:55,251 - processing started: 147_051 
2022-04-07 19:25:55,326 - processing completed: 147_051
2022-04-07 19:25:55,329 - processing started: 149_052 
2022-04-07 19:25:55,466 - processing completed: 149_052
2022-04-07 19:25:55,469 - processing started: 151_053 
2022-04-07 19:25:55,546 - processing completed: 151_053
2022-04-07 19:25:55,549 - processing started: 153_054 
2022-04-07 19:25:55,692 - processing completed: 153_054
2022-04-07 19:25:55,695 - processing started: 155_055 
2022-04-07 19:25:55,833 - processing completed: 155_055
2022-04-07 19:25:55,836 - processing started: 157_056 
2022-04-07 19:25:55,919 - processing completed: 157_056
2022-04-07 19:25:55,923 - processing started: 159_057 
2022-04-07 19:25:56,071 - processing completed: 159_057
2022-04-07 19:25:56,073 - processing started: 161_058 
2022-04-07 19:25:56,195 - processing completed: 161_058
2022-04-07 19:25:56,199 - processing started: 163_059 
2022-04-07 19:25:56,331 - processing completed: 163_059
2022-04-07 19:25:56,334 - processing started: 165_060 
2022-04-07 19:25:56,409 - processing completed: 165_060
2022-04-07 19:25:56,412 - processing started: 167_060 
2022-04-07 19:25:56,542 - processing completed: 167_060
2022-04-07 19:25:56,545 - processing started: 169_061 
2022-04-07 19:25:56,625 - processing completed: 169_061
2022-04-07 19:25:56,628 - processing started: 171_062 
2022-04-07 19:25:56,758 - processing completed: 171_062
2022-04-07 19:25:56,762 - processing started: 173_063 
2022-04-07 19:25:56,922 - processing completed: 173_063
2022-04-07 19:25:56,927 - processing started: 175_064 
2022-04-07 19:25:57,127 - processing completed: 175_064
2022-04-07 19:25:57,132 - processing started: 177_064 
2022-04-07 19:25:57,286 - processing completed: 177_064
2022-04-07 19:25:57,291 - processing started: 179_065 
2022-04-07 19:25:57,499 - processing completed: 179_065
2022-04-07 19:25:57,504 - processing started: 181_066 
2022-04-07 19:25:57,719 - processing completed: 181_066
2022-04-07 19:25:57,724 - processing started: 183_066 
2022-04-07 19:25:57,877 - processing completed: 183_066
2022-04-07 19:25:57,882 - processing started: 185_066 
2022-04-07 19:25:58,096 - processing completed: 185_066
2022-04-07 19:25:58,102 - processing started: 187_066 
2022-04-07 19:25:58,219 - processing completed: 187_066
2022-04-07 19:25:58,224 - processing started: 189_067 
2022-04-07 19:25:58,429 - processing completed: 189_067
2022-04-07 19:25:58,435 - processing started: 191_067 
2022-04-07 19:25:58,592 - processing completed: 191_067
2022-04-07 19:25:58,597 - processing started: 193_068 
2022-04-07 19:25:58,759 - processing completed: 193_068
2022-04-07 19:25:58,764 - processing started: 195_069 
2022-04-07 19:25:58,872 - processing completed: 195_069
2022-04-07 19:25:58,877 - processing started: 197_069 
2022-04-07 19:25:59,052 - processing completed: 197_069
2022-04-07 19:25:59,056 - processing started: 199_070 
2022-04-07 19:25:59,220 - processing completed: 199_070
2022-04-07 19:25:59,225 - processing started: 201_071 
2022-04-07 19:25:59,429 - processing completed: 201_071
2022-04-07 19:25:59,434 - processing started: 203_072 
2022-04-07 19:25:59,586 - processing completed: 203_072
2022-04-07 19:25:59,591 - processing started: 205_072 
2022-04-07 19:25:59,798 - processing completed: 205_072
2022-04-07 19:25:59,803 - processing started: 207_073 
2022-04-07 19:25:59,953 - processing completed: 207_073
2022-04-07 19:25:59,958 - processing started: 209_074 
2022-04-07 19:26:00,177 - processing completed: 209_074
2022-04-07 19:26:00,182 - processing started: 211_075 
2022-04-07 19:26:00,397 - processing completed: 211_075
2022-04-07 19:26:00,402 - processing started: 213_076 
2022-04-07 19:26:00,556 - processing completed: 213_076
2022-04-07 19:26:00,561 - processing started: 215_077 
2022-04-07 19:26:00,735 - processing completed: 215_077
2022-04-07 19:26:00,739 - processing started: 217_077 
2022-04-07 19:26:00,891 - processing completed: 217_077
2022-04-07 19:26:00,896 - processing started: 219_078 
2022-04-07 19:26:01,121 - processing completed: 219_078
2022-04-07 19:26:01,126 - processing started: 221_079 
2022-04-07 19:26:01,277 - processing completed: 221_079
2022-04-07 19:26:01,282 - processing started: 223_080 
2022-04-07 19:26:01,410 - processing completed: 223_080
2022-04-07 19:26:01,414 - processing started: 225_081 
2022-04-07 19:26:01,507 - processing completed: 225_081
2022-04-07 19:26:01,511 - processing started: 227_081 
2022-04-07 19:26:01,658 - processing completed: 227_081
2022-04-07 19:26:01,662 - processing started: 229_081 
2022-04-07 19:26:01,754 - processing completed: 229_081
2022-04-07 19:26:01,758 - processing started: 231_081 
2022-04-07 19:26:01,905 - processing completed: 231_081
2022-04-07 19:26:01,909 - processing started: 233_082 
2022-04-07 19:26:02,001 - processing completed: 233_082
2022-04-07 19:26:02,005 - processing started: 235_082 
2022-04-07 19:26:02,148 - processing completed: 235_082
2022-04-07 19:26:02,153 - processing started: 237_083 
2022-04-07 19:26:02,249 - processing completed: 237_083
2022-04-07 19:26:02,253 - processing started: 239_084 
2022-04-07 19:26:02,396 - processing completed: 239_084
2022-04-07 19:26:02,401 - processing started: 241_085 
2022-04-07 19:26:02,547 - processing completed: 241_085
2022-04-07 19:26:02,551 - processing started: 243_086 
2022-04-07 19:26:02,670 - processing completed: 243_086
2022-04-07 19:26:02,674 - processing started: 245_087 
2022-04-07 19:26:02,827 - processing completed: 245_087
2022-04-07 19:26:02,831 - processing started: 247_088 
2022-04-07 19:26:02,936 - processing completed: 247_088
2022-04-07 19:26:02,942 - processing started: 249_089 
2022-04-07 19:26:03,066 - processing completed: 249_089
2022-04-07 19:26:03,069 - processing started: 251_089 
2022-04-07 19:26:03,127 - processing completed: 251_089
2022-04-07 19:26:03,131 - processing started: 253_090 
2022-04-07 19:26:03,246 - processing completed: 253_090
2022-04-07 19:26:03,249 - processing started: 255_091 
2022-04-07 19:26:03,308 - processing completed: 255_091
2022-04-07 19:26:03,312 - processing started: 257_092 
2022-04-07 19:26:03,427 - processing completed: 257_092
2022-04-07 19:26:03,430 - processing started: 259_093 
2022-04-07 19:26:03,503 - processing completed: 259_093
2022-04-07 19:26:03,507 - processing started: 261_094 
2022-04-07 19:26:03,634 - processing completed: 261_094
2022-04-07 19:26:03,638 - processing started: 263_095 
2022-04-07 19:26:03,710 - processing completed: 263_095
2022-04-07 19:26:03,713 - processing started: 265_096 
2022-04-07 19:26:03,837 - processing completed: 265_096
2022-04-07 19:26:03,841 - processing started: 267_097 
2022-04-07 19:26:03,914 - processing completed: 267_097
2022-04-07 19:26:03,917 - processing started: 269_098 
2022-04-07 19:26:04,045 - processing completed: 269_098
2022-04-07 19:26:04,049 - processing started: 271_098 
2022-04-07 19:26:04,180 - processing completed: 271_098
2022-04-07 19:26:04,183 - processing started: 273_099 
2022-04-07 19:26:04,255 - processing completed: 273_099
2022-04-07 19:26:04,259 - processing started: 275_100 
2022-04-07 19:26:04,411 - processing completed: 275_100
2022-04-07 19:26:04,415 - processing started: 277_101 
2022-04-07 19:26:04,480 - processing completed: 277_101
2022-04-07 19:26:04,483 - processing started: 279_102 
2022-04-07 19:26:04,606 - processing completed: 279_102
2022-04-07 19:26:04,608 - processing started: 281_103 
2022-04-07 19:26:04,672 - processing completed: 281_103
2022-04-07 19:26:04,675 - processing started: 283_104 
2022-04-07 19:26:04,792 - processing completed: 283_104
2022-04-07 19:26:04,795 - processing started: 285_105 
2022-04-07 19:26:04,858 - processing completed: 285_105
2022-04-07 19:26:04,861 - processing started: 287_106 
2022-04-07 19:26:04,977 - processing completed: 287_106
2022-04-07 19:26:04,980 - processing started: 289_107 
2022-04-07 19:26:05,043 - processing completed: 289_107
2022-04-07 19:26:05,047 - processing started: 291_107 
2022-04-07 19:26:05,163 - processing completed: 291_107
2022-04-07 19:26:05,166 - processing started: 293_108 
2022-04-07 19:26:05,226 - processing completed: 293_108
2022-04-07 19:26:05,229 - processing started: 295_109 
2022-04-07 19:26:05,342 - processing completed: 295_109
2022-04-07 19:26:05,346 - processing started: 297_110 
2022-04-07 19:26:05,408 - processing completed: 297_110
2022-04-07 19:26:05,411 - processing started: 299_110 
2022-04-07 19:26:05,526 - processing completed: 299_110
2022-04-07 19:26:05,530 - processing started: 301_111 
2022-04-07 19:26:05,647 - processing completed: 301_111
2022-04-07 19:26:05,651 - processing started: 303_112 
2022-04-07 19:26:05,712 - processing completed: 303_112
2022-04-07 19:26:05,715 - processing started: 305_113 
2022-04-07 19:26:05,828 - processing completed: 305_113
2022-04-07 19:26:05,831 - processing started: 307_114 
2022-04-07 19:26:05,923 - processing completed: 307_114
2022-04-07 19:26:05,927 - processing started: 309_115 
2022-04-07 19:26:06,078 - processing completed: 309_115
2022-04-07 19:26:06,082 - processing started: 311_116 
2022-04-07 19:26:06,175 - processing completed: 311_116
2022-04-07 19:26:06,179 - processing started: 313_117 
2022-04-07 19:26:06,326 - processing completed: 313_117
2022-04-07 19:26:06,331 - processing started: 315_117 
2022-04-07 19:26:06,427 - processing completed: 315_117
2022-04-07 19:26:06,432 - processing started: 317_118 
2022-04-07 19:26:06,581 - processing completed: 317_118
2022-04-07 19:26:06,585 - processing started: 319_119 
2022-04-07 19:26:06,678 - processing completed: 319_119
2022-04-07 19:26:06,682 - processing started: 321_120 
2022-04-07 19:26:06,807 - processing completed: 321_120
2022-04-07 19:26:06,811 - processing started: 323_120 
2022-04-07 19:26:06,883 - processing completed: 323_120
2022-04-07 19:26:06,887 - processing started: 325_121 
2022-04-07 19:26:07,034 - processing completed: 325_121
2022-04-07 19:26:07,038 - processing started: 327_122 
2022-04-07 19:26:07,132 - processing completed: 327_122
2022-04-07 19:26:07,135 - processing started: 329_123 
2022-04-07 19:26:07,281 - processing completed: 329_123
2022-04-07 19:26:07,285 - processing started: 331_124 
2022-04-07 19:26:07,438 - processing completed: 331_124
2022-04-07 19:26:07,442 - processing started: 333_124 
2022-04-07 19:26:07,535 - processing completed: 333_124
2022-04-07 19:26:07,539 - processing started: 335_124 
2022-04-07 19:26:07,685 - processing completed: 335_124
2022-04-07 19:26:07,690 - processing started: 337_124 
2022-04-07 19:26:07,781 - processing completed: 337_124
2022-04-07 19:26:07,785 - processing started: 339_124 
2022-04-07 19:26:07,930 - processing completed: 339_124
2022-04-07 19:26:07,934 - processing started: 341_125 
2022-04-07 19:26:08,026 - processing completed: 341_125
2022-04-07 19:26:08,031 - processing started: 343_126 
2022-04-07 19:26:08,177 - processing completed: 343_126
2022-04-07 19:26:08,181 - processing started: 345_127 
2022-04-07 19:26:08,273 - processing completed: 345_127
2022-04-07 19:26:08,277 - processing started: 347_128 
2022-04-07 19:26:08,422 - processing completed: 347_128
2022-04-07 19:26:08,427 - processing started: 349_129 
2022-04-07 19:26:08,521 - processing completed: 349_129
2022-04-07 19:26:08,525 - processing started: 351_129 
2022-04-07 19:26:08,668 - processing completed: 351_129
2022-04-07 19:26:08,672 - processing started: 353_130 
2022-04-07 19:26:08,763 - processing completed: 353_130
2022-04-07 19:26:08,767 - processing started: 355_131 
2022-04-07 19:26:08,912 - processing completed: 355_131
2022-04-07 19:26:08,916 - processing started: 357_132 
2022-04-07 19:26:09,009 - processing completed: 357_132
2022-04-07 19:26:09,013 - processing started: 359_133 
2022-04-07 19:26:09,157 - processing completed: 359_133
2022-04-07 19:26:09,162 - processing started: 361_134 
2022-04-07 19:26:09,311 - processing completed: 361_134
2022-04-07 19:26:09,315 - processing started: 363_134 
2022-04-07 19:26:09,406 - processing completed: 363_134
2022-04-07 19:26:09,410 - processing started: 365_135 
2022-04-07 19:26:09,568 - processing completed: 365_135
2022-04-07 19:26:09,573 - processing started: 367_135 
2022-04-07 19:26:09,665 - processing completed: 367_135
2022-04-07 19:26:09,669 - processing started: 369_136 
2022-04-07 19:26:09,815 - processing completed: 369_136
2022-04-07 19:26:09,820 - processing started: 371_137 
2022-04-07 19:26:09,912 - processing completed: 371_137
2022-04-07 19:26:09,915 - processing started: 373_138 
2022-04-07 19:26:10,065 - processing completed: 373_138
2022-04-07 19:26:10,069 - processing started: 375_139 
2022-04-07 19:26:10,162 - processing completed: 375_139
2022-04-07 19:26:10,166 - processing started: 377_140 
2022-04-07 19:26:10,312 - processing completed: 377_140
2022-04-07 19:26:10,316 - processing started: 379_141 
2022-04-07 19:26:10,410 - processing completed: 379_141
2022-04-07 19:26:10,414 - processing started: 381_142 
2022-04-07 19:26:10,563 - processing completed: 381_142
2022-04-07 19:26:10,567 - processing started: 383_143 
2022-04-07 19:26:10,664 - processing completed: 383_143
2022-04-07 19:26:10,670 - processing started: 385_144 
2022-04-07 19:26:10,815 - processing completed: 385_144
2022-04-07 19:26:10,819 - processing started: 387_144 
2022-04-07 19:26:10,913 - processing completed: 387_144
2022-04-07 19:26:10,917 - processing started: 389_145 
2022-04-07 19:26:11,065 - processing completed: 389_145
2022-04-07 19:26:11,069 - processing started: 391_145 
2022-04-07 19:26:11,218 - processing completed: 391_145
2022-04-07 19:26:11,223 - processing started: 393_146 
2022-04-07 19:26:11,315 - processing completed: 393_146
2022-04-07 19:26:11,319 - processing started: 395_147 
2022-04-07 19:26:11,468 - processing completed: 395_147
2022-04-07 19:26:11,472 - processing started: 397_147 
2022-04-07 19:26:11,567 - processing completed: 397_147
2022-04-07 19:26:11,571 - processing started: 399_148 
2022-04-07 19:26:11,727 - processing completed: 399_148
2022-04-07 19:26:11,731 - processing started: 401_149 
2022-04-07 19:26:11,825 - processing completed: 401_149
2022-04-07 19:26:11,829 - processing started: 403_149 
2022-04-07 19:26:11,975 - processing completed: 403_149
2022-04-07 19:26:11,979 - processing started: 405_150 
2022-04-07 19:26:12,076 - processing completed: 405_150
2022-04-07 19:26:12,080 - processing started: 407_151 
2022-04-07 19:26:12,228 - processing completed: 407_151
2022-04-07 19:26:12,232 - processing started: 409_152 
2022-04-07 19:26:12,325 - processing completed: 409_152
2022-04-07 19:26:12,329 - processing started: 411_153 
2022-04-07 19:26:12,496 - processing completed: 411_153
2022-04-07 19:26:12,500 - processing started: 413_154 
2022-04-07 19:26:12,595 - processing completed: 413_154
2022-04-07 19:26:12,598 - processing started: 415_155 
2022-04-07 19:26:12,750 - processing completed: 415_155
2022-04-07 19:26:12,753 - processing started: 417_156 
2022-04-07 19:26:12,848 - processing completed: 417_156
2022-04-07 19:26:12,851 - processing started: 419_156 
2022-04-07 19:26:12,997 - processing completed: 419_156
2022-04-07 19:26:13,002 - processing started: 421_157 
2022-04-07 19:26:13,153 - processing completed: 421_157
2022-04-07 19:26:13,156 - processing started: 423_158 
2022-04-07 19:26:13,246 - processing completed: 423_158
2022-04-07 19:26:13,250 - processing started: 425_159 
2022-04-07 19:26:13,395 - processing completed: 425_159
2022-04-07 19:26:13,399 - processing started: 427_159 
2022-04-07 19:26:13,492 - processing completed: 427_159
2022-04-07 19:26:13,496 - processing started: 429_160 
2022-04-07 19:26:13,647 - processing completed: 429_160
2022-04-07 19:26:13,650 - processing started: 431_161 
2022-04-07 19:26:13,742 - processing completed: 431_161
2022-04-07 19:26:13,745 - processing started: 433_162 
2022-04-07 19:26:13,892 - processing completed: 433_162
2022-04-07 19:26:13,895 - processing started: 435_163 
2022-04-07 19:26:13,985 - processing completed: 435_163
2022-04-07 19:26:13,989 - processing started: 437_164 
2022-04-07 19:26:14,135 - processing completed: 437_164
2022-04-07 19:26:14,140 - processing started: 439_164 
2022-04-07 19:26:14,231 - processing completed: 439_164
2022-04-07 19:26:14,235 - processing started: 441_165 
2022-04-07 19:26:14,381 - processing completed: 441_165
2022-04-07 19:26:14,385 - processing started: 443_166 
2022-04-07 19:26:14,476 - processing completed: 443_166
2022-04-07 19:26:14,480 - processing started: 445_167 
2022-04-07 19:26:14,624 - processing completed: 445_167
2022-04-07 19:26:14,628 - processing started: 447_167 
2022-04-07 19:26:14,778 - processing completed: 447_167
2022-04-07 19:26:14,783 - processing started: 449_168 
2022-04-07 19:26:14,878 - processing completed: 449_168
2022-04-07 19:26:14,882 - processing started: 451_168 
2022-04-07 19:26:15,029 - processing completed: 451_168
2022-04-07 19:26:15,033 - processing started: 453_169 
2022-04-07 19:26:15,123 - processing completed: 453_169
2022-04-07 19:26:15,127 - processing started: 455_170 
2022-04-07 19:26:15,274 - processing completed: 455_170
2022-04-07 19:26:15,278 - processing started: 457_171 
2022-04-07 19:26:15,369 - processing completed: 457_171
2022-04-07 19:26:15,374 - processing started: 459_172 
2022-04-07 19:26:15,523 - processing completed: 459_172
2022-04-07 19:26:15,527 - processing started: 461_173 
2022-04-07 19:26:15,619 - processing completed: 461_173
2022-04-07 19:26:15,623 - processing started: 463_173 
2022-04-07 19:26:15,769 - processing completed: 463_173
2022-04-07 19:26:15,773 - processing started: 465_174 
2022-04-07 19:26:15,866 - processing completed: 465_174
2022-04-07 19:26:15,869 - processing started: 467_174 
2022-04-07 19:26:16,014 - processing completed: 467_174
2022-04-07 19:26:16,017 - processing started: 469_175 
2022-04-07 19:26:16,107 - processing completed: 469_175
2022-04-07 19:26:16,110 - processing started: 471_176 
2022-04-07 19:26:16,253 - processing completed: 471_176
2022-04-07 19:26:16,257 - processing started: 473_177 
2022-04-07 19:26:16,349 - processing completed: 473_177
2022-04-07 19:26:16,352 - processing started: 475_178 
2022-04-07 19:26:16,499 - processing completed: 475_178
2022-04-07 19:26:16,502 - processing started: 477_179 
2022-04-07 19:26:16,649 - processing completed: 477_179
2022-04-07 19:26:16,653 - processing started: 479_180 
2022-04-07 19:26:16,746 - processing completed: 479_180
2022-04-07 19:26:16,750 - processing started: 481_180 
2022-04-07 19:26:16,900 - processing completed: 481_180
2022-04-07 19:26:16,904 - processing started: 483_181 
2022-04-07 19:26:16,997 - processing completed: 483_181
2022-04-07 19:26:17,000 - processing started: 485_182 
2022-04-07 19:26:17,147 - processing completed: 485_182
2022-04-07 19:26:17,152 - processing started: 487_182 
2022-04-07 19:26:17,244 - processing completed: 487_182
2022-04-07 19:26:17,248 - processing started: 489_183 
2022-04-07 19:26:17,395 - processing completed: 489_183
2022-04-07 19:26:17,399 - processing started: 491_183 
2022-04-07 19:26:17,494 - processing completed: 491_183
2022-04-07 19:26:17,498 - processing started: 493_184 
2022-04-07 19:26:17,646 - processing completed: 493_184
2022-04-07 19:26:17,650 - processing started: 495_185 
2022-04-07 19:26:17,743 - processing completed: 495_185
2022-04-07 19:26:17,747 - processing started: 497_186 
2022-04-07 19:26:17,898 - processing completed: 497_186
2022-04-07 19:26:17,902 - processing started: 499_187 
2022-04-07 19:26:17,997 - processing completed: 499_187
2022-04-07 19:26:18,000 - processing started: 501_188 
2022-04-07 19:26:18,146 - processing completed: 501_188
2022-04-07 19:26:18,149 - processing started: 503_188 
2022-04-07 19:26:18,244 - processing completed: 503_188
2022-04-07 19:26:18,247 - processing started: 505_189 
2022-04-07 19:26:18,374 - processing completed: 505_189
2022-04-07 19:26:18,378 - processing started: 507_190 
2022-04-07 19:26:18,532 - processing completed: 507_190
2022-04-07 19:26:18,536 - processing started: 509_191 
2022-04-07 19:26:18,630 - processing completed: 509_191
2022-04-07 19:26:18,634 - processing started: 511_192 
2022-04-07 19:26:18,780 - processing completed: 511_192
2022-04-07 19:26:18,784 - processing started: 513_192 
2022-04-07 19:26:18,877 - processing completed: 513_192
2022-04-07 19:26:18,881 - processing started: 515_193 
2022-04-07 19:26:19,036 - processing completed: 515_193
2022-04-07 19:26:19,042 - processing started: 517_194 
2022-04-07 19:26:19,136 - processing completed: 517_194
2022-04-07 19:26:19,140 - processing started: 519_195 
2022-04-07 19:26:19,287 - processing completed: 519_195
2022-04-07 19:26:19,291 - processing started: 521_196 
2022-04-07 19:26:19,389 - processing completed: 521_196
2022-04-07 19:26:19,394 - processing started: 523_196 
2022-04-07 19:26:19,543 - processing completed: 523_196
2022-04-07 19:26:19,548 - processing started: 525_196 
2022-04-07 19:26:19,642 - processing completed: 525_196
2022-04-07 19:26:19,646 - processing started: 527_197 
2022-04-07 19:26:19,791 - processing completed: 527_197
2022-04-07 19:26:19,796 - processing started: 529_197 
2022-04-07 19:26:19,890 - processing completed: 529_197
2022-04-07 19:26:19,894 - processing started: 531_197 
2022-04-07 19:26:20,054 - processing completed: 531_197
2022-04-07 19:26:20,059 - processing started: 533_198 
2022-04-07 19:26:20,163 - processing completed: 533_198
2022-04-07 19:26:20,168 - processing started: 535_199 
2022-04-07 19:26:20,312 - processing completed: 535_199
2022-04-07 19:26:20,316 - processing started: 537_200 
2022-04-07 19:26:20,466 - processing completed: 537_200
2022-04-07 19:26:20,470 - processing started: 539_201 
2022-04-07 19:26:20,564 - processing completed: 539_201
2022-04-07 19:26:20,568 - processing started: 541_202 
2022-04-07 19:26:20,716 - processing completed: 541_202
2022-04-07 19:26:20,720 - processing started: 543_203 
2022-04-07 19:26:20,812 - processing completed: 543_203
2022-04-07 19:26:20,817 - processing started: 545_204 
2022-04-07 19:26:20,964 - processing completed: 545_204
2022-04-07 19:26:20,968 - processing started: 547_205 
2022-04-07 19:26:21,062 - processing completed: 547_205
2022-04-07 19:26:21,066 - processing started: 549_206 
2022-04-07 19:26:21,216 - processing completed: 549_206
2022-04-07 19:26:21,221 - processing started: 551_207 
2022-04-07 19:26:21,312 - processing completed: 551_207
2022-04-07 19:26:21,316 - processing started: 553_207 
2022-04-07 19:26:21,459 - processing completed: 553_207
2022-04-07 19:26:21,464 - processing started: 555_208 
2022-04-07 19:26:21,556 - processing completed: 555_208
2022-04-07 19:26:21,560 - processing started: 557_209 
2022-04-07 19:26:21,708 - processing completed: 557_209
2022-04-07 19:26:21,713 - processing started: 559_210 
2022-04-07 19:26:21,802 - processing completed: 559_210
2022-04-07 19:26:21,806 - processing started: 561_211 
2022-04-07 19:26:21,949 - processing completed: 561_211
2022-04-07 19:26:21,952 - processing started: 563_212 
2022-04-07 19:26:22,044 - processing completed: 563_212
2022-04-07 19:26:22,048 - processing started: 565_213 
2022-04-07 19:26:22,191 - processing completed: 565_213
2022-04-07 19:26:22,195 - processing started: 567_214 
2022-04-07 19:26:22,343 - processing completed: 567_214
2022-04-07 19:26:22,347 - processing started: 569_214 
2022-04-07 19:26:22,437 - processing completed: 569_214
2022-04-07 19:26:22,440 - processing started: 571_215 
2022-04-07 19:26:22,588 - processing completed: 571_215
2022-04-07 19:26:22,591 - processing started: 573_216 
2022-04-07 19:26:22,682 - processing completed: 573_216
2022-04-07 19:26:22,685 - processing started: 575_217 
2022-04-07 19:26:22,830 - processing completed: 575_217
2022-04-07 19:26:22,833 - processing started: 577_218 
2022-04-07 19:26:22,925 - processing completed: 577_218
2022-04-07 19:26:22,929 - processing started: 579_219 
2022-04-07 19:26:23,075 - processing completed: 579_219
2022-04-07 19:26:23,079 - processing started: 581_220 
2022-04-07 19:26:23,172 - processing completed: 581_220
2022-04-07 19:26:23,175 - processing started: 583_220 
2022-04-07 19:26:23,323 - processing completed: 583_220
2022-04-07 19:26:23,327 - processing started: 585_221 
2022-04-07 19:26:23,419 - processing completed: 585_221
2022-04-07 19:26:23,422 - processing started: 587_222 
2022-04-07 19:26:23,571 - processing completed: 587_222
2022-04-07 19:26:23,574 - processing started: 589_222 
2022-04-07 19:26:23,667 - processing completed: 589_222
2022-04-07 19:26:23,671 - processing started: 591_223 
2022-04-07 19:26:23,797 - processing completed: 591_223
2022-04-07 19:26:23,800 - processing started: 593_223 
2022-04-07 19:26:23,876 - processing completed: 593_223
2022-04-07 19:26:23,880 - processing started: 595_224 
2022-04-07 19:26:24,045 - processing completed: 595_224
2022-04-07 19:26:24,049 - processing started: 597_225 
2022-04-07 19:26:24,181 - processing completed: 597_225
2022-04-07 19:26:24,184 - processing started: 599_225 
2022-04-07 19:26:24,307 - processing completed: 599_225
2022-04-07 19:26:24,312 - processing started: 601_225 
2022-04-07 19:26:24,444 - processing completed: 601_225
2022-04-07 19:26:24,447 - processing started: 603_226 
2022-04-07 19:26:24,528 - processing completed: 603_226
2022-04-07 19:26:24,532 - processing started: 605_227 
2022-04-07 19:26:24,679 - processing completed: 605_227
2022-04-07 19:26:24,683 - processing started: 607_227 
2022-04-07 19:26:24,776 - processing completed: 607_227
2022-04-07 19:26:24,780 - processing started: 609_227 
2022-04-07 19:26:24,910 - processing completed: 609_227
2022-04-07 19:26:24,914 - processing started: 611_227 
2022-04-07 19:26:25,041 - processing completed: 611_227
2022-04-07 19:26:25,046 - processing started: 613_227 
2022-04-07 19:26:25,177 - processing completed: 613_227
2022-04-07 19:26:25,181 - processing started: 615_228 
2022-04-07 19:26:25,259 - processing completed: 615_228
2022-04-07 19:26:25,263 - processing started: 617_229 
2022-04-07 19:26:25,400 - processing completed: 617_229
2022-04-07 19:26:25,404 - processing started: 619_230 
2022-04-07 19:26:25,480 - processing completed: 619_230
2022-04-07 19:26:25,483 - processing started: 621_230 
2022-04-07 19:26:25,616 - processing completed: 621_230
2022-04-07 19:26:25,619 - processing started: 623_231 
2022-04-07 19:26:25,692 - processing completed: 623_231
2022-04-07 19:26:25,695 - processing started: 625_232 
2022-04-07 19:26:25,819 - processing completed: 625_232
2022-04-07 19:26:25,822 - processing started: 627_232 
2022-04-07 19:26:25,952 - processing completed: 627_232
2022-04-07 19:26:25,957 - processing started: 629_232 
2022-04-07 19:26:26,030 - processing completed: 629_232
2022-04-07 19:26:26,033 - processing started: 631_233 
2022-04-07 19:26:26,160 - processing completed: 631_233
2022-04-07 19:26:26,164 - processing started: 633_234 
2022-04-07 19:26:26,235 - processing completed: 633_234
2022-04-07 19:26:26,239 - processing started: 635_234 
2022-04-07 19:26:26,371 - processing completed: 635_234
2022-04-07 19:26:26,375 - processing started: 637_234 
2022-04-07 19:26:26,446 - processing completed: 637_234
2022-04-07 19:26:26,449 - processing started: 639_235 
2022-04-07 19:26:26,597 - processing completed: 639_235
2022-04-07 19:26:26,602 - processing started: 641_236 
2022-04-07 19:26:26,696 - processing completed: 641_236
2022-04-07 19:26:26,699 - processing started: 643_237 
2022-04-07 19:26:26,846 - processing completed: 643_237
2022-04-07 19:26:26,849 - processing started: 645_238 
2022-04-07 19:26:26,944 - processing completed: 645_238
2022-04-07 19:26:26,947 - processing started: 647_239 
2022-04-07 19:26:27,099 - processing completed: 647_239
2022-04-07 19:26:27,102 - processing started: 649_240 
2022-04-07 19:26:27,196 - processing completed: 649_240
2022-04-07 19:26:27,200 - processing started: 651_240 
2022-04-07 19:26:27,345 - processing completed: 651_240
2022-04-07 19:26:27,350 - processing started: 653_241 
2022-04-07 19:26:27,447 - processing completed: 653_241
2022-04-07 19:26:27,451 - processing started: 655_242 
2022-04-07 19:26:27,599 - processing completed: 655_242
2022-04-07 19:26:27,603 - processing started: 657_242 
2022-04-07 19:26:27,754 - processing completed: 657_242
2022-04-07 19:26:27,759 - processing started: 659_243 
2022-04-07 19:26:27,851 - processing completed: 659_243
2022-04-07 19:26:27,855 - processing started: 661_244 
2022-04-07 19:26:27,975 - processing completed: 661_244
2022-04-07 19:26:27,979 - processing started: 663_244 
2022-04-07 19:26:28,044 - processing completed: 663_244
2022-04-07 19:26:28,047 - processing started: 665_245 
2022-04-07 19:26:28,159 - processing completed: 665_245
2022-04-07 19:26:28,163 - processing started: 667_246 
2022-04-07 19:26:28,221 - processing completed: 667_246
2022-04-07 19:26:28,224 - processing started: 669_247 
2022-04-07 19:26:28,334 - processing completed: 669_247
2022-04-07 19:26:28,338 - processing started: 671_248 
2022-04-07 19:26:28,394 - processing completed: 671_248
2022-04-07 19:26:28,397 - processing started: 673_249 
2022-04-07 19:26:28,517 - processing completed: 673_249
2022-04-07 19:26:28,520 - processing started: 675_250 
2022-04-07 19:26:28,579 - processing completed: 675_250
2022-04-07 19:26:28,583 - processing started: 677_251 
2022-04-07 19:26:28,695 - processing completed: 677_251
2022-04-07 19:26:28,698 - processing started: 679_251 
2022-04-07 19:26:28,758 - processing completed: 679_251
2022-04-07 19:26:28,761 - processing started: 681_252 
2022-04-07 19:26:28,872 - processing completed: 681_252
2022-04-07 19:26:28,875 - processing started: 683_252 
2022-04-07 19:26:28,930 - processing completed: 683_252
2022-04-07 19:26:28,934 - processing started: 685_253 
2022-04-07 19:26:29,060 - processing completed: 685_253
2022-04-07 19:26:29,063 - processing started: 687_254 
2022-04-07 19:26:29,196 - processing completed: 687_254
2022-04-07 19:26:29,199 - processing started: 689_255 
2022-04-07 19:26:29,276 - processing completed: 689_255
2022-04-07 19:26:29,279 - processing started: 691_256 
2022-04-07 19:26:29,417 - processing completed: 691_256
2022-04-07 19:26:29,420 - processing started: 693_257 
2022-04-07 19:26:29,503 - processing completed: 693_257
2022-04-07 19:26:29,506 - processing started: 695_257 
2022-04-07 19:26:29,644 - processing completed: 695_257
2022-04-07 19:26:29,647 - processing started: 697_258 
2022-04-07 19:26:29,725 - processing completed: 697_258
2022-04-07 19:26:29,728 - processing started: 699_259 
2022-04-07 19:26:29,851 - processing completed: 699_259
2022-04-07 19:26:29,854 - processing started: 701_260 
2022-04-07 19:26:29,931 - processing completed: 701_260
2022-04-07 19:26:29,934 - processing started: 703_260 
2022-04-07 19:26:30,072 - processing completed: 703_260
2022-04-07 19:26:30,075 - processing started: 705_261 
2022-04-07 19:26:30,159 - processing completed: 705_261
2022-04-07 19:26:30,163 - processing started: 707_262 
2022-04-07 19:26:30,286 - processing completed: 707_262
2022-04-07 19:26:30,289 - processing started: 709_262 
2022-04-07 19:26:30,365 - processing completed: 709_262
2022-04-07 19:26:30,369 - processing started: 711_263 
2022-04-07 19:26:30,499 - processing completed: 711_263
2022-04-07 19:26:30,503 - processing started: 713_264 
2022-04-07 19:26:30,650 - processing completed: 713_264
2022-04-07 19:26:30,653 - processing started: 715_265 
2022-04-07 19:26:30,726 - processing completed: 715_265
2022-04-07 19:26:30,729 - processing started: 717_265 
2022-04-07 19:26:30,853 - processing completed: 717_265
2022-04-07 19:26:30,856 - processing started: 719_266 
2022-04-07 19:26:30,928 - processing completed: 719_266
2022-04-07 19:26:30,931 - processing started: 721_267 
2022-04-07 19:26:31,061 - processing completed: 721_267
2022-04-07 19:26:31,064 - processing started: 723_267 
2022-04-07 19:26:31,134 - processing completed: 723_267
2022-04-07 19:26:31,137 - processing started: 725_267 
2022-04-07 19:26:31,265 - processing completed: 725_267
2022-04-07 19:26:31,268 - processing started: 727_268 
2022-04-07 19:26:31,348 - processing completed: 727_268
2022-04-07 19:26:31,352 - processing started: 729_268 
2022-04-07 19:26:31,480 - processing completed: 729_268
2022-04-07 19:26:31,483 - processing started: 731_268 
2022-04-07 19:26:31,558 - processing completed: 731_268
2022-04-07 19:26:31,562 - processing started: 733_268 
2022-04-07 19:26:31,688 - processing completed: 733_268
2022-04-07 19:26:31,692 - processing started: 735_269 
2022-04-07 19:26:31,769 - processing completed: 735_269
2022-04-07 19:26:31,773 - processing started: 737_269 
2022-04-07 19:26:31,901 - processing completed: 737_269
2022-04-07 19:26:31,905 - processing started: 739_270 
2022-04-07 19:26:31,985 - processing completed: 739_270
2022-04-07 19:26:31,989 - processing started: 741_271 
2022-04-07 19:26:32,126 - processing completed: 741_271
2022-04-07 19:26:32,129 - processing started: 743_272 
2022-04-07 19:26:32,268 - processing completed: 743_272
2022-04-07 19:26:32,272 - processing started: 745_273 
2022-04-07 19:26:32,347 - processing completed: 745_273
2022-04-07 19:26:32,351 - processing started: 747_274 
2022-04-07 19:26:32,477 - processing completed: 747_274
2022-04-07 19:26:32,480 - processing started: 749_274 
2022-04-07 19:26:32,548 - processing completed: 749_274
2022-04-07 19:26:32,552 - processing started: 751_275 
2022-04-07 19:26:32,679 - processing completed: 751_275
2022-04-07 19:26:32,682 - processing started: 753_275 
2022-04-07 19:26:32,758 - processing completed: 753_275
2022-04-07 19:26:32,763 - processing started: 755_276 
2022-04-07 19:26:32,892 - processing completed: 755_276
2022-04-07 19:26:32,895 - processing started: 757_276 
2022-04-07 19:26:32,967 - processing completed: 757_276
2022-04-07 19:26:32,972 - processing started: 759_277 
2022-04-07 19:26:33,107 - processing completed: 759_277
2022-04-07 19:26:33,110 - processing started: 761_278 
2022-04-07 19:26:33,187 - processing completed: 761_278
2022-04-07 19:26:33,191 - processing started: 763_279 
2022-04-07 19:26:33,322 - processing completed: 763_279
2022-04-07 19:26:33,325 - processing started: 765_280 
2022-04-07 19:26:33,386 - processing completed: 765_280
2022-04-07 19:26:33,388 - processing started: 767_280 
2022-04-07 19:26:33,511 - processing completed: 767_280
2022-04-07 19:26:33,515 - processing started: 769_281 
2022-04-07 19:26:33,581 - processing completed: 769_281
2022-04-07 19:26:33,584 - processing started: 771_282 
2022-04-07 19:26:33,702 - processing completed: 771_282
2022-04-07 19:26:33,705 - processing started: 773_283 
2022-04-07 19:26:33,848 - processing completed: 773_283
2022-04-07 19:26:33,852 - processing started: 775_284 
2022-04-07 19:26:33,911 - processing completed: 775_284
2022-04-07 19:26:33,914 - processing started: 777_285 
2022-04-07 19:26:34,040 - processing completed: 777_285
2022-04-07 19:26:34,043 - processing started: 779_286 
2022-04-07 19:26:34,163 - processing completed: 779_286
2022-04-07 19:26:34,168 - processing started: 781_287 
2022-04-07 19:26:34,279 - processing completed: 781_287
2022-04-07 19:26:34,282 - processing started: 783_288 
2022-04-07 19:26:34,340 - processing completed: 783_288
2022-04-07 19:26:34,344 - processing started: 785_289 
2022-04-07 19:26:34,464 - processing completed: 785_289
2022-04-07 19:26:34,466 - processing started: 787_290 
2022-04-07 19:26:34,527 - processing completed: 787_290
2022-04-07 19:26:34,531 - processing started: 789_290 
2022-04-07 19:26:34,650 - processing completed: 789_290
2022-04-07 19:26:34,653 - processing started: 791_291 
2022-04-07 19:26:34,711 - processing completed: 791_291
2022-04-07 19:26:34,714 - processing started: 793_292 
2022-04-07 19:26:34,841 - processing completed: 793_292
2022-04-07 19:26:34,844 - processing started: 795_292 
2022-04-07 19:26:34,902 - processing completed: 795_292
2022-04-07 19:26:34,906 - processing started: 797_293 
2022-04-07 19:26:35,006 - processing completed: 797_293
2022-04-07 19:26:35,008 - processing started: 799_294 
2022-04-07 19:26:35,045 - processing completed: 799_294
2022-04-07 19:26:35,048 - processing started: 801_295 
2022-04-07 19:26:35,166 - processing completed: 801_295
2022-04-07 19:26:35,169 - processing started: 803_296 
2022-04-07 19:26:35,288 - processing completed: 803_296
2022-04-07 19:26:35,291 - processing started: 805_297 
2022-04-07 19:26:35,411 - processing completed: 805_297
2022-04-07 19:26:35,416 - processing started: 807_298 
2022-04-07 19:26:35,533 - processing completed: 807_298
2022-04-07 19:26:35,536 - processing started: 809_298 
2022-04-07 19:26:35,595 - processing completed: 809_298
2022-04-07 19:26:35,598 - processing started: 811_299 
2022-04-07 19:26:35,716 - processing completed: 811_299
2022-04-07 19:26:35,718 - processing started: 0_0 
2022-04-07 19:26:35,719 - Closing connection (200): Normal shutdown
2022-04-07 19:26:35,719 - Closing channel (200): 'Normal shutdown' on <Channel number=1 OPEN conn=<SelectConnection OPEN transport=<pika.adapters.utils.io_services_utils._AsyncPlaintextTransport object at 0x119ce51c0> params=<ConnectionParameters host=localhost port=5672 virtual_host=/ ssl=False>>>
2022-04-07 19:26:35,720 - Received <Channel.CloseOk> on <Channel number=1 CLOSING conn=<SelectConnection OPEN transport=<pika.adapters.utils.io_services_utils._AsyncPlaintextTransport object at 0x119ce51c0> params=<ConnectionParameters host=localhost port=5672 virtual_host=/ ssl=False>>>
2022-04-07 19:26:35,720 - Closing connection (200): 'Normal shutdown'
2022-04-07 19:26:35,720 - Aborting transport connection: state=1; <socket.socket fd=22, family=AddressFamily.AF_INET, type=SocketKind.SOCK_STREAM, proto=6, laddr=('127.0.0.1', 63867), raddr=('127.0.0.1', 5672)>
2022-04-07 19:26:35,720 - _AsyncTransportBase._initate_abort(): Initiating abrupt asynchronous transport shutdown: state=1; error=None; <socket.socket fd=22, family=AddressFamily.AF_INET, type=SocketKind.SOCK_STREAM, proto=6, laddr=('127.0.0.1', 63867), raddr=('127.0.0.1', 5672)>
2022-04-07 19:26:35,720 - Deactivating transport: state=1; <socket.socket fd=22, family=AddressFamily.AF_INET, type=SocketKind.SOCK_STREAM, proto=6, laddr=('127.0.0.1', 63867), raddr=('127.0.0.1', 5672)>
2022-04-07 19:26:35,721 - AMQP stack terminated, failed to connect, or aborted: opened=True, error-arg=None; pending-error=ConnectionClosedByClient: (200) 'Normal shutdown'
2022-04-07 19:26:35,721 - Stack terminated due to ConnectionClosedByClient: (200) 'Normal shutdown'
2022-04-07 19:26:35,721 - Closing transport socket and unlinking: state=3; <socket.socket fd=22, family=AddressFamily.AF_INET, type=SocketKind.SOCK_STREAM, proto=6, laddr=('127.0.0.1', 63867), raddr=('127.0.0.1', 5672)>
2022-04-07 19:26:35,721 - User-initiated close: result=BlockingConnection__OnClosedArgs(connection=<SelectConnection CLOSED transport=None params=<ConnectionParameters host=localhost port=5672 virtual_host=/ ssl=False>>, error=ConnectionClosedByClient: (200) 'Normal shutdown')
2022-04-07 19:26:35,721 - PID 94768 completed loading and processing
