2022-04-07 16:05:29,725 - PID 53917 started loading and processing
2022-04-07 16:05:29,732 - Pika version 1.2.0 connecting to ('::1', 5672, 0, 0)
2022-04-07 16:05:29,733 - Socket failed to connect: <socket.socket fd=22, family=AddressFamily.AF_INET6, type=SocketKind.SOCK_STREAM, proto=6, laddr=('::1', 62943, 0, 0)>; error=61 (Connection refused)
2022-04-07 16:05:29,733 - TCP Connection attempt failed: ConnectionRefusedError(61, 'Connection refused'); dest=(<AddressFamily.AF_INET6: 30>, <SocketKind.SOCK_STREAM: 1>, 6, '', ('::1', 5672, 0, 0))
2022-04-07 16:05:29,733 - AMQPConnector - reporting failure: AMQPConnectorSocketConnectError: ConnectionRefusedError(61, 'Connection refused')
2022-04-07 16:05:29,733 - Pika version 1.2.0 connecting to ('127.0.0.1', 5672)
2022-04-07 16:05:29,733 - Socket connected: <socket.socket fd=22, family=AddressFamily.AF_INET, type=SocketKind.SOCK_STREAM, proto=6, laddr=('127.0.0.1', 62945), raddr=('127.0.0.1', 5672)>
2022-04-07 16:05:29,734 - Streaming transport linked up: (<pika.adapters.utils.io_services_utils._AsyncPlaintextTransport object at 0x11b16fd60>, _StreamingProtocolShim: <SelectConnection PROTOCOL transport=<pika.adapters.utils.io_services_utils._AsyncPlaintextTransport object at 0x11b16fd60> params=<ConnectionParameters host=localhost port=5672 virtual_host=/ ssl=False>>).
2022-04-07 16:05:29,747 - AMQPConnector - reporting success: <SelectConnection OPEN transport=<pika.adapters.utils.io_services_utils._AsyncPlaintextTransport object at 0x11b16fd60> params=<ConnectionParameters host=localhost port=5672 virtual_host=/ ssl=False>>
2022-04-07 16:05:29,747 - AMQPConnectionWorkflow - reporting success: <SelectConnection OPEN transport=<pika.adapters.utils.io_services_utils._AsyncPlaintextTransport object at 0x11b16fd60> params=<ConnectionParameters host=localhost port=5672 virtual_host=/ ssl=False>>
2022-04-07 16:05:29,747 - Connection workflow succeeded: <SelectConnection OPEN transport=<pika.adapters.utils.io_services_utils._AsyncPlaintextTransport object at 0x11b16fd60> params=<ConnectionParameters host=localhost port=5672 virtual_host=/ ssl=False>>
2022-04-07 16:05:29,748 - Created channel=1
2022-04-07 16:05:29,751 - Logging before start consuming
2022-04-07 16:05:31,875 - processing started: 0_000 
2022-04-07 16:05:32,076 - processing completed: 0_000
2022-04-07 16:05:32,096 - processing started: 2_000 
2022-04-07 16:05:32,308 - processing completed: 2_000
2022-04-07 16:05:32,313 - processing started: 4_001 
2022-04-07 16:05:32,519 - processing completed: 4_001
2022-04-07 16:05:32,525 - processing started: 6_002 
2022-04-07 16:05:32,670 - processing completed: 6_002
2022-04-07 16:05:32,676 - processing started: 8_003 
2022-04-07 16:05:32,895 - processing completed: 8_003
2022-04-07 16:05:32,900 - processing started: 10_004 
2022-04-07 16:05:33,044 - processing completed: 10_004
2022-04-07 16:05:33,049 - processing started: 12_005 
2022-04-07 16:05:33,243 - processing completed: 12_005
2022-04-07 16:05:33,249 - processing started: 14_005 
2022-04-07 16:05:33,408 - processing completed: 14_005
2022-04-07 16:05:33,413 - processing started: 16_006 
2022-04-07 16:05:33,618 - processing completed: 16_006
2022-04-07 16:05:33,624 - processing started: 18_007 
2022-04-07 16:05:33,774 - processing completed: 18_007
2022-04-07 16:05:33,780 - processing started: 20_008 
2022-04-07 16:05:33,970 - processing completed: 20_008
2022-04-07 16:05:33,975 - processing started: 22_009 
2022-04-07 16:05:34,119 - processing completed: 22_009
2022-04-07 16:05:34,124 - processing started: 24_009 
2022-04-07 16:05:34,324 - processing completed: 24_009
2022-04-07 16:05:34,330 - processing started: 26_010 
2022-04-07 16:05:34,506 - processing completed: 26_010
2022-04-07 16:05:34,511 - processing started: 28_011 
2022-04-07 16:05:34,726 - processing completed: 28_011
2022-04-07 16:05:34,733 - processing started: 30_012 
2022-04-07 16:05:34,790 - processing completed: 30_012
2022-04-07 16:05:34,793 - processing started: 32_013 
2022-04-07 16:05:34,952 - processing completed: 32_013
2022-04-07 16:05:34,957 - processing started: 34_014 
2022-04-07 16:05:35,105 - processing completed: 34_014
2022-04-07 16:05:35,109 - processing started: 36_014 
2022-04-07 16:05:35,187 - processing completed: 36_014
2022-04-07 16:05:35,191 - processing started: 38_015 
2022-04-07 16:05:35,353 - processing completed: 38_015
2022-04-07 16:05:35,356 - processing started: 40_015 
2022-04-07 16:05:35,435 - processing completed: 40_015
2022-04-07 16:05:35,438 - processing started: 42_015 
2022-04-07 16:05:35,584 - processing completed: 42_015
2022-04-07 16:05:35,588 - processing started: 44_016 
2022-04-07 16:05:35,668 - processing completed: 44_016
2022-04-07 16:05:35,672 - processing started: 46_017 
2022-04-07 16:05:35,828 - processing completed: 46_017
2022-04-07 16:05:35,832 - processing started: 48_018 
2022-04-07 16:05:35,909 - processing completed: 48_018
2022-04-07 16:05:35,913 - processing started: 50_019 
2022-04-07 16:05:36,066 - processing completed: 50_019
2022-04-07 16:05:36,069 - processing started: 52_020 
2022-04-07 16:05:36,147 - processing completed: 52_020
2022-04-07 16:05:36,151 - processing started: 54_021 
2022-04-07 16:05:36,305 - processing completed: 54_021
2022-04-07 16:05:36,309 - processing started: 56_022 
2022-04-07 16:05:36,424 - processing completed: 56_022
2022-04-07 16:05:36,442 - processing started: 58_022 
2022-04-07 16:05:36,610 - processing completed: 58_022
2022-04-07 16:05:36,615 - processing started: 60_023 
2022-04-07 16:05:36,698 - processing completed: 60_023
2022-04-07 16:05:36,702 - processing started: 62_023 
2022-04-07 16:05:36,832 - processing completed: 62_023
2022-04-07 16:05:36,835 - processing started: 64_024 
2022-04-07 16:05:36,967 - processing completed: 64_024
2022-04-07 16:05:36,970 - processing started: 66_025 
2022-04-07 16:05:37,055 - processing completed: 66_025
2022-04-07 16:05:37,059 - processing started: 68_026 
2022-04-07 16:05:37,197 - processing completed: 68_026
2022-04-07 16:05:37,200 - processing started: 70_027 
2022-04-07 16:05:37,281 - processing completed: 70_027
2022-04-07 16:05:37,285 - processing started: 72_028 
2022-04-07 16:05:37,417 - processing completed: 72_028
2022-04-07 16:05:37,421 - processing started: 74_028 
2022-04-07 16:05:37,499 - processing completed: 74_028
2022-04-07 16:05:37,503 - processing started: 76_029 
2022-04-07 16:05:37,632 - processing completed: 76_029
2022-04-07 16:05:37,636 - processing started: 78_030 
2022-04-07 16:05:37,716 - processing completed: 78_030
2022-04-07 16:05:37,719 - processing started: 80_031 
2022-04-07 16:05:37,865 - processing completed: 80_031
2022-04-07 16:05:37,869 - processing started: 82_031 
2022-04-07 16:05:37,949 - processing completed: 82_031
2022-04-07 16:05:37,952 - processing started: 84_032 
2022-04-07 16:05:38,150 - processing completed: 84_032
2022-04-07 16:05:38,155 - processing started: 86_032 
2022-04-07 16:05:38,273 - processing completed: 86_032
2022-04-07 16:05:38,279 - processing started: 88_033 
2022-04-07 16:05:38,420 - processing completed: 88_033
2022-04-07 16:05:38,423 - processing started: 90_033 
2022-04-07 16:05:38,501 - processing completed: 90_033
2022-04-07 16:05:38,505 - processing started: 92_033 
2022-04-07 16:05:38,640 - processing completed: 92_033
2022-04-07 16:05:38,643 - processing started: 94_034 
2022-04-07 16:05:38,784 - processing completed: 94_034
2022-04-07 16:05:38,788 - processing started: 96_035 
2022-04-07 16:05:38,863 - processing completed: 96_035
2022-04-07 16:05:38,867 - processing started: 98_035 
2022-04-07 16:05:39,010 - processing completed: 98_035
2022-04-07 16:05:39,014 - processing started: 100_036 
2022-04-07 16:05:39,091 - processing completed: 100_036
2022-04-07 16:05:39,094 - processing started: 102_037 
2022-04-07 16:05:39,240 - processing completed: 102_037
2022-04-07 16:05:39,244 - processing started: 104_038 
2022-04-07 16:05:39,327 - processing completed: 104_038
2022-04-07 16:05:39,330 - processing started: 106_039 
2022-04-07 16:05:39,474 - processing completed: 106_039
2022-04-07 16:05:39,477 - processing started: 108_039 
2022-04-07 16:05:39,559 - processing completed: 108_039
2022-04-07 16:05:39,562 - processing started: 110_040 
2022-04-07 16:05:39,700 - processing completed: 110_040
2022-04-07 16:05:39,703 - processing started: 112_040 
2022-04-07 16:05:39,783 - processing completed: 112_040
2022-04-07 16:05:39,787 - processing started: 114_040 
2022-04-07 16:05:39,932 - processing completed: 114_040
2022-04-07 16:05:39,935 - processing started: 116_041 
2022-04-07 16:05:40,015 - processing completed: 116_041
2022-04-07 16:05:40,018 - processing started: 118_042 
2022-04-07 16:05:40,155 - processing completed: 118_042
2022-04-07 16:05:40,159 - processing started: 120_042 
2022-04-07 16:05:40,237 - processing completed: 120_042
2022-04-07 16:05:40,241 - processing started: 122_043 
2022-04-07 16:05:40,376 - processing completed: 122_043
2022-04-07 16:05:40,380 - processing started: 124_044 
2022-04-07 16:05:40,521 - processing completed: 124_044
2022-04-07 16:05:40,524 - processing started: 126_044 
2022-04-07 16:05:40,599 - processing completed: 126_044
2022-04-07 16:05:40,602 - processing started: 128_045 
2022-04-07 16:05:40,745 - processing completed: 128_045
2022-04-07 16:05:40,748 - processing started: 130_046 
2022-04-07 16:05:40,826 - processing completed: 130_046
2022-04-07 16:05:40,830 - processing started: 132_047 
2022-04-07 16:05:40,976 - processing completed: 132_047
2022-04-07 16:05:40,980 - processing started: 134_048 
2022-04-07 16:05:41,057 - processing completed: 134_048
2022-04-07 16:05:41,060 - processing started: 136_048 
2022-04-07 16:05:41,202 - processing completed: 136_048
2022-04-07 16:05:41,205 - processing started: 138_049 
2022-04-07 16:05:41,291 - processing completed: 138_049
2022-04-07 16:05:41,294 - processing started: 140_050 
2022-04-07 16:05:41,443 - processing completed: 140_050
2022-04-07 16:05:41,446 - processing started: 142_050 
2022-04-07 16:05:41,523 - processing completed: 142_050
2022-04-07 16:05:41,527 - processing started: 144_051 
2022-04-07 16:05:41,668 - processing completed: 144_051
2022-04-07 16:05:41,672 - processing started: 146_051 
2022-04-07 16:05:41,755 - processing completed: 146_051
2022-04-07 16:05:41,759 - processing started: 148_052 
2022-04-07 16:05:41,901 - processing completed: 148_052
2022-04-07 16:05:41,905 - processing started: 150_053 
2022-04-07 16:05:41,987 - processing completed: 150_053
2022-04-07 16:05:41,991 - processing started: 152_054 
2022-04-07 16:05:42,122 - processing completed: 152_054
2022-04-07 16:05:42,126 - processing started: 154_055 
2022-04-07 16:05:42,286 - processing completed: 154_055
2022-04-07 16:05:42,290 - processing started: 156_056 
2022-04-07 16:05:42,379 - processing completed: 156_056
2022-04-07 16:05:42,383 - processing started: 158_057 
2022-04-07 16:05:42,525 - processing completed: 158_057
2022-04-07 16:05:42,529 - processing started: 160_058 
2022-04-07 16:05:42,661 - processing completed: 160_058
2022-04-07 16:05:42,666 - processing started: 162_058 
2022-04-07 16:05:42,851 - processing completed: 162_058
2022-04-07 16:05:42,856 - processing started: 164_059 
2022-04-07 16:05:42,934 - processing completed: 164_059
2022-04-07 16:05:42,938 - processing started: 166_060 
2022-04-07 16:05:43,066 - processing completed: 166_060
2022-04-07 16:05:43,070 - processing started: 168_061 
2022-04-07 16:05:43,151 - processing completed: 168_061
2022-04-07 16:05:43,155 - processing started: 170_062 
2022-04-07 16:05:43,293 - processing completed: 170_062
2022-04-07 16:05:43,297 - processing started: 172_062 
2022-04-07 16:05:43,380 - processing completed: 172_062
2022-04-07 16:05:43,383 - processing started: 174_063 
2022-04-07 16:05:43,594 - processing completed: 174_063
2022-04-07 16:05:43,599 - processing started: 176_064 
2022-04-07 16:05:43,752 - processing completed: 176_064
2022-04-07 16:05:43,759 - processing started: 178_064 
2022-04-07 16:05:43,976 - processing completed: 178_064
2022-04-07 16:05:43,981 - processing started: 180_065 
2022-04-07 16:05:44,200 - processing completed: 180_065
2022-04-07 16:05:44,206 - processing started: 182_066 
2022-04-07 16:05:44,374 - processing completed: 182_066
2022-04-07 16:05:44,379 - processing started: 184_066 
2022-04-07 16:05:44,598 - processing completed: 184_066
2022-04-07 16:05:44,603 - processing started: 186_066 
2022-04-07 16:05:44,762 - processing completed: 186_066
2022-04-07 16:05:44,768 - processing started: 188_067 
2022-04-07 16:05:44,861 - processing completed: 188_067
2022-04-07 16:05:44,864 - processing started: 190_067 
2022-04-07 16:05:44,978 - processing completed: 190_067
2022-04-07 16:05:44,982 - processing started: 192_067 
2022-04-07 16:05:45,200 - processing completed: 192_067
2022-04-07 16:05:45,206 - processing started: 194_068 
2022-04-07 16:05:45,318 - processing completed: 194_068
2022-04-07 16:05:45,322 - processing started: 196_069 
2022-04-07 16:05:45,489 - processing completed: 196_069
2022-04-07 16:05:45,493 - processing started: 198_069 
2022-04-07 16:05:45,607 - processing completed: 198_069
2022-04-07 16:05:45,612 - processing started: 200_070 
2022-04-07 16:05:45,704 - processing completed: 200_070
2022-04-07 16:05:45,706 - processing started: 202_071 
2022-04-07 16:05:45,869 - processing completed: 202_071
2022-04-07 16:05:45,875 - processing started: 204_072 
2022-04-07 16:05:46,086 - processing completed: 204_072
2022-04-07 16:05:46,091 - processing started: 206_072 
2022-04-07 16:05:46,250 - processing completed: 206_072
2022-04-07 16:05:46,256 - processing started: 208_073 
2022-04-07 16:05:46,468 - processing completed: 208_073
2022-04-07 16:05:46,474 - processing started: 210_074 
2022-04-07 16:05:46,693 - processing completed: 210_074
2022-04-07 16:05:46,699 - processing started: 212_075 
2022-04-07 16:05:46,856 - processing completed: 212_075
2022-04-07 16:05:46,861 - processing started: 214_076 
2022-04-07 16:05:47,072 - processing completed: 214_076
2022-04-07 16:05:47,077 - processing started: 216_077 
2022-04-07 16:05:47,230 - processing completed: 216_077
2022-04-07 16:05:47,235 - processing started: 218_078 
2022-04-07 16:05:47,453 - processing completed: 218_078
2022-04-07 16:05:47,458 - processing started: 220_079 
2022-04-07 16:05:47,617 - processing completed: 220_079
2022-04-07 16:05:47,623 - processing started: 222_079 
2022-04-07 16:05:47,830 - processing completed: 222_079
2022-04-07 16:05:47,836 - processing started: 224_080 
2022-04-07 16:05:47,907 - processing completed: 224_080
2022-04-07 16:05:47,910 - processing started: 226_081 
2022-04-07 16:05:48,057 - processing completed: 226_081
2022-04-07 16:05:48,062 - processing started: 228_081 
2022-04-07 16:05:48,159 - processing completed: 228_081
2022-04-07 16:05:48,164 - processing started: 230_081 
2022-04-07 16:05:48,316 - processing completed: 230_081
2022-04-07 16:05:48,320 - processing started: 232_082 
2022-04-07 16:05:48,418 - processing completed: 232_082
2022-04-07 16:05:48,423 - processing started: 234_082 
2022-04-07 16:05:48,571 - processing completed: 234_082
2022-04-07 16:05:48,575 - processing started: 236_083 
2022-04-07 16:05:48,686 - processing completed: 236_083
2022-04-07 16:05:48,692 - processing started: 238_084 
2022-04-07 16:05:48,853 - processing completed: 238_084
2022-04-07 16:05:48,858 - processing started: 240_085 
2022-04-07 16:05:49,009 - processing completed: 240_085
2022-04-07 16:05:49,013 - processing started: 242_086 
2022-04-07 16:05:49,126 - processing completed: 242_086
2022-04-07 16:05:49,130 - processing started: 244_087 
2022-04-07 16:05:49,283 - processing completed: 244_087
2022-04-07 16:05:49,288 - processing started: 246_088 
2022-04-07 16:05:49,394 - processing completed: 246_088
2022-04-07 16:05:49,399 - processing started: 248_088 
2022-04-07 16:05:49,554 - processing completed: 248_088
2022-04-07 16:05:49,558 - processing started: 250_089 
2022-04-07 16:05:49,634 - processing completed: 250_089
2022-04-07 16:05:49,637 - processing started: 252_090 
2022-04-07 16:05:49,774 - processing completed: 252_090
2022-04-07 16:05:49,778 - processing started: 254_091 
2022-04-07 16:05:49,845 - processing completed: 254_091
2022-04-07 16:05:49,849 - processing started: 256_092 
2022-04-07 16:05:49,968 - processing completed: 256_092
2022-04-07 16:05:49,971 - processing started: 258_093 
2022-04-07 16:05:50,048 - processing completed: 258_093
2022-04-07 16:05:50,052 - processing started: 260_094 
2022-04-07 16:05:50,184 - processing completed: 260_094
2022-04-07 16:05:50,188 - processing started: 262_094 
2022-04-07 16:05:50,265 - processing completed: 262_094
2022-04-07 16:05:50,269 - processing started: 264_095 
2022-04-07 16:05:50,401 - processing completed: 264_095
2022-04-07 16:05:50,406 - processing started: 266_096 
2022-04-07 16:05:50,482 - processing completed: 266_096
2022-04-07 16:05:50,487 - processing started: 268_097 
2022-04-07 16:05:50,620 - processing completed: 268_097
2022-04-07 16:05:50,624 - processing started: 270_098 
2022-04-07 16:05:50,763 - processing completed: 270_098
2022-04-07 16:05:50,766 - processing started: 272_099 
2022-04-07 16:05:50,833 - processing completed: 272_099
2022-04-07 16:05:50,836 - processing started: 274_100 
2022-04-07 16:05:50,994 - processing completed: 274_100
2022-04-07 16:05:50,999 - processing started: 276_101 
2022-04-07 16:05:51,068 - processing completed: 276_101
2022-04-07 16:05:51,072 - processing started: 278_102 
2022-04-07 16:05:51,194 - processing completed: 278_102
2022-04-07 16:05:51,197 - processing started: 280_103 
2022-04-07 16:05:51,259 - processing completed: 280_103
2022-04-07 16:05:51,263 - processing started: 282_103 
2022-04-07 16:05:51,385 - processing completed: 282_103
2022-04-07 16:05:51,389 - processing started: 284_104 
2022-04-07 16:05:51,453 - processing completed: 284_104
2022-04-07 16:05:51,457 - processing started: 286_105 
2022-04-07 16:05:51,577 - processing completed: 286_105
2022-04-07 16:05:51,580 - processing started: 288_106 
2022-04-07 16:05:51,643 - processing completed: 288_106
2022-04-07 16:05:51,647 - processing started: 290_107 
2022-04-07 16:05:51,771 - processing completed: 290_107
2022-04-07 16:05:51,775 - processing started: 292_108 
2022-04-07 16:05:51,835 - processing completed: 292_108
2022-04-07 16:05:51,838 - processing started: 294_108 
2022-04-07 16:05:51,955 - processing completed: 294_108
2022-04-07 16:05:51,958 - processing started: 296_109 
2022-04-07 16:05:52,017 - processing completed: 296_109
2022-04-07 16:05:52,020 - processing started: 298_110 
2022-04-07 16:05:52,140 - processing completed: 298_110
2022-04-07 16:05:52,144 - processing started: 300_111 
2022-04-07 16:05:52,258 - processing completed: 300_111
2022-04-07 16:05:52,263 - processing started: 302_112 
2022-04-07 16:05:52,325 - processing completed: 302_112
2022-04-07 16:05:52,328 - processing started: 304_113 
2022-04-07 16:05:52,440 - processing completed: 304_113
2022-04-07 16:05:52,443 - processing started: 306_114 
2022-04-07 16:05:52,538 - processing completed: 306_114
2022-04-07 16:05:52,542 - processing started: 308_115 
2022-04-07 16:05:52,693 - processing completed: 308_115
2022-04-07 16:05:52,698 - processing started: 310_116 
2022-04-07 16:05:52,794 - processing completed: 310_116
2022-04-07 16:05:52,799 - processing started: 312_117 
2022-04-07 16:05:52,946 - processing completed: 312_117
2022-04-07 16:05:52,950 - processing started: 314_117 
2022-04-07 16:05:53,048 - processing completed: 314_117
2022-04-07 16:05:53,052 - processing started: 316_118 
2022-04-07 16:05:53,200 - processing completed: 316_118
2022-04-07 16:05:53,205 - processing started: 318_119 
2022-04-07 16:05:53,301 - processing completed: 318_119
2022-04-07 16:05:53,305 - processing started: 320_120 
2022-04-07 16:05:53,430 - processing completed: 320_120
2022-04-07 16:05:53,433 - processing started: 322_120 
2022-04-07 16:05:53,507 - processing completed: 322_120
2022-04-07 16:05:53,510 - processing started: 324_121 
2022-04-07 16:05:53,665 - processing completed: 324_121
2022-04-07 16:05:53,669 - processing started: 326_122 
2022-04-07 16:05:53,771 - processing completed: 326_122
2022-04-07 16:05:53,776 - processing started: 328_123 
2022-04-07 16:05:53,924 - processing completed: 328_123
2022-04-07 16:05:53,929 - processing started: 330_123 
2022-04-07 16:05:54,086 - processing completed: 330_123
2022-04-07 16:05:54,091 - processing started: 332_124 
2022-04-07 16:05:54,188 - processing completed: 332_124
2022-04-07 16:05:54,193 - processing started: 334_124 
2022-04-07 16:05:54,345 - processing completed: 334_124
2022-04-07 16:05:54,349 - processing started: 336_124 
2022-04-07 16:05:54,444 - processing completed: 336_124
2022-04-07 16:05:54,449 - processing started: 338_124 
2022-04-07 16:05:54,599 - processing completed: 338_124
2022-04-07 16:05:54,603 - processing started: 340_125 
2022-04-07 16:05:54,702 - processing completed: 340_125
2022-04-07 16:05:54,707 - processing started: 342_126 
2022-04-07 16:05:54,860 - processing completed: 342_126
2022-04-07 16:05:54,864 - processing started: 344_126 
2022-04-07 16:05:54,962 - processing completed: 344_126
2022-04-07 16:05:54,966 - processing started: 346_127 
2022-04-07 16:05:55,125 - processing completed: 346_127
2022-04-07 16:05:55,129 - processing started: 348_128 
2022-04-07 16:05:55,226 - processing completed: 348_128
2022-04-07 16:05:55,230 - processing started: 350_129 
2022-04-07 16:05:55,380 - processing completed: 350_129
2022-04-07 16:05:55,384 - processing started: 352_130 
2022-04-07 16:05:55,480 - processing completed: 352_130
2022-04-07 16:05:55,484 - processing started: 354_131 
2022-04-07 16:05:55,636 - processing completed: 354_131
2022-04-07 16:05:55,640 - processing started: 356_132 
2022-04-07 16:05:55,741 - processing completed: 356_132
2022-04-07 16:05:55,745 - processing started: 358_133 
2022-04-07 16:05:55,897 - processing completed: 358_133
2022-04-07 16:05:55,902 - processing started: 360_134 
2022-04-07 16:05:56,059 - processing completed: 360_134
2022-04-07 16:05:56,063 - processing started: 362_134 
2022-04-07 16:05:56,163 - processing completed: 362_134
2022-04-07 16:05:56,168 - processing started: 364_134 
2022-04-07 16:05:56,321 - processing completed: 364_134
2022-04-07 16:05:56,326 - processing started: 366_135 
2022-04-07 16:05:56,422 - processing completed: 366_135
2022-04-07 16:05:56,427 - processing started: 368_136 
2022-04-07 16:05:56,577 - processing completed: 368_136
2022-04-07 16:05:56,581 - processing started: 370_137 
2022-04-07 16:05:56,678 - processing completed: 370_137
2022-04-07 16:05:56,682 - processing started: 372_138 
2022-04-07 16:05:56,832 - processing completed: 372_138
2022-04-07 16:05:56,836 - processing started: 374_139 
2022-04-07 16:05:56,934 - processing completed: 374_139
2022-04-07 16:05:56,940 - processing started: 376_140 
2022-04-07 16:05:57,090 - processing completed: 376_140
2022-04-07 16:05:57,095 - processing started: 378_140 
2022-04-07 16:05:57,196 - processing completed: 378_140
2022-04-07 16:05:57,200 - processing started: 380_141 
2022-04-07 16:05:57,353 - processing completed: 380_141
2022-04-07 16:05:57,357 - processing started: 382_142 
2022-04-07 16:05:57,453 - processing completed: 382_142
2022-04-07 16:05:57,458 - processing started: 384_143 
2022-04-07 16:05:57,608 - processing completed: 384_143
2022-04-07 16:05:57,612 - processing started: 386_144 
2022-04-07 16:05:57,710 - processing completed: 386_144
2022-04-07 16:05:57,714 - processing started: 388_145 
2022-04-07 16:05:57,865 - processing completed: 388_145
2022-04-07 16:05:57,870 - processing started: 390_145 
2022-04-07 16:05:58,022 - processing completed: 390_145
2022-04-07 16:05:58,025 - processing started: 392_145 
2022-04-07 16:05:58,123 - processing completed: 392_145
2022-04-07 16:05:58,128 - processing started: 394_146 
2022-04-07 16:05:58,286 - processing completed: 394_146
2022-04-07 16:05:58,290 - processing started: 396_147 
2022-04-07 16:05:58,387 - processing completed: 396_147
2022-04-07 16:05:58,392 - processing started: 398_147 
2022-04-07 16:05:58,543 - processing completed: 398_147
2022-04-07 16:05:58,547 - processing started: 400_148 
2022-04-07 16:05:58,644 - processing completed: 400_148
2022-04-07 16:05:58,648 - processing started: 402_149 
2022-04-07 16:05:58,806 - processing completed: 402_149
2022-04-07 16:05:58,811 - processing started: 404_149 
2022-04-07 16:05:58,907 - processing completed: 404_149
2022-04-07 16:05:58,912 - processing started: 406_150 
2022-04-07 16:05:59,064 - processing completed: 406_150
2022-04-07 16:05:59,069 - processing started: 408_151 
2022-04-07 16:05:59,166 - processing completed: 408_151
2022-04-07 16:05:59,170 - processing started: 410_152 
2022-04-07 16:05:59,334 - processing completed: 410_152
2022-04-07 16:05:59,338 - processing started: 412_153 
2022-04-07 16:05:59,440 - processing completed: 412_153
2022-04-07 16:05:59,444 - processing started: 414_154 
2022-04-07 16:05:59,597 - processing completed: 414_154
2022-04-07 16:05:59,600 - processing started: 416_155 
2022-04-07 16:05:59,702 - processing completed: 416_155
2022-04-07 16:05:59,705 - processing started: 418_156 
2022-04-07 16:05:59,857 - processing completed: 418_156
2022-04-07 16:05:59,861 - processing started: 420_157 
2022-04-07 16:06:00,016 - processing completed: 420_157
2022-04-07 16:06:00,020 - processing started: 422_157 
2022-04-07 16:06:00,118 - processing completed: 422_157
2022-04-07 16:06:00,122 - processing started: 424_158 
2022-04-07 16:06:00,278 - processing completed: 424_158
2022-04-07 16:06:00,283 - processing started: 426_159 
2022-04-07 16:06:00,381 - processing completed: 426_159
2022-04-07 16:06:00,387 - processing started: 428_160 
2022-04-07 16:06:00,543 - processing completed: 428_160
2022-04-07 16:06:00,547 - processing started: 430_160 
2022-04-07 16:06:00,645 - processing completed: 430_160
2022-04-07 16:06:00,650 - processing started: 432_161 
2022-04-07 16:06:00,805 - processing completed: 432_161
2022-04-07 16:06:00,809 - processing started: 434_162 
2022-04-07 16:06:00,908 - processing completed: 434_162
2022-04-07 16:06:00,913 - processing started: 436_163 
2022-04-07 16:06:01,063 - processing completed: 436_163
2022-04-07 16:06:01,066 - processing started: 438_164 
2022-04-07 16:06:01,163 - processing completed: 438_164
2022-04-07 16:06:01,168 - processing started: 440_165 
2022-04-07 16:06:01,324 - processing completed: 440_165
2022-04-07 16:06:01,329 - processing started: 442_166 
2022-04-07 16:06:01,430 - processing completed: 442_166
2022-04-07 16:06:01,434 - processing started: 444_167 
2022-04-07 16:06:01,585 - processing completed: 444_167
2022-04-07 16:06:01,589 - processing started: 446_167 
2022-04-07 16:06:01,743 - processing completed: 446_167
2022-04-07 16:06:01,748 - processing started: 448_168 
2022-04-07 16:06:01,846 - processing completed: 448_168
2022-04-07 16:06:01,850 - processing started: 450_168 
2022-04-07 16:06:02,007 - processing completed: 450_168
2022-04-07 16:06:02,012 - processing started: 452_169 
2022-04-07 16:06:02,109 - processing completed: 452_169
2022-04-07 16:06:02,113 - processing started: 454_170 
2022-04-07 16:06:02,272 - processing completed: 454_170
2022-04-07 16:06:02,277 - processing started: 456_171 
2022-04-07 16:06:02,378 - processing completed: 456_171
2022-04-07 16:06:02,382 - processing started: 458_171 
2022-04-07 16:06:02,545 - processing completed: 458_171
2022-04-07 16:06:02,549 - processing started: 460_172 
2022-04-07 16:06:02,651 - processing completed: 460_172
2022-04-07 16:06:02,655 - processing started: 462_173 
2022-04-07 16:06:02,818 - processing completed: 462_173
2022-04-07 16:06:02,822 - processing started: 464_174 
2022-04-07 16:06:02,920 - processing completed: 464_174
2022-04-07 16:06:02,924 - processing started: 466_174 
2022-04-07 16:06:03,075 - processing completed: 466_174
2022-04-07 16:06:03,079 - processing started: 468_175 
2022-04-07 16:06:03,182 - processing completed: 468_175
2022-04-07 16:06:03,186 - processing started: 470_176 
2022-04-07 16:06:03,346 - processing completed: 470_176
2022-04-07 16:06:03,351 - processing started: 472_177 
2022-04-07 16:06:03,451 - processing completed: 472_177
2022-04-07 16:06:03,456 - processing started: 474_178 
2022-04-07 16:06:03,614 - processing completed: 474_178
2022-04-07 16:06:03,618 - processing started: 476_178 
2022-04-07 16:06:03,776 - processing completed: 476_178
2022-04-07 16:06:03,780 - processing started: 478_179 
2022-04-07 16:06:03,885 - processing completed: 478_179
2022-04-07 16:06:03,889 - processing started: 480_180 
2022-04-07 16:06:04,041 - processing completed: 480_180
2022-04-07 16:06:04,045 - processing started: 482_180 
2022-04-07 16:06:04,145 - processing completed: 482_180
2022-04-07 16:06:04,149 - processing started: 484_181 
2022-04-07 16:06:04,308 - processing completed: 484_181
2022-04-07 16:06:04,312 - processing started: 486_182 
2022-04-07 16:06:04,415 - processing completed: 486_182
2022-04-07 16:06:04,420 - processing started: 488_183 
2022-04-07 16:06:04,578 - processing completed: 488_183
2022-04-07 16:06:04,583 - processing started: 490_183 
2022-04-07 16:06:04,686 - processing completed: 490_183
2022-04-07 16:06:04,691 - processing started: 492_184 
2022-04-07 16:06:04,846 - processing completed: 492_184
2022-04-07 16:06:04,851 - processing started: 494_184 
2022-04-07 16:06:04,954 - processing completed: 494_184
2022-04-07 16:06:04,959 - processing started: 496_185 
2022-04-07 16:06:05,111 - processing completed: 496_185
2022-04-07 16:06:05,115 - processing started: 498_186 
2022-04-07 16:06:05,216 - processing completed: 498_186
2022-04-07 16:06:05,221 - processing started: 500_187 
2022-04-07 16:06:05,374 - processing completed: 500_187
2022-04-07 16:06:05,378 - processing started: 502_188 
2022-04-07 16:06:05,480 - processing completed: 502_188
2022-04-07 16:06:05,484 - processing started: 504_188 
2022-04-07 16:06:05,644 - processing completed: 504_188
2022-04-07 16:06:05,649 - processing started: 506_189 
2022-04-07 16:06:05,786 - processing completed: 506_189
2022-04-07 16:06:05,790 - processing started: 508_190 
2022-04-07 16:06:05,889 - processing completed: 508_190
2022-04-07 16:06:05,893 - processing started: 510_191 
2022-04-07 16:06:06,048 - processing completed: 510_191
2022-04-07 16:06:06,052 - processing started: 512_192 
2022-04-07 16:06:06,151 - processing completed: 512_192
2022-04-07 16:06:06,156 - processing started: 514_192 
2022-04-07 16:06:06,313 - processing completed: 514_192
2022-04-07 16:06:06,317 - processing started: 516_193 
2022-04-07 16:06:06,418 - processing completed: 516_193
2022-04-07 16:06:06,422 - processing started: 518_194 
2022-04-07 16:06:06,576 - processing completed: 518_194
2022-04-07 16:06:06,581 - processing started: 520_195 
2022-04-07 16:06:06,685 - processing completed: 520_195
2022-04-07 16:06:06,689 - processing started: 522_196 
2022-04-07 16:06:06,843 - processing completed: 522_196
2022-04-07 16:06:06,848 - processing started: 524_196 
2022-04-07 16:06:06,947 - processing completed: 524_196
2022-04-07 16:06:06,952 - processing started: 526_196 
2022-04-07 16:06:07,105 - processing completed: 526_196
2022-04-07 16:06:07,109 - processing started: 528_197 
2022-04-07 16:06:07,212 - processing completed: 528_197
2022-04-07 16:06:07,215 - processing started: 530_197 
2022-04-07 16:06:07,374 - processing completed: 530_197
2022-04-07 16:06:07,378 - processing started: 532_198 
2022-04-07 16:06:07,476 - processing completed: 532_198
2022-04-07 16:06:07,479 - processing started: 534_199 
2022-04-07 16:06:07,632 - processing completed: 534_199
2022-04-07 16:06:07,636 - processing started: 536_200 
2022-04-07 16:06:07,802 - processing completed: 536_200
2022-04-07 16:06:07,807 - processing started: 538_201 
2022-04-07 16:06:07,908 - processing completed: 538_201
2022-04-07 16:06:07,913 - processing started: 540_202 
2022-04-07 16:06:08,070 - processing completed: 540_202
2022-04-07 16:06:08,074 - processing started: 542_203 
2022-04-07 16:06:08,172 - processing completed: 542_203
2022-04-07 16:06:08,176 - processing started: 544_204 
2022-04-07 16:06:08,336 - processing completed: 544_204
2022-04-07 16:06:08,340 - processing started: 546_205 
2022-04-07 16:06:08,440 - processing completed: 546_205
2022-04-07 16:06:08,445 - processing started: 548_206 
2022-04-07 16:06:08,597 - processing completed: 548_206
2022-04-07 16:06:08,601 - processing started: 550_207 
2022-04-07 16:06:08,702 - processing completed: 550_207
2022-04-07 16:06:08,706 - processing started: 552_207 
2022-04-07 16:06:08,870 - processing completed: 552_207
2022-04-07 16:06:08,873 - processing started: 554_208 
2022-04-07 16:06:08,977 - processing completed: 554_208
2022-04-07 16:06:08,981 - processing started: 556_209 
2022-04-07 16:06:09,135 - processing completed: 556_209
2022-04-07 16:06:09,140 - processing started: 558_210 
2022-04-07 16:06:09,239 - processing completed: 558_210
2022-04-07 16:06:09,243 - processing started: 560_211 
2022-04-07 16:06:09,401 - processing completed: 560_211
2022-04-07 16:06:09,405 - processing started: 562_212 
2022-04-07 16:06:09,506 - processing completed: 562_212
2022-04-07 16:06:09,511 - processing started: 564_213 
2022-04-07 16:06:09,667 - processing completed: 564_213
2022-04-07 16:06:09,671 - processing started: 566_214 
2022-04-07 16:06:09,833 - processing completed: 566_214
2022-04-07 16:06:09,837 - processing started: 568_214 
2022-04-07 16:06:09,946 - processing completed: 568_214
2022-04-07 16:06:09,951 - processing started: 570_214 
2022-04-07 16:06:10,112 - processing completed: 570_214
2022-04-07 16:06:10,116 - processing started: 572_215 
2022-04-07 16:06:10,216 - processing completed: 572_215
2022-04-07 16:06:10,221 - processing started: 574_216 
2022-04-07 16:06:10,377 - processing completed: 574_216
2022-04-07 16:06:10,381 - processing started: 576_217 
2022-04-07 16:06:10,481 - processing completed: 576_217
2022-04-07 16:06:10,486 - processing started: 578_218 
2022-04-07 16:06:10,641 - processing completed: 578_218
2022-04-07 16:06:10,646 - processing started: 580_219 
2022-04-07 16:06:10,747 - processing completed: 580_219
2022-04-07 16:06:10,752 - processing started: 582_220 
2022-04-07 16:06:10,907 - processing completed: 582_220
2022-04-07 16:06:10,912 - processing started: 584_221 
2022-04-07 16:06:11,016 - processing completed: 584_221
2022-04-07 16:06:11,022 - processing started: 586_221 
2022-04-07 16:06:11,176 - processing completed: 586_221
2022-04-07 16:06:11,181 - processing started: 588_222 
2022-04-07 16:06:11,281 - processing completed: 588_222
2022-04-07 16:06:11,287 - processing started: 590_222 
2022-04-07 16:06:11,441 - processing completed: 590_222
2022-04-07 16:06:11,445 - processing started: 592_223 
2022-04-07 16:06:11,525 - processing completed: 592_223
2022-04-07 16:06:11,529 - processing started: 594_224 
2022-04-07 16:06:11,710 - processing completed: 594_224
2022-04-07 16:06:11,715 - processing started: 596_224 
2022-04-07 16:06:11,893 - processing completed: 596_224
2022-04-07 16:06:11,897 - processing started: 598_225 
2022-04-07 16:06:11,982 - processing completed: 598_225
2022-04-07 16:06:11,985 - processing started: 600_225 
2022-04-07 16:06:12,130 - processing completed: 600_225
2022-04-07 16:06:12,133 - processing started: 602_226 
2022-04-07 16:06:12,216 - processing completed: 602_226
2022-04-07 16:06:12,220 - processing started: 604_226 
2022-04-07 16:06:12,360 - processing completed: 604_226
2022-04-07 16:06:12,364 - processing started: 606_227 
2022-04-07 16:06:12,463 - processing completed: 606_227
2022-04-07 16:06:12,468 - processing started: 608_227 
2022-04-07 16:06:12,623 - processing completed: 608_227
2022-04-07 16:06:12,627 - processing started: 610_227 
2022-04-07 16:06:12,710 - processing completed: 610_227
2022-04-07 16:06:12,714 - processing started: 612_227 
2022-04-07 16:06:12,901 - processing completed: 612_227
2022-04-07 16:06:12,906 - processing started: 614_227 
2022-04-07 16:06:12,988 - processing completed: 614_227
2022-04-07 16:06:12,992 - processing started: 616_228 
2022-04-07 16:06:13,132 - processing completed: 616_228
2022-04-07 16:06:13,136 - processing started: 618_229 
2022-04-07 16:06:13,219 - processing completed: 618_229
2022-04-07 16:06:13,223 - processing started: 620_230 
2022-04-07 16:06:13,358 - processing completed: 620_230
2022-04-07 16:06:13,362 - processing started: 622_230 
2022-04-07 16:06:13,445 - processing completed: 622_230
2022-04-07 16:06:13,448 - processing started: 624_231 
2022-04-07 16:06:13,580 - processing completed: 624_231
2022-04-07 16:06:13,584 - processing started: 626_232 
2022-04-07 16:06:13,721 - processing completed: 626_232
2022-04-07 16:06:13,724 - processing started: 628_232 
2022-04-07 16:06:13,805 - processing completed: 628_232
2022-04-07 16:06:13,809 - processing started: 630_232 
2022-04-07 16:06:13,943 - processing completed: 630_232
2022-04-07 16:06:13,946 - processing started: 632_233 
2022-04-07 16:06:14,032 - processing completed: 632_233
2022-04-07 16:06:14,037 - processing started: 634_234 
2022-04-07 16:06:14,177 - processing completed: 634_234
2022-04-07 16:06:14,180 - processing started: 636_234 
2022-04-07 16:06:14,257 - processing completed: 636_234
2022-04-07 16:06:14,261 - processing started: 638_235 
2022-04-07 16:06:14,417 - processing completed: 638_235
2022-04-07 16:06:14,422 - processing started: 640_236 
2022-04-07 16:06:14,523 - processing completed: 640_236
2022-04-07 16:06:14,528 - processing started: 642_236 
2022-04-07 16:06:14,683 - processing completed: 642_236
2022-04-07 16:06:14,688 - processing started: 644_237 
2022-04-07 16:06:14,789 - processing completed: 644_237
2022-04-07 16:06:14,795 - processing started: 646_238 
2022-04-07 16:06:14,951 - processing completed: 646_238
2022-04-07 16:06:14,956 - processing started: 648_239 
2022-04-07 16:06:15,056 - processing completed: 648_239
2022-04-07 16:06:15,060 - processing started: 650_240 
2022-04-07 16:06:15,223 - processing completed: 650_240
2022-04-07 16:06:15,226 - processing started: 652_240 
2022-04-07 16:06:15,326 - processing completed: 652_240
2022-04-07 16:06:15,329 - processing started: 654_241 
2022-04-07 16:06:15,485 - processing completed: 654_241
2022-04-07 16:06:15,489 - processing started: 656_242 
2022-04-07 16:06:15,648 - processing completed: 656_242
2022-04-07 16:06:15,653 - processing started: 658_243 
2022-04-07 16:06:15,754 - processing completed: 658_243
2022-04-07 16:06:15,759 - processing started: 660_243 
2022-04-07 16:06:15,916 - processing completed: 660_243
2022-04-07 16:06:15,919 - processing started: 662_244 
2022-04-07 16:06:15,989 - processing completed: 662_244
2022-04-07 16:06:15,993 - processing started: 664_245 
2022-04-07 16:06:16,116 - processing completed: 664_245
2022-04-07 16:06:16,119 - processing started: 666_246 
2022-04-07 16:06:16,188 - processing completed: 666_246
2022-04-07 16:06:16,192 - processing started: 668_247 
2022-04-07 16:06:16,321 - processing completed: 668_247
2022-04-07 16:06:16,324 - processing started: 670_248 
2022-04-07 16:06:16,385 - processing completed: 670_248
2022-04-07 16:06:16,388 - processing started: 672_248 
2022-04-07 16:06:16,505 - processing completed: 672_248
2022-04-07 16:06:16,509 - processing started: 674_249 
2022-04-07 16:06:16,572 - processing completed: 674_249
2022-04-07 16:06:16,576 - processing started: 676_250 
2022-04-07 16:06:16,697 - processing completed: 676_250
2022-04-07 16:06:16,700 - processing started: 678_251 
2022-04-07 16:06:16,767 - processing completed: 678_251
2022-04-07 16:06:16,771 - processing started: 680_252 
2022-04-07 16:06:16,894 - processing completed: 680_252
2022-04-07 16:06:16,898 - processing started: 682_252 
2022-04-07 16:06:16,958 - processing completed: 682_252
2022-04-07 16:06:16,961 - processing started: 684_253 
2022-04-07 16:06:17,103 - processing completed: 684_253
2022-04-07 16:06:17,107 - processing started: 686_254 
2022-04-07 16:06:17,259 - processing completed: 686_254
2022-04-07 16:06:17,264 - processing started: 688_255 
2022-04-07 16:06:17,355 - processing completed: 688_255
2022-04-07 16:06:17,360 - processing started: 690_256 
2022-04-07 16:06:17,511 - processing completed: 690_256
2022-04-07 16:06:17,514 - processing started: 692_257 
2022-04-07 16:06:17,605 - processing completed: 692_257
2022-04-07 16:06:17,609 - processing started: 694_257 
2022-04-07 16:06:17,754 - processing completed: 694_257
2022-04-07 16:06:17,758 - processing started: 696_258 
2022-04-07 16:06:17,844 - processing completed: 696_258
2022-04-07 16:06:17,848 - processing started: 698_258 
2022-04-07 16:06:17,987 - processing completed: 698_258
2022-04-07 16:06:17,991 - processing started: 700_259 
2022-04-07 16:06:18,066 - processing completed: 700_259
2022-04-07 16:06:18,070 - processing started: 702_260 
2022-04-07 16:06:18,217 - processing completed: 702_260
2022-04-07 16:06:18,220 - processing started: 704_261 
2022-04-07 16:06:18,312 - processing completed: 704_261
2022-04-07 16:06:18,316 - processing started: 706_261 
2022-04-07 16:06:18,466 - processing completed: 706_261
2022-04-07 16:06:18,469 - processing started: 708_262 
2022-04-07 16:06:18,551 - processing completed: 708_262
2022-04-07 16:06:18,554 - processing started: 710_263 
2022-04-07 16:06:18,698 - processing completed: 710_263
2022-04-07 16:06:18,702 - processing started: 712_264 
2022-04-07 16:06:18,835 - processing completed: 712_264
2022-04-07 16:06:18,840 - processing started: 714_264 
2022-04-07 16:06:18,916 - processing completed: 714_264
2022-04-07 16:06:18,920 - processing started: 716_265 
2022-04-07 16:06:19,055 - processing completed: 716_265
2022-04-07 16:06:19,059 - processing started: 718_266 
2022-04-07 16:06:19,142 - processing completed: 718_266
2022-04-07 16:06:19,146 - processing started: 720_267 
2022-04-07 16:06:19,287 - processing completed: 720_267
2022-04-07 16:06:19,290 - processing started: 722_267 
2022-04-07 16:06:19,373 - processing completed: 722_267
2022-04-07 16:06:19,377 - processing started: 724_267 
2022-04-07 16:06:19,513 - processing completed: 724_267
2022-04-07 16:06:19,517 - processing started: 726_268 
2022-04-07 16:06:19,600 - processing completed: 726_268
2022-04-07 16:06:19,604 - processing started: 728_268 
2022-04-07 16:06:19,746 - processing completed: 728_268
2022-04-07 16:06:19,750 - processing started: 730_268 
2022-04-07 16:06:19,831 - processing completed: 730_268
2022-04-07 16:06:19,834 - processing started: 732_268 
2022-04-07 16:06:19,969 - processing completed: 732_268
2022-04-07 16:06:19,973 - processing started: 734_268 
2022-04-07 16:06:20,052 - processing completed: 734_268
2022-04-07 16:06:20,055 - processing started: 736_269 
2022-04-07 16:06:20,194 - processing completed: 736_269
2022-04-07 16:06:20,198 - processing started: 738_270 
2022-04-07 16:06:20,287 - processing completed: 738_270
2022-04-07 16:06:20,291 - processing started: 740_271 
2022-04-07 16:06:20,448 - processing completed: 740_271
2022-04-07 16:06:20,453 - processing started: 742_272 
2022-04-07 16:06:20,597 - processing completed: 742_272
2022-04-07 16:06:20,600 - processing started: 744_272 
2022-04-07 16:06:20,677 - processing completed: 744_272
2022-04-07 16:06:20,680 - processing started: 746_273 
2022-04-07 16:06:20,820 - processing completed: 746_273
2022-04-07 16:06:20,824 - processing started: 748_274 
2022-04-07 16:06:20,898 - processing completed: 748_274
2022-04-07 16:06:20,902 - processing started: 750_274 
2022-04-07 16:06:21,031 - processing completed: 750_274
2022-04-07 16:06:21,035 - processing started: 752_275 
2022-04-07 16:06:21,116 - processing completed: 752_275
2022-04-07 16:06:21,119 - processing started: 754_275 
2022-04-07 16:06:21,255 - processing completed: 754_275
2022-04-07 16:06:21,260 - processing started: 756_276 
2022-04-07 16:06:21,338 - processing completed: 756_276
2022-04-07 16:06:21,341 - processing started: 758_277 
2022-04-07 16:06:21,479 - processing completed: 758_277
2022-04-07 16:06:21,483 - processing started: 760_278 
2022-04-07 16:06:21,567 - processing completed: 760_278
2022-04-07 16:06:21,571 - processing started: 762_278 
2022-04-07 16:06:21,722 - processing completed: 762_278
2022-04-07 16:06:21,726 - processing started: 764_279 
2022-04-07 16:06:21,806 - processing completed: 764_279
2022-04-07 16:06:21,809 - processing started: 766_280 
2022-04-07 16:06:21,940 - processing completed: 766_280
2022-04-07 16:06:21,943 - processing started: 768_281 
2022-04-07 16:06:22,014 - processing completed: 768_281
2022-04-07 16:06:22,017 - processing started: 770_282 
2022-04-07 16:06:22,140 - processing completed: 770_282
2022-04-07 16:06:22,143 - processing started: 772_283 
2022-04-07 16:06:22,284 - processing completed: 772_283
2022-04-07 16:06:22,287 - processing started: 774_284 
2022-04-07 16:06:22,352 - processing completed: 774_284
2022-04-07 16:06:22,356 - processing started: 776_285 
2022-04-07 16:06:22,478 - processing completed: 776_285
2022-04-07 16:06:22,481 - processing started: 778_285 
2022-04-07 16:06:22,549 - processing completed: 778_285
2022-04-07 16:06:22,552 - processing started: 780_286 
2022-04-07 16:06:22,753 - processing completed: 780_286
2022-04-07 16:06:22,757 - processing started: 782_287 
2022-04-07 16:06:22,823 - processing completed: 782_287
2022-04-07 16:06:22,826 - processing started: 784_288 
2022-04-07 16:06:22,954 - processing completed: 784_288
2022-04-07 16:06:22,958 - processing started: 786_289 
2022-04-07 16:06:23,022 - processing completed: 786_289
2022-04-07 16:06:23,026 - processing started: 788_290 
2022-04-07 16:06:23,154 - processing completed: 788_290
2022-04-07 16:06:23,158 - processing started: 790_290 
2022-04-07 16:06:23,230 - processing completed: 790_290
2022-04-07 16:06:23,234 - processing started: 792_291 
2022-04-07 16:06:23,382 - processing completed: 792_291
2022-04-07 16:06:23,385 - processing started: 794_292 
2022-04-07 16:06:23,456 - processing completed: 794_292
2022-04-07 16:06:23,461 - processing started: 796_293 
2022-04-07 16:06:23,560 - processing completed: 796_293
2022-04-07 16:06:23,563 - processing started: 798_294 
2022-04-07 16:06:23,605 - processing completed: 798_294
2022-04-07 16:06:23,608 - processing started: 800_295 
2022-04-07 16:06:23,738 - processing completed: 800_295
2022-04-07 16:06:23,741 - processing started: 802_296 
2022-04-07 16:06:23,869 - processing completed: 802_296
2022-04-07 16:06:23,872 - processing started: 804_296 
2022-04-07 16:06:23,936 - processing completed: 804_296
2022-04-07 16:06:23,939 - processing started: 806_297 
2022-04-07 16:06:24,135 - processing completed: 806_297
2022-04-07 16:06:24,140 - processing started: 808_298 
2022-04-07 16:06:24,208 - processing completed: 808_298
2022-04-07 16:06:24,212 - processing started: 810_299 
2022-04-07 16:06:24,328 - processing completed: 810_299
2022-04-07 16:06:24,331 - processing started: 0_0 
2022-04-07 16:06:24,332 - Closing connection (200): Normal shutdown
2022-04-07 16:06:24,332 - Closing channel (200): 'Normal shutdown' on <Channel number=1 OPEN conn=<SelectConnection OPEN transport=<pika.adapters.utils.io_services_utils._AsyncPlaintextTransport object at 0x11b16fd60> params=<ConnectionParameters host=localhost port=5672 virtual_host=/ ssl=False>>>
2022-04-07 16:06:24,333 - Received <Channel.CloseOk> on <Channel number=1 CLOSING conn=<SelectConnection OPEN transport=<pika.adapters.utils.io_services_utils._AsyncPlaintextTransport object at 0x11b16fd60> params=<ConnectionParameters host=localhost port=5672 virtual_host=/ ssl=False>>>
2022-04-07 16:06:24,333 - Closing connection (200): 'Normal shutdown'
2022-04-07 16:06:24,333 - Aborting transport connection: state=1; <socket.socket fd=22, family=AddressFamily.AF_INET, type=SocketKind.SOCK_STREAM, proto=6, laddr=('127.0.0.1', 62945), raddr=('127.0.0.1', 5672)>
2022-04-07 16:06:24,333 - _AsyncTransportBase._initate_abort(): Initiating abrupt asynchronous transport shutdown: state=1; error=None; <socket.socket fd=22, family=AddressFamily.AF_INET, type=SocketKind.SOCK_STREAM, proto=6, laddr=('127.0.0.1', 62945), raddr=('127.0.0.1', 5672)>
2022-04-07 16:06:24,333 - Deactivating transport: state=1; <socket.socket fd=22, family=AddressFamily.AF_INET, type=SocketKind.SOCK_STREAM, proto=6, laddr=('127.0.0.1', 62945), raddr=('127.0.0.1', 5672)>
2022-04-07 16:06:24,333 - AMQP stack terminated, failed to connect, or aborted: opened=True, error-arg=None; pending-error=ConnectionClosedByClient: (200) 'Normal shutdown'
2022-04-07 16:06:24,334 - Stack terminated due to ConnectionClosedByClient: (200) 'Normal shutdown'
2022-04-07 16:06:24,334 - Closing transport socket and unlinking: state=3; <socket.socket fd=22, family=AddressFamily.AF_INET, type=SocketKind.SOCK_STREAM, proto=6, laddr=('127.0.0.1', 62945), raddr=('127.0.0.1', 5672)>
2022-04-07 16:06:24,334 - User-initiated close: result=BlockingConnection__OnClosedArgs(connection=<SelectConnection CLOSED transport=None params=<ConnectionParameters host=localhost port=5672 virtual_host=/ ssl=False>>, error=ConnectionClosedByClient: (200) 'Normal shutdown')
2022-04-07 16:06:24,334 - PID 53917 completed loading and processing
