2022-04-07 19:18:09,867 - PID 93160 started loading and processing
2022-04-07 19:18:09,873 - Pika version 1.2.0 connecting to ('::1', 5672, 0, 0)
2022-04-07 19:18:09,873 - Socket failed to connect: <socket.socket fd=22, family=AddressFamily.AF_INET6, type=SocketKind.SOCK_STREAM, proto=6, laddr=('::1', 63745, 0, 0)>; error=61 (Connection refused)
2022-04-07 19:18:09,873 - TCP Connection attempt failed: ConnectionRefusedError(61, 'Connection refused'); dest=(<AddressFamily.AF_INET6: 30>, <SocketKind.SOCK_STREAM: 1>, 6, '', ('::1', 5672, 0, 0))
2022-04-07 19:18:09,873 - AMQPConnector - reporting failure: AMQPConnectorSocketConnectError: ConnectionRefusedError(61, 'Connection refused')
2022-04-07 19:18:09,874 - Pika version 1.2.0 connecting to ('127.0.0.1', 5672)
2022-04-07 19:18:09,874 - Socket connected: <socket.socket fd=22, family=AddressFamily.AF_INET, type=SocketKind.SOCK_STREAM, proto=6, laddr=('127.0.0.1', 63747), raddr=('127.0.0.1', 5672)>
2022-04-07 19:18:09,875 - Streaming transport linked up: (<pika.adapters.utils.io_services_utils._AsyncPlaintextTransport object at 0x11e06f1c0>, _StreamingProtocolShim: <SelectConnection PROTOCOL transport=<pika.adapters.utils.io_services_utils._AsyncPlaintextTransport object at 0x11e06f1c0> params=<ConnectionParameters host=localhost port=5672 virtual_host=/ ssl=False>>).
2022-04-07 19:18:09,880 - AMQPConnector - reporting success: <SelectConnection OPEN transport=<pika.adapters.utils.io_services_utils._AsyncPlaintextTransport object at 0x11e06f1c0> params=<ConnectionParameters host=localhost port=5672 virtual_host=/ ssl=False>>
2022-04-07 19:18:09,881 - AMQPConnectionWorkflow - reporting success: <SelectConnection OPEN transport=<pika.adapters.utils.io_services_utils._AsyncPlaintextTransport object at 0x11e06f1c0> params=<ConnectionParameters host=localhost port=5672 virtual_host=/ ssl=False>>
2022-04-07 19:18:09,881 - Connection workflow succeeded: <SelectConnection OPEN transport=<pika.adapters.utils.io_services_utils._AsyncPlaintextTransport object at 0x11e06f1c0> params=<ConnectionParameters host=localhost port=5672 virtual_host=/ ssl=False>>
2022-04-07 19:18:09,881 - Created channel=1
2022-04-07 19:18:09,883 - Logging before start consuming
2022-04-07 19:18:11,339 - processing started: 0_000 
2022-04-07 19:18:11,535 - processing completed: 0_000
2022-04-07 19:18:11,554 - processing started: 2_000 
2022-04-07 19:18:11,785 - processing completed: 2_000
2022-04-07 19:18:11,789 - processing started: 4_001 
2022-04-07 19:18:11,997 - processing completed: 4_001
2022-04-07 19:18:12,003 - processing started: 6_002 
2022-04-07 19:18:12,146 - processing completed: 6_002
2022-04-07 19:18:12,151 - processing started: 8_003 
2022-04-07 19:18:12,349 - processing completed: 8_003
2022-04-07 19:18:12,354 - processing started: 10_004 
2022-04-07 19:18:12,509 - processing completed: 10_004
2022-04-07 19:18:12,513 - processing started: 12_005 
2022-04-07 19:18:12,715 - processing completed: 12_005
2022-04-07 19:18:12,720 - processing started: 14_005 
2022-04-07 19:18:12,869 - processing completed: 14_005
2022-04-07 19:18:12,874 - processing started: 16_006 
2022-04-07 19:18:13,084 - processing completed: 16_006
2022-04-07 19:18:13,089 - processing started: 18_007 
2022-04-07 19:18:13,230 - processing completed: 18_007
2022-04-07 19:18:13,234 - processing started: 20_008 
2022-04-07 19:18:13,403 - processing completed: 20_008
2022-04-07 19:18:13,408 - processing started: 22_009 
2022-04-07 19:18:13,549 - processing completed: 22_009
2022-04-07 19:18:13,555 - processing started: 24_009 
2022-04-07 19:18:13,755 - processing completed: 24_009
2022-04-07 19:18:13,760 - processing started: 26_010 
2022-04-07 19:18:13,915 - processing completed: 26_010
2022-04-07 19:18:13,919 - processing started: 28_011 
2022-04-07 19:18:14,134 - processing completed: 28_011
2022-04-07 19:18:14,139 - processing started: 30_012 
2022-04-07 19:18:14,196 - processing completed: 30_012
2022-04-07 19:18:14,198 - processing started: 32_013 
2022-04-07 19:18:14,354 - processing completed: 32_013
2022-04-07 19:18:14,357 - processing started: 34_014 
2022-04-07 19:18:14,502 - processing completed: 34_014
2022-04-07 19:18:14,505 - processing started: 36_014 
2022-04-07 19:18:14,579 - processing completed: 36_014
2022-04-07 19:18:14,583 - processing started: 38_015 
2022-04-07 19:18:14,720 - processing completed: 38_015
2022-04-07 19:18:14,723 - processing started: 40_015 
2022-04-07 19:18:14,806 - processing completed: 40_015
2022-04-07 19:18:14,809 - processing started: 42_015 
2022-04-07 19:18:14,950 - processing completed: 42_015
2022-04-07 19:18:14,954 - processing started: 44_016 
2022-04-07 19:18:15,034 - processing completed: 44_016
2022-04-07 19:18:15,038 - processing started: 46_017 
2022-04-07 19:18:15,190 - processing completed: 46_017
2022-04-07 19:18:15,193 - processing started: 48_018 
2022-04-07 19:18:15,269 - processing completed: 48_018
2022-04-07 19:18:15,272 - processing started: 50_019 
2022-04-07 19:18:15,416 - processing completed: 50_019
2022-04-07 19:18:15,420 - processing started: 52_020 
2022-04-07 19:18:15,497 - processing completed: 52_020
2022-04-07 19:18:15,502 - processing started: 54_021 
2022-04-07 19:18:15,647 - processing completed: 54_021
2022-04-07 19:18:15,651 - processing started: 56_022 
2022-04-07 19:18:15,764 - processing completed: 56_022
2022-04-07 19:18:15,768 - processing started: 58_022 
2022-04-07 19:18:15,937 - processing completed: 58_022
2022-04-07 19:18:15,942 - processing started: 60_023 
2022-04-07 19:18:16,025 - processing completed: 60_023
2022-04-07 19:18:16,028 - processing started: 62_023 
2022-04-07 19:18:16,159 - processing completed: 62_023
2022-04-07 19:18:16,162 - processing started: 64_024 
2022-04-07 19:18:16,301 - processing completed: 64_024
2022-04-07 19:18:16,304 - processing started: 66_025 
2022-04-07 19:18:16,384 - processing completed: 66_025
2022-04-07 19:18:16,388 - processing started: 68_026 
2022-04-07 19:18:16,527 - processing completed: 68_026
2022-04-07 19:18:16,531 - processing started: 70_027 
2022-04-07 19:18:16,608 - processing completed: 70_027
2022-04-07 19:18:16,612 - processing started: 72_028 
2022-04-07 19:18:16,742 - processing completed: 72_028
2022-04-07 19:18:16,746 - processing started: 74_028 
2022-04-07 19:18:16,820 - processing completed: 74_028
2022-04-07 19:18:16,823 - processing started: 76_029 
2022-04-07 19:18:16,972 - processing completed: 76_029
2022-04-07 19:18:16,975 - processing started: 78_030 
2022-04-07 19:18:17,056 - processing completed: 78_030
2022-04-07 19:18:17,060 - processing started: 80_031 
2022-04-07 19:18:17,203 - processing completed: 80_031
2022-04-07 19:18:17,207 - processing started: 82_031 
2022-04-07 19:18:17,287 - processing completed: 82_031
2022-04-07 19:18:17,290 - processing started: 84_032 
2022-04-07 19:18:17,472 - processing completed: 84_032
2022-04-07 19:18:17,477 - processing started: 86_032 
2022-04-07 19:18:17,593 - processing completed: 86_032
2022-04-07 19:18:17,598 - processing started: 88_033 
2022-04-07 19:18:17,739 - processing completed: 88_033
2022-04-07 19:18:17,743 - processing started: 90_033 
2022-04-07 19:18:17,818 - processing completed: 90_033
2022-04-07 19:18:17,822 - processing started: 92_033 
2022-04-07 19:18:17,951 - processing completed: 92_033
2022-04-07 19:18:17,954 - processing started: 94_034 
2022-04-07 19:18:18,106 - processing completed: 94_034
2022-04-07 19:18:18,110 - processing started: 96_035 
2022-04-07 19:18:18,186 - processing completed: 96_035
2022-04-07 19:18:18,190 - processing started: 98_035 
2022-04-07 19:18:18,331 - processing completed: 98_035
2022-04-07 19:18:18,334 - processing started: 100_036 
2022-04-07 19:18:18,410 - processing completed: 100_036
2022-04-07 19:18:18,414 - processing started: 102_037 
2022-04-07 19:18:18,562 - processing completed: 102_037
2022-04-07 19:18:18,566 - processing started: 104_038 
2022-04-07 19:18:18,643 - processing completed: 104_038
2022-04-07 19:18:18,646 - processing started: 106_039 
2022-04-07 19:18:18,792 - processing completed: 106_039
2022-04-07 19:18:18,796 - processing started: 108_039 
2022-04-07 19:18:18,878 - processing completed: 108_039
2022-04-07 19:18:18,881 - processing started: 110_040 
2022-04-07 19:18:19,029 - processing completed: 110_040
2022-04-07 19:18:19,032 - processing started: 112_040 
2022-04-07 19:18:19,110 - processing completed: 112_040
2022-04-07 19:18:19,114 - processing started: 114_040 
2022-04-07 19:18:19,261 - processing completed: 114_040
2022-04-07 19:18:19,265 - processing started: 116_041 
2022-04-07 19:18:19,342 - processing completed: 116_041
2022-04-07 19:18:19,346 - processing started: 118_042 
2022-04-07 19:18:19,484 - processing completed: 118_042
2022-04-07 19:18:19,488 - processing started: 120_042 
2022-04-07 19:18:19,565 - processing completed: 120_042
2022-04-07 19:18:19,568 - processing started: 122_043 
2022-04-07 19:18:19,691 - processing completed: 122_043
2022-04-07 19:18:19,695 - processing started: 124_044 
2022-04-07 19:18:19,834 - processing completed: 124_044
2022-04-07 19:18:19,837 - processing started: 126_044 
2022-04-07 19:18:19,909 - processing completed: 126_044
2022-04-07 19:18:19,913 - processing started: 128_045 
2022-04-07 19:18:20,062 - processing completed: 128_045
2022-04-07 19:18:20,065 - processing started: 130_046 
2022-04-07 19:18:20,145 - processing completed: 130_046
2022-04-07 19:18:20,149 - processing started: 132_047 
2022-04-07 19:18:20,294 - processing completed: 132_047
2022-04-07 19:18:20,298 - processing started: 134_048 
2022-04-07 19:18:20,374 - processing completed: 134_048
2022-04-07 19:18:20,377 - processing started: 136_048 
2022-04-07 19:18:20,515 - processing completed: 136_048
2022-04-07 19:18:20,518 - processing started: 138_049 
2022-04-07 19:18:20,598 - processing completed: 138_049
2022-04-07 19:18:20,601 - processing started: 140_050 
2022-04-07 19:18:20,742 - processing completed: 140_050
2022-04-07 19:18:20,745 - processing started: 142_050 
2022-04-07 19:18:20,820 - processing completed: 142_050
2022-04-07 19:18:20,824 - processing started: 144_051 
2022-04-07 19:18:20,966 - processing completed: 144_051
2022-04-07 19:18:20,969 - processing started: 146_051 
2022-04-07 19:18:21,051 - processing completed: 146_051
2022-04-07 19:18:21,055 - processing started: 148_052 
2022-04-07 19:18:21,202 - processing completed: 148_052
2022-04-07 19:18:21,206 - processing started: 150_053 
2022-04-07 19:18:21,284 - processing completed: 150_053
2022-04-07 19:18:21,288 - processing started: 152_054 
2022-04-07 19:18:21,413 - processing completed: 152_054
2022-04-07 19:18:21,417 - processing started: 154_055 
2022-04-07 19:18:21,571 - processing completed: 154_055
2022-04-07 19:18:21,574 - processing started: 156_056 
2022-04-07 19:18:21,655 - processing completed: 156_056
2022-04-07 19:18:21,658 - processing started: 158_057 
2022-04-07 19:18:21,796 - processing completed: 158_057
2022-04-07 19:18:21,800 - processing started: 160_058 
2022-04-07 19:18:21,928 - processing completed: 160_058
2022-04-07 19:18:21,932 - processing started: 162_058 
2022-04-07 19:18:22,108 - processing completed: 162_058
2022-04-07 19:18:22,112 - processing started: 164_059 
2022-04-07 19:18:22,191 - processing completed: 164_059
2022-04-07 19:18:22,195 - processing started: 166_060 
2022-04-07 19:18:22,320 - processing completed: 166_060
2022-04-07 19:18:22,324 - processing started: 168_061 
2022-04-07 19:18:22,400 - processing completed: 168_061
2022-04-07 19:18:22,403 - processing started: 170_062 
2022-04-07 19:18:22,536 - processing completed: 170_062
2022-04-07 19:18:22,539 - processing started: 172_062 
2022-04-07 19:18:22,619 - processing completed: 172_062
2022-04-07 19:18:22,622 - processing started: 174_063 
2022-04-07 19:18:22,824 - processing completed: 174_063
2022-04-07 19:18:22,828 - processing started: 176_064 
2022-04-07 19:18:22,979 - processing completed: 176_064
2022-04-07 19:18:22,983 - processing started: 178_064 
2022-04-07 19:18:23,194 - processing completed: 178_064
2022-04-07 19:18:23,200 - processing started: 180_065 
2022-04-07 19:18:23,413 - processing completed: 180_065
2022-04-07 19:18:23,418 - processing started: 182_066 
2022-04-07 19:18:23,575 - processing completed: 182_066
2022-04-07 19:18:23,580 - processing started: 184_066 
2022-04-07 19:18:23,785 - processing completed: 184_066
2022-04-07 19:18:23,790 - processing started: 186_066 
2022-04-07 19:18:23,943 - processing completed: 186_066
2022-04-07 19:18:23,948 - processing started: 188_067 
2022-04-07 19:18:24,043 - processing completed: 188_067
2022-04-07 19:18:24,045 - processing started: 190_067 
2022-04-07 19:18:24,155 - processing completed: 190_067
2022-04-07 19:18:24,159 - processing started: 192_067 
2022-04-07 19:18:24,372 - processing completed: 192_067
2022-04-07 19:18:24,377 - processing started: 194_068 
2022-04-07 19:18:24,484 - processing completed: 194_068
2022-04-07 19:18:24,489 - processing started: 196_069 
2022-04-07 19:18:24,651 - processing completed: 196_069
2022-04-07 19:18:24,655 - processing started: 198_069 
2022-04-07 19:18:24,764 - processing completed: 198_069
2022-04-07 19:18:24,768 - processing started: 200_070 
2022-04-07 19:18:24,858 - processing completed: 200_070
2022-04-07 19:18:24,861 - processing started: 202_071 
2022-04-07 19:18:25,021 - processing completed: 202_071
2022-04-07 19:18:25,026 - processing started: 204_072 
2022-04-07 19:18:25,238 - processing completed: 204_072
2022-04-07 19:18:25,244 - processing started: 206_072 
2022-04-07 19:18:25,403 - processing completed: 206_072
2022-04-07 19:18:25,408 - processing started: 208_073 
2022-04-07 19:18:25,616 - processing completed: 208_073
2022-04-07 19:18:25,621 - processing started: 210_074 
2022-04-07 19:18:25,836 - processing completed: 210_074
2022-04-07 19:18:25,842 - processing started: 212_075 
2022-04-07 19:18:26,000 - processing completed: 212_075
2022-04-07 19:18:26,005 - processing started: 214_076 
2022-04-07 19:18:26,222 - processing completed: 214_076
2022-04-07 19:18:26,227 - processing started: 216_077 
2022-04-07 19:18:26,383 - processing completed: 216_077
2022-04-07 19:18:26,387 - processing started: 218_078 
2022-04-07 19:18:26,605 - processing completed: 218_078
2022-04-07 19:18:26,610 - processing started: 220_079 
2022-04-07 19:18:26,761 - processing completed: 220_079
2022-04-07 19:18:26,766 - processing started: 222_079 
2022-04-07 19:18:26,973 - processing completed: 222_079
2022-04-07 19:18:26,978 - processing started: 224_080 
2022-04-07 19:18:27,052 - processing completed: 224_080
2022-04-07 19:18:27,055 - processing started: 226_081 
2022-04-07 19:18:27,204 - processing completed: 226_081
2022-04-07 19:18:27,209 - processing started: 228_081 
2022-04-07 19:18:27,302 - processing completed: 228_081
2022-04-07 19:18:27,306 - processing started: 230_081 
2022-04-07 19:18:27,458 - processing completed: 230_081
2022-04-07 19:18:27,462 - processing started: 232_082 
2022-04-07 19:18:27,560 - processing completed: 232_082
2022-04-07 19:18:27,564 - processing started: 234_082 
2022-04-07 19:18:27,708 - processing completed: 234_082
2022-04-07 19:18:27,712 - processing started: 236_083 
2022-04-07 19:18:27,804 - processing completed: 236_083
2022-04-07 19:18:27,808 - processing started: 238_084 
2022-04-07 19:18:27,952 - processing completed: 238_084
2022-04-07 19:18:27,957 - processing started: 240_085 
2022-04-07 19:18:28,103 - processing completed: 240_085
2022-04-07 19:18:28,107 - processing started: 242_086 
2022-04-07 19:18:28,214 - processing completed: 242_086
2022-04-07 19:18:28,218 - processing started: 244_087 
2022-04-07 19:18:28,364 - processing completed: 244_087
2022-04-07 19:18:28,368 - processing started: 246_088 
2022-04-07 19:18:28,462 - processing completed: 246_088
2022-04-07 19:18:28,466 - processing started: 248_088 
2022-04-07 19:18:28,624 - processing completed: 248_088
2022-04-07 19:18:28,627 - processing started: 250_089 
2022-04-07 19:18:28,684 - processing completed: 250_089
2022-04-07 19:18:28,687 - processing started: 252_090 
2022-04-07 19:18:28,798 - processing completed: 252_090
2022-04-07 19:18:28,801 - processing started: 254_091 
2022-04-07 19:18:28,859 - processing completed: 254_091
2022-04-07 19:18:28,862 - processing started: 256_092 
2022-04-07 19:18:28,975 - processing completed: 256_092
2022-04-07 19:18:28,978 - processing started: 258_093 
2022-04-07 19:18:29,051 - processing completed: 258_093
2022-04-07 19:18:29,055 - processing started: 260_094 
2022-04-07 19:18:29,178 - processing completed: 260_094
2022-04-07 19:18:29,182 - processing started: 262_094 
2022-04-07 19:18:29,253 - processing completed: 262_094
2022-04-07 19:18:29,257 - processing started: 264_095 
2022-04-07 19:18:29,379 - processing completed: 264_095
2022-04-07 19:18:29,383 - processing started: 266_096 
2022-04-07 19:18:29,456 - processing completed: 266_096
2022-04-07 19:18:29,460 - processing started: 268_097 
2022-04-07 19:18:29,590 - processing completed: 268_097
2022-04-07 19:18:29,594 - processing started: 270_098 
2022-04-07 19:18:29,721 - processing completed: 270_098
2022-04-07 19:18:29,724 - processing started: 272_099 
2022-04-07 19:18:29,785 - processing completed: 272_099
2022-04-07 19:18:29,788 - processing started: 274_100 
2022-04-07 19:18:29,933 - processing completed: 274_100
2022-04-07 19:18:29,938 - processing started: 276_101 
2022-04-07 19:18:30,004 - processing completed: 276_101
2022-04-07 19:18:30,008 - processing started: 278_102 
2022-04-07 19:18:30,128 - processing completed: 278_102
2022-04-07 19:18:30,131 - processing started: 280_103 
2022-04-07 19:18:30,188 - processing completed: 280_103
2022-04-07 19:18:30,192 - processing started: 282_103 
2022-04-07 19:18:30,312 - processing completed: 282_103
2022-04-07 19:18:30,316 - processing started: 284_104 
2022-04-07 19:18:30,377 - processing completed: 284_104
2022-04-07 19:18:30,380 - processing started: 286_105 
2022-04-07 19:18:30,503 - processing completed: 286_105
2022-04-07 19:18:30,506 - processing started: 288_106 
2022-04-07 19:18:30,567 - processing completed: 288_106
2022-04-07 19:18:30,571 - processing started: 290_107 
2022-04-07 19:18:30,692 - processing completed: 290_107
2022-04-07 19:18:30,695 - processing started: 292_108 
2022-04-07 19:18:30,753 - processing completed: 292_108
2022-04-07 19:18:30,757 - processing started: 294_108 
2022-04-07 19:18:30,868 - processing completed: 294_108
2022-04-07 19:18:30,871 - processing started: 296_109 
2022-04-07 19:18:30,930 - processing completed: 296_109
2022-04-07 19:18:30,933 - processing started: 298_110 
2022-04-07 19:18:31,054 - processing completed: 298_110
2022-04-07 19:18:31,058 - processing started: 300_111 
2022-04-07 19:18:31,172 - processing completed: 300_111
2022-04-07 19:18:31,176 - processing started: 302_112 
2022-04-07 19:18:31,236 - processing completed: 302_112
2022-04-07 19:18:31,240 - processing started: 304_113 
2022-04-07 19:18:31,353 - processing completed: 304_113
2022-04-07 19:18:31,356 - processing started: 306_114 
2022-04-07 19:18:31,450 - processing completed: 306_114
2022-04-07 19:18:31,454 - processing started: 308_115 
2022-04-07 19:18:31,604 - processing completed: 308_115
2022-04-07 19:18:31,609 - processing started: 310_116 
2022-04-07 19:18:31,703 - processing completed: 310_116
2022-04-07 19:18:31,708 - processing started: 312_117 
2022-04-07 19:18:31,856 - processing completed: 312_117
2022-04-07 19:18:31,859 - processing started: 314_117 
2022-04-07 19:18:31,952 - processing completed: 314_117
2022-04-07 19:18:31,956 - processing started: 316_118 
2022-04-07 19:18:32,104 - processing completed: 316_118
2022-04-07 19:18:32,109 - processing started: 318_119 
2022-04-07 19:18:32,203 - processing completed: 318_119
2022-04-07 19:18:32,207 - processing started: 320_120 
2022-04-07 19:18:32,332 - processing completed: 320_120
2022-04-07 19:18:32,335 - processing started: 322_120 
2022-04-07 19:18:32,407 - processing completed: 322_120
2022-04-07 19:18:32,410 - processing started: 324_121 
2022-04-07 19:18:32,559 - processing completed: 324_121
2022-04-07 19:18:32,563 - processing started: 326_122 
2022-04-07 19:18:32,658 - processing completed: 326_122
2022-04-07 19:18:32,662 - processing started: 328_123 
2022-04-07 19:18:32,810 - processing completed: 328_123
2022-04-07 19:18:32,815 - processing started: 330_123 
2022-04-07 19:18:32,972 - processing completed: 330_123
2022-04-07 19:18:32,976 - processing started: 332_124 
2022-04-07 19:18:33,072 - processing completed: 332_124
2022-04-07 19:18:33,076 - processing started: 334_124 
2022-04-07 19:18:33,227 - processing completed: 334_124
2022-04-07 19:18:33,231 - processing started: 336_124 
2022-04-07 19:18:33,326 - processing completed: 336_124
2022-04-07 19:18:33,330 - processing started: 338_124 
2022-04-07 19:18:33,482 - processing completed: 338_124
2022-04-07 19:18:33,486 - processing started: 340_125 
2022-04-07 19:18:33,582 - processing completed: 340_125
2022-04-07 19:18:33,587 - processing started: 342_126 
2022-04-07 19:18:33,738 - processing completed: 342_126
2022-04-07 19:18:33,741 - processing started: 344_126 
2022-04-07 19:18:33,837 - processing completed: 344_126
2022-04-07 19:18:33,840 - processing started: 346_127 
2022-04-07 19:18:33,986 - processing completed: 346_127
2022-04-07 19:18:33,990 - processing started: 348_128 
2022-04-07 19:18:34,083 - processing completed: 348_128
2022-04-07 19:18:34,087 - processing started: 350_129 
2022-04-07 19:18:34,230 - processing completed: 350_129
2022-04-07 19:18:34,234 - processing started: 352_130 
2022-04-07 19:18:34,325 - processing completed: 352_130
2022-04-07 19:18:34,330 - processing started: 354_131 
2022-04-07 19:18:34,476 - processing completed: 354_131
2022-04-07 19:18:34,480 - processing started: 356_132 
2022-04-07 19:18:34,574 - processing completed: 356_132
2022-04-07 19:18:34,578 - processing started: 358_133 
2022-04-07 19:18:34,722 - processing completed: 358_133
2022-04-07 19:18:34,727 - processing started: 360_134 
2022-04-07 19:18:34,875 - processing completed: 360_134
2022-04-07 19:18:34,879 - processing started: 362_134 
2022-04-07 19:18:34,970 - processing completed: 362_134
2022-04-07 19:18:34,975 - processing started: 364_134 
2022-04-07 19:18:35,121 - processing completed: 364_134
2022-04-07 19:18:35,125 - processing started: 366_135 
2022-04-07 19:18:35,215 - processing completed: 366_135
2022-04-07 19:18:35,220 - processing started: 368_136 
2022-04-07 19:18:35,365 - processing completed: 368_136
2022-04-07 19:18:35,368 - processing started: 370_137 
2022-04-07 19:18:35,460 - processing completed: 370_137
2022-04-07 19:18:35,463 - processing started: 372_138 
2022-04-07 19:18:35,608 - processing completed: 372_138
2022-04-07 19:18:35,611 - processing started: 374_139 
2022-04-07 19:18:35,702 - processing completed: 374_139
2022-04-07 19:18:35,706 - processing started: 376_140 
2022-04-07 19:18:35,857 - processing completed: 376_140
2022-04-07 19:18:35,862 - processing started: 378_140 
2022-04-07 19:18:35,954 - processing completed: 378_140
2022-04-07 19:18:35,958 - processing started: 380_141 
2022-04-07 19:18:36,104 - processing completed: 380_141
2022-04-07 19:18:36,108 - processing started: 382_142 
2022-04-07 19:18:36,198 - processing completed: 382_142
2022-04-07 19:18:36,202 - processing started: 384_143 
2022-04-07 19:18:36,347 - processing completed: 384_143
2022-04-07 19:18:36,350 - processing started: 386_144 
2022-04-07 19:18:36,444 - processing completed: 386_144
2022-04-07 19:18:36,447 - processing started: 388_145 
2022-04-07 19:18:36,594 - processing completed: 388_145
2022-04-07 19:18:36,598 - processing started: 390_145 
2022-04-07 19:18:36,746 - processing completed: 390_145
2022-04-07 19:18:36,750 - processing started: 392_145 
2022-04-07 19:18:36,847 - processing completed: 392_145
2022-04-07 19:18:36,852 - processing started: 394_146 
2022-04-07 19:18:37,000 - processing completed: 394_146
2022-04-07 19:18:37,004 - processing started: 396_147 
2022-04-07 19:18:37,097 - processing completed: 396_147
2022-04-07 19:18:37,101 - processing started: 398_147 
2022-04-07 19:18:37,253 - processing completed: 398_147
2022-04-07 19:18:37,258 - processing started: 400_148 
2022-04-07 19:18:37,351 - processing completed: 400_148
2022-04-07 19:18:37,354 - processing started: 402_149 
2022-04-07 19:18:37,505 - processing completed: 402_149
2022-04-07 19:18:37,509 - processing started: 404_149 
2022-04-07 19:18:37,603 - processing completed: 404_149
2022-04-07 19:18:37,607 - processing started: 406_150 
2022-04-07 19:18:37,756 - processing completed: 406_150
2022-04-07 19:18:37,760 - processing started: 408_151 
2022-04-07 19:18:37,859 - processing completed: 408_151
2022-04-07 19:18:37,864 - processing started: 410_152 
2022-04-07 19:18:38,029 - processing completed: 410_152
2022-04-07 19:18:38,034 - processing started: 412_153 
2022-04-07 19:18:38,128 - processing completed: 412_153
2022-04-07 19:18:38,132 - processing started: 414_154 
2022-04-07 19:18:38,280 - processing completed: 414_154
2022-04-07 19:18:38,284 - processing started: 416_155 
2022-04-07 19:18:38,379 - processing completed: 416_155
2022-04-07 19:18:38,384 - processing started: 418_156 
2022-04-07 19:18:38,533 - processing completed: 418_156
2022-04-07 19:18:38,537 - processing started: 420_157 
2022-04-07 19:18:38,688 - processing completed: 420_157
2022-04-07 19:18:38,692 - processing started: 422_157 
2022-04-07 19:18:38,786 - processing completed: 422_157
2022-04-07 19:18:38,790 - processing started: 424_158 
2022-04-07 19:18:38,942 - processing completed: 424_158
2022-04-07 19:18:38,945 - processing started: 426_159 
2022-04-07 19:18:39,044 - processing completed: 426_159
2022-04-07 19:18:39,049 - processing started: 428_160 
2022-04-07 19:18:39,196 - processing completed: 428_160
2022-04-07 19:18:39,201 - processing started: 430_160 
2022-04-07 19:18:39,296 - processing completed: 430_160
2022-04-07 19:18:39,301 - processing started: 432_161 
2022-04-07 19:18:39,448 - processing completed: 432_161
2022-04-07 19:18:39,452 - processing started: 434_162 
2022-04-07 19:18:39,547 - processing completed: 434_162
2022-04-07 19:18:39,551 - processing started: 436_163 
2022-04-07 19:18:39,697 - processing completed: 436_163
2022-04-07 19:18:39,701 - processing started: 438_164 
2022-04-07 19:18:39,794 - processing completed: 438_164
2022-04-07 19:18:39,798 - processing started: 440_165 
2022-04-07 19:18:39,948 - processing completed: 440_165
2022-04-07 19:18:39,952 - processing started: 442_166 
2022-04-07 19:18:40,050 - processing completed: 442_166
2022-04-07 19:18:40,055 - processing started: 444_167 
2022-04-07 19:18:40,202 - processing completed: 444_167
2022-04-07 19:18:40,207 - processing started: 446_167 
2022-04-07 19:18:40,356 - processing completed: 446_167
2022-04-07 19:18:40,360 - processing started: 448_168 
2022-04-07 19:18:40,454 - processing completed: 448_168
2022-04-07 19:18:40,458 - processing started: 450_168 
2022-04-07 19:18:40,611 - processing completed: 450_168
2022-04-07 19:18:40,615 - processing started: 452_169 
2022-04-07 19:18:40,708 - processing completed: 452_169
2022-04-07 19:18:40,712 - processing started: 454_170 
2022-04-07 19:18:40,860 - processing completed: 454_170
2022-04-07 19:18:40,865 - processing started: 456_171 
2022-04-07 19:18:40,962 - processing completed: 456_171
2022-04-07 19:18:40,966 - processing started: 458_171 
2022-04-07 19:18:41,121 - processing completed: 458_171
2022-04-07 19:18:41,126 - processing started: 460_172 
2022-04-07 19:18:41,220 - processing completed: 460_172
2022-04-07 19:18:41,223 - processing started: 462_173 
2022-04-07 19:18:41,372 - processing completed: 462_173
2022-04-07 19:18:41,376 - processing started: 464_174 
2022-04-07 19:18:41,469 - processing completed: 464_174
2022-04-07 19:18:41,473 - processing started: 466_174 
2022-04-07 19:18:41,622 - processing completed: 466_174
2022-04-07 19:18:41,626 - processing started: 468_175 
2022-04-07 19:18:41,719 - processing completed: 468_175
2022-04-07 19:18:41,724 - processing started: 470_176 
2022-04-07 19:18:41,869 - processing completed: 470_176
2022-04-07 19:18:41,873 - processing started: 472_177 
2022-04-07 19:18:41,969 - processing completed: 472_177
2022-04-07 19:18:41,973 - processing started: 474_178 
2022-04-07 19:18:42,122 - processing completed: 474_178
2022-04-07 19:18:42,127 - processing started: 476_178 
2022-04-07 19:18:42,280 - processing completed: 476_178
2022-04-07 19:18:42,284 - processing started: 478_179 
2022-04-07 19:18:42,379 - processing completed: 478_179
2022-04-07 19:18:42,383 - processing started: 480_180 
2022-04-07 19:18:42,535 - processing completed: 480_180
2022-04-07 19:18:42,539 - processing started: 482_180 
2022-04-07 19:18:42,632 - processing completed: 482_180
2022-04-07 19:18:42,636 - processing started: 484_181 
2022-04-07 19:18:42,784 - processing completed: 484_181
2022-04-07 19:18:42,788 - processing started: 486_182 
2022-04-07 19:18:42,879 - processing completed: 486_182
2022-04-07 19:18:42,883 - processing started: 488_183 
2022-04-07 19:18:43,032 - processing completed: 488_183
2022-04-07 19:18:43,036 - processing started: 490_183 
2022-04-07 19:18:43,127 - processing completed: 490_183
2022-04-07 19:18:43,131 - processing started: 492_184 
2022-04-07 19:18:43,280 - processing completed: 492_184
2022-04-07 19:18:43,283 - processing started: 494_184 
2022-04-07 19:18:43,375 - processing completed: 494_184
2022-04-07 19:18:43,380 - processing started: 496_185 
2022-04-07 19:18:43,527 - processing completed: 496_185
2022-04-07 19:18:43,531 - processing started: 498_186 
2022-04-07 19:18:43,624 - processing completed: 498_186
2022-04-07 19:18:43,629 - processing started: 500_187 
2022-04-07 19:18:43,772 - processing completed: 500_187
2022-04-07 19:18:43,775 - processing started: 502_188 
2022-04-07 19:18:43,867 - processing completed: 502_188
2022-04-07 19:18:43,871 - processing started: 504_188 
2022-04-07 19:18:44,021 - processing completed: 504_188
2022-04-07 19:18:44,025 - processing started: 506_189 
2022-04-07 19:18:44,152 - processing completed: 506_189
2022-04-07 19:18:44,155 - processing started: 508_190 
2022-04-07 19:18:44,250 - processing completed: 508_190
2022-04-07 19:18:44,254 - processing started: 510_191 
2022-04-07 19:18:44,399 - processing completed: 510_191
2022-04-07 19:18:44,403 - processing started: 512_192 
2022-04-07 19:18:44,493 - processing completed: 512_192
2022-04-07 19:18:44,498 - processing started: 514_192 
2022-04-07 19:18:44,643 - processing completed: 514_192
2022-04-07 19:18:44,647 - processing started: 516_193 
2022-04-07 19:18:44,741 - processing completed: 516_193
2022-04-07 19:18:44,745 - processing started: 518_194 
2022-04-07 19:18:44,893 - processing completed: 518_194
2022-04-07 19:18:44,898 - processing started: 520_195 
2022-04-07 19:18:44,993 - processing completed: 520_195
2022-04-07 19:18:44,997 - processing started: 522_196 
2022-04-07 19:18:45,144 - processing completed: 522_196
2022-04-07 19:18:45,148 - processing started: 524_196 
2022-04-07 19:18:45,242 - processing completed: 524_196
2022-04-07 19:18:45,246 - processing started: 526_196 
2022-04-07 19:18:45,396 - processing completed: 526_196
2022-04-07 19:18:45,400 - processing started: 528_197 
2022-04-07 19:18:45,497 - processing completed: 528_197
2022-04-07 19:18:45,502 - processing started: 530_197 
2022-04-07 19:18:45,648 - processing completed: 530_197
2022-04-07 19:18:45,653 - processing started: 532_198 
2022-04-07 19:18:45,746 - processing completed: 532_198
2022-04-07 19:18:45,750 - processing started: 534_199 
2022-04-07 19:18:45,896 - processing completed: 534_199
2022-04-07 19:18:45,900 - processing started: 536_200 
2022-04-07 19:18:46,053 - processing completed: 536_200
2022-04-07 19:18:46,058 - processing started: 538_201 
2022-04-07 19:18:46,151 - processing completed: 538_201
2022-04-07 19:18:46,156 - processing started: 540_202 
2022-04-07 19:18:46,306 - processing completed: 540_202
2022-04-07 19:18:46,311 - processing started: 542_203 
2022-04-07 19:18:46,404 - processing completed: 542_203
2022-04-07 19:18:46,408 - processing started: 544_204 
2022-04-07 19:18:46,558 - processing completed: 544_204
2022-04-07 19:18:46,563 - processing started: 546_205 
2022-04-07 19:18:46,657 - processing completed: 546_205
2022-04-07 19:18:46,661 - processing started: 548_206 
2022-04-07 19:18:46,809 - processing completed: 548_206
2022-04-07 19:18:46,812 - processing started: 550_207 
2022-04-07 19:18:46,906 - processing completed: 550_207
2022-04-07 19:18:46,910 - processing started: 552_207 
2022-04-07 19:18:47,060 - processing completed: 552_207
2022-04-07 19:18:47,064 - processing started: 554_208 
2022-04-07 19:18:47,158 - processing completed: 554_208
2022-04-07 19:18:47,162 - processing started: 556_209 
2022-04-07 19:18:47,309 - processing completed: 556_209
2022-04-07 19:18:47,313 - processing started: 558_210 
2022-04-07 19:18:47,409 - processing completed: 558_210
2022-04-07 19:18:47,414 - processing started: 560_211 
2022-04-07 19:18:47,563 - processing completed: 560_211
2022-04-07 19:18:47,566 - processing started: 562_212 
2022-04-07 19:18:47,660 - processing completed: 562_212
2022-04-07 19:18:47,665 - processing started: 564_213 
2022-04-07 19:18:47,814 - processing completed: 564_213
2022-04-07 19:18:47,818 - processing started: 566_214 
2022-04-07 19:18:47,970 - processing completed: 566_214
2022-04-07 19:18:47,974 - processing started: 568_214 
2022-04-07 19:18:48,068 - processing completed: 568_214
2022-04-07 19:18:48,072 - processing started: 570_214 
2022-04-07 19:18:48,221 - processing completed: 570_214
2022-04-07 19:18:48,225 - processing started: 572_215 
2022-04-07 19:18:48,319 - processing completed: 572_215
2022-04-07 19:18:48,323 - processing started: 574_216 
2022-04-07 19:18:48,475 - processing completed: 574_216
2022-04-07 19:18:48,479 - processing started: 576_217 
2022-04-07 19:18:48,581 - processing completed: 576_217
2022-04-07 19:18:48,585 - processing started: 578_218 
2022-04-07 19:18:48,731 - processing completed: 578_218
2022-04-07 19:18:48,735 - processing started: 580_219 
2022-04-07 19:18:48,829 - processing completed: 580_219
2022-04-07 19:18:48,833 - processing started: 582_220 
2022-04-07 19:18:48,979 - processing completed: 582_220
2022-04-07 19:18:48,984 - processing started: 584_221 
2022-04-07 19:18:49,080 - processing completed: 584_221
2022-04-07 19:18:49,084 - processing started: 586_221 
2022-04-07 19:18:49,231 - processing completed: 586_221
2022-04-07 19:18:49,235 - processing started: 588_222 
2022-04-07 19:18:49,330 - processing completed: 588_222
2022-04-07 19:18:49,334 - processing started: 590_222 
2022-04-07 19:18:49,486 - processing completed: 590_222
2022-04-07 19:18:49,490 - processing started: 592_223 
2022-04-07 19:18:49,568 - processing completed: 592_223
2022-04-07 19:18:49,573 - processing started: 594_224 
2022-04-07 19:18:49,747 - processing completed: 594_224
2022-04-07 19:18:49,751 - processing started: 596_224 
2022-04-07 19:18:49,918 - processing completed: 596_224
2022-04-07 19:18:49,921 - processing started: 598_225 
2022-04-07 19:18:49,999 - processing completed: 598_225
2022-04-07 19:18:50,002 - processing started: 600_225 
2022-04-07 19:18:50,135 - processing completed: 600_225
2022-04-07 19:18:50,138 - processing started: 602_226 
2022-04-07 19:18:50,216 - processing completed: 602_226
2022-04-07 19:18:50,219 - processing started: 604_226 
2022-04-07 19:18:50,351 - processing completed: 604_226
2022-04-07 19:18:50,354 - processing started: 606_227 
2022-04-07 19:18:50,449 - processing completed: 606_227
2022-04-07 19:18:50,452 - processing started: 608_227 
2022-04-07 19:18:50,603 - processing completed: 608_227
2022-04-07 19:18:50,607 - processing started: 610_227 
2022-04-07 19:18:50,685 - processing completed: 610_227
2022-04-07 19:18:50,688 - processing started: 612_227 
2022-04-07 19:18:50,869 - processing completed: 612_227
2022-04-07 19:18:50,873 - processing started: 614_227 
2022-04-07 19:18:50,950 - processing completed: 614_227
2022-04-07 19:18:50,953 - processing started: 616_228 
2022-04-07 19:18:51,083 - processing completed: 616_228
2022-04-07 19:18:51,086 - processing started: 618_229 
2022-04-07 19:18:51,164 - processing completed: 618_229
2022-04-07 19:18:51,167 - processing started: 620_230 
2022-04-07 19:18:51,294 - processing completed: 620_230
2022-04-07 19:18:51,297 - processing started: 622_230 
2022-04-07 19:18:51,373 - processing completed: 622_230
2022-04-07 19:18:51,376 - processing started: 624_231 
2022-04-07 19:18:51,509 - processing completed: 624_231
2022-04-07 19:18:51,512 - processing started: 626_232 
2022-04-07 19:18:51,648 - processing completed: 626_232
2022-04-07 19:18:51,651 - processing started: 628_232 
2022-04-07 19:18:51,723 - processing completed: 628_232
2022-04-07 19:18:51,726 - processing started: 630_232 
2022-04-07 19:18:51,860 - processing completed: 630_232
2022-04-07 19:18:51,862 - processing started: 632_233 
2022-04-07 19:18:51,935 - processing completed: 632_233
2022-04-07 19:18:51,938 - processing started: 634_234 
2022-04-07 19:18:52,065 - processing completed: 634_234
2022-04-07 19:18:52,068 - processing started: 636_234 
2022-04-07 19:18:52,141 - processing completed: 636_234
2022-04-07 19:18:52,144 - processing started: 638_235 
2022-04-07 19:18:52,291 - processing completed: 638_235
2022-04-07 19:18:52,294 - processing started: 640_236 
2022-04-07 19:18:52,387 - processing completed: 640_236
2022-04-07 19:18:52,391 - processing started: 642_236 
2022-04-07 19:18:52,547 - processing completed: 642_236
2022-04-07 19:18:52,550 - processing started: 644_237 
2022-04-07 19:18:52,645 - processing completed: 644_237
2022-04-07 19:18:52,649 - processing started: 646_238 
2022-04-07 19:18:52,798 - processing completed: 646_238
2022-04-07 19:18:52,801 - processing started: 648_239 
2022-04-07 19:18:52,895 - processing completed: 648_239
2022-04-07 19:18:52,898 - processing started: 650_240 
2022-04-07 19:18:53,048 - processing completed: 650_240
2022-04-07 19:18:53,051 - processing started: 652_240 
2022-04-07 19:18:53,144 - processing completed: 652_240
2022-04-07 19:18:53,147 - processing started: 654_241 
2022-04-07 19:18:53,293 - processing completed: 654_241
2022-04-07 19:18:53,297 - processing started: 656_242 
2022-04-07 19:18:53,445 - processing completed: 656_242
2022-04-07 19:18:53,448 - processing started: 658_243 
2022-04-07 19:18:53,542 - processing completed: 658_243
2022-04-07 19:18:53,545 - processing started: 660_243 
2022-04-07 19:18:53,697 - processing completed: 660_243
2022-04-07 19:18:53,701 - processing started: 662_244 
2022-04-07 19:18:53,766 - processing completed: 662_244
2022-04-07 19:18:53,769 - processing started: 664_245 
2022-04-07 19:18:53,884 - processing completed: 664_245
2022-04-07 19:18:53,887 - processing started: 666_246 
2022-04-07 19:18:53,949 - processing completed: 666_246
2022-04-07 19:18:53,951 - processing started: 668_247 
2022-04-07 19:18:54,071 - processing completed: 668_247
2022-04-07 19:18:54,074 - processing started: 670_248 
2022-04-07 19:18:54,130 - processing completed: 670_248
2022-04-07 19:18:54,133 - processing started: 672_248 
2022-04-07 19:18:54,246 - processing completed: 672_248
2022-04-07 19:18:54,249 - processing started: 674_249 
2022-04-07 19:18:54,308 - processing completed: 674_249
2022-04-07 19:18:54,311 - processing started: 676_250 
2022-04-07 19:18:54,424 - processing completed: 676_250
2022-04-07 19:18:54,427 - processing started: 678_251 
2022-04-07 19:18:54,488 - processing completed: 678_251
2022-04-07 19:18:54,492 - processing started: 680_252 
2022-04-07 19:18:54,604 - processing completed: 680_252
2022-04-07 19:18:54,607 - processing started: 682_252 
2022-04-07 19:18:54,664 - processing completed: 682_252
2022-04-07 19:18:54,668 - processing started: 684_253 
2022-04-07 19:18:54,808 - processing completed: 684_253
2022-04-07 19:18:54,812 - processing started: 686_254 
2022-04-07 19:18:54,945 - processing completed: 686_254
2022-04-07 19:18:54,948 - processing started: 688_255 
2022-04-07 19:18:55,028 - processing completed: 688_255
2022-04-07 19:18:55,032 - processing started: 690_256 
2022-04-07 19:18:55,169 - processing completed: 690_256
2022-04-07 19:18:55,173 - processing started: 692_257 
2022-04-07 19:18:55,252 - processing completed: 692_257
2022-04-07 19:18:55,255 - processing started: 694_257 
2022-04-07 19:18:55,389 - processing completed: 694_257
2022-04-07 19:18:55,392 - processing started: 696_258 
2022-04-07 19:18:55,472 - processing completed: 696_258
2022-04-07 19:18:55,475 - processing started: 698_258 
2022-04-07 19:18:55,611 - processing completed: 698_258
2022-04-07 19:18:55,615 - processing started: 700_259 
2022-04-07 19:18:55,686 - processing completed: 700_259
2022-04-07 19:18:55,690 - processing started: 702_260 
2022-04-07 19:18:55,830 - processing completed: 702_260
2022-04-07 19:18:55,833 - processing started: 704_261 
2022-04-07 19:18:55,918 - processing completed: 704_261
2022-04-07 19:18:55,921 - processing started: 706_261 
2022-04-07 19:18:56,065 - processing completed: 706_261
2022-04-07 19:18:56,068 - processing started: 708_262 
2022-04-07 19:18:56,142 - processing completed: 708_262
2022-04-07 19:18:56,146 - processing started: 710_263 
2022-04-07 19:18:56,288 - processing completed: 710_263
2022-04-07 19:18:56,291 - processing started: 712_264 
2022-04-07 19:18:56,419 - processing completed: 712_264
2022-04-07 19:18:56,424 - processing started: 714_264 
2022-04-07 19:18:56,498 - processing completed: 714_264
2022-04-07 19:18:56,503 - processing started: 716_265 
2022-04-07 19:18:56,631 - processing completed: 716_265
2022-04-07 19:18:56,634 - processing started: 718_266 
2022-04-07 19:18:56,709 - processing completed: 718_266
2022-04-07 19:18:56,713 - processing started: 720_267 
2022-04-07 19:18:56,847 - processing completed: 720_267
2022-04-07 19:18:56,850 - processing started: 722_267 
2022-04-07 19:18:56,925 - processing completed: 722_267
2022-04-07 19:18:56,929 - processing started: 724_267 
2022-04-07 19:18:57,060 - processing completed: 724_267
2022-04-07 19:18:57,064 - processing started: 726_268 
2022-04-07 19:18:57,141 - processing completed: 726_268
2022-04-07 19:18:57,145 - processing started: 728_268 
2022-04-07 19:18:57,278 - processing completed: 728_268
2022-04-07 19:18:57,282 - processing started: 730_268 
2022-04-07 19:18:57,356 - processing completed: 730_268
2022-04-07 19:18:57,360 - processing started: 732_268 
2022-04-07 19:18:57,490 - processing completed: 732_268
2022-04-07 19:18:57,494 - processing started: 734_268 
2022-04-07 19:18:57,568 - processing completed: 734_268
2022-04-07 19:18:57,572 - processing started: 736_269 
2022-04-07 19:18:57,700 - processing completed: 736_269
2022-04-07 19:18:57,704 - processing started: 738_270 
2022-04-07 19:18:57,787 - processing completed: 738_270
2022-04-07 19:18:57,790 - processing started: 740_271 
2022-04-07 19:18:57,943 - processing completed: 740_271
2022-04-07 19:18:57,946 - processing started: 742_272 
2022-04-07 19:18:58,073 - processing completed: 742_272
2022-04-07 19:18:58,076 - processing started: 744_272 
2022-04-07 19:18:58,146 - processing completed: 744_272
2022-04-07 19:18:58,150 - processing started: 746_273 
2022-04-07 19:18:58,280 - processing completed: 746_273
2022-04-07 19:18:58,284 - processing started: 748_274 
2022-04-07 19:18:58,353 - processing completed: 748_274
2022-04-07 19:18:58,357 - processing started: 750_274 
2022-04-07 19:18:58,483 - processing completed: 750_274
2022-04-07 19:18:58,487 - processing started: 752_275 
2022-04-07 19:18:58,561 - processing completed: 752_275
2022-04-07 19:18:58,564 - processing started: 754_275 
2022-04-07 19:18:58,691 - processing completed: 754_275
2022-04-07 19:18:58,696 - processing started: 756_276 
2022-04-07 19:18:58,769 - processing completed: 756_276
2022-04-07 19:18:58,772 - processing started: 758_277 
2022-04-07 19:18:58,906 - processing completed: 758_277
2022-04-07 19:18:58,909 - processing started: 760_278 
2022-04-07 19:18:58,997 - processing completed: 760_278
2022-04-07 19:18:59,001 - processing started: 762_278 
2022-04-07 19:18:59,140 - processing completed: 762_278
2022-04-07 19:18:59,144 - processing started: 764_279 
2022-04-07 19:18:59,219 - processing completed: 764_279
2022-04-07 19:18:59,222 - processing started: 766_280 
2022-04-07 19:18:59,348 - processing completed: 766_280
2022-04-07 19:18:59,352 - processing started: 768_281 
2022-04-07 19:18:59,419 - processing completed: 768_281
2022-04-07 19:18:59,422 - processing started: 770_282 
2022-04-07 19:18:59,544 - processing completed: 770_282
2022-04-07 19:18:59,547 - processing started: 772_283 
2022-04-07 19:18:59,680 - processing completed: 772_283
2022-04-07 19:18:59,683 - processing started: 774_284 
2022-04-07 19:18:59,744 - processing completed: 774_284
2022-04-07 19:18:59,748 - processing started: 776_285 
2022-04-07 19:18:59,865 - processing completed: 776_285
2022-04-07 19:18:59,868 - processing started: 778_285 
2022-04-07 19:18:59,935 - processing completed: 778_285
2022-04-07 19:18:59,938 - processing started: 780_286 
2022-04-07 19:19:00,136 - processing completed: 780_286
2022-04-07 19:19:00,140 - processing started: 782_287 
2022-04-07 19:19:00,201 - processing completed: 782_287
2022-04-07 19:19:00,204 - processing started: 784_288 
2022-04-07 19:19:00,334 - processing completed: 784_288
2022-04-07 19:19:00,337 - processing started: 786_289 
2022-04-07 19:19:00,400 - processing completed: 786_289
2022-04-07 19:19:00,403 - processing started: 788_290 
2022-04-07 19:19:00,540 - processing completed: 788_290
2022-04-07 19:19:00,543 - processing started: 790_290 
2022-04-07 19:19:00,609 - processing completed: 790_290
2022-04-07 19:19:00,612 - processing started: 792_291 
2022-04-07 19:19:00,733 - processing completed: 792_291
2022-04-07 19:19:00,736 - processing started: 794_292 
2022-04-07 19:19:00,795 - processing completed: 794_292
2022-04-07 19:19:00,799 - processing started: 796_293 
2022-04-07 19:19:00,898 - processing completed: 796_293
2022-04-07 19:19:00,900 - processing started: 798_294 
2022-04-07 19:19:00,939 - processing completed: 798_294
2022-04-07 19:19:00,941 - processing started: 800_295 
2022-04-07 19:19:01,059 - processing completed: 800_295
2022-04-07 19:19:01,062 - processing started: 802_296 
2022-04-07 19:19:01,183 - processing completed: 802_296
2022-04-07 19:19:01,186 - processing started: 804_296 
2022-04-07 19:19:01,245 - processing completed: 804_296
2022-04-07 19:19:01,247 - processing started: 806_297 
2022-04-07 19:19:01,433 - processing completed: 806_297
2022-04-07 19:19:01,437 - processing started: 808_298 
2022-04-07 19:19:01,498 - processing completed: 808_298
2022-04-07 19:19:01,502 - processing started: 810_299 
2022-04-07 19:19:01,613 - processing completed: 810_299
2022-04-07 19:19:01,615 - processing started: 0_0 
2022-04-07 19:19:01,616 - Closing connection (200): Normal shutdown
2022-04-07 19:19:01,616 - Closing channel (200): 'Normal shutdown' on <Channel number=1 OPEN conn=<SelectConnection OPEN transport=<pika.adapters.utils.io_services_utils._AsyncPlaintextTransport object at 0x11e06f1c0> params=<ConnectionParameters host=localhost port=5672 virtual_host=/ ssl=False>>>
2022-04-07 19:19:01,617 - Received <Channel.CloseOk> on <Channel number=1 CLOSING conn=<SelectConnection OPEN transport=<pika.adapters.utils.io_services_utils._AsyncPlaintextTransport object at 0x11e06f1c0> params=<ConnectionParameters host=localhost port=5672 virtual_host=/ ssl=False>>>
2022-04-07 19:19:01,617 - Closing connection (200): 'Normal shutdown'
2022-04-07 19:19:01,617 - Aborting transport connection: state=1; <socket.socket fd=22, family=AddressFamily.AF_INET, type=SocketKind.SOCK_STREAM, proto=6, laddr=('127.0.0.1', 63747), raddr=('127.0.0.1', 5672)>
2022-04-07 19:19:01,617 - _AsyncTransportBase._initate_abort(): Initiating abrupt asynchronous transport shutdown: state=1; error=None; <socket.socket fd=22, family=AddressFamily.AF_INET, type=SocketKind.SOCK_STREAM, proto=6, laddr=('127.0.0.1', 63747), raddr=('127.0.0.1', 5672)>
2022-04-07 19:19:01,617 - Deactivating transport: state=1; <socket.socket fd=22, family=AddressFamily.AF_INET, type=SocketKind.SOCK_STREAM, proto=6, laddr=('127.0.0.1', 63747), raddr=('127.0.0.1', 5672)>
2022-04-07 19:19:01,618 - AMQP stack terminated, failed to connect, or aborted: opened=True, error-arg=None; pending-error=ConnectionClosedByClient: (200) 'Normal shutdown'
2022-04-07 19:19:01,618 - Stack terminated due to ConnectionClosedByClient: (200) 'Normal shutdown'
2022-04-07 19:19:01,618 - Closing transport socket and unlinking: state=3; <socket.socket fd=22, family=AddressFamily.AF_INET, type=SocketKind.SOCK_STREAM, proto=6, laddr=('127.0.0.1', 63747), raddr=('127.0.0.1', 5672)>
2022-04-07 19:19:01,618 - User-initiated close: result=BlockingConnection__OnClosedArgs(connection=<SelectConnection CLOSED transport=None params=<ConnectionParameters host=localhost port=5672 virtual_host=/ ssl=False>>, error=ConnectionClosedByClient: (200) 'Normal shutdown')
2022-04-07 19:19:01,618 - PID 93160 completed loading and processing
