2022-04-07 19:20:25,916 - PID 93642 started loading and processing
2022-04-07 19:20:25,921 - Pika version 1.2.0 connecting to ('::1', 5672, 0, 0)
2022-04-07 19:20:25,922 - Socket failed to connect: <socket.socket fd=22, family=AddressFamily.AF_INET6, type=SocketKind.SOCK_STREAM, proto=6, laddr=('::1', 63786, 0, 0)>; error=61 (Connection refused)
2022-04-07 19:20:25,922 - TCP Connection attempt failed: ConnectionRefusedError(61, 'Connection refused'); dest=(<AddressFamily.AF_INET6: 30>, <SocketKind.SOCK_STREAM: 1>, 6, '', ('::1', 5672, 0, 0))
2022-04-07 19:20:25,922 - AMQPConnector - reporting failure: AMQPConnectorSocketConnectError: ConnectionRefusedError(61, 'Connection refused')
2022-04-07 19:20:25,922 - Pika version 1.2.0 connecting to ('127.0.0.1', 5672)
2022-04-07 19:20:25,922 - Socket connected: <socket.socket fd=22, family=AddressFamily.AF_INET, type=SocketKind.SOCK_STREAM, proto=6, laddr=('127.0.0.1', 63787), raddr=('127.0.0.1', 5672)>
2022-04-07 19:20:25,923 - Streaming transport linked up: (<pika.adapters.utils.io_services_utils._AsyncPlaintextTransport object at 0x118d3c1c0>, _StreamingProtocolShim: <SelectConnection PROTOCOL transport=<pika.adapters.utils.io_services_utils._AsyncPlaintextTransport object at 0x118d3c1c0> params=<ConnectionParameters host=localhost port=5672 virtual_host=/ ssl=False>>).
2022-04-07 19:20:25,926 - AMQPConnector - reporting success: <SelectConnection OPEN transport=<pika.adapters.utils.io_services_utils._AsyncPlaintextTransport object at 0x118d3c1c0> params=<ConnectionParameters host=localhost port=5672 virtual_host=/ ssl=False>>
2022-04-07 19:20:25,926 - AMQPConnectionWorkflow - reporting success: <SelectConnection OPEN transport=<pika.adapters.utils.io_services_utils._AsyncPlaintextTransport object at 0x118d3c1c0> params=<ConnectionParameters host=localhost port=5672 virtual_host=/ ssl=False>>
2022-04-07 19:20:25,926 - Connection workflow succeeded: <SelectConnection OPEN transport=<pika.adapters.utils.io_services_utils._AsyncPlaintextTransport object at 0x118d3c1c0> params=<ConnectionParameters host=localhost port=5672 virtual_host=/ ssl=False>>
2022-04-07 19:20:25,926 - Created channel=1
2022-04-07 19:20:25,928 - Logging before start consuming
2022-04-07 19:20:26,497 - processing started: 1_000 
2022-04-07 19:20:26,689 - processing completed: 1_000
2022-04-07 19:20:26,709 - processing started: 3_001 
2022-04-07 19:20:26,923 - processing completed: 3_001
2022-04-07 19:20:26,928 - processing started: 5_002 
2022-04-07 19:20:27,149 - processing completed: 5_002
2022-04-07 19:20:27,153 - processing started: 7_003 
2022-04-07 19:20:27,295 - processing completed: 7_003
2022-04-07 19:20:27,300 - processing started: 9_003 
2022-04-07 19:20:27,505 - processing completed: 9_003
2022-04-07 19:20:27,510 - processing started: 11_004 
2022-04-07 19:20:27,545 - processing completed: 11_004
2022-04-07 19:20:27,548 - processing started: 13_005 
2022-04-07 19:20:27,746 - processing completed: 13_005
2022-04-07 19:20:27,751 - processing started: 15_005 
2022-04-07 19:20:27,894 - processing completed: 15_005
2022-04-07 19:20:27,898 - processing started: 17_006 
2022-04-07 19:20:28,043 - processing completed: 17_006
2022-04-07 19:20:28,046 - processing started: 19_007 
2022-04-07 19:20:28,194 - processing completed: 19_007
2022-04-07 19:20:28,198 - processing started: 21_008 
2022-04-07 19:20:28,397 - processing completed: 21_008
2022-04-07 19:20:28,402 - processing started: 23_009 
2022-04-07 19:20:28,561 - processing completed: 23_009
2022-04-07 19:20:28,565 - processing started: 25_010 
2022-04-07 19:20:28,758 - processing completed: 25_010
2022-04-07 19:20:28,763 - processing started: 27_011 
2022-04-07 19:20:28,911 - processing completed: 27_011
2022-04-07 19:20:28,915 - processing started: 29_012 
2022-04-07 19:20:29,037 - processing completed: 29_012
2022-04-07 19:20:29,041 - processing started: 31_013 
2022-04-07 19:20:29,147 - processing completed: 31_013
2022-04-07 19:20:29,150 - processing started: 33_014 
2022-04-07 19:20:29,291 - processing completed: 33_014
2022-04-07 19:20:29,296 - processing started: 35_014 
2022-04-07 19:20:29,426 - processing completed: 35_014
2022-04-07 19:20:29,429 - processing started: 37_014 
2022-04-07 19:20:29,504 - processing completed: 37_014
2022-04-07 19:20:29,507 - processing started: 39_015 
2022-04-07 19:20:29,648 - processing completed: 39_015
2022-04-07 19:20:29,653 - processing started: 41_015 
2022-04-07 19:20:29,744 - processing completed: 41_015
2022-04-07 19:20:29,748 - processing started: 43_016 
2022-04-07 19:20:29,894 - processing completed: 43_016
2022-04-07 19:20:29,897 - processing started: 45_017 
2022-04-07 19:20:29,983 - processing completed: 45_017
2022-04-07 19:20:29,987 - processing started: 47_017 
2022-04-07 19:20:30,146 - processing completed: 47_017
2022-04-07 19:20:30,150 - processing started: 49_018 
2022-04-07 19:20:30,228 - processing completed: 49_018
2022-04-07 19:20:30,231 - processing started: 51_019 
2022-04-07 19:20:30,366 - processing completed: 51_019
2022-04-07 19:20:30,369 - processing started: 53_020 
2022-04-07 19:20:30,443 - processing completed: 53_020
2022-04-07 19:20:30,447 - processing started: 55_021 
2022-04-07 19:20:30,601 - processing completed: 55_021
2022-04-07 19:20:30,604 - processing started: 57_022 
2022-04-07 19:20:30,681 - processing completed: 57_022
2022-04-07 19:20:30,684 - processing started: 59_023 
2022-04-07 19:20:30,832 - processing completed: 59_023
2022-04-07 19:20:30,835 - processing started: 61_023 
2022-04-07 19:20:30,909 - processing completed: 61_023
2022-04-07 19:20:30,912 - processing started: 63_024 
2022-04-07 19:20:31,044 - processing completed: 63_024
2022-04-07 19:20:31,047 - processing started: 65_024 
2022-04-07 19:20:31,181 - processing completed: 65_024
2022-04-07 19:20:31,184 - processing started: 67_025 
2022-04-07 19:20:31,261 - processing completed: 67_025
2022-04-07 19:20:31,264 - processing started: 69_026 
2022-04-07 19:20:31,397 - processing completed: 69_026
2022-04-07 19:20:31,401 - processing started: 71_027 
2022-04-07 19:20:31,475 - processing completed: 71_027
2022-04-07 19:20:31,479 - processing started: 73_028 
2022-04-07 19:20:31,610 - processing completed: 73_028
2022-04-07 19:20:31,613 - processing started: 75_029 
2022-04-07 19:20:31,689 - processing completed: 75_029
2022-04-07 19:20:31,693 - processing started: 77_030 
2022-04-07 19:20:31,822 - processing completed: 77_030
2022-04-07 19:20:31,825 - processing started: 79_030 
2022-04-07 19:20:31,899 - processing completed: 79_030
2022-04-07 19:20:31,902 - processing started: 81_031 
2022-04-07 19:20:32,038 - processing completed: 81_031
2022-04-07 19:20:32,041 - processing started: 83_032 
2022-04-07 19:20:32,155 - processing completed: 83_032
2022-04-07 19:20:32,159 - processing started: 85_032 
2022-04-07 19:20:32,330 - processing completed: 85_032
2022-04-07 19:20:32,334 - processing started: 87_032 
2022-04-07 19:20:32,451 - processing completed: 87_032
2022-04-07 19:20:32,455 - processing started: 89_033 
2022-04-07 19:20:32,596 - processing completed: 89_033
2022-04-07 19:20:32,600 - processing started: 91_033 
2022-04-07 19:20:32,677 - processing completed: 91_033
2022-04-07 19:20:32,680 - processing started: 93_034 
2022-04-07 19:20:32,816 - processing completed: 93_034
2022-04-07 19:20:32,819 - processing started: 95_035 
2022-04-07 19:20:32,952 - processing completed: 95_035
2022-04-07 19:20:32,955 - processing started: 97_035 
2022-04-07 19:20:33,037 - processing completed: 97_035
2022-04-07 19:20:33,040 - processing started: 99_036 
2022-04-07 19:20:33,180 - processing completed: 99_036
2022-04-07 19:20:33,184 - processing started: 101_037 
2022-04-07 19:20:33,270 - processing completed: 101_037
2022-04-07 19:20:33,274 - processing started: 103_037 
2022-04-07 19:20:33,412 - processing completed: 103_037
2022-04-07 19:20:33,415 - processing started: 105_038 
2022-04-07 19:20:33,496 - processing completed: 105_038
2022-04-07 19:20:33,500 - processing started: 107_039 
2022-04-07 19:20:33,642 - processing completed: 107_039
2022-04-07 19:20:33,645 - processing started: 109_040 
2022-04-07 19:20:33,726 - processing completed: 109_040
2022-04-07 19:20:33,729 - processing started: 111_040 
2022-04-07 19:20:33,870 - processing completed: 111_040
2022-04-07 19:20:33,873 - processing started: 113_040 
2022-04-07 19:20:33,955 - processing completed: 113_040
2022-04-07 19:20:33,958 - processing started: 115_040 
2022-04-07 19:20:34,097 - processing completed: 115_040
2022-04-07 19:20:34,100 - processing started: 117_041 
2022-04-07 19:20:34,182 - processing completed: 117_041
2022-04-07 19:20:34,185 - processing started: 119_042 
2022-04-07 19:20:34,323 - processing completed: 119_042
2022-04-07 19:20:34,327 - processing started: 121_042 
2022-04-07 19:20:34,406 - processing completed: 121_042
2022-04-07 19:20:34,410 - processing started: 123_043 
2022-04-07 19:20:34,541 - processing completed: 123_043
2022-04-07 19:20:34,544 - processing started: 125_044 
2022-04-07 19:20:34,672 - processing completed: 125_044
2022-04-07 19:20:34,674 - processing started: 127_045 
2022-04-07 19:20:34,752 - processing completed: 127_045
2022-04-07 19:20:34,756 - processing started: 129_045 
2022-04-07 19:20:34,889 - processing completed: 129_045
2022-04-07 19:20:34,892 - processing started: 131_046 
2022-04-07 19:20:34,971 - processing completed: 131_046
2022-04-07 19:20:34,974 - processing started: 133_047 
2022-04-07 19:20:35,112 - processing completed: 133_047
2022-04-07 19:20:35,115 - processing started: 135_048 
2022-04-07 19:20:35,194 - processing completed: 135_048
2022-04-07 19:20:35,198 - processing started: 137_049 
2022-04-07 19:20:35,337 - processing completed: 137_049
2022-04-07 19:20:35,340 - processing started: 139_049 
2022-04-07 19:20:35,428 - processing completed: 139_049
2022-04-07 19:20:35,432 - processing started: 141_050 
2022-04-07 19:20:35,572 - processing completed: 141_050
2022-04-07 19:20:35,575 - processing started: 143_051 
2022-04-07 19:20:35,656 - processing completed: 143_051
2022-04-07 19:20:35,659 - processing started: 145_051 
2022-04-07 19:20:35,792 - processing completed: 145_051
2022-04-07 19:20:35,795 - processing started: 147_051 
2022-04-07 19:20:35,878 - processing completed: 147_051
2022-04-07 19:20:35,881 - processing started: 149_052 
2022-04-07 19:20:36,017 - processing completed: 149_052
2022-04-07 19:20:36,020 - processing started: 151_053 
2022-04-07 19:20:36,101 - processing completed: 151_053
2022-04-07 19:20:36,105 - processing started: 153_054 
2022-04-07 19:20:36,239 - processing completed: 153_054
2022-04-07 19:20:36,243 - processing started: 155_055 
2022-04-07 19:20:36,380 - processing completed: 155_055
2022-04-07 19:20:36,383 - processing started: 157_056 
2022-04-07 19:20:36,473 - processing completed: 157_056
2022-04-07 19:20:36,476 - processing started: 159_057 
2022-04-07 19:20:36,613 - processing completed: 159_057
2022-04-07 19:20:36,617 - processing started: 161_058 
2022-04-07 19:20:36,743 - processing completed: 161_058
2022-04-07 19:20:36,748 - processing started: 163_059 
2022-04-07 19:20:36,889 - processing completed: 163_059
2022-04-07 19:20:36,892 - processing started: 165_060 
2022-04-07 19:20:36,972 - processing completed: 165_060
2022-04-07 19:20:36,975 - processing started: 167_060 
2022-04-07 19:20:37,109 - processing completed: 167_060
2022-04-07 19:20:37,112 - processing started: 169_061 
2022-04-07 19:20:37,194 - processing completed: 169_061
2022-04-07 19:20:37,197 - processing started: 171_062 
2022-04-07 19:20:37,329 - processing completed: 171_062
2022-04-07 19:20:37,333 - processing started: 173_063 
2022-04-07 19:20:37,492 - processing completed: 173_063
2022-04-07 19:20:37,498 - processing started: 175_064 
2022-04-07 19:20:37,708 - processing completed: 175_064
2022-04-07 19:20:37,712 - processing started: 177_064 
2022-04-07 19:20:37,869 - processing completed: 177_064
2022-04-07 19:20:37,874 - processing started: 179_065 
2022-04-07 19:20:38,084 - processing completed: 179_065
2022-04-07 19:20:38,089 - processing started: 181_066 
2022-04-07 19:20:38,308 - processing completed: 181_066
2022-04-07 19:20:38,313 - processing started: 183_066 
2022-04-07 19:20:38,472 - processing completed: 183_066
2022-04-07 19:20:38,478 - processing started: 185_066 
2022-04-07 19:20:38,693 - processing completed: 185_066
2022-04-07 19:20:38,698 - processing started: 187_066 
2022-04-07 19:20:38,819 - processing completed: 187_066
2022-04-07 19:20:38,824 - processing started: 189_067 
2022-04-07 19:20:39,033 - processing completed: 189_067
2022-04-07 19:20:39,038 - processing started: 191_067 
2022-04-07 19:20:39,190 - processing completed: 191_067
2022-04-07 19:20:39,195 - processing started: 193_068 
2022-04-07 19:20:39,353 - processing completed: 193_068
2022-04-07 19:20:39,357 - processing started: 195_069 
2022-04-07 19:20:39,463 - processing completed: 195_069
2022-04-07 19:20:39,468 - processing started: 197_069 
2022-04-07 19:20:39,634 - processing completed: 197_069
2022-04-07 19:20:39,638 - processing started: 199_070 
2022-04-07 19:20:39,789 - processing completed: 199_070
2022-04-07 19:20:39,794 - processing started: 201_071 
2022-04-07 19:20:40,005 - processing completed: 201_071
2022-04-07 19:20:40,010 - processing started: 203_072 
2022-04-07 19:20:40,156 - processing completed: 203_072
2022-04-07 19:20:40,161 - processing started: 205_072 
2022-04-07 19:20:40,373 - processing completed: 205_072
2022-04-07 19:20:40,378 - processing started: 207_073 
2022-04-07 19:20:40,528 - processing completed: 207_073
2022-04-07 19:20:40,534 - processing started: 209_074 
2022-04-07 19:20:40,751 - processing completed: 209_074
2022-04-07 19:20:40,756 - processing started: 211_075 
2022-04-07 19:20:40,974 - processing completed: 211_075
2022-04-07 19:20:40,980 - processing started: 213_076 
2022-04-07 19:20:41,130 - processing completed: 213_076
2022-04-07 19:20:41,135 - processing started: 215_077 
2022-04-07 19:20:41,293 - processing completed: 215_077
2022-04-07 19:20:41,298 - processing started: 217_077 
2022-04-07 19:20:41,447 - processing completed: 217_077
2022-04-07 19:20:41,453 - processing started: 219_078 
2022-04-07 19:20:41,668 - processing completed: 219_078
2022-04-07 19:20:41,673 - processing started: 221_079 
2022-04-07 19:20:41,823 - processing completed: 221_079
2022-04-07 19:20:41,828 - processing started: 223_080 
2022-04-07 19:20:41,953 - processing completed: 223_080
2022-04-07 19:20:41,957 - processing started: 225_081 
2022-04-07 19:20:42,050 - processing completed: 225_081
2022-04-07 19:20:42,054 - processing started: 227_081 
2022-04-07 19:20:42,199 - processing completed: 227_081
2022-04-07 19:20:42,203 - processing started: 229_081 
2022-04-07 19:20:42,295 - processing completed: 229_081
2022-04-07 19:20:42,299 - processing started: 231_081 
2022-04-07 19:20:42,445 - processing completed: 231_081
2022-04-07 19:20:42,449 - processing started: 233_082 
2022-04-07 19:20:42,542 - processing completed: 233_082
2022-04-07 19:20:42,546 - processing started: 235_082 
2022-04-07 19:20:42,692 - processing completed: 235_082
2022-04-07 19:20:42,695 - processing started: 237_083 
2022-04-07 19:20:42,787 - processing completed: 237_083
2022-04-07 19:20:42,791 - processing started: 239_084 
2022-04-07 19:20:42,936 - processing completed: 239_084
2022-04-07 19:20:42,940 - processing started: 241_085 
2022-04-07 19:20:43,087 - processing completed: 241_085
2022-04-07 19:20:43,091 - processing started: 243_086 
2022-04-07 19:20:43,199 - processing completed: 243_086
2022-04-07 19:20:43,203 - processing started: 245_087 
2022-04-07 19:20:43,347 - processing completed: 245_087
2022-04-07 19:20:43,351 - processing started: 247_088 
2022-04-07 19:20:43,445 - processing completed: 247_088
2022-04-07 19:20:43,449 - processing started: 249_089 
2022-04-07 19:20:43,564 - processing completed: 249_089
2022-04-07 19:20:43,567 - processing started: 251_089 
2022-04-07 19:20:43,623 - processing completed: 251_089
2022-04-07 19:20:43,627 - processing started: 253_090 
2022-04-07 19:20:43,748 - processing completed: 253_090
2022-04-07 19:20:43,751 - processing started: 255_091 
2022-04-07 19:20:43,812 - processing completed: 255_091
2022-04-07 19:20:43,816 - processing started: 257_092 
2022-04-07 19:20:43,929 - processing completed: 257_092
2022-04-07 19:20:43,933 - processing started: 259_093 
2022-04-07 19:20:44,005 - processing completed: 259_093
2022-04-07 19:20:44,009 - processing started: 261_094 
2022-04-07 19:20:44,133 - processing completed: 261_094
2022-04-07 19:20:44,137 - processing started: 263_095 
2022-04-07 19:20:44,206 - processing completed: 263_095
2022-04-07 19:20:44,210 - processing started: 265_096 
2022-04-07 19:20:44,331 - processing completed: 265_096
2022-04-07 19:20:44,335 - processing started: 267_097 
2022-04-07 19:20:44,407 - processing completed: 267_097
2022-04-07 19:20:44,410 - processing started: 269_098 
2022-04-07 19:20:44,536 - processing completed: 269_098
2022-04-07 19:20:44,540 - processing started: 271_098 
2022-04-07 19:20:44,676 - processing completed: 271_098
2022-04-07 19:20:44,680 - processing started: 273_099 
2022-04-07 19:20:44,741 - processing completed: 273_099
2022-04-07 19:20:44,745 - processing started: 275_100 
2022-04-07 19:20:44,899 - processing completed: 275_100
2022-04-07 19:20:44,902 - processing started: 277_101 
2022-04-07 19:20:44,967 - processing completed: 277_101
2022-04-07 19:20:44,970 - processing started: 279_102 
2022-04-07 19:20:45,093 - processing completed: 279_102
2022-04-07 19:20:45,096 - processing started: 281_103 
2022-04-07 19:20:45,160 - processing completed: 281_103
2022-04-07 19:20:45,163 - processing started: 283_104 
2022-04-07 19:20:45,278 - processing completed: 283_104
2022-04-07 19:20:45,281 - processing started: 285_105 
2022-04-07 19:20:45,344 - processing completed: 285_105
2022-04-07 19:20:45,347 - processing started: 287_106 
2022-04-07 19:20:45,465 - processing completed: 287_106
2022-04-07 19:20:45,468 - processing started: 289_107 
2022-04-07 19:20:45,531 - processing completed: 289_107
2022-04-07 19:20:45,535 - processing started: 291_107 
2022-04-07 19:20:45,652 - processing completed: 291_107
2022-04-07 19:20:45,654 - processing started: 293_108 
2022-04-07 19:20:45,715 - processing completed: 293_108
2022-04-07 19:20:45,717 - processing started: 295_109 
2022-04-07 19:20:45,825 - processing completed: 295_109
2022-04-07 19:20:45,829 - processing started: 297_110 
2022-04-07 19:20:45,894 - processing completed: 297_110
2022-04-07 19:20:45,898 - processing started: 299_110 
2022-04-07 19:20:46,015 - processing completed: 299_110
2022-04-07 19:20:46,017 - processing started: 301_111 
2022-04-07 19:20:46,145 - processing completed: 301_111
2022-04-07 19:20:46,149 - processing started: 303_112 
2022-04-07 19:20:46,210 - processing completed: 303_112
2022-04-07 19:20:46,213 - processing started: 305_113 
2022-04-07 19:20:46,327 - processing completed: 305_113
2022-04-07 19:20:46,330 - processing started: 307_114 
2022-04-07 19:20:46,423 - processing completed: 307_114
2022-04-07 19:20:46,427 - processing started: 309_115 
2022-04-07 19:20:46,577 - processing completed: 309_115
2022-04-07 19:20:46,581 - processing started: 311_116 
2022-04-07 19:20:46,674 - processing completed: 311_116
2022-04-07 19:20:46,678 - processing started: 313_117 
2022-04-07 19:20:46,824 - processing completed: 313_117
2022-04-07 19:20:46,828 - processing started: 315_117 
2022-04-07 19:20:46,923 - processing completed: 315_117
2022-04-07 19:20:46,926 - processing started: 317_118 
2022-04-07 19:20:47,074 - processing completed: 317_118
2022-04-07 19:20:47,079 - processing started: 319_119 
2022-04-07 19:20:47,173 - processing completed: 319_119
2022-04-07 19:20:47,176 - processing started: 321_120 
2022-04-07 19:20:47,299 - processing completed: 321_120
2022-04-07 19:20:47,302 - processing started: 323_120 
2022-04-07 19:20:47,374 - processing completed: 323_120
2022-04-07 19:20:47,378 - processing started: 325_121 
2022-04-07 19:20:47,526 - processing completed: 325_121
2022-04-07 19:20:47,530 - processing started: 327_122 
2022-04-07 19:20:47,622 - processing completed: 327_122
2022-04-07 19:20:47,626 - processing started: 329_123 
2022-04-07 19:20:47,771 - processing completed: 329_123
2022-04-07 19:20:47,775 - processing started: 331_124 
2022-04-07 19:20:47,925 - processing completed: 331_124
2022-04-07 19:20:47,930 - processing started: 333_124 
2022-04-07 19:20:48,026 - processing completed: 333_124
2022-04-07 19:20:48,030 - processing started: 335_124 
2022-04-07 19:20:48,179 - processing completed: 335_124
2022-04-07 19:20:48,183 - processing started: 337_124 
2022-04-07 19:20:48,275 - processing completed: 337_124
2022-04-07 19:20:48,278 - processing started: 339_124 
2022-04-07 19:20:48,423 - processing completed: 339_124
2022-04-07 19:20:48,427 - processing started: 341_125 
2022-04-07 19:20:48,519 - processing completed: 341_125
2022-04-07 19:20:48,524 - processing started: 343_126 
2022-04-07 19:20:48,669 - processing completed: 343_126
2022-04-07 19:20:48,674 - processing started: 345_127 
2022-04-07 19:20:48,764 - processing completed: 345_127
2022-04-07 19:20:48,769 - processing started: 347_128 
2022-04-07 19:20:48,912 - processing completed: 347_128
2022-04-07 19:20:48,915 - processing started: 349_129 
2022-04-07 19:20:49,011 - processing completed: 349_129
2022-04-07 19:20:49,015 - processing started: 351_129 
2022-04-07 19:20:49,159 - processing completed: 351_129
2022-04-07 19:20:49,162 - processing started: 353_130 
2022-04-07 19:20:49,252 - processing completed: 353_130
2022-04-07 19:20:49,256 - processing started: 355_131 
2022-04-07 19:20:49,398 - processing completed: 355_131
2022-04-07 19:20:49,402 - processing started: 357_132 
2022-04-07 19:20:49,495 - processing completed: 357_132
2022-04-07 19:20:49,499 - processing started: 359_133 
2022-04-07 19:20:49,643 - processing completed: 359_133
2022-04-07 19:20:49,647 - processing started: 361_134 
2022-04-07 19:20:49,794 - processing completed: 361_134
2022-04-07 19:20:49,799 - processing started: 363_134 
2022-04-07 19:20:49,889 - processing completed: 363_134
2022-04-07 19:20:49,893 - processing started: 365_135 
2022-04-07 19:20:50,045 - processing completed: 365_135
2022-04-07 19:20:50,050 - processing started: 367_135 
2022-04-07 19:20:50,141 - processing completed: 367_135
2022-04-07 19:20:50,145 - processing started: 369_136 
2022-04-07 19:20:50,288 - processing completed: 369_136
2022-04-07 19:20:50,291 - processing started: 371_137 
2022-04-07 19:20:50,380 - processing completed: 371_137
2022-04-07 19:20:50,384 - processing started: 373_138 
2022-04-07 19:20:50,529 - processing completed: 373_138
2022-04-07 19:20:50,532 - processing started: 375_139 
2022-04-07 19:20:50,624 - processing completed: 375_139
2022-04-07 19:20:50,628 - processing started: 377_140 
2022-04-07 19:20:50,775 - processing completed: 377_140
2022-04-07 19:20:50,778 - processing started: 379_141 
2022-04-07 19:20:50,871 - processing completed: 379_141
2022-04-07 19:20:50,875 - processing started: 381_142 
2022-04-07 19:20:51,022 - processing completed: 381_142
2022-04-07 19:20:51,026 - processing started: 383_143 
2022-04-07 19:20:51,123 - processing completed: 383_143
2022-04-07 19:20:51,127 - processing started: 385_144 
2022-04-07 19:20:51,272 - processing completed: 385_144
2022-04-07 19:20:51,276 - processing started: 387_144 
2022-04-07 19:20:51,370 - processing completed: 387_144
2022-04-07 19:20:51,375 - processing started: 389_145 
2022-04-07 19:20:51,521 - processing completed: 389_145
2022-04-07 19:20:51,525 - processing started: 391_145 
2022-04-07 19:20:51,680 - processing completed: 391_145
2022-04-07 19:20:51,684 - processing started: 393_146 
2022-04-07 19:20:51,776 - processing completed: 393_146
2022-04-07 19:20:51,781 - processing started: 395_147 
2022-04-07 19:20:51,928 - processing completed: 395_147
2022-04-07 19:20:51,932 - processing started: 397_147 
2022-04-07 19:20:52,026 - processing completed: 397_147
2022-04-07 19:20:52,030 - processing started: 399_148 
2022-04-07 19:20:52,181 - processing completed: 399_148
2022-04-07 19:20:52,185 - processing started: 401_149 
2022-04-07 19:20:52,279 - processing completed: 401_149
2022-04-07 19:20:52,284 - processing started: 403_149 
2022-04-07 19:20:52,429 - processing completed: 403_149
2022-04-07 19:20:52,433 - processing started: 405_150 
2022-04-07 19:20:52,530 - processing completed: 405_150
2022-04-07 19:20:52,534 - processing started: 407_151 
2022-04-07 19:20:52,681 - processing completed: 407_151
2022-04-07 19:20:52,684 - processing started: 409_152 
2022-04-07 19:20:52,777 - processing completed: 409_152
2022-04-07 19:20:52,781 - processing started: 411_153 
2022-04-07 19:20:52,945 - processing completed: 411_153
2022-04-07 19:20:52,948 - processing started: 413_154 
2022-04-07 19:20:53,043 - processing completed: 413_154
2022-04-07 19:20:53,046 - processing started: 415_155 
2022-04-07 19:20:53,197 - processing completed: 415_155
2022-04-07 19:20:53,200 - processing started: 417_156 
2022-04-07 19:20:53,295 - processing completed: 417_156
2022-04-07 19:20:53,298 - processing started: 419_156 
2022-04-07 19:20:53,444 - processing completed: 419_156
2022-04-07 19:20:53,447 - processing started: 421_157 
2022-04-07 19:20:53,601 - processing completed: 421_157
2022-04-07 19:20:53,605 - processing started: 423_158 
2022-04-07 19:20:53,698 - processing completed: 423_158
2022-04-07 19:20:53,703 - processing started: 425_159 
2022-04-07 19:20:53,849 - processing completed: 425_159
2022-04-07 19:20:53,853 - processing started: 427_159 
2022-04-07 19:20:53,949 - processing completed: 427_159
2022-04-07 19:20:53,954 - processing started: 429_160 
2022-04-07 19:20:54,103 - processing completed: 429_160
2022-04-07 19:20:54,106 - processing started: 431_161 
2022-04-07 19:20:54,200 - processing completed: 431_161
2022-04-07 19:20:54,204 - processing started: 433_162 
2022-04-07 19:20:54,359 - processing completed: 433_162
2022-04-07 19:20:54,362 - processing started: 435_163 
2022-04-07 19:20:54,455 - processing completed: 435_163
2022-04-07 19:20:54,459 - processing started: 437_164 
2022-04-07 19:20:54,606 - processing completed: 437_164
2022-04-07 19:20:54,611 - processing started: 439_164 
2022-04-07 19:20:54,704 - processing completed: 439_164
2022-04-07 19:20:54,708 - processing started: 441_165 
2022-04-07 19:20:54,852 - processing completed: 441_165
2022-04-07 19:20:54,857 - processing started: 443_166 
2022-04-07 19:20:54,949 - processing completed: 443_166
2022-04-07 19:20:54,954 - processing started: 445_167 
2022-04-07 19:20:55,095 - processing completed: 445_167
2022-04-07 19:20:55,100 - processing started: 447_167 
2022-04-07 19:20:55,255 - processing completed: 447_167
2022-04-07 19:20:55,259 - processing started: 449_168 
2022-04-07 19:20:55,352 - processing completed: 449_168
2022-04-07 19:20:55,357 - processing started: 451_168 
2022-04-07 19:20:55,504 - processing completed: 451_168
2022-04-07 19:20:55,508 - processing started: 453_169 
2022-04-07 19:20:55,597 - processing completed: 453_169
2022-04-07 19:20:55,601 - processing started: 455_170 
2022-04-07 19:20:55,746 - processing completed: 455_170
2022-04-07 19:20:55,750 - processing started: 457_171 
2022-04-07 19:20:55,842 - processing completed: 457_171
2022-04-07 19:20:55,846 - processing started: 459_172 
2022-04-07 19:20:55,995 - processing completed: 459_172
2022-04-07 19:20:55,999 - processing started: 461_173 
2022-04-07 19:20:56,091 - processing completed: 461_173
2022-04-07 19:20:56,095 - processing started: 463_173 
2022-04-07 19:20:56,239 - processing completed: 463_173
2022-04-07 19:20:56,243 - processing started: 465_174 
2022-04-07 19:20:56,332 - processing completed: 465_174
2022-04-07 19:20:56,336 - processing started: 467_174 
2022-04-07 19:20:56,483 - processing completed: 467_174
2022-04-07 19:20:56,487 - processing started: 469_175 
2022-04-07 19:20:56,579 - processing completed: 469_175
2022-04-07 19:20:56,583 - processing started: 471_176 
2022-04-07 19:20:56,726 - processing completed: 471_176
2022-04-07 19:20:56,730 - processing started: 473_177 
2022-04-07 19:20:56,821 - processing completed: 473_177
2022-04-07 19:20:56,824 - processing started: 475_178 
2022-04-07 19:20:56,970 - processing completed: 475_178
2022-04-07 19:20:56,973 - processing started: 477_179 
2022-04-07 19:20:57,133 - processing completed: 477_179
2022-04-07 19:20:57,136 - processing started: 479_180 
2022-04-07 19:20:57,227 - processing completed: 479_180
2022-04-07 19:20:57,231 - processing started: 481_180 
2022-04-07 19:20:57,375 - processing completed: 481_180
2022-04-07 19:20:57,379 - processing started: 483_181 
2022-04-07 19:20:57,475 - processing completed: 483_181
2022-04-07 19:20:57,479 - processing started: 485_182 
2022-04-07 19:20:57,629 - processing completed: 485_182
2022-04-07 19:20:57,633 - processing started: 487_182 
2022-04-07 19:20:57,725 - processing completed: 487_182
2022-04-07 19:20:57,729 - processing started: 489_183 
2022-04-07 19:20:57,878 - processing completed: 489_183
2022-04-07 19:20:57,881 - processing started: 491_183 
2022-04-07 19:20:57,976 - processing completed: 491_183
2022-04-07 19:20:57,980 - processing started: 493_184 
2022-04-07 19:20:58,129 - processing completed: 493_184
2022-04-07 19:20:58,132 - processing started: 495_185 
2022-04-07 19:20:58,225 - processing completed: 495_185
2022-04-07 19:20:58,229 - processing started: 497_186 
2022-04-07 19:20:58,377 - processing completed: 497_186
2022-04-07 19:20:58,382 - processing started: 499_187 
2022-04-07 19:20:58,476 - processing completed: 499_187
2022-04-07 19:20:58,480 - processing started: 501_188 
2022-04-07 19:20:58,628 - processing completed: 501_188
2022-04-07 19:20:58,632 - processing started: 503_188 
2022-04-07 19:20:58,726 - processing completed: 503_188
2022-04-07 19:20:58,729 - processing started: 505_189 
2022-04-07 19:20:58,857 - processing completed: 505_189
2022-04-07 19:20:58,860 - processing started: 507_190 
2022-04-07 19:20:59,015 - processing completed: 507_190
2022-04-07 19:20:59,020 - processing started: 509_191 
2022-04-07 19:20:59,113 - processing completed: 509_191
2022-04-07 19:20:59,117 - processing started: 511_192 
2022-04-07 19:20:59,265 - processing completed: 511_192
2022-04-07 19:20:59,269 - processing started: 513_192 
2022-04-07 19:20:59,361 - processing completed: 513_192
2022-04-07 19:20:59,364 - processing started: 515_193 
2022-04-07 19:20:59,519 - processing completed: 515_193
2022-04-07 19:20:59,523 - processing started: 517_194 
2022-04-07 19:20:59,616 - processing completed: 517_194
2022-04-07 19:20:59,621 - processing started: 519_195 
2022-04-07 19:20:59,768 - processing completed: 519_195
2022-04-07 19:20:59,771 - processing started: 521_196 
2022-04-07 19:20:59,863 - processing completed: 521_196
2022-04-07 19:20:59,867 - processing started: 523_196 
2022-04-07 19:21:00,016 - processing completed: 523_196
2022-04-07 19:21:00,021 - processing started: 525_196 
2022-04-07 19:21:00,115 - processing completed: 525_196
2022-04-07 19:21:00,118 - processing started: 527_197 
2022-04-07 19:21:00,266 - processing completed: 527_197
2022-04-07 19:21:00,269 - processing started: 529_197 
2022-04-07 19:21:00,362 - processing completed: 529_197
2022-04-07 19:21:00,366 - processing started: 531_197 
2022-04-07 19:21:00,519 - processing completed: 531_197
2022-04-07 19:21:00,523 - processing started: 533_198 
2022-04-07 19:21:00,617 - processing completed: 533_198
2022-04-07 19:21:00,620 - processing started: 535_199 
2022-04-07 19:21:00,765 - processing completed: 535_199
2022-04-07 19:21:00,769 - processing started: 537_200 
2022-04-07 19:21:00,926 - processing completed: 537_200
2022-04-07 19:21:00,931 - processing started: 539_201 
2022-04-07 19:21:01,035 - processing completed: 539_201
2022-04-07 19:21:01,039 - processing started: 541_202 
2022-04-07 19:21:01,201 - processing completed: 541_202
2022-04-07 19:21:01,206 - processing started: 543_203 
2022-04-07 19:21:01,302 - processing completed: 543_203
2022-04-07 19:21:01,306 - processing started: 545_204 
2022-04-07 19:21:01,455 - processing completed: 545_204
2022-04-07 19:21:01,460 - processing started: 547_205 
2022-04-07 19:21:01,554 - processing completed: 547_205
2022-04-07 19:21:01,558 - processing started: 549_206 
2022-04-07 19:21:01,708 - processing completed: 549_206
2022-04-07 19:21:01,712 - processing started: 551_207 
2022-04-07 19:21:01,805 - processing completed: 551_207
2022-04-07 19:21:01,809 - processing started: 553_207 
2022-04-07 19:21:01,957 - processing completed: 553_207
2022-04-07 19:21:01,960 - processing started: 555_208 
2022-04-07 19:21:02,053 - processing completed: 555_208
2022-04-07 19:21:02,058 - processing started: 557_209 
2022-04-07 19:21:02,205 - processing completed: 557_209
2022-04-07 19:21:02,208 - processing started: 559_210 
2022-04-07 19:21:02,300 - processing completed: 559_210
2022-04-07 19:21:02,304 - processing started: 561_211 
2022-04-07 19:21:02,449 - processing completed: 561_211
2022-04-07 19:21:02,452 - processing started: 563_212 
2022-04-07 19:21:02,546 - processing completed: 563_212
2022-04-07 19:21:02,550 - processing started: 565_213 
2022-04-07 19:21:02,701 - processing completed: 565_213
2022-04-07 19:21:02,705 - processing started: 567_214 
2022-04-07 19:21:02,858 - processing completed: 567_214
2022-04-07 19:21:02,862 - processing started: 569_214 
2022-04-07 19:21:02,954 - processing completed: 569_214
2022-04-07 19:21:02,959 - processing started: 571_215 
2022-04-07 19:21:03,114 - processing completed: 571_215
2022-04-07 19:21:03,117 - processing started: 573_216 
2022-04-07 19:21:03,210 - processing completed: 573_216
2022-04-07 19:21:03,213 - processing started: 575_217 
2022-04-07 19:21:03,362 - processing completed: 575_217
2022-04-07 19:21:03,366 - processing started: 577_218 
2022-04-07 19:21:03,462 - processing completed: 577_218
2022-04-07 19:21:03,466 - processing started: 579_219 
2022-04-07 19:21:03,618 - processing completed: 579_219
2022-04-07 19:21:03,623 - processing started: 581_220 
2022-04-07 19:21:03,720 - processing completed: 581_220
2022-04-07 19:21:03,723 - processing started: 583_220 
2022-04-07 19:21:03,873 - processing completed: 583_220
2022-04-07 19:21:03,877 - processing started: 585_221 
2022-04-07 19:21:03,971 - processing completed: 585_221
2022-04-07 19:21:03,974 - processing started: 587_222 
2022-04-07 19:21:04,124 - processing completed: 587_222
2022-04-07 19:21:04,128 - processing started: 589_222 
2022-04-07 19:21:04,220 - processing completed: 589_222
2022-04-07 19:21:04,224 - processing started: 591_223 
2022-04-07 19:21:04,364 - processing completed: 591_223
2022-04-07 19:21:04,367 - processing started: 593_223 
2022-04-07 19:21:04,438 - processing completed: 593_223
2022-04-07 19:21:04,442 - processing started: 595_224 
2022-04-07 19:21:04,622 - processing completed: 595_224
2022-04-07 19:21:04,626 - processing started: 597_225 
2022-04-07 19:21:04,761 - processing completed: 597_225
2022-04-07 19:21:04,764 - processing started: 599_225 
2022-04-07 19:21:04,885 - processing completed: 599_225
2022-04-07 19:21:04,889 - processing started: 601_225 
2022-04-07 19:21:05,027 - processing completed: 601_225
2022-04-07 19:21:05,030 - processing started: 603_226 
2022-04-07 19:21:05,106 - processing completed: 603_226
2022-04-07 19:21:05,109 - processing started: 605_227 
2022-04-07 19:21:05,265 - processing completed: 605_227
2022-04-07 19:21:05,270 - processing started: 607_227 
2022-04-07 19:21:05,362 - processing completed: 607_227
2022-04-07 19:21:05,365 - processing started: 609_227 
2022-04-07 19:21:05,508 - processing completed: 609_227
2022-04-07 19:21:05,511 - processing started: 611_227 
2022-04-07 19:21:05,632 - processing completed: 611_227
2022-04-07 19:21:05,636 - processing started: 613_227 
2022-04-07 19:21:05,773 - processing completed: 613_227
2022-04-07 19:21:05,776 - processing started: 615_228 
2022-04-07 19:21:05,855 - processing completed: 615_228
2022-04-07 19:21:05,859 - processing started: 617_229 
2022-04-07 19:21:05,991 - processing completed: 617_229
2022-04-07 19:21:05,995 - processing started: 619_230 
2022-04-07 19:21:06,070 - processing completed: 619_230
2022-04-07 19:21:06,073 - processing started: 621_230 
2022-04-07 19:21:06,206 - processing completed: 621_230
2022-04-07 19:21:06,209 - processing started: 623_231 
2022-04-07 19:21:06,280 - processing completed: 623_231
2022-04-07 19:21:06,283 - processing started: 625_232 
2022-04-07 19:21:06,412 - processing completed: 625_232
2022-04-07 19:21:06,415 - processing started: 627_232 
2022-04-07 19:21:06,545 - processing completed: 627_232
2022-04-07 19:21:06,548 - processing started: 629_232 
2022-04-07 19:21:06,618 - processing completed: 629_232
2022-04-07 19:21:06,621 - processing started: 631_233 
2022-04-07 19:21:06,756 - processing completed: 631_233
2022-04-07 19:21:06,759 - processing started: 633_234 
2022-04-07 19:21:06,829 - processing completed: 633_234
2022-04-07 19:21:06,832 - processing started: 635_234 
2022-04-07 19:21:06,969 - processing completed: 635_234
2022-04-07 19:21:06,973 - processing started: 637_234 
2022-04-07 19:21:07,043 - processing completed: 637_234
2022-04-07 19:21:07,046 - processing started: 639_235 
2022-04-07 19:21:07,202 - processing completed: 639_235
2022-04-07 19:21:07,206 - processing started: 641_236 
2022-04-07 19:21:07,297 - processing completed: 641_236
2022-04-07 19:21:07,300 - processing started: 643_237 
2022-04-07 19:21:07,454 - processing completed: 643_237
2022-04-07 19:21:07,457 - processing started: 645_238 
2022-04-07 19:21:07,547 - processing completed: 645_238
2022-04-07 19:21:07,550 - processing started: 647_239 
2022-04-07 19:21:07,698 - processing completed: 647_239
2022-04-07 19:21:07,701 - processing started: 649_240 
2022-04-07 19:21:07,789 - processing completed: 649_240
2022-04-07 19:21:07,793 - processing started: 651_240 
2022-04-07 19:21:07,951 - processing completed: 651_240
2022-04-07 19:21:07,955 - processing started: 653_241 
2022-04-07 19:21:08,046 - processing completed: 653_241
2022-04-07 19:21:08,050 - processing started: 655_242 
2022-04-07 19:21:08,198 - processing completed: 655_242
2022-04-07 19:21:08,202 - processing started: 657_242 
2022-04-07 19:21:08,347 - processing completed: 657_242
2022-04-07 19:21:08,351 - processing started: 659_243 
2022-04-07 19:21:08,440 - processing completed: 659_243
2022-04-07 19:21:08,443 - processing started: 661_244 
2022-04-07 19:21:08,570 - processing completed: 661_244
2022-04-07 19:21:08,574 - processing started: 663_244 
2022-04-07 19:21:08,634 - processing completed: 663_244
2022-04-07 19:21:08,637 - processing started: 665_245 
2022-04-07 19:21:08,749 - processing completed: 665_245
2022-04-07 19:21:08,752 - processing started: 667_246 
2022-04-07 19:21:08,809 - processing completed: 667_246
2022-04-07 19:21:08,812 - processing started: 669_247 
2022-04-07 19:21:08,921 - processing completed: 669_247
2022-04-07 19:21:08,926 - processing started: 671_248 
2022-04-07 19:21:08,982 - processing completed: 671_248
2022-04-07 19:21:08,986 - processing started: 673_249 
2022-04-07 19:21:09,098 - processing completed: 673_249
2022-04-07 19:21:09,101 - processing started: 675_250 
2022-04-07 19:21:09,158 - processing completed: 675_250
2022-04-07 19:21:09,161 - processing started: 677_251 
2022-04-07 19:21:09,271 - processing completed: 677_251
2022-04-07 19:21:09,275 - processing started: 679_251 
2022-04-07 19:21:09,335 - processing completed: 679_251
2022-04-07 19:21:09,339 - processing started: 681_252 
2022-04-07 19:21:09,449 - processing completed: 681_252
2022-04-07 19:21:09,453 - processing started: 683_252 
2022-04-07 19:21:09,511 - processing completed: 683_252
2022-04-07 19:21:09,513 - processing started: 685_253 
2022-04-07 19:21:09,637 - processing completed: 685_253
2022-04-07 19:21:09,640 - processing started: 687_254 
2022-04-07 19:21:09,772 - processing completed: 687_254
2022-04-07 19:21:09,775 - processing started: 689_255 
2022-04-07 19:21:09,853 - processing completed: 689_255
2022-04-07 19:21:09,856 - processing started: 691_256 
2022-04-07 19:21:09,998 - processing completed: 691_256
2022-04-07 19:21:10,002 - processing started: 693_257 
2022-04-07 19:21:10,082 - processing completed: 693_257
2022-04-07 19:21:10,085 - processing started: 695_257 
2022-04-07 19:21:10,217 - processing completed: 695_257
2022-04-07 19:21:10,220 - processing started: 697_258 
2022-04-07 19:21:10,298 - processing completed: 697_258
2022-04-07 19:21:10,300 - processing started: 699_259 
2022-04-07 19:21:10,425 - processing completed: 699_259
2022-04-07 19:21:10,429 - processing started: 701_260 
2022-04-07 19:21:10,510 - processing completed: 701_260
2022-04-07 19:21:10,513 - processing started: 703_260 
2022-04-07 19:21:10,649 - processing completed: 703_260
2022-04-07 19:21:10,652 - processing started: 705_261 
2022-04-07 19:21:10,739 - processing completed: 705_261
2022-04-07 19:21:10,742 - processing started: 707_262 
2022-04-07 19:21:10,868 - processing completed: 707_262
2022-04-07 19:21:10,871 - processing started: 709_262 
2022-04-07 19:21:10,950 - processing completed: 709_262
2022-04-07 19:21:10,953 - processing started: 711_263 
2022-04-07 19:21:11,090 - processing completed: 711_263
2022-04-07 19:21:11,093 - processing started: 713_264 
2022-04-07 19:21:11,221 - processing completed: 713_264
2022-04-07 19:21:11,224 - processing started: 715_265 
2022-04-07 19:21:11,296 - processing completed: 715_265
2022-04-07 19:21:11,300 - processing started: 717_265 
2022-04-07 19:21:11,428 - processing completed: 717_265
2022-04-07 19:21:11,432 - processing started: 719_266 
2022-04-07 19:21:11,507 - processing completed: 719_266
2022-04-07 19:21:11,510 - processing started: 721_267 
2022-04-07 19:21:11,639 - processing completed: 721_267
2022-04-07 19:21:11,642 - processing started: 723_267 
2022-04-07 19:21:11,716 - processing completed: 723_267
2022-04-07 19:21:11,718 - processing started: 725_267 
2022-04-07 19:21:11,849 - processing completed: 725_267
2022-04-07 19:21:11,852 - processing started: 727_268 
2022-04-07 19:21:11,934 - processing completed: 727_268
2022-04-07 19:21:11,938 - processing started: 729_268 
2022-04-07 19:21:12,068 - processing completed: 729_268
2022-04-07 19:21:12,072 - processing started: 731_268 
2022-04-07 19:21:12,148 - processing completed: 731_268
2022-04-07 19:21:12,151 - processing started: 733_268 
2022-04-07 19:21:12,279 - processing completed: 733_268
2022-04-07 19:21:12,283 - processing started: 735_269 
2022-04-07 19:21:12,358 - processing completed: 735_269
2022-04-07 19:21:12,361 - processing started: 737_269 
2022-04-07 19:21:12,489 - processing completed: 737_269
2022-04-07 19:21:12,493 - processing started: 739_270 
2022-04-07 19:21:12,575 - processing completed: 739_270
2022-04-07 19:21:12,578 - processing started: 741_271 
2022-04-07 19:21:12,714 - processing completed: 741_271
2022-04-07 19:21:12,717 - processing started: 743_272 
2022-04-07 19:21:12,841 - processing completed: 743_272
2022-04-07 19:21:12,845 - processing started: 745_273 
2022-04-07 19:21:12,921 - processing completed: 745_273
2022-04-07 19:21:12,924 - processing started: 747_274 
2022-04-07 19:21:13,051 - processing completed: 747_274
2022-04-07 19:21:13,054 - processing started: 749_274 
2022-04-07 19:21:13,124 - processing completed: 749_274
2022-04-07 19:21:13,127 - processing started: 751_275 
2022-04-07 19:21:13,255 - processing completed: 751_275
2022-04-07 19:21:13,258 - processing started: 753_275 
2022-04-07 19:21:13,331 - processing completed: 753_275
2022-04-07 19:21:13,335 - processing started: 755_276 
2022-04-07 19:21:13,464 - processing completed: 755_276
2022-04-07 19:21:13,469 - processing started: 757_276 
2022-04-07 19:21:13,544 - processing completed: 757_276
2022-04-07 19:21:13,548 - processing started: 759_277 
2022-04-07 19:21:13,684 - processing completed: 759_277
2022-04-07 19:21:13,688 - processing started: 761_278 
2022-04-07 19:21:13,771 - processing completed: 761_278
2022-04-07 19:21:13,774 - processing started: 763_279 
2022-04-07 19:21:13,913 - processing completed: 763_279
2022-04-07 19:21:13,916 - processing started: 765_280 
2022-04-07 19:21:13,981 - processing completed: 765_280
2022-04-07 19:21:13,984 - processing started: 767_280 
2022-04-07 19:21:14,107 - processing completed: 767_280
2022-04-07 19:21:14,111 - processing started: 769_281 
2022-04-07 19:21:14,181 - processing completed: 769_281
2022-04-07 19:21:14,184 - processing started: 771_282 
2022-04-07 19:21:14,304 - processing completed: 771_282
2022-04-07 19:21:14,307 - processing started: 773_283 
2022-04-07 19:21:14,444 - processing completed: 773_283
2022-04-07 19:21:14,448 - processing started: 775_284 
2022-04-07 19:21:14,513 - processing completed: 775_284
2022-04-07 19:21:14,517 - processing started: 777_285 
2022-04-07 19:21:14,646 - processing completed: 777_285
2022-04-07 19:21:14,649 - processing started: 779_286 
2022-04-07 19:21:14,782 - processing completed: 779_286
2022-04-07 19:21:14,787 - processing started: 781_287 
2022-04-07 19:21:14,909 - processing completed: 781_287
2022-04-07 19:21:14,912 - processing started: 783_288 
2022-04-07 19:21:14,978 - processing completed: 783_288
2022-04-07 19:21:14,982 - processing started: 785_289 
2022-04-07 19:21:15,104 - processing completed: 785_289
2022-04-07 19:21:15,107 - processing started: 787_290 
2022-04-07 19:21:15,174 - processing completed: 787_290
2022-04-07 19:21:15,178 - processing started: 789_290 
2022-04-07 19:21:15,314 - processing completed: 789_290
2022-04-07 19:21:15,318 - processing started: 791_291 
2022-04-07 19:21:15,386 - processing completed: 791_291
2022-04-07 19:21:15,390 - processing started: 793_292 
2022-04-07 19:21:15,519 - processing completed: 793_292
2022-04-07 19:21:15,522 - processing started: 795_292 
2022-04-07 19:21:15,588 - processing completed: 795_292
2022-04-07 19:21:15,592 - processing started: 797_293 
2022-04-07 19:21:15,692 - processing completed: 797_293
2022-04-07 19:21:15,695 - processing started: 799_294 
2022-04-07 19:21:15,738 - processing completed: 799_294
2022-04-07 19:21:15,741 - processing started: 801_295 
2022-04-07 19:21:15,868 - processing completed: 801_295
2022-04-07 19:21:15,871 - processing started: 803_296 
2022-04-07 19:21:16,008 - processing completed: 803_296
2022-04-07 19:21:16,012 - processing started: 805_297 
2022-04-07 19:21:16,152 - processing completed: 805_297
2022-04-07 19:21:16,157 - processing started: 807_298 
2022-04-07 19:21:16,287 - processing completed: 807_298
2022-04-07 19:21:16,291 - processing started: 809_298 
2022-04-07 19:21:16,362 - processing completed: 809_298
2022-04-07 19:21:16,365 - processing started: 811_299 
2022-04-07 19:21:16,493 - processing completed: 811_299
2022-04-07 19:21:16,497 - processing started: 0_0 
2022-04-07 19:21:16,497 - Closing connection (200): Normal shutdown
2022-04-07 19:21:16,498 - Closing channel (200): 'Normal shutdown' on <Channel number=1 OPEN conn=<SelectConnection OPEN transport=<pika.adapters.utils.io_services_utils._AsyncPlaintextTransport object at 0x118d3c1c0> params=<ConnectionParameters host=localhost port=5672 virtual_host=/ ssl=False>>>
2022-04-07 19:21:16,498 - Received <Channel.CloseOk> on <Channel number=1 CLOSING conn=<SelectConnection OPEN transport=<pika.adapters.utils.io_services_utils._AsyncPlaintextTransport object at 0x118d3c1c0> params=<ConnectionParameters host=localhost port=5672 virtual_host=/ ssl=False>>>
2022-04-07 19:21:16,499 - Closing connection (200): 'Normal shutdown'
2022-04-07 19:21:16,499 - Aborting transport connection: state=1; <socket.socket fd=22, family=AddressFamily.AF_INET, type=SocketKind.SOCK_STREAM, proto=6, laddr=('127.0.0.1', 63787), raddr=('127.0.0.1', 5672)>
2022-04-07 19:21:16,499 - _AsyncTransportBase._initate_abort(): Initiating abrupt asynchronous transport shutdown: state=1; error=None; <socket.socket fd=22, family=AddressFamily.AF_INET, type=SocketKind.SOCK_STREAM, proto=6, laddr=('127.0.0.1', 63787), raddr=('127.0.0.1', 5672)>
2022-04-07 19:21:16,500 - Deactivating transport: state=1; <socket.socket fd=22, family=AddressFamily.AF_INET, type=SocketKind.SOCK_STREAM, proto=6, laddr=('127.0.0.1', 63787), raddr=('127.0.0.1', 5672)>
2022-04-07 19:21:16,500 - AMQP stack terminated, failed to connect, or aborted: opened=True, error-arg=None; pending-error=ConnectionClosedByClient: (200) 'Normal shutdown'
2022-04-07 19:21:16,500 - Stack terminated due to ConnectionClosedByClient: (200) 'Normal shutdown'
2022-04-07 19:21:16,500 - Closing transport socket and unlinking: state=3; <socket.socket fd=22, family=AddressFamily.AF_INET, type=SocketKind.SOCK_STREAM, proto=6, laddr=('127.0.0.1', 63787), raddr=('127.0.0.1', 5672)>
2022-04-07 19:21:16,500 - User-initiated close: result=BlockingConnection__OnClosedArgs(connection=<SelectConnection CLOSED transport=None params=<ConnectionParameters host=localhost port=5672 virtual_host=/ ssl=False>>, error=ConnectionClosedByClient: (200) 'Normal shutdown')
2022-04-07 19:21:16,501 - PID 93642 completed loading and processing
