2022-04-07 11:15:30,957 - PID 89490 started loading and processing
2022-04-07 11:15:30,959 - Pika version 1.2.0 connecting to ('::1', 5672, 0, 0)
2022-04-07 11:15:30,960 - Socket failed to connect: <socket.socket fd=9, family=AddressFamily.AF_INET6, type=SocketKind.SOCK_STREAM, proto=6, laddr=('::1', 60862, 0, 0)>; error=61 (Connection refused)
2022-04-07 11:15:30,960 - TCP Connection attempt failed: ConnectionRefusedError(61, 'Connection refused'); dest=(<AddressFamily.AF_INET6: 30>, <SocketKind.SOCK_STREAM: 1>, 6, '', ('::1', 5672, 0, 0))
2022-04-07 11:15:30,960 - AMQPConnector - reporting failure: AMQPConnectorSocketConnectError: ConnectionRefusedError(61, 'Connection refused')
2022-04-07 11:15:30,960 - Pika version 1.2.0 connecting to ('127.0.0.1', 5672)
2022-04-07 11:15:30,960 - Socket connected: <socket.socket fd=9, family=AddressFamily.AF_INET, type=SocketKind.SOCK_STREAM, proto=6, laddr=('127.0.0.1', 60863), raddr=('127.0.0.1', 5672)>
2022-04-07 11:15:30,962 - Streaming transport linked up: (<pika.adapters.utils.io_services_utils._AsyncPlaintextTransport object at 0x11e0499d0>, _StreamingProtocolShim: <SelectConnection PROTOCOL transport=<pika.adapters.utils.io_services_utils._AsyncPlaintextTransport object at 0x11e0499d0> params=<ConnectionParameters host=localhost port=5672 virtual_host=/ ssl=False>>).
2022-04-07 11:15:30,967 - AMQPConnector - reporting success: <SelectConnection OPEN transport=<pika.adapters.utils.io_services_utils._AsyncPlaintextTransport object at 0x11e0499d0> params=<ConnectionParameters host=localhost port=5672 virtual_host=/ ssl=False>>
2022-04-07 11:15:30,967 - AMQPConnectionWorkflow - reporting success: <SelectConnection OPEN transport=<pika.adapters.utils.io_services_utils._AsyncPlaintextTransport object at 0x11e0499d0> params=<ConnectionParameters host=localhost port=5672 virtual_host=/ ssl=False>>
2022-04-07 11:15:30,967 - Connection workflow succeeded: <SelectConnection OPEN transport=<pika.adapters.utils.io_services_utils._AsyncPlaintextTransport object at 0x11e0499d0> params=<ConnectionParameters host=localhost port=5672 virtual_host=/ ssl=False>>
2022-04-07 11:15:30,967 - Created channel=1
2022-04-07 11:15:30,993 - Logging before start consuming
2022-04-07 11:15:30,994 - processing started: 0_000 
2022-04-07 11:15:31,140 - processing completed: 0_000
2022-04-07 11:15:31,154 - processing started: 1_000 
2022-04-07 11:15:31,343 - processing completed: 1_000
2022-04-07 11:15:31,349 - processing started: 2_000 
2022-04-07 11:15:31,548 - processing completed: 2_000
2022-04-07 11:15:31,553 - processing started: 3_001 
2022-04-07 11:15:31,694 - processing completed: 3_001
2022-04-07 11:15:31,699 - processing started: 4_001 
2022-04-07 11:15:31,902 - processing completed: 4_001
2022-04-07 11:15:31,907 - processing started: 5_002 
2022-04-07 11:15:32,048 - processing completed: 5_002
2022-04-07 11:15:32,053 - processing started: 6_002 
2022-04-07 11:15:32,251 - processing completed: 6_002
2022-04-07 11:15:32,257 - processing started: 7_003 
2022-04-07 11:15:32,401 - processing completed: 7_003
2022-04-07 11:15:32,406 - processing started: 8_003 
2022-04-07 11:15:32,599 - processing completed: 8_003
2022-04-07 11:15:32,604 - processing started: 9_003 
2022-04-07 11:15:32,738 - processing completed: 9_003
2022-04-07 11:15:32,743 - processing started: 10_004 
2022-04-07 11:15:32,940 - processing completed: 10_004
2022-04-07 11:15:32,945 - processing started: 11_004 
2022-04-07 11:15:32,978 - processing completed: 11_004
2022-04-07 11:15:32,980 - processing started: 12_005 
2022-04-07 11:15:33,171 - processing completed: 12_005
2022-04-07 11:15:33,176 - processing started: 13_005 
2022-04-07 11:15:33,313 - processing completed: 13_005
2022-04-07 11:15:33,318 - processing started: 14_005 
2022-04-07 11:15:33,516 - processing completed: 14_005
2022-04-07 11:15:33,521 - processing started: 15_005 
2022-04-07 11:15:33,663 - processing completed: 15_005
2022-04-07 11:15:33,668 - processing started: 16_006 
2022-04-07 11:15:33,861 - processing completed: 16_006
2022-04-07 11:15:33,866 - processing started: 17_006 
2022-04-07 11:15:34,000 - processing completed: 17_006
2022-04-07 11:15:34,003 - processing started: 18_007 
2022-04-07 11:15:34,145 - processing completed: 18_007
2022-04-07 11:15:34,150 - processing started: 19_007 
2022-04-07 11:15:34,338 - processing completed: 19_007
2022-04-07 11:15:34,344 - processing started: 20_008 
2022-04-07 11:15:34,460 - processing completed: 20_008
2022-04-07 11:15:34,465 - processing started: 21_008 
2022-04-07 11:15:34,663 - processing completed: 21_008
2022-04-07 11:15:34,668 - processing started: 22_009 
2022-04-07 11:15:34,801 - processing completed: 22_009
2022-04-07 11:15:34,806 - processing started: 23_009 
2022-04-07 11:15:35,009 - processing completed: 23_009
2022-04-07 11:15:35,014 - processing started: 24_009 
2022-04-07 11:15:35,154 - processing completed: 24_009
2022-04-07 11:15:35,159 - processing started: 25_010 
2022-04-07 11:15:35,347 - processing completed: 25_010
2022-04-07 11:15:35,353 - processing started: 26_010 
2022-04-07 11:15:35,495 - processing completed: 26_010
2022-04-07 11:15:35,500 - processing started: 27_011 
2022-04-07 11:15:35,692 - processing completed: 27_011
2022-04-07 11:15:35,698 - processing started: 28_011 
2022-04-07 11:15:35,839 - processing completed: 28_011
2022-04-07 11:15:35,845 - processing started: 29_012 
2022-04-07 11:15:35,952 - processing completed: 29_012
2022-04-07 11:15:35,955 - processing started: 30_012 
2022-04-07 11:15:36,010 - processing completed: 30_012
2022-04-07 11:15:36,013 - processing started: 31_013 
2022-04-07 11:15:36,171 - processing completed: 31_013
2022-04-07 11:15:36,175 - processing started: 32_013 
2022-04-07 11:15:36,330 - processing completed: 32_013
2022-04-07 11:15:36,334 - processing started: 33_014 
2022-04-07 11:15:36,408 - processing completed: 33_014
2022-04-07 11:15:36,412 - processing started: 34_014 
2022-04-07 11:15:36,538 - processing completed: 34_014
2022-04-07 11:15:36,542 - processing started: 35_014 
2022-04-07 11:15:36,616 - processing completed: 35_014
2022-04-07 11:15:36,619 - processing started: 36_014 
2022-04-07 11:15:36,743 - processing completed: 36_014
2022-04-07 11:15:36,747 - processing started: 37_014 
2022-04-07 11:15:36,818 - processing completed: 37_014
2022-04-07 11:15:36,822 - processing started: 38_015 
2022-04-07 11:15:36,951 - processing completed: 38_015
2022-04-07 11:15:36,954 - processing started: 39_015 
2022-04-07 11:15:37,025 - processing completed: 39_015
2022-04-07 11:15:37,030 - processing started: 40_015 
2022-04-07 11:15:37,151 - processing completed: 40_015
2022-04-07 11:15:37,155 - processing started: 41_015 
2022-04-07 11:15:37,227 - processing completed: 41_015
2022-04-07 11:15:37,230 - processing started: 42_015 
2022-04-07 11:15:37,356 - processing completed: 42_015
2022-04-07 11:15:37,360 - processing started: 43_016 
2022-04-07 11:15:37,432 - processing completed: 43_016
2022-04-07 11:15:37,435 - processing started: 44_016 
2022-04-07 11:15:37,562 - processing completed: 44_016
2022-04-07 11:15:37,565 - processing started: 45_017 
2022-04-07 11:15:37,645 - processing completed: 45_017
2022-04-07 11:15:37,648 - processing started: 46_017 
2022-04-07 11:15:37,776 - processing completed: 46_017
2022-04-07 11:15:37,780 - processing started: 47_017 
2022-04-07 11:15:37,918 - processing completed: 47_017
2022-04-07 11:15:37,922 - processing started: 48_018 
2022-04-07 11:15:37,995 - processing completed: 48_018
2022-04-07 11:15:37,999 - processing started: 49_018 
2022-04-07 11:15:38,125 - processing completed: 49_018
2022-04-07 11:15:38,129 - processing started: 50_019 
2022-04-07 11:15:38,207 - processing completed: 50_019
2022-04-07 11:15:38,211 - processing started: 51_019 
2022-04-07 11:15:38,337 - processing completed: 51_019
2022-04-07 11:15:38,340 - processing started: 52_020 
2022-04-07 11:15:38,416 - processing completed: 52_020
2022-04-07 11:15:38,420 - processing started: 53_020 
2022-04-07 11:15:38,548 - processing completed: 53_020
2022-04-07 11:15:38,552 - processing started: 54_021 
2022-04-07 11:15:38,626 - processing completed: 54_021
2022-04-07 11:15:38,630 - processing started: 55_021 
2022-04-07 11:15:38,756 - processing completed: 55_021
2022-04-07 11:15:38,760 - processing started: 56_022 
2022-04-07 11:15:38,869 - processing completed: 56_022
2022-04-07 11:15:38,873 - processing started: 57_022 
2022-04-07 11:15:39,001 - processing completed: 57_022
2022-04-07 11:15:39,005 - processing started: 58_022 
2022-04-07 11:15:39,120 - processing completed: 58_022
2022-04-07 11:15:39,125 - processing started: 59_023 
2022-04-07 11:15:39,259 - processing completed: 59_023
2022-04-07 11:15:39,263 - processing started: 60_023 
2022-04-07 11:15:39,398 - processing completed: 60_023
2022-04-07 11:15:39,402 - processing started: 61_023 
2022-04-07 11:15:39,475 - processing completed: 61_023
2022-04-07 11:15:39,479 - processing started: 62_023 
2022-04-07 11:15:39,617 - processing completed: 62_023
2022-04-07 11:15:39,620 - processing started: 63_024 
2022-04-07 11:15:39,698 - processing completed: 63_024
2022-04-07 11:15:39,701 - processing started: 64_024 
2022-04-07 11:15:39,830 - processing completed: 64_024
2022-04-07 11:15:39,834 - processing started: 65_024 
2022-04-07 11:15:39,916 - processing completed: 65_024
2022-04-07 11:15:39,919 - processing started: 66_025 
2022-04-07 11:15:40,054 - processing completed: 66_025
2022-04-07 11:15:40,058 - processing started: 67_025 
2022-04-07 11:15:40,136 - processing completed: 67_025
2022-04-07 11:15:40,139 - processing started: 68_026 
2022-04-07 11:15:40,273 - processing completed: 68_026
2022-04-07 11:15:40,277 - processing started: 69_026 
2022-04-07 11:15:40,360 - processing completed: 69_026
2022-04-07 11:15:40,365 - processing started: 70_027 
2022-04-07 11:15:40,492 - processing completed: 70_027
2022-04-07 11:15:40,496 - processing started: 71_027 
2022-04-07 11:15:40,573 - processing completed: 71_027
2022-04-07 11:15:40,577 - processing started: 72_028 
2022-04-07 11:15:40,700 - processing completed: 72_028
2022-04-07 11:15:40,704 - processing started: 73_028 
2022-04-07 11:15:40,776 - processing completed: 73_028
2022-04-07 11:15:40,779 - processing started: 74_028 
2022-04-07 11:15:40,902 - processing completed: 74_028
2022-04-07 11:15:40,906 - processing started: 75_029 
2022-04-07 11:15:41,035 - processing completed: 75_029
2022-04-07 11:15:41,038 - processing started: 76_029 
2022-04-07 11:15:41,112 - processing completed: 76_029
2022-04-07 11:15:41,115 - processing started: 77_030 
2022-04-07 11:15:41,243 - processing completed: 77_030
2022-04-07 11:15:41,247 - processing started: 78_030 
2022-04-07 11:15:41,323 - processing completed: 78_030
2022-04-07 11:15:41,327 - processing started: 79_030 
2022-04-07 11:15:41,454 - processing completed: 79_030
2022-04-07 11:15:41,458 - processing started: 80_031 
2022-04-07 11:15:41,537 - processing completed: 80_031
2022-04-07 11:15:41,541 - processing started: 81_031 
2022-04-07 11:15:41,676 - processing completed: 81_031
2022-04-07 11:15:41,679 - processing started: 82_031 
2022-04-07 11:15:41,759 - processing completed: 82_031
2022-04-07 11:15:41,762 - processing started: 83_032 
2022-04-07 11:15:41,924 - processing completed: 83_032
2022-04-07 11:15:41,929 - processing started: 84_032 
2022-04-07 11:15:42,037 - processing completed: 84_032
2022-04-07 11:15:42,043 - processing started: 85_032 
2022-04-07 11:15:42,201 - processing completed: 85_032
2022-04-07 11:15:42,206 - processing started: 86_032 
2022-04-07 11:15:42,311 - processing completed: 86_032
2022-04-07 11:15:42,315 - processing started: 87_032 
2022-04-07 11:15:42,484 - processing completed: 87_032
2022-04-07 11:15:42,488 - processing started: 88_033 
2022-04-07 11:15:42,561 - processing completed: 88_033
2022-04-07 11:15:42,564 - processing started: 89_033 
2022-04-07 11:15:42,689 - processing completed: 89_033
2022-04-07 11:15:42,692 - processing started: 90_033 
2022-04-07 11:15:42,820 - processing completed: 90_033
2022-04-07 11:15:42,823 - processing started: 91_033 
2022-04-07 11:15:42,898 - processing completed: 91_033
2022-04-07 11:15:42,902 - processing started: 92_033 
2022-04-07 11:15:43,032 - processing completed: 92_033
2022-04-07 11:15:43,035 - processing started: 93_034 
2022-04-07 11:15:43,114 - processing completed: 93_034
2022-04-07 11:15:43,117 - processing started: 94_034 
2022-04-07 11:15:43,244 - processing completed: 94_034
2022-04-07 11:15:43,247 - processing started: 95_035 
2022-04-07 11:15:43,320 - processing completed: 95_035
2022-04-07 11:15:43,323 - processing started: 96_035 
2022-04-07 11:15:43,454 - processing completed: 96_035
2022-04-07 11:15:43,458 - processing started: 97_035 
2022-04-07 11:15:43,530 - processing completed: 97_035
2022-04-07 11:15:43,533 - processing started: 98_035 
2022-04-07 11:15:43,661 - processing completed: 98_035
2022-04-07 11:15:43,664 - processing started: 99_036 
2022-04-07 11:15:43,740 - processing completed: 99_036
2022-04-07 11:15:43,744 - processing started: 100_036 
2022-04-07 11:15:43,872 - processing completed: 100_036
2022-04-07 11:15:43,875 - processing started: 101_037 
2022-04-07 11:15:43,951 - processing completed: 101_037
2022-04-07 11:15:43,955 - processing started: 102_037 
2022-04-07 11:15:44,083 - processing completed: 102_037
2022-04-07 11:15:44,086 - processing started: 103_037 
2022-04-07 11:15:44,160 - processing completed: 103_037
2022-04-07 11:15:44,164 - processing started: 104_038 
2022-04-07 11:15:44,290 - processing completed: 104_038
2022-04-07 11:15:44,293 - processing started: 105_038 
2022-04-07 11:15:44,429 - processing completed: 105_038
2022-04-07 11:15:44,433 - processing started: 106_039 
2022-04-07 11:15:44,510 - processing completed: 106_039
2022-04-07 11:15:44,514 - processing started: 107_039 
2022-04-07 11:15:44,649 - processing completed: 107_039
2022-04-07 11:15:44,652 - processing started: 108_039 
2022-04-07 11:15:44,729 - processing completed: 108_039
2022-04-07 11:15:44,732 - processing started: 109_040 
2022-04-07 11:15:44,861 - processing completed: 109_040
2022-04-07 11:15:44,864 - processing started: 110_040 
2022-04-07 11:15:44,942 - processing completed: 110_040
2022-04-07 11:15:44,945 - processing started: 111_040 
2022-04-07 11:15:45,080 - processing completed: 111_040
2022-04-07 11:15:45,083 - processing started: 112_040 
2022-04-07 11:15:45,157 - processing completed: 112_040
2022-04-07 11:15:45,160 - processing started: 113_040 
2022-04-07 11:15:45,288 - processing completed: 113_040
2022-04-07 11:15:45,292 - processing started: 114_040 
2022-04-07 11:15:45,368 - processing completed: 114_040
2022-04-07 11:15:45,371 - processing started: 115_040 
2022-04-07 11:15:45,502 - processing completed: 115_040
2022-04-07 11:15:45,505 - processing started: 116_041 
2022-04-07 11:15:45,584 - processing completed: 116_041
2022-04-07 11:15:45,588 - processing started: 117_041 
2022-04-07 11:15:45,716 - processing completed: 117_041
2022-04-07 11:15:45,719 - processing started: 118_042 
2022-04-07 11:15:45,792 - processing completed: 118_042
2022-04-07 11:15:45,795 - processing started: 119_042 
2022-04-07 11:15:45,921 - processing completed: 119_042
2022-04-07 11:15:45,925 - processing started: 120_042 
2022-04-07 11:15:46,052 - processing completed: 120_042
2022-04-07 11:15:46,055 - processing started: 121_042 
2022-04-07 11:15:46,134 - processing completed: 121_042
2022-04-07 11:15:46,137 - processing started: 122_043 
2022-04-07 11:15:46,262 - processing completed: 122_043
2022-04-07 11:15:46,265 - processing started: 123_043 
2022-04-07 11:15:46,336 - processing completed: 123_043
2022-04-07 11:15:46,339 - processing started: 124_044 
2022-04-07 11:15:46,474 - processing completed: 124_044
2022-04-07 11:15:46,478 - processing started: 125_044 
2022-04-07 11:15:46,555 - processing completed: 125_044
2022-04-07 11:15:46,559 - processing started: 126_044 
2022-04-07 11:15:46,683 - processing completed: 126_044
2022-04-07 11:15:46,687 - processing started: 127_045 
2022-04-07 11:15:46,760 - processing completed: 127_045
2022-04-07 11:15:46,764 - processing started: 128_045 
2022-04-07 11:15:46,897 - processing completed: 128_045
2022-04-07 11:15:46,900 - processing started: 129_045 
2022-04-07 11:15:46,973 - processing completed: 129_045
2022-04-07 11:15:46,976 - processing started: 130_046 
2022-04-07 11:15:47,108 - processing completed: 130_046
2022-04-07 11:15:47,112 - processing started: 131_046 
2022-04-07 11:15:47,184 - processing completed: 131_046
2022-04-07 11:15:47,188 - processing started: 132_047 
2022-04-07 11:15:47,316 - processing completed: 132_047
2022-04-07 11:15:47,319 - processing started: 133_047 
2022-04-07 11:15:47,395 - processing completed: 133_047
2022-04-07 11:15:47,399 - processing started: 134_048 
2022-04-07 11:15:47,528 - processing completed: 134_048
2022-04-07 11:15:47,531 - processing started: 135_048 
2022-04-07 11:15:47,665 - processing completed: 135_048
2022-04-07 11:15:47,669 - processing started: 136_048 
2022-04-07 11:15:47,739 - processing completed: 136_048
2022-04-07 11:15:47,742 - processing started: 137_049 
2022-04-07 11:15:47,876 - processing completed: 137_049
2022-04-07 11:15:47,879 - processing started: 138_049 
2022-04-07 11:15:47,961 - processing completed: 138_049
2022-04-07 11:15:47,964 - processing started: 139_049 
2022-04-07 11:15:48,101 - processing completed: 139_049
2022-04-07 11:15:48,105 - processing started: 140_050 
2022-04-07 11:15:48,177 - processing completed: 140_050
2022-04-07 11:15:48,181 - processing started: 141_050 
2022-04-07 11:15:48,309 - processing completed: 141_050
2022-04-07 11:15:48,312 - processing started: 142_050 
2022-04-07 11:15:48,387 - processing completed: 142_050
2022-04-07 11:15:48,390 - processing started: 143_051 
2022-04-07 11:15:48,517 - processing completed: 143_051
2022-04-07 11:15:48,520 - processing started: 144_051 
2022-04-07 11:15:48,597 - processing completed: 144_051
2022-04-07 11:15:48,600 - processing started: 145_051 
2022-04-07 11:15:48,727 - processing completed: 145_051
2022-04-07 11:15:48,731 - processing started: 146_051 
2022-04-07 11:15:48,807 - processing completed: 146_051
2022-04-07 11:15:48,810 - processing started: 147_051 
2022-04-07 11:15:48,935 - processing completed: 147_051
2022-04-07 11:15:48,938 - processing started: 148_052 
2022-04-07 11:15:49,013 - processing completed: 148_052
2022-04-07 11:15:49,016 - processing started: 149_052 
2022-04-07 11:15:49,145 - processing completed: 149_052
2022-04-07 11:15:49,148 - processing started: 150_053 
2022-04-07 11:15:49,279 - processing completed: 150_053
2022-04-07 11:15:49,283 - processing started: 151_053 
2022-04-07 11:15:49,356 - processing completed: 151_053
2022-04-07 11:15:49,359 - processing started: 152_054 
2022-04-07 11:15:49,488 - processing completed: 152_054
2022-04-07 11:15:49,492 - processing started: 153_054 
2022-04-07 11:15:49,569 - processing completed: 153_054
2022-04-07 11:15:49,572 - processing started: 154_055 
2022-04-07 11:15:49,708 - processing completed: 154_055
2022-04-07 11:15:49,712 - processing started: 155_055 
2022-04-07 11:15:49,785 - processing completed: 155_055
2022-04-07 11:15:49,788 - processing started: 156_056 
2022-04-07 11:15:49,924 - processing completed: 156_056
2022-04-07 11:15:49,927 - processing started: 157_056 
2022-04-07 11:15:50,006 - processing completed: 157_056
2022-04-07 11:15:50,009 - processing started: 158_057 
2022-04-07 11:15:50,137 - processing completed: 158_057
2022-04-07 11:15:50,141 - processing started: 159_057 
2022-04-07 11:15:50,215 - processing completed: 159_057
2022-04-07 11:15:50,218 - processing started: 160_058 
2022-04-07 11:15:50,390 - processing completed: 160_058
2022-04-07 11:15:50,395 - processing started: 161_058 
2022-04-07 11:15:50,514 - processing completed: 161_058
2022-04-07 11:15:50,518 - processing started: 162_058 
2022-04-07 11:15:50,691 - processing completed: 162_058
2022-04-07 11:15:50,695 - processing started: 163_059 
2022-04-07 11:15:50,770 - processing completed: 163_059
2022-04-07 11:15:50,773 - processing started: 164_059 
2022-04-07 11:15:50,896 - processing completed: 164_059
2022-04-07 11:15:50,900 - processing started: 165_060 
2022-04-07 11:15:51,027 - processing completed: 165_060
2022-04-07 11:15:51,031 - processing started: 166_060 
2022-04-07 11:15:51,099 - processing completed: 166_060
2022-04-07 11:15:51,103 - processing started: 167_060 
2022-04-07 11:15:51,231 - processing completed: 167_060
2022-04-07 11:15:51,234 - processing started: 168_061 
2022-04-07 11:15:51,308 - processing completed: 168_061
2022-04-07 11:15:51,312 - processing started: 169_061 
2022-04-07 11:15:51,445 - processing completed: 169_061
2022-04-07 11:15:51,448 - processing started: 170_062 
2022-04-07 11:15:51,522 - processing completed: 170_062
2022-04-07 11:15:51,526 - processing started: 171_062 
2022-04-07 11:15:51,654 - processing completed: 171_062
2022-04-07 11:15:51,658 - processing started: 172_062 
2022-04-07 11:15:51,732 - processing completed: 172_062
2022-04-07 11:15:51,735 - processing started: 173_063 
2022-04-07 11:15:51,932 - processing completed: 173_063
2022-04-07 11:15:51,937 - processing started: 174_063 
2022-04-07 11:15:52,077 - processing completed: 174_063
2022-04-07 11:15:52,082 - processing started: 175_064 
2022-04-07 11:15:52,273 - processing completed: 175_064
2022-04-07 11:15:52,279 - processing started: 176_064 
2022-04-07 11:15:52,420 - processing completed: 176_064
2022-04-07 11:15:52,425 - processing started: 177_064 
2022-04-07 11:15:52,621 - processing completed: 177_064
2022-04-07 11:15:52,627 - processing started: 178_064 
2022-04-07 11:15:52,765 - processing completed: 178_064
2022-04-07 11:15:52,769 - processing started: 179_065 
2022-04-07 11:15:52,962 - processing completed: 179_065
2022-04-07 11:15:52,967 - processing started: 180_065 
2022-04-07 11:15:53,165 - processing completed: 180_065
2022-04-07 11:15:53,170 - processing started: 181_066 
2022-04-07 11:15:53,313 - processing completed: 181_066
2022-04-07 11:15:53,319 - processing started: 182_066 
2022-04-07 11:15:53,526 - processing completed: 182_066
2022-04-07 11:15:53,531 - processing started: 183_066 
2022-04-07 11:15:53,674 - processing completed: 183_066
2022-04-07 11:15:53,680 - processing started: 184_066 
2022-04-07 11:15:53,879 - processing completed: 184_066
2022-04-07 11:15:53,885 - processing started: 185_066 
2022-04-07 11:15:54,029 - processing completed: 185_066
2022-04-07 11:15:54,034 - processing started: 186_066 
2022-04-07 11:15:54,226 - processing completed: 186_066
2022-04-07 11:15:54,231 - processing started: 187_066 
2022-04-07 11:15:54,342 - processing completed: 187_066
2022-04-07 11:15:54,347 - processing started: 188_067 
2022-04-07 11:15:54,438 - processing completed: 188_067
2022-04-07 11:15:54,441 - processing started: 189_067 
2022-04-07 11:15:54,584 - processing completed: 189_067
2022-04-07 11:15:54,589 - processing started: 190_067 
2022-04-07 11:15:54,742 - processing completed: 190_067
2022-04-07 11:15:54,745 - processing started: 191_067 
2022-04-07 11:15:54,890 - processing completed: 191_067
2022-04-07 11:15:54,895 - processing started: 192_067 
2022-04-07 11:15:55,092 - processing completed: 192_067
2022-04-07 11:15:55,098 - processing started: 193_068 
2022-04-07 11:15:55,252 - processing completed: 193_068
2022-04-07 11:15:55,256 - processing started: 194_068 
2022-04-07 11:15:55,355 - processing completed: 194_068
2022-04-07 11:15:55,359 - processing started: 195_069 
2022-04-07 11:15:55,516 - processing completed: 195_069
2022-04-07 11:15:55,520 - processing started: 196_069 
2022-04-07 11:15:55,621 - processing completed: 196_069
2022-04-07 11:15:55,625 - processing started: 197_069 
2022-04-07 11:15:55,779 - processing completed: 197_069
2022-04-07 11:15:55,783 - processing started: 198_069 
2022-04-07 11:15:55,881 - processing completed: 198_069
2022-04-07 11:15:55,886 - processing started: 199_070 
2022-04-07 11:15:56,082 - processing completed: 199_070
2022-04-07 11:15:56,087 - processing started: 200_070 
2022-04-07 11:15:56,121 - processing completed: 200_070
2022-04-07 11:15:56,124 - processing started: 201_071 
2022-04-07 11:15:56,312 - processing completed: 201_071
2022-04-07 11:15:56,317 - processing started: 202_071 
2022-04-07 11:15:56,462 - processing completed: 202_071
2022-04-07 11:15:56,467 - processing started: 203_072 
2022-04-07 11:15:56,659 - processing completed: 203_072
2022-04-07 11:15:56,664 - processing started: 204_072 
2022-04-07 11:15:56,806 - processing completed: 204_072
2022-04-07 11:15:56,812 - processing started: 205_072 
2022-04-07 11:15:57,019 - processing completed: 205_072
2022-04-07 11:15:57,024 - processing started: 206_072 
2022-04-07 11:15:57,171 - processing completed: 206_072
2022-04-07 11:15:57,177 - processing started: 207_073 
2022-04-07 11:15:57,363 - processing completed: 207_073
2022-04-07 11:15:57,370 - processing started: 208_073 
2022-04-07 11:15:57,564 - processing completed: 208_073
2022-04-07 11:15:57,569 - processing started: 209_074 
2022-04-07 11:15:57,710 - processing completed: 209_074
2022-04-07 11:15:57,716 - processing started: 210_074 
2022-04-07 11:15:57,914 - processing completed: 210_074
2022-04-07 11:15:57,919 - processing started: 211_075 
2022-04-07 11:15:58,064 - processing completed: 211_075
2022-04-07 11:15:58,071 - processing started: 212_075 
2022-04-07 11:15:58,268 - processing completed: 212_075
2022-04-07 11:15:58,273 - processing started: 213_076 
2022-04-07 11:15:58,413 - processing completed: 213_076
2022-04-07 11:15:58,418 - processing started: 214_076 
2022-04-07 11:15:58,615 - processing completed: 214_076
2022-04-07 11:15:58,621 - processing started: 215_077 
2022-04-07 11:15:58,719 - processing completed: 215_077
2022-04-07 11:15:58,723 - processing started: 216_077 
2022-04-07 11:15:58,918 - processing completed: 216_077
2022-04-07 11:15:58,924 - processing started: 217_077 
2022-04-07 11:15:59,066 - processing completed: 217_077
2022-04-07 11:15:59,071 - processing started: 218_078 
2022-04-07 11:15:59,261 - processing completed: 218_078
2022-04-07 11:15:59,267 - processing started: 219_078 
2022-04-07 11:15:59,410 - processing completed: 219_078
2022-04-07 11:15:59,415 - processing started: 220_079 
2022-04-07 11:15:59,615 - processing completed: 220_079
2022-04-07 11:15:59,620 - processing started: 221_079 
2022-04-07 11:15:59,759 - processing completed: 221_079
2022-04-07 11:15:59,764 - processing started: 222_079 
2022-04-07 11:15:59,957 - processing completed: 222_079
2022-04-07 11:15:59,962 - processing started: 223_080 
2022-04-07 11:16:00,088 - processing completed: 223_080
2022-04-07 11:16:00,092 - processing started: 224_080 
2022-04-07 11:16:00,159 - processing completed: 224_080
2022-04-07 11:16:00,163 - processing started: 225_081 
2022-04-07 11:16:00,305 - processing completed: 225_081
2022-04-07 11:16:00,309 - processing started: 226_081 
2022-04-07 11:16:00,396 - processing completed: 226_081
2022-04-07 11:16:00,401 - processing started: 227_081 
2022-04-07 11:16:00,542 - processing completed: 227_081
2022-04-07 11:16:00,547 - processing started: 228_081 
2022-04-07 11:16:00,635 - processing completed: 228_081
2022-04-07 11:16:00,639 - processing started: 229_081 
2022-04-07 11:16:00,781 - processing completed: 229_081
2022-04-07 11:16:00,786 - processing started: 230_081 
2022-04-07 11:16:00,874 - processing completed: 230_081
2022-04-07 11:16:00,878 - processing started: 231_081 
2022-04-07 11:16:01,025 - processing completed: 231_081
2022-04-07 11:16:01,030 - processing started: 232_082 
2022-04-07 11:16:01,120 - processing completed: 232_082
2022-04-07 11:16:01,124 - processing started: 233_082 
2022-04-07 11:16:01,269 - processing completed: 233_082
2022-04-07 11:16:01,273 - processing started: 234_082 
2022-04-07 11:16:01,358 - processing completed: 234_082
2022-04-07 11:16:01,362 - processing started: 235_082 
2022-04-07 11:16:01,496 - processing completed: 235_082
2022-04-07 11:16:01,501 - processing started: 236_083 
2022-04-07 11:16:01,589 - processing completed: 236_083
2022-04-07 11:16:01,594 - processing started: 237_083 
2022-04-07 11:16:01,732 - processing completed: 237_083
2022-04-07 11:16:01,736 - processing started: 238_084 
2022-04-07 11:16:01,878 - processing completed: 238_084
2022-04-07 11:16:01,882 - processing started: 239_084 
2022-04-07 11:16:01,970 - processing completed: 239_084
2022-04-07 11:16:01,974 - processing started: 240_085 
2022-04-07 11:16:02,113 - processing completed: 240_085
2022-04-07 11:16:02,118 - processing started: 241_085 
2022-04-07 11:16:02,207 - processing completed: 241_085
2022-04-07 11:16:02,211 - processing started: 242_086 
2022-04-07 11:16:02,363 - processing completed: 242_086
2022-04-07 11:16:02,367 - processing started: 243_086 
2022-04-07 11:16:02,471 - processing completed: 243_086
2022-04-07 11:16:02,474 - processing started: 244_087 
2022-04-07 11:16:02,625 - processing completed: 244_087
2022-04-07 11:16:02,629 - processing started: 245_087 
2022-04-07 11:16:02,714 - processing completed: 245_087
2022-04-07 11:16:02,718 - processing started: 246_088 
2022-04-07 11:16:02,856 - processing completed: 246_088
2022-04-07 11:16:02,859 - processing started: 247_088 
2022-04-07 11:16:02,948 - processing completed: 247_088
2022-04-07 11:16:02,952 - processing started: 248_088 
2022-04-07 11:16:03,091 - processing completed: 248_088
2022-04-07 11:16:03,095 - processing started: 249_089 
2022-04-07 11:16:03,150 - processing completed: 249_089
2022-04-07 11:16:03,153 - processing started: 250_089 
2022-04-07 11:16:03,260 - processing completed: 250_089
2022-04-07 11:16:03,263 - processing started: 251_089 
2022-04-07 11:16:03,317 - processing completed: 251_089
2022-04-07 11:16:03,319 - processing started: 252_090 
2022-04-07 11:16:03,423 - processing completed: 252_090
2022-04-07 11:16:03,426 - processing started: 253_090 
2022-04-07 11:16:03,534 - processing completed: 253_090
2022-04-07 11:16:03,539 - processing started: 254_091 
2022-04-07 11:16:03,593 - processing completed: 254_091
2022-04-07 11:16:03,596 - processing started: 255_091 
2022-04-07 11:16:03,705 - processing completed: 255_091
2022-04-07 11:16:03,709 - processing started: 256_092 
2022-04-07 11:16:03,764 - processing completed: 256_092
2022-04-07 11:16:03,767 - processing started: 257_092 
2022-04-07 11:16:03,876 - processing completed: 257_092
2022-04-07 11:16:03,879 - processing started: 258_093 
2022-04-07 11:16:03,948 - processing completed: 258_093
2022-04-07 11:16:03,951 - processing started: 259_093 
2022-04-07 11:16:04,071 - processing completed: 259_093
2022-04-07 11:16:04,074 - processing started: 260_094 
2022-04-07 11:16:04,142 - processing completed: 260_094
2022-04-07 11:16:04,146 - processing started: 261_094 
2022-04-07 11:16:04,269 - processing completed: 261_094
2022-04-07 11:16:04,273 - processing started: 262_094 
2022-04-07 11:16:04,338 - processing completed: 262_094
2022-04-07 11:16:04,342 - processing started: 263_095 
2022-04-07 11:16:04,462 - processing completed: 263_095
2022-04-07 11:16:04,466 - processing started: 264_095 
2022-04-07 11:16:04,532 - processing completed: 264_095
2022-04-07 11:16:04,537 - processing started: 265_096 
2022-04-07 11:16:04,653 - processing completed: 265_096
2022-04-07 11:16:04,657 - processing started: 266_096 
2022-04-07 11:16:04,723 - processing completed: 266_096
2022-04-07 11:16:04,727 - processing started: 267_097 
2022-04-07 11:16:04,843 - processing completed: 267_097
2022-04-07 11:16:04,846 - processing started: 268_097 
2022-04-07 11:16:04,972 - processing completed: 268_097
2022-04-07 11:16:04,975 - processing started: 269_098 
2022-04-07 11:16:05,042 - processing completed: 269_098
2022-04-07 11:16:05,046 - processing started: 270_098 
2022-04-07 11:16:05,169 - processing completed: 270_098
2022-04-07 11:16:05,172 - processing started: 271_098 
2022-04-07 11:16:05,237 - processing completed: 271_098
2022-04-07 11:16:05,240 - processing started: 272_099 
2022-04-07 11:16:05,354 - processing completed: 272_099
2022-04-07 11:16:05,357 - processing started: 273_099 
2022-04-07 11:16:05,413 - processing completed: 273_099
2022-04-07 11:16:05,417 - processing started: 274_100 
2022-04-07 11:16:05,555 - processing completed: 274_100
2022-04-07 11:16:05,559 - processing started: 275_100 
2022-04-07 11:16:05,645 - processing completed: 275_100
2022-04-07 11:16:05,649 - processing started: 276_101 
2022-04-07 11:16:05,765 - processing completed: 276_101
2022-04-07 11:16:05,768 - processing started: 277_101 
2022-04-07 11:16:05,827 - processing completed: 277_101
2022-04-07 11:16:05,830 - processing started: 278_102 
2022-04-07 11:16:05,945 - processing completed: 278_102
2022-04-07 11:16:05,948 - processing started: 279_102 
2022-04-07 11:16:06,007 - processing completed: 279_102
2022-04-07 11:16:06,010 - processing started: 280_103 
2022-04-07 11:16:06,119 - processing completed: 280_103
2022-04-07 11:16:06,123 - processing started: 281_103 
2022-04-07 11:16:06,181 - processing completed: 281_103
2022-04-07 11:16:06,184 - processing started: 282_103 
2022-04-07 11:16:06,291 - processing completed: 282_103
2022-04-07 11:16:06,295 - processing started: 283_104 
2022-04-07 11:16:06,407 - processing completed: 283_104
2022-04-07 11:16:06,411 - processing started: 284_104 
2022-04-07 11:16:06,466 - processing completed: 284_104
2022-04-07 11:16:06,470 - processing started: 285_105 
2022-04-07 11:16:06,585 - processing completed: 285_105
2022-04-07 11:16:06,589 - processing started: 286_105 
2022-04-07 11:16:06,646 - processing completed: 286_105
2022-04-07 11:16:06,649 - processing started: 287_106 
2022-04-07 11:16:06,761 - processing completed: 287_106
2022-04-07 11:16:06,765 - processing started: 288_106 
2022-04-07 11:16:06,820 - processing completed: 288_106
2022-04-07 11:16:06,824 - processing started: 289_107 
2022-04-07 11:16:06,937 - processing completed: 289_107
2022-04-07 11:16:06,940 - processing started: 290_107 
2022-04-07 11:16:06,996 - processing completed: 290_107
2022-04-07 11:16:07,000 - processing started: 291_107 
2022-04-07 11:16:07,110 - processing completed: 291_107
2022-04-07 11:16:07,114 - processing started: 292_108 
2022-04-07 11:16:07,167 - processing completed: 292_108
2022-04-07 11:16:07,170 - processing started: 293_108 
2022-04-07 11:16:07,283 - processing completed: 293_108
2022-04-07 11:16:07,286 - processing started: 294_108 
2022-04-07 11:16:07,339 - processing completed: 294_108
2022-04-07 11:16:07,342 - processing started: 295_109 
2022-04-07 11:16:07,463 - processing completed: 295_109
2022-04-07 11:16:07,467 - processing started: 296_109 
2022-04-07 11:16:07,522 - processing completed: 296_109
2022-04-07 11:16:07,525 - processing started: 297_110 
2022-04-07 11:16:07,636 - processing completed: 297_110
2022-04-07 11:16:07,640 - processing started: 298_110 
2022-04-07 11:16:07,752 - processing completed: 298_110
2022-04-07 11:16:07,756 - processing started: 299_110 
2022-04-07 11:16:07,812 - processing completed: 299_110
2022-04-07 11:16:07,815 - processing started: 300_111 
2022-04-07 11:16:07,923 - processing completed: 300_111
2022-04-07 11:16:07,927 - processing started: 301_111 
2022-04-07 11:16:07,981 - processing completed: 301_111
2022-04-07 11:16:07,985 - processing started: 302_112 
2022-04-07 11:16:08,095 - processing completed: 302_112
2022-04-07 11:16:08,098 - processing started: 303_112 
2022-04-07 11:16:08,153 - processing completed: 303_112
2022-04-07 11:16:08,157 - processing started: 304_113 
2022-04-07 11:16:08,262 - processing completed: 304_113
2022-04-07 11:16:08,265 - processing started: 305_113 
2022-04-07 11:16:08,318 - processing completed: 305_113
2022-04-07 11:16:08,321 - processing started: 306_114 
2022-04-07 11:16:08,461 - processing completed: 306_114
2022-04-07 11:16:08,465 - processing started: 307_114 
2022-04-07 11:16:08,552 - processing completed: 307_114
2022-04-07 11:16:08,556 - processing started: 308_115 
2022-04-07 11:16:08,693 - processing completed: 308_115
2022-04-07 11:16:08,697 - processing started: 309_115 
2022-04-07 11:16:08,782 - processing completed: 309_115
2022-04-07 11:16:08,786 - processing started: 310_116 
2022-04-07 11:16:08,920 - processing completed: 310_116
2022-04-07 11:16:08,925 - processing started: 311_116 
2022-04-07 11:16:09,008 - processing completed: 311_116
2022-04-07 11:16:09,012 - processing started: 312_117 
2022-04-07 11:16:09,149 - processing completed: 312_117
2022-04-07 11:16:09,153 - processing started: 313_117 
2022-04-07 11:16:09,293 - processing completed: 313_117
2022-04-07 11:16:09,297 - processing started: 314_117 
2022-04-07 11:16:09,381 - processing completed: 314_117
2022-04-07 11:16:09,385 - processing started: 315_117 
2022-04-07 11:16:09,523 - processing completed: 315_117
2022-04-07 11:16:09,527 - processing started: 316_118 
2022-04-07 11:16:09,615 - processing completed: 316_118
2022-04-07 11:16:09,620 - processing started: 317_118 
2022-04-07 11:16:09,756 - processing completed: 317_118
2022-04-07 11:16:09,760 - processing started: 318_119 
2022-04-07 11:16:09,845 - processing completed: 318_119
2022-04-07 11:16:09,850 - processing started: 319_119 
2022-04-07 11:16:09,986 - processing completed: 319_119
2022-04-07 11:16:09,990 - processing started: 320_120 
2022-04-07 11:16:10,056 - processing completed: 320_120
2022-04-07 11:16:10,059 - processing started: 321_120 
2022-04-07 11:16:10,178 - processing completed: 321_120
2022-04-07 11:16:10,181 - processing started: 322_120 
2022-04-07 11:16:10,246 - processing completed: 322_120
2022-04-07 11:16:10,249 - processing started: 323_120 
2022-04-07 11:16:10,367 - processing completed: 323_120
2022-04-07 11:16:10,371 - processing started: 324_121 
2022-04-07 11:16:10,459 - processing completed: 324_121
2022-04-07 11:16:10,462 - processing started: 325_121 
2022-04-07 11:16:10,603 - processing completed: 325_121
2022-04-07 11:16:10,607 - processing started: 326_122 
2022-04-07 11:16:10,747 - processing completed: 326_122
2022-04-07 11:16:10,751 - processing started: 327_122 
2022-04-07 11:16:10,834 - processing completed: 327_122
2022-04-07 11:16:10,837 - processing started: 328_123 
2022-04-07 11:16:10,978 - processing completed: 328_123
2022-04-07 11:16:10,982 - processing started: 329_123 
2022-04-07 11:16:11,069 - processing completed: 329_123
2022-04-07 11:16:11,073 - processing started: 330_123 
2022-04-07 11:16:11,218 - processing completed: 330_123
2022-04-07 11:16:11,222 - processing started: 331_124 
2022-04-07 11:16:11,307 - processing completed: 331_124
2022-04-07 11:16:11,311 - processing started: 332_124 
2022-04-07 11:16:11,456 - processing completed: 332_124
2022-04-07 11:16:11,460 - processing started: 333_124 
2022-04-07 11:16:11,548 - processing completed: 333_124
2022-04-07 11:16:11,551 - processing started: 334_124 
2022-04-07 11:16:11,693 - processing completed: 334_124
2022-04-07 11:16:11,697 - processing started: 335_124 
2022-04-07 11:16:11,782 - processing completed: 335_124
2022-04-07 11:16:11,786 - processing started: 336_124 
2022-04-07 11:16:11,923 - processing completed: 336_124
2022-04-07 11:16:11,927 - processing started: 337_124 
2022-04-07 11:16:12,013 - processing completed: 337_124
2022-04-07 11:16:12,016 - processing started: 338_124 
2022-04-07 11:16:12,154 - processing completed: 338_124
2022-04-07 11:16:12,157 - processing started: 339_124 
2022-04-07 11:16:12,244 - processing completed: 339_124
2022-04-07 11:16:12,247 - processing started: 340_125 
2022-04-07 11:16:12,388 - processing completed: 340_125
2022-04-07 11:16:12,392 - processing started: 341_125 
2022-04-07 11:16:12,532 - processing completed: 341_125
2022-04-07 11:16:12,537 - processing started: 342_126 
2022-04-07 11:16:12,623 - processing completed: 342_126
2022-04-07 11:16:12,627 - processing started: 343_126 
2022-04-07 11:16:12,768 - processing completed: 343_126
2022-04-07 11:16:12,772 - processing started: 344_126 
2022-04-07 11:16:12,858 - processing completed: 344_126
2022-04-07 11:16:12,862 - processing started: 345_127 
2022-04-07 11:16:13,006 - processing completed: 345_127
2022-04-07 11:16:13,010 - processing started: 346_127 
2022-04-07 11:16:13,098 - processing completed: 346_127
2022-04-07 11:16:13,102 - processing started: 347_128 
2022-04-07 11:16:13,244 - processing completed: 347_128
2022-04-07 11:16:13,248 - processing started: 348_128 
2022-04-07 11:16:13,333 - processing completed: 348_128
2022-04-07 11:16:13,336 - processing started: 349_129 
2022-04-07 11:16:13,476 - processing completed: 349_129
2022-04-07 11:16:13,479 - processing started: 350_129 
2022-04-07 11:16:13,564 - processing completed: 350_129
2022-04-07 11:16:13,567 - processing started: 351_129 
2022-04-07 11:16:13,705 - processing completed: 351_129
2022-04-07 11:16:13,709 - processing started: 352_130 
2022-04-07 11:16:13,794 - processing completed: 352_130
2022-04-07 11:16:13,797 - processing started: 353_130 
2022-04-07 11:16:13,937 - processing completed: 353_130
2022-04-07 11:16:13,941 - processing started: 354_131 
2022-04-07 11:16:14,025 - processing completed: 354_131
2022-04-07 11:16:14,030 - processing started: 355_131 
2022-04-07 11:16:14,168 - processing completed: 355_131
2022-04-07 11:16:14,172 - processing started: 356_132 
2022-04-07 11:16:14,312 - processing completed: 356_132
2022-04-07 11:16:14,316 - processing started: 357_132 
2022-04-07 11:16:14,404 - processing completed: 357_132
2022-04-07 11:16:14,409 - processing started: 358_133 
2022-04-07 11:16:14,551 - processing completed: 358_133
2022-04-07 11:16:14,556 - processing started: 359_133 
2022-04-07 11:16:14,643 - processing completed: 359_133
2022-04-07 11:16:14,647 - processing started: 360_134 
2022-04-07 11:16:14,790 - processing completed: 360_134
2022-04-07 11:16:14,794 - processing started: 361_134 
2022-04-07 11:16:14,877 - processing completed: 361_134
2022-04-07 11:16:14,881 - processing started: 362_134 
2022-04-07 11:16:15,018 - processing completed: 362_134
2022-04-07 11:16:15,022 - processing started: 363_134 
2022-04-07 11:16:15,109 - processing completed: 363_134
2022-04-07 11:16:15,114 - processing started: 364_134 
2022-04-07 11:16:15,252 - processing completed: 364_134
2022-04-07 11:16:15,256 - processing started: 365_135 
2022-04-07 11:16:15,339 - processing completed: 365_135
2022-04-07 11:16:15,344 - processing started: 366_135 
2022-04-07 11:16:15,487 - processing completed: 366_135
2022-04-07 11:16:15,491 - processing started: 367_135 
2022-04-07 11:16:15,577 - processing completed: 367_135
2022-04-07 11:16:15,581 - processing started: 368_136 
2022-04-07 11:16:15,720 - processing completed: 368_136
2022-04-07 11:16:15,723 - processing started: 369_136 
2022-04-07 11:16:15,811 - processing completed: 369_136
2022-04-07 11:16:15,814 - processing started: 370_137 
2022-04-07 11:16:15,949 - processing completed: 370_137
2022-04-07 11:16:15,952 - processing started: 371_137 
2022-04-07 11:16:16,091 - processing completed: 371_137
2022-04-07 11:16:16,095 - processing started: 372_138 
2022-04-07 11:16:16,180 - processing completed: 372_138
2022-04-07 11:16:16,183 - processing started: 373_138 
2022-04-07 11:16:16,320 - processing completed: 373_138
2022-04-07 11:16:16,324 - processing started: 374_139 
2022-04-07 11:16:16,409 - processing completed: 374_139
2022-04-07 11:16:16,414 - processing started: 375_139 
2022-04-07 11:16:16,553 - processing completed: 375_139
2022-04-07 11:16:16,557 - processing started: 376_140 
2022-04-07 11:16:16,641 - processing completed: 376_140
2022-04-07 11:16:16,646 - processing started: 377_140 
2022-04-07 11:16:16,786 - processing completed: 377_140
2022-04-07 11:16:16,790 - processing started: 378_140 
2022-04-07 11:16:16,881 - processing completed: 378_140
2022-04-07 11:16:16,884 - processing started: 379_141 
2022-04-07 11:16:17,025 - processing completed: 379_141
2022-04-07 11:16:17,029 - processing started: 380_141 
2022-04-07 11:16:17,116 - processing completed: 380_141
2022-04-07 11:16:17,120 - processing started: 381_142 
2022-04-07 11:16:17,257 - processing completed: 381_142
2022-04-07 11:16:17,261 - processing started: 382_142 
2022-04-07 11:16:17,346 - processing completed: 382_142
2022-04-07 11:16:17,350 - processing started: 383_143 
2022-04-07 11:16:17,492 - processing completed: 383_143
2022-04-07 11:16:17,497 - processing started: 384_143 
2022-04-07 11:16:17,584 - processing completed: 384_143
2022-04-07 11:16:17,588 - processing started: 385_144 
2022-04-07 11:16:17,722 - processing completed: 385_144
2022-04-07 11:16:17,726 - processing started: 386_144 
2022-04-07 11:16:17,877 - processing completed: 386_144
2022-04-07 11:16:17,881 - processing started: 387_144 
2022-04-07 11:16:17,971 - processing completed: 387_144
2022-04-07 11:16:17,975 - processing started: 388_145 
2022-04-07 11:16:18,115 - processing completed: 388_145
2022-04-07 11:16:18,119 - processing started: 389_145 
2022-04-07 11:16:18,203 - processing completed: 389_145
2022-04-07 11:16:18,207 - processing started: 390_145 
2022-04-07 11:16:18,342 - processing completed: 390_145
2022-04-07 11:16:18,347 - processing started: 391_145 
2022-04-07 11:16:18,432 - processing completed: 391_145
2022-04-07 11:16:18,436 - processing started: 392_145 
2022-04-07 11:16:18,573 - processing completed: 392_145
2022-04-07 11:16:18,577 - processing started: 393_146 
2022-04-07 11:16:18,663 - processing completed: 393_146
2022-04-07 11:16:18,666 - processing started: 394_146 
2022-04-07 11:16:18,801 - processing completed: 394_146
2022-04-07 11:16:18,805 - processing started: 395_147 
2022-04-07 11:16:18,891 - processing completed: 395_147
2022-04-07 11:16:18,895 - processing started: 396_147 
2022-04-07 11:16:19,038 - processing completed: 396_147
2022-04-07 11:16:19,043 - processing started: 397_147 
2022-04-07 11:16:19,130 - processing completed: 397_147
2022-04-07 11:16:19,135 - processing started: 398_147 
2022-04-07 11:16:19,274 - processing completed: 398_147
2022-04-07 11:16:19,278 - processing started: 399_148 
2022-04-07 11:16:19,364 - processing completed: 399_148
2022-04-07 11:16:19,369 - processing started: 400_148 
2022-04-07 11:16:19,503 - processing completed: 400_148
2022-04-07 11:16:19,507 - processing started: 401_149 
2022-04-07 11:16:19,656 - processing completed: 401_149
2022-04-07 11:16:19,661 - processing started: 402_149 
2022-04-07 11:16:19,750 - processing completed: 402_149
2022-04-07 11:16:19,754 - processing started: 403_149 
2022-04-07 11:16:19,902 - processing completed: 403_149
2022-04-07 11:16:19,906 - processing started: 404_149 
2022-04-07 11:16:19,994 - processing completed: 404_149
2022-04-07 11:16:19,998 - processing started: 405_150 
2022-04-07 11:16:20,140 - processing completed: 405_150
2022-04-07 11:16:20,143 - processing started: 406_150 
2022-04-07 11:16:20,230 - processing completed: 406_150
2022-04-07 11:16:20,234 - processing started: 407_151 
2022-04-07 11:16:20,376 - processing completed: 407_151
2022-04-07 11:16:20,380 - processing started: 408_151 
2022-04-07 11:16:20,465 - processing completed: 408_151
2022-04-07 11:16:20,469 - processing started: 409_152 
2022-04-07 11:16:20,611 - processing completed: 409_152
2022-04-07 11:16:20,615 - processing started: 410_152 
2022-04-07 11:16:20,700 - processing completed: 410_152
2022-04-07 11:16:20,703 - processing started: 411_153 
2022-04-07 11:16:20,858 - processing completed: 411_153
2022-04-07 11:16:20,861 - processing started: 412_153 
2022-04-07 11:16:20,950 - processing completed: 412_153
2022-04-07 11:16:20,953 - processing started: 413_154 
2022-04-07 11:16:21,095 - processing completed: 413_154
2022-04-07 11:16:21,098 - processing started: 414_154 
2022-04-07 11:16:21,183 - processing completed: 414_154
2022-04-07 11:16:21,186 - processing started: 415_155 
2022-04-07 11:16:21,327 - processing completed: 415_155
2022-04-07 11:16:21,331 - processing started: 416_155 
2022-04-07 11:16:21,471 - processing completed: 416_155
2022-04-07 11:16:21,475 - processing started: 417_156 
2022-04-07 11:16:21,564 - processing completed: 417_156
2022-04-07 11:16:21,567 - processing started: 418_156 
2022-04-07 11:16:21,710 - processing completed: 418_156
2022-04-07 11:16:21,713 - processing started: 419_156 
2022-04-07 11:16:21,798 - processing completed: 419_156
2022-04-07 11:16:21,802 - processing started: 420_157 
2022-04-07 11:16:21,943 - processing completed: 420_157
2022-04-07 11:16:21,947 - processing started: 421_157 
2022-04-07 11:16:22,037 - processing completed: 421_157
2022-04-07 11:16:22,041 - processing started: 422_157 
2022-04-07 11:16:22,183 - processing completed: 422_157
2022-04-07 11:16:22,187 - processing started: 423_158 
2022-04-07 11:16:22,272 - processing completed: 423_158
2022-04-07 11:16:22,276 - processing started: 424_158 
2022-04-07 11:16:22,416 - processing completed: 424_158
2022-04-07 11:16:22,420 - processing started: 425_159 
2022-04-07 11:16:22,505 - processing completed: 425_159
2022-04-07 11:16:22,508 - processing started: 426_159 
2022-04-07 11:16:22,648 - processing completed: 426_159
2022-04-07 11:16:22,652 - processing started: 427_159 
2022-04-07 11:16:22,737 - processing completed: 427_159
2022-04-07 11:16:22,741 - processing started: 428_160 
2022-04-07 11:16:22,879 - processing completed: 428_160
2022-04-07 11:16:22,884 - processing started: 429_160 
2022-04-07 11:16:22,970 - processing completed: 429_160
2022-04-07 11:16:22,974 - processing started: 430_160 
2022-04-07 11:16:23,116 - processing completed: 430_160
2022-04-07 11:16:23,120 - processing started: 431_161 
2022-04-07 11:16:23,259 - processing completed: 431_161
2022-04-07 11:16:23,263 - processing started: 432_161 
2022-04-07 11:16:23,348 - processing completed: 432_161
2022-04-07 11:16:23,352 - processing started: 433_162 
2022-04-07 11:16:23,491 - processing completed: 433_162
2022-04-07 11:16:23,495 - processing started: 434_162 
2022-04-07 11:16:23,581 - processing completed: 434_162
2022-04-07 11:16:23,584 - processing started: 435_163 
2022-04-07 11:16:23,723 - processing completed: 435_163
2022-04-07 11:16:23,727 - processing started: 436_163 
2022-04-07 11:16:23,812 - processing completed: 436_163
2022-04-07 11:16:23,816 - processing started: 437_164 
2022-04-07 11:16:23,959 - processing completed: 437_164
2022-04-07 11:16:23,964 - processing started: 438_164 
2022-04-07 11:16:24,049 - processing completed: 438_164
2022-04-07 11:16:24,054 - processing started: 439_164 
2022-04-07 11:16:24,195 - processing completed: 439_164
2022-04-07 11:16:24,200 - processing started: 440_165 
2022-04-07 11:16:24,286 - processing completed: 440_165
2022-04-07 11:16:24,291 - processing started: 441_165 
2022-04-07 11:16:24,434 - processing completed: 441_165
2022-04-07 11:16:24,438 - processing started: 442_166 
2022-04-07 11:16:24,523 - processing completed: 442_166
2022-04-07 11:16:24,527 - processing started: 443_166 
2022-04-07 11:16:24,664 - processing completed: 443_166
2022-04-07 11:16:24,669 - processing started: 444_167 
2022-04-07 11:16:24,753 - processing completed: 444_167
2022-04-07 11:16:24,757 - processing started: 445_167 
2022-04-07 11:16:24,891 - processing completed: 445_167
2022-04-07 11:16:24,895 - processing started: 446_167 
2022-04-07 11:16:25,036 - processing completed: 446_167
2022-04-07 11:16:25,040 - processing started: 447_167 
2022-04-07 11:16:25,126 - processing completed: 447_167
2022-04-07 11:16:25,130 - processing started: 448_168 
2022-04-07 11:16:25,268 - processing completed: 448_168
2022-04-07 11:16:25,272 - processing started: 449_168 
2022-04-07 11:16:25,357 - processing completed: 449_168
2022-04-07 11:16:25,363 - processing started: 450_168 
2022-04-07 11:16:25,502 - processing completed: 450_168
2022-04-07 11:16:25,506 - processing started: 451_168 
2022-04-07 11:16:25,596 - processing completed: 451_168
2022-04-07 11:16:25,600 - processing started: 452_169 
2022-04-07 11:16:25,737 - processing completed: 452_169
2022-04-07 11:16:25,742 - processing started: 453_169 
2022-04-07 11:16:25,825 - processing completed: 453_169
2022-04-07 11:16:25,829 - processing started: 454_170 
2022-04-07 11:16:25,971 - processing completed: 454_170
2022-04-07 11:16:25,975 - processing started: 455_170 
2022-04-07 11:16:26,065 - processing completed: 455_170
2022-04-07 11:16:26,069 - processing started: 456_171 
2022-04-07 11:16:26,211 - processing completed: 456_171
2022-04-07 11:16:26,215 - processing started: 457_171 
2022-04-07 11:16:26,300 - processing completed: 457_171
2022-04-07 11:16:26,304 - processing started: 458_171 
2022-04-07 11:16:26,442 - processing completed: 458_171
2022-04-07 11:16:26,447 - processing started: 459_172 
2022-04-07 11:16:26,592 - processing completed: 459_172
2022-04-07 11:16:26,597 - processing started: 460_172 
2022-04-07 11:16:26,682 - processing completed: 460_172
2022-04-07 11:16:26,685 - processing started: 461_173 
2022-04-07 11:16:26,824 - processing completed: 461_173
2022-04-07 11:16:26,827 - processing started: 462_173 
2022-04-07 11:16:26,915 - processing completed: 462_173
2022-04-07 11:16:26,918 - processing started: 463_173 
2022-04-07 11:16:27,059 - processing completed: 463_173
2022-04-07 11:16:27,063 - processing started: 464_174 
2022-04-07 11:16:27,149 - processing completed: 464_174
2022-04-07 11:16:27,152 - processing started: 465_174 
2022-04-07 11:16:27,294 - processing completed: 465_174
2022-04-07 11:16:27,298 - processing started: 466_174 
2022-04-07 11:16:27,385 - processing completed: 466_174
2022-04-07 11:16:27,388 - processing started: 467_174 
2022-04-07 11:16:27,525 - processing completed: 467_174
2022-04-07 11:16:27,528 - processing started: 468_175 
2022-04-07 11:16:27,614 - processing completed: 468_175
2022-04-07 11:16:27,618 - processing started: 469_175 
2022-04-07 11:16:27,754 - processing completed: 469_175
2022-04-07 11:16:27,758 - processing started: 470_176 
2022-04-07 11:16:27,844 - processing completed: 470_176
2022-04-07 11:16:27,848 - processing started: 471_176 
2022-04-07 11:16:27,990 - processing completed: 471_176
2022-04-07 11:16:27,994 - processing started: 472_177 
2022-04-07 11:16:28,079 - processing completed: 472_177
2022-04-07 11:16:28,083 - processing started: 473_177 
2022-04-07 11:16:28,219 - processing completed: 473_177
2022-04-07 11:16:28,222 - processing started: 474_178 
2022-04-07 11:16:28,375 - processing completed: 474_178
2022-04-07 11:16:28,378 - processing started: 475_178 
2022-04-07 11:16:28,466 - processing completed: 475_178
2022-04-07 11:16:28,469 - processing started: 476_178 
2022-04-07 11:16:28,612 - processing completed: 476_178
2022-04-07 11:16:28,616 - processing started: 477_179 
2022-04-07 11:16:28,701 - processing completed: 477_179
2022-04-07 11:16:28,704 - processing started: 478_179 
2022-04-07 11:16:28,841 - processing completed: 478_179
2022-04-07 11:16:28,845 - processing started: 479_180 
2022-04-07 11:16:28,932 - processing completed: 479_180
2022-04-07 11:16:28,936 - processing started: 480_180 
2022-04-07 11:16:29,074 - processing completed: 480_180
2022-04-07 11:16:29,079 - processing started: 481_180 
2022-04-07 11:16:29,163 - processing completed: 481_180
2022-04-07 11:16:29,167 - processing started: 482_180 
2022-04-07 11:16:29,302 - processing completed: 482_180
2022-04-07 11:16:29,306 - processing started: 483_181 
2022-04-07 11:16:29,390 - processing completed: 483_181
2022-04-07 11:16:29,394 - processing started: 484_181 
2022-04-07 11:16:29,535 - processing completed: 484_181
2022-04-07 11:16:29,540 - processing started: 485_182 
2022-04-07 11:16:29,625 - processing completed: 485_182
2022-04-07 11:16:29,629 - processing started: 486_182 
2022-04-07 11:16:29,770 - processing completed: 486_182
2022-04-07 11:16:29,774 - processing started: 487_182 
2022-04-07 11:16:29,859 - processing completed: 487_182
2022-04-07 11:16:29,864 - processing started: 488_183 
2022-04-07 11:16:30,000 - processing completed: 488_183
2022-04-07 11:16:30,004 - processing started: 489_183 
2022-04-07 11:16:30,144 - processing completed: 489_183
2022-04-07 11:16:30,148 - processing started: 490_183 
2022-04-07 11:16:30,234 - processing completed: 490_183
2022-04-07 11:16:30,238 - processing started: 491_183 
2022-04-07 11:16:30,380 - processing completed: 491_183
2022-04-07 11:16:30,384 - processing started: 492_184 
2022-04-07 11:16:30,470 - processing completed: 492_184
2022-04-07 11:16:30,475 - processing started: 493_184 
2022-04-07 11:16:30,614 - processing completed: 493_184
2022-04-07 11:16:30,618 - processing started: 494_184 
2022-04-07 11:16:30,706 - processing completed: 494_184
2022-04-07 11:16:30,710 - processing started: 495_185 
2022-04-07 11:16:30,850 - processing completed: 495_185
2022-04-07 11:16:30,855 - processing started: 496_185 
2022-04-07 11:16:30,940 - processing completed: 496_185
2022-04-07 11:16:30,944 - processing started: 497_186 
2022-04-07 11:16:31,085 - processing completed: 497_186
2022-04-07 11:16:31,089 - processing started: 498_186 
2022-04-07 11:16:31,176 - processing completed: 498_186
2022-04-07 11:16:31,180 - processing started: 499_187 
2022-04-07 11:16:31,317 - processing completed: 499_187
2022-04-07 11:16:31,322 - processing started: 500_187 
2022-04-07 11:16:31,407 - processing completed: 500_187
2022-04-07 11:16:31,411 - processing started: 501_188 
2022-04-07 11:16:31,550 - processing completed: 501_188
2022-04-07 11:16:31,554 - processing started: 502_188 
2022-04-07 11:16:31,638 - processing completed: 502_188
2022-04-07 11:16:31,642 - processing started: 503_188 
2022-04-07 11:16:31,780 - processing completed: 503_188
2022-04-07 11:16:31,783 - processing started: 504_188 
2022-04-07 11:16:31,926 - processing completed: 504_188
2022-04-07 11:16:31,931 - processing started: 505_189 
2022-04-07 11:16:31,996 - processing completed: 505_189
2022-04-07 11:16:32,000 - processing started: 506_189 
2022-04-07 11:16:32,125 - processing completed: 506_189
2022-04-07 11:16:32,128 - processing started: 507_190 
2022-04-07 11:16:32,212 - processing completed: 507_190
2022-04-07 11:16:32,216 - processing started: 508_190 
2022-04-07 11:16:32,358 - processing completed: 508_190
2022-04-07 11:16:32,362 - processing started: 509_191 
2022-04-07 11:16:32,451 - processing completed: 509_191
2022-04-07 11:16:32,456 - processing started: 510_191 
2022-04-07 11:16:32,597 - processing completed: 510_191
2022-04-07 11:16:32,602 - processing started: 511_192 
2022-04-07 11:16:32,686 - processing completed: 511_192
2022-04-07 11:16:32,690 - processing started: 512_192 
2022-04-07 11:16:32,826 - processing completed: 512_192
2022-04-07 11:16:32,830 - processing started: 513_192 
2022-04-07 11:16:32,914 - processing completed: 513_192
2022-04-07 11:16:32,918 - processing started: 514_192 
2022-04-07 11:16:33,053 - processing completed: 514_192
2022-04-07 11:16:33,057 - processing started: 515_193 
2022-04-07 11:16:33,142 - processing completed: 515_193
2022-04-07 11:16:33,146 - processing started: 516_193 
2022-04-07 11:16:33,282 - processing completed: 516_193
2022-04-07 11:16:33,286 - processing started: 517_194 
2022-04-07 11:16:33,373 - processing completed: 517_194
2022-04-07 11:16:33,377 - processing started: 518_194 
2022-04-07 11:16:33,515 - processing completed: 518_194
2022-04-07 11:16:33,519 - processing started: 519_195 
2022-04-07 11:16:33,661 - processing completed: 519_195
2022-04-07 11:16:33,665 - processing started: 520_195 
2022-04-07 11:16:33,749 - processing completed: 520_195
2022-04-07 11:16:33,752 - processing started: 521_196 
2022-04-07 11:16:33,891 - processing completed: 521_196
2022-04-07 11:16:33,895 - processing started: 522_196 
2022-04-07 11:16:33,979 - processing completed: 522_196
2022-04-07 11:16:33,984 - processing started: 523_196 
2022-04-07 11:16:34,126 - processing completed: 523_196
2022-04-07 11:16:34,130 - processing started: 524_196 
2022-04-07 11:16:34,215 - processing completed: 524_196
2022-04-07 11:16:34,219 - processing started: 525_196 
2022-04-07 11:16:34,357 - processing completed: 525_196
2022-04-07 11:16:34,360 - processing started: 526_196 
2022-04-07 11:16:34,449 - processing completed: 526_196
2022-04-07 11:16:34,453 - processing started: 527_197 
2022-04-07 11:16:34,593 - processing completed: 527_197
2022-04-07 11:16:34,597 - processing started: 528_197 
2022-04-07 11:16:34,683 - processing completed: 528_197
2022-04-07 11:16:34,687 - processing started: 529_197 
2022-04-07 11:16:34,823 - processing completed: 529_197
2022-04-07 11:16:34,827 - processing started: 530_197 
2022-04-07 11:16:34,913 - processing completed: 530_197
2022-04-07 11:16:34,916 - processing started: 531_197 
2022-04-07 11:16:35,054 - processing completed: 531_197
2022-04-07 11:16:35,057 - processing started: 532_198 
2022-04-07 11:16:35,143 - processing completed: 532_198
2022-04-07 11:16:35,146 - processing started: 533_198 
2022-04-07 11:16:35,281 - processing completed: 533_198
2022-04-07 11:16:35,285 - processing started: 534_199 
2022-04-07 11:16:35,426 - processing completed: 534_199
2022-04-07 11:16:35,430 - processing started: 535_199 
2022-04-07 11:16:35,515 - processing completed: 535_199
2022-04-07 11:16:35,519 - processing started: 536_200 
2022-04-07 11:16:35,662 - processing completed: 536_200
2022-04-07 11:16:35,666 - processing started: 537_200 
2022-04-07 11:16:35,755 - processing completed: 537_200
2022-04-07 11:16:35,760 - processing started: 538_201 
2022-04-07 11:16:35,900 - processing completed: 538_201
2022-04-07 11:16:35,904 - processing started: 539_201 
2022-04-07 11:16:35,987 - processing completed: 539_201
2022-04-07 11:16:35,992 - processing started: 540_202 
2022-04-07 11:16:36,132 - processing completed: 540_202
2022-04-07 11:16:36,136 - processing started: 541_202 
2022-04-07 11:16:36,221 - processing completed: 541_202
2022-04-07 11:16:36,225 - processing started: 542_203 
2022-04-07 11:16:36,367 - processing completed: 542_203
2022-04-07 11:16:36,371 - processing started: 543_203 
2022-04-07 11:16:36,456 - processing completed: 543_203
2022-04-07 11:16:36,460 - processing started: 544_204 
2022-04-07 11:16:36,598 - processing completed: 544_204
2022-04-07 11:16:36,603 - processing started: 545_204 
2022-04-07 11:16:36,689 - processing completed: 545_204
2022-04-07 11:16:36,693 - processing started: 546_205 
2022-04-07 11:16:36,840 - processing completed: 546_205
2022-04-07 11:16:36,844 - processing started: 547_205 
2022-04-07 11:16:36,938 - processing completed: 547_205
2022-04-07 11:16:36,941 - processing started: 548_206 
2022-04-07 11:16:37,078 - processing completed: 548_206
2022-04-07 11:16:37,082 - processing started: 549_206 
2022-04-07 11:16:37,221 - processing completed: 549_206
2022-04-07 11:16:37,225 - processing started: 550_207 
2022-04-07 11:16:37,309 - processing completed: 550_207
2022-04-07 11:16:37,314 - processing started: 551_207 
2022-04-07 11:16:37,460 - processing completed: 551_207
2022-04-07 11:16:37,464 - processing started: 552_207 
2022-04-07 11:16:37,550 - processing completed: 552_207
2022-04-07 11:16:37,555 - processing started: 553_207 
2022-04-07 11:16:37,696 - processing completed: 553_207
2022-04-07 11:16:37,701 - processing started: 554_208 
2022-04-07 11:16:37,786 - processing completed: 554_208
2022-04-07 11:16:37,789 - processing started: 555_208 
2022-04-07 11:16:37,926 - processing completed: 555_208
2022-04-07 11:16:37,930 - processing started: 556_209 
2022-04-07 11:16:38,014 - processing completed: 556_209
2022-04-07 11:16:38,018 - processing started: 557_209 
2022-04-07 11:16:38,156 - processing completed: 557_209
2022-04-07 11:16:38,160 - processing started: 558_210 
2022-04-07 11:16:38,246 - processing completed: 558_210
2022-04-07 11:16:38,250 - processing started: 559_210 
2022-04-07 11:16:38,390 - processing completed: 559_210
2022-04-07 11:16:38,394 - processing started: 560_211 
2022-04-07 11:16:38,479 - processing completed: 560_211
2022-04-07 11:16:38,483 - processing started: 561_211 
2022-04-07 11:16:38,621 - processing completed: 561_211
2022-04-07 11:16:38,625 - processing started: 562_212 
2022-04-07 11:16:38,711 - processing completed: 562_212
2022-04-07 11:16:38,715 - processing started: 563_212 
2022-04-07 11:16:38,862 - processing completed: 563_212
2022-04-07 11:16:38,867 - processing started: 564_213 
2022-04-07 11:16:39,009 - processing completed: 564_213
2022-04-07 11:16:39,013 - processing started: 565_213 
2022-04-07 11:16:39,099 - processing completed: 565_213
2022-04-07 11:16:39,104 - processing started: 566_214 
2022-04-07 11:16:39,239 - processing completed: 566_214
2022-04-07 11:16:39,244 - processing started: 567_214 
2022-04-07 11:16:39,330 - processing completed: 567_214
2022-04-07 11:16:39,334 - processing started: 568_214 
2022-04-07 11:16:39,476 - processing completed: 568_214
2022-04-07 11:16:39,481 - processing started: 569_214 
2022-04-07 11:16:39,566 - processing completed: 569_214
2022-04-07 11:16:39,570 - processing started: 570_214 
2022-04-07 11:16:39,706 - processing completed: 570_214
2022-04-07 11:16:39,710 - processing started: 571_215 
2022-04-07 11:16:39,795 - processing completed: 571_215
2022-04-07 11:16:39,799 - processing started: 572_215 
2022-04-07 11:16:39,944 - processing completed: 572_215
2022-04-07 11:16:39,948 - processing started: 573_216 
2022-04-07 11:16:40,033 - processing completed: 573_216
2022-04-07 11:16:40,037 - processing started: 574_216 
2022-04-07 11:16:40,174 - processing completed: 574_216
2022-04-07 11:16:40,178 - processing started: 575_217 
2022-04-07 11:16:40,262 - processing completed: 575_217
2022-04-07 11:16:40,266 - processing started: 576_217 
2022-04-07 11:16:40,401 - processing completed: 576_217
2022-04-07 11:16:40,405 - processing started: 577_218 
2022-04-07 11:16:40,493 - processing completed: 577_218
2022-04-07 11:16:40,497 - processing started: 578_218 
2022-04-07 11:16:40,635 - processing completed: 578_218
2022-04-07 11:16:40,640 - processing started: 579_219 
2022-04-07 11:16:40,779 - processing completed: 579_219
2022-04-07 11:16:40,784 - processing started: 580_219 
2022-04-07 11:16:40,873 - processing completed: 580_219
2022-04-07 11:16:40,877 - processing started: 581_220 
2022-04-07 11:16:41,020 - processing completed: 581_220
2022-04-07 11:16:41,024 - processing started: 582_220 
2022-04-07 11:16:41,110 - processing completed: 582_220
2022-04-07 11:16:41,114 - processing started: 583_220 
2022-04-07 11:16:41,251 - processing completed: 583_220
2022-04-07 11:16:41,255 - processing started: 584_221 
2022-04-07 11:16:41,340 - processing completed: 584_221
2022-04-07 11:16:41,344 - processing started: 585_221 
2022-04-07 11:16:41,482 - processing completed: 585_221
2022-04-07 11:16:41,486 - processing started: 586_221 
2022-04-07 11:16:41,572 - processing completed: 586_221
2022-04-07 11:16:41,576 - processing started: 587_222 
2022-04-07 11:16:41,712 - processing completed: 587_222
2022-04-07 11:16:41,716 - processing started: 588_222 
2022-04-07 11:16:41,801 - processing completed: 588_222
2022-04-07 11:16:41,805 - processing started: 589_222 
2022-04-07 11:16:41,945 - processing completed: 589_222
2022-04-07 11:16:41,949 - processing started: 590_222 
2022-04-07 11:16:42,033 - processing completed: 590_222
2022-04-07 11:16:42,038 - processing started: 591_223 
2022-04-07 11:16:42,157 - processing completed: 591_223
2022-04-07 11:16:42,161 - processing started: 592_223 
2022-04-07 11:16:42,282 - processing completed: 592_223
2022-04-07 11:16:42,286 - processing started: 593_223 
2022-04-07 11:16:42,352 - processing completed: 593_223
2022-04-07 11:16:42,356 - processing started: 594_224 
2022-04-07 11:16:42,514 - processing completed: 594_224
2022-04-07 11:16:42,518 - processing started: 595_224 
2022-04-07 11:16:42,621 - processing completed: 595_224
2022-04-07 11:16:42,624 - processing started: 596_224 
2022-04-07 11:16:42,779 - processing completed: 596_224
2022-04-07 11:16:42,783 - processing started: 597_225 
2022-04-07 11:16:42,851 - processing completed: 597_225
2022-04-07 11:16:42,854 - processing started: 598_225 
2022-04-07 11:16:42,980 - processing completed: 598_225
2022-04-07 11:16:42,984 - processing started: 599_225 
2022-04-07 11:16:43,097 - processing completed: 599_225
2022-04-07 11:16:43,101 - processing started: 600_225 
2022-04-07 11:16:43,223 - processing completed: 600_225
2022-04-07 11:16:43,227 - processing started: 601_225 
2022-04-07 11:16:43,297 - processing completed: 601_225
2022-04-07 11:16:43,301 - processing started: 602_226 
2022-04-07 11:16:43,422 - processing completed: 602_226
2022-04-07 11:16:43,426 - processing started: 603_226 
2022-04-07 11:16:43,496 - processing completed: 603_226
2022-04-07 11:16:43,499 - processing started: 604_226 
2022-04-07 11:16:43,624 - processing completed: 604_226
2022-04-07 11:16:43,627 - processing started: 605_227 
2022-04-07 11:16:43,711 - processing completed: 605_227
2022-04-07 11:16:43,716 - processing started: 606_227 
2022-04-07 11:16:43,851 - processing completed: 606_227
2022-04-07 11:16:43,857 - processing started: 607_227 
2022-04-07 11:16:43,999 - processing completed: 607_227
2022-04-07 11:16:44,003 - processing started: 608_227 
2022-04-07 11:16:44,090 - processing completed: 608_227
2022-04-07 11:16:44,094 - processing started: 609_227 
2022-04-07 11:16:44,218 - processing completed: 609_227
2022-04-07 11:16:44,222 - processing started: 610_227 
2022-04-07 11:16:44,291 - processing completed: 610_227
2022-04-07 11:16:44,295 - processing started: 611_227 
2022-04-07 11:16:44,464 - processing completed: 611_227
2022-04-07 11:16:44,469 - processing started: 612_227 
2022-04-07 11:16:44,584 - processing completed: 612_227
2022-04-07 11:16:44,588 - processing started: 613_227 
2022-04-07 11:16:44,712 - processing completed: 613_227
2022-04-07 11:16:44,716 - processing started: 614_227 
2022-04-07 11:16:44,786 - processing completed: 614_227
2022-04-07 11:16:44,790 - processing started: 615_228 
2022-04-07 11:16:44,917 - processing completed: 615_228
2022-04-07 11:16:44,922 - processing started: 616_228 
2022-04-07 11:16:44,991 - processing completed: 616_228
2022-04-07 11:16:44,994 - processing started: 617_229 
2022-04-07 11:16:45,118 - processing completed: 617_229
2022-04-07 11:16:45,122 - processing started: 618_229 
2022-04-07 11:16:45,190 - processing completed: 618_229
2022-04-07 11:16:45,194 - processing started: 619_230 
2022-04-07 11:16:45,318 - processing completed: 619_230
2022-04-07 11:16:45,321 - processing started: 620_230 
2022-04-07 11:16:45,390 - processing completed: 620_230
2022-04-07 11:16:45,394 - processing started: 621_230 
2022-04-07 11:16:45,517 - processing completed: 621_230
2022-04-07 11:16:45,521 - processing started: 622_230 
2022-04-07 11:16:45,647 - processing completed: 622_230
2022-04-07 11:16:45,650 - processing started: 623_231 
2022-04-07 11:16:45,717 - processing completed: 623_231
2022-04-07 11:16:45,720 - processing started: 624_231 
2022-04-07 11:16:45,840 - processing completed: 624_231
2022-04-07 11:16:45,844 - processing started: 625_232 
2022-04-07 11:16:45,917 - processing completed: 625_232
2022-04-07 11:16:45,920 - processing started: 626_232 
2022-04-07 11:16:46,039 - processing completed: 626_232
2022-04-07 11:16:46,043 - processing started: 627_232 
2022-04-07 11:16:46,113 - processing completed: 627_232
2022-04-07 11:16:46,117 - processing started: 628_232 
2022-04-07 11:16:46,234 - processing completed: 628_232
2022-04-07 11:16:46,237 - processing started: 629_232 
2022-04-07 11:16:46,304 - processing completed: 629_232
2022-04-07 11:16:46,307 - processing started: 630_232 
2022-04-07 11:16:46,424 - processing completed: 630_232
2022-04-07 11:16:46,428 - processing started: 631_233 
2022-04-07 11:16:46,494 - processing completed: 631_233
2022-04-07 11:16:46,498 - processing started: 632_233 
2022-04-07 11:16:46,621 - processing completed: 632_233
2022-04-07 11:16:46,625 - processing started: 633_234 
2022-04-07 11:16:46,689 - processing completed: 633_234
2022-04-07 11:16:46,692 - processing started: 634_234 
2022-04-07 11:16:46,808 - processing completed: 634_234
2022-04-07 11:16:46,811 - processing started: 635_234 
2022-04-07 11:16:46,879 - processing completed: 635_234
2022-04-07 11:16:46,883 - processing started: 636_234 
2022-04-07 11:16:47,000 - processing completed: 636_234
2022-04-07 11:16:47,004 - processing started: 637_234 
2022-04-07 11:16:47,124 - processing completed: 637_234
2022-04-07 11:16:47,128 - processing started: 638_235 
2022-04-07 11:16:47,214 - processing completed: 638_235
2022-04-07 11:16:47,218 - processing started: 639_235 
2022-04-07 11:16:47,361 - processing completed: 639_235
2022-04-07 11:16:47,366 - processing started: 640_236 
2022-04-07 11:16:47,452 - processing completed: 640_236
2022-04-07 11:16:47,456 - processing started: 641_236 
2022-04-07 11:16:47,598 - processing completed: 641_236
2022-04-07 11:16:47,602 - processing started: 642_236 
2022-04-07 11:16:47,687 - processing completed: 642_236
2022-04-07 11:16:47,691 - processing started: 643_237 
2022-04-07 11:16:47,828 - processing completed: 643_237
2022-04-07 11:16:47,832 - processing started: 644_237 
2022-04-07 11:16:47,924 - processing completed: 644_237
2022-04-07 11:16:47,928 - processing started: 645_238 
2022-04-07 11:16:48,068 - processing completed: 645_238
2022-04-07 11:16:48,071 - processing started: 646_238 
2022-04-07 11:16:48,157 - processing completed: 646_238
2022-04-07 11:16:48,162 - processing started: 647_239 
2022-04-07 11:16:48,298 - processing completed: 647_239
2022-04-07 11:16:48,303 - processing started: 648_239 
2022-04-07 11:16:48,388 - processing completed: 648_239
2022-04-07 11:16:48,392 - processing started: 649_240 
2022-04-07 11:16:48,529 - processing completed: 649_240
2022-04-07 11:16:48,534 - processing started: 650_240 
2022-04-07 11:16:48,621 - processing completed: 650_240
2022-04-07 11:16:48,624 - processing started: 651_240 
2022-04-07 11:16:48,759 - processing completed: 651_240
2022-04-07 11:16:48,763 - processing started: 652_240 
2022-04-07 11:16:48,906 - processing completed: 652_240
2022-04-07 11:16:48,912 - processing started: 653_241 
2022-04-07 11:16:49,000 - processing completed: 653_241
2022-04-07 11:16:49,004 - processing started: 654_241 
2022-04-07 11:16:49,146 - processing completed: 654_241
2022-04-07 11:16:49,151 - processing started: 655_242 
2022-04-07 11:16:49,237 - processing completed: 655_242
2022-04-07 11:16:49,241 - processing started: 656_242 
2022-04-07 11:16:49,381 - processing completed: 656_242
2022-04-07 11:16:49,386 - processing started: 657_242 
2022-04-07 11:16:49,472 - processing completed: 657_242
2022-04-07 11:16:49,476 - processing started: 658_243 
2022-04-07 11:16:49,616 - processing completed: 658_243
2022-04-07 11:16:49,620 - processing started: 659_243 
2022-04-07 11:16:49,705 - processing completed: 659_243
2022-04-07 11:16:49,709 - processing started: 660_243 
2022-04-07 11:16:49,844 - processing completed: 660_243
2022-04-07 11:16:49,848 - processing started: 661_244 
2022-04-07 11:16:49,906 - processing completed: 661_244
2022-04-07 11:16:49,910 - processing started: 662_244 
2022-04-07 11:16:50,023 - processing completed: 662_244
2022-04-07 11:16:50,027 - processing started: 663_244 
2022-04-07 11:16:50,086 - processing completed: 663_244
2022-04-07 11:16:50,089 - processing started: 664_245 
2022-04-07 11:16:50,197 - processing completed: 664_245
2022-04-07 11:16:50,201 - processing started: 665_245 
2022-04-07 11:16:50,255 - processing completed: 665_245
2022-04-07 11:16:50,259 - processing started: 666_246 
2022-04-07 11:16:50,369 - processing completed: 666_246
2022-04-07 11:16:50,372 - processing started: 667_246 
2022-04-07 11:16:50,485 - processing completed: 667_246
2022-04-07 11:16:50,488 - processing started: 668_247 
2022-04-07 11:16:50,544 - processing completed: 668_247
2022-04-07 11:16:50,547 - processing started: 669_247 
2022-04-07 11:16:50,656 - processing completed: 669_247
2022-04-07 11:16:50,660 - processing started: 670_248 
2022-04-07 11:16:50,711 - processing completed: 670_248
2022-04-07 11:16:50,714 - processing started: 671_248 
2022-04-07 11:16:50,823 - processing completed: 671_248
2022-04-07 11:16:50,826 - processing started: 672_248 
2022-04-07 11:16:50,879 - processing completed: 672_248
2022-04-07 11:16:50,882 - processing started: 673_249 
2022-04-07 11:16:50,995 - processing completed: 673_249
2022-04-07 11:16:50,999 - processing started: 674_249 
2022-04-07 11:16:51,055 - processing completed: 674_249
2022-04-07 11:16:51,059 - processing started: 675_250 
2022-04-07 11:16:51,165 - processing completed: 675_250
2022-04-07 11:16:51,168 - processing started: 676_250 
2022-04-07 11:16:51,222 - processing completed: 676_250
2022-04-07 11:16:51,225 - processing started: 677_251 
2022-04-07 11:16:51,331 - processing completed: 677_251
2022-04-07 11:16:51,335 - processing started: 678_251 
2022-04-07 11:16:51,392 - processing completed: 678_251
2022-04-07 11:16:51,396 - processing started: 679_251 
2022-04-07 11:16:51,502 - processing completed: 679_251
2022-04-07 11:16:51,506 - processing started: 680_252 
2022-04-07 11:16:51,562 - processing completed: 680_252
2022-04-07 11:16:51,566 - processing started: 681_252 
2022-04-07 11:16:51,671 - processing completed: 681_252
2022-04-07 11:16:51,674 - processing started: 682_252 
2022-04-07 11:16:51,778 - processing completed: 682_252
2022-04-07 11:16:51,782 - processing started: 683_252 
2022-04-07 11:16:51,835 - processing completed: 683_252
2022-04-07 11:16:51,837 - processing started: 684_253 
2022-04-07 11:16:51,962 - processing completed: 684_253
2022-04-07 11:16:51,966 - processing started: 685_253 
2022-04-07 11:16:52,035 - processing completed: 685_253
2022-04-07 11:16:52,038 - processing started: 686_254 
2022-04-07 11:16:52,163 - processing completed: 686_254
2022-04-07 11:16:52,167 - processing started: 687_254 
2022-04-07 11:16:52,238 - processing completed: 687_254
2022-04-07 11:16:52,242 - processing started: 688_255 
2022-04-07 11:16:52,365 - processing completed: 688_255
2022-04-07 11:16:52,369 - processing started: 689_255 
2022-04-07 11:16:52,444 - processing completed: 689_255
2022-04-07 11:16:52,447 - processing started: 690_256 
2022-04-07 11:16:52,578 - processing completed: 690_256
2022-04-07 11:16:52,581 - processing started: 691_256 
2022-04-07 11:16:52,656 - processing completed: 691_256
2022-04-07 11:16:52,660 - processing started: 692_257 
2022-04-07 11:16:52,786 - processing completed: 692_257
2022-04-07 11:16:52,789 - processing started: 693_257 
2022-04-07 11:16:52,864 - processing completed: 693_257
2022-04-07 11:16:52,867 - processing started: 694_257 
2022-04-07 11:16:52,995 - processing completed: 694_257
2022-04-07 11:16:52,998 - processing started: 695_257 
2022-04-07 11:16:53,073 - processing completed: 695_257
2022-04-07 11:16:53,077 - processing started: 696_258 
2022-04-07 11:16:53,201 - processing completed: 696_258
2022-04-07 11:16:53,204 - processing started: 697_258 
2022-04-07 11:16:53,335 - processing completed: 697_258
2022-04-07 11:16:53,338 - processing started: 698_258 
2022-04-07 11:16:53,410 - processing completed: 698_258
2022-04-07 11:16:53,414 - processing started: 699_259 
2022-04-07 11:16:53,534 - processing completed: 699_259
2022-04-07 11:16:53,538 - processing started: 700_259 
2022-04-07 11:16:53,604 - processing completed: 700_259
2022-04-07 11:16:53,607 - processing started: 701_260 
2022-04-07 11:16:53,731 - processing completed: 701_260
2022-04-07 11:16:53,734 - processing started: 702_260 
2022-04-07 11:16:53,809 - processing completed: 702_260
2022-04-07 11:16:53,812 - processing started: 703_260 
2022-04-07 11:16:53,946 - processing completed: 703_260
2022-04-07 11:16:53,950 - processing started: 704_261 
2022-04-07 11:16:54,025 - processing completed: 704_261
2022-04-07 11:16:54,028 - processing started: 705_261 
2022-04-07 11:16:54,160 - processing completed: 705_261
2022-04-07 11:16:54,164 - processing started: 706_261 
2022-04-07 11:16:54,244 - processing completed: 706_261
2022-04-07 11:16:54,247 - processing started: 707_262 
2022-04-07 11:16:54,368 - processing completed: 707_262
2022-04-07 11:16:54,373 - processing started: 708_262 
2022-04-07 11:16:54,441 - processing completed: 708_262
2022-04-07 11:16:54,444 - processing started: 709_262 
2022-04-07 11:16:54,570 - processing completed: 709_262
2022-04-07 11:16:54,573 - processing started: 710_263 
2022-04-07 11:16:54,645 - processing completed: 710_263
2022-04-07 11:16:54,649 - processing started: 711_263 
2022-04-07 11:16:54,768 - processing completed: 711_263
2022-04-07 11:16:54,772 - processing started: 712_264 
2022-04-07 11:16:54,892 - processing completed: 712_264
2022-04-07 11:16:54,896 - processing started: 713_264 
2022-04-07 11:16:54,963 - processing completed: 713_264
2022-04-07 11:16:54,967 - processing started: 714_264 
2022-04-07 11:16:55,088 - processing completed: 714_264
2022-04-07 11:16:55,093 - processing started: 715_265 
2022-04-07 11:16:55,158 - processing completed: 715_265
2022-04-07 11:16:55,162 - processing started: 716_265 
2022-04-07 11:16:55,284 - processing completed: 716_265
2022-04-07 11:16:55,287 - processing started: 717_265 
2022-04-07 11:16:55,354 - processing completed: 717_265
2022-04-07 11:16:55,358 - processing started: 718_266 
2022-04-07 11:16:55,483 - processing completed: 718_266
2022-04-07 11:16:55,487 - processing started: 719_266 
2022-04-07 11:16:55,556 - processing completed: 719_266
2022-04-07 11:16:55,560 - processing started: 720_267 
2022-04-07 11:16:55,677 - processing completed: 720_267
2022-04-07 11:16:55,681 - processing started: 721_267 
2022-04-07 11:16:55,748 - processing completed: 721_267
2022-04-07 11:16:55,751 - processing started: 722_267 
2022-04-07 11:16:55,872 - processing completed: 722_267
2022-04-07 11:16:55,875 - processing started: 723_267 
2022-04-07 11:16:55,941 - processing completed: 723_267
2022-04-07 11:16:55,944 - processing started: 724_267 
2022-04-07 11:16:56,073 - processing completed: 724_267
2022-04-07 11:16:56,076 - processing started: 725_267 
2022-04-07 11:16:56,204 - processing completed: 725_267
2022-04-07 11:16:56,209 - processing started: 726_268 
2022-04-07 11:16:56,280 - processing completed: 726_268
2022-04-07 11:16:56,284 - processing started: 727_268 
2022-04-07 11:16:56,421 - processing completed: 727_268
2022-04-07 11:16:56,425 - processing started: 728_268 
2022-04-07 11:16:56,501 - processing completed: 728_268
2022-04-07 11:16:56,505 - processing started: 729_268 
2022-04-07 11:16:56,629 - processing completed: 729_268
2022-04-07 11:16:56,633 - processing started: 730_268 
2022-04-07 11:16:56,701 - processing completed: 730_268
2022-04-07 11:16:56,705 - processing started: 731_268 
2022-04-07 11:16:56,826 - processing completed: 731_268
2022-04-07 11:16:56,831 - processing started: 732_268 
2022-04-07 11:16:56,899 - processing completed: 732_268
2022-04-07 11:16:56,903 - processing started: 733_268 
2022-04-07 11:16:57,023 - processing completed: 733_268
2022-04-07 11:16:57,026 - processing started: 734_268 
2022-04-07 11:16:57,095 - processing completed: 734_268
2022-04-07 11:16:57,098 - processing started: 735_269 
2022-04-07 11:16:57,218 - processing completed: 735_269
2022-04-07 11:16:57,221 - processing started: 736_269 
2022-04-07 11:16:57,289 - processing completed: 736_269
2022-04-07 11:16:57,293 - processing started: 737_269 
2022-04-07 11:16:57,418 - processing completed: 737_269
2022-04-07 11:16:57,422 - processing started: 738_270 
2022-04-07 11:16:57,497 - processing completed: 738_270
2022-04-07 11:16:57,500 - processing started: 739_270 
2022-04-07 11:16:57,630 - processing completed: 739_270
2022-04-07 11:16:57,634 - processing started: 740_271 
2022-04-07 11:16:57,763 - processing completed: 740_271
2022-04-07 11:16:57,767 - processing started: 741_271 
2022-04-07 11:16:57,842 - processing completed: 741_271
2022-04-07 11:16:57,846 - processing started: 742_272 
2022-04-07 11:16:57,961 - processing completed: 742_272
2022-04-07 11:16:57,964 - processing started: 743_272 
2022-04-07 11:16:58,027 - processing completed: 743_272
2022-04-07 11:16:58,032 - processing started: 744_272 
2022-04-07 11:16:58,155 - processing completed: 744_272
2022-04-07 11:16:58,159 - processing started: 745_273 
2022-04-07 11:16:58,227 - processing completed: 745_273
2022-04-07 11:16:58,231 - processing started: 746_273 
2022-04-07 11:16:58,355 - processing completed: 746_273
2022-04-07 11:16:58,359 - processing started: 747_274 
2022-04-07 11:16:58,424 - processing completed: 747_274
2022-04-07 11:16:58,427 - processing started: 748_274 
2022-04-07 11:16:58,542 - processing completed: 748_274
2022-04-07 11:16:58,547 - processing started: 749_274 
2022-04-07 11:16:58,612 - processing completed: 749_274
2022-04-07 11:16:58,615 - processing started: 750_274 
2022-04-07 11:16:58,730 - processing completed: 750_274
2022-04-07 11:16:58,734 - processing started: 751_275 
2022-04-07 11:16:58,798 - processing completed: 751_275
2022-04-07 11:16:58,801 - processing started: 752_275 
2022-04-07 11:16:58,919 - processing completed: 752_275
2022-04-07 11:16:58,922 - processing started: 753_275 
2022-04-07 11:16:58,989 - processing completed: 753_275
2022-04-07 11:16:58,992 - processing started: 754_275 
2022-04-07 11:16:59,113 - processing completed: 754_275
2022-04-07 11:16:59,117 - processing started: 755_276 
2022-04-07 11:16:59,237 - processing completed: 755_276
2022-04-07 11:16:59,242 - processing started: 756_276 
2022-04-07 11:16:59,307 - processing completed: 756_276
2022-04-07 11:16:59,310 - processing started: 757_276 
2022-04-07 11:16:59,433 - processing completed: 757_276
2022-04-07 11:16:59,437 - processing started: 758_277 
2022-04-07 11:16:59,507 - processing completed: 758_277
2022-04-07 11:16:59,510 - processing started: 759_277 
2022-04-07 11:16:59,641 - processing completed: 759_277
2022-04-07 11:16:59,644 - processing started: 760_278 
2022-04-07 11:16:59,718 - processing completed: 760_278
2022-04-07 11:16:59,721 - processing started: 761_278 
2022-04-07 11:16:59,847 - processing completed: 761_278
2022-04-07 11:16:59,850 - processing started: 762_278 
2022-04-07 11:16:59,923 - processing completed: 762_278
2022-04-07 11:16:59,927 - processing started: 763_279 
2022-04-07 11:17:00,052 - processing completed: 763_279
2022-04-07 11:17:00,057 - processing started: 764_279 
2022-04-07 11:17:00,125 - processing completed: 764_279
2022-04-07 11:17:00,128 - processing started: 765_280 
2022-04-07 11:17:00,234 - processing completed: 765_280
2022-04-07 11:17:00,237 - processing started: 766_280 
2022-04-07 11:17:00,297 - processing completed: 766_280
2022-04-07 11:17:00,300 - processing started: 767_280 
2022-04-07 11:17:00,416 - processing completed: 767_280
2022-04-07 11:17:00,419 - processing started: 768_281 
2022-04-07 11:17:00,479 - processing completed: 768_281
2022-04-07 11:17:00,482 - processing started: 769_281 
2022-04-07 11:17:00,596 - processing completed: 769_281
2022-04-07 11:17:00,599 - processing started: 770_282 
2022-04-07 11:17:00,709 - processing completed: 770_282
2022-04-07 11:17:00,712 - processing started: 771_282 
2022-04-07 11:17:00,767 - processing completed: 771_282
2022-04-07 11:17:00,771 - processing started: 772_283 
2022-04-07 11:17:00,890 - processing completed: 772_283
2022-04-07 11:17:00,893 - processing started: 773_283 
2022-04-07 11:17:00,956 - processing completed: 773_283
2022-04-07 11:17:00,960 - processing started: 774_284 
2022-04-07 11:17:01,074 - processing completed: 774_284
2022-04-07 11:17:01,078 - processing started: 775_284 
2022-04-07 11:17:01,134 - processing completed: 775_284
2022-04-07 11:17:01,138 - processing started: 776_285 
2022-04-07 11:17:01,250 - processing completed: 776_285
2022-04-07 11:17:01,253 - processing started: 777_285 
2022-04-07 11:17:01,316 - processing completed: 777_285
2022-04-07 11:17:01,319 - processing started: 778_285 
2022-04-07 11:17:01,438 - processing completed: 778_285
2022-04-07 11:17:01,441 - processing started: 779_286 
2022-04-07 11:17:01,555 - processing completed: 779_286
2022-04-07 11:17:01,559 - processing started: 780_286 
2022-04-07 11:17:01,723 - processing completed: 780_286
2022-04-07 11:17:01,727 - processing started: 781_287 
2022-04-07 11:17:01,782 - processing completed: 781_287
2022-04-07 11:17:01,786 - processing started: 782_287 
2022-04-07 11:17:01,895 - processing completed: 782_287
2022-04-07 11:17:01,899 - processing started: 783_288 
2022-04-07 11:17:01,954 - processing completed: 783_288
2022-04-07 11:17:01,957 - processing started: 784_288 
2022-04-07 11:17:02,062 - processing completed: 784_288
2022-04-07 11:17:02,065 - processing started: 785_289 
2022-04-07 11:17:02,175 - processing completed: 785_289
2022-04-07 11:17:02,179 - processing started: 786_289 
2022-04-07 11:17:02,234 - processing completed: 786_289
2022-04-07 11:17:02,239 - processing started: 787_290 
2022-04-07 11:17:02,349 - processing completed: 787_290
2022-04-07 11:17:02,353 - processing started: 788_290 
2022-04-07 11:17:02,410 - processing completed: 788_290
2022-04-07 11:17:02,414 - processing started: 789_290 
2022-04-07 11:17:02,525 - processing completed: 789_290
2022-04-07 11:17:02,528 - processing started: 790_290 
2022-04-07 11:17:02,585 - processing completed: 790_290
2022-04-07 11:17:02,587 - processing started: 791_291 
2022-04-07 11:17:02,695 - processing completed: 791_291
2022-04-07 11:17:02,698 - processing started: 792_291 
2022-04-07 11:17:02,752 - processing completed: 792_291
2022-04-07 11:17:02,755 - processing started: 793_292 
2022-04-07 11:17:02,866 - processing completed: 793_292
2022-04-07 11:17:02,869 - processing started: 794_292 
2022-04-07 11:17:02,923 - processing completed: 794_292
2022-04-07 11:17:02,926 - processing started: 795_292 
2022-04-07 11:17:03,033 - processing completed: 795_292
2022-04-07 11:17:03,037 - processing started: 796_293 
2022-04-07 11:17:03,071 - processing completed: 796_293
2022-04-07 11:17:03,074 - processing started: 797_293 
2022-04-07 11:17:03,162 - processing completed: 797_293
2022-04-07 11:17:03,165 - processing started: 798_294 
2022-04-07 11:17:03,198 - processing completed: 798_294
2022-04-07 11:17:03,200 - processing started: 799_294 
2022-04-07 11:17:03,283 - processing completed: 799_294
2022-04-07 11:17:03,286 - processing started: 800_295 
2022-04-07 11:17:03,397 - processing completed: 800_295
2022-04-07 11:17:03,400 - processing started: 801_295 
2022-04-07 11:17:03,455 - processing completed: 801_295
2022-04-07 11:17:03,458 - processing started: 802_296 
2022-04-07 11:17:03,568 - processing completed: 802_296
2022-04-07 11:17:03,571 - processing started: 803_296 
2022-04-07 11:17:03,629 - processing completed: 803_296
2022-04-07 11:17:03,632 - processing started: 804_296 
2022-04-07 11:17:03,740 - processing completed: 804_296
2022-04-07 11:17:03,742 - processing started: 805_297 
2022-04-07 11:17:03,852 - processing completed: 805_297
2022-04-07 11:17:03,856 - processing started: 806_297 
2022-04-07 11:17:04,019 - processing completed: 806_297
2022-04-07 11:17:04,023 - processing started: 807_298 
2022-04-07 11:17:04,081 - processing completed: 807_298
2022-04-07 11:17:04,084 - processing started: 808_298 
2022-04-07 11:17:04,191 - processing completed: 808_298
2022-04-07 11:17:04,195 - processing started: 809_298 
2022-04-07 11:17:04,250 - processing completed: 809_298
2022-04-07 11:17:04,253 - processing started: 810_299 
2022-04-07 11:17:04,365 - processing completed: 810_299
2022-04-07 11:17:04,369 - processing started: 811_299 
2022-04-07 11:17:04,424 - processing completed: 811_299
2022-04-07 11:17:04,427 - processing started: 0_0 
2022-04-07 11:17:04,428 - Closing connection (200): Normal shutdown
2022-04-07 11:17:04,428 - Closing channel (200): 'Normal shutdown' on <Channel number=1 OPEN conn=<SelectConnection OPEN transport=<pika.adapters.utils.io_services_utils._AsyncPlaintextTransport object at 0x11e0499d0> params=<ConnectionParameters host=localhost port=5672 virtual_host=/ ssl=False>>>
2022-04-07 11:17:04,429 - Received <Channel.CloseOk> on <Channel number=1 CLOSING conn=<SelectConnection OPEN transport=<pika.adapters.utils.io_services_utils._AsyncPlaintextTransport object at 0x11e0499d0> params=<ConnectionParameters host=localhost port=5672 virtual_host=/ ssl=False>>>
2022-04-07 11:17:04,429 - Closing connection (200): 'Normal shutdown'
2022-04-07 11:17:04,429 - Aborting transport connection: state=1; <socket.socket fd=9, family=AddressFamily.AF_INET, type=SocketKind.SOCK_STREAM, proto=6, laddr=('127.0.0.1', 60863), raddr=('127.0.0.1', 5672)>
2022-04-07 11:17:04,429 - _AsyncTransportBase._initate_abort(): Initiating abrupt asynchronous transport shutdown: state=1; error=None; <socket.socket fd=9, family=AddressFamily.AF_INET, type=SocketKind.SOCK_STREAM, proto=6, laddr=('127.0.0.1', 60863), raddr=('127.0.0.1', 5672)>
2022-04-07 11:17:04,429 - Deactivating transport: state=1; <socket.socket fd=9, family=AddressFamily.AF_INET, type=SocketKind.SOCK_STREAM, proto=6, laddr=('127.0.0.1', 60863), raddr=('127.0.0.1', 5672)>
2022-04-07 11:17:04,430 - AMQP stack terminated, failed to connect, or aborted: opened=True, error-arg=None; pending-error=ConnectionClosedByClient: (200) 'Normal shutdown'
2022-04-07 11:17:04,430 - Stack terminated due to ConnectionClosedByClient: (200) 'Normal shutdown'
2022-04-07 11:17:04,430 - Closing transport socket and unlinking: state=3; <socket.socket fd=9, family=AddressFamily.AF_INET, type=SocketKind.SOCK_STREAM, proto=6, laddr=('127.0.0.1', 60863), raddr=('127.0.0.1', 5672)>
2022-04-07 11:17:04,430 - User-initiated close: result=BlockingConnection__OnClosedArgs(connection=<SelectConnection CLOSED transport=None params=<ConnectionParameters host=localhost port=5672 virtual_host=/ ssl=False>>, error=ConnectionClosedByClient: (200) 'Normal shutdown')
2022-04-07 11:17:04,430 - PID 89490 completed loading and processing
2022-04-07 11:17:04,433 - Pika version 1.2.0 connecting to ('::1', 5672, 0, 0)
2022-04-07 11:17:04,433 - Socket failed to connect: <socket.socket fd=9, family=AddressFamily.AF_INET6, type=SocketKind.SOCK_STREAM, proto=6, laddr=('::1', 60880, 0, 0)>; error=61 (Connection refused)
2022-04-07 11:17:04,433 - TCP Connection attempt failed: ConnectionRefusedError(61, 'Connection refused'); dest=(<AddressFamily.AF_INET6: 30>, <SocketKind.SOCK_STREAM: 1>, 6, '', ('::1', 5672, 0, 0))
2022-04-07 11:17:04,433 - AMQPConnector - reporting failure: AMQPConnectorSocketConnectError: ConnectionRefusedError(61, 'Connection refused')
2022-04-07 11:17:04,433 - Pika version 1.2.0 connecting to ('127.0.0.1', 5672)
2022-04-07 11:17:04,434 - Socket connected: <socket.socket fd=9, family=AddressFamily.AF_INET, type=SocketKind.SOCK_STREAM, proto=6, laddr=('127.0.0.1', 60881), raddr=('127.0.0.1', 5672)>
2022-04-07 11:17:04,434 - Streaming transport linked up: (<pika.adapters.utils.io_services_utils._AsyncPlaintextTransport object at 0x11eaeaa60>, _StreamingProtocolShim: <SelectConnection PROTOCOL transport=<pika.adapters.utils.io_services_utils._AsyncPlaintextTransport object at 0x11eaeaa60> params=<ConnectionParameters host=localhost port=5672 virtual_host=/ ssl=False>>).
2022-04-07 11:17:04,446 - AMQPConnector - reporting success: <SelectConnection OPEN transport=<pika.adapters.utils.io_services_utils._AsyncPlaintextTransport object at 0x11eaeaa60> params=<ConnectionParameters host=localhost port=5672 virtual_host=/ ssl=False>>
2022-04-07 11:17:04,446 - AMQPConnectionWorkflow - reporting success: <SelectConnection OPEN transport=<pika.adapters.utils.io_services_utils._AsyncPlaintextTransport object at 0x11eaeaa60> params=<ConnectionParameters host=localhost port=5672 virtual_host=/ ssl=False>>
2022-04-07 11:17:04,447 - Connection workflow succeeded: <SelectConnection OPEN transport=<pika.adapters.utils.io_services_utils._AsyncPlaintextTransport object at 0x11eaeaa60> params=<ConnectionParameters host=localhost port=5672 virtual_host=/ ssl=False>>
2022-04-07 11:17:04,447 - Created channel=1
2022-04-07 11:17:04,448 - Closing connection (200): Normal shutdown
2022-04-07 11:17:04,448 - Closing channel (200): 'Normal shutdown' on <Channel number=1 OPEN conn=<SelectConnection OPEN transport=<pika.adapters.utils.io_services_utils._AsyncPlaintextTransport object at 0x11eaeaa60> params=<ConnectionParameters host=localhost port=5672 virtual_host=/ ssl=False>>>
2022-04-07 11:17:04,448 - Received <Channel.CloseOk> on <Channel number=1 CLOSING conn=<SelectConnection OPEN transport=<pika.adapters.utils.io_services_utils._AsyncPlaintextTransport object at 0x11eaeaa60> params=<ConnectionParameters host=localhost port=5672 virtual_host=/ ssl=False>>>
2022-04-07 11:17:04,449 - Closing connection (200): 'Normal shutdown'
2022-04-07 11:17:04,449 - Aborting transport connection: state=1; <socket.socket fd=9, family=AddressFamily.AF_INET, type=SocketKind.SOCK_STREAM, proto=6, laddr=('127.0.0.1', 60881), raddr=('127.0.0.1', 5672)>
2022-04-07 11:17:04,449 - _AsyncTransportBase._initate_abort(): Initiating abrupt asynchronous transport shutdown: state=1; error=None; <socket.socket fd=9, family=AddressFamily.AF_INET, type=SocketKind.SOCK_STREAM, proto=6, laddr=('127.0.0.1', 60881), raddr=('127.0.0.1', 5672)>
2022-04-07 11:17:04,449 - Deactivating transport: state=1; <socket.socket fd=9, family=AddressFamily.AF_INET, type=SocketKind.SOCK_STREAM, proto=6, laddr=('127.0.0.1', 60881), raddr=('127.0.0.1', 5672)>
2022-04-07 11:17:04,449 - AMQP stack terminated, failed to connect, or aborted: opened=True, error-arg=None; pending-error=ConnectionClosedByClient: (200) 'Normal shutdown'
2022-04-07 11:17:04,449 - Stack terminated due to ConnectionClosedByClient: (200) 'Normal shutdown'
2022-04-07 11:17:04,449 - Closing transport socket and unlinking: state=3; <socket.socket fd=9, family=AddressFamily.AF_INET, type=SocketKind.SOCK_STREAM, proto=6, laddr=('127.0.0.1', 60881), raddr=('127.0.0.1', 5672)>
2022-04-07 11:17:04,449 - User-initiated close: result=BlockingConnection__OnClosedArgs(connection=<SelectConnection CLOSED transport=None params=<ConnectionParameters host=localhost port=5672 virtual_host=/ ssl=False>>, error=ConnectionClosedByClient: (200) 'Normal shutdown')
