2022-04-07 11:10:38,072 - PID 88474 started loading and processing
2022-04-07 11:10:38,074 - Pika version 1.2.0 connecting to ('::1', 5672, 0, 0)
2022-04-07 11:10:38,075 - Socket failed to connect: <socket.socket fd=9, family=AddressFamily.AF_INET6, type=SocketKind.SOCK_STREAM, proto=6, laddr=('::1', 60793, 0, 0)>; error=61 (Connection refused)
2022-04-07 11:10:38,075 - TCP Connection attempt failed: ConnectionRefusedError(61, 'Connection refused'); dest=(<AddressFamily.AF_INET6: 30>, <SocketKind.SOCK_STREAM: 1>, 6, '', ('::1', 5672, 0, 0))
2022-04-07 11:10:38,075 - AMQPConnector - reporting failure: AMQPConnectorSocketConnectError: ConnectionRefusedError(61, 'Connection refused')
2022-04-07 11:10:38,075 - Pika version 1.2.0 connecting to ('127.0.0.1', 5672)
2022-04-07 11:10:38,075 - Socket connected: <socket.socket fd=9, family=AddressFamily.AF_INET, type=SocketKind.SOCK_STREAM, proto=6, laddr=('127.0.0.1', 60794), raddr=('127.0.0.1', 5672)>
2022-04-07 11:10:38,077 - Streaming transport linked up: (<pika.adapters.utils.io_services_utils._AsyncPlaintextTransport object at 0x118f369d0>, _StreamingProtocolShim: <SelectConnection PROTOCOL transport=<pika.adapters.utils.io_services_utils._AsyncPlaintextTransport object at 0x118f369d0> params=<ConnectionParameters host=localhost port=5672 virtual_host=/ ssl=False>>).
2022-04-07 11:10:38,081 - AMQPConnector - reporting success: <SelectConnection OPEN transport=<pika.adapters.utils.io_services_utils._AsyncPlaintextTransport object at 0x118f369d0> params=<ConnectionParameters host=localhost port=5672 virtual_host=/ ssl=False>>
2022-04-07 11:10:38,082 - AMQPConnectionWorkflow - reporting success: <SelectConnection OPEN transport=<pika.adapters.utils.io_services_utils._AsyncPlaintextTransport object at 0x118f369d0> params=<ConnectionParameters host=localhost port=5672 virtual_host=/ ssl=False>>
2022-04-07 11:10:38,082 - Connection workflow succeeded: <SelectConnection OPEN transport=<pika.adapters.utils.io_services_utils._AsyncPlaintextTransport object at 0x118f369d0> params=<ConnectionParameters host=localhost port=5672 virtual_host=/ ssl=False>>
2022-04-07 11:10:38,082 - Created channel=1
2022-04-07 11:10:38,110 - Logging before start consuming
2022-04-07 11:10:38,110 - processing started: 0_000 
2022-04-07 11:10:38,260 - processing completed: 0_000
2022-04-07 11:10:38,273 - processing started: 1_000 
2022-04-07 11:10:38,466 - processing completed: 1_000
2022-04-07 11:10:38,471 - processing started: 2_000 
2022-04-07 11:10:38,727 - processing completed: 2_000
2022-04-07 11:10:38,732 - processing started: 3_001 
2022-04-07 11:10:38,931 - processing completed: 3_001
2022-04-07 11:10:38,938 - processing started: 4_001 
2022-04-07 11:10:39,188 - processing completed: 4_001
2022-04-07 11:10:39,193 - processing started: 5_002 
2022-04-07 11:10:39,384 - processing completed: 5_002
2022-04-07 11:10:39,391 - processing started: 6_002 
2022-04-07 11:10:39,646 - processing completed: 6_002
2022-04-07 11:10:39,652 - processing started: 7_003 
2022-04-07 11:10:39,827 - processing completed: 7_003
2022-04-07 11:10:39,835 - processing started: 8_003 
2022-04-07 11:10:40,058 - processing completed: 8_003
2022-04-07 11:10:40,063 - processing started: 9_003 
2022-04-07 11:10:40,205 - processing completed: 9_003
2022-04-07 11:10:40,210 - processing started: 10_004 
2022-04-07 11:10:40,411 - processing completed: 10_004
2022-04-07 11:10:40,416 - processing started: 11_004 
2022-04-07 11:10:40,451 - processing completed: 11_004
2022-04-07 11:10:40,453 - processing started: 12_005 
2022-04-07 11:10:40,665 - processing completed: 12_005
2022-04-07 11:10:40,671 - processing started: 13_005 
2022-04-07 11:10:40,818 - processing completed: 13_005
2022-04-07 11:10:40,823 - processing started: 14_005 
2022-04-07 11:10:41,031 - processing completed: 14_005
2022-04-07 11:10:41,037 - processing started: 15_005 
2022-04-07 11:10:41,182 - processing completed: 15_005
2022-04-07 11:10:41,187 - processing started: 16_006 
2022-04-07 11:10:41,394 - processing completed: 16_006
2022-04-07 11:10:41,400 - processing started: 17_006 
2022-04-07 11:10:41,537 - processing completed: 17_006
2022-04-07 11:10:41,541 - processing started: 18_007 
2022-04-07 11:10:41,688 - processing completed: 18_007
2022-04-07 11:10:41,693 - processing started: 19_007 
2022-04-07 11:10:41,891 - processing completed: 19_007
2022-04-07 11:10:41,897 - processing started: 20_008 
2022-04-07 11:10:42,018 - processing completed: 20_008
2022-04-07 11:10:42,023 - processing started: 21_008 
2022-04-07 11:10:42,226 - processing completed: 21_008
2022-04-07 11:10:42,232 - processing started: 22_009 
2022-04-07 11:10:42,374 - processing completed: 22_009
2022-04-07 11:10:42,379 - processing started: 23_009 
2022-04-07 11:10:42,586 - processing completed: 23_009
2022-04-07 11:10:42,591 - processing started: 24_009 
2022-04-07 11:10:42,729 - processing completed: 24_009
2022-04-07 11:10:42,734 - processing started: 25_010 
2022-04-07 11:10:42,931 - processing completed: 25_010
2022-04-07 11:10:42,936 - processing started: 26_010 
2022-04-07 11:10:43,079 - processing completed: 26_010
2022-04-07 11:10:43,085 - processing started: 27_011 
2022-04-07 11:10:43,277 - processing completed: 27_011
2022-04-07 11:10:43,282 - processing started: 28_011 
2022-04-07 11:10:43,427 - processing completed: 28_011
2022-04-07 11:10:43,433 - processing started: 29_012 
2022-04-07 11:10:43,541 - processing completed: 29_012
2022-04-07 11:10:43,543 - processing started: 30_012 
2022-04-07 11:10:43,599 - processing completed: 30_012
2022-04-07 11:10:43,602 - processing started: 31_013 
2022-04-07 11:10:43,751 - processing completed: 31_013
2022-04-07 11:10:43,755 - processing started: 32_013 
2022-04-07 11:10:43,908 - processing completed: 32_013
2022-04-07 11:10:43,912 - processing started: 33_014 
2022-04-07 11:10:43,987 - processing completed: 33_014
2022-04-07 11:10:43,990 - processing started: 34_014 
2022-04-07 11:10:44,121 - processing completed: 34_014
2022-04-07 11:10:44,125 - processing started: 35_014 
2022-04-07 11:10:44,197 - processing completed: 35_014
2022-04-07 11:10:44,201 - processing started: 36_014 
2022-04-07 11:10:44,325 - processing completed: 36_014
2022-04-07 11:10:44,329 - processing started: 37_014 
2022-04-07 11:10:44,404 - processing completed: 37_014
2022-04-07 11:10:44,407 - processing started: 38_015 
2022-04-07 11:10:44,530 - processing completed: 38_015
2022-04-07 11:10:44,533 - processing started: 39_015 
2022-04-07 11:10:44,605 - processing completed: 39_015
2022-04-07 11:10:44,609 - processing started: 40_015 
2022-04-07 11:10:44,732 - processing completed: 40_015
2022-04-07 11:10:44,735 - processing started: 41_015 
2022-04-07 11:10:44,805 - processing completed: 41_015
2022-04-07 11:10:44,808 - processing started: 42_015 
2022-04-07 11:10:44,935 - processing completed: 42_015
2022-04-07 11:10:44,939 - processing started: 43_016 
2022-04-07 11:10:45,012 - processing completed: 43_016
2022-04-07 11:10:45,015 - processing started: 44_016 
2022-04-07 11:10:45,142 - processing completed: 44_016
2022-04-07 11:10:45,145 - processing started: 45_017 
2022-04-07 11:10:45,282 - processing completed: 45_017
2022-04-07 11:10:45,286 - processing started: 46_017 
2022-04-07 11:10:45,365 - processing completed: 46_017
2022-04-07 11:10:45,369 - processing started: 47_017 
2022-04-07 11:10:45,502 - processing completed: 47_017
2022-04-07 11:10:45,506 - processing started: 48_018 
2022-04-07 11:10:45,583 - processing completed: 48_018
2022-04-07 11:10:45,587 - processing started: 49_018 
2022-04-07 11:10:45,710 - processing completed: 49_018
2022-04-07 11:10:45,714 - processing started: 50_019 
2022-04-07 11:10:45,790 - processing completed: 50_019
2022-04-07 11:10:45,793 - processing started: 51_019 
2022-04-07 11:10:45,923 - processing completed: 51_019
2022-04-07 11:10:45,926 - processing started: 52_020 
2022-04-07 11:10:46,001 - processing completed: 52_020
2022-04-07 11:10:46,005 - processing started: 53_020 
2022-04-07 11:10:46,132 - processing completed: 53_020
2022-04-07 11:10:46,136 - processing started: 54_021 
2022-04-07 11:10:46,212 - processing completed: 54_021
2022-04-07 11:10:46,216 - processing started: 55_021 
2022-04-07 11:10:46,345 - processing completed: 55_021
2022-04-07 11:10:46,348 - processing started: 56_022 
2022-04-07 11:10:46,458 - processing completed: 56_022
2022-04-07 11:10:46,463 - processing started: 57_022 
2022-04-07 11:10:46,587 - processing completed: 57_022
2022-04-07 11:10:46,590 - processing started: 58_022 
2022-04-07 11:10:46,704 - processing completed: 58_022
2022-04-07 11:10:46,709 - processing started: 59_023 
2022-04-07 11:10:46,840 - processing completed: 59_023
2022-04-07 11:10:46,845 - processing started: 60_023 
2022-04-07 11:10:46,983 - processing completed: 60_023
2022-04-07 11:10:46,986 - processing started: 61_023 
2022-04-07 11:10:47,063 - processing completed: 61_023
2022-04-07 11:10:47,067 - processing started: 62_023 
2022-04-07 11:10:47,204 - processing completed: 62_023
2022-04-07 11:10:47,207 - processing started: 63_024 
2022-04-07 11:10:47,286 - processing completed: 63_024
2022-04-07 11:10:47,290 - processing started: 64_024 
2022-04-07 11:10:47,425 - processing completed: 64_024
2022-04-07 11:10:47,429 - processing started: 65_024 
2022-04-07 11:10:47,507 - processing completed: 65_024
2022-04-07 11:10:47,511 - processing started: 66_025 
2022-04-07 11:10:47,644 - processing completed: 66_025
2022-04-07 11:10:47,648 - processing started: 67_025 
2022-04-07 11:10:47,727 - processing completed: 67_025
2022-04-07 11:10:47,731 - processing started: 68_026 
2022-04-07 11:10:47,867 - processing completed: 68_026
2022-04-07 11:10:47,871 - processing started: 69_026 
2022-04-07 11:10:47,955 - processing completed: 69_026
2022-04-07 11:10:47,959 - processing started: 70_027 
2022-04-07 11:10:48,089 - processing completed: 70_027
2022-04-07 11:10:48,093 - processing started: 71_027 
2022-04-07 11:10:48,168 - processing completed: 71_027
2022-04-07 11:10:48,172 - processing started: 72_028 
2022-04-07 11:10:48,299 - processing completed: 72_028
2022-04-07 11:10:48,303 - processing started: 73_028 
2022-04-07 11:10:48,377 - processing completed: 73_028
2022-04-07 11:10:48,380 - processing started: 74_028 
2022-04-07 11:10:48,503 - processing completed: 74_028
2022-04-07 11:10:48,506 - processing started: 75_029 
2022-04-07 11:10:48,638 - processing completed: 75_029
2022-04-07 11:10:48,642 - processing started: 76_029 
2022-04-07 11:10:48,716 - processing completed: 76_029
2022-04-07 11:10:48,719 - processing started: 77_030 
2022-04-07 11:10:48,844 - processing completed: 77_030
2022-04-07 11:10:48,848 - processing started: 78_030 
2022-04-07 11:10:48,956 - processing completed: 78_030
2022-04-07 11:10:48,959 - processing started: 79_030 
2022-04-07 11:10:49,094 - processing completed: 79_030
2022-04-07 11:10:49,098 - processing started: 80_031 
2022-04-07 11:10:49,175 - processing completed: 80_031
2022-04-07 11:10:49,178 - processing started: 81_031 
2022-04-07 11:10:49,308 - processing completed: 81_031
2022-04-07 11:10:49,311 - processing started: 82_031 
2022-04-07 11:10:49,394 - processing completed: 82_031
2022-04-07 11:10:49,397 - processing started: 83_032 
2022-04-07 11:10:49,561 - processing completed: 83_032
2022-04-07 11:10:49,565 - processing started: 84_032 
2022-04-07 11:10:49,674 - processing completed: 84_032
2022-04-07 11:10:49,679 - processing started: 85_032 
2022-04-07 11:10:49,839 - processing completed: 85_032
2022-04-07 11:10:49,844 - processing started: 86_032 
2022-04-07 11:10:49,959 - processing completed: 86_032
2022-04-07 11:10:49,963 - processing started: 87_032 
2022-04-07 11:10:50,134 - processing completed: 87_032
2022-04-07 11:10:50,138 - processing started: 88_033 
2022-04-07 11:10:50,209 - processing completed: 88_033
2022-04-07 11:10:50,212 - processing started: 89_033 
2022-04-07 11:10:50,338 - processing completed: 89_033
2022-04-07 11:10:50,341 - processing started: 90_033 
2022-04-07 11:10:50,473 - processing completed: 90_033
2022-04-07 11:10:50,477 - processing started: 91_033 
2022-04-07 11:10:50,554 - processing completed: 91_033
2022-04-07 11:10:50,557 - processing started: 92_033 
2022-04-07 11:10:50,686 - processing completed: 92_033
2022-04-07 11:10:50,689 - processing started: 93_034 
2022-04-07 11:10:50,766 - processing completed: 93_034
2022-04-07 11:10:50,769 - processing started: 94_034 
2022-04-07 11:10:50,906 - processing completed: 94_034
2022-04-07 11:10:50,911 - processing started: 95_035 
2022-04-07 11:10:50,989 - processing completed: 95_035
2022-04-07 11:10:50,992 - processing started: 96_035 
2022-04-07 11:10:51,121 - processing completed: 96_035
2022-04-07 11:10:51,125 - processing started: 97_035 
2022-04-07 11:10:51,199 - processing completed: 97_035
2022-04-07 11:10:51,202 - processing started: 98_035 
2022-04-07 11:10:51,326 - processing completed: 98_035
2022-04-07 11:10:51,329 - processing started: 99_036 
2022-04-07 11:10:51,406 - processing completed: 99_036
2022-04-07 11:10:51,411 - processing started: 100_036 
2022-04-07 11:10:51,540 - processing completed: 100_036
2022-04-07 11:10:51,543 - processing started: 101_037 
2022-04-07 11:10:51,619 - processing completed: 101_037
2022-04-07 11:10:51,623 - processing started: 102_037 
2022-04-07 11:10:51,747 - processing completed: 102_037
2022-04-07 11:10:51,750 - processing started: 103_037 
2022-04-07 11:10:51,826 - processing completed: 103_037
2022-04-07 11:10:51,829 - processing started: 104_038 
2022-04-07 11:10:51,958 - processing completed: 104_038
2022-04-07 11:10:51,961 - processing started: 105_038 
2022-04-07 11:10:52,095 - processing completed: 105_038
2022-04-07 11:10:52,099 - processing started: 106_039 
2022-04-07 11:10:52,174 - processing completed: 106_039
2022-04-07 11:10:52,178 - processing started: 107_039 
2022-04-07 11:10:52,308 - processing completed: 107_039
2022-04-07 11:10:52,312 - processing started: 108_039 
2022-04-07 11:10:52,391 - processing completed: 108_039
2022-04-07 11:10:52,394 - processing started: 109_040 
2022-04-07 11:10:52,531 - processing completed: 109_040
2022-04-07 11:10:52,534 - processing started: 110_040 
2022-04-07 11:10:52,608 - processing completed: 110_040
2022-04-07 11:10:52,612 - processing started: 111_040 
2022-04-07 11:10:52,740 - processing completed: 111_040
2022-04-07 11:10:52,743 - processing started: 112_040 
2022-04-07 11:10:52,817 - processing completed: 112_040
2022-04-07 11:10:52,821 - processing started: 113_040 
2022-04-07 11:10:52,949 - processing completed: 113_040
2022-04-07 11:10:52,953 - processing started: 114_040 
2022-04-07 11:10:53,029 - processing completed: 114_040
2022-04-07 11:10:53,032 - processing started: 115_040 
2022-04-07 11:10:53,161 - processing completed: 115_040
2022-04-07 11:10:53,165 - processing started: 116_041 
2022-04-07 11:10:53,241 - processing completed: 116_041
2022-04-07 11:10:53,244 - processing started: 117_041 
2022-04-07 11:10:53,371 - processing completed: 117_041
2022-04-07 11:10:53,375 - processing started: 118_042 
2022-04-07 11:10:53,451 - processing completed: 118_042
2022-04-07 11:10:53,454 - processing started: 119_042 
2022-04-07 11:10:53,589 - processing completed: 119_042
2022-04-07 11:10:53,592 - processing started: 120_042 
2022-04-07 11:10:53,721 - processing completed: 120_042
2022-04-07 11:10:53,724 - processing started: 121_042 
2022-04-07 11:10:53,798 - processing completed: 121_042
2022-04-07 11:10:53,801 - processing started: 122_043 
2022-04-07 11:10:53,930 - processing completed: 122_043
2022-04-07 11:10:53,933 - processing started: 123_043 
2022-04-07 11:10:54,006 - processing completed: 123_043
2022-04-07 11:10:54,009 - processing started: 124_044 
2022-04-07 11:10:54,136 - processing completed: 124_044
2022-04-07 11:10:54,139 - processing started: 125_044 
2022-04-07 11:10:54,209 - processing completed: 125_044
2022-04-07 11:10:54,213 - processing started: 126_044 
2022-04-07 11:10:54,337 - processing completed: 126_044
2022-04-07 11:10:54,340 - processing started: 127_045 
2022-04-07 11:10:54,417 - processing completed: 127_045
2022-04-07 11:10:54,420 - processing started: 128_045 
2022-04-07 11:10:54,547 - processing completed: 128_045
2022-04-07 11:10:54,551 - processing started: 129_045 
2022-04-07 11:10:54,625 - processing completed: 129_045
2022-04-07 11:10:54,628 - processing started: 130_046 
2022-04-07 11:10:54,753 - processing completed: 130_046
2022-04-07 11:10:54,756 - processing started: 131_046 
2022-04-07 11:10:54,828 - processing completed: 131_046
2022-04-07 11:10:54,831 - processing started: 132_047 
2022-04-07 11:10:54,963 - processing completed: 132_047
2022-04-07 11:10:54,966 - processing started: 133_047 
2022-04-07 11:10:55,042 - processing completed: 133_047
2022-04-07 11:10:55,045 - processing started: 134_048 
2022-04-07 11:10:55,169 - processing completed: 134_048
2022-04-07 11:10:55,172 - processing started: 135_048 
2022-04-07 11:10:55,299 - processing completed: 135_048
2022-04-07 11:10:55,303 - processing started: 136_048 
2022-04-07 11:10:55,375 - processing completed: 136_048
2022-04-07 11:10:55,378 - processing started: 137_049 
2022-04-07 11:10:55,512 - processing completed: 137_049
2022-04-07 11:10:55,515 - processing started: 138_049 
2022-04-07 11:10:55,599 - processing completed: 138_049
2022-04-07 11:10:55,602 - processing started: 139_049 
2022-04-07 11:10:55,740 - processing completed: 139_049
2022-04-07 11:10:55,743 - processing started: 140_050 
2022-04-07 11:10:55,817 - processing completed: 140_050
2022-04-07 11:10:55,820 - processing started: 141_050 
2022-04-07 11:10:55,950 - processing completed: 141_050
2022-04-07 11:10:55,953 - processing started: 142_050 
2022-04-07 11:10:56,027 - processing completed: 142_050
2022-04-07 11:10:56,030 - processing started: 143_051 
2022-04-07 11:10:56,161 - processing completed: 143_051
2022-04-07 11:10:56,164 - processing started: 144_051 
2022-04-07 11:10:56,238 - processing completed: 144_051
2022-04-07 11:10:56,242 - processing started: 145_051 
2022-04-07 11:10:56,366 - processing completed: 145_051
2022-04-07 11:10:56,369 - processing started: 146_051 
2022-04-07 11:10:56,448 - processing completed: 146_051
2022-04-07 11:10:56,452 - processing started: 147_051 
2022-04-07 11:10:56,579 - processing completed: 147_051
2022-04-07 11:10:56,582 - processing started: 148_052 
2022-04-07 11:10:56,657 - processing completed: 148_052
2022-04-07 11:10:56,660 - processing started: 149_052 
2022-04-07 11:10:56,787 - processing completed: 149_052
2022-04-07 11:10:56,790 - processing started: 150_053 
2022-04-07 11:10:56,922 - processing completed: 150_053
2022-04-07 11:10:56,926 - processing started: 151_053 
2022-04-07 11:10:57,000 - processing completed: 151_053
2022-04-07 11:10:57,004 - processing started: 152_054 
2022-04-07 11:10:57,132 - processing completed: 152_054
2022-04-07 11:10:57,136 - processing started: 153_054 
2022-04-07 11:10:57,212 - processing completed: 153_054
2022-04-07 11:10:57,216 - processing started: 154_055 
2022-04-07 11:10:57,353 - processing completed: 154_055
2022-04-07 11:10:57,356 - processing started: 155_055 
2022-04-07 11:10:57,433 - processing completed: 155_055
2022-04-07 11:10:57,436 - processing started: 156_056 
2022-04-07 11:10:57,572 - processing completed: 156_056
2022-04-07 11:10:57,575 - processing started: 157_056 
2022-04-07 11:10:57,657 - processing completed: 157_056
2022-04-07 11:10:57,660 - processing started: 158_057 
2022-04-07 11:10:57,789 - processing completed: 158_057
2022-04-07 11:10:57,792 - processing started: 159_057 
2022-04-07 11:10:57,866 - processing completed: 159_057
2022-04-07 11:10:57,869 - processing started: 160_058 
2022-04-07 11:10:58,048 - processing completed: 160_058
2022-04-07 11:10:58,053 - processing started: 161_058 
2022-04-07 11:10:58,169 - processing completed: 161_058
2022-04-07 11:10:58,173 - processing started: 162_058 
2022-04-07 11:10:58,347 - processing completed: 162_058
2022-04-07 11:10:58,351 - processing started: 163_059 
2022-04-07 11:10:58,425 - processing completed: 163_059
2022-04-07 11:10:58,429 - processing started: 164_059 
2022-04-07 11:10:58,554 - processing completed: 164_059
2022-04-07 11:10:58,557 - processing started: 165_060 
2022-04-07 11:10:58,685 - processing completed: 165_060
2022-04-07 11:10:58,689 - processing started: 166_060 
2022-04-07 11:10:58,756 - processing completed: 166_060
2022-04-07 11:10:58,760 - processing started: 167_060 
2022-04-07 11:10:58,888 - processing completed: 167_060
2022-04-07 11:10:58,891 - processing started: 168_061 
2022-04-07 11:10:58,966 - processing completed: 168_061
2022-04-07 11:10:58,969 - processing started: 169_061 
2022-04-07 11:10:59,097 - processing completed: 169_061
2022-04-07 11:10:59,100 - processing started: 170_062 
2022-04-07 11:10:59,177 - processing completed: 170_062
2022-04-07 11:10:59,180 - processing started: 171_062 
2022-04-07 11:10:59,310 - processing completed: 171_062
2022-04-07 11:10:59,313 - processing started: 172_062 
2022-04-07 11:10:59,395 - processing completed: 172_062
2022-04-07 11:10:59,399 - processing started: 173_063 
2022-04-07 11:10:59,604 - processing completed: 173_063
2022-04-07 11:10:59,609 - processing started: 174_063 
2022-04-07 11:10:59,748 - processing completed: 174_063
2022-04-07 11:10:59,753 - processing started: 175_064 
2022-04-07 11:10:59,947 - processing completed: 175_064
2022-04-07 11:10:59,952 - processing started: 176_064 
2022-04-07 11:11:00,095 - processing completed: 176_064
2022-04-07 11:11:00,100 - processing started: 177_064 
2022-04-07 11:11:00,293 - processing completed: 177_064
2022-04-07 11:11:00,299 - processing started: 178_064 
2022-04-07 11:11:00,494 - processing completed: 178_064
2022-04-07 11:11:00,499 - processing started: 179_065 
2022-04-07 11:11:00,643 - processing completed: 179_065
2022-04-07 11:11:00,649 - processing started: 180_065 
2022-04-07 11:11:00,849 - processing completed: 180_065
2022-04-07 11:11:00,854 - processing started: 181_066 
2022-04-07 11:11:00,998 - processing completed: 181_066
2022-04-07 11:11:01,004 - processing started: 182_066 
2022-04-07 11:11:01,209 - processing completed: 182_066
2022-04-07 11:11:01,213 - processing started: 183_066 
2022-04-07 11:11:01,356 - processing completed: 183_066
2022-04-07 11:11:01,361 - processing started: 184_066 
2022-04-07 11:11:01,557 - processing completed: 184_066
2022-04-07 11:11:01,562 - processing started: 185_066 
2022-04-07 11:11:01,707 - processing completed: 185_066
2022-04-07 11:11:01,712 - processing started: 186_066 
2022-04-07 11:11:01,908 - processing completed: 186_066
2022-04-07 11:11:01,913 - processing started: 187_066 
2022-04-07 11:11:02,022 - processing completed: 187_066
2022-04-07 11:11:02,026 - processing started: 188_067 
2022-04-07 11:11:02,115 - processing completed: 188_067
2022-04-07 11:11:02,117 - processing started: 189_067 
2022-04-07 11:11:02,258 - processing completed: 189_067
2022-04-07 11:11:02,263 - processing started: 190_067 
2022-04-07 11:11:02,419 - processing completed: 190_067
2022-04-07 11:11:02,423 - processing started: 191_067 
2022-04-07 11:11:02,572 - processing completed: 191_067
2022-04-07 11:11:02,577 - processing started: 192_067 
2022-04-07 11:11:02,769 - processing completed: 192_067
2022-04-07 11:11:02,775 - processing started: 193_068 
2022-04-07 11:11:02,929 - processing completed: 193_068
2022-04-07 11:11:02,934 - processing started: 194_068 
2022-04-07 11:11:03,033 - processing completed: 194_068
2022-04-07 11:11:03,037 - processing started: 195_069 
2022-04-07 11:11:03,190 - processing completed: 195_069
2022-04-07 11:11:03,195 - processing started: 196_069 
2022-04-07 11:11:03,292 - processing completed: 196_069
2022-04-07 11:11:03,297 - processing started: 197_069 
2022-04-07 11:11:03,453 - processing completed: 197_069
2022-04-07 11:11:03,457 - processing started: 198_069 
2022-04-07 11:11:03,557 - processing completed: 198_069
2022-04-07 11:11:03,561 - processing started: 199_070 
2022-04-07 11:11:03,755 - processing completed: 199_070
2022-04-07 11:11:03,760 - processing started: 200_070 
2022-04-07 11:11:03,793 - processing completed: 200_070
2022-04-07 11:11:03,796 - processing started: 201_071 
2022-04-07 11:11:04,012 - processing completed: 201_071
2022-04-07 11:11:04,018 - processing started: 202_071 
2022-04-07 11:11:04,167 - processing completed: 202_071
2022-04-07 11:11:04,172 - processing started: 203_072 
2022-04-07 11:11:04,361 - processing completed: 203_072
2022-04-07 11:11:04,366 - processing started: 204_072 
2022-04-07 11:11:04,507 - processing completed: 204_072
2022-04-07 11:11:04,512 - processing started: 205_072 
2022-04-07 11:11:04,704 - processing completed: 205_072
2022-04-07 11:11:04,710 - processing started: 206_072 
2022-04-07 11:11:04,852 - processing completed: 206_072
2022-04-07 11:11:04,858 - processing started: 207_073 
2022-04-07 11:11:05,053 - processing completed: 207_073
2022-04-07 11:11:05,058 - processing started: 208_073 
2022-04-07 11:11:05,253 - processing completed: 208_073
2022-04-07 11:11:05,259 - processing started: 209_074 
2022-04-07 11:11:05,399 - processing completed: 209_074
2022-04-07 11:11:05,404 - processing started: 210_074 
2022-04-07 11:11:05,600 - processing completed: 210_074
2022-04-07 11:11:05,604 - processing started: 211_075 
2022-04-07 11:11:05,749 - processing completed: 211_075
2022-04-07 11:11:05,754 - processing started: 212_075 
2022-04-07 11:11:05,954 - processing completed: 212_075
2022-04-07 11:11:05,960 - processing started: 213_076 
2022-04-07 11:11:06,101 - processing completed: 213_076
2022-04-07 11:11:06,107 - processing started: 214_076 
2022-04-07 11:11:06,304 - processing completed: 214_076
2022-04-07 11:11:06,309 - processing started: 215_077 
2022-04-07 11:11:06,409 - processing completed: 215_077
2022-04-07 11:11:06,413 - processing started: 216_077 
2022-04-07 11:11:06,605 - processing completed: 216_077
2022-04-07 11:11:06,611 - processing started: 217_077 
2022-04-07 11:11:06,751 - processing completed: 217_077
2022-04-07 11:11:06,756 - processing started: 218_078 
2022-04-07 11:11:06,950 - processing completed: 218_078
2022-04-07 11:11:06,956 - processing started: 219_078 
2022-04-07 11:11:07,100 - processing completed: 219_078
2022-04-07 11:11:07,106 - processing started: 220_079 
2022-04-07 11:11:07,302 - processing completed: 220_079
2022-04-07 11:11:07,307 - processing started: 221_079 
2022-04-07 11:11:07,451 - processing completed: 221_079
2022-04-07 11:11:07,456 - processing started: 222_079 
2022-04-07 11:11:07,652 - processing completed: 222_079
2022-04-07 11:11:07,657 - processing started: 223_080 
2022-04-07 11:11:07,779 - processing completed: 223_080
2022-04-07 11:11:07,783 - processing started: 224_080 
2022-04-07 11:11:07,849 - processing completed: 224_080
2022-04-07 11:11:07,853 - processing started: 225_081 
2022-04-07 11:11:07,997 - processing completed: 225_081
2022-04-07 11:11:08,002 - processing started: 226_081 
2022-04-07 11:11:08,091 - processing completed: 226_081
2022-04-07 11:11:08,095 - processing started: 227_081 
2022-04-07 11:11:08,237 - processing completed: 227_081
2022-04-07 11:11:08,242 - processing started: 228_081 
2022-04-07 11:11:08,328 - processing completed: 228_081
2022-04-07 11:11:08,333 - processing started: 229_081 
2022-04-07 11:11:08,473 - processing completed: 229_081
2022-04-07 11:11:08,477 - processing started: 230_081 
2022-04-07 11:11:08,566 - processing completed: 230_081
2022-04-07 11:11:08,570 - processing started: 231_081 
2022-04-07 11:11:08,709 - processing completed: 231_081
2022-04-07 11:11:08,714 - processing started: 232_082 
2022-04-07 11:11:08,800 - processing completed: 232_082
2022-04-07 11:11:08,804 - processing started: 233_082 
2022-04-07 11:11:08,945 - processing completed: 233_082
2022-04-07 11:11:08,950 - processing started: 234_082 
2022-04-07 11:11:09,036 - processing completed: 234_082
2022-04-07 11:11:09,040 - processing started: 235_082 
2022-04-07 11:11:09,177 - processing completed: 235_082
2022-04-07 11:11:09,181 - processing started: 236_083 
2022-04-07 11:11:09,270 - processing completed: 236_083
2022-04-07 11:11:09,274 - processing started: 237_083 
2022-04-07 11:11:09,413 - processing completed: 237_083
2022-04-07 11:11:09,417 - processing started: 238_084 
2022-04-07 11:11:09,555 - processing completed: 238_084
2022-04-07 11:11:09,560 - processing started: 239_084 
2022-04-07 11:11:09,649 - processing completed: 239_084
2022-04-07 11:11:09,654 - processing started: 240_085 
2022-04-07 11:11:09,793 - processing completed: 240_085
2022-04-07 11:11:09,798 - processing started: 241_085 
2022-04-07 11:11:09,883 - processing completed: 241_085
2022-04-07 11:11:09,887 - processing started: 242_086 
2022-04-07 11:11:10,041 - processing completed: 242_086
2022-04-07 11:11:10,045 - processing started: 243_086 
2022-04-07 11:11:10,147 - processing completed: 243_086
2022-04-07 11:11:10,151 - processing started: 244_087 
2022-04-07 11:11:10,295 - processing completed: 244_087
2022-04-07 11:11:10,299 - processing started: 245_087 
2022-04-07 11:11:10,385 - processing completed: 245_087
2022-04-07 11:11:10,389 - processing started: 246_088 
2022-04-07 11:11:10,532 - processing completed: 246_088
2022-04-07 11:11:10,536 - processing started: 247_088 
2022-04-07 11:11:10,624 - processing completed: 247_088
2022-04-07 11:11:10,627 - processing started: 248_088 
2022-04-07 11:11:10,769 - processing completed: 248_088
2022-04-07 11:11:10,773 - processing started: 249_089 
2022-04-07 11:11:10,828 - processing completed: 249_089
2022-04-07 11:11:10,831 - processing started: 250_089 
2022-04-07 11:11:10,938 - processing completed: 250_089
2022-04-07 11:11:10,941 - processing started: 251_089 
2022-04-07 11:11:10,994 - processing completed: 251_089
2022-04-07 11:11:10,997 - processing started: 252_090 
2022-04-07 11:11:11,105 - processing completed: 252_090
2022-04-07 11:11:11,108 - processing started: 253_090 
2022-04-07 11:11:11,214 - processing completed: 253_090
2022-04-07 11:11:11,218 - processing started: 254_091 
2022-04-07 11:11:11,274 - processing completed: 254_091
2022-04-07 11:11:11,277 - processing started: 255_091 
2022-04-07 11:11:11,394 - processing completed: 255_091
2022-04-07 11:11:11,398 - processing started: 256_092 
2022-04-07 11:11:11,452 - processing completed: 256_092
2022-04-07 11:11:11,455 - processing started: 257_092 
2022-04-07 11:11:11,566 - processing completed: 257_092
2022-04-07 11:11:11,571 - processing started: 258_093 
2022-04-07 11:11:11,637 - processing completed: 258_093
2022-04-07 11:11:11,641 - processing started: 259_093 
2022-04-07 11:11:11,759 - processing completed: 259_093
2022-04-07 11:11:11,762 - processing started: 260_094 
2022-04-07 11:11:11,829 - processing completed: 260_094
2022-04-07 11:11:11,833 - processing started: 261_094 
2022-04-07 11:11:11,953 - processing completed: 261_094
2022-04-07 11:11:11,957 - processing started: 262_094 
2022-04-07 11:11:12,024 - processing completed: 262_094
2022-04-07 11:11:12,031 - processing started: 263_095 
2022-04-07 11:11:12,149 - processing completed: 263_095
2022-04-07 11:11:12,153 - processing started: 264_095 
2022-04-07 11:11:12,218 - processing completed: 264_095
2022-04-07 11:11:12,222 - processing started: 265_096 
2022-04-07 11:11:12,341 - processing completed: 265_096
2022-04-07 11:11:12,346 - processing started: 266_096 
2022-04-07 11:11:12,412 - processing completed: 266_096
2022-04-07 11:11:12,416 - processing started: 267_097 
2022-04-07 11:11:12,538 - processing completed: 267_097
2022-04-07 11:11:12,541 - processing started: 268_097 
2022-04-07 11:11:12,662 - processing completed: 268_097
2022-04-07 11:11:12,665 - processing started: 269_098 
2022-04-07 11:11:12,732 - processing completed: 269_098
2022-04-07 11:11:12,736 - processing started: 270_098 
2022-04-07 11:11:12,856 - processing completed: 270_098
2022-04-07 11:11:12,859 - processing started: 271_098 
2022-04-07 11:11:12,928 - processing completed: 271_098
2022-04-07 11:11:12,931 - processing started: 272_099 
2022-04-07 11:11:13,040 - processing completed: 272_099
2022-04-07 11:11:13,043 - processing started: 273_099 
2022-04-07 11:11:13,100 - processing completed: 273_099
2022-04-07 11:11:13,104 - processing started: 274_100 
2022-04-07 11:11:13,242 - processing completed: 274_100
2022-04-07 11:11:13,245 - processing started: 275_100 
2022-04-07 11:11:13,331 - processing completed: 275_100
2022-04-07 11:11:13,335 - processing started: 276_101 
2022-04-07 11:11:13,454 - processing completed: 276_101
2022-04-07 11:11:13,457 - processing started: 277_101 
2022-04-07 11:11:13,516 - processing completed: 277_101
2022-04-07 11:11:13,519 - processing started: 278_102 
2022-04-07 11:11:13,630 - processing completed: 278_102
2022-04-07 11:11:13,633 - processing started: 279_102 
2022-04-07 11:11:13,693 - processing completed: 279_102
2022-04-07 11:11:13,696 - processing started: 280_103 
2022-04-07 11:11:13,800 - processing completed: 280_103
2022-04-07 11:11:13,804 - processing started: 281_103 
2022-04-07 11:11:13,864 - processing completed: 281_103
2022-04-07 11:11:13,867 - processing started: 282_103 
2022-04-07 11:11:13,981 - processing completed: 282_103
2022-04-07 11:11:13,985 - processing started: 283_104 
2022-04-07 11:11:14,096 - processing completed: 283_104
2022-04-07 11:11:14,100 - processing started: 284_104 
2022-04-07 11:11:14,155 - processing completed: 284_104
2022-04-07 11:11:14,158 - processing started: 285_105 
2022-04-07 11:11:14,268 - processing completed: 285_105
2022-04-07 11:11:14,271 - processing started: 286_105 
2022-04-07 11:11:14,327 - processing completed: 286_105
2022-04-07 11:11:14,330 - processing started: 287_106 
2022-04-07 11:11:14,450 - processing completed: 287_106
2022-04-07 11:11:14,454 - processing started: 288_106 
2022-04-07 11:11:14,511 - processing completed: 288_106
2022-04-07 11:11:14,514 - processing started: 289_107 
2022-04-07 11:11:14,630 - processing completed: 289_107
2022-04-07 11:11:14,634 - processing started: 290_107 
2022-04-07 11:11:14,689 - processing completed: 290_107
2022-04-07 11:11:14,692 - processing started: 291_107 
2022-04-07 11:11:14,802 - processing completed: 291_107
2022-04-07 11:11:14,805 - processing started: 292_108 
2022-04-07 11:11:14,860 - processing completed: 292_108
2022-04-07 11:11:14,863 - processing started: 293_108 
2022-04-07 11:11:14,974 - processing completed: 293_108
2022-04-07 11:11:14,977 - processing started: 294_108 
2022-04-07 11:11:15,031 - processing completed: 294_108
2022-04-07 11:11:15,034 - processing started: 295_109 
2022-04-07 11:11:15,135 - processing completed: 295_109
2022-04-07 11:11:15,139 - processing started: 296_109 
2022-04-07 11:11:15,193 - processing completed: 296_109
2022-04-07 11:11:15,196 - processing started: 297_110 
2022-04-07 11:11:15,301 - processing completed: 297_110
2022-04-07 11:11:15,305 - processing started: 298_110 
2022-04-07 11:11:15,420 - processing completed: 298_110
2022-04-07 11:11:15,423 - processing started: 299_110 
2022-04-07 11:11:15,481 - processing completed: 299_110
2022-04-07 11:11:15,484 - processing started: 300_111 
2022-04-07 11:11:15,595 - processing completed: 300_111
2022-04-07 11:11:15,599 - processing started: 301_111 
2022-04-07 11:11:15,655 - processing completed: 301_111
2022-04-07 11:11:15,658 - processing started: 302_112 
2022-04-07 11:11:15,766 - processing completed: 302_112
2022-04-07 11:11:15,769 - processing started: 303_112 
2022-04-07 11:11:15,827 - processing completed: 303_112
2022-04-07 11:11:15,831 - processing started: 304_113 
2022-04-07 11:11:15,938 - processing completed: 304_113
2022-04-07 11:11:15,941 - processing started: 305_113 
2022-04-07 11:11:15,994 - processing completed: 305_113
2022-04-07 11:11:15,997 - processing started: 306_114 
2022-04-07 11:11:16,136 - processing completed: 306_114
2022-04-07 11:11:16,140 - processing started: 307_114 
2022-04-07 11:11:16,224 - processing completed: 307_114
2022-04-07 11:11:16,228 - processing started: 308_115 
2022-04-07 11:11:16,365 - processing completed: 308_115
2022-04-07 11:11:16,370 - processing started: 309_115 
2022-04-07 11:11:16,458 - processing completed: 309_115
2022-04-07 11:11:16,462 - processing started: 310_116 
2022-04-07 11:11:16,603 - processing completed: 310_116
2022-04-07 11:11:16,608 - processing started: 311_116 
2022-04-07 11:11:16,749 - processing completed: 311_116
2022-04-07 11:11:16,753 - processing started: 312_117 
2022-04-07 11:11:16,837 - processing completed: 312_117
2022-04-07 11:11:16,841 - processing started: 313_117 
2022-04-07 11:11:16,981 - processing completed: 313_117
2022-04-07 11:11:16,984 - processing started: 314_117 
2022-04-07 11:11:17,070 - processing completed: 314_117
2022-04-07 11:11:17,073 - processing started: 315_117 
2022-04-07 11:11:17,212 - processing completed: 315_117
2022-04-07 11:11:17,216 - processing started: 316_118 
2022-04-07 11:11:17,302 - processing completed: 316_118
2022-04-07 11:11:17,306 - processing started: 317_118 
2022-04-07 11:11:17,449 - processing completed: 317_118
2022-04-07 11:11:17,453 - processing started: 318_119 
2022-04-07 11:11:17,539 - processing completed: 318_119
2022-04-07 11:11:17,544 - processing started: 319_119 
2022-04-07 11:11:17,685 - processing completed: 319_119
2022-04-07 11:11:17,689 - processing started: 320_120 
2022-04-07 11:11:17,754 - processing completed: 320_120
2022-04-07 11:11:17,757 - processing started: 321_120 
2022-04-07 11:11:17,876 - processing completed: 321_120
2022-04-07 11:11:17,880 - processing started: 322_120 
2022-04-07 11:11:17,947 - processing completed: 322_120
2022-04-07 11:11:17,950 - processing started: 323_120 
2022-04-07 11:11:18,067 - processing completed: 323_120
2022-04-07 11:11:18,070 - processing started: 324_121 
2022-04-07 11:11:18,155 - processing completed: 324_121
2022-04-07 11:11:18,158 - processing started: 325_121 
2022-04-07 11:11:18,298 - processing completed: 325_121
2022-04-07 11:11:18,301 - processing started: 326_122 
2022-04-07 11:11:18,443 - processing completed: 326_122
2022-04-07 11:11:18,447 - processing started: 327_122 
2022-04-07 11:11:18,532 - processing completed: 327_122
2022-04-07 11:11:18,536 - processing started: 328_123 
2022-04-07 11:11:18,680 - processing completed: 328_123
2022-04-07 11:11:18,684 - processing started: 329_123 
2022-04-07 11:11:18,771 - processing completed: 329_123
2022-04-07 11:11:18,775 - processing started: 330_123 
2022-04-07 11:11:18,920 - processing completed: 330_123
2022-04-07 11:11:18,924 - processing started: 331_124 
2022-04-07 11:11:19,010 - processing completed: 331_124
2022-04-07 11:11:19,013 - processing started: 332_124 
2022-04-07 11:11:19,153 - processing completed: 332_124
2022-04-07 11:11:19,157 - processing started: 333_124 
2022-04-07 11:11:19,243 - processing completed: 333_124
2022-04-07 11:11:19,247 - processing started: 334_124 
2022-04-07 11:11:19,383 - processing completed: 334_124
2022-04-07 11:11:19,387 - processing started: 335_124 
2022-04-07 11:11:19,473 - processing completed: 335_124
2022-04-07 11:11:19,477 - processing started: 336_124 
2022-04-07 11:11:19,615 - processing completed: 336_124
2022-04-07 11:11:19,619 - processing started: 337_124 
2022-04-07 11:11:19,705 - processing completed: 337_124
2022-04-07 11:11:19,709 - processing started: 338_124 
2022-04-07 11:11:19,850 - processing completed: 338_124
2022-04-07 11:11:19,853 - processing started: 339_124 
2022-04-07 11:11:19,939 - processing completed: 339_124
2022-04-07 11:11:19,943 - processing started: 340_125 
2022-04-07 11:11:20,084 - processing completed: 340_125
2022-04-07 11:11:20,088 - processing started: 341_125 
2022-04-07 11:11:20,227 - processing completed: 341_125
2022-04-07 11:11:20,231 - processing started: 342_126 
2022-04-07 11:11:20,318 - processing completed: 342_126
2022-04-07 11:11:20,322 - processing started: 343_126 
2022-04-07 11:11:20,470 - processing completed: 343_126
2022-04-07 11:11:20,474 - processing started: 344_126 
2022-04-07 11:11:20,562 - processing completed: 344_126
2022-04-07 11:11:20,566 - processing started: 345_127 
2022-04-07 11:11:20,704 - processing completed: 345_127
2022-04-07 11:11:20,708 - processing started: 346_127 
2022-04-07 11:11:20,798 - processing completed: 346_127
2022-04-07 11:11:20,801 - processing started: 347_128 
2022-04-07 11:11:20,941 - processing completed: 347_128
2022-04-07 11:11:20,945 - processing started: 348_128 
2022-04-07 11:11:21,030 - processing completed: 348_128
2022-04-07 11:11:21,034 - processing started: 349_129 
2022-04-07 11:11:21,170 - processing completed: 349_129
2022-04-07 11:11:21,173 - processing started: 350_129 
2022-04-07 11:11:21,258 - processing completed: 350_129
2022-04-07 11:11:21,262 - processing started: 351_129 
2022-04-07 11:11:21,404 - processing completed: 351_129
2022-04-07 11:11:21,408 - processing started: 352_130 
2022-04-07 11:11:21,495 - processing completed: 352_130
2022-04-07 11:11:21,498 - processing started: 353_130 
2022-04-07 11:11:21,635 - processing completed: 353_130
2022-04-07 11:11:21,639 - processing started: 354_131 
2022-04-07 11:11:21,723 - processing completed: 354_131
2022-04-07 11:11:21,728 - processing started: 355_131 
2022-04-07 11:11:21,870 - processing completed: 355_131
2022-04-07 11:11:21,874 - processing started: 356_132 
2022-04-07 11:11:22,014 - processing completed: 356_132
2022-04-07 11:11:22,018 - processing started: 357_132 
2022-04-07 11:11:22,105 - processing completed: 357_132
2022-04-07 11:11:22,110 - processing started: 358_133 
2022-04-07 11:11:22,248 - processing completed: 358_133
2022-04-07 11:11:22,251 - processing started: 359_133 
2022-04-07 11:11:22,338 - processing completed: 359_133
2022-04-07 11:11:22,342 - processing started: 360_134 
2022-04-07 11:11:22,484 - processing completed: 360_134
2022-04-07 11:11:22,488 - processing started: 361_134 
2022-04-07 11:11:22,574 - processing completed: 361_134
2022-04-07 11:11:22,579 - processing started: 362_134 
2022-04-07 11:11:22,718 - processing completed: 362_134
2022-04-07 11:11:22,722 - processing started: 363_134 
2022-04-07 11:11:22,807 - processing completed: 363_134
2022-04-07 11:11:22,812 - processing started: 364_134 
2022-04-07 11:11:22,952 - processing completed: 364_134
2022-04-07 11:11:22,956 - processing started: 365_135 
2022-04-07 11:11:23,040 - processing completed: 365_135
2022-04-07 11:11:23,045 - processing started: 366_135 
2022-04-07 11:11:23,183 - processing completed: 366_135
2022-04-07 11:11:23,187 - processing started: 367_135 
2022-04-07 11:11:23,271 - processing completed: 367_135
2022-04-07 11:11:23,275 - processing started: 368_136 
2022-04-07 11:11:23,414 - processing completed: 368_136
2022-04-07 11:11:23,418 - processing started: 369_136 
2022-04-07 11:11:23,505 - processing completed: 369_136
2022-04-07 11:11:23,508 - processing started: 370_137 
2022-04-07 11:11:23,646 - processing completed: 370_137
2022-04-07 11:11:23,650 - processing started: 371_137 
2022-04-07 11:11:23,789 - processing completed: 371_137
2022-04-07 11:11:23,792 - processing started: 372_138 
2022-04-07 11:11:23,880 - processing completed: 372_138
2022-04-07 11:11:23,883 - processing started: 373_138 
2022-04-07 11:11:24,019 - processing completed: 373_138
2022-04-07 11:11:24,022 - processing started: 374_139 
2022-04-07 11:11:24,110 - processing completed: 374_139
2022-04-07 11:11:24,114 - processing started: 375_139 
2022-04-07 11:11:24,251 - processing completed: 375_139
2022-04-07 11:11:24,255 - processing started: 376_140 
2022-04-07 11:11:24,341 - processing completed: 376_140
2022-04-07 11:11:24,346 - processing started: 377_140 
2022-04-07 11:11:24,486 - processing completed: 377_140
2022-04-07 11:11:24,490 - processing started: 378_140 
2022-04-07 11:11:24,577 - processing completed: 378_140
2022-04-07 11:11:24,580 - processing started: 379_141 
2022-04-07 11:11:24,717 - processing completed: 379_141
2022-04-07 11:11:24,721 - processing started: 380_141 
2022-04-07 11:11:24,807 - processing completed: 380_141
2022-04-07 11:11:24,812 - processing started: 381_142 
2022-04-07 11:11:24,966 - processing completed: 381_142
2022-04-07 11:11:24,970 - processing started: 382_142 
2022-04-07 11:11:25,059 - processing completed: 382_142
2022-04-07 11:11:25,063 - processing started: 383_143 
2022-04-07 11:11:25,200 - processing completed: 383_143
2022-04-07 11:11:25,204 - processing started: 384_143 
2022-04-07 11:11:25,291 - processing completed: 384_143
2022-04-07 11:11:25,294 - processing started: 385_144 
2022-04-07 11:11:25,431 - processing completed: 385_144
2022-04-07 11:11:25,436 - processing started: 386_144 
2022-04-07 11:11:25,579 - processing completed: 386_144
2022-04-07 11:11:25,583 - processing started: 387_144 
2022-04-07 11:11:25,667 - processing completed: 387_144
2022-04-07 11:11:25,672 - processing started: 388_145 
2022-04-07 11:11:25,812 - processing completed: 388_145
2022-04-07 11:11:25,816 - processing started: 389_145 
2022-04-07 11:11:25,903 - processing completed: 389_145
2022-04-07 11:11:25,909 - processing started: 390_145 
2022-04-07 11:11:26,054 - processing completed: 390_145
2022-04-07 11:11:26,059 - processing started: 391_145 
2022-04-07 11:11:26,144 - processing completed: 391_145
2022-04-07 11:11:26,148 - processing started: 392_145 
2022-04-07 11:11:26,285 - processing completed: 392_145
2022-04-07 11:11:26,290 - processing started: 393_146 
2022-04-07 11:11:26,375 - processing completed: 393_146
2022-04-07 11:11:26,379 - processing started: 394_146 
2022-04-07 11:11:26,521 - processing completed: 394_146
2022-04-07 11:11:26,525 - processing started: 395_147 
2022-04-07 11:11:26,613 - processing completed: 395_147
2022-04-07 11:11:26,616 - processing started: 396_147 
2022-04-07 11:11:26,751 - processing completed: 396_147
2022-04-07 11:11:26,755 - processing started: 397_147 
2022-04-07 11:11:26,840 - processing completed: 397_147
2022-04-07 11:11:26,845 - processing started: 398_147 
2022-04-07 11:11:26,985 - processing completed: 398_147
2022-04-07 11:11:26,989 - processing started: 399_148 
2022-04-07 11:11:27,075 - processing completed: 399_148
2022-04-07 11:11:27,079 - processing started: 400_148 
2022-04-07 11:11:27,215 - processing completed: 400_148
2022-04-07 11:11:27,218 - processing started: 401_149 
2022-04-07 11:11:27,358 - processing completed: 401_149
2022-04-07 11:11:27,362 - processing started: 402_149 
2022-04-07 11:11:27,448 - processing completed: 402_149
2022-04-07 11:11:27,452 - processing started: 403_149 
2022-04-07 11:11:27,593 - processing completed: 403_149
2022-04-07 11:11:27,597 - processing started: 404_149 
2022-04-07 11:11:27,683 - processing completed: 404_149
2022-04-07 11:11:27,686 - processing started: 405_150 
2022-04-07 11:11:27,831 - processing completed: 405_150
2022-04-07 11:11:27,835 - processing started: 406_150 
2022-04-07 11:11:27,924 - processing completed: 406_150
2022-04-07 11:11:27,928 - processing started: 407_151 
2022-04-07 11:11:28,068 - processing completed: 407_151
2022-04-07 11:11:28,071 - processing started: 408_151 
2022-04-07 11:11:28,159 - processing completed: 408_151
2022-04-07 11:11:28,163 - processing started: 409_152 
2022-04-07 11:11:28,301 - processing completed: 409_152
2022-04-07 11:11:28,304 - processing started: 410_152 
2022-04-07 11:11:28,392 - processing completed: 410_152
2022-04-07 11:11:28,396 - processing started: 411_153 
2022-04-07 11:11:28,549 - processing completed: 411_153
2022-04-07 11:11:28,552 - processing started: 412_153 
2022-04-07 11:11:28,638 - processing completed: 412_153
2022-04-07 11:11:28,641 - processing started: 413_154 
2022-04-07 11:11:28,780 - processing completed: 413_154
2022-04-07 11:11:28,784 - processing started: 414_154 
2022-04-07 11:11:28,870 - processing completed: 414_154
2022-04-07 11:11:28,873 - processing started: 415_155 
2022-04-07 11:11:29,010 - processing completed: 415_155
2022-04-07 11:11:29,013 - processing started: 416_155 
2022-04-07 11:11:29,157 - processing completed: 416_155
2022-04-07 11:11:29,162 - processing started: 417_156 
2022-04-07 11:11:29,247 - processing completed: 417_156
2022-04-07 11:11:29,250 - processing started: 418_156 
2022-04-07 11:11:29,394 - processing completed: 418_156
2022-04-07 11:11:29,398 - processing started: 419_156 
2022-04-07 11:11:29,484 - processing completed: 419_156
2022-04-07 11:11:29,488 - processing started: 420_157 
2022-04-07 11:11:29,629 - processing completed: 420_157
2022-04-07 11:11:29,633 - processing started: 421_157 
2022-04-07 11:11:29,719 - processing completed: 421_157
2022-04-07 11:11:29,722 - processing started: 422_157 
2022-04-07 11:11:29,862 - processing completed: 422_157
2022-04-07 11:11:29,867 - processing started: 423_158 
2022-04-07 11:11:29,953 - processing completed: 423_158
2022-04-07 11:11:29,958 - processing started: 424_158 
2022-04-07 11:11:30,099 - processing completed: 424_158
2022-04-07 11:11:30,103 - processing started: 425_159 
2022-04-07 11:11:30,189 - processing completed: 425_159
2022-04-07 11:11:30,193 - processing started: 426_159 
2022-04-07 11:11:30,329 - processing completed: 426_159
2022-04-07 11:11:30,333 - processing started: 427_159 
2022-04-07 11:11:30,421 - processing completed: 427_159
2022-04-07 11:11:30,424 - processing started: 428_160 
2022-04-07 11:11:30,563 - processing completed: 428_160
2022-04-07 11:11:30,568 - processing started: 429_160 
2022-04-07 11:11:30,654 - processing completed: 429_160
2022-04-07 11:11:30,658 - processing started: 430_160 
2022-04-07 11:11:30,795 - processing completed: 430_160
2022-04-07 11:11:30,800 - processing started: 431_161 
2022-04-07 11:11:30,942 - processing completed: 431_161
2022-04-07 11:11:30,946 - processing started: 432_161 
2022-04-07 11:11:31,032 - processing completed: 432_161
2022-04-07 11:11:31,037 - processing started: 433_162 
2022-04-07 11:11:31,177 - processing completed: 433_162
2022-04-07 11:11:31,181 - processing started: 434_162 
2022-04-07 11:11:31,268 - processing completed: 434_162
2022-04-07 11:11:31,272 - processing started: 435_163 
2022-04-07 11:11:31,409 - processing completed: 435_163
2022-04-07 11:11:31,413 - processing started: 436_163 
2022-04-07 11:11:31,497 - processing completed: 436_163
2022-04-07 11:11:31,500 - processing started: 437_164 
2022-04-07 11:11:31,642 - processing completed: 437_164
2022-04-07 11:11:31,646 - processing started: 438_164 
2022-04-07 11:11:31,731 - processing completed: 438_164
2022-04-07 11:11:31,736 - processing started: 439_164 
2022-04-07 11:11:31,876 - processing completed: 439_164
2022-04-07 11:11:31,880 - processing started: 440_165 
2022-04-07 11:11:31,967 - processing completed: 440_165
2022-04-07 11:11:31,972 - processing started: 441_165 
2022-04-07 11:11:32,111 - processing completed: 441_165
2022-04-07 11:11:32,115 - processing started: 442_166 
2022-04-07 11:11:32,200 - processing completed: 442_166
2022-04-07 11:11:32,204 - processing started: 443_166 
2022-04-07 11:11:32,345 - processing completed: 443_166
2022-04-07 11:11:32,349 - processing started: 444_167 
2022-04-07 11:11:32,491 - processing completed: 444_167
2022-04-07 11:11:32,496 - processing started: 445_167 
2022-04-07 11:11:32,585 - processing completed: 445_167
2022-04-07 11:11:32,589 - processing started: 446_167 
2022-04-07 11:11:32,726 - processing completed: 446_167
2022-04-07 11:11:32,731 - processing started: 447_167 
2022-04-07 11:11:32,816 - processing completed: 447_167
2022-04-07 11:11:32,820 - processing started: 448_168 
2022-04-07 11:11:32,965 - processing completed: 448_168
2022-04-07 11:11:32,969 - processing started: 449_168 
2022-04-07 11:11:33,056 - processing completed: 449_168
2022-04-07 11:11:33,060 - processing started: 450_168 
2022-04-07 11:11:33,199 - processing completed: 450_168
2022-04-07 11:11:33,203 - processing started: 451_168 
2022-04-07 11:11:33,289 - processing completed: 451_168
2022-04-07 11:11:33,293 - processing started: 452_169 
2022-04-07 11:11:33,432 - processing completed: 452_169
2022-04-07 11:11:33,436 - processing started: 453_169 
2022-04-07 11:11:33,522 - processing completed: 453_169
2022-04-07 11:11:33,527 - processing started: 454_170 
2022-04-07 11:11:33,667 - processing completed: 454_170
2022-04-07 11:11:33,671 - processing started: 455_170 
2022-04-07 11:11:33,756 - processing completed: 455_170
2022-04-07 11:11:33,760 - processing started: 456_171 
2022-04-07 11:11:33,902 - processing completed: 456_171
2022-04-07 11:11:33,907 - processing started: 457_171 
2022-04-07 11:11:33,994 - processing completed: 457_171
2022-04-07 11:11:33,998 - processing started: 458_171 
2022-04-07 11:11:34,140 - processing completed: 458_171
2022-04-07 11:11:34,144 - processing started: 459_172 
2022-04-07 11:11:34,287 - processing completed: 459_172
2022-04-07 11:11:34,290 - processing started: 460_172 
2022-04-07 11:11:34,378 - processing completed: 460_172
2022-04-07 11:11:34,382 - processing started: 461_173 
2022-04-07 11:11:34,519 - processing completed: 461_173
2022-04-07 11:11:34,523 - processing started: 462_173 
2022-04-07 11:11:34,612 - processing completed: 462_173
2022-04-07 11:11:34,616 - processing started: 463_173 
2022-04-07 11:11:34,759 - processing completed: 463_173
2022-04-07 11:11:34,764 - processing started: 464_174 
2022-04-07 11:11:34,849 - processing completed: 464_174
2022-04-07 11:11:34,853 - processing started: 465_174 
2022-04-07 11:11:34,993 - processing completed: 465_174
2022-04-07 11:11:34,996 - processing started: 466_174 
2022-04-07 11:11:35,083 - processing completed: 466_174
2022-04-07 11:11:35,086 - processing started: 467_174 
2022-04-07 11:11:35,224 - processing completed: 467_174
2022-04-07 11:11:35,228 - processing started: 468_175 
2022-04-07 11:11:35,314 - processing completed: 468_175
2022-04-07 11:11:35,318 - processing started: 469_175 
2022-04-07 11:11:35,469 - processing completed: 469_175
2022-04-07 11:11:35,474 - processing started: 470_176 
2022-04-07 11:11:35,562 - processing completed: 470_176
2022-04-07 11:11:35,566 - processing started: 471_176 
2022-04-07 11:11:35,702 - processing completed: 471_176
2022-04-07 11:11:35,707 - processing started: 472_177 
2022-04-07 11:11:35,792 - processing completed: 472_177
2022-04-07 11:11:35,796 - processing started: 473_177 
2022-04-07 11:11:35,933 - processing completed: 473_177
2022-04-07 11:11:35,937 - processing started: 474_178 
2022-04-07 11:11:36,081 - processing completed: 474_178
2022-04-07 11:11:36,085 - processing started: 475_178 
2022-04-07 11:11:36,171 - processing completed: 475_178
2022-04-07 11:11:36,174 - processing started: 476_178 
2022-04-07 11:11:36,318 - processing completed: 476_178
2022-04-07 11:11:36,322 - processing started: 477_179 
2022-04-07 11:11:36,410 - processing completed: 477_179
2022-04-07 11:11:36,414 - processing started: 478_179 
2022-04-07 11:11:36,558 - processing completed: 478_179
2022-04-07 11:11:36,562 - processing started: 479_180 
2022-04-07 11:11:36,648 - processing completed: 479_180
2022-04-07 11:11:36,652 - processing started: 480_180 
2022-04-07 11:11:36,790 - processing completed: 480_180
2022-04-07 11:11:36,795 - processing started: 481_180 
2022-04-07 11:11:36,880 - processing completed: 481_180
2022-04-07 11:11:36,884 - processing started: 482_180 
2022-04-07 11:11:37,024 - processing completed: 482_180
2022-04-07 11:11:37,027 - processing started: 483_181 
2022-04-07 11:11:37,113 - processing completed: 483_181
2022-04-07 11:11:37,116 - processing started: 484_181 
2022-04-07 11:11:37,253 - processing completed: 484_181
2022-04-07 11:11:37,257 - processing started: 485_182 
2022-04-07 11:11:37,342 - processing completed: 485_182
2022-04-07 11:11:37,349 - processing started: 486_182 
2022-04-07 11:11:37,490 - processing completed: 486_182
2022-04-07 11:11:37,494 - processing started: 487_182 
2022-04-07 11:11:37,584 - processing completed: 487_182
2022-04-07 11:11:37,588 - processing started: 488_183 
2022-04-07 11:11:37,725 - processing completed: 488_183
2022-04-07 11:11:37,729 - processing started: 489_183 
2022-04-07 11:11:37,868 - processing completed: 489_183
2022-04-07 11:11:37,872 - processing started: 490_183 
2022-04-07 11:11:37,958 - processing completed: 490_183
2022-04-07 11:11:37,961 - processing started: 491_183 
2022-04-07 11:11:38,103 - processing completed: 491_183
2022-04-07 11:11:38,108 - processing started: 492_184 
2022-04-07 11:11:38,194 - processing completed: 492_184
2022-04-07 11:11:38,198 - processing started: 493_184 
2022-04-07 11:11:38,338 - processing completed: 493_184
2022-04-07 11:11:38,342 - processing started: 494_184 
2022-04-07 11:11:38,429 - processing completed: 494_184
2022-04-07 11:11:38,433 - processing started: 495_185 
2022-04-07 11:11:38,571 - processing completed: 495_185
2022-04-07 11:11:38,577 - processing started: 496_185 
2022-04-07 11:11:38,664 - processing completed: 496_185
2022-04-07 11:11:38,667 - processing started: 497_186 
2022-04-07 11:11:38,811 - processing completed: 497_186
2022-04-07 11:11:38,815 - processing started: 498_186 
2022-04-07 11:11:38,902 - processing completed: 498_186
2022-04-07 11:11:38,906 - processing started: 499_187 
2022-04-07 11:11:39,043 - processing completed: 499_187
2022-04-07 11:11:39,048 - processing started: 500_187 
2022-04-07 11:11:39,134 - processing completed: 500_187
2022-04-07 11:11:39,137 - processing started: 501_188 
2022-04-07 11:11:39,273 - processing completed: 501_188
2022-04-07 11:11:39,277 - processing started: 502_188 
2022-04-07 11:11:39,364 - processing completed: 502_188
2022-04-07 11:11:39,367 - processing started: 503_188 
2022-04-07 11:11:39,508 - processing completed: 503_188
2022-04-07 11:11:39,511 - processing started: 504_188 
2022-04-07 11:11:39,657 - processing completed: 504_188
2022-04-07 11:11:39,661 - processing started: 505_189 
2022-04-07 11:11:39,729 - processing completed: 505_189
2022-04-07 11:11:39,732 - processing started: 506_189 
2022-04-07 11:11:39,853 - processing completed: 506_189
2022-04-07 11:11:39,856 - processing started: 507_190 
2022-04-07 11:11:39,943 - processing completed: 507_190
2022-04-07 11:11:39,947 - processing started: 508_190 
2022-04-07 11:11:40,086 - processing completed: 508_190
2022-04-07 11:11:40,090 - processing started: 509_191 
2022-04-07 11:11:40,176 - processing completed: 509_191
2022-04-07 11:11:40,181 - processing started: 510_191 
2022-04-07 11:11:40,320 - processing completed: 510_191
2022-04-07 11:11:40,324 - processing started: 511_192 
2022-04-07 11:11:40,413 - processing completed: 511_192
2022-04-07 11:11:40,416 - processing started: 512_192 
2022-04-07 11:11:40,553 - processing completed: 512_192
2022-04-07 11:11:40,557 - processing started: 513_192 
2022-04-07 11:11:40,644 - processing completed: 513_192
2022-04-07 11:11:40,648 - processing started: 514_192 
2022-04-07 11:11:40,783 - processing completed: 514_192
2022-04-07 11:11:40,787 - processing started: 515_193 
2022-04-07 11:11:40,876 - processing completed: 515_193
2022-04-07 11:11:40,881 - processing started: 516_193 
2022-04-07 11:11:41,016 - processing completed: 516_193
2022-04-07 11:11:41,021 - processing started: 517_194 
2022-04-07 11:11:41,108 - processing completed: 517_194
2022-04-07 11:11:41,112 - processing started: 518_194 
2022-04-07 11:11:41,248 - processing completed: 518_194
2022-04-07 11:11:41,253 - processing started: 519_195 
2022-04-07 11:11:41,396 - processing completed: 519_195
2022-04-07 11:11:41,401 - processing started: 520_195 
2022-04-07 11:11:41,488 - processing completed: 520_195
2022-04-07 11:11:41,491 - processing started: 521_196 
2022-04-07 11:11:41,631 - processing completed: 521_196
2022-04-07 11:11:41,635 - processing started: 522_196 
2022-04-07 11:11:41,722 - processing completed: 522_196
2022-04-07 11:11:41,727 - processing started: 523_196 
2022-04-07 11:11:41,868 - processing completed: 523_196
2022-04-07 11:11:41,872 - processing started: 524_196 
2022-04-07 11:11:41,958 - processing completed: 524_196
2022-04-07 11:11:41,962 - processing started: 525_196 
2022-04-07 11:11:42,105 - processing completed: 525_196
2022-04-07 11:11:42,109 - processing started: 526_196 
2022-04-07 11:11:42,194 - processing completed: 526_196
2022-04-07 11:11:42,197 - processing started: 527_197 
2022-04-07 11:11:42,332 - processing completed: 527_197
2022-04-07 11:11:42,335 - processing started: 528_197 
2022-04-07 11:11:42,422 - processing completed: 528_197
2022-04-07 11:11:42,426 - processing started: 529_197 
2022-04-07 11:11:42,563 - processing completed: 529_197
2022-04-07 11:11:42,567 - processing started: 530_197 
2022-04-07 11:11:42,653 - processing completed: 530_197
2022-04-07 11:11:42,657 - processing started: 531_197 
2022-04-07 11:11:42,794 - processing completed: 531_197
2022-04-07 11:11:42,797 - processing started: 532_198 
2022-04-07 11:11:42,883 - processing completed: 532_198
2022-04-07 11:11:42,887 - processing started: 533_198 
2022-04-07 11:11:43,022 - processing completed: 533_198
2022-04-07 11:11:43,026 - processing started: 534_199 
2022-04-07 11:11:43,167 - processing completed: 534_199
2022-04-07 11:11:43,170 - processing started: 535_199 
2022-04-07 11:11:43,256 - processing completed: 535_199
2022-04-07 11:11:43,260 - processing started: 536_200 
2022-04-07 11:11:43,402 - processing completed: 536_200
2022-04-07 11:11:43,407 - processing started: 537_200 
2022-04-07 11:11:43,494 - processing completed: 537_200
2022-04-07 11:11:43,498 - processing started: 538_201 
2022-04-07 11:11:43,638 - processing completed: 538_201
2022-04-07 11:11:43,642 - processing started: 539_201 
2022-04-07 11:11:43,728 - processing completed: 539_201
2022-04-07 11:11:43,732 - processing started: 540_202 
2022-04-07 11:11:43,870 - processing completed: 540_202
2022-04-07 11:11:43,874 - processing started: 541_202 
2022-04-07 11:11:43,958 - processing completed: 541_202
2022-04-07 11:11:43,962 - processing started: 542_203 
2022-04-07 11:11:44,102 - processing completed: 542_203
2022-04-07 11:11:44,106 - processing started: 543_203 
2022-04-07 11:11:44,191 - processing completed: 543_203
2022-04-07 11:11:44,196 - processing started: 544_204 
2022-04-07 11:11:44,333 - processing completed: 544_204
2022-04-07 11:11:44,337 - processing started: 545_204 
2022-04-07 11:11:44,424 - processing completed: 545_204
2022-04-07 11:11:44,428 - processing started: 546_205 
2022-04-07 11:11:44,565 - processing completed: 546_205
2022-04-07 11:11:44,570 - processing started: 547_205 
2022-04-07 11:11:44,656 - processing completed: 547_205
2022-04-07 11:11:44,660 - processing started: 548_206 
2022-04-07 11:11:44,814 - processing completed: 548_206
2022-04-07 11:11:44,818 - processing started: 549_206 
2022-04-07 11:11:44,963 - processing completed: 549_206
2022-04-07 11:11:44,967 - processing started: 550_207 
2022-04-07 11:11:45,054 - processing completed: 550_207
2022-04-07 11:11:45,058 - processing started: 551_207 
2022-04-07 11:11:45,198 - processing completed: 551_207
2022-04-07 11:11:45,202 - processing started: 552_207 
2022-04-07 11:11:45,289 - processing completed: 552_207
2022-04-07 11:11:45,293 - processing started: 553_207 
2022-04-07 11:11:45,435 - processing completed: 553_207
2022-04-07 11:11:45,440 - processing started: 554_208 
2022-04-07 11:11:45,524 - processing completed: 554_208
2022-04-07 11:11:45,528 - processing started: 555_208 
2022-04-07 11:11:45,666 - processing completed: 555_208
2022-04-07 11:11:45,670 - processing started: 556_209 
2022-04-07 11:11:45,756 - processing completed: 556_209
2022-04-07 11:11:45,760 - processing started: 557_209 
2022-04-07 11:11:45,908 - processing completed: 557_209
2022-04-07 11:11:45,913 - processing started: 558_210 
2022-04-07 11:11:45,999 - processing completed: 558_210
2022-04-07 11:11:46,003 - processing started: 559_210 
2022-04-07 11:11:46,141 - processing completed: 559_210
2022-04-07 11:11:46,145 - processing started: 560_211 
2022-04-07 11:11:46,231 - processing completed: 560_211
2022-04-07 11:11:46,234 - processing started: 561_211 
2022-04-07 11:11:46,376 - processing completed: 561_211
2022-04-07 11:11:46,380 - processing started: 562_212 
2022-04-07 11:11:46,465 - processing completed: 562_212
2022-04-07 11:11:46,469 - processing started: 563_212 
2022-04-07 11:11:46,607 - processing completed: 563_212
2022-04-07 11:11:46,611 - processing started: 564_213 
2022-04-07 11:11:46,754 - processing completed: 564_213
2022-04-07 11:11:46,758 - processing started: 565_213 
2022-04-07 11:11:46,846 - processing completed: 565_213
2022-04-07 11:11:46,850 - processing started: 566_214 
2022-04-07 11:11:46,995 - processing completed: 566_214
2022-04-07 11:11:46,999 - processing started: 567_214 
2022-04-07 11:11:47,085 - processing completed: 567_214
2022-04-07 11:11:47,089 - processing started: 568_214 
2022-04-07 11:11:47,228 - processing completed: 568_214
2022-04-07 11:11:47,233 - processing started: 569_214 
2022-04-07 11:11:47,319 - processing completed: 569_214
2022-04-07 11:11:47,322 - processing started: 570_214 
2022-04-07 11:11:47,465 - processing completed: 570_214
2022-04-07 11:11:47,470 - processing started: 571_215 
2022-04-07 11:11:47,557 - processing completed: 571_215
2022-04-07 11:11:47,561 - processing started: 572_215 
2022-04-07 11:11:47,699 - processing completed: 572_215
2022-04-07 11:11:47,703 - processing started: 573_216 
2022-04-07 11:11:47,788 - processing completed: 573_216
2022-04-07 11:11:47,792 - processing started: 574_216 
2022-04-07 11:11:47,928 - processing completed: 574_216
2022-04-07 11:11:47,933 - processing started: 575_217 
2022-04-07 11:11:48,021 - processing completed: 575_217
2022-04-07 11:11:48,025 - processing started: 576_217 
2022-04-07 11:11:48,163 - processing completed: 576_217
2022-04-07 11:11:48,166 - processing started: 577_218 
2022-04-07 11:11:48,308 - processing completed: 577_218
2022-04-07 11:11:48,312 - processing started: 578_218 
2022-04-07 11:11:48,398 - processing completed: 578_218
2022-04-07 11:11:48,402 - processing started: 579_219 
2022-04-07 11:11:48,540 - processing completed: 579_219
2022-04-07 11:11:48,545 - processing started: 580_219 
2022-04-07 11:11:48,631 - processing completed: 580_219
2022-04-07 11:11:48,636 - processing started: 581_220 
2022-04-07 11:11:48,779 - processing completed: 581_220
2022-04-07 11:11:48,783 - processing started: 582_220 
2022-04-07 11:11:48,867 - processing completed: 582_220
2022-04-07 11:11:48,872 - processing started: 583_220 
2022-04-07 11:11:49,009 - processing completed: 583_220
2022-04-07 11:11:49,014 - processing started: 584_221 
2022-04-07 11:11:49,102 - processing completed: 584_221
2022-04-07 11:11:49,107 - processing started: 585_221 
2022-04-07 11:11:49,244 - processing completed: 585_221
2022-04-07 11:11:49,249 - processing started: 586_221 
2022-04-07 11:11:49,334 - processing completed: 586_221
2022-04-07 11:11:49,337 - processing started: 587_222 
2022-04-07 11:11:49,474 - processing completed: 587_222
2022-04-07 11:11:49,478 - processing started: 588_222 
2022-04-07 11:11:49,564 - processing completed: 588_222
2022-04-07 11:11:49,569 - processing started: 589_222 
2022-04-07 11:11:49,704 - processing completed: 589_222
2022-04-07 11:11:49,708 - processing started: 590_222 
2022-04-07 11:11:49,792 - processing completed: 590_222
2022-04-07 11:11:49,797 - processing started: 591_223 
2022-04-07 11:11:49,920 - processing completed: 591_223
2022-04-07 11:11:49,923 - processing started: 592_223 
2022-04-07 11:11:50,043 - processing completed: 592_223
2022-04-07 11:11:50,047 - processing started: 593_223 
2022-04-07 11:11:50,116 - processing completed: 593_223
2022-04-07 11:11:50,120 - processing started: 594_224 
2022-04-07 11:11:50,276 - processing completed: 594_224
2022-04-07 11:11:50,280 - processing started: 595_224 
2022-04-07 11:11:50,380 - processing completed: 595_224
2022-04-07 11:11:50,384 - processing started: 596_224 
2022-04-07 11:11:50,551 - processing completed: 596_224
2022-04-07 11:11:50,555 - processing started: 597_225 
2022-04-07 11:11:50,624 - processing completed: 597_225
2022-04-07 11:11:50,627 - processing started: 598_225 
2022-04-07 11:11:50,748 - processing completed: 598_225
2022-04-07 11:11:50,752 - processing started: 599_225 
2022-04-07 11:11:50,864 - processing completed: 599_225
2022-04-07 11:11:50,868 - processing started: 600_225 
2022-04-07 11:11:50,994 - processing completed: 600_225
2022-04-07 11:11:50,997 - processing started: 601_225 
2022-04-07 11:11:51,070 - processing completed: 601_225
2022-04-07 11:11:51,073 - processing started: 602_226 
2022-04-07 11:11:51,197 - processing completed: 602_226
2022-04-07 11:11:51,200 - processing started: 603_226 
2022-04-07 11:11:51,270 - processing completed: 603_226
2022-04-07 11:11:51,273 - processing started: 604_226 
2022-04-07 11:11:51,399 - processing completed: 604_226
2022-04-07 11:11:51,402 - processing started: 605_227 
2022-04-07 11:11:51,488 - processing completed: 605_227
2022-04-07 11:11:51,492 - processing started: 606_227 
2022-04-07 11:11:51,633 - processing completed: 606_227
2022-04-07 11:11:51,638 - processing started: 607_227 
2022-04-07 11:11:51,779 - processing completed: 607_227
2022-04-07 11:11:51,783 - processing started: 608_227 
2022-04-07 11:11:51,872 - processing completed: 608_227
2022-04-07 11:11:51,875 - processing started: 609_227 
2022-04-07 11:11:52,000 - processing completed: 609_227
2022-04-07 11:11:52,004 - processing started: 610_227 
2022-04-07 11:11:52,076 - processing completed: 610_227
2022-04-07 11:11:52,079 - processing started: 611_227 
2022-04-07 11:11:52,248 - processing completed: 611_227
2022-04-07 11:11:52,252 - processing started: 612_227 
2022-04-07 11:11:52,368 - processing completed: 612_227
2022-04-07 11:11:52,372 - processing started: 613_227 
2022-04-07 11:11:52,501 - processing completed: 613_227
2022-04-07 11:11:52,505 - processing started: 614_227 
2022-04-07 11:11:52,576 - processing completed: 614_227
2022-04-07 11:11:52,579 - processing started: 615_228 
2022-04-07 11:11:52,702 - processing completed: 615_228
2022-04-07 11:11:52,707 - processing started: 616_228 
2022-04-07 11:11:52,776 - processing completed: 616_228
2022-04-07 11:11:52,779 - processing started: 617_229 
2022-04-07 11:11:52,903 - processing completed: 617_229
2022-04-07 11:11:52,907 - processing started: 618_229 
2022-04-07 11:11:52,977 - processing completed: 618_229
2022-04-07 11:11:52,980 - processing started: 619_230 
2022-04-07 11:11:53,107 - processing completed: 619_230
2022-04-07 11:11:53,110 - processing started: 620_230 
2022-04-07 11:11:53,179 - processing completed: 620_230
2022-04-07 11:11:53,183 - processing started: 621_230 
2022-04-07 11:11:53,305 - processing completed: 621_230
2022-04-07 11:11:53,309 - processing started: 622_230 
2022-04-07 11:11:53,435 - processing completed: 622_230
2022-04-07 11:11:53,438 - processing started: 623_231 
2022-04-07 11:11:53,505 - processing completed: 623_231
2022-04-07 11:11:53,508 - processing started: 624_231 
2022-04-07 11:11:53,629 - processing completed: 624_231
2022-04-07 11:11:53,632 - processing started: 625_232 
2022-04-07 11:11:53,699 - processing completed: 625_232
2022-04-07 11:11:53,702 - processing started: 626_232 
2022-04-07 11:11:53,819 - processing completed: 626_232
2022-04-07 11:11:53,822 - processing started: 627_232 
2022-04-07 11:11:53,887 - processing completed: 627_232
2022-04-07 11:11:53,891 - processing started: 628_232 
2022-04-07 11:11:54,013 - processing completed: 628_232
2022-04-07 11:11:54,016 - processing started: 629_232 
2022-04-07 11:11:54,083 - processing completed: 629_232
2022-04-07 11:11:54,087 - processing started: 630_232 
2022-04-07 11:11:54,207 - processing completed: 630_232
2022-04-07 11:11:54,211 - processing started: 631_233 
2022-04-07 11:11:54,276 - processing completed: 631_233
2022-04-07 11:11:54,279 - processing started: 632_233 
2022-04-07 11:11:54,400 - processing completed: 632_233
2022-04-07 11:11:54,404 - processing started: 633_234 
2022-04-07 11:11:54,470 - processing completed: 633_234
2022-04-07 11:11:54,473 - processing started: 634_234 
2022-04-07 11:11:54,591 - processing completed: 634_234
2022-04-07 11:11:54,595 - processing started: 635_234 
2022-04-07 11:11:54,660 - processing completed: 635_234
2022-04-07 11:11:54,664 - processing started: 636_234 
2022-04-07 11:11:54,783 - processing completed: 636_234
2022-04-07 11:11:54,786 - processing started: 637_234 
2022-04-07 11:11:54,907 - processing completed: 637_234
2022-04-07 11:11:54,910 - processing started: 638_235 
2022-04-07 11:11:54,996 - processing completed: 638_235
2022-04-07 11:11:55,000 - processing started: 639_235 
2022-04-07 11:11:55,139 - processing completed: 639_235
2022-04-07 11:11:55,144 - processing started: 640_236 
2022-04-07 11:11:55,230 - processing completed: 640_236
2022-04-07 11:11:55,235 - processing started: 641_236 
2022-04-07 11:11:55,375 - processing completed: 641_236
2022-04-07 11:11:55,379 - processing started: 642_236 
2022-04-07 11:11:55,465 - processing completed: 642_236
2022-04-07 11:11:55,469 - processing started: 643_237 
2022-04-07 11:11:55,609 - processing completed: 643_237
2022-04-07 11:11:55,613 - processing started: 644_237 
2022-04-07 11:11:55,699 - processing completed: 644_237
2022-04-07 11:11:55,703 - processing started: 645_238 
2022-04-07 11:11:55,841 - processing completed: 645_238
2022-04-07 11:11:55,844 - processing started: 646_238 
2022-04-07 11:11:55,932 - processing completed: 646_238
2022-04-07 11:11:55,936 - processing started: 647_239 
2022-04-07 11:11:56,073 - processing completed: 647_239
2022-04-07 11:11:56,077 - processing started: 648_239 
2022-04-07 11:11:56,164 - processing completed: 648_239
2022-04-07 11:11:56,168 - processing started: 649_240 
2022-04-07 11:11:56,316 - processing completed: 649_240
2022-04-07 11:11:56,320 - processing started: 650_240 
2022-04-07 11:11:56,413 - processing completed: 650_240
2022-04-07 11:11:56,417 - processing started: 651_240 
2022-04-07 11:11:56,556 - processing completed: 651_240
2022-04-07 11:11:56,560 - processing started: 652_240 
2022-04-07 11:11:56,701 - processing completed: 652_240
2022-04-07 11:11:56,705 - processing started: 653_241 
2022-04-07 11:11:56,792 - processing completed: 653_241
2022-04-07 11:11:56,796 - processing started: 654_241 
2022-04-07 11:11:56,943 - processing completed: 654_241
2022-04-07 11:11:56,947 - processing started: 655_242 
2022-04-07 11:11:57,036 - processing completed: 655_242
2022-04-07 11:11:57,040 - processing started: 656_242 
2022-04-07 11:11:57,180 - processing completed: 656_242
2022-04-07 11:11:57,184 - processing started: 657_242 
2022-04-07 11:11:57,271 - processing completed: 657_242
2022-04-07 11:11:57,275 - processing started: 658_243 
2022-04-07 11:11:57,416 - processing completed: 658_243
2022-04-07 11:11:57,421 - processing started: 659_243 
2022-04-07 11:11:57,505 - processing completed: 659_243
2022-04-07 11:11:57,510 - processing started: 660_243 
2022-04-07 11:11:57,646 - processing completed: 660_243
2022-04-07 11:11:57,650 - processing started: 661_244 
2022-04-07 11:11:57,707 - processing completed: 661_244
2022-04-07 11:11:57,710 - processing started: 662_244 
2022-04-07 11:11:57,819 - processing completed: 662_244
2022-04-07 11:11:57,822 - processing started: 663_244 
2022-04-07 11:11:57,881 - processing completed: 663_244
2022-04-07 11:11:57,884 - processing started: 664_245 
2022-04-07 11:11:57,988 - processing completed: 664_245
2022-04-07 11:11:57,992 - processing started: 665_245 
2022-04-07 11:11:58,050 - processing completed: 665_245
2022-04-07 11:11:58,054 - processing started: 666_246 
2022-04-07 11:11:58,161 - processing completed: 666_246
2022-04-07 11:11:58,164 - processing started: 667_246 
2022-04-07 11:11:58,271 - processing completed: 667_246
2022-04-07 11:11:58,274 - processing started: 668_247 
2022-04-07 11:11:58,330 - processing completed: 668_247
2022-04-07 11:11:58,333 - processing started: 669_247 
2022-04-07 11:11:58,446 - processing completed: 669_247
2022-04-07 11:11:58,450 - processing started: 670_248 
2022-04-07 11:11:58,503 - processing completed: 670_248
2022-04-07 11:11:58,506 - processing started: 671_248 
2022-04-07 11:11:58,613 - processing completed: 671_248
2022-04-07 11:11:58,616 - processing started: 672_248 
2022-04-07 11:11:58,669 - processing completed: 672_248
2022-04-07 11:11:58,672 - processing started: 673_249 
2022-04-07 11:11:58,778 - processing completed: 673_249
2022-04-07 11:11:58,782 - processing started: 674_249 
2022-04-07 11:11:58,836 - processing completed: 674_249
2022-04-07 11:11:58,840 - processing started: 675_250 
2022-04-07 11:11:58,950 - processing completed: 675_250
2022-04-07 11:11:58,954 - processing started: 676_250 
2022-04-07 11:11:59,008 - processing completed: 676_250
2022-04-07 11:11:59,011 - processing started: 677_251 
2022-04-07 11:11:59,122 - processing completed: 677_251
2022-04-07 11:11:59,125 - processing started: 678_251 
2022-04-07 11:11:59,180 - processing completed: 678_251
2022-04-07 11:11:59,184 - processing started: 679_251 
2022-04-07 11:11:59,291 - processing completed: 679_251
2022-04-07 11:11:59,294 - processing started: 680_252 
2022-04-07 11:11:59,349 - processing completed: 680_252
2022-04-07 11:11:59,353 - processing started: 681_252 
2022-04-07 11:11:59,468 - processing completed: 681_252
2022-04-07 11:11:59,472 - processing started: 682_252 
2022-04-07 11:11:59,585 - processing completed: 682_252
2022-04-07 11:11:59,589 - processing started: 683_252 
2022-04-07 11:11:59,646 - processing completed: 683_252
2022-04-07 11:11:59,649 - processing started: 684_253 
2022-04-07 11:11:59,774 - processing completed: 684_253
2022-04-07 11:11:59,777 - processing started: 685_253 
2022-04-07 11:11:59,847 - processing completed: 685_253
2022-04-07 11:11:59,851 - processing started: 686_254 
2022-04-07 11:11:59,981 - processing completed: 686_254
2022-04-07 11:11:59,985 - processing started: 687_254 
2022-04-07 11:12:00,060 - processing completed: 687_254
2022-04-07 11:12:00,063 - processing started: 688_255 
2022-04-07 11:12:00,189 - processing completed: 688_255
2022-04-07 11:12:00,193 - processing started: 689_255 
2022-04-07 11:12:00,266 - processing completed: 689_255
2022-04-07 11:12:00,269 - processing started: 690_256 
2022-04-07 11:12:00,397 - processing completed: 690_256
2022-04-07 11:12:00,400 - processing started: 691_256 
2022-04-07 11:12:00,478 - processing completed: 691_256
2022-04-07 11:12:00,482 - processing started: 692_257 
2022-04-07 11:12:00,612 - processing completed: 692_257
2022-04-07 11:12:00,615 - processing started: 693_257 
2022-04-07 11:12:00,688 - processing completed: 693_257
2022-04-07 11:12:00,692 - processing started: 694_257 
2022-04-07 11:12:00,816 - processing completed: 694_257
2022-04-07 11:12:00,819 - processing started: 695_257 
2022-04-07 11:12:00,895 - processing completed: 695_257
2022-04-07 11:12:00,898 - processing started: 696_258 
2022-04-07 11:12:01,020 - processing completed: 696_258
2022-04-07 11:12:01,023 - processing started: 697_258 
2022-04-07 11:12:01,148 - processing completed: 697_258
2022-04-07 11:12:01,151 - processing started: 698_258 
2022-04-07 11:12:01,224 - processing completed: 698_258
2022-04-07 11:12:01,228 - processing started: 699_259 
2022-04-07 11:12:01,345 - processing completed: 699_259
2022-04-07 11:12:01,348 - processing started: 700_259 
2022-04-07 11:12:01,414 - processing completed: 700_259
2022-04-07 11:12:01,418 - processing started: 701_260 
2022-04-07 11:12:01,549 - processing completed: 701_260
2022-04-07 11:12:01,553 - processing started: 702_260 
2022-04-07 11:12:01,629 - processing completed: 702_260
2022-04-07 11:12:01,633 - processing started: 703_260 
2022-04-07 11:12:01,761 - processing completed: 703_260
2022-04-07 11:12:01,765 - processing started: 704_261 
2022-04-07 11:12:01,841 - processing completed: 704_261
2022-04-07 11:12:01,844 - processing started: 705_261 
2022-04-07 11:12:01,980 - processing completed: 705_261
2022-04-07 11:12:01,983 - processing started: 706_261 
2022-04-07 11:12:02,065 - processing completed: 706_261
2022-04-07 11:12:02,069 - processing started: 707_262 
2022-04-07 11:12:02,187 - processing completed: 707_262
2022-04-07 11:12:02,191 - processing started: 708_262 
2022-04-07 11:12:02,259 - processing completed: 708_262
2022-04-07 11:12:02,262 - processing started: 709_262 
2022-04-07 11:12:02,385 - processing completed: 709_262
2022-04-07 11:12:02,389 - processing started: 710_263 
2022-04-07 11:12:02,518 - processing completed: 710_263
2022-04-07 11:12:02,523 - processing started: 711_263 
2022-04-07 11:12:02,597 - processing completed: 711_263
2022-04-07 11:12:02,601 - processing started: 712_264 
2022-04-07 11:12:02,719 - processing completed: 712_264
2022-04-07 11:12:02,723 - processing started: 713_264 
2022-04-07 11:12:02,789 - processing completed: 713_264
2022-04-07 11:12:02,792 - processing started: 714_264 
2022-04-07 11:12:02,914 - processing completed: 714_264
2022-04-07 11:12:02,918 - processing started: 715_265 
2022-04-07 11:12:02,984 - processing completed: 715_265
2022-04-07 11:12:02,988 - processing started: 716_265 
2022-04-07 11:12:03,111 - processing completed: 716_265
2022-04-07 11:12:03,114 - processing started: 717_265 
2022-04-07 11:12:03,181 - processing completed: 717_265
2022-04-07 11:12:03,185 - processing started: 718_266 
2022-04-07 11:12:03,303 - processing completed: 718_266
2022-04-07 11:12:03,307 - processing started: 719_266 
2022-04-07 11:12:03,374 - processing completed: 719_266
2022-04-07 11:12:03,378 - processing started: 720_267 
2022-04-07 11:12:03,501 - processing completed: 720_267
2022-04-07 11:12:03,504 - processing started: 721_267 
2022-04-07 11:12:03,573 - processing completed: 721_267
2022-04-07 11:12:03,577 - processing started: 722_267 
2022-04-07 11:12:03,698 - processing completed: 722_267
2022-04-07 11:12:03,701 - processing started: 723_267 
2022-04-07 11:12:03,767 - processing completed: 723_267
2022-04-07 11:12:03,771 - processing started: 724_267 
2022-04-07 11:12:03,892 - processing completed: 724_267
2022-04-07 11:12:03,896 - processing started: 725_267 
2022-04-07 11:12:04,015 - processing completed: 725_267
2022-04-07 11:12:04,019 - processing started: 726_268 
2022-04-07 11:12:04,092 - processing completed: 726_268
2022-04-07 11:12:04,095 - processing started: 727_268 
2022-04-07 11:12:04,223 - processing completed: 727_268
2022-04-07 11:12:04,226 - processing started: 728_268 
2022-04-07 11:12:04,297 - processing completed: 728_268
2022-04-07 11:12:04,301 - processing started: 729_268 
2022-04-07 11:12:04,422 - processing completed: 729_268
2022-04-07 11:12:04,427 - processing started: 730_268 
2022-04-07 11:12:04,495 - processing completed: 730_268
2022-04-07 11:12:04,498 - processing started: 731_268 
2022-04-07 11:12:04,621 - processing completed: 731_268
2022-04-07 11:12:04,626 - processing started: 732_268 
2022-04-07 11:12:04,695 - processing completed: 732_268
2022-04-07 11:12:04,698 - processing started: 733_268 
2022-04-07 11:12:04,820 - processing completed: 733_268
2022-04-07 11:12:04,823 - processing started: 734_268 
2022-04-07 11:12:04,890 - processing completed: 734_268
2022-04-07 11:12:04,893 - processing started: 735_269 
2022-04-07 11:12:05,015 - processing completed: 735_269
2022-04-07 11:12:05,018 - processing started: 736_269 
2022-04-07 11:12:05,088 - processing completed: 736_269
2022-04-07 11:12:05,093 - processing started: 737_269 
2022-04-07 11:12:05,211 - processing completed: 737_269
2022-04-07 11:12:05,214 - processing started: 738_270 
2022-04-07 11:12:05,289 - processing completed: 738_270
2022-04-07 11:12:05,292 - processing started: 739_270 
2022-04-07 11:12:05,419 - processing completed: 739_270
2022-04-07 11:12:05,422 - processing started: 740_271 
2022-04-07 11:12:05,558 - processing completed: 740_271
2022-04-07 11:12:05,561 - processing started: 741_271 
2022-04-07 11:12:05,636 - processing completed: 741_271
2022-04-07 11:12:05,640 - processing started: 742_272 
2022-04-07 11:12:05,759 - processing completed: 742_272
2022-04-07 11:12:05,763 - processing started: 743_272 
2022-04-07 11:12:05,825 - processing completed: 743_272
2022-04-07 11:12:05,830 - processing started: 744_272 
2022-04-07 11:12:05,947 - processing completed: 744_272
2022-04-07 11:12:05,951 - processing started: 745_273 
2022-04-07 11:12:06,021 - processing completed: 745_273
2022-04-07 11:12:06,025 - processing started: 746_273 
2022-04-07 11:12:06,145 - processing completed: 746_273
2022-04-07 11:12:06,149 - processing started: 747_274 
2022-04-07 11:12:06,211 - processing completed: 747_274
2022-04-07 11:12:06,214 - processing started: 748_274 
2022-04-07 11:12:06,330 - processing completed: 748_274
2022-04-07 11:12:06,334 - processing started: 749_274 
2022-04-07 11:12:06,395 - processing completed: 749_274
2022-04-07 11:12:06,398 - processing started: 750_274 
2022-04-07 11:12:06,514 - processing completed: 750_274
2022-04-07 11:12:06,518 - processing started: 751_275 
2022-04-07 11:12:06,586 - processing completed: 751_275
2022-04-07 11:12:06,589 - processing started: 752_275 
2022-04-07 11:12:06,704 - processing completed: 752_275
2022-04-07 11:12:06,707 - processing started: 753_275 
2022-04-07 11:12:06,773 - processing completed: 753_275
2022-04-07 11:12:06,777 - processing started: 754_275 
2022-04-07 11:12:06,899 - processing completed: 754_275
2022-04-07 11:12:06,902 - processing started: 755_276 
2022-04-07 11:12:07,020 - processing completed: 755_276
2022-04-07 11:12:07,024 - processing started: 756_276 
2022-04-07 11:12:07,095 - processing completed: 756_276
2022-04-07 11:12:07,098 - processing started: 757_276 
2022-04-07 11:12:07,216 - processing completed: 757_276
2022-04-07 11:12:07,220 - processing started: 758_277 
2022-04-07 11:12:07,291 - processing completed: 758_277
2022-04-07 11:12:07,294 - processing started: 759_277 
2022-04-07 11:12:07,423 - processing completed: 759_277
2022-04-07 11:12:07,427 - processing started: 760_278 
2022-04-07 11:12:07,498 - processing completed: 760_278
2022-04-07 11:12:07,501 - processing started: 761_278 
2022-04-07 11:12:07,625 - processing completed: 761_278
2022-04-07 11:12:07,628 - processing started: 762_278 
2022-04-07 11:12:07,701 - processing completed: 762_278
2022-04-07 11:12:07,704 - processing started: 763_279 
2022-04-07 11:12:07,826 - processing completed: 763_279
2022-04-07 11:12:07,830 - processing started: 764_279 
2022-04-07 11:12:07,900 - processing completed: 764_279
2022-04-07 11:12:07,904 - processing started: 765_280 
2022-04-07 11:12:08,013 - processing completed: 765_280
2022-04-07 11:12:08,016 - processing started: 766_280 
2022-04-07 11:12:08,077 - processing completed: 766_280
2022-04-07 11:12:08,080 - processing started: 767_280 
2022-04-07 11:12:08,189 - processing completed: 767_280
2022-04-07 11:12:08,193 - processing started: 768_281 
2022-04-07 11:12:08,254 - processing completed: 768_281
2022-04-07 11:12:08,257 - processing started: 769_281 
2022-04-07 11:12:08,366 - processing completed: 769_281
2022-04-07 11:12:08,370 - processing started: 770_282 
2022-04-07 11:12:08,483 - processing completed: 770_282
2022-04-07 11:12:08,486 - processing started: 771_282 
2022-04-07 11:12:08,543 - processing completed: 771_282
2022-04-07 11:12:08,547 - processing started: 772_283 
2022-04-07 11:12:08,663 - processing completed: 772_283
2022-04-07 11:12:08,667 - processing started: 773_283 
2022-04-07 11:12:08,732 - processing completed: 773_283
2022-04-07 11:12:08,735 - processing started: 774_284 
2022-04-07 11:12:08,840 - processing completed: 774_284
2022-04-07 11:12:08,843 - processing started: 775_284 
2022-04-07 11:12:08,898 - processing completed: 775_284
2022-04-07 11:12:08,902 - processing started: 776_285 
2022-04-07 11:12:09,010 - processing completed: 776_285
2022-04-07 11:12:09,013 - processing started: 777_285 
2022-04-07 11:12:09,072 - processing completed: 777_285
2022-04-07 11:12:09,075 - processing started: 778_285 
2022-04-07 11:12:09,189 - processing completed: 778_285
2022-04-07 11:12:09,192 - processing started: 779_286 
2022-04-07 11:12:09,304 - processing completed: 779_286
2022-04-07 11:12:09,308 - processing started: 780_286 
2022-04-07 11:12:09,476 - processing completed: 780_286
2022-04-07 11:12:09,480 - processing started: 781_287 
2022-04-07 11:12:09,537 - processing completed: 781_287
2022-04-07 11:12:09,540 - processing started: 782_287 
2022-04-07 11:12:09,651 - processing completed: 782_287
2022-04-07 11:12:09,655 - processing started: 783_288 
2022-04-07 11:12:09,709 - processing completed: 783_288
2022-04-07 11:12:09,713 - processing started: 784_288 
2022-04-07 11:12:09,818 - processing completed: 784_288
2022-04-07 11:12:09,821 - processing started: 785_289 
2022-04-07 11:12:09,930 - processing completed: 785_289
2022-04-07 11:12:09,933 - processing started: 786_289 
2022-04-07 11:12:09,989 - processing completed: 786_289
2022-04-07 11:12:09,993 - processing started: 787_290 
2022-04-07 11:12:10,107 - processing completed: 787_290
2022-04-07 11:12:10,110 - processing started: 788_290 
2022-04-07 11:12:10,166 - processing completed: 788_290
2022-04-07 11:12:10,169 - processing started: 789_290 
2022-04-07 11:12:10,277 - processing completed: 789_290
2022-04-07 11:12:10,280 - processing started: 790_290 
2022-04-07 11:12:10,334 - processing completed: 790_290
2022-04-07 11:12:10,337 - processing started: 791_291 
2022-04-07 11:12:10,446 - processing completed: 791_291
2022-04-07 11:12:10,449 - processing started: 792_291 
2022-04-07 11:12:10,503 - processing completed: 792_291
2022-04-07 11:12:10,506 - processing started: 793_292 
2022-04-07 11:12:10,615 - processing completed: 793_292
2022-04-07 11:12:10,618 - processing started: 794_292 
2022-04-07 11:12:10,672 - processing completed: 794_292
2022-04-07 11:12:10,676 - processing started: 795_292 
2022-04-07 11:12:10,781 - processing completed: 795_292
2022-04-07 11:12:10,785 - processing started: 796_293 
2022-04-07 11:12:10,818 - processing completed: 796_293
2022-04-07 11:12:10,821 - processing started: 797_293 
2022-04-07 11:12:10,909 - processing completed: 797_293
2022-04-07 11:12:10,912 - processing started: 798_294 
2022-04-07 11:12:10,946 - processing completed: 798_294
2022-04-07 11:12:10,948 - processing started: 799_294 
2022-04-07 11:12:11,038 - processing completed: 799_294
2022-04-07 11:12:11,041 - processing started: 800_295 
2022-04-07 11:12:11,148 - processing completed: 800_295
2022-04-07 11:12:11,151 - processing started: 801_295 
2022-04-07 11:12:11,204 - processing completed: 801_295
2022-04-07 11:12:11,207 - processing started: 802_296 
2022-04-07 11:12:11,319 - processing completed: 802_296
2022-04-07 11:12:11,322 - processing started: 803_296 
2022-04-07 11:12:11,379 - processing completed: 803_296
2022-04-07 11:12:11,382 - processing started: 804_296 
2022-04-07 11:12:11,491 - processing completed: 804_296
2022-04-07 11:12:11,494 - processing started: 805_297 
2022-04-07 11:12:11,608 - processing completed: 805_297
2022-04-07 11:12:11,612 - processing started: 806_297 
2022-04-07 11:12:11,781 - processing completed: 806_297
2022-04-07 11:12:11,786 - processing started: 807_298 
2022-04-07 11:12:11,841 - processing completed: 807_298
2022-04-07 11:12:11,844 - processing started: 808_298 
2022-04-07 11:12:11,956 - processing completed: 808_298
2022-04-07 11:12:11,959 - processing started: 809_298 
2022-04-07 11:12:12,017 - processing completed: 809_298
2022-04-07 11:12:12,020 - processing started: 810_299 
2022-04-07 11:12:12,128 - processing completed: 810_299
2022-04-07 11:12:12,131 - processing started: 811_299 
2022-04-07 11:12:12,186 - processing completed: 811_299
2022-04-07 11:12:12,189 - processing started: 0_0 
2022-04-07 11:12:12,190 - Closing connection (200): Normal shutdown
2022-04-07 11:12:12,190 - Closing channel (200): 'Normal shutdown' on <Channel number=1 OPEN conn=<SelectConnection OPEN transport=<pika.adapters.utils.io_services_utils._AsyncPlaintextTransport object at 0x118f369d0> params=<ConnectionParameters host=localhost port=5672 virtual_host=/ ssl=False>>>
2022-04-07 11:12:12,191 - Received <Channel.CloseOk> on <Channel number=1 CLOSING conn=<SelectConnection OPEN transport=<pika.adapters.utils.io_services_utils._AsyncPlaintextTransport object at 0x118f369d0> params=<ConnectionParameters host=localhost port=5672 virtual_host=/ ssl=False>>>
2022-04-07 11:12:12,191 - Closing connection (200): 'Normal shutdown'
2022-04-07 11:12:12,192 - Aborting transport connection: state=1; <socket.socket fd=9, family=AddressFamily.AF_INET, type=SocketKind.SOCK_STREAM, proto=6, laddr=('127.0.0.1', 60794), raddr=('127.0.0.1', 5672)>
2022-04-07 11:12:12,192 - _AsyncTransportBase._initate_abort(): Initiating abrupt asynchronous transport shutdown: state=1; error=None; <socket.socket fd=9, family=AddressFamily.AF_INET, type=SocketKind.SOCK_STREAM, proto=6, laddr=('127.0.0.1', 60794), raddr=('127.0.0.1', 5672)>
2022-04-07 11:12:12,192 - Deactivating transport: state=1; <socket.socket fd=9, family=AddressFamily.AF_INET, type=SocketKind.SOCK_STREAM, proto=6, laddr=('127.0.0.1', 60794), raddr=('127.0.0.1', 5672)>
2022-04-07 11:12:12,192 - AMQP stack terminated, failed to connect, or aborted: opened=True, error-arg=None; pending-error=ConnectionClosedByClient: (200) 'Normal shutdown'
2022-04-07 11:12:12,192 - Stack terminated due to ConnectionClosedByClient: (200) 'Normal shutdown'
2022-04-07 11:12:12,192 - Closing transport socket and unlinking: state=3; <socket.socket fd=9, family=AddressFamily.AF_INET, type=SocketKind.SOCK_STREAM, proto=6, laddr=('127.0.0.1', 60794), raddr=('127.0.0.1', 5672)>
2022-04-07 11:12:12,192 - User-initiated close: result=BlockingConnection__OnClosedArgs(connection=<SelectConnection CLOSED transport=None params=<ConnectionParameters host=localhost port=5672 virtual_host=/ ssl=False>>, error=ConnectionClosedByClient: (200) 'Normal shutdown')
2022-04-07 11:12:12,193 - PID 88474 completed loading and processing
2022-04-07 11:12:12,195 - Pika version 1.2.0 connecting to ('::1', 5672, 0, 0)
2022-04-07 11:12:12,195 - Socket failed to connect: <socket.socket fd=9, family=AddressFamily.AF_INET6, type=SocketKind.SOCK_STREAM, proto=6, laddr=('::1', 60811, 0, 0)>; error=61 (Connection refused)
2022-04-07 11:12:12,195 - TCP Connection attempt failed: ConnectionRefusedError(61, 'Connection refused'); dest=(<AddressFamily.AF_INET6: 30>, <SocketKind.SOCK_STREAM: 1>, 6, '', ('::1', 5672, 0, 0))
2022-04-07 11:12:12,195 - AMQPConnector - reporting failure: AMQPConnectorSocketConnectError: ConnectionRefusedError(61, 'Connection refused')
2022-04-07 11:12:12,195 - Pika version 1.2.0 connecting to ('127.0.0.1', 5672)
2022-04-07 11:12:12,196 - Socket connected: <socket.socket fd=9, family=AddressFamily.AF_INET, type=SocketKind.SOCK_STREAM, proto=6, laddr=('127.0.0.1', 60812), raddr=('127.0.0.1', 5672)>
2022-04-07 11:12:12,196 - Streaming transport linked up: (<pika.adapters.utils.io_services_utils._AsyncPlaintextTransport object at 0x1199ea880>, _StreamingProtocolShim: <SelectConnection PROTOCOL transport=<pika.adapters.utils.io_services_utils._AsyncPlaintextTransport object at 0x1199ea880> params=<ConnectionParameters host=localhost port=5672 virtual_host=/ ssl=False>>).
2022-04-07 11:12:12,208 - AMQPConnector - reporting success: <SelectConnection OPEN transport=<pika.adapters.utils.io_services_utils._AsyncPlaintextTransport object at 0x1199ea880> params=<ConnectionParameters host=localhost port=5672 virtual_host=/ ssl=False>>
2022-04-07 11:12:12,208 - AMQPConnectionWorkflow - reporting success: <SelectConnection OPEN transport=<pika.adapters.utils.io_services_utils._AsyncPlaintextTransport object at 0x1199ea880> params=<ConnectionParameters host=localhost port=5672 virtual_host=/ ssl=False>>
2022-04-07 11:12:12,208 - Connection workflow succeeded: <SelectConnection OPEN transport=<pika.adapters.utils.io_services_utils._AsyncPlaintextTransport object at 0x1199ea880> params=<ConnectionParameters host=localhost port=5672 virtual_host=/ ssl=False>>
2022-04-07 11:12:12,208 - Created channel=1
2022-04-07 11:12:12,209 - Closing connection (200): Normal shutdown
2022-04-07 11:12:12,209 - Closing channel (200): 'Normal shutdown' on <Channel number=1 OPEN conn=<SelectConnection OPEN transport=<pika.adapters.utils.io_services_utils._AsyncPlaintextTransport object at 0x1199ea880> params=<ConnectionParameters host=localhost port=5672 virtual_host=/ ssl=False>>>
2022-04-07 11:12:12,210 - Received <Channel.CloseOk> on <Channel number=1 CLOSING conn=<SelectConnection OPEN transport=<pika.adapters.utils.io_services_utils._AsyncPlaintextTransport object at 0x1199ea880> params=<ConnectionParameters host=localhost port=5672 virtual_host=/ ssl=False>>>
2022-04-07 11:12:12,210 - Closing connection (200): 'Normal shutdown'
2022-04-07 11:12:12,210 - Aborting transport connection: state=1; <socket.socket fd=9, family=AddressFamily.AF_INET, type=SocketKind.SOCK_STREAM, proto=6, laddr=('127.0.0.1', 60812), raddr=('127.0.0.1', 5672)>
2022-04-07 11:12:12,210 - _AsyncTransportBase._initate_abort(): Initiating abrupt asynchronous transport shutdown: state=1; error=None; <socket.socket fd=9, family=AddressFamily.AF_INET, type=SocketKind.SOCK_STREAM, proto=6, laddr=('127.0.0.1', 60812), raddr=('127.0.0.1', 5672)>
2022-04-07 11:12:12,210 - Deactivating transport: state=1; <socket.socket fd=9, family=AddressFamily.AF_INET, type=SocketKind.SOCK_STREAM, proto=6, laddr=('127.0.0.1', 60812), raddr=('127.0.0.1', 5672)>
2022-04-07 11:12:12,211 - AMQP stack terminated, failed to connect, or aborted: opened=True, error-arg=None; pending-error=ConnectionClosedByClient: (200) 'Normal shutdown'
2022-04-07 11:12:12,211 - Stack terminated due to ConnectionClosedByClient: (200) 'Normal shutdown'
2022-04-07 11:12:12,211 - Closing transport socket and unlinking: state=3; <socket.socket fd=9, family=AddressFamily.AF_INET, type=SocketKind.SOCK_STREAM, proto=6, laddr=('127.0.0.1', 60812), raddr=('127.0.0.1', 5672)>
2022-04-07 11:12:12,211 - User-initiated close: result=BlockingConnection__OnClosedArgs(connection=<SelectConnection CLOSED transport=None params=<ConnectionParameters host=localhost port=5672 virtual_host=/ ssl=False>>, error=ConnectionClosedByClient: (200) 'Normal shutdown')
