2022-04-07 11:07:48,440 - PID 87875 started loading and processing
2022-04-07 11:07:48,442 - Pika version 1.2.0 connecting to ('::1', 5672, 0, 0)
2022-04-07 11:07:48,442 - Socket failed to connect: <socket.socket fd=9, family=AddressFamily.AF_INET6, type=SocketKind.SOCK_STREAM, proto=6, laddr=('::1', 60756, 0, 0)>; error=61 (Connection refused)
2022-04-07 11:07:48,442 - TCP Connection attempt failed: ConnectionRefusedError(61, 'Connection refused'); dest=(<AddressFamily.AF_INET6: 30>, <SocketKind.SOCK_STREAM: 1>, 6, '', ('::1', 5672, 0, 0))
2022-04-07 11:07:48,442 - AMQPConnector - reporting failure: AMQPConnectorSocketConnectError: ConnectionRefusedError(61, 'Connection refused')
2022-04-07 11:07:48,443 - Pika version 1.2.0 connecting to ('127.0.0.1', 5672)
2022-04-07 11:07:48,443 - Socket connected: <socket.socket fd=9, family=AddressFamily.AF_INET, type=SocketKind.SOCK_STREAM, proto=6, laddr=('127.0.0.1', 60757), raddr=('127.0.0.1', 5672)>
2022-04-07 11:07:48,445 - Streaming transport linked up: (<pika.adapters.utils.io_services_utils._AsyncPlaintextTransport object at 0x11fca0970>, _StreamingProtocolShim: <SelectConnection PROTOCOL transport=<pika.adapters.utils.io_services_utils._AsyncPlaintextTransport object at 0x11fca0970> params=<ConnectionParameters host=localhost port=5672 virtual_host=/ ssl=False>>).
2022-04-07 11:07:48,448 - AMQPConnector - reporting success: <SelectConnection OPEN transport=<pika.adapters.utils.io_services_utils._AsyncPlaintextTransport object at 0x11fca0970> params=<ConnectionParameters host=localhost port=5672 virtual_host=/ ssl=False>>
2022-04-07 11:07:48,448 - AMQPConnectionWorkflow - reporting success: <SelectConnection OPEN transport=<pika.adapters.utils.io_services_utils._AsyncPlaintextTransport object at 0x11fca0970> params=<ConnectionParameters host=localhost port=5672 virtual_host=/ ssl=False>>
2022-04-07 11:07:48,449 - Connection workflow succeeded: <SelectConnection OPEN transport=<pika.adapters.utils.io_services_utils._AsyncPlaintextTransport object at 0x11fca0970> params=<ConnectionParameters host=localhost port=5672 virtual_host=/ ssl=False>>
2022-04-07 11:07:48,449 - Created channel=1
2022-04-07 11:07:48,475 - Logging before start consuming
2022-04-07 11:07:48,475 - processing started: 0_000 
2022-04-07 11:07:48,629 - processing completed: 0_000
2022-04-07 11:07:48,642 - processing started: 1_000 
2022-04-07 11:07:48,837 - processing completed: 1_000
2022-04-07 11:07:48,843 - processing started: 2_000 
2022-04-07 11:07:49,043 - processing completed: 2_000
2022-04-07 11:07:49,049 - processing started: 3_001 
2022-04-07 11:07:49,190 - processing completed: 3_001
2022-04-07 11:07:49,196 - processing started: 4_001 
2022-04-07 11:07:49,400 - processing completed: 4_001
2022-04-07 11:07:49,406 - processing started: 5_002 
2022-04-07 11:07:49,552 - processing completed: 5_002
2022-04-07 11:07:49,557 - processing started: 6_002 
2022-04-07 11:07:49,748 - processing completed: 6_002
2022-04-07 11:07:49,752 - processing started: 7_003 
2022-04-07 11:07:49,899 - processing completed: 7_003
2022-04-07 11:07:49,905 - processing started: 8_003 
2022-04-07 11:07:50,102 - processing completed: 8_003
2022-04-07 11:07:50,107 - processing started: 9_003 
2022-04-07 11:07:50,243 - processing completed: 9_003
2022-04-07 11:07:50,248 - processing started: 10_004 
2022-04-07 11:07:50,445 - processing completed: 10_004
2022-04-07 11:07:50,449 - processing started: 11_004 
2022-04-07 11:07:50,483 - processing completed: 11_004
2022-04-07 11:07:50,485 - processing started: 12_005 
2022-04-07 11:07:50,670 - processing completed: 12_005
2022-04-07 11:07:50,675 - processing started: 13_005 
2022-04-07 11:07:50,817 - processing completed: 13_005
2022-04-07 11:07:50,821 - processing started: 14_005 
2022-04-07 11:07:51,021 - processing completed: 14_005
2022-04-07 11:07:51,026 - processing started: 15_005 
2022-04-07 11:07:51,175 - processing completed: 15_005
2022-04-07 11:07:51,179 - processing started: 16_006 
2022-04-07 11:07:51,376 - processing completed: 16_006
2022-04-07 11:07:51,381 - processing started: 17_006 
2022-04-07 11:07:51,513 - processing completed: 17_006
2022-04-07 11:07:51,516 - processing started: 18_007 
2022-04-07 11:07:51,660 - processing completed: 18_007
2022-04-07 11:07:51,665 - processing started: 19_007 
2022-04-07 11:07:51,855 - processing completed: 19_007
2022-04-07 11:07:51,860 - processing started: 20_008 
2022-04-07 11:07:51,975 - processing completed: 20_008
2022-04-07 11:07:51,981 - processing started: 21_008 
2022-04-07 11:07:52,182 - processing completed: 21_008
2022-04-07 11:07:52,188 - processing started: 22_009 
2022-04-07 11:07:52,325 - processing completed: 22_009
2022-04-07 11:07:52,330 - processing started: 23_009 
2022-04-07 11:07:52,533 - processing completed: 23_009
2022-04-07 11:07:52,539 - processing started: 24_009 
2022-04-07 11:07:52,679 - processing completed: 24_009
2022-04-07 11:07:52,685 - processing started: 25_010 
2022-04-07 11:07:52,876 - processing completed: 25_010
2022-04-07 11:07:52,881 - processing started: 26_010 
2022-04-07 11:07:53,022 - processing completed: 26_010
2022-04-07 11:07:53,028 - processing started: 27_011 
2022-04-07 11:07:53,222 - processing completed: 27_011
2022-04-07 11:07:53,228 - processing started: 28_011 
2022-04-07 11:07:53,374 - processing completed: 28_011
2022-04-07 11:07:53,380 - processing started: 29_012 
2022-04-07 11:07:53,492 - processing completed: 29_012
2022-04-07 11:07:53,495 - processing started: 30_012 
2022-04-07 11:07:53,554 - processing completed: 30_012
2022-04-07 11:07:53,557 - processing started: 31_013 
2022-04-07 11:07:53,711 - processing completed: 31_013
2022-04-07 11:07:53,716 - processing started: 32_013 
2022-04-07 11:07:53,871 - processing completed: 32_013
2022-04-07 11:07:53,876 - processing started: 33_014 
2022-04-07 11:07:53,948 - processing completed: 33_014
2022-04-07 11:07:53,953 - processing started: 34_014 
2022-04-07 11:07:54,080 - processing completed: 34_014
2022-04-07 11:07:54,083 - processing started: 35_014 
2022-04-07 11:07:54,155 - processing completed: 35_014
2022-04-07 11:07:54,158 - processing started: 36_014 
2022-04-07 11:07:54,285 - processing completed: 36_014
2022-04-07 11:07:54,289 - processing started: 37_014 
2022-04-07 11:07:54,364 - processing completed: 37_014
2022-04-07 11:07:54,368 - processing started: 38_015 
2022-04-07 11:07:54,494 - processing completed: 38_015
2022-04-07 11:07:54,498 - processing started: 39_015 
2022-04-07 11:07:54,574 - processing completed: 39_015
2022-04-07 11:07:54,578 - processing started: 40_015 
2022-04-07 11:07:54,705 - processing completed: 40_015
2022-04-07 11:07:54,708 - processing started: 41_015 
2022-04-07 11:07:54,778 - processing completed: 41_015
2022-04-07 11:07:54,781 - processing started: 42_015 
2022-04-07 11:07:54,906 - processing completed: 42_015
2022-04-07 11:07:54,911 - processing started: 43_016 
2022-04-07 11:07:54,985 - processing completed: 43_016
2022-04-07 11:07:54,989 - processing started: 44_016 
2022-04-07 11:07:55,115 - processing completed: 44_016
2022-04-07 11:07:55,119 - processing started: 45_017 
2022-04-07 11:07:55,197 - processing completed: 45_017
2022-04-07 11:07:55,201 - processing started: 46_017 
2022-04-07 11:07:55,331 - processing completed: 46_017
2022-04-07 11:07:55,335 - processing started: 47_017 
2022-04-07 11:07:55,473 - processing completed: 47_017
2022-04-07 11:07:55,477 - processing started: 48_018 
2022-04-07 11:07:55,553 - processing completed: 48_018
2022-04-07 11:07:55,557 - processing started: 49_018 
2022-04-07 11:07:55,693 - processing completed: 49_018
2022-04-07 11:07:55,697 - processing started: 50_019 
2022-04-07 11:07:55,775 - processing completed: 50_019
2022-04-07 11:07:55,778 - processing started: 51_019 
2022-04-07 11:07:55,913 - processing completed: 51_019
2022-04-07 11:07:55,916 - processing started: 52_020 
2022-04-07 11:07:55,990 - processing completed: 52_020
2022-04-07 11:07:55,994 - processing started: 53_020 
2022-04-07 11:07:56,126 - processing completed: 53_020
2022-04-07 11:07:56,130 - processing started: 54_021 
2022-04-07 11:07:56,207 - processing completed: 54_021
2022-04-07 11:07:56,211 - processing started: 55_021 
2022-04-07 11:07:56,342 - processing completed: 55_021
2022-04-07 11:07:56,345 - processing started: 56_022 
2022-04-07 11:07:56,462 - processing completed: 56_022
2022-04-07 11:07:56,466 - processing started: 57_022 
2022-04-07 11:07:56,596 - processing completed: 57_022
2022-04-07 11:07:56,599 - processing started: 58_022 
2022-04-07 11:07:56,716 - processing completed: 58_022
2022-04-07 11:07:56,722 - processing started: 59_023 
2022-04-07 11:07:56,865 - processing completed: 59_023
2022-04-07 11:07:56,868 - processing started: 60_023 
2022-04-07 11:07:57,009 - processing completed: 60_023
2022-04-07 11:07:57,012 - processing started: 61_023 
2022-04-07 11:07:57,090 - processing completed: 61_023
2022-04-07 11:07:57,093 - processing started: 62_023 
2022-04-07 11:07:57,230 - processing completed: 62_023
2022-04-07 11:07:57,233 - processing started: 63_024 
2022-04-07 11:07:57,312 - processing completed: 63_024
2022-04-07 11:07:57,316 - processing started: 64_024 
2022-04-07 11:07:57,454 - processing completed: 64_024
2022-04-07 11:07:57,457 - processing started: 65_024 
2022-04-07 11:07:57,539 - processing completed: 65_024
2022-04-07 11:07:57,542 - processing started: 66_025 
2022-04-07 11:07:57,683 - processing completed: 66_025
2022-04-07 11:07:57,687 - processing started: 67_025 
2022-04-07 11:07:57,772 - processing completed: 67_025
2022-04-07 11:07:57,776 - processing started: 68_026 
2022-04-07 11:07:57,931 - processing completed: 68_026
2022-04-07 11:07:57,934 - processing started: 69_026 
2022-04-07 11:07:58,018 - processing completed: 69_026
2022-04-07 11:07:58,021 - processing started: 70_027 
2022-04-07 11:07:58,151 - processing completed: 70_027
2022-04-07 11:07:58,155 - processing started: 71_027 
2022-04-07 11:07:58,236 - processing completed: 71_027
2022-04-07 11:07:58,240 - processing started: 72_028 
2022-04-07 11:07:58,382 - processing completed: 72_028
2022-04-07 11:07:58,387 - processing started: 73_028 
2022-04-07 11:07:58,470 - processing completed: 73_028
2022-04-07 11:07:58,473 - processing started: 74_028 
2022-04-07 11:07:58,605 - processing completed: 74_028
2022-04-07 11:07:58,608 - processing started: 75_029 
2022-04-07 11:07:58,747 - processing completed: 75_029
2022-04-07 11:07:58,750 - processing started: 76_029 
2022-04-07 11:07:58,835 - processing completed: 76_029
2022-04-07 11:07:58,839 - processing started: 77_030 
2022-04-07 11:07:58,969 - processing completed: 77_030
2022-04-07 11:07:58,973 - processing started: 78_030 
2022-04-07 11:07:59,049 - processing completed: 78_030
2022-04-07 11:07:59,052 - processing started: 79_030 
2022-04-07 11:07:59,181 - processing completed: 79_030
2022-04-07 11:07:59,184 - processing started: 80_031 
2022-04-07 11:07:59,264 - processing completed: 80_031
2022-04-07 11:07:59,267 - processing started: 81_031 
2022-04-07 11:07:59,404 - processing completed: 81_031
2022-04-07 11:07:59,407 - processing started: 82_031 
2022-04-07 11:07:59,487 - processing completed: 82_031
2022-04-07 11:07:59,490 - processing started: 83_032 
2022-04-07 11:07:59,656 - processing completed: 83_032
2022-04-07 11:07:59,661 - processing started: 84_032 
2022-04-07 11:07:59,770 - processing completed: 84_032
2022-04-07 11:07:59,775 - processing started: 85_032 
2022-04-07 11:07:59,938 - processing completed: 85_032
2022-04-07 11:07:59,942 - processing started: 86_032 
2022-04-07 11:08:00,053 - processing completed: 86_032
2022-04-07 11:08:00,057 - processing started: 87_032 
2022-04-07 11:08:00,225 - processing completed: 87_032
2022-04-07 11:08:00,229 - processing started: 88_033 
2022-04-07 11:08:00,303 - processing completed: 88_033
2022-04-07 11:08:00,306 - processing started: 89_033 
2022-04-07 11:08:00,437 - processing completed: 89_033
2022-04-07 11:08:00,440 - processing started: 90_033 
2022-04-07 11:08:00,577 - processing completed: 90_033
2022-04-07 11:08:00,581 - processing started: 91_033 
2022-04-07 11:08:00,657 - processing completed: 91_033
2022-04-07 11:08:00,660 - processing started: 92_033 
2022-04-07 11:08:00,794 - processing completed: 92_033
2022-04-07 11:08:00,796 - processing started: 93_034 
2022-04-07 11:08:00,876 - processing completed: 93_034
2022-04-07 11:08:00,879 - processing started: 94_034 
2022-04-07 11:08:01,009 - processing completed: 94_034
2022-04-07 11:08:01,012 - processing started: 95_035 
2022-04-07 11:08:01,087 - processing completed: 95_035
2022-04-07 11:08:01,091 - processing started: 96_035 
2022-04-07 11:08:01,216 - processing completed: 96_035
2022-04-07 11:08:01,219 - processing started: 97_035 
2022-04-07 11:08:01,292 - processing completed: 97_035
2022-04-07 11:08:01,296 - processing started: 98_035 
2022-04-07 11:08:01,424 - processing completed: 98_035
2022-04-07 11:08:01,427 - processing started: 99_036 
2022-04-07 11:08:01,502 - processing completed: 99_036
2022-04-07 11:08:01,506 - processing started: 100_036 
2022-04-07 11:08:01,634 - processing completed: 100_036
2022-04-07 11:08:01,638 - processing started: 101_037 
2022-04-07 11:08:01,715 - processing completed: 101_037
2022-04-07 11:08:01,719 - processing started: 102_037 
2022-04-07 11:08:01,849 - processing completed: 102_037
2022-04-07 11:08:01,853 - processing started: 103_037 
2022-04-07 11:08:01,930 - processing completed: 103_037
2022-04-07 11:08:01,934 - processing started: 104_038 
2022-04-07 11:08:02,064 - processing completed: 104_038
2022-04-07 11:08:02,067 - processing started: 105_038 
2022-04-07 11:08:02,197 - processing completed: 105_038
2022-04-07 11:08:02,201 - processing started: 106_039 
2022-04-07 11:08:02,280 - processing completed: 106_039
2022-04-07 11:08:02,284 - processing started: 107_039 
2022-04-07 11:08:02,418 - processing completed: 107_039
2022-04-07 11:08:02,422 - processing started: 108_039 
2022-04-07 11:08:02,503 - processing completed: 108_039
2022-04-07 11:08:02,506 - processing started: 109_040 
2022-04-07 11:08:02,637 - processing completed: 109_040
2022-04-07 11:08:02,640 - processing started: 110_040 
2022-04-07 11:08:02,718 - processing completed: 110_040
2022-04-07 11:08:02,721 - processing started: 111_040 
2022-04-07 11:08:02,849 - processing completed: 111_040
2022-04-07 11:08:02,852 - processing started: 112_040 
2022-04-07 11:08:02,933 - processing completed: 112_040
2022-04-07 11:08:02,936 - processing started: 113_040 
2022-04-07 11:08:03,067 - processing completed: 113_040
2022-04-07 11:08:03,070 - processing started: 114_040 
2022-04-07 11:08:03,149 - processing completed: 114_040
2022-04-07 11:08:03,151 - processing started: 115_040 
2022-04-07 11:08:03,278 - processing completed: 115_040
2022-04-07 11:08:03,282 - processing started: 116_041 
2022-04-07 11:08:03,362 - processing completed: 116_041
2022-04-07 11:08:03,365 - processing started: 117_041 
2022-04-07 11:08:03,498 - processing completed: 117_041
2022-04-07 11:08:03,502 - processing started: 118_042 
2022-04-07 11:08:03,578 - processing completed: 118_042
2022-04-07 11:08:03,581 - processing started: 119_042 
2022-04-07 11:08:03,704 - processing completed: 119_042
2022-04-07 11:08:03,707 - processing started: 120_042 
2022-04-07 11:08:03,840 - processing completed: 120_042
2022-04-07 11:08:03,844 - processing started: 121_042 
2022-04-07 11:08:03,924 - processing completed: 121_042
2022-04-07 11:08:03,928 - processing started: 122_043 
2022-04-07 11:08:04,055 - processing completed: 122_043
2022-04-07 11:08:04,058 - processing started: 123_043 
2022-04-07 11:08:04,130 - processing completed: 123_043
2022-04-07 11:08:04,134 - processing started: 124_044 
2022-04-07 11:08:04,260 - processing completed: 124_044
2022-04-07 11:08:04,264 - processing started: 125_044 
2022-04-07 11:08:04,334 - processing completed: 125_044
2022-04-07 11:08:04,338 - processing started: 126_044 
2022-04-07 11:08:04,461 - processing completed: 126_044
2022-04-07 11:08:04,465 - processing started: 127_045 
2022-04-07 11:08:04,541 - processing completed: 127_045
2022-04-07 11:08:04,544 - processing started: 128_045 
2022-04-07 11:08:04,673 - processing completed: 128_045
2022-04-07 11:08:04,676 - processing started: 129_045 
2022-04-07 11:08:04,749 - processing completed: 129_045
2022-04-07 11:08:04,752 - processing started: 130_046 
2022-04-07 11:08:04,880 - processing completed: 130_046
2022-04-07 11:08:04,884 - processing started: 131_046 
2022-04-07 11:08:04,960 - processing completed: 131_046
2022-04-07 11:08:04,963 - processing started: 132_047 
2022-04-07 11:08:05,095 - processing completed: 132_047
2022-04-07 11:08:05,099 - processing started: 133_047 
2022-04-07 11:08:05,174 - processing completed: 133_047
2022-04-07 11:08:05,177 - processing started: 134_048 
2022-04-07 11:08:05,304 - processing completed: 134_048
2022-04-07 11:08:05,307 - processing started: 135_048 
2022-04-07 11:08:05,437 - processing completed: 135_048
2022-04-07 11:08:05,440 - processing started: 136_048 
2022-04-07 11:08:05,513 - processing completed: 136_048
2022-04-07 11:08:05,516 - processing started: 137_049 
2022-04-07 11:08:05,651 - processing completed: 137_049
2022-04-07 11:08:05,655 - processing started: 138_049 
2022-04-07 11:08:05,736 - processing completed: 138_049
2022-04-07 11:08:05,739 - processing started: 139_049 
2022-04-07 11:08:05,876 - processing completed: 139_049
2022-04-07 11:08:05,880 - processing started: 140_050 
2022-04-07 11:08:05,955 - processing completed: 140_050
2022-04-07 11:08:05,959 - processing started: 141_050 
2022-04-07 11:08:06,103 - processing completed: 141_050
2022-04-07 11:08:06,106 - processing started: 142_050 
2022-04-07 11:08:06,183 - processing completed: 142_050
2022-04-07 11:08:06,186 - processing started: 143_051 
2022-04-07 11:08:06,313 - processing completed: 143_051
2022-04-07 11:08:06,316 - processing started: 144_051 
2022-04-07 11:08:06,393 - processing completed: 144_051
2022-04-07 11:08:06,396 - processing started: 145_051 
2022-04-07 11:08:06,523 - processing completed: 145_051
2022-04-07 11:08:06,526 - processing started: 146_051 
2022-04-07 11:08:06,606 - processing completed: 146_051
2022-04-07 11:08:06,609 - processing started: 147_051 
2022-04-07 11:08:06,733 - processing completed: 147_051
2022-04-07 11:08:06,736 - processing started: 148_052 
2022-04-07 11:08:06,812 - processing completed: 148_052
2022-04-07 11:08:06,815 - processing started: 149_052 
2022-04-07 11:08:06,944 - processing completed: 149_052
2022-04-07 11:08:06,947 - processing started: 150_053 
2022-04-07 11:08:07,084 - processing completed: 150_053
2022-04-07 11:08:07,087 - processing started: 151_053 
2022-04-07 11:08:07,164 - processing completed: 151_053
2022-04-07 11:08:07,168 - processing started: 152_054 
2022-04-07 11:08:07,300 - processing completed: 152_054
2022-04-07 11:08:07,303 - processing started: 153_054 
2022-04-07 11:08:07,386 - processing completed: 153_054
2022-04-07 11:08:07,389 - processing started: 154_055 
2022-04-07 11:08:07,530 - processing completed: 154_055
2022-04-07 11:08:07,534 - processing started: 155_055 
2022-04-07 11:08:07,609 - processing completed: 155_055
2022-04-07 11:08:07,613 - processing started: 156_056 
2022-04-07 11:08:07,746 - processing completed: 156_056
2022-04-07 11:08:07,750 - processing started: 157_056 
2022-04-07 11:08:07,831 - processing completed: 157_056
2022-04-07 11:08:07,835 - processing started: 158_057 
2022-04-07 11:08:07,963 - processing completed: 158_057
2022-04-07 11:08:07,967 - processing started: 159_057 
2022-04-07 11:08:08,041 - processing completed: 159_057
2022-04-07 11:08:08,044 - processing started: 160_058 
2022-04-07 11:08:08,220 - processing completed: 160_058
2022-04-07 11:08:08,225 - processing started: 161_058 
2022-04-07 11:08:08,349 - processing completed: 161_058
2022-04-07 11:08:08,354 - processing started: 162_058 
2022-04-07 11:08:08,527 - processing completed: 162_058
2022-04-07 11:08:08,533 - processing started: 163_059 
2022-04-07 11:08:08,608 - processing completed: 163_059
2022-04-07 11:08:08,612 - processing started: 164_059 
2022-04-07 11:08:08,739 - processing completed: 164_059
2022-04-07 11:08:08,742 - processing started: 165_060 
2022-04-07 11:08:08,875 - processing completed: 165_060
2022-04-07 11:08:08,879 - processing started: 166_060 
2022-04-07 11:08:08,950 - processing completed: 166_060
2022-04-07 11:08:08,954 - processing started: 167_060 
2022-04-07 11:08:09,084 - processing completed: 167_060
2022-04-07 11:08:09,087 - processing started: 168_061 
2022-04-07 11:08:09,163 - processing completed: 168_061
2022-04-07 11:08:09,166 - processing started: 169_061 
2022-04-07 11:08:09,301 - processing completed: 169_061
2022-04-07 11:08:09,304 - processing started: 170_062 
2022-04-07 11:08:09,381 - processing completed: 170_062
2022-04-07 11:08:09,384 - processing started: 171_062 
2022-04-07 11:08:09,515 - processing completed: 171_062
2022-04-07 11:08:09,518 - processing started: 172_062 
2022-04-07 11:08:09,595 - processing completed: 172_062
2022-04-07 11:08:09,599 - processing started: 173_063 
2022-04-07 11:08:09,796 - processing completed: 173_063
2022-04-07 11:08:09,801 - processing started: 174_063 
2022-04-07 11:08:09,942 - processing completed: 174_063
2022-04-07 11:08:09,947 - processing started: 175_064 
2022-04-07 11:08:10,142 - processing completed: 175_064
2022-04-07 11:08:10,148 - processing started: 176_064 
2022-04-07 11:08:10,290 - processing completed: 176_064
2022-04-07 11:08:10,294 - processing started: 177_064 
2022-04-07 11:08:10,493 - processing completed: 177_064
2022-04-07 11:08:10,498 - processing started: 178_064 
2022-04-07 11:08:10,639 - processing completed: 178_064
2022-04-07 11:08:10,644 - processing started: 179_065 
2022-04-07 11:08:10,838 - processing completed: 179_065
2022-04-07 11:08:10,844 - processing started: 180_065 
2022-04-07 11:08:11,044 - processing completed: 180_065
2022-04-07 11:08:11,049 - processing started: 181_066 
2022-04-07 11:08:11,195 - processing completed: 181_066
2022-04-07 11:08:11,201 - processing started: 182_066 
2022-04-07 11:08:11,411 - processing completed: 182_066
2022-04-07 11:08:11,416 - processing started: 183_066 
2022-04-07 11:08:11,564 - processing completed: 183_066
2022-04-07 11:08:11,569 - processing started: 184_066 
2022-04-07 11:08:11,765 - processing completed: 184_066
2022-04-07 11:08:11,770 - processing started: 185_066 
2022-04-07 11:08:11,918 - processing completed: 185_066
2022-04-07 11:08:11,923 - processing started: 186_066 
2022-04-07 11:08:12,122 - processing completed: 186_066
2022-04-07 11:08:12,127 - processing started: 187_066 
2022-04-07 11:08:12,239 - processing completed: 187_066
2022-04-07 11:08:12,243 - processing started: 188_067 
2022-04-07 11:08:12,332 - processing completed: 188_067
2022-04-07 11:08:12,334 - processing started: 189_067 
2022-04-07 11:08:12,478 - processing completed: 189_067
2022-04-07 11:08:12,483 - processing started: 190_067 
2022-04-07 11:08:12,639 - processing completed: 190_067
2022-04-07 11:08:12,643 - processing started: 191_067 
2022-04-07 11:08:12,788 - processing completed: 191_067
2022-04-07 11:08:12,793 - processing started: 192_067 
2022-04-07 11:08:12,992 - processing completed: 192_067
2022-04-07 11:08:12,998 - processing started: 193_068 
2022-04-07 11:08:13,155 - processing completed: 193_068
2022-04-07 11:08:13,159 - processing started: 194_068 
2022-04-07 11:08:13,257 - processing completed: 194_068
2022-04-07 11:08:13,261 - processing started: 195_069 
2022-04-07 11:08:13,423 - processing completed: 195_069
2022-04-07 11:08:13,428 - processing started: 196_069 
2022-04-07 11:08:13,529 - processing completed: 196_069
2022-04-07 11:08:13,535 - processing started: 197_069 
2022-04-07 11:08:13,692 - processing completed: 197_069
2022-04-07 11:08:13,696 - processing started: 198_069 
2022-04-07 11:08:13,798 - processing completed: 198_069
2022-04-07 11:08:13,802 - processing started: 199_070 
2022-04-07 11:08:14,007 - processing completed: 199_070
2022-04-07 11:08:14,012 - processing started: 200_070 
2022-04-07 11:08:14,049 - processing completed: 200_070
2022-04-07 11:08:14,051 - processing started: 201_071 
2022-04-07 11:08:14,245 - processing completed: 201_071
2022-04-07 11:08:14,251 - processing started: 202_071 
2022-04-07 11:08:14,399 - processing completed: 202_071
2022-04-07 11:08:14,404 - processing started: 203_072 
2022-04-07 11:08:14,600 - processing completed: 203_072
2022-04-07 11:08:14,605 - processing started: 204_072 
2022-04-07 11:08:14,751 - processing completed: 204_072
2022-04-07 11:08:14,756 - processing started: 205_072 
2022-04-07 11:08:14,957 - processing completed: 205_072
2022-04-07 11:08:14,963 - processing started: 206_072 
2022-04-07 11:08:15,110 - processing completed: 206_072
2022-04-07 11:08:15,116 - processing started: 207_073 
2022-04-07 11:08:15,307 - processing completed: 207_073
2022-04-07 11:08:15,312 - processing started: 208_073 
2022-04-07 11:08:15,506 - processing completed: 208_073
2022-04-07 11:08:15,512 - processing started: 209_074 
2022-04-07 11:08:15,661 - processing completed: 209_074
2022-04-07 11:08:15,667 - processing started: 210_074 
2022-04-07 11:08:15,875 - processing completed: 210_074
2022-04-07 11:08:15,879 - processing started: 211_075 
2022-04-07 11:08:16,031 - processing completed: 211_075
2022-04-07 11:08:16,036 - processing started: 212_075 
2022-04-07 11:08:16,236 - processing completed: 212_075
2022-04-07 11:08:16,242 - processing started: 213_076 
2022-04-07 11:08:16,386 - processing completed: 213_076
2022-04-07 11:08:16,392 - processing started: 214_076 
2022-04-07 11:08:16,602 - processing completed: 214_076
2022-04-07 11:08:16,608 - processing started: 215_077 
2022-04-07 11:08:16,710 - processing completed: 215_077
2022-04-07 11:08:16,715 - processing started: 216_077 
2022-04-07 11:08:16,918 - processing completed: 216_077
2022-04-07 11:08:16,923 - processing started: 217_077 
2022-04-07 11:08:17,069 - processing completed: 217_077
2022-04-07 11:08:17,074 - processing started: 218_078 
2022-04-07 11:08:17,267 - processing completed: 218_078
2022-04-07 11:08:17,273 - processing started: 219_078 
2022-04-07 11:08:17,423 - processing completed: 219_078
2022-04-07 11:08:17,428 - processing started: 220_079 
2022-04-07 11:08:17,640 - processing completed: 220_079
2022-04-07 11:08:17,645 - processing started: 221_079 
2022-04-07 11:08:17,795 - processing completed: 221_079
2022-04-07 11:08:17,800 - processing started: 222_079 
2022-04-07 11:08:18,001 - processing completed: 222_079
2022-04-07 11:08:18,007 - processing started: 223_080 
2022-04-07 11:08:18,135 - processing completed: 223_080
2022-04-07 11:08:18,139 - processing started: 224_080 
2022-04-07 11:08:18,207 - processing completed: 224_080
2022-04-07 11:08:18,210 - processing started: 225_081 
2022-04-07 11:08:18,355 - processing completed: 225_081
2022-04-07 11:08:18,359 - processing started: 226_081 
2022-04-07 11:08:18,452 - processing completed: 226_081
2022-04-07 11:08:18,456 - processing started: 227_081 
2022-04-07 11:08:18,606 - processing completed: 227_081
2022-04-07 11:08:18,611 - processing started: 228_081 
2022-04-07 11:08:18,703 - processing completed: 228_081
2022-04-07 11:08:18,707 - processing started: 229_081 
2022-04-07 11:08:18,850 - processing completed: 229_081
2022-04-07 11:08:18,855 - processing started: 230_081 
2022-04-07 11:08:18,943 - processing completed: 230_081
2022-04-07 11:08:18,947 - processing started: 231_081 
2022-04-07 11:08:19,095 - processing completed: 231_081
2022-04-07 11:08:19,099 - processing started: 232_082 
2022-04-07 11:08:19,192 - processing completed: 232_082
2022-04-07 11:08:19,196 - processing started: 233_082 
2022-04-07 11:08:19,336 - processing completed: 233_082
2022-04-07 11:08:19,342 - processing started: 234_082 
2022-04-07 11:08:19,430 - processing completed: 234_082
2022-04-07 11:08:19,434 - processing started: 235_082 
2022-04-07 11:08:19,575 - processing completed: 235_082
2022-04-07 11:08:19,579 - processing started: 236_083 
2022-04-07 11:08:19,670 - processing completed: 236_083
2022-04-07 11:08:19,674 - processing started: 237_083 
2022-04-07 11:08:19,816 - processing completed: 237_083
2022-04-07 11:08:19,821 - processing started: 238_084 
2022-04-07 11:08:19,965 - processing completed: 238_084
2022-04-07 11:08:19,969 - processing started: 239_084 
2022-04-07 11:08:20,062 - processing completed: 239_084
2022-04-07 11:08:20,065 - processing started: 240_085 
2022-04-07 11:08:20,205 - processing completed: 240_085
2022-04-07 11:08:20,210 - processing started: 241_085 
2022-04-07 11:08:20,298 - processing completed: 241_085
2022-04-07 11:08:20,302 - processing started: 242_086 
2022-04-07 11:08:20,472 - processing completed: 242_086
2022-04-07 11:08:20,476 - processing started: 243_086 
2022-04-07 11:08:20,583 - processing completed: 243_086
2022-04-07 11:08:20,586 - processing started: 244_087 
2022-04-07 11:08:20,733 - processing completed: 244_087
2022-04-07 11:08:20,736 - processing started: 245_087 
2022-04-07 11:08:20,825 - processing completed: 245_087
2022-04-07 11:08:20,828 - processing started: 246_088 
2022-04-07 11:08:20,969 - processing completed: 246_088
2022-04-07 11:08:20,972 - processing started: 247_088 
2022-04-07 11:08:21,064 - processing completed: 247_088
2022-04-07 11:08:21,067 - processing started: 248_088 
2022-04-07 11:08:21,208 - processing completed: 248_088
2022-04-07 11:08:21,211 - processing started: 249_089 
2022-04-07 11:08:21,270 - processing completed: 249_089
2022-04-07 11:08:21,273 - processing started: 250_089 
2022-04-07 11:08:21,380 - processing completed: 250_089
2022-04-07 11:08:21,383 - processing started: 251_089 
2022-04-07 11:08:21,442 - processing completed: 251_089
2022-04-07 11:08:21,445 - processing started: 252_090 
2022-04-07 11:08:21,551 - processing completed: 252_090
2022-04-07 11:08:21,555 - processing started: 253_090 
2022-04-07 11:08:21,665 - processing completed: 253_090
2022-04-07 11:08:21,669 - processing started: 254_091 
2022-04-07 11:08:21,727 - processing completed: 254_091
2022-04-07 11:08:21,730 - processing started: 255_091 
2022-04-07 11:08:21,840 - processing completed: 255_091
2022-04-07 11:08:21,844 - processing started: 256_092 
2022-04-07 11:08:21,901 - processing completed: 256_092
2022-04-07 11:08:21,904 - processing started: 257_092 
2022-04-07 11:08:22,013 - processing completed: 257_092
2022-04-07 11:08:22,017 - processing started: 258_093 
2022-04-07 11:08:22,087 - processing completed: 258_093
2022-04-07 11:08:22,090 - processing started: 259_093 
2022-04-07 11:08:22,211 - processing completed: 259_093
2022-04-07 11:08:22,214 - processing started: 260_094 
2022-04-07 11:08:22,283 - processing completed: 260_094
2022-04-07 11:08:22,287 - processing started: 261_094 
2022-04-07 11:08:22,415 - processing completed: 261_094
2022-04-07 11:08:22,420 - processing started: 262_094 
2022-04-07 11:08:22,489 - processing completed: 262_094
2022-04-07 11:08:22,493 - processing started: 263_095 
2022-04-07 11:08:22,616 - processing completed: 263_095
2022-04-07 11:08:22,620 - processing started: 264_095 
2022-04-07 11:08:22,689 - processing completed: 264_095
2022-04-07 11:08:22,693 - processing started: 265_096 
2022-04-07 11:08:22,815 - processing completed: 265_096
2022-04-07 11:08:22,819 - processing started: 266_096 
2022-04-07 11:08:22,886 - processing completed: 266_096
2022-04-07 11:08:22,890 - processing started: 267_097 
2022-04-07 11:08:23,017 - processing completed: 267_097
2022-04-07 11:08:23,021 - processing started: 268_097 
2022-04-07 11:08:23,146 - processing completed: 268_097
2022-04-07 11:08:23,149 - processing started: 269_098 
2022-04-07 11:08:23,218 - processing completed: 269_098
2022-04-07 11:08:23,222 - processing started: 270_098 
2022-04-07 11:08:23,347 - processing completed: 270_098
2022-04-07 11:08:23,350 - processing started: 271_098 
2022-04-07 11:08:23,419 - processing completed: 271_098
2022-04-07 11:08:23,422 - processing started: 272_099 
2022-04-07 11:08:23,534 - processing completed: 272_099
2022-04-07 11:08:23,537 - processing started: 273_099 
2022-04-07 11:08:23,596 - processing completed: 273_099
2022-04-07 11:08:23,600 - processing started: 274_100 
2022-04-07 11:08:23,741 - processing completed: 274_100
2022-04-07 11:08:23,744 - processing started: 275_100 
2022-04-07 11:08:23,835 - processing completed: 275_100
2022-04-07 11:08:23,839 - processing started: 276_101 
2022-04-07 11:08:23,956 - processing completed: 276_101
2022-04-07 11:08:23,959 - processing started: 277_101 
2022-04-07 11:08:24,023 - processing completed: 277_101
2022-04-07 11:08:24,025 - processing started: 278_102 
2022-04-07 11:08:24,140 - processing completed: 278_102
2022-04-07 11:08:24,142 - processing started: 279_102 
2022-04-07 11:08:24,204 - processing completed: 279_102
2022-04-07 11:08:24,208 - processing started: 280_103 
2022-04-07 11:08:24,313 - processing completed: 280_103
2022-04-07 11:08:24,317 - processing started: 281_103 
2022-04-07 11:08:24,380 - processing completed: 281_103
2022-04-07 11:08:24,383 - processing started: 282_103 
2022-04-07 11:08:24,495 - processing completed: 282_103
2022-04-07 11:08:24,499 - processing started: 283_104 
2022-04-07 11:08:24,613 - processing completed: 283_104
2022-04-07 11:08:24,616 - processing started: 284_104 
2022-04-07 11:08:24,676 - processing completed: 284_104
2022-04-07 11:08:24,679 - processing started: 285_105 
2022-04-07 11:08:24,791 - processing completed: 285_105
2022-04-07 11:08:24,794 - processing started: 286_105 
2022-04-07 11:08:24,857 - processing completed: 286_105
2022-04-07 11:08:24,860 - processing started: 287_106 
2022-04-07 11:08:24,973 - processing completed: 287_106
2022-04-07 11:08:24,977 - processing started: 288_106 
2022-04-07 11:08:25,034 - processing completed: 288_106
2022-04-07 11:08:25,037 - processing started: 289_107 
2022-04-07 11:08:25,147 - processing completed: 289_107
2022-04-07 11:08:25,151 - processing started: 290_107 
2022-04-07 11:08:25,209 - processing completed: 290_107
2022-04-07 11:08:25,212 - processing started: 291_107 
2022-04-07 11:08:25,327 - processing completed: 291_107
2022-04-07 11:08:25,330 - processing started: 292_108 
2022-04-07 11:08:25,386 - processing completed: 292_108
2022-04-07 11:08:25,389 - processing started: 293_108 
2022-04-07 11:08:25,500 - processing completed: 293_108
2022-04-07 11:08:25,503 - processing started: 294_108 
2022-04-07 11:08:25,561 - processing completed: 294_108
2022-04-07 11:08:25,564 - processing started: 295_109 
2022-04-07 11:08:25,668 - processing completed: 295_109
2022-04-07 11:08:25,672 - processing started: 296_109 
2022-04-07 11:08:25,729 - processing completed: 296_109
2022-04-07 11:08:25,732 - processing started: 297_110 
2022-04-07 11:08:25,845 - processing completed: 297_110
2022-04-07 11:08:25,850 - processing started: 298_110 
2022-04-07 11:08:25,966 - processing completed: 298_110
2022-04-07 11:08:25,969 - processing started: 299_110 
2022-04-07 11:08:26,036 - processing completed: 299_110
2022-04-07 11:08:26,039 - processing started: 300_111 
2022-04-07 11:08:26,148 - processing completed: 300_111
2022-04-07 11:08:26,152 - processing started: 301_111 
2022-04-07 11:08:26,212 - processing completed: 301_111
2022-04-07 11:08:26,216 - processing started: 302_112 
2022-04-07 11:08:26,327 - processing completed: 302_112
2022-04-07 11:08:26,331 - processing started: 303_112 
2022-04-07 11:08:26,391 - processing completed: 303_112
2022-04-07 11:08:26,395 - processing started: 304_113 
2022-04-07 11:08:26,501 - processing completed: 304_113
2022-04-07 11:08:26,503 - processing started: 305_113 
2022-04-07 11:08:26,561 - processing completed: 305_113
2022-04-07 11:08:26,564 - processing started: 306_114 
2022-04-07 11:08:26,705 - processing completed: 306_114
2022-04-07 11:08:26,708 - processing started: 307_114 
2022-04-07 11:08:26,795 - processing completed: 307_114
2022-04-07 11:08:26,799 - processing started: 308_115 
2022-04-07 11:08:26,960 - processing completed: 308_115
2022-04-07 11:08:26,965 - processing started: 309_115 
2022-04-07 11:08:27,056 - processing completed: 309_115
2022-04-07 11:08:27,061 - processing started: 310_116 
2022-04-07 11:08:27,198 - processing completed: 310_116
2022-04-07 11:08:27,203 - processing started: 311_116 
2022-04-07 11:08:27,291 - processing completed: 311_116
2022-04-07 11:08:27,296 - processing started: 312_117 
2022-04-07 11:08:27,438 - processing completed: 312_117
2022-04-07 11:08:27,441 - processing started: 313_117 
2022-04-07 11:08:27,588 - processing completed: 313_117
2022-04-07 11:08:27,591 - processing started: 314_117 
2022-04-07 11:08:27,678 - processing completed: 314_117
2022-04-07 11:08:27,681 - processing started: 315_117 
2022-04-07 11:08:27,823 - processing completed: 315_117
2022-04-07 11:08:27,827 - processing started: 316_118 
2022-04-07 11:08:27,918 - processing completed: 316_118
2022-04-07 11:08:27,923 - processing started: 317_118 
2022-04-07 11:08:28,066 - processing completed: 317_118
2022-04-07 11:08:28,071 - processing started: 318_119 
2022-04-07 11:08:28,161 - processing completed: 318_119
2022-04-07 11:08:28,165 - processing started: 319_119 
2022-04-07 11:08:28,308 - processing completed: 319_119
2022-04-07 11:08:28,312 - processing started: 320_120 
2022-04-07 11:08:28,383 - processing completed: 320_120
2022-04-07 11:08:28,387 - processing started: 321_120 
2022-04-07 11:08:28,505 - processing completed: 321_120
2022-04-07 11:08:28,509 - processing started: 322_120 
2022-04-07 11:08:28,579 - processing completed: 322_120
2022-04-07 11:08:28,582 - processing started: 323_120 
2022-04-07 11:08:28,704 - processing completed: 323_120
2022-04-07 11:08:28,707 - processing started: 324_121 
2022-04-07 11:08:28,796 - processing completed: 324_121
2022-04-07 11:08:28,799 - processing started: 325_121 
2022-04-07 11:08:28,945 - processing completed: 325_121
2022-04-07 11:08:28,948 - processing started: 326_122 
2022-04-07 11:08:29,100 - processing completed: 326_122
2022-04-07 11:08:29,104 - processing started: 327_122 
2022-04-07 11:08:29,206 - processing completed: 327_122
2022-04-07 11:08:29,210 - processing started: 328_123 
2022-04-07 11:08:29,359 - processing completed: 328_123
2022-04-07 11:08:29,363 - processing started: 329_123 
2022-04-07 11:08:29,460 - processing completed: 329_123
2022-04-07 11:08:29,464 - processing started: 330_123 
2022-04-07 11:08:29,609 - processing completed: 330_123
2022-04-07 11:08:29,612 - processing started: 331_124 
2022-04-07 11:08:29,703 - processing completed: 331_124
2022-04-07 11:08:29,706 - processing started: 332_124 
2022-04-07 11:08:29,852 - processing completed: 332_124
2022-04-07 11:08:29,855 - processing started: 333_124 
2022-04-07 11:08:29,945 - processing completed: 333_124
2022-04-07 11:08:29,948 - processing started: 334_124 
2022-04-07 11:08:30,092 - processing completed: 334_124
2022-04-07 11:08:30,096 - processing started: 335_124 
2022-04-07 11:08:30,187 - processing completed: 335_124
2022-04-07 11:08:30,191 - processing started: 336_124 
2022-04-07 11:08:30,331 - processing completed: 336_124
2022-04-07 11:08:30,336 - processing started: 337_124 
2022-04-07 11:08:30,426 - processing completed: 337_124
2022-04-07 11:08:30,429 - processing started: 338_124 
2022-04-07 11:08:30,569 - processing completed: 338_124
2022-04-07 11:08:30,572 - processing started: 339_124 
2022-04-07 11:08:30,661 - processing completed: 339_124
2022-04-07 11:08:30,664 - processing started: 340_125 
2022-04-07 11:08:30,804 - processing completed: 340_125
2022-04-07 11:08:30,808 - processing started: 341_125 
2022-04-07 11:08:30,954 - processing completed: 341_125
2022-04-07 11:08:30,959 - processing started: 342_126 
2022-04-07 11:08:31,049 - processing completed: 342_126
2022-04-07 11:08:31,054 - processing started: 343_126 
2022-04-07 11:08:31,201 - processing completed: 343_126
2022-04-07 11:08:31,205 - processing started: 344_126 
2022-04-07 11:08:31,296 - processing completed: 344_126
2022-04-07 11:08:31,300 - processing started: 345_127 
2022-04-07 11:08:31,442 - processing completed: 345_127
2022-04-07 11:08:31,447 - processing started: 346_127 
2022-04-07 11:08:31,538 - processing completed: 346_127
2022-04-07 11:08:31,541 - processing started: 347_128 
2022-04-07 11:08:31,686 - processing completed: 347_128
2022-04-07 11:08:31,690 - processing started: 348_128 
2022-04-07 11:08:31,780 - processing completed: 348_128
2022-04-07 11:08:31,783 - processing started: 349_129 
2022-04-07 11:08:31,923 - processing completed: 349_129
2022-04-07 11:08:31,926 - processing started: 350_129 
2022-04-07 11:08:32,015 - processing completed: 350_129
2022-04-07 11:08:32,018 - processing started: 351_129 
2022-04-07 11:08:32,161 - processing completed: 351_129
2022-04-07 11:08:32,165 - processing started: 352_130 
2022-04-07 11:08:32,256 - processing completed: 352_130
2022-04-07 11:08:32,259 - processing started: 353_130 
2022-04-07 11:08:32,402 - processing completed: 353_130
2022-04-07 11:08:32,406 - processing started: 354_131 
2022-04-07 11:08:32,496 - processing completed: 354_131
2022-04-07 11:08:32,500 - processing started: 355_131 
2022-04-07 11:08:32,641 - processing completed: 355_131
2022-04-07 11:08:32,645 - processing started: 356_132 
2022-04-07 11:08:32,789 - processing completed: 356_132
2022-04-07 11:08:32,793 - processing started: 357_132 
2022-04-07 11:08:32,886 - processing completed: 357_132
2022-04-07 11:08:32,890 - processing started: 358_133 
2022-04-07 11:08:33,034 - processing completed: 358_133
2022-04-07 11:08:33,038 - processing started: 359_133 
2022-04-07 11:08:33,129 - processing completed: 359_133
2022-04-07 11:08:33,134 - processing started: 360_134 
2022-04-07 11:08:33,278 - processing completed: 360_134
2022-04-07 11:08:33,282 - processing started: 361_134 
2022-04-07 11:08:33,370 - processing completed: 361_134
2022-04-07 11:08:33,374 - processing started: 362_134 
2022-04-07 11:08:33,518 - processing completed: 362_134
2022-04-07 11:08:33,521 - processing started: 363_134 
2022-04-07 11:08:33,613 - processing completed: 363_134
2022-04-07 11:08:33,617 - processing started: 364_134 
2022-04-07 11:08:33,758 - processing completed: 364_134
2022-04-07 11:08:33,762 - processing started: 365_135 
2022-04-07 11:08:33,850 - processing completed: 365_135
2022-04-07 11:08:33,854 - processing started: 366_135 
2022-04-07 11:08:33,997 - processing completed: 366_135
2022-04-07 11:08:34,001 - processing started: 367_135 
2022-04-07 11:08:34,090 - processing completed: 367_135
2022-04-07 11:08:34,094 - processing started: 368_136 
2022-04-07 11:08:34,239 - processing completed: 368_136
2022-04-07 11:08:34,242 - processing started: 369_136 
2022-04-07 11:08:34,332 - processing completed: 369_136
2022-04-07 11:08:34,335 - processing started: 370_137 
2022-04-07 11:08:34,478 - processing completed: 370_137
2022-04-07 11:08:34,481 - processing started: 371_137 
2022-04-07 11:08:34,627 - processing completed: 371_137
2022-04-07 11:08:34,630 - processing started: 372_138 
2022-04-07 11:08:34,720 - processing completed: 372_138
2022-04-07 11:08:34,723 - processing started: 373_138 
2022-04-07 11:08:34,865 - processing completed: 373_138
2022-04-07 11:08:34,868 - processing started: 374_139 
2022-04-07 11:08:34,958 - processing completed: 374_139
2022-04-07 11:08:34,962 - processing started: 375_139 
2022-04-07 11:08:35,106 - processing completed: 375_139
2022-04-07 11:08:35,110 - processing started: 376_140 
2022-04-07 11:08:35,203 - processing completed: 376_140
2022-04-07 11:08:35,208 - processing started: 377_140 
2022-04-07 11:08:35,351 - processing completed: 377_140
2022-04-07 11:08:35,356 - processing started: 378_140 
2022-04-07 11:08:35,446 - processing completed: 378_140
2022-04-07 11:08:35,450 - processing started: 379_141 
2022-04-07 11:08:35,593 - processing completed: 379_141
2022-04-07 11:08:35,598 - processing started: 380_141 
2022-04-07 11:08:35,686 - processing completed: 380_141
2022-04-07 11:08:35,691 - processing started: 381_142 
2022-04-07 11:08:35,833 - processing completed: 381_142
2022-04-07 11:08:35,836 - processing started: 382_142 
2022-04-07 11:08:35,926 - processing completed: 382_142
2022-04-07 11:08:35,930 - processing started: 383_143 
2022-04-07 11:08:36,074 - processing completed: 383_143
2022-04-07 11:08:36,079 - processing started: 384_143 
2022-04-07 11:08:36,169 - processing completed: 384_143
2022-04-07 11:08:36,173 - processing started: 385_144 
2022-04-07 11:08:36,316 - processing completed: 385_144
2022-04-07 11:08:36,320 - processing started: 386_144 
2022-04-07 11:08:36,465 - processing completed: 386_144
2022-04-07 11:08:36,469 - processing started: 387_144 
2022-04-07 11:08:36,561 - processing completed: 387_144
2022-04-07 11:08:36,565 - processing started: 388_145 
2022-04-07 11:08:36,708 - processing completed: 388_145
2022-04-07 11:08:36,711 - processing started: 389_145 
2022-04-07 11:08:36,800 - processing completed: 389_145
2022-04-07 11:08:36,805 - processing started: 390_145 
2022-04-07 11:08:36,951 - processing completed: 390_145
2022-04-07 11:08:36,955 - processing started: 391_145 
2022-04-07 11:08:37,044 - processing completed: 391_145
2022-04-07 11:08:37,048 - processing started: 392_145 
2022-04-07 11:08:37,189 - processing completed: 392_145
2022-04-07 11:08:37,193 - processing started: 393_146 
2022-04-07 11:08:37,284 - processing completed: 393_146
2022-04-07 11:08:37,288 - processing started: 394_146 
2022-04-07 11:08:37,440 - processing completed: 394_146
2022-04-07 11:08:37,444 - processing started: 395_147 
2022-04-07 11:08:37,535 - processing completed: 395_147
2022-04-07 11:08:37,538 - processing started: 396_147 
2022-04-07 11:08:37,681 - processing completed: 396_147
2022-04-07 11:08:37,685 - processing started: 397_147 
2022-04-07 11:08:37,776 - processing completed: 397_147
2022-04-07 11:08:37,780 - processing started: 398_147 
2022-04-07 11:08:37,922 - processing completed: 398_147
2022-04-07 11:08:37,926 - processing started: 399_148 
2022-04-07 11:08:38,016 - processing completed: 399_148
2022-04-07 11:08:38,020 - processing started: 400_148 
2022-04-07 11:08:38,162 - processing completed: 400_148
2022-04-07 11:08:38,165 - processing started: 401_149 
2022-04-07 11:08:38,312 - processing completed: 401_149
2022-04-07 11:08:38,315 - processing started: 402_149 
2022-04-07 11:08:38,406 - processing completed: 402_149
2022-04-07 11:08:38,411 - processing started: 403_149 
2022-04-07 11:08:38,558 - processing completed: 403_149
2022-04-07 11:08:38,562 - processing started: 404_149 
2022-04-07 11:08:38,649 - processing completed: 404_149
2022-04-07 11:08:38,652 - processing started: 405_150 
2022-04-07 11:08:38,799 - processing completed: 405_150
2022-04-07 11:08:38,802 - processing started: 406_150 
2022-04-07 11:08:38,893 - processing completed: 406_150
2022-04-07 11:08:38,897 - processing started: 407_151 
2022-04-07 11:08:39,039 - processing completed: 407_151
2022-04-07 11:08:39,044 - processing started: 408_151 
2022-04-07 11:08:39,133 - processing completed: 408_151
2022-04-07 11:08:39,136 - processing started: 409_152 
2022-04-07 11:08:39,279 - processing completed: 409_152
2022-04-07 11:08:39,282 - processing started: 410_152 
2022-04-07 11:08:39,374 - processing completed: 410_152
2022-04-07 11:08:39,378 - processing started: 411_153 
2022-04-07 11:08:39,541 - processing completed: 411_153
2022-04-07 11:08:39,545 - processing started: 412_153 
2022-04-07 11:08:39,637 - processing completed: 412_153
2022-04-07 11:08:39,640 - processing started: 413_154 
2022-04-07 11:08:39,783 - processing completed: 413_154
2022-04-07 11:08:39,786 - processing started: 414_154 
2022-04-07 11:08:39,876 - processing completed: 414_154
2022-04-07 11:08:39,879 - processing started: 415_155 
2022-04-07 11:08:40,024 - processing completed: 415_155
2022-04-07 11:08:40,027 - processing started: 416_155 
2022-04-07 11:08:40,170 - processing completed: 416_155
2022-04-07 11:08:40,173 - processing started: 417_156 
2022-04-07 11:08:40,266 - processing completed: 417_156
2022-04-07 11:08:40,270 - processing started: 418_156 
2022-04-07 11:08:40,413 - processing completed: 418_156
2022-04-07 11:08:40,416 - processing started: 419_156 
2022-04-07 11:08:40,508 - processing completed: 419_156
2022-04-07 11:08:40,512 - processing started: 420_157 
2022-04-07 11:08:40,657 - processing completed: 420_157
2022-04-07 11:08:40,661 - processing started: 421_157 
2022-04-07 11:08:40,751 - processing completed: 421_157
2022-04-07 11:08:40,754 - processing started: 422_157 
2022-04-07 11:08:40,901 - processing completed: 422_157
2022-04-07 11:08:40,905 - processing started: 423_158 
2022-04-07 11:08:40,996 - processing completed: 423_158
2022-04-07 11:08:41,000 - processing started: 424_158 
2022-04-07 11:08:41,141 - processing completed: 424_158
2022-04-07 11:08:41,145 - processing started: 425_159 
2022-04-07 11:08:41,233 - processing completed: 425_159
2022-04-07 11:08:41,237 - processing started: 426_159 
2022-04-07 11:08:41,380 - processing completed: 426_159
2022-04-07 11:08:41,384 - processing started: 427_159 
2022-04-07 11:08:41,477 - processing completed: 427_159
2022-04-07 11:08:41,481 - processing started: 428_160 
2022-04-07 11:08:41,626 - processing completed: 428_160
2022-04-07 11:08:41,630 - processing started: 429_160 
2022-04-07 11:08:41,722 - processing completed: 429_160
2022-04-07 11:08:41,725 - processing started: 430_160 
2022-04-07 11:08:41,869 - processing completed: 430_160
2022-04-07 11:08:41,874 - processing started: 431_161 
2022-04-07 11:08:42,016 - processing completed: 431_161
2022-04-07 11:08:42,020 - processing started: 432_161 
2022-04-07 11:08:42,111 - processing completed: 432_161
2022-04-07 11:08:42,116 - processing started: 433_162 
2022-04-07 11:08:42,257 - processing completed: 433_162
2022-04-07 11:08:42,261 - processing started: 434_162 
2022-04-07 11:08:42,351 - processing completed: 434_162
2022-04-07 11:08:42,354 - processing started: 435_163 
2022-04-07 11:08:42,496 - processing completed: 435_163
2022-04-07 11:08:42,500 - processing started: 436_163 
2022-04-07 11:08:42,592 - processing completed: 436_163
2022-04-07 11:08:42,596 - processing started: 437_164 
2022-04-07 11:08:42,742 - processing completed: 437_164
2022-04-07 11:08:42,746 - processing started: 438_164 
2022-04-07 11:08:42,836 - processing completed: 438_164
2022-04-07 11:08:42,841 - processing started: 439_164 
2022-04-07 11:08:42,982 - processing completed: 439_164
2022-04-07 11:08:42,986 - processing started: 440_165 
2022-04-07 11:08:43,077 - processing completed: 440_165
2022-04-07 11:08:43,081 - processing started: 441_165 
2022-04-07 11:08:43,226 - processing completed: 441_165
2022-04-07 11:08:43,230 - processing started: 442_166 
2022-04-07 11:08:43,321 - processing completed: 442_166
2022-04-07 11:08:43,325 - processing started: 443_166 
2022-04-07 11:08:43,472 - processing completed: 443_166
2022-04-07 11:08:43,476 - processing started: 444_167 
2022-04-07 11:08:43,566 - processing completed: 444_167
2022-04-07 11:08:43,570 - processing started: 445_167 
2022-04-07 11:08:43,712 - processing completed: 445_167
2022-04-07 11:08:43,716 - processing started: 446_167 
2022-04-07 11:08:43,864 - processing completed: 446_167
2022-04-07 11:08:43,869 - processing started: 447_167 
2022-04-07 11:08:43,959 - processing completed: 447_167
2022-04-07 11:08:43,963 - processing started: 448_168 
2022-04-07 11:08:44,108 - processing completed: 448_168
2022-04-07 11:08:44,112 - processing started: 449_168 
2022-04-07 11:08:44,204 - processing completed: 449_168
2022-04-07 11:08:44,209 - processing started: 450_168 
2022-04-07 11:08:44,354 - processing completed: 450_168
2022-04-07 11:08:44,358 - processing started: 451_168 
2022-04-07 11:08:44,451 - processing completed: 451_168
2022-04-07 11:08:44,455 - processing started: 452_169 
2022-04-07 11:08:44,603 - processing completed: 452_169
2022-04-07 11:08:44,608 - processing started: 453_169 
2022-04-07 11:08:44,698 - processing completed: 453_169
2022-04-07 11:08:44,702 - processing started: 454_170 
2022-04-07 11:08:44,844 - processing completed: 454_170
2022-04-07 11:08:44,849 - processing started: 455_170 
2022-04-07 11:08:44,938 - processing completed: 455_170
2022-04-07 11:08:44,942 - processing started: 456_171 
2022-04-07 11:08:45,090 - processing completed: 456_171
2022-04-07 11:08:45,095 - processing started: 457_171 
2022-04-07 11:08:45,186 - processing completed: 457_171
2022-04-07 11:08:45,190 - processing started: 458_171 
2022-04-07 11:08:45,331 - processing completed: 458_171
2022-04-07 11:08:45,335 - processing started: 459_172 
2022-04-07 11:08:45,479 - processing completed: 459_172
2022-04-07 11:08:45,482 - processing started: 460_172 
2022-04-07 11:08:45,571 - processing completed: 460_172
2022-04-07 11:08:45,575 - processing started: 461_173 
2022-04-07 11:08:45,719 - processing completed: 461_173
2022-04-07 11:08:45,722 - processing started: 462_173 
2022-04-07 11:08:45,814 - processing completed: 462_173
2022-04-07 11:08:45,818 - processing started: 463_173 
2022-04-07 11:08:45,962 - processing completed: 463_173
2022-04-07 11:08:45,967 - processing started: 464_174 
2022-04-07 11:08:46,059 - processing completed: 464_174
2022-04-07 11:08:46,063 - processing started: 465_174 
2022-04-07 11:08:46,204 - processing completed: 465_174
2022-04-07 11:08:46,207 - processing started: 466_174 
2022-04-07 11:08:46,296 - processing completed: 466_174
2022-04-07 11:08:46,299 - processing started: 467_174 
2022-04-07 11:08:46,446 - processing completed: 467_174
2022-04-07 11:08:46,450 - processing started: 468_175 
2022-04-07 11:08:46,540 - processing completed: 468_175
2022-04-07 11:08:46,544 - processing started: 469_175 
2022-04-07 11:08:46,684 - processing completed: 469_175
2022-04-07 11:08:46,688 - processing started: 470_176 
2022-04-07 11:08:46,781 - processing completed: 470_176
2022-04-07 11:08:46,785 - processing started: 471_176 
2022-04-07 11:08:46,930 - processing completed: 471_176
2022-04-07 11:08:46,935 - processing started: 472_177 
2022-04-07 11:08:47,027 - processing completed: 472_177
2022-04-07 11:08:47,030 - processing started: 473_177 
2022-04-07 11:08:47,173 - processing completed: 473_177
2022-04-07 11:08:47,176 - processing started: 474_178 
2022-04-07 11:08:47,319 - processing completed: 474_178
2022-04-07 11:08:47,323 - processing started: 475_178 
2022-04-07 11:08:47,414 - processing completed: 475_178
2022-04-07 11:08:47,418 - processing started: 476_178 
2022-04-07 11:08:47,563 - processing completed: 476_178
2022-04-07 11:08:47,567 - processing started: 477_179 
2022-04-07 11:08:47,659 - processing completed: 477_179
2022-04-07 11:08:47,662 - processing started: 478_179 
2022-04-07 11:08:47,816 - processing completed: 478_179
2022-04-07 11:08:47,819 - processing started: 479_180 
2022-04-07 11:08:47,916 - processing completed: 479_180
2022-04-07 11:08:47,920 - processing started: 480_180 
2022-04-07 11:08:48,064 - processing completed: 480_180
2022-04-07 11:08:48,068 - processing started: 481_180 
2022-04-07 11:08:48,160 - processing completed: 481_180
2022-04-07 11:08:48,164 - processing started: 482_180 
2022-04-07 11:08:48,307 - processing completed: 482_180
2022-04-07 11:08:48,311 - processing started: 483_181 
2022-04-07 11:08:48,404 - processing completed: 483_181
2022-04-07 11:08:48,407 - processing started: 484_181 
2022-04-07 11:08:48,549 - processing completed: 484_181
2022-04-07 11:08:48,553 - processing started: 485_182 
2022-04-07 11:08:48,642 - processing completed: 485_182
2022-04-07 11:08:48,646 - processing started: 486_182 
2022-04-07 11:08:48,788 - processing completed: 486_182
2022-04-07 11:08:48,792 - processing started: 487_182 
2022-04-07 11:08:48,884 - processing completed: 487_182
2022-04-07 11:08:48,889 - processing started: 488_183 
2022-04-07 11:08:49,033 - processing completed: 488_183
2022-04-07 11:08:49,037 - processing started: 489_183 
2022-04-07 11:08:49,182 - processing completed: 489_183
2022-04-07 11:08:49,185 - processing started: 490_183 
2022-04-07 11:08:49,276 - processing completed: 490_183
2022-04-07 11:08:49,280 - processing started: 491_183 
2022-04-07 11:08:49,424 - processing completed: 491_183
2022-04-07 11:08:49,429 - processing started: 492_184 
2022-04-07 11:08:49,520 - processing completed: 492_184
2022-04-07 11:08:49,524 - processing started: 493_184 
2022-04-07 11:08:49,668 - processing completed: 493_184
2022-04-07 11:08:49,672 - processing started: 494_184 
2022-04-07 11:08:49,761 - processing completed: 494_184
2022-04-07 11:08:49,764 - processing started: 495_185 
2022-04-07 11:08:49,909 - processing completed: 495_185
2022-04-07 11:08:49,914 - processing started: 496_185 
2022-04-07 11:08:50,005 - processing completed: 496_185
2022-04-07 11:08:50,009 - processing started: 497_186 
2022-04-07 11:08:50,155 - processing completed: 497_186
2022-04-07 11:08:50,160 - processing started: 498_186 
2022-04-07 11:08:50,251 - processing completed: 498_186
2022-04-07 11:08:50,255 - processing started: 499_187 
2022-04-07 11:08:50,396 - processing completed: 499_187
2022-04-07 11:08:50,400 - processing started: 500_187 
2022-04-07 11:08:50,488 - processing completed: 500_187
2022-04-07 11:08:50,491 - processing started: 501_188 
2022-04-07 11:08:50,636 - processing completed: 501_188
2022-04-07 11:08:50,640 - processing started: 502_188 
2022-04-07 11:08:50,731 - processing completed: 502_188
2022-04-07 11:08:50,734 - processing started: 503_188 
2022-04-07 11:08:50,875 - processing completed: 503_188
2022-04-07 11:08:50,878 - processing started: 504_188 
2022-04-07 11:08:51,026 - processing completed: 504_188
2022-04-07 11:08:51,030 - processing started: 505_189 
2022-04-07 11:08:51,101 - processing completed: 505_189
2022-04-07 11:08:51,105 - processing started: 506_189 
2022-04-07 11:08:51,230 - processing completed: 506_189
2022-04-07 11:08:51,233 - processing started: 507_190 
2022-04-07 11:08:51,322 - processing completed: 507_190
2022-04-07 11:08:51,326 - processing started: 508_190 
2022-04-07 11:08:51,466 - processing completed: 508_190
2022-04-07 11:08:51,471 - processing started: 509_191 
2022-04-07 11:08:51,561 - processing completed: 509_191
2022-04-07 11:08:51,565 - processing started: 510_191 
2022-04-07 11:08:51,706 - processing completed: 510_191
2022-04-07 11:08:51,710 - processing started: 511_192 
2022-04-07 11:08:51,800 - processing completed: 511_192
2022-04-07 11:08:51,803 - processing started: 512_192 
2022-04-07 11:08:51,948 - processing completed: 512_192
2022-04-07 11:08:51,951 - processing started: 513_192 
2022-04-07 11:08:52,041 - processing completed: 513_192
2022-04-07 11:08:52,045 - processing started: 514_192 
2022-04-07 11:08:52,187 - processing completed: 514_192
2022-04-07 11:08:52,190 - processing started: 515_193 
2022-04-07 11:08:52,282 - processing completed: 515_193
2022-04-07 11:08:52,287 - processing started: 516_193 
2022-04-07 11:08:52,426 - processing completed: 516_193
2022-04-07 11:08:52,430 - processing started: 517_194 
2022-04-07 11:08:52,519 - processing completed: 517_194
2022-04-07 11:08:52,523 - processing started: 518_194 
2022-04-07 11:08:52,663 - processing completed: 518_194
2022-04-07 11:08:52,668 - processing started: 519_195 
2022-04-07 11:08:52,814 - processing completed: 519_195
2022-04-07 11:08:52,818 - processing started: 520_195 
2022-04-07 11:08:52,909 - processing completed: 520_195
2022-04-07 11:08:52,912 - processing started: 521_196 
2022-04-07 11:08:53,058 - processing completed: 521_196
2022-04-07 11:08:53,062 - processing started: 522_196 
2022-04-07 11:08:53,152 - processing completed: 522_196
2022-04-07 11:08:53,157 - processing started: 523_196 
2022-04-07 11:08:53,298 - processing completed: 523_196
2022-04-07 11:08:53,302 - processing started: 524_196 
2022-04-07 11:08:53,391 - processing completed: 524_196
2022-04-07 11:08:53,394 - processing started: 525_196 
2022-04-07 11:08:53,540 - processing completed: 525_196
2022-04-07 11:08:53,544 - processing started: 526_196 
2022-04-07 11:08:53,634 - processing completed: 526_196
2022-04-07 11:08:53,637 - processing started: 527_197 
2022-04-07 11:08:53,778 - processing completed: 527_197
2022-04-07 11:08:53,782 - processing started: 528_197 
2022-04-07 11:08:53,872 - processing completed: 528_197
2022-04-07 11:08:53,875 - processing started: 529_197 
2022-04-07 11:08:54,020 - processing completed: 529_197
2022-04-07 11:08:54,023 - processing started: 530_197 
2022-04-07 11:08:54,113 - processing completed: 530_197
2022-04-07 11:08:54,117 - processing started: 531_197 
2022-04-07 11:08:54,259 - processing completed: 531_197
2022-04-07 11:08:54,262 - processing started: 532_198 
2022-04-07 11:08:54,350 - processing completed: 532_198
2022-04-07 11:08:54,353 - processing started: 533_198 
2022-04-07 11:08:54,492 - processing completed: 533_198
2022-04-07 11:08:54,496 - processing started: 534_199 
2022-04-07 11:08:54,645 - processing completed: 534_199
2022-04-07 11:08:54,649 - processing started: 535_199 
2022-04-07 11:08:54,742 - processing completed: 535_199
2022-04-07 11:08:54,745 - processing started: 536_200 
2022-04-07 11:08:54,889 - processing completed: 536_200
2022-04-07 11:08:54,893 - processing started: 537_200 
2022-04-07 11:08:54,983 - processing completed: 537_200
2022-04-07 11:08:54,988 - processing started: 538_201 
2022-04-07 11:08:55,131 - processing completed: 538_201
2022-04-07 11:08:55,135 - processing started: 539_201 
2022-04-07 11:08:55,224 - processing completed: 539_201
2022-04-07 11:08:55,228 - processing started: 540_202 
2022-04-07 11:08:55,370 - processing completed: 540_202
2022-04-07 11:08:55,373 - processing started: 541_202 
2022-04-07 11:08:55,465 - processing completed: 541_202
2022-04-07 11:08:55,469 - processing started: 542_203 
2022-04-07 11:08:55,609 - processing completed: 542_203
2022-04-07 11:08:55,613 - processing started: 543_203 
2022-04-07 11:08:55,702 - processing completed: 543_203
2022-04-07 11:08:55,706 - processing started: 544_204 
2022-04-07 11:08:55,859 - processing completed: 544_204
2022-04-07 11:08:55,863 - processing started: 545_204 
2022-04-07 11:08:55,957 - processing completed: 545_204
2022-04-07 11:08:55,961 - processing started: 546_205 
2022-04-07 11:08:56,106 - processing completed: 546_205
2022-04-07 11:08:56,110 - processing started: 547_205 
2022-04-07 11:08:56,200 - processing completed: 547_205
2022-04-07 11:08:56,204 - processing started: 548_206 
2022-04-07 11:08:56,342 - processing completed: 548_206
2022-04-07 11:08:56,345 - processing started: 549_206 
2022-04-07 11:08:56,489 - processing completed: 549_206
2022-04-07 11:08:56,493 - processing started: 550_207 
2022-04-07 11:08:56,581 - processing completed: 550_207
2022-04-07 11:08:56,586 - processing started: 551_207 
2022-04-07 11:08:56,727 - processing completed: 551_207
2022-04-07 11:08:56,731 - processing started: 552_207 
2022-04-07 11:08:56,822 - processing completed: 552_207
2022-04-07 11:08:56,825 - processing started: 553_207 
2022-04-07 11:08:56,972 - processing completed: 553_207
2022-04-07 11:08:56,977 - processing started: 554_208 
2022-04-07 11:08:57,067 - processing completed: 554_208
2022-04-07 11:08:57,070 - processing started: 555_208 
2022-04-07 11:08:57,215 - processing completed: 555_208
2022-04-07 11:08:57,220 - processing started: 556_209 
2022-04-07 11:08:57,311 - processing completed: 556_209
2022-04-07 11:08:57,315 - processing started: 557_209 
2022-04-07 11:08:57,462 - processing completed: 557_209
2022-04-07 11:08:57,466 - processing started: 558_210 
2022-04-07 11:08:57,557 - processing completed: 558_210
2022-04-07 11:08:57,561 - processing started: 559_210 
2022-04-07 11:08:57,700 - processing completed: 559_210
2022-04-07 11:08:57,704 - processing started: 560_211 
2022-04-07 11:08:57,793 - processing completed: 560_211
2022-04-07 11:08:57,796 - processing started: 561_211 
2022-04-07 11:08:57,940 - processing completed: 561_211
2022-04-07 11:08:57,943 - processing started: 562_212 
2022-04-07 11:08:58,034 - processing completed: 562_212
2022-04-07 11:08:58,038 - processing started: 563_212 
2022-04-07 11:08:58,175 - processing completed: 563_212
2022-04-07 11:08:58,180 - processing started: 564_213 
2022-04-07 11:08:58,332 - processing completed: 564_213
2022-04-07 11:08:58,336 - processing started: 565_213 
2022-04-07 11:08:58,429 - processing completed: 565_213
2022-04-07 11:08:58,432 - processing started: 566_214 
2022-04-07 11:08:58,584 - processing completed: 566_214
2022-04-07 11:08:58,588 - processing started: 567_214 
2022-04-07 11:08:58,683 - processing completed: 567_214
2022-04-07 11:08:58,687 - processing started: 568_214 
2022-04-07 11:08:58,838 - processing completed: 568_214
2022-04-07 11:08:58,843 - processing started: 569_214 
2022-04-07 11:08:58,933 - processing completed: 569_214
2022-04-07 11:08:58,937 - processing started: 570_214 
2022-04-07 11:08:59,080 - processing completed: 570_214
2022-04-07 11:08:59,085 - processing started: 571_215 
2022-04-07 11:08:59,176 - processing completed: 571_215
2022-04-07 11:08:59,180 - processing started: 572_215 
2022-04-07 11:08:59,323 - processing completed: 572_215
2022-04-07 11:08:59,327 - processing started: 573_216 
2022-04-07 11:08:59,419 - processing completed: 573_216
2022-04-07 11:08:59,423 - processing started: 574_216 
2022-04-07 11:08:59,564 - processing completed: 574_216
2022-04-07 11:08:59,568 - processing started: 575_217 
2022-04-07 11:08:59,660 - processing completed: 575_217
2022-04-07 11:08:59,664 - processing started: 576_217 
2022-04-07 11:08:59,803 - processing completed: 576_217
2022-04-07 11:08:59,807 - processing started: 577_218 
2022-04-07 11:08:59,901 - processing completed: 577_218
2022-04-07 11:08:59,905 - processing started: 578_218 
2022-04-07 11:09:00,046 - processing completed: 578_218
2022-04-07 11:09:00,050 - processing started: 579_219 
2022-04-07 11:09:00,191 - processing completed: 579_219
2022-04-07 11:09:00,195 - processing started: 580_219 
2022-04-07 11:09:00,282 - processing completed: 580_219
2022-04-07 11:09:00,287 - processing started: 581_220 
2022-04-07 11:09:00,431 - processing completed: 581_220
2022-04-07 11:09:00,435 - processing started: 582_220 
2022-04-07 11:09:00,524 - processing completed: 582_220
2022-04-07 11:09:00,527 - processing started: 583_220 
2022-04-07 11:09:00,670 - processing completed: 583_220
2022-04-07 11:09:00,675 - processing started: 584_221 
2022-04-07 11:09:00,765 - processing completed: 584_221
2022-04-07 11:09:00,769 - processing started: 585_221 
2022-04-07 11:09:00,915 - processing completed: 585_221
2022-04-07 11:09:00,919 - processing started: 586_221 
2022-04-07 11:09:01,009 - processing completed: 586_221
2022-04-07 11:09:01,012 - processing started: 587_222 
2022-04-07 11:09:01,156 - processing completed: 587_222
2022-04-07 11:09:01,160 - processing started: 588_222 
2022-04-07 11:09:01,248 - processing completed: 588_222
2022-04-07 11:09:01,253 - processing started: 589_222 
2022-04-07 11:09:01,391 - processing completed: 589_222
2022-04-07 11:09:01,395 - processing started: 590_222 
2022-04-07 11:09:01,485 - processing completed: 590_222
2022-04-07 11:09:01,489 - processing started: 591_223 
2022-04-07 11:09:01,612 - processing completed: 591_223
2022-04-07 11:09:01,615 - processing started: 592_223 
2022-04-07 11:09:01,738 - processing completed: 592_223
2022-04-07 11:09:01,742 - processing started: 593_223 
2022-04-07 11:09:01,812 - processing completed: 593_223
2022-04-07 11:09:01,816 - processing started: 594_224 
2022-04-07 11:09:01,977 - processing completed: 594_224
2022-04-07 11:09:01,981 - processing started: 595_224 
2022-04-07 11:09:02,087 - processing completed: 595_224
2022-04-07 11:09:02,091 - processing started: 596_224 
2022-04-07 11:09:02,250 - processing completed: 596_224
2022-04-07 11:09:02,253 - processing started: 597_225 
2022-04-07 11:09:02,325 - processing completed: 597_225
2022-04-07 11:09:02,327 - processing started: 598_225 
2022-04-07 11:09:02,457 - processing completed: 598_225
2022-04-07 11:09:02,460 - processing started: 599_225 
2022-04-07 11:09:02,589 - processing completed: 599_225
2022-04-07 11:09:02,593 - processing started: 600_225 
2022-04-07 11:09:02,718 - processing completed: 600_225
2022-04-07 11:09:02,722 - processing started: 601_225 
2022-04-07 11:09:02,797 - processing completed: 601_225
2022-04-07 11:09:02,800 - processing started: 602_226 
2022-04-07 11:09:02,928 - processing completed: 602_226
2022-04-07 11:09:02,932 - processing started: 603_226 
2022-04-07 11:09:03,003 - processing completed: 603_226
2022-04-07 11:09:03,006 - processing started: 604_226 
2022-04-07 11:09:03,132 - processing completed: 604_226
2022-04-07 11:09:03,136 - processing started: 605_227 
2022-04-07 11:09:03,225 - processing completed: 605_227
2022-04-07 11:09:03,229 - processing started: 606_227 
2022-04-07 11:09:03,368 - processing completed: 606_227
2022-04-07 11:09:03,373 - processing started: 607_227 
2022-04-07 11:09:03,520 - processing completed: 607_227
2022-04-07 11:09:03,524 - processing started: 608_227 
2022-04-07 11:09:03,613 - processing completed: 608_227
2022-04-07 11:09:03,617 - processing started: 609_227 
2022-04-07 11:09:03,745 - processing completed: 609_227
2022-04-07 11:09:03,749 - processing started: 610_227 
2022-04-07 11:09:03,822 - processing completed: 610_227
2022-04-07 11:09:03,826 - processing started: 611_227 
2022-04-07 11:09:04,002 - processing completed: 611_227
2022-04-07 11:09:04,008 - processing started: 612_227 
2022-04-07 11:09:04,129 - processing completed: 612_227
2022-04-07 11:09:04,133 - processing started: 613_227 
2022-04-07 11:09:04,259 - processing completed: 613_227
2022-04-07 11:09:04,263 - processing started: 614_227 
2022-04-07 11:09:04,336 - processing completed: 614_227
2022-04-07 11:09:04,341 - processing started: 615_228 
2022-04-07 11:09:04,472 - processing completed: 615_228
2022-04-07 11:09:04,476 - processing started: 616_228 
2022-04-07 11:09:04,547 - processing completed: 616_228
2022-04-07 11:09:04,550 - processing started: 617_229 
2022-04-07 11:09:04,679 - processing completed: 617_229
2022-04-07 11:09:04,683 - processing started: 618_229 
2022-04-07 11:09:04,758 - processing completed: 618_229
2022-04-07 11:09:04,761 - processing started: 619_230 
2022-04-07 11:09:04,885 - processing completed: 619_230
2022-04-07 11:09:04,888 - processing started: 620_230 
2022-04-07 11:09:04,958 - processing completed: 620_230
2022-04-07 11:09:04,962 - processing started: 621_230 
2022-04-07 11:09:05,091 - processing completed: 621_230
2022-04-07 11:09:05,095 - processing started: 622_230 
2022-04-07 11:09:05,220 - processing completed: 622_230
2022-04-07 11:09:05,223 - processing started: 623_231 
2022-04-07 11:09:05,292 - processing completed: 623_231
2022-04-07 11:09:05,295 - processing started: 624_231 
2022-04-07 11:09:05,424 - processing completed: 624_231
2022-04-07 11:09:05,427 - processing started: 625_232 
2022-04-07 11:09:05,498 - processing completed: 625_232
2022-04-07 11:09:05,501 - processing started: 626_232 
2022-04-07 11:09:05,625 - processing completed: 626_232
2022-04-07 11:09:05,628 - processing started: 627_232 
2022-04-07 11:09:05,698 - processing completed: 627_232
2022-04-07 11:09:05,702 - processing started: 628_232 
2022-04-07 11:09:05,822 - processing completed: 628_232
2022-04-07 11:09:05,825 - processing started: 629_232 
2022-04-07 11:09:05,895 - processing completed: 629_232
2022-04-07 11:09:05,898 - processing started: 630_232 
2022-04-07 11:09:06,022 - processing completed: 630_232
2022-04-07 11:09:06,025 - processing started: 631_233 
2022-04-07 11:09:06,094 - processing completed: 631_233
2022-04-07 11:09:06,098 - processing started: 632_233 
2022-04-07 11:09:06,217 - processing completed: 632_233
2022-04-07 11:09:06,221 - processing started: 633_234 
2022-04-07 11:09:06,291 - processing completed: 633_234
2022-04-07 11:09:06,294 - processing started: 634_234 
2022-04-07 11:09:06,413 - processing completed: 634_234
2022-04-07 11:09:06,417 - processing started: 635_234 
2022-04-07 11:09:06,484 - processing completed: 635_234
2022-04-07 11:09:06,489 - processing started: 636_234 
2022-04-07 11:09:06,607 - processing completed: 636_234
2022-04-07 11:09:06,610 - processing started: 637_234 
2022-04-07 11:09:06,734 - processing completed: 637_234
2022-04-07 11:09:06,737 - processing started: 638_235 
2022-04-07 11:09:06,827 - processing completed: 638_235
2022-04-07 11:09:06,831 - processing started: 639_235 
2022-04-07 11:09:06,972 - processing completed: 639_235
2022-04-07 11:09:06,977 - processing started: 640_236 
2022-04-07 11:09:07,068 - processing completed: 640_236
2022-04-07 11:09:07,072 - processing started: 641_236 
2022-04-07 11:09:07,214 - processing completed: 641_236
2022-04-07 11:09:07,218 - processing started: 642_236 
2022-04-07 11:09:07,308 - processing completed: 642_236
2022-04-07 11:09:07,312 - processing started: 643_237 
2022-04-07 11:09:07,460 - processing completed: 643_237
2022-04-07 11:09:07,464 - processing started: 644_237 
2022-04-07 11:09:07,556 - processing completed: 644_237
2022-04-07 11:09:07,560 - processing started: 645_238 
2022-04-07 11:09:07,705 - processing completed: 645_238
2022-04-07 11:09:07,709 - processing started: 646_238 
2022-04-07 11:09:07,801 - processing completed: 646_238
2022-04-07 11:09:07,805 - processing started: 647_239 
2022-04-07 11:09:07,946 - processing completed: 647_239
2022-04-07 11:09:07,950 - processing started: 648_239 
2022-04-07 11:09:08,039 - processing completed: 648_239
2022-04-07 11:09:08,043 - processing started: 649_240 
2022-04-07 11:09:08,185 - processing completed: 649_240
2022-04-07 11:09:08,190 - processing started: 650_240 
2022-04-07 11:09:08,280 - processing completed: 650_240
2022-04-07 11:09:08,283 - processing started: 651_240 
2022-04-07 11:09:08,427 - processing completed: 651_240
2022-04-07 11:09:08,431 - processing started: 652_240 
2022-04-07 11:09:08,576 - processing completed: 652_240
2022-04-07 11:09:08,580 - processing started: 653_241 
2022-04-07 11:09:08,671 - processing completed: 653_241
2022-04-07 11:09:08,675 - processing started: 654_241 
2022-04-07 11:09:08,828 - processing completed: 654_241
2022-04-07 11:09:08,833 - processing started: 655_242 
2022-04-07 11:09:08,924 - processing completed: 655_242
2022-04-07 11:09:08,928 - processing started: 656_242 
2022-04-07 11:09:09,074 - processing completed: 656_242
2022-04-07 11:09:09,079 - processing started: 657_242 
2022-04-07 11:09:09,170 - processing completed: 657_242
2022-04-07 11:09:09,174 - processing started: 658_243 
2022-04-07 11:09:09,315 - processing completed: 658_243
2022-04-07 11:09:09,319 - processing started: 659_243 
2022-04-07 11:09:09,410 - processing completed: 659_243
2022-04-07 11:09:09,415 - processing started: 660_243 
2022-04-07 11:09:09,559 - processing completed: 660_243
2022-04-07 11:09:09,563 - processing started: 661_244 
2022-04-07 11:09:09,623 - processing completed: 661_244
2022-04-07 11:09:09,626 - processing started: 662_244 
2022-04-07 11:09:09,740 - processing completed: 662_244
2022-04-07 11:09:09,744 - processing started: 663_244 
2022-04-07 11:09:09,806 - processing completed: 663_244
2022-04-07 11:09:09,809 - processing started: 664_245 
2022-04-07 11:09:09,921 - processing completed: 664_245
2022-04-07 11:09:09,925 - processing started: 665_245 
2022-04-07 11:09:09,983 - processing completed: 665_245
2022-04-07 11:09:09,987 - processing started: 666_246 
2022-04-07 11:09:10,098 - processing completed: 666_246
2022-04-07 11:09:10,101 - processing started: 667_246 
2022-04-07 11:09:10,213 - processing completed: 667_246
2022-04-07 11:09:10,215 - processing started: 668_247 
2022-04-07 11:09:10,276 - processing completed: 668_247
2022-04-07 11:09:10,279 - processing started: 669_247 
2022-04-07 11:09:10,389 - processing completed: 669_247
2022-04-07 11:09:10,392 - processing started: 670_248 
2022-04-07 11:09:10,448 - processing completed: 670_248
2022-04-07 11:09:10,451 - processing started: 671_248 
2022-04-07 11:09:10,560 - processing completed: 671_248
2022-04-07 11:09:10,563 - processing started: 672_248 
2022-04-07 11:09:10,618 - processing completed: 672_248
2022-04-07 11:09:10,621 - processing started: 673_249 
2022-04-07 11:09:10,733 - processing completed: 673_249
2022-04-07 11:09:10,736 - processing started: 674_249 
2022-04-07 11:09:10,793 - processing completed: 674_249
2022-04-07 11:09:10,796 - processing started: 675_250 
2022-04-07 11:09:10,911 - processing completed: 675_250
2022-04-07 11:09:10,915 - processing started: 676_250 
2022-04-07 11:09:10,971 - processing completed: 676_250
2022-04-07 11:09:10,974 - processing started: 677_251 
2022-04-07 11:09:11,089 - processing completed: 677_251
2022-04-07 11:09:11,092 - processing started: 678_251 
2022-04-07 11:09:11,150 - processing completed: 678_251
2022-04-07 11:09:11,154 - processing started: 679_251 
2022-04-07 11:09:11,270 - processing completed: 679_251
2022-04-07 11:09:11,274 - processing started: 680_252 
2022-04-07 11:09:11,330 - processing completed: 680_252
2022-04-07 11:09:11,334 - processing started: 681_252 
2022-04-07 11:09:11,442 - processing completed: 681_252
2022-04-07 11:09:11,445 - processing started: 682_252 
2022-04-07 11:09:11,556 - processing completed: 682_252
2022-04-07 11:09:11,559 - processing started: 683_252 
2022-04-07 11:09:11,614 - processing completed: 683_252
2022-04-07 11:09:11,616 - processing started: 684_253 
2022-04-07 11:09:11,740 - processing completed: 684_253
2022-04-07 11:09:11,744 - processing started: 685_253 
2022-04-07 11:09:11,817 - processing completed: 685_253
2022-04-07 11:09:11,820 - processing started: 686_254 
2022-04-07 11:09:11,954 - processing completed: 686_254
2022-04-07 11:09:11,958 - processing started: 687_254 
2022-04-07 11:09:12,033 - processing completed: 687_254
2022-04-07 11:09:12,036 - processing started: 688_255 
2022-04-07 11:09:12,168 - processing completed: 688_255
2022-04-07 11:09:12,172 - processing started: 689_255 
2022-04-07 11:09:12,247 - processing completed: 689_255
2022-04-07 11:09:12,250 - processing started: 690_256 
2022-04-07 11:09:12,384 - processing completed: 690_256
2022-04-07 11:09:12,387 - processing started: 691_256 
2022-04-07 11:09:12,467 - processing completed: 691_256
2022-04-07 11:09:12,471 - processing started: 692_257 
2022-04-07 11:09:12,602 - processing completed: 692_257
2022-04-07 11:09:12,605 - processing started: 693_257 
2022-04-07 11:09:12,680 - processing completed: 693_257
2022-04-07 11:09:12,684 - processing started: 694_257 
2022-04-07 11:09:12,810 - processing completed: 694_257
2022-04-07 11:09:12,813 - processing started: 695_257 
2022-04-07 11:09:12,890 - processing completed: 695_257
2022-04-07 11:09:12,893 - processing started: 696_258 
2022-04-07 11:09:13,021 - processing completed: 696_258
2022-04-07 11:09:13,024 - processing started: 697_258 
2022-04-07 11:09:13,152 - processing completed: 697_258
2022-04-07 11:09:13,155 - processing started: 698_258 
2022-04-07 11:09:13,231 - processing completed: 698_258
2022-04-07 11:09:13,235 - processing started: 699_259 
2022-04-07 11:09:13,356 - processing completed: 699_259
2022-04-07 11:09:13,359 - processing started: 700_259 
2022-04-07 11:09:13,426 - processing completed: 700_259
2022-04-07 11:09:13,428 - processing started: 701_260 
2022-04-07 11:09:13,559 - processing completed: 701_260
2022-04-07 11:09:13,562 - processing started: 702_260 
2022-04-07 11:09:13,643 - processing completed: 702_260
2022-04-07 11:09:13,646 - processing started: 703_260 
2022-04-07 11:09:13,776 - processing completed: 703_260
2022-04-07 11:09:13,780 - processing started: 704_261 
2022-04-07 11:09:13,867 - processing completed: 704_261
2022-04-07 11:09:13,870 - processing started: 705_261 
2022-04-07 11:09:14,011 - processing completed: 705_261
2022-04-07 11:09:14,015 - processing started: 706_261 
2022-04-07 11:09:14,099 - processing completed: 706_261
2022-04-07 11:09:14,102 - processing started: 707_262 
2022-04-07 11:09:14,223 - processing completed: 707_262
2022-04-07 11:09:14,227 - processing started: 708_262 
2022-04-07 11:09:14,298 - processing completed: 708_262
2022-04-07 11:09:14,301 - processing started: 709_262 
2022-04-07 11:09:14,428 - processing completed: 709_262
2022-04-07 11:09:14,431 - processing started: 710_263 
2022-04-07 11:09:14,505 - processing completed: 710_263
2022-04-07 11:09:14,509 - processing started: 711_263 
2022-04-07 11:09:14,635 - processing completed: 711_263
2022-04-07 11:09:14,639 - processing started: 712_264 
2022-04-07 11:09:14,765 - processing completed: 712_264
2022-04-07 11:09:14,769 - processing started: 713_264 
2022-04-07 11:09:14,838 - processing completed: 713_264
2022-04-07 11:09:14,841 - processing started: 714_264 
2022-04-07 11:09:14,969 - processing completed: 714_264
2022-04-07 11:09:14,973 - processing started: 715_265 
2022-04-07 11:09:15,044 - processing completed: 715_265
2022-04-07 11:09:15,048 - processing started: 716_265 
2022-04-07 11:09:15,169 - processing completed: 716_265
2022-04-07 11:09:15,173 - processing started: 717_265 
2022-04-07 11:09:15,242 - processing completed: 717_265
2022-04-07 11:09:15,246 - processing started: 718_266 
2022-04-07 11:09:15,371 - processing completed: 718_266
2022-04-07 11:09:15,374 - processing started: 719_266 
2022-04-07 11:09:15,444 - processing completed: 719_266
2022-04-07 11:09:15,448 - processing started: 720_267 
2022-04-07 11:09:15,568 - processing completed: 720_267
2022-04-07 11:09:15,571 - processing started: 721_267 
2022-04-07 11:09:15,642 - processing completed: 721_267
2022-04-07 11:09:15,646 - processing started: 722_267 
2022-04-07 11:09:15,766 - processing completed: 722_267
2022-04-07 11:09:15,769 - processing started: 723_267 
2022-04-07 11:09:15,838 - processing completed: 723_267
2022-04-07 11:09:15,842 - processing started: 724_267 
2022-04-07 11:09:15,965 - processing completed: 724_267
2022-04-07 11:09:15,968 - processing started: 725_267 
2022-04-07 11:09:16,097 - processing completed: 725_267
2022-04-07 11:09:16,100 - processing started: 726_268 
2022-04-07 11:09:16,172 - processing completed: 726_268
2022-04-07 11:09:16,176 - processing started: 727_268 
2022-04-07 11:09:16,308 - processing completed: 727_268
2022-04-07 11:09:16,311 - processing started: 728_268 
2022-04-07 11:09:16,386 - processing completed: 728_268
2022-04-07 11:09:16,390 - processing started: 729_268 
2022-04-07 11:09:16,511 - processing completed: 729_268
2022-04-07 11:09:16,515 - processing started: 730_268 
2022-04-07 11:09:16,586 - processing completed: 730_268
2022-04-07 11:09:16,590 - processing started: 731_268 
2022-04-07 11:09:16,712 - processing completed: 731_268
2022-04-07 11:09:16,716 - processing started: 732_268 
2022-04-07 11:09:16,788 - processing completed: 732_268
2022-04-07 11:09:16,791 - processing started: 733_268 
2022-04-07 11:09:16,914 - processing completed: 733_268
2022-04-07 11:09:16,918 - processing started: 734_268 
2022-04-07 11:09:16,987 - processing completed: 734_268
2022-04-07 11:09:16,990 - processing started: 735_269 
2022-04-07 11:09:17,117 - processing completed: 735_269
2022-04-07 11:09:17,120 - processing started: 736_269 
2022-04-07 11:09:17,192 - processing completed: 736_269
2022-04-07 11:09:17,196 - processing started: 737_269 
2022-04-07 11:09:17,323 - processing completed: 737_269
2022-04-07 11:09:17,327 - processing started: 738_270 
2022-04-07 11:09:17,405 - processing completed: 738_270
2022-04-07 11:09:17,408 - processing started: 739_270 
2022-04-07 11:09:17,538 - processing completed: 739_270
2022-04-07 11:09:17,542 - processing started: 740_271 
2022-04-07 11:09:17,677 - processing completed: 740_271
2022-04-07 11:09:17,681 - processing started: 741_271 
2022-04-07 11:09:17,759 - processing completed: 741_271
2022-04-07 11:09:17,763 - processing started: 742_272 
2022-04-07 11:09:17,880 - processing completed: 742_272
2022-04-07 11:09:17,883 - processing started: 743_272 
2022-04-07 11:09:17,950 - processing completed: 743_272
2022-04-07 11:09:17,954 - processing started: 744_272 
2022-04-07 11:09:18,072 - processing completed: 744_272
2022-04-07 11:09:18,075 - processing started: 745_273 
2022-04-07 11:09:18,149 - processing completed: 745_273
2022-04-07 11:09:18,153 - processing started: 746_273 
2022-04-07 11:09:18,278 - processing completed: 746_273
2022-04-07 11:09:18,284 - processing started: 747_274 
2022-04-07 11:09:18,349 - processing completed: 747_274
2022-04-07 11:09:18,353 - processing started: 748_274 
2022-04-07 11:09:18,471 - processing completed: 748_274
2022-04-07 11:09:18,475 - processing started: 749_274 
2022-04-07 11:09:18,541 - processing completed: 749_274
2022-04-07 11:09:18,544 - processing started: 750_274 
2022-04-07 11:09:18,660 - processing completed: 750_274
2022-04-07 11:09:18,665 - processing started: 751_275 
2022-04-07 11:09:18,733 - processing completed: 751_275
2022-04-07 11:09:18,736 - processing started: 752_275 
2022-04-07 11:09:18,854 - processing completed: 752_275
2022-04-07 11:09:18,858 - processing started: 753_275 
2022-04-07 11:09:18,926 - processing completed: 753_275
2022-04-07 11:09:18,931 - processing started: 754_275 
2022-04-07 11:09:19,052 - processing completed: 754_275
2022-04-07 11:09:19,055 - processing started: 755_276 
2022-04-07 11:09:19,188 - processing completed: 755_276
2022-04-07 11:09:19,192 - processing started: 756_276 
2022-04-07 11:09:19,263 - processing completed: 756_276
2022-04-07 11:09:19,266 - processing started: 757_276 
2022-04-07 11:09:19,392 - processing completed: 757_276
2022-04-07 11:09:19,396 - processing started: 758_277 
2022-04-07 11:09:19,470 - processing completed: 758_277
2022-04-07 11:09:19,473 - processing started: 759_277 
2022-04-07 11:09:19,600 - processing completed: 759_277
2022-04-07 11:09:19,603 - processing started: 760_278 
2022-04-07 11:09:19,677 - processing completed: 760_278
2022-04-07 11:09:19,680 - processing started: 761_278 
2022-04-07 11:09:19,807 - processing completed: 761_278
2022-04-07 11:09:19,810 - processing started: 762_278 
2022-04-07 11:09:19,887 - processing completed: 762_278
2022-04-07 11:09:19,891 - processing started: 763_279 
2022-04-07 11:09:20,018 - processing completed: 763_279
2022-04-07 11:09:20,021 - processing started: 764_279 
2022-04-07 11:09:20,092 - processing completed: 764_279
2022-04-07 11:09:20,095 - processing started: 765_280 
2022-04-07 11:09:20,204 - processing completed: 765_280
2022-04-07 11:09:20,206 - processing started: 766_280 
2022-04-07 11:09:20,268 - processing completed: 766_280
2022-04-07 11:09:20,271 - processing started: 767_280 
2022-04-07 11:09:20,387 - processing completed: 767_280
2022-04-07 11:09:20,390 - processing started: 768_281 
2022-04-07 11:09:20,451 - processing completed: 768_281
2022-04-07 11:09:20,454 - processing started: 769_281 
2022-04-07 11:09:20,571 - processing completed: 769_281
2022-04-07 11:09:20,574 - processing started: 770_282 
2022-04-07 11:09:20,686 - processing completed: 770_282
2022-04-07 11:09:20,689 - processing started: 771_282 
2022-04-07 11:09:20,745 - processing completed: 771_282
2022-04-07 11:09:20,749 - processing started: 772_283 
2022-04-07 11:09:20,870 - processing completed: 772_283
2022-04-07 11:09:20,874 - processing started: 773_283 
2022-04-07 11:09:20,940 - processing completed: 773_283
2022-04-07 11:09:20,944 - processing started: 774_284 
2022-04-07 11:09:21,054 - processing completed: 774_284
2022-04-07 11:09:21,058 - processing started: 775_284 
2022-04-07 11:09:21,113 - processing completed: 775_284
2022-04-07 11:09:21,117 - processing started: 776_285 
2022-04-07 11:09:21,227 - processing completed: 776_285
2022-04-07 11:09:21,230 - processing started: 777_285 
2022-04-07 11:09:21,290 - processing completed: 777_285
2022-04-07 11:09:21,294 - processing started: 778_285 
2022-04-07 11:09:21,416 - processing completed: 778_285
2022-04-07 11:09:21,419 - processing started: 779_286 
2022-04-07 11:09:21,534 - processing completed: 779_286
2022-04-07 11:09:21,539 - processing started: 780_286 
2022-04-07 11:09:21,706 - processing completed: 780_286
2022-04-07 11:09:21,710 - processing started: 781_287 
2022-04-07 11:09:21,768 - processing completed: 781_287
2022-04-07 11:09:21,772 - processing started: 782_287 
2022-04-07 11:09:21,883 - processing completed: 782_287
2022-04-07 11:09:21,887 - processing started: 783_288 
2022-04-07 11:09:21,945 - processing completed: 783_288
2022-04-07 11:09:21,949 - processing started: 784_288 
2022-04-07 11:09:22,055 - processing completed: 784_288
2022-04-07 11:09:22,058 - processing started: 785_289 
2022-04-07 11:09:22,167 - processing completed: 785_289
2022-04-07 11:09:22,170 - processing started: 786_289 
2022-04-07 11:09:22,226 - processing completed: 786_289
2022-04-07 11:09:22,230 - processing started: 787_290 
2022-04-07 11:09:22,341 - processing completed: 787_290
2022-04-07 11:09:22,344 - processing started: 788_290 
2022-04-07 11:09:22,403 - processing completed: 788_290
2022-04-07 11:09:22,407 - processing started: 789_290 
2022-04-07 11:09:22,517 - processing completed: 789_290
2022-04-07 11:09:22,519 - processing started: 790_290 
2022-04-07 11:09:22,577 - processing completed: 790_290
2022-04-07 11:09:22,580 - processing started: 791_291 
2022-04-07 11:09:22,691 - processing completed: 791_291
2022-04-07 11:09:22,694 - processing started: 792_291 
2022-04-07 11:09:22,750 - processing completed: 792_291
2022-04-07 11:09:22,753 - processing started: 793_292 
2022-04-07 11:09:22,865 - processing completed: 793_292
2022-04-07 11:09:22,868 - processing started: 794_292 
2022-04-07 11:09:22,924 - processing completed: 794_292
2022-04-07 11:09:22,928 - processing started: 795_292 
2022-04-07 11:09:23,037 - processing completed: 795_292
2022-04-07 11:09:23,040 - processing started: 796_293 
2022-04-07 11:09:23,075 - processing completed: 796_293
2022-04-07 11:09:23,077 - processing started: 797_293 
2022-04-07 11:09:23,166 - processing completed: 797_293
2022-04-07 11:09:23,169 - processing started: 798_294 
2022-04-07 11:09:23,203 - processing completed: 798_294
2022-04-07 11:09:23,205 - processing started: 799_294 
2022-04-07 11:09:23,290 - processing completed: 799_294
2022-04-07 11:09:23,292 - processing started: 800_295 
2022-04-07 11:09:23,406 - processing completed: 800_295
2022-04-07 11:09:23,409 - processing started: 801_295 
2022-04-07 11:09:23,466 - processing completed: 801_295
2022-04-07 11:09:23,469 - processing started: 802_296 
2022-04-07 11:09:23,583 - processing completed: 802_296
2022-04-07 11:09:23,586 - processing started: 803_296 
2022-04-07 11:09:23,646 - processing completed: 803_296
2022-04-07 11:09:23,649 - processing started: 804_296 
2022-04-07 11:09:23,757 - processing completed: 804_296
2022-04-07 11:09:23,760 - processing started: 805_297 
2022-04-07 11:09:23,874 - processing completed: 805_297
2022-04-07 11:09:23,878 - processing started: 806_297 
2022-04-07 11:09:24,044 - processing completed: 806_297
2022-04-07 11:09:24,049 - processing started: 807_298 
2022-04-07 11:09:24,106 - processing completed: 807_298
2022-04-07 11:09:24,109 - processing started: 808_298 
2022-04-07 11:09:24,225 - processing completed: 808_298
2022-04-07 11:09:24,229 - processing started: 809_298 
2022-04-07 11:09:24,287 - processing completed: 809_298
2022-04-07 11:09:24,289 - processing started: 810_299 
2022-04-07 11:09:24,402 - processing completed: 810_299
2022-04-07 11:09:24,405 - processing started: 811_299 
2022-04-07 11:09:24,462 - processing completed: 811_299
2022-04-07 11:09:24,465 - processing started: 0_0 
2022-04-07 11:09:24,466 - Closing connection (200): Normal shutdown
2022-04-07 11:09:24,466 - Closing channel (200): 'Normal shutdown' on <Channel number=1 OPEN conn=<SelectConnection OPEN transport=<pika.adapters.utils.io_services_utils._AsyncPlaintextTransport object at 0x11fca0970> params=<ConnectionParameters host=localhost port=5672 virtual_host=/ ssl=False>>>
2022-04-07 11:09:24,467 - Received <Channel.CloseOk> on <Channel number=1 CLOSING conn=<SelectConnection OPEN transport=<pika.adapters.utils.io_services_utils._AsyncPlaintextTransport object at 0x11fca0970> params=<ConnectionParameters host=localhost port=5672 virtual_host=/ ssl=False>>>
2022-04-07 11:09:24,467 - Closing connection (200): 'Normal shutdown'
2022-04-07 11:09:24,467 - Aborting transport connection: state=1; <socket.socket fd=9, family=AddressFamily.AF_INET, type=SocketKind.SOCK_STREAM, proto=6, laddr=('127.0.0.1', 60757), raddr=('127.0.0.1', 5672)>
2022-04-07 11:09:24,467 - _AsyncTransportBase._initate_abort(): Initiating abrupt asynchronous transport shutdown: state=1; error=None; <socket.socket fd=9, family=AddressFamily.AF_INET, type=SocketKind.SOCK_STREAM, proto=6, laddr=('127.0.0.1', 60757), raddr=('127.0.0.1', 5672)>
2022-04-07 11:09:24,467 - Deactivating transport: state=1; <socket.socket fd=9, family=AddressFamily.AF_INET, type=SocketKind.SOCK_STREAM, proto=6, laddr=('127.0.0.1', 60757), raddr=('127.0.0.1', 5672)>
2022-04-07 11:09:24,468 - AMQP stack terminated, failed to connect, or aborted: opened=True, error-arg=None; pending-error=ConnectionClosedByClient: (200) 'Normal shutdown'
2022-04-07 11:09:24,468 - Stack terminated due to ConnectionClosedByClient: (200) 'Normal shutdown'
2022-04-07 11:09:24,468 - Closing transport socket and unlinking: state=3; <socket.socket fd=9, family=AddressFamily.AF_INET, type=SocketKind.SOCK_STREAM, proto=6, laddr=('127.0.0.1', 60757), raddr=('127.0.0.1', 5672)>
2022-04-07 11:09:24,468 - User-initiated close: result=BlockingConnection__OnClosedArgs(connection=<SelectConnection CLOSED transport=None params=<ConnectionParameters host=localhost port=5672 virtual_host=/ ssl=False>>, error=ConnectionClosedByClient: (200) 'Normal shutdown')
2022-04-07 11:09:24,468 - PID 87875 completed loading and processing
2022-04-07 11:09:24,470 - Pika version 1.2.0 connecting to ('::1', 5672, 0, 0)
2022-04-07 11:09:24,471 - Socket failed to connect: <socket.socket fd=9, family=AddressFamily.AF_INET6, type=SocketKind.SOCK_STREAM, proto=6, laddr=('::1', 60774, 0, 0)>; error=61 (Connection refused)
2022-04-07 11:09:24,471 - TCP Connection attempt failed: ConnectionRefusedError(61, 'Connection refused'); dest=(<AddressFamily.AF_INET6: 30>, <SocketKind.SOCK_STREAM: 1>, 6, '', ('::1', 5672, 0, 0))
2022-04-07 11:09:24,471 - AMQPConnector - reporting failure: AMQPConnectorSocketConnectError: ConnectionRefusedError(61, 'Connection refused')
2022-04-07 11:09:24,471 - Pika version 1.2.0 connecting to ('127.0.0.1', 5672)
2022-04-07 11:09:24,472 - Socket connected: <socket.socket fd=9, family=AddressFamily.AF_INET, type=SocketKind.SOCK_STREAM, proto=6, laddr=('127.0.0.1', 60775), raddr=('127.0.0.1', 5672)>
2022-04-07 11:09:24,472 - Streaming transport linked up: (<pika.adapters.utils.io_services_utils._AsyncPlaintextTransport object at 0x1207418b0>, _StreamingProtocolShim: <SelectConnection PROTOCOL transport=<pika.adapters.utils.io_services_utils._AsyncPlaintextTransport object at 0x1207418b0> params=<ConnectionParameters host=localhost port=5672 virtual_host=/ ssl=False>>).
2022-04-07 11:09:24,485 - AMQPConnector - reporting success: <SelectConnection OPEN transport=<pika.adapters.utils.io_services_utils._AsyncPlaintextTransport object at 0x1207418b0> params=<ConnectionParameters host=localhost port=5672 virtual_host=/ ssl=False>>
2022-04-07 11:09:24,486 - AMQPConnectionWorkflow - reporting success: <SelectConnection OPEN transport=<pika.adapters.utils.io_services_utils._AsyncPlaintextTransport object at 0x1207418b0> params=<ConnectionParameters host=localhost port=5672 virtual_host=/ ssl=False>>
2022-04-07 11:09:24,486 - Connection workflow succeeded: <SelectConnection OPEN transport=<pika.adapters.utils.io_services_utils._AsyncPlaintextTransport object at 0x1207418b0> params=<ConnectionParameters host=localhost port=5672 virtual_host=/ ssl=False>>
2022-04-07 11:09:24,486 - Created channel=1
2022-04-07 11:09:24,487 - Closing connection (200): Normal shutdown
2022-04-07 11:09:24,488 - Closing channel (200): 'Normal shutdown' on <Channel number=1 OPEN conn=<SelectConnection OPEN transport=<pika.adapters.utils.io_services_utils._AsyncPlaintextTransport object at 0x1207418b0> params=<ConnectionParameters host=localhost port=5672 virtual_host=/ ssl=False>>>
2022-04-07 11:09:24,488 - Received <Channel.CloseOk> on <Channel number=1 CLOSING conn=<SelectConnection OPEN transport=<pika.adapters.utils.io_services_utils._AsyncPlaintextTransport object at 0x1207418b0> params=<ConnectionParameters host=localhost port=5672 virtual_host=/ ssl=False>>>
2022-04-07 11:09:24,489 - Closing connection (200): 'Normal shutdown'
2022-04-07 11:09:24,489 - Aborting transport connection: state=1; <socket.socket fd=9, family=AddressFamily.AF_INET, type=SocketKind.SOCK_STREAM, proto=6, laddr=('127.0.0.1', 60775), raddr=('127.0.0.1', 5672)>
2022-04-07 11:09:24,489 - _AsyncTransportBase._initate_abort(): Initiating abrupt asynchronous transport shutdown: state=1; error=None; <socket.socket fd=9, family=AddressFamily.AF_INET, type=SocketKind.SOCK_STREAM, proto=6, laddr=('127.0.0.1', 60775), raddr=('127.0.0.1', 5672)>
2022-04-07 11:09:24,489 - Deactivating transport: state=1; <socket.socket fd=9, family=AddressFamily.AF_INET, type=SocketKind.SOCK_STREAM, proto=6, laddr=('127.0.0.1', 60775), raddr=('127.0.0.1', 5672)>
2022-04-07 11:09:24,490 - AMQP stack terminated, failed to connect, or aborted: opened=True, error-arg=None; pending-error=ConnectionClosedByClient: (200) 'Normal shutdown'
2022-04-07 11:09:24,490 - Stack terminated due to ConnectionClosedByClient: (200) 'Normal shutdown'
2022-04-07 11:09:24,490 - Closing transport socket and unlinking: state=3; <socket.socket fd=9, family=AddressFamily.AF_INET, type=SocketKind.SOCK_STREAM, proto=6, laddr=('127.0.0.1', 60775), raddr=('127.0.0.1', 5672)>
2022-04-07 11:09:24,490 - User-initiated close: result=BlockingConnection__OnClosedArgs(connection=<SelectConnection CLOSED transport=None params=<ConnectionParameters host=localhost port=5672 virtual_host=/ ssl=False>>, error=ConnectionClosedByClient: (200) 'Normal shutdown')
